[2024-10-16T12:50:31.083+0000] {processor.py:186} INFO - Started process (PID=87) to work on /home/airflow/.local/lib/python3.12/site-packages/airflow/example_dags/example_branch_python_dop_operator_3.py
[2024-10-16T12:50:31.085+0000] {processor.py:914} INFO - Processing file /home/airflow/.local/lib/python3.12/site-packages/airflow/example_dags/example_branch_python_dop_operator_3.py for tasks to queue
[2024-10-16T12:50:31.088+0000] {logging_mixin.py:190} INFO - [2024-10-16T12:50:31.088+0000] {dagbag.py:588} INFO - Filling up the DagBag from /home/airflow/.local/lib/python3.12/site-packages/airflow/example_dags/example_branch_python_dop_operator_3.py
[2024-10-16T12:50:31.099+0000] {processor.py:925} INFO - DAG(s) 'example_branch_dop_operator_v3' retrieved from /home/airflow/.local/lib/python3.12/site-packages/airflow/example_dags/example_branch_python_dop_operator_3.py
[2024-10-16T12:50:31.216+0000] {logging_mixin.py:190} INFO - [2024-10-16T12:50:31.215+0000] {override.py:1900} INFO - Created Permission View: can edit on DAG:example_branch_dop_operator_v3
[2024-10-16T12:50:31.229+0000] {logging_mixin.py:190} INFO - [2024-10-16T12:50:31.229+0000] {override.py:1900} INFO - Created Permission View: can read on DAG:example_branch_dop_operator_v3
[2024-10-16T12:50:31.238+0000] {logging_mixin.py:190} INFO - [2024-10-16T12:50:31.238+0000] {override.py:1900} INFO - Created Permission View: can delete on DAG:example_branch_dop_operator_v3
[2024-10-16T12:50:31.249+0000] {logging_mixin.py:190} INFO - [2024-10-16T12:50:31.248+0000] {override.py:1900} INFO - Created Permission View: can delete on DAG Run:example_branch_dop_operator_v3
[2024-10-16T12:50:31.257+0000] {logging_mixin.py:190} INFO - [2024-10-16T12:50:31.257+0000] {override.py:1900} INFO - Created Permission View: menu access on DAG Run:example_branch_dop_operator_v3
[2024-10-16T12:50:31.264+0000] {logging_mixin.py:190} INFO - [2024-10-16T12:50:31.264+0000] {override.py:1900} INFO - Created Permission View: can create on DAG Run:example_branch_dop_operator_v3
[2024-10-16T12:50:31.272+0000] {logging_mixin.py:190} INFO - [2024-10-16T12:50:31.272+0000] {override.py:1900} INFO - Created Permission View: can read on DAG Run:example_branch_dop_operator_v3
[2024-10-16T12:50:31.274+0000] {logging_mixin.py:190} INFO - [2024-10-16T12:50:31.274+0000] {dag.py:3239} INFO - Sync 1 DAGs
[2024-10-16T12:50:31.285+0000] {logging_mixin.py:190} INFO - [2024-10-16T12:50:31.285+0000] {dag.py:3262} INFO - Creating ORM DAG for example_branch_dop_operator_v3
[2024-10-16T12:50:31.302+0000] {logging_mixin.py:190} INFO - [2024-10-16T12:50:31.302+0000] {dag.py:4180} INFO - Setting next_dagrun for example_branch_dop_operator_v3 to 2024-10-16 12:49:00+00:00, run_after=2024-10-16 12:50:00+00:00
[2024-10-16T12:50:31.324+0000] {processor.py:208} INFO - Processing /home/airflow/.local/lib/python3.12/site-packages/airflow/example_dags/example_branch_python_dop_operator_3.py took 0.245 seconds
[2024-10-16T12:51:02.146+0000] {processor.py:186} INFO - Started process (PID=149) to work on /home/airflow/.local/lib/python3.12/site-packages/airflow/example_dags/example_branch_python_dop_operator_3.py
[2024-10-16T12:51:02.151+0000] {processor.py:914} INFO - Processing file /home/airflow/.local/lib/python3.12/site-packages/airflow/example_dags/example_branch_python_dop_operator_3.py for tasks to queue
[2024-10-16T12:51:02.156+0000] {logging_mixin.py:190} INFO - [2024-10-16T12:51:02.156+0000] {dagbag.py:588} INFO - Filling up the DagBag from /home/airflow/.local/lib/python3.12/site-packages/airflow/example_dags/example_branch_python_dop_operator_3.py
[2024-10-16T12:51:02.178+0000] {processor.py:925} INFO - DAG(s) 'example_branch_dop_operator_v3' retrieved from /home/airflow/.local/lib/python3.12/site-packages/airflow/example_dags/example_branch_python_dop_operator_3.py
[2024-10-16T12:51:02.206+0000] {logging_mixin.py:190} INFO - [2024-10-16T12:51:02.205+0000] {dag.py:3239} INFO - Sync 1 DAGs
[2024-10-16T12:51:02.246+0000] {logging_mixin.py:190} INFO - [2024-10-16T12:51:02.246+0000] {dag.py:4180} INFO - Setting next_dagrun for example_branch_dop_operator_v3 to 2024-10-16 12:50:00+00:00, run_after=2024-10-16 12:51:00+00:00
[2024-10-16T12:51:02.273+0000] {processor.py:208} INFO - Processing /home/airflow/.local/lib/python3.12/site-packages/airflow/example_dags/example_branch_python_dop_operator_3.py took 0.145 seconds
[2024-10-16T12:51:32.712+0000] {processor.py:186} INFO - Started process (PID=211) to work on /home/airflow/.local/lib/python3.12/site-packages/airflow/example_dags/example_branch_python_dop_operator_3.py
[2024-10-16T12:51:32.713+0000] {processor.py:914} INFO - Processing file /home/airflow/.local/lib/python3.12/site-packages/airflow/example_dags/example_branch_python_dop_operator_3.py for tasks to queue
[2024-10-16T12:51:32.716+0000] {logging_mixin.py:190} INFO - [2024-10-16T12:51:32.715+0000] {dagbag.py:588} INFO - Filling up the DagBag from /home/airflow/.local/lib/python3.12/site-packages/airflow/example_dags/example_branch_python_dop_operator_3.py
[2024-10-16T12:51:32.726+0000] {processor.py:925} INFO - DAG(s) 'example_branch_dop_operator_v3' retrieved from /home/airflow/.local/lib/python3.12/site-packages/airflow/example_dags/example_branch_python_dop_operator_3.py
[2024-10-16T12:51:32.756+0000] {logging_mixin.py:190} INFO - [2024-10-16T12:51:32.755+0000] {dag.py:3239} INFO - Sync 1 DAGs
[2024-10-16T12:51:32.798+0000] {logging_mixin.py:190} INFO - [2024-10-16T12:51:32.797+0000] {dag.py:4180} INFO - Setting next_dagrun for example_branch_dop_operator_v3 to 2024-10-16 12:50:00+00:00, run_after=2024-10-16 12:51:00+00:00
[2024-10-16T12:51:32.829+0000] {processor.py:208} INFO - Processing /home/airflow/.local/lib/python3.12/site-packages/airflow/example_dags/example_branch_python_dop_operator_3.py took 0.126 seconds
[2024-10-16T12:52:03.156+0000] {processor.py:186} INFO - Started process (PID=273) to work on /home/airflow/.local/lib/python3.12/site-packages/airflow/example_dags/example_branch_python_dop_operator_3.py
[2024-10-16T12:52:03.159+0000] {processor.py:914} INFO - Processing file /home/airflow/.local/lib/python3.12/site-packages/airflow/example_dags/example_branch_python_dop_operator_3.py for tasks to queue
[2024-10-16T12:52:03.162+0000] {logging_mixin.py:190} INFO - [2024-10-16T12:52:03.162+0000] {dagbag.py:588} INFO - Filling up the DagBag from /home/airflow/.local/lib/python3.12/site-packages/airflow/example_dags/example_branch_python_dop_operator_3.py
[2024-10-16T12:52:03.175+0000] {processor.py:925} INFO - DAG(s) 'example_branch_dop_operator_v3' retrieved from /home/airflow/.local/lib/python3.12/site-packages/airflow/example_dags/example_branch_python_dop_operator_3.py
[2024-10-16T12:52:03.204+0000] {logging_mixin.py:190} INFO - [2024-10-16T12:52:03.203+0000] {dag.py:3239} INFO - Sync 1 DAGs
[2024-10-16T12:52:03.236+0000] {logging_mixin.py:190} INFO - [2024-10-16T12:52:03.235+0000] {dag.py:4180} INFO - Setting next_dagrun for example_branch_dop_operator_v3 to 2024-10-16 12:51:00+00:00, run_after=2024-10-16 12:52:00+00:00
[2024-10-16T12:52:03.267+0000] {processor.py:208} INFO - Processing /home/airflow/.local/lib/python3.12/site-packages/airflow/example_dags/example_branch_python_dop_operator_3.py took 0.119 seconds
[2024-10-16T12:52:33.970+0000] {processor.py:186} INFO - Started process (PID=336) to work on /home/airflow/.local/lib/python3.12/site-packages/airflow/example_dags/example_branch_python_dop_operator_3.py
[2024-10-16T12:52:33.971+0000] {processor.py:914} INFO - Processing file /home/airflow/.local/lib/python3.12/site-packages/airflow/example_dags/example_branch_python_dop_operator_3.py for tasks to queue
[2024-10-16T12:52:33.975+0000] {logging_mixin.py:190} INFO - [2024-10-16T12:52:33.975+0000] {dagbag.py:588} INFO - Filling up the DagBag from /home/airflow/.local/lib/python3.12/site-packages/airflow/example_dags/example_branch_python_dop_operator_3.py
[2024-10-16T12:52:33.988+0000] {processor.py:925} INFO - DAG(s) 'example_branch_dop_operator_v3' retrieved from /home/airflow/.local/lib/python3.12/site-packages/airflow/example_dags/example_branch_python_dop_operator_3.py
[2024-10-16T12:52:34.011+0000] {logging_mixin.py:190} INFO - [2024-10-16T12:52:34.011+0000] {dag.py:3239} INFO - Sync 1 DAGs
[2024-10-16T12:52:34.032+0000] {logging_mixin.py:190} INFO - [2024-10-16T12:52:34.032+0000] {dag.py:4180} INFO - Setting next_dagrun for example_branch_dop_operator_v3 to 2024-10-16 12:51:00+00:00, run_after=2024-10-16 12:52:00+00:00
[2024-10-16T12:52:34.053+0000] {processor.py:208} INFO - Processing /home/airflow/.local/lib/python3.12/site-packages/airflow/example_dags/example_branch_python_dop_operator_3.py took 0.087 seconds
[2024-10-16T12:53:04.938+0000] {processor.py:186} INFO - Started process (PID=398) to work on /home/airflow/.local/lib/python3.12/site-packages/airflow/example_dags/example_branch_python_dop_operator_3.py
[2024-10-16T12:53:04.939+0000] {processor.py:914} INFO - Processing file /home/airflow/.local/lib/python3.12/site-packages/airflow/example_dags/example_branch_python_dop_operator_3.py for tasks to queue
[2024-10-16T12:53:04.941+0000] {logging_mixin.py:190} INFO - [2024-10-16T12:53:04.941+0000] {dagbag.py:588} INFO - Filling up the DagBag from /home/airflow/.local/lib/python3.12/site-packages/airflow/example_dags/example_branch_python_dop_operator_3.py
[2024-10-16T12:53:04.955+0000] {processor.py:925} INFO - DAG(s) 'example_branch_dop_operator_v3' retrieved from /home/airflow/.local/lib/python3.12/site-packages/airflow/example_dags/example_branch_python_dop_operator_3.py
[2024-10-16T12:53:04.975+0000] {logging_mixin.py:190} INFO - [2024-10-16T12:53:04.974+0000] {dag.py:3239} INFO - Sync 1 DAGs
[2024-10-16T12:53:05.000+0000] {logging_mixin.py:190} INFO - [2024-10-16T12:53:05.000+0000] {dag.py:4180} INFO - Setting next_dagrun for example_branch_dop_operator_v3 to 2024-10-16 12:52:00+00:00, run_after=2024-10-16 12:53:00+00:00
[2024-10-16T12:53:05.020+0000] {processor.py:208} INFO - Processing /home/airflow/.local/lib/python3.12/site-packages/airflow/example_dags/example_branch_python_dop_operator_3.py took 0.087 seconds
[2024-10-16T12:53:35.849+0000] {processor.py:186} INFO - Started process (PID=460) to work on /home/airflow/.local/lib/python3.12/site-packages/airflow/example_dags/example_branch_python_dop_operator_3.py
[2024-10-16T12:53:35.873+0000] {processor.py:914} INFO - Processing file /home/airflow/.local/lib/python3.12/site-packages/airflow/example_dags/example_branch_python_dop_operator_3.py for tasks to queue
[2024-10-16T12:53:35.882+0000] {logging_mixin.py:190} INFO - [2024-10-16T12:53:35.881+0000] {dagbag.py:588} INFO - Filling up the DagBag from /home/airflow/.local/lib/python3.12/site-packages/airflow/example_dags/example_branch_python_dop_operator_3.py
[2024-10-16T12:53:35.896+0000] {processor.py:925} INFO - DAG(s) 'example_branch_dop_operator_v3' retrieved from /home/airflow/.local/lib/python3.12/site-packages/airflow/example_dags/example_branch_python_dop_operator_3.py
[2024-10-16T12:53:35.935+0000] {logging_mixin.py:190} INFO - [2024-10-16T12:53:35.935+0000] {dag.py:3239} INFO - Sync 1 DAGs
[2024-10-16T12:53:35.958+0000] {logging_mixin.py:190} INFO - [2024-10-16T12:53:35.958+0000] {dag.py:4180} INFO - Setting next_dagrun for example_branch_dop_operator_v3 to 2024-10-16 12:52:00+00:00, run_after=2024-10-16 12:53:00+00:00
[2024-10-16T12:53:35.977+0000] {processor.py:208} INFO - Processing /home/airflow/.local/lib/python3.12/site-packages/airflow/example_dags/example_branch_python_dop_operator_3.py took 0.145 seconds
[2024-10-16T12:54:06.194+0000] {processor.py:186} INFO - Started process (PID=522) to work on /home/airflow/.local/lib/python3.12/site-packages/airflow/example_dags/example_branch_python_dop_operator_3.py
[2024-10-16T12:54:06.195+0000] {processor.py:914} INFO - Processing file /home/airflow/.local/lib/python3.12/site-packages/airflow/example_dags/example_branch_python_dop_operator_3.py for tasks to queue
[2024-10-16T12:54:06.197+0000] {logging_mixin.py:190} INFO - [2024-10-16T12:54:06.197+0000] {dagbag.py:588} INFO - Filling up the DagBag from /home/airflow/.local/lib/python3.12/site-packages/airflow/example_dags/example_branch_python_dop_operator_3.py
[2024-10-16T12:54:06.205+0000] {processor.py:925} INFO - DAG(s) 'example_branch_dop_operator_v3' retrieved from /home/airflow/.local/lib/python3.12/site-packages/airflow/example_dags/example_branch_python_dop_operator_3.py
[2024-10-16T12:54:06.231+0000] {logging_mixin.py:190} INFO - [2024-10-16T12:54:06.231+0000] {dag.py:3239} INFO - Sync 1 DAGs
[2024-10-16T12:54:06.277+0000] {logging_mixin.py:190} INFO - [2024-10-16T12:54:06.276+0000] {dag.py:4180} INFO - Setting next_dagrun for example_branch_dop_operator_v3 to 2024-10-16 12:53:00+00:00, run_after=2024-10-16 12:54:00+00:00
[2024-10-16T12:54:06.294+0000] {processor.py:208} INFO - Processing /home/airflow/.local/lib/python3.12/site-packages/airflow/example_dags/example_branch_python_dop_operator_3.py took 0.104 seconds
[2024-10-16T12:54:38.424+0000] {processor.py:186} INFO - Started process (PID=584) to work on /home/airflow/.local/lib/python3.12/site-packages/airflow/example_dags/example_branch_python_dop_operator_3.py
[2024-10-16T12:54:38.425+0000] {processor.py:914} INFO - Processing file /home/airflow/.local/lib/python3.12/site-packages/airflow/example_dags/example_branch_python_dop_operator_3.py for tasks to queue
[2024-10-16T12:54:38.427+0000] {logging_mixin.py:190} INFO - [2024-10-16T12:54:38.427+0000] {dagbag.py:588} INFO - Filling up the DagBag from /home/airflow/.local/lib/python3.12/site-packages/airflow/example_dags/example_branch_python_dop_operator_3.py
[2024-10-16T12:54:38.442+0000] {processor.py:925} INFO - DAG(s) 'example_branch_dop_operator_v3' retrieved from /home/airflow/.local/lib/python3.12/site-packages/airflow/example_dags/example_branch_python_dop_operator_3.py
[2024-10-16T12:54:38.462+0000] {logging_mixin.py:190} INFO - [2024-10-16T12:54:38.461+0000] {dag.py:3239} INFO - Sync 1 DAGs
[2024-10-16T12:54:38.486+0000] {logging_mixin.py:190} INFO - [2024-10-16T12:54:38.486+0000] {dag.py:4180} INFO - Setting next_dagrun for example_branch_dop_operator_v3 to 2024-10-16 12:53:00+00:00, run_after=2024-10-16 12:54:00+00:00
[2024-10-16T12:54:38.509+0000] {processor.py:208} INFO - Processing /home/airflow/.local/lib/python3.12/site-packages/airflow/example_dags/example_branch_python_dop_operator_3.py took 0.091 seconds
[2024-10-16T12:55:09.220+0000] {processor.py:186} INFO - Started process (PID=647) to work on /home/airflow/.local/lib/python3.12/site-packages/airflow/example_dags/example_branch_python_dop_operator_3.py
[2024-10-16T12:55:09.221+0000] {processor.py:914} INFO - Processing file /home/airflow/.local/lib/python3.12/site-packages/airflow/example_dags/example_branch_python_dop_operator_3.py for tasks to queue
[2024-10-16T12:55:09.224+0000] {logging_mixin.py:190} INFO - [2024-10-16T12:55:09.223+0000] {dagbag.py:588} INFO - Filling up the DagBag from /home/airflow/.local/lib/python3.12/site-packages/airflow/example_dags/example_branch_python_dop_operator_3.py
[2024-10-16T12:55:09.234+0000] {processor.py:925} INFO - DAG(s) 'example_branch_dop_operator_v3' retrieved from /home/airflow/.local/lib/python3.12/site-packages/airflow/example_dags/example_branch_python_dop_operator_3.py
[2024-10-16T12:55:09.255+0000] {logging_mixin.py:190} INFO - [2024-10-16T12:55:09.255+0000] {dag.py:3239} INFO - Sync 1 DAGs
[2024-10-16T12:55:09.283+0000] {logging_mixin.py:190} INFO - [2024-10-16T12:55:09.283+0000] {dag.py:4180} INFO - Setting next_dagrun for example_branch_dop_operator_v3 to 2024-10-16 12:54:00+00:00, run_after=2024-10-16 12:55:00+00:00
[2024-10-16T12:55:09.313+0000] {processor.py:208} INFO - Processing /home/airflow/.local/lib/python3.12/site-packages/airflow/example_dags/example_branch_python_dop_operator_3.py took 0.098 seconds
[2024-10-16T12:55:39.813+0000] {processor.py:186} INFO - Started process (PID=709) to work on /home/airflow/.local/lib/python3.12/site-packages/airflow/example_dags/example_branch_python_dop_operator_3.py
[2024-10-16T12:55:39.815+0000] {processor.py:914} INFO - Processing file /home/airflow/.local/lib/python3.12/site-packages/airflow/example_dags/example_branch_python_dop_operator_3.py for tasks to queue
[2024-10-16T12:55:39.818+0000] {logging_mixin.py:190} INFO - [2024-10-16T12:55:39.818+0000] {dagbag.py:588} INFO - Filling up the DagBag from /home/airflow/.local/lib/python3.12/site-packages/airflow/example_dags/example_branch_python_dop_operator_3.py
[2024-10-16T12:55:39.826+0000] {processor.py:925} INFO - DAG(s) 'example_branch_dop_operator_v3' retrieved from /home/airflow/.local/lib/python3.12/site-packages/airflow/example_dags/example_branch_python_dop_operator_3.py
[2024-10-16T12:55:39.840+0000] {logging_mixin.py:190} INFO - [2024-10-16T12:55:39.840+0000] {dag.py:3239} INFO - Sync 1 DAGs
[2024-10-16T12:55:39.860+0000] {logging_mixin.py:190} INFO - [2024-10-16T12:55:39.860+0000] {dag.py:4180} INFO - Setting next_dagrun for example_branch_dop_operator_v3 to 2024-10-16 12:54:00+00:00, run_after=2024-10-16 12:55:00+00:00
[2024-10-16T12:55:39.881+0000] {processor.py:208} INFO - Processing /home/airflow/.local/lib/python3.12/site-packages/airflow/example_dags/example_branch_python_dop_operator_3.py took 0.072 seconds
[2024-10-16T12:56:10.369+0000] {processor.py:186} INFO - Started process (PID=771) to work on /home/airflow/.local/lib/python3.12/site-packages/airflow/example_dags/example_branch_python_dop_operator_3.py
[2024-10-16T12:56:10.370+0000] {processor.py:914} INFO - Processing file /home/airflow/.local/lib/python3.12/site-packages/airflow/example_dags/example_branch_python_dop_operator_3.py for tasks to queue
[2024-10-16T12:56:10.373+0000] {logging_mixin.py:190} INFO - [2024-10-16T12:56:10.372+0000] {dagbag.py:588} INFO - Filling up the DagBag from /home/airflow/.local/lib/python3.12/site-packages/airflow/example_dags/example_branch_python_dop_operator_3.py
[2024-10-16T12:56:10.384+0000] {processor.py:925} INFO - DAG(s) 'example_branch_dop_operator_v3' retrieved from /home/airflow/.local/lib/python3.12/site-packages/airflow/example_dags/example_branch_python_dop_operator_3.py
[2024-10-16T12:56:10.405+0000] {logging_mixin.py:190} INFO - [2024-10-16T12:56:10.404+0000] {dag.py:3239} INFO - Sync 1 DAGs
[2024-10-16T12:56:10.444+0000] {logging_mixin.py:190} INFO - [2024-10-16T12:56:10.444+0000] {dag.py:4180} INFO - Setting next_dagrun for example_branch_dop_operator_v3 to 2024-10-16 12:55:00+00:00, run_after=2024-10-16 12:56:00+00:00
[2024-10-16T12:56:10.475+0000] {processor.py:208} INFO - Processing /home/airflow/.local/lib/python3.12/site-packages/airflow/example_dags/example_branch_python_dop_operator_3.py took 0.113 seconds
[2024-10-16T12:56:41.357+0000] {processor.py:186} INFO - Started process (PID=833) to work on /home/airflow/.local/lib/python3.12/site-packages/airflow/example_dags/example_branch_python_dop_operator_3.py
[2024-10-16T12:56:41.358+0000] {processor.py:914} INFO - Processing file /home/airflow/.local/lib/python3.12/site-packages/airflow/example_dags/example_branch_python_dop_operator_3.py for tasks to queue
[2024-10-16T12:56:41.361+0000] {logging_mixin.py:190} INFO - [2024-10-16T12:56:41.360+0000] {dagbag.py:588} INFO - Filling up the DagBag from /home/airflow/.local/lib/python3.12/site-packages/airflow/example_dags/example_branch_python_dop_operator_3.py
[2024-10-16T12:56:41.372+0000] {processor.py:925} INFO - DAG(s) 'example_branch_dop_operator_v3' retrieved from /home/airflow/.local/lib/python3.12/site-packages/airflow/example_dags/example_branch_python_dop_operator_3.py
[2024-10-16T12:56:41.395+0000] {logging_mixin.py:190} INFO - [2024-10-16T12:56:41.394+0000] {dag.py:3239} INFO - Sync 1 DAGs
[2024-10-16T12:56:41.418+0000] {logging_mixin.py:190} INFO - [2024-10-16T12:56:41.417+0000] {dag.py:4180} INFO - Setting next_dagrun for example_branch_dop_operator_v3 to 2024-10-16 12:55:00+00:00, run_after=2024-10-16 12:56:00+00:00
[2024-10-16T12:56:41.439+0000] {processor.py:208} INFO - Processing /home/airflow/.local/lib/python3.12/site-packages/airflow/example_dags/example_branch_python_dop_operator_3.py took 0.089 seconds
[2024-10-16T12:57:12.286+0000] {processor.py:186} INFO - Started process (PID=895) to work on /home/airflow/.local/lib/python3.12/site-packages/airflow/example_dags/example_branch_python_dop_operator_3.py
[2024-10-16T12:57:12.287+0000] {processor.py:914} INFO - Processing file /home/airflow/.local/lib/python3.12/site-packages/airflow/example_dags/example_branch_python_dop_operator_3.py for tasks to queue
[2024-10-16T12:57:12.290+0000] {logging_mixin.py:190} INFO - [2024-10-16T12:57:12.290+0000] {dagbag.py:588} INFO - Filling up the DagBag from /home/airflow/.local/lib/python3.12/site-packages/airflow/example_dags/example_branch_python_dop_operator_3.py
[2024-10-16T12:57:12.301+0000] {processor.py:925} INFO - DAG(s) 'example_branch_dop_operator_v3' retrieved from /home/airflow/.local/lib/python3.12/site-packages/airflow/example_dags/example_branch_python_dop_operator_3.py
[2024-10-16T12:57:12.323+0000] {logging_mixin.py:190} INFO - [2024-10-16T12:57:12.323+0000] {dag.py:3239} INFO - Sync 1 DAGs
[2024-10-16T12:57:12.357+0000] {logging_mixin.py:190} INFO - [2024-10-16T12:57:12.357+0000] {dag.py:4180} INFO - Setting next_dagrun for example_branch_dop_operator_v3 to 2024-10-16 12:56:00+00:00, run_after=2024-10-16 12:57:00+00:00
[2024-10-16T12:57:12.391+0000] {processor.py:208} INFO - Processing /home/airflow/.local/lib/python3.12/site-packages/airflow/example_dags/example_branch_python_dop_operator_3.py took 0.112 seconds
[2024-10-16T12:57:43.196+0000] {processor.py:186} INFO - Started process (PID=957) to work on /home/airflow/.local/lib/python3.12/site-packages/airflow/example_dags/example_branch_python_dop_operator_3.py
[2024-10-16T12:57:43.203+0000] {processor.py:914} INFO - Processing file /home/airflow/.local/lib/python3.12/site-packages/airflow/example_dags/example_branch_python_dop_operator_3.py for tasks to queue
[2024-10-16T12:57:43.206+0000] {logging_mixin.py:190} INFO - [2024-10-16T12:57:43.206+0000] {dagbag.py:588} INFO - Filling up the DagBag from /home/airflow/.local/lib/python3.12/site-packages/airflow/example_dags/example_branch_python_dop_operator_3.py
[2024-10-16T12:57:43.224+0000] {processor.py:925} INFO - DAG(s) 'example_branch_dop_operator_v3' retrieved from /home/airflow/.local/lib/python3.12/site-packages/airflow/example_dags/example_branch_python_dop_operator_3.py
[2024-10-16T12:57:43.247+0000] {logging_mixin.py:190} INFO - [2024-10-16T12:57:43.247+0000] {dag.py:3239} INFO - Sync 1 DAGs
[2024-10-16T12:57:43.278+0000] {logging_mixin.py:190} INFO - [2024-10-16T12:57:43.278+0000] {dag.py:4180} INFO - Setting next_dagrun for example_branch_dop_operator_v3 to 2024-10-16 12:56:00+00:00, run_after=2024-10-16 12:57:00+00:00
[2024-10-16T12:57:43.305+0000] {processor.py:208} INFO - Processing /home/airflow/.local/lib/python3.12/site-packages/airflow/example_dags/example_branch_python_dop_operator_3.py took 0.116 seconds
[2024-10-16T12:58:13.763+0000] {processor.py:186} INFO - Started process (PID=1020) to work on /home/airflow/.local/lib/python3.12/site-packages/airflow/example_dags/example_branch_python_dop_operator_3.py
[2024-10-16T12:58:13.764+0000] {processor.py:914} INFO - Processing file /home/airflow/.local/lib/python3.12/site-packages/airflow/example_dags/example_branch_python_dop_operator_3.py for tasks to queue
[2024-10-16T12:58:13.768+0000] {logging_mixin.py:190} INFO - [2024-10-16T12:58:13.767+0000] {dagbag.py:588} INFO - Filling up the DagBag from /home/airflow/.local/lib/python3.12/site-packages/airflow/example_dags/example_branch_python_dop_operator_3.py
[2024-10-16T12:58:13.781+0000] {processor.py:925} INFO - DAG(s) 'example_branch_dop_operator_v3' retrieved from /home/airflow/.local/lib/python3.12/site-packages/airflow/example_dags/example_branch_python_dop_operator_3.py
[2024-10-16T12:58:13.806+0000] {logging_mixin.py:190} INFO - [2024-10-16T12:58:13.806+0000] {dag.py:3239} INFO - Sync 1 DAGs
[2024-10-16T12:58:13.840+0000] {logging_mixin.py:190} INFO - [2024-10-16T12:58:13.840+0000] {dag.py:4180} INFO - Setting next_dagrun for example_branch_dop_operator_v3 to 2024-10-16 12:57:00+00:00, run_after=2024-10-16 12:58:00+00:00
[2024-10-16T12:58:13.864+0000] {processor.py:208} INFO - Processing /home/airflow/.local/lib/python3.12/site-packages/airflow/example_dags/example_branch_python_dop_operator_3.py took 0.110 seconds
[2024-10-16T12:58:44.438+0000] {processor.py:186} INFO - Started process (PID=1082) to work on /home/airflow/.local/lib/python3.12/site-packages/airflow/example_dags/example_branch_python_dop_operator_3.py
[2024-10-16T12:58:44.440+0000] {processor.py:914} INFO - Processing file /home/airflow/.local/lib/python3.12/site-packages/airflow/example_dags/example_branch_python_dop_operator_3.py for tasks to queue
[2024-10-16T12:58:44.443+0000] {logging_mixin.py:190} INFO - [2024-10-16T12:58:44.442+0000] {dagbag.py:588} INFO - Filling up the DagBag from /home/airflow/.local/lib/python3.12/site-packages/airflow/example_dags/example_branch_python_dop_operator_3.py
[2024-10-16T12:58:44.462+0000] {processor.py:925} INFO - DAG(s) 'example_branch_dop_operator_v3' retrieved from /home/airflow/.local/lib/python3.12/site-packages/airflow/example_dags/example_branch_python_dop_operator_3.py
[2024-10-16T12:58:44.487+0000] {logging_mixin.py:190} INFO - [2024-10-16T12:58:44.487+0000] {dag.py:3239} INFO - Sync 1 DAGs
[2024-10-16T12:58:44.518+0000] {logging_mixin.py:190} INFO - [2024-10-16T12:58:44.518+0000] {dag.py:4180} INFO - Setting next_dagrun for example_branch_dop_operator_v3 to 2024-10-16 12:57:00+00:00, run_after=2024-10-16 12:58:00+00:00
[2024-10-16T12:58:44.545+0000] {processor.py:208} INFO - Processing /home/airflow/.local/lib/python3.12/site-packages/airflow/example_dags/example_branch_python_dop_operator_3.py took 0.113 seconds
[2024-10-16T12:59:14.776+0000] {processor.py:186} INFO - Started process (PID=1144) to work on /home/airflow/.local/lib/python3.12/site-packages/airflow/example_dags/example_branch_python_dop_operator_3.py
[2024-10-16T12:59:14.778+0000] {processor.py:914} INFO - Processing file /home/airflow/.local/lib/python3.12/site-packages/airflow/example_dags/example_branch_python_dop_operator_3.py for tasks to queue
[2024-10-16T12:59:14.780+0000] {logging_mixin.py:190} INFO - [2024-10-16T12:59:14.780+0000] {dagbag.py:588} INFO - Filling up the DagBag from /home/airflow/.local/lib/python3.12/site-packages/airflow/example_dags/example_branch_python_dop_operator_3.py
[2024-10-16T12:59:14.791+0000] {processor.py:925} INFO - DAG(s) 'example_branch_dop_operator_v3' retrieved from /home/airflow/.local/lib/python3.12/site-packages/airflow/example_dags/example_branch_python_dop_operator_3.py
[2024-10-16T12:59:14.818+0000] {logging_mixin.py:190} INFO - [2024-10-16T12:59:14.817+0000] {dag.py:3239} INFO - Sync 1 DAGs
[2024-10-16T12:59:14.854+0000] {logging_mixin.py:190} INFO - [2024-10-16T12:59:14.854+0000] {dag.py:4180} INFO - Setting next_dagrun for example_branch_dop_operator_v3 to 2024-10-16 12:58:00+00:00, run_after=2024-10-16 12:59:00+00:00
[2024-10-16T12:59:14.883+0000] {processor.py:208} INFO - Processing /home/airflow/.local/lib/python3.12/site-packages/airflow/example_dags/example_branch_python_dop_operator_3.py took 0.114 seconds
[2024-10-16T12:59:45.118+0000] {processor.py:186} INFO - Started process (PID=1206) to work on /home/airflow/.local/lib/python3.12/site-packages/airflow/example_dags/example_branch_python_dop_operator_3.py
[2024-10-16T12:59:45.155+0000] {processor.py:914} INFO - Processing file /home/airflow/.local/lib/python3.12/site-packages/airflow/example_dags/example_branch_python_dop_operator_3.py for tasks to queue
[2024-10-16T12:59:45.161+0000] {logging_mixin.py:190} INFO - [2024-10-16T12:59:45.161+0000] {dagbag.py:588} INFO - Filling up the DagBag from /home/airflow/.local/lib/python3.12/site-packages/airflow/example_dags/example_branch_python_dop_operator_3.py
[2024-10-16T12:59:45.174+0000] {processor.py:925} INFO - DAG(s) 'example_branch_dop_operator_v3' retrieved from /home/airflow/.local/lib/python3.12/site-packages/airflow/example_dags/example_branch_python_dop_operator_3.py
[2024-10-16T12:59:45.199+0000] {logging_mixin.py:190} INFO - [2024-10-16T12:59:45.199+0000] {dag.py:3239} INFO - Sync 1 DAGs
[2024-10-16T12:59:45.241+0000] {logging_mixin.py:190} INFO - [2024-10-16T12:59:45.241+0000] {dag.py:4180} INFO - Setting next_dagrun for example_branch_dop_operator_v3 to 2024-10-16 12:58:00+00:00, run_after=2024-10-16 12:59:00+00:00
[2024-10-16T12:59:45.277+0000] {processor.py:208} INFO - Processing /home/airflow/.local/lib/python3.12/site-packages/airflow/example_dags/example_branch_python_dop_operator_3.py took 0.166 seconds
[2024-10-16T13:00:15.662+0000] {processor.py:186} INFO - Started process (PID=1268) to work on /home/airflow/.local/lib/python3.12/site-packages/airflow/example_dags/example_branch_python_dop_operator_3.py
[2024-10-16T13:00:15.664+0000] {processor.py:914} INFO - Processing file /home/airflow/.local/lib/python3.12/site-packages/airflow/example_dags/example_branch_python_dop_operator_3.py for tasks to queue
[2024-10-16T13:00:15.667+0000] {logging_mixin.py:190} INFO - [2024-10-16T13:00:15.666+0000] {dagbag.py:588} INFO - Filling up the DagBag from /home/airflow/.local/lib/python3.12/site-packages/airflow/example_dags/example_branch_python_dop_operator_3.py
[2024-10-16T13:00:15.684+0000] {processor.py:925} INFO - DAG(s) 'example_branch_dop_operator_v3' retrieved from /home/airflow/.local/lib/python3.12/site-packages/airflow/example_dags/example_branch_python_dop_operator_3.py
[2024-10-16T13:00:15.736+0000] {logging_mixin.py:190} INFO - [2024-10-16T13:00:15.733+0000] {dag.py:3239} INFO - Sync 1 DAGs
[2024-10-16T13:00:15.817+0000] {logging_mixin.py:190} INFO - [2024-10-16T13:00:15.817+0000] {dag.py:4180} INFO - Setting next_dagrun for example_branch_dop_operator_v3 to 2024-10-16 12:59:00+00:00, run_after=2024-10-16 13:00:00+00:00
[2024-10-16T13:00:15.865+0000] {processor.py:208} INFO - Processing /home/airflow/.local/lib/python3.12/site-packages/airflow/example_dags/example_branch_python_dop_operator_3.py took 0.210 seconds
[2024-10-16T13:00:46.005+0000] {processor.py:186} INFO - Started process (PID=1337) to work on /home/airflow/.local/lib/python3.12/site-packages/airflow/example_dags/example_branch_python_dop_operator_3.py
[2024-10-16T13:00:46.010+0000] {processor.py:914} INFO - Processing file /home/airflow/.local/lib/python3.12/site-packages/airflow/example_dags/example_branch_python_dop_operator_3.py for tasks to queue
[2024-10-16T13:00:46.013+0000] {logging_mixin.py:190} INFO - [2024-10-16T13:00:46.013+0000] {dagbag.py:588} INFO - Filling up the DagBag from /home/airflow/.local/lib/python3.12/site-packages/airflow/example_dags/example_branch_python_dop_operator_3.py
[2024-10-16T13:00:46.025+0000] {processor.py:925} INFO - DAG(s) 'example_branch_dop_operator_v3' retrieved from /home/airflow/.local/lib/python3.12/site-packages/airflow/example_dags/example_branch_python_dop_operator_3.py
[2024-10-16T13:00:46.049+0000] {logging_mixin.py:190} INFO - [2024-10-16T13:00:46.049+0000] {dag.py:3239} INFO - Sync 1 DAGs
[2024-10-16T13:00:46.079+0000] {logging_mixin.py:190} INFO - [2024-10-16T13:00:46.078+0000] {dag.py:4180} INFO - Setting next_dagrun for example_branch_dop_operator_v3 to 2024-10-16 12:59:00+00:00, run_after=2024-10-16 13:00:00+00:00
[2024-10-16T13:00:46.104+0000] {processor.py:208} INFO - Processing /home/airflow/.local/lib/python3.12/site-packages/airflow/example_dags/example_branch_python_dop_operator_3.py took 0.106 seconds
[2024-10-16T13:01:16.596+0000] {processor.py:186} INFO - Started process (PID=1399) to work on /home/airflow/.local/lib/python3.12/site-packages/airflow/example_dags/example_branch_python_dop_operator_3.py
[2024-10-16T13:01:16.597+0000] {processor.py:914} INFO - Processing file /home/airflow/.local/lib/python3.12/site-packages/airflow/example_dags/example_branch_python_dop_operator_3.py for tasks to queue
[2024-10-16T13:01:16.600+0000] {logging_mixin.py:190} INFO - [2024-10-16T13:01:16.600+0000] {dagbag.py:588} INFO - Filling up the DagBag from /home/airflow/.local/lib/python3.12/site-packages/airflow/example_dags/example_branch_python_dop_operator_3.py
[2024-10-16T13:01:16.613+0000] {processor.py:925} INFO - DAG(s) 'example_branch_dop_operator_v3' retrieved from /home/airflow/.local/lib/python3.12/site-packages/airflow/example_dags/example_branch_python_dop_operator_3.py
[2024-10-16T13:01:16.643+0000] {logging_mixin.py:190} INFO - [2024-10-16T13:01:16.643+0000] {dag.py:3239} INFO - Sync 1 DAGs
[2024-10-16T13:01:16.680+0000] {logging_mixin.py:190} INFO - [2024-10-16T13:01:16.680+0000] {dag.py:4180} INFO - Setting next_dagrun for example_branch_dop_operator_v3 to 2024-10-16 13:00:00+00:00, run_after=2024-10-16 13:01:00+00:00
[2024-10-16T13:01:16.720+0000] {processor.py:208} INFO - Processing /home/airflow/.local/lib/python3.12/site-packages/airflow/example_dags/example_branch_python_dop_operator_3.py took 0.130 seconds
[2024-10-16T13:01:47.183+0000] {processor.py:186} INFO - Started process (PID=1460) to work on /home/airflow/.local/lib/python3.12/site-packages/airflow/example_dags/example_branch_python_dop_operator_3.py
[2024-10-16T13:01:47.184+0000] {processor.py:914} INFO - Processing file /home/airflow/.local/lib/python3.12/site-packages/airflow/example_dags/example_branch_python_dop_operator_3.py for tasks to queue
[2024-10-16T13:01:47.185+0000] {logging_mixin.py:190} INFO - [2024-10-16T13:01:47.185+0000] {dagbag.py:588} INFO - Filling up the DagBag from /home/airflow/.local/lib/python3.12/site-packages/airflow/example_dags/example_branch_python_dop_operator_3.py
[2024-10-16T13:01:47.192+0000] {processor.py:925} INFO - DAG(s) 'example_branch_dop_operator_v3' retrieved from /home/airflow/.local/lib/python3.12/site-packages/airflow/example_dags/example_branch_python_dop_operator_3.py
[2024-10-16T13:01:47.224+0000] {logging_mixin.py:190} INFO - [2024-10-16T13:01:47.224+0000] {dag.py:3239} INFO - Sync 1 DAGs
[2024-10-16T13:01:47.251+0000] {logging_mixin.py:190} INFO - [2024-10-16T13:01:47.250+0000] {dag.py:4180} INFO - Setting next_dagrun for example_branch_dop_operator_v3 to 2024-10-16 13:00:00+00:00, run_after=2024-10-16 13:01:00+00:00
[2024-10-16T13:01:47.278+0000] {processor.py:208} INFO - Processing /home/airflow/.local/lib/python3.12/site-packages/airflow/example_dags/example_branch_python_dop_operator_3.py took 0.100 seconds
[2024-10-16T13:02:18.122+0000] {processor.py:186} INFO - Started process (PID=1523) to work on /home/airflow/.local/lib/python3.12/site-packages/airflow/example_dags/example_branch_python_dop_operator_3.py
[2024-10-16T13:02:18.125+0000] {processor.py:914} INFO - Processing file /home/airflow/.local/lib/python3.12/site-packages/airflow/example_dags/example_branch_python_dop_operator_3.py for tasks to queue
[2024-10-16T13:02:18.130+0000] {logging_mixin.py:190} INFO - [2024-10-16T13:02:18.130+0000] {dagbag.py:588} INFO - Filling up the DagBag from /home/airflow/.local/lib/python3.12/site-packages/airflow/example_dags/example_branch_python_dop_operator_3.py
[2024-10-16T13:02:18.143+0000] {processor.py:925} INFO - DAG(s) 'example_branch_dop_operator_v3' retrieved from /home/airflow/.local/lib/python3.12/site-packages/airflow/example_dags/example_branch_python_dop_operator_3.py
[2024-10-16T13:02:18.180+0000] {logging_mixin.py:190} INFO - [2024-10-16T13:02:18.180+0000] {dag.py:3239} INFO - Sync 1 DAGs
[2024-10-16T13:02:18.230+0000] {logging_mixin.py:190} INFO - [2024-10-16T13:02:18.229+0000] {dag.py:4180} INFO - Setting next_dagrun for example_branch_dop_operator_v3 to 2024-10-16 13:01:00+00:00, run_after=2024-10-16 13:02:00+00:00
[2024-10-16T13:02:18.268+0000] {processor.py:208} INFO - Processing /home/airflow/.local/lib/python3.12/site-packages/airflow/example_dags/example_branch_python_dop_operator_3.py took 0.156 seconds
[2024-10-16T13:02:48.673+0000] {processor.py:186} INFO - Started process (PID=1585) to work on /home/airflow/.local/lib/python3.12/site-packages/airflow/example_dags/example_branch_python_dop_operator_3.py
[2024-10-16T13:02:48.676+0000] {processor.py:914} INFO - Processing file /home/airflow/.local/lib/python3.12/site-packages/airflow/example_dags/example_branch_python_dop_operator_3.py for tasks to queue
[2024-10-16T13:02:48.678+0000] {logging_mixin.py:190} INFO - [2024-10-16T13:02:48.678+0000] {dagbag.py:588} INFO - Filling up the DagBag from /home/airflow/.local/lib/python3.12/site-packages/airflow/example_dags/example_branch_python_dop_operator_3.py
[2024-10-16T13:02:48.692+0000] {processor.py:925} INFO - DAG(s) 'example_branch_dop_operator_v3' retrieved from /home/airflow/.local/lib/python3.12/site-packages/airflow/example_dags/example_branch_python_dop_operator_3.py
[2024-10-16T13:02:48.740+0000] {logging_mixin.py:190} INFO - [2024-10-16T13:02:48.739+0000] {dag.py:3239} INFO - Sync 1 DAGs
[2024-10-16T13:02:48.775+0000] {logging_mixin.py:190} INFO - [2024-10-16T13:02:48.774+0000] {dag.py:4180} INFO - Setting next_dagrun for example_branch_dop_operator_v3 to 2024-10-16 13:01:00+00:00, run_after=2024-10-16 13:02:00+00:00
[2024-10-16T13:02:48.806+0000] {processor.py:208} INFO - Processing /home/airflow/.local/lib/python3.12/site-packages/airflow/example_dags/example_branch_python_dop_operator_3.py took 0.141 seconds
[2024-10-16T13:03:20.335+0000] {processor.py:186} INFO - Started process (PID=1648) to work on /home/airflow/.local/lib/python3.12/site-packages/airflow/example_dags/example_branch_python_dop_operator_3.py
[2024-10-16T13:03:20.337+0000] {processor.py:914} INFO - Processing file /home/airflow/.local/lib/python3.12/site-packages/airflow/example_dags/example_branch_python_dop_operator_3.py for tasks to queue
[2024-10-16T13:03:20.340+0000] {logging_mixin.py:190} INFO - [2024-10-16T13:03:20.339+0000] {dagbag.py:588} INFO - Filling up the DagBag from /home/airflow/.local/lib/python3.12/site-packages/airflow/example_dags/example_branch_python_dop_operator_3.py
[2024-10-16T13:03:20.355+0000] {processor.py:925} INFO - DAG(s) 'example_branch_dop_operator_v3' retrieved from /home/airflow/.local/lib/python3.12/site-packages/airflow/example_dags/example_branch_python_dop_operator_3.py
[2024-10-16T13:03:20.388+0000] {logging_mixin.py:190} INFO - [2024-10-16T13:03:20.388+0000] {dag.py:3239} INFO - Sync 1 DAGs
[2024-10-16T13:03:20.424+0000] {logging_mixin.py:190} INFO - [2024-10-16T13:03:20.423+0000] {dag.py:4180} INFO - Setting next_dagrun for example_branch_dop_operator_v3 to 2024-10-16 13:02:00+00:00, run_after=2024-10-16 13:03:00+00:00
[2024-10-16T13:03:20.451+0000] {processor.py:208} INFO - Processing /home/airflow/.local/lib/python3.12/site-packages/airflow/example_dags/example_branch_python_dop_operator_3.py took 0.132 seconds
[2024-10-16T13:03:50.933+0000] {processor.py:186} INFO - Started process (PID=1710) to work on /home/airflow/.local/lib/python3.12/site-packages/airflow/example_dags/example_branch_python_dop_operator_3.py
[2024-10-16T13:03:50.934+0000] {processor.py:914} INFO - Processing file /home/airflow/.local/lib/python3.12/site-packages/airflow/example_dags/example_branch_python_dop_operator_3.py for tasks to queue
[2024-10-16T13:03:50.938+0000] {logging_mixin.py:190} INFO - [2024-10-16T13:03:50.937+0000] {dagbag.py:588} INFO - Filling up the DagBag from /home/airflow/.local/lib/python3.12/site-packages/airflow/example_dags/example_branch_python_dop_operator_3.py
[2024-10-16T13:03:50.949+0000] {processor.py:925} INFO - DAG(s) 'example_branch_dop_operator_v3' retrieved from /home/airflow/.local/lib/python3.12/site-packages/airflow/example_dags/example_branch_python_dop_operator_3.py
[2024-10-16T13:03:50.970+0000] {logging_mixin.py:190} INFO - [2024-10-16T13:03:50.970+0000] {dag.py:3239} INFO - Sync 1 DAGs
[2024-10-16T13:03:50.996+0000] {logging_mixin.py:190} INFO - [2024-10-16T13:03:50.995+0000] {dag.py:4180} INFO - Setting next_dagrun for example_branch_dop_operator_v3 to 2024-10-16 13:02:00+00:00, run_after=2024-10-16 13:03:00+00:00
[2024-10-16T13:03:51.013+0000] {processor.py:208} INFO - Processing /home/airflow/.local/lib/python3.12/site-packages/airflow/example_dags/example_branch_python_dop_operator_3.py took 0.086 seconds
[2024-10-16T13:04:21.450+0000] {processor.py:186} INFO - Started process (PID=1772) to work on /home/airflow/.local/lib/python3.12/site-packages/airflow/example_dags/example_branch_python_dop_operator_3.py
[2024-10-16T13:04:21.451+0000] {processor.py:914} INFO - Processing file /home/airflow/.local/lib/python3.12/site-packages/airflow/example_dags/example_branch_python_dop_operator_3.py for tasks to queue
[2024-10-16T13:04:21.454+0000] {logging_mixin.py:190} INFO - [2024-10-16T13:04:21.454+0000] {dagbag.py:588} INFO - Filling up the DagBag from /home/airflow/.local/lib/python3.12/site-packages/airflow/example_dags/example_branch_python_dop_operator_3.py
[2024-10-16T13:04:21.463+0000] {processor.py:925} INFO - DAG(s) 'example_branch_dop_operator_v3' retrieved from /home/airflow/.local/lib/python3.12/site-packages/airflow/example_dags/example_branch_python_dop_operator_3.py
[2024-10-16T13:04:21.502+0000] {logging_mixin.py:190} INFO - [2024-10-16T13:04:21.502+0000] {dag.py:3239} INFO - Sync 1 DAGs
[2024-10-16T13:04:21.531+0000] {logging_mixin.py:190} INFO - [2024-10-16T13:04:21.531+0000] {dag.py:4180} INFO - Setting next_dagrun for example_branch_dop_operator_v3 to 2024-10-16 13:03:00+00:00, run_after=2024-10-16 13:04:00+00:00
[2024-10-16T13:04:21.556+0000] {processor.py:208} INFO - Processing /home/airflow/.local/lib/python3.12/site-packages/airflow/example_dags/example_branch_python_dop_operator_3.py took 0.114 seconds
[2024-10-16T13:08:05.249+0000] {processor.py:186} INFO - Started process (PID=88) to work on /home/airflow/.local/lib/python3.12/site-packages/airflow/example_dags/example_branch_python_dop_operator_3.py
[2024-10-16T13:08:05.251+0000] {processor.py:914} INFO - Processing file /home/airflow/.local/lib/python3.12/site-packages/airflow/example_dags/example_branch_python_dop_operator_3.py for tasks to queue
[2024-10-16T13:08:05.253+0000] {logging_mixin.py:190} INFO - [2024-10-16T13:08:05.253+0000] {dagbag.py:588} INFO - Filling up the DagBag from /home/airflow/.local/lib/python3.12/site-packages/airflow/example_dags/example_branch_python_dop_operator_3.py
[2024-10-16T13:08:05.267+0000] {processor.py:925} INFO - DAG(s) 'example_branch_dop_operator_v3' retrieved from /home/airflow/.local/lib/python3.12/site-packages/airflow/example_dags/example_branch_python_dop_operator_3.py
[2024-10-16T13:08:05.387+0000] {logging_mixin.py:190} INFO - [2024-10-16T13:08:05.386+0000] {override.py:1900} INFO - Created Permission View: can read on DAG:example_branch_dop_operator_v3
[2024-10-16T13:08:05.399+0000] {logging_mixin.py:190} INFO - [2024-10-16T13:08:05.398+0000] {override.py:1900} INFO - Created Permission View: can delete on DAG:example_branch_dop_operator_v3
[2024-10-16T13:08:05.406+0000] {logging_mixin.py:190} INFO - [2024-10-16T13:08:05.406+0000] {override.py:1900} INFO - Created Permission View: can edit on DAG:example_branch_dop_operator_v3
[2024-10-16T13:08:05.414+0000] {logging_mixin.py:190} INFO - [2024-10-16T13:08:05.414+0000] {override.py:1900} INFO - Created Permission View: can create on DAG Run:example_branch_dop_operator_v3
[2024-10-16T13:08:05.421+0000] {logging_mixin.py:190} INFO - [2024-10-16T13:08:05.421+0000] {override.py:1900} INFO - Created Permission View: menu access on DAG Run:example_branch_dop_operator_v3
[2024-10-16T13:08:05.428+0000] {logging_mixin.py:190} INFO - [2024-10-16T13:08:05.428+0000] {override.py:1900} INFO - Created Permission View: can read on DAG Run:example_branch_dop_operator_v3
[2024-10-16T13:08:05.436+0000] {logging_mixin.py:190} INFO - [2024-10-16T13:08:05.436+0000] {override.py:1900} INFO - Created Permission View: can delete on DAG Run:example_branch_dop_operator_v3
[2024-10-16T13:08:05.437+0000] {logging_mixin.py:190} INFO - [2024-10-16T13:08:05.437+0000] {dag.py:3239} INFO - Sync 1 DAGs
[2024-10-16T13:08:05.450+0000] {logging_mixin.py:190} INFO - [2024-10-16T13:08:05.450+0000] {dag.py:3262} INFO - Creating ORM DAG for example_branch_dop_operator_v3
[2024-10-16T13:08:05.466+0000] {logging_mixin.py:190} INFO - [2024-10-16T13:08:05.465+0000] {dag.py:4180} INFO - Setting next_dagrun for example_branch_dop_operator_v3 to 2024-10-16 13:07:00+00:00, run_after=2024-10-16 13:08:00+00:00
[2024-10-16T13:08:05.483+0000] {processor.py:208} INFO - Processing /home/airflow/.local/lib/python3.12/site-packages/airflow/example_dags/example_branch_python_dop_operator_3.py took 0.240 seconds
[2024-10-16T13:08:35.752+0000] {processor.py:186} INFO - Started process (PID=151) to work on /home/airflow/.local/lib/python3.12/site-packages/airflow/example_dags/example_branch_python_dop_operator_3.py
[2024-10-16T13:08:35.753+0000] {processor.py:914} INFO - Processing file /home/airflow/.local/lib/python3.12/site-packages/airflow/example_dags/example_branch_python_dop_operator_3.py for tasks to queue
[2024-10-16T13:08:35.757+0000] {logging_mixin.py:190} INFO - [2024-10-16T13:08:35.756+0000] {dagbag.py:588} INFO - Filling up the DagBag from /home/airflow/.local/lib/python3.12/site-packages/airflow/example_dags/example_branch_python_dop_operator_3.py
[2024-10-16T13:08:35.768+0000] {processor.py:925} INFO - DAG(s) 'example_branch_dop_operator_v3' retrieved from /home/airflow/.local/lib/python3.12/site-packages/airflow/example_dags/example_branch_python_dop_operator_3.py
[2024-10-16T13:08:35.809+0000] {logging_mixin.py:190} INFO - [2024-10-16T13:08:35.808+0000] {dag.py:3239} INFO - Sync 1 DAGs
[2024-10-16T13:08:35.882+0000] {logging_mixin.py:190} INFO - [2024-10-16T13:08:35.882+0000] {dag.py:4180} INFO - Setting next_dagrun for example_branch_dop_operator_v3 to 2024-10-16 13:07:00+00:00, run_after=2024-10-16 13:08:00+00:00
[2024-10-16T13:08:35.913+0000] {processor.py:208} INFO - Processing /home/airflow/.local/lib/python3.12/site-packages/airflow/example_dags/example_branch_python_dop_operator_3.py took 0.169 seconds
[2024-10-16T13:09:06.277+0000] {processor.py:186} INFO - Started process (PID=213) to work on /home/airflow/.local/lib/python3.12/site-packages/airflow/example_dags/example_branch_python_dop_operator_3.py
[2024-10-16T13:09:06.279+0000] {processor.py:914} INFO - Processing file /home/airflow/.local/lib/python3.12/site-packages/airflow/example_dags/example_branch_python_dop_operator_3.py for tasks to queue
[2024-10-16T13:09:06.281+0000] {logging_mixin.py:190} INFO - [2024-10-16T13:09:06.281+0000] {dagbag.py:588} INFO - Filling up the DagBag from /home/airflow/.local/lib/python3.12/site-packages/airflow/example_dags/example_branch_python_dop_operator_3.py
[2024-10-16T13:09:06.293+0000] {processor.py:925} INFO - DAG(s) 'example_branch_dop_operator_v3' retrieved from /home/airflow/.local/lib/python3.12/site-packages/airflow/example_dags/example_branch_python_dop_operator_3.py
[2024-10-16T13:09:06.310+0000] {logging_mixin.py:190} INFO - [2024-10-16T13:09:06.310+0000] {dag.py:3239} INFO - Sync 1 DAGs
[2024-10-16T13:09:06.339+0000] {logging_mixin.py:190} INFO - [2024-10-16T13:09:06.339+0000] {dag.py:4180} INFO - Setting next_dagrun for example_branch_dop_operator_v3 to 2024-10-16 13:08:00+00:00, run_after=2024-10-16 13:09:00+00:00
[2024-10-16T13:09:06.374+0000] {processor.py:208} INFO - Processing /home/airflow/.local/lib/python3.12/site-packages/airflow/example_dags/example_branch_python_dop_operator_3.py took 0.101 seconds
[2024-10-16T13:09:36.948+0000] {processor.py:186} INFO - Started process (PID=277) to work on /home/airflow/.local/lib/python3.12/site-packages/airflow/example_dags/example_branch_python_dop_operator_3.py
[2024-10-16T13:09:36.950+0000] {processor.py:914} INFO - Processing file /home/airflow/.local/lib/python3.12/site-packages/airflow/example_dags/example_branch_python_dop_operator_3.py for tasks to queue
[2024-10-16T13:09:36.952+0000] {logging_mixin.py:190} INFO - [2024-10-16T13:09:36.952+0000] {dagbag.py:588} INFO - Filling up the DagBag from /home/airflow/.local/lib/python3.12/site-packages/airflow/example_dags/example_branch_python_dop_operator_3.py
[2024-10-16T13:09:36.960+0000] {processor.py:925} INFO - DAG(s) 'example_branch_dop_operator_v3' retrieved from /home/airflow/.local/lib/python3.12/site-packages/airflow/example_dags/example_branch_python_dop_operator_3.py
[2024-10-16T13:09:36.982+0000] {logging_mixin.py:190} INFO - [2024-10-16T13:09:36.982+0000] {dag.py:3239} INFO - Sync 1 DAGs
[2024-10-16T13:09:37.007+0000] {logging_mixin.py:190} INFO - [2024-10-16T13:09:37.007+0000] {dag.py:4180} INFO - Setting next_dagrun for example_branch_dop_operator_v3 to 2024-10-16 13:08:00+00:00, run_after=2024-10-16 13:09:00+00:00
[2024-10-16T13:09:37.030+0000] {processor.py:208} INFO - Processing /home/airflow/.local/lib/python3.12/site-packages/airflow/example_dags/example_branch_python_dop_operator_3.py took 0.086 seconds
[2024-10-16T13:10:07.818+0000] {processor.py:186} INFO - Started process (PID=340) to work on /home/airflow/.local/lib/python3.12/site-packages/airflow/example_dags/example_branch_python_dop_operator_3.py
[2024-10-16T13:10:07.820+0000] {processor.py:914} INFO - Processing file /home/airflow/.local/lib/python3.12/site-packages/airflow/example_dags/example_branch_python_dop_operator_3.py for tasks to queue
[2024-10-16T13:10:07.823+0000] {logging_mixin.py:190} INFO - [2024-10-16T13:10:07.822+0000] {dagbag.py:588} INFO - Filling up the DagBag from /home/airflow/.local/lib/python3.12/site-packages/airflow/example_dags/example_branch_python_dop_operator_3.py
[2024-10-16T13:10:07.834+0000] {processor.py:925} INFO - DAG(s) 'example_branch_dop_operator_v3' retrieved from /home/airflow/.local/lib/python3.12/site-packages/airflow/example_dags/example_branch_python_dop_operator_3.py
[2024-10-16T13:10:07.858+0000] {logging_mixin.py:190} INFO - [2024-10-16T13:10:07.858+0000] {dag.py:3239} INFO - Sync 1 DAGs
[2024-10-16T13:10:07.916+0000] {logging_mixin.py:190} INFO - [2024-10-16T13:10:07.916+0000] {dag.py:4180} INFO - Setting next_dagrun for example_branch_dop_operator_v3 to 2024-10-16 13:09:00+00:00, run_after=2024-10-16 13:10:00+00:00
[2024-10-16T13:10:07.945+0000] {processor.py:208} INFO - Processing /home/airflow/.local/lib/python3.12/site-packages/airflow/example_dags/example_branch_python_dop_operator_3.py took 0.133 seconds
[2024-10-16T13:10:38.676+0000] {processor.py:186} INFO - Started process (PID=403) to work on /home/airflow/.local/lib/python3.12/site-packages/airflow/example_dags/example_branch_python_dop_operator_3.py
[2024-10-16T13:10:38.677+0000] {processor.py:914} INFO - Processing file /home/airflow/.local/lib/python3.12/site-packages/airflow/example_dags/example_branch_python_dop_operator_3.py for tasks to queue
[2024-10-16T13:10:38.680+0000] {logging_mixin.py:190} INFO - [2024-10-16T13:10:38.679+0000] {dagbag.py:588} INFO - Filling up the DagBag from /home/airflow/.local/lib/python3.12/site-packages/airflow/example_dags/example_branch_python_dop_operator_3.py
[2024-10-16T13:10:38.687+0000] {processor.py:925} INFO - DAG(s) 'example_branch_dop_operator_v3' retrieved from /home/airflow/.local/lib/python3.12/site-packages/airflow/example_dags/example_branch_python_dop_operator_3.py
[2024-10-16T13:10:38.703+0000] {logging_mixin.py:190} INFO - [2024-10-16T13:10:38.703+0000] {dag.py:3239} INFO - Sync 1 DAGs
[2024-10-16T13:10:38.725+0000] {logging_mixin.py:190} INFO - [2024-10-16T13:10:38.724+0000] {dag.py:4180} INFO - Setting next_dagrun for example_branch_dop_operator_v3 to 2024-10-16 13:09:00+00:00, run_after=2024-10-16 13:10:00+00:00
[2024-10-16T13:10:38.744+0000] {processor.py:208} INFO - Processing /home/airflow/.local/lib/python3.12/site-packages/airflow/example_dags/example_branch_python_dop_operator_3.py took 0.075 seconds
[2024-10-16T13:11:09.367+0000] {processor.py:186} INFO - Started process (PID=466) to work on /home/airflow/.local/lib/python3.12/site-packages/airflow/example_dags/example_branch_python_dop_operator_3.py
[2024-10-16T13:11:09.368+0000] {processor.py:914} INFO - Processing file /home/airflow/.local/lib/python3.12/site-packages/airflow/example_dags/example_branch_python_dop_operator_3.py for tasks to queue
[2024-10-16T13:11:09.370+0000] {logging_mixin.py:190} INFO - [2024-10-16T13:11:09.370+0000] {dagbag.py:588} INFO - Filling up the DagBag from /home/airflow/.local/lib/python3.12/site-packages/airflow/example_dags/example_branch_python_dop_operator_3.py
[2024-10-16T13:11:09.379+0000] {processor.py:925} INFO - DAG(s) 'example_branch_dop_operator_v3' retrieved from /home/airflow/.local/lib/python3.12/site-packages/airflow/example_dags/example_branch_python_dop_operator_3.py
[2024-10-16T13:11:09.405+0000] {logging_mixin.py:190} INFO - [2024-10-16T13:11:09.405+0000] {dag.py:3239} INFO - Sync 1 DAGs
[2024-10-16T13:11:09.427+0000] {logging_mixin.py:190} INFO - [2024-10-16T13:11:09.426+0000] {dag.py:4180} INFO - Setting next_dagrun for example_branch_dop_operator_v3 to 2024-10-16 13:10:00+00:00, run_after=2024-10-16 13:11:00+00:00
[2024-10-16T13:11:09.457+0000] {processor.py:208} INFO - Processing /home/airflow/.local/lib/python3.12/site-packages/airflow/example_dags/example_branch_python_dop_operator_3.py took 0.095 seconds
[2024-10-16T13:12:45.293+0000] {processor.py:186} INFO - Started process (PID=87) to work on /home/airflow/.local/lib/python3.12/site-packages/airflow/example_dags/example_branch_python_dop_operator_3.py
[2024-10-16T13:12:45.294+0000] {processor.py:914} INFO - Processing file /home/airflow/.local/lib/python3.12/site-packages/airflow/example_dags/example_branch_python_dop_operator_3.py for tasks to queue
[2024-10-16T13:12:45.297+0000] {logging_mixin.py:190} INFO - [2024-10-16T13:12:45.296+0000] {dagbag.py:588} INFO - Filling up the DagBag from /home/airflow/.local/lib/python3.12/site-packages/airflow/example_dags/example_branch_python_dop_operator_3.py
[2024-10-16T13:12:45.309+0000] {processor.py:925} INFO - DAG(s) 'example_branch_dop_operator_v3' retrieved from /home/airflow/.local/lib/python3.12/site-packages/airflow/example_dags/example_branch_python_dop_operator_3.py
[2024-10-16T13:12:45.456+0000] {logging_mixin.py:190} INFO - [2024-10-16T13:12:45.455+0000] {override.py:1900} INFO - Created Permission View: can read on DAG:example_branch_dop_operator_v3
[2024-10-16T13:12:45.473+0000] {logging_mixin.py:190} INFO - [2024-10-16T13:12:45.472+0000] {override.py:1900} INFO - Created Permission View: can edit on DAG:example_branch_dop_operator_v3
[2024-10-16T13:12:45.487+0000] {logging_mixin.py:190} INFO - [2024-10-16T13:12:45.487+0000] {override.py:1900} INFO - Created Permission View: can delete on DAG:example_branch_dop_operator_v3
[2024-10-16T13:12:45.498+0000] {logging_mixin.py:190} INFO - [2024-10-16T13:12:45.498+0000] {override.py:1900} INFO - Created Permission View: can read on DAG Run:example_branch_dop_operator_v3
[2024-10-16T13:12:45.505+0000] {logging_mixin.py:190} INFO - [2024-10-16T13:12:45.505+0000] {override.py:1900} INFO - Created Permission View: menu access on DAG Run:example_branch_dop_operator_v3
[2024-10-16T13:12:45.512+0000] {logging_mixin.py:190} INFO - [2024-10-16T13:12:45.512+0000] {override.py:1900} INFO - Created Permission View: can delete on DAG Run:example_branch_dop_operator_v3
[2024-10-16T13:12:45.518+0000] {logging_mixin.py:190} INFO - [2024-10-16T13:12:45.517+0000] {override.py:1900} INFO - Created Permission View: can create on DAG Run:example_branch_dop_operator_v3
[2024-10-16T13:12:45.519+0000] {logging_mixin.py:190} INFO - [2024-10-16T13:12:45.519+0000] {dag.py:3239} INFO - Sync 1 DAGs
[2024-10-16T13:12:45.535+0000] {logging_mixin.py:190} INFO - [2024-10-16T13:12:45.535+0000] {dag.py:3262} INFO - Creating ORM DAG for example_branch_dop_operator_v3
[2024-10-16T13:12:45.551+0000] {logging_mixin.py:190} INFO - [2024-10-16T13:12:45.551+0000] {dag.py:4180} INFO - Setting next_dagrun for example_branch_dop_operator_v3 to 2024-10-16 13:11:00+00:00, run_after=2024-10-16 13:12:00+00:00
[2024-10-16T13:12:45.566+0000] {processor.py:208} INFO - Processing /home/airflow/.local/lib/python3.12/site-packages/airflow/example_dags/example_branch_python_dop_operator_3.py took 0.280 seconds
[2024-10-16T13:13:16.063+0000] {processor.py:186} INFO - Started process (PID=150) to work on /home/airflow/.local/lib/python3.12/site-packages/airflow/example_dags/example_branch_python_dop_operator_3.py
[2024-10-16T13:13:16.064+0000] {processor.py:914} INFO - Processing file /home/airflow/.local/lib/python3.12/site-packages/airflow/example_dags/example_branch_python_dop_operator_3.py for tasks to queue
[2024-10-16T13:13:16.067+0000] {logging_mixin.py:190} INFO - [2024-10-16T13:13:16.066+0000] {dagbag.py:588} INFO - Filling up the DagBag from /home/airflow/.local/lib/python3.12/site-packages/airflow/example_dags/example_branch_python_dop_operator_3.py
[2024-10-16T13:13:16.077+0000] {processor.py:925} INFO - DAG(s) 'example_branch_dop_operator_v3' retrieved from /home/airflow/.local/lib/python3.12/site-packages/airflow/example_dags/example_branch_python_dop_operator_3.py
[2024-10-16T13:13:16.096+0000] {logging_mixin.py:190} INFO - [2024-10-16T13:13:16.095+0000] {dag.py:3239} INFO - Sync 1 DAGs
[2024-10-16T13:13:16.122+0000] {logging_mixin.py:190} INFO - [2024-10-16T13:13:16.122+0000] {dag.py:4180} INFO - Setting next_dagrun for example_branch_dop_operator_v3 to 2024-10-16 13:12:00+00:00, run_after=2024-10-16 13:13:00+00:00
[2024-10-16T13:13:16.156+0000] {processor.py:208} INFO - Processing /home/airflow/.local/lib/python3.12/site-packages/airflow/example_dags/example_branch_python_dop_operator_3.py took 0.102 seconds
[2024-10-16T13:14:46.409+0000] {processor.py:186} INFO - Started process (PID=89) to work on /home/airflow/.local/lib/python3.12/site-packages/airflow/example_dags/example_branch_python_dop_operator_3.py
[2024-10-16T13:14:46.410+0000] {processor.py:914} INFO - Processing file /home/airflow/.local/lib/python3.12/site-packages/airflow/example_dags/example_branch_python_dop_operator_3.py for tasks to queue
[2024-10-16T13:14:46.413+0000] {logging_mixin.py:190} INFO - [2024-10-16T13:14:46.413+0000] {dagbag.py:588} INFO - Filling up the DagBag from /home/airflow/.local/lib/python3.12/site-packages/airflow/example_dags/example_branch_python_dop_operator_3.py
[2024-10-16T13:14:45.917+0000] {processor.py:925} INFO - DAG(s) 'example_branch_dop_operator_v3' retrieved from /home/airflow/.local/lib/python3.12/site-packages/airflow/example_dags/example_branch_python_dop_operator_3.py
[2024-10-16T13:14:46.040+0000] {logging_mixin.py:190} INFO - [2024-10-16T13:14:46.040+0000] {override.py:1900} INFO - Created Permission View: can read on DAG:example_branch_dop_operator_v3
[2024-10-16T13:14:46.050+0000] {logging_mixin.py:190} INFO - [2024-10-16T13:14:46.050+0000] {override.py:1900} INFO - Created Permission View: can delete on DAG:example_branch_dop_operator_v3
[2024-10-16T13:14:46.059+0000] {logging_mixin.py:190} INFO - [2024-10-16T13:14:46.059+0000] {override.py:1900} INFO - Created Permission View: can edit on DAG:example_branch_dop_operator_v3
[2024-10-16T13:14:46.069+0000] {logging_mixin.py:190} INFO - [2024-10-16T13:14:46.067+0000] {override.py:1900} INFO - Created Permission View: can read on DAG Run:example_branch_dop_operator_v3
[2024-10-16T13:14:46.078+0000] {logging_mixin.py:190} INFO - [2024-10-16T13:14:46.078+0000] {override.py:1900} INFO - Created Permission View: can create on DAG Run:example_branch_dop_operator_v3
[2024-10-16T13:14:46.088+0000] {logging_mixin.py:190} INFO - [2024-10-16T13:14:46.087+0000] {override.py:1900} INFO - Created Permission View: can delete on DAG Run:example_branch_dop_operator_v3
[2024-10-16T13:14:46.098+0000] {logging_mixin.py:190} INFO - [2024-10-16T13:14:46.097+0000] {override.py:1900} INFO - Created Permission View: menu access on DAG Run:example_branch_dop_operator_v3
[2024-10-16T13:14:46.099+0000] {logging_mixin.py:190} INFO - [2024-10-16T13:14:46.099+0000] {dag.py:3239} INFO - Sync 1 DAGs
[2024-10-16T13:14:46.110+0000] {logging_mixin.py:190} INFO - [2024-10-16T13:14:46.110+0000] {dag.py:3262} INFO - Creating ORM DAG for example_branch_dop_operator_v3
[2024-10-16T13:14:46.124+0000] {logging_mixin.py:190} INFO - [2024-10-16T13:14:46.124+0000] {dag.py:4180} INFO - Setting next_dagrun for example_branch_dop_operator_v3 to 2024-10-16 13:13:00+00:00, run_after=2024-10-16 13:14:00+00:00
[2024-10-16T13:14:46.155+0000] {processor.py:208} INFO - Processing /home/airflow/.local/lib/python3.12/site-packages/airflow/example_dags/example_branch_python_dop_operator_3.py took 0.264 seconds
[2024-10-16T13:16:15.853+0000] {processor.py:186} INFO - Started process (PID=88) to work on /home/airflow/.local/lib/python3.12/site-packages/airflow/example_dags/example_branch_python_dop_operator_3.py
[2024-10-16T13:16:15.855+0000] {processor.py:914} INFO - Processing file /home/airflow/.local/lib/python3.12/site-packages/airflow/example_dags/example_branch_python_dop_operator_3.py for tasks to queue
[2024-10-16T13:16:15.858+0000] {logging_mixin.py:190} INFO - [2024-10-16T13:16:15.858+0000] {dagbag.py:588} INFO - Filling up the DagBag from /home/airflow/.local/lib/python3.12/site-packages/airflow/example_dags/example_branch_python_dop_operator_3.py
[2024-10-16T13:16:15.868+0000] {processor.py:925} INFO - DAG(s) 'example_branch_dop_operator_v3' retrieved from /home/airflow/.local/lib/python3.12/site-packages/airflow/example_dags/example_branch_python_dop_operator_3.py
[2024-10-16T13:16:15.996+0000] {logging_mixin.py:190} INFO - [2024-10-16T13:16:15.995+0000] {override.py:1900} INFO - Created Permission View: can edit on DAG:example_branch_dop_operator_v3
[2024-10-16T13:16:16.009+0000] {logging_mixin.py:190} INFO - [2024-10-16T13:16:16.008+0000] {override.py:1900} INFO - Created Permission View: can read on DAG:example_branch_dop_operator_v3
[2024-10-16T13:16:16.017+0000] {logging_mixin.py:190} INFO - [2024-10-16T13:16:16.017+0000] {override.py:1900} INFO - Created Permission View: can delete on DAG:example_branch_dop_operator_v3
[2024-10-16T13:16:16.031+0000] {logging_mixin.py:190} INFO - [2024-10-16T13:16:16.030+0000] {override.py:1900} INFO - Created Permission View: menu access on DAG Run:example_branch_dop_operator_v3
[2024-10-16T13:16:16.041+0000] {logging_mixin.py:190} INFO - [2024-10-16T13:16:16.041+0000] {override.py:1900} INFO - Created Permission View: can read on DAG Run:example_branch_dop_operator_v3
[2024-10-16T13:16:16.053+0000] {logging_mixin.py:190} INFO - [2024-10-16T13:16:16.052+0000] {override.py:1900} INFO - Created Permission View: can create on DAG Run:example_branch_dop_operator_v3
[2024-10-16T13:16:16.065+0000] {logging_mixin.py:190} INFO - [2024-10-16T13:16:16.064+0000] {override.py:1900} INFO - Created Permission View: can delete on DAG Run:example_branch_dop_operator_v3
[2024-10-16T13:16:16.066+0000] {logging_mixin.py:190} INFO - [2024-10-16T13:16:16.066+0000] {dag.py:3239} INFO - Sync 1 DAGs
[2024-10-16T13:16:16.088+0000] {logging_mixin.py:190} INFO - [2024-10-16T13:16:16.088+0000] {dag.py:3262} INFO - Creating ORM DAG for example_branch_dop_operator_v3
[2024-10-16T13:16:16.110+0000] {logging_mixin.py:190} INFO - [2024-10-16T13:16:16.110+0000] {dag.py:4180} INFO - Setting next_dagrun for example_branch_dop_operator_v3 to 2024-10-16 13:15:00+00:00, run_after=2024-10-16 13:16:00+00:00
[2024-10-16T13:16:16.144+0000] {processor.py:208} INFO - Processing /home/airflow/.local/lib/python3.12/site-packages/airflow/example_dags/example_branch_python_dop_operator_3.py took 0.300 seconds
[2024-10-16T13:16:46.442+0000] {processor.py:186} INFO - Started process (PID=151) to work on /home/airflow/.local/lib/python3.12/site-packages/airflow/example_dags/example_branch_python_dop_operator_3.py
[2024-10-16T13:16:46.444+0000] {processor.py:914} INFO - Processing file /home/airflow/.local/lib/python3.12/site-packages/airflow/example_dags/example_branch_python_dop_operator_3.py for tasks to queue
[2024-10-16T13:16:46.446+0000] {logging_mixin.py:190} INFO - [2024-10-16T13:16:46.446+0000] {dagbag.py:588} INFO - Filling up the DagBag from /home/airflow/.local/lib/python3.12/site-packages/airflow/example_dags/example_branch_python_dop_operator_3.py
[2024-10-16T13:16:46.460+0000] {processor.py:925} INFO - DAG(s) 'example_branch_dop_operator_v3' retrieved from /home/airflow/.local/lib/python3.12/site-packages/airflow/example_dags/example_branch_python_dop_operator_3.py
[2024-10-16T13:16:46.484+0000] {logging_mixin.py:190} INFO - [2024-10-16T13:16:46.484+0000] {dag.py:3239} INFO - Sync 1 DAGs
[2024-10-16T13:16:46.510+0000] {logging_mixin.py:190} INFO - [2024-10-16T13:16:46.510+0000] {dag.py:4180} INFO - Setting next_dagrun for example_branch_dop_operator_v3 to 2024-10-16 13:15:00+00:00, run_after=2024-10-16 13:16:00+00:00
[2024-10-16T13:16:46.538+0000] {processor.py:208} INFO - Processing /home/airflow/.local/lib/python3.12/site-packages/airflow/example_dags/example_branch_python_dop_operator_3.py took 0.100 seconds
[2024-10-16T13:17:17.026+0000] {processor.py:186} INFO - Started process (PID=214) to work on /home/airflow/.local/lib/python3.12/site-packages/airflow/example_dags/example_branch_python_dop_operator_3.py
[2024-10-16T13:17:17.027+0000] {processor.py:914} INFO - Processing file /home/airflow/.local/lib/python3.12/site-packages/airflow/example_dags/example_branch_python_dop_operator_3.py for tasks to queue
[2024-10-16T13:17:17.030+0000] {logging_mixin.py:190} INFO - [2024-10-16T13:17:17.029+0000] {dagbag.py:588} INFO - Filling up the DagBag from /home/airflow/.local/lib/python3.12/site-packages/airflow/example_dags/example_branch_python_dop_operator_3.py
[2024-10-16T13:17:17.044+0000] {processor.py:925} INFO - DAG(s) 'example_branch_dop_operator_v3' retrieved from /home/airflow/.local/lib/python3.12/site-packages/airflow/example_dags/example_branch_python_dop_operator_3.py
[2024-10-16T13:17:17.069+0000] {logging_mixin.py:190} INFO - [2024-10-16T13:17:17.068+0000] {dag.py:3239} INFO - Sync 1 DAGs
[2024-10-16T13:17:17.102+0000] {logging_mixin.py:190} INFO - [2024-10-16T13:17:17.102+0000] {dag.py:4180} INFO - Setting next_dagrun for example_branch_dop_operator_v3 to 2024-10-16 13:16:00+00:00, run_after=2024-10-16 13:17:00+00:00
[2024-10-16T13:17:17.129+0000] {processor.py:208} INFO - Processing /home/airflow/.local/lib/python3.12/site-packages/airflow/example_dags/example_branch_python_dop_operator_3.py took 0.111 seconds
[2024-10-16T13:17:47.396+0000] {processor.py:186} INFO - Started process (PID=276) to work on /home/airflow/.local/lib/python3.12/site-packages/airflow/example_dags/example_branch_python_dop_operator_3.py
[2024-10-16T13:17:47.398+0000] {processor.py:914} INFO - Processing file /home/airflow/.local/lib/python3.12/site-packages/airflow/example_dags/example_branch_python_dop_operator_3.py for tasks to queue
[2024-10-16T13:17:47.403+0000] {logging_mixin.py:190} INFO - [2024-10-16T13:17:47.402+0000] {dagbag.py:588} INFO - Filling up the DagBag from /home/airflow/.local/lib/python3.12/site-packages/airflow/example_dags/example_branch_python_dop_operator_3.py
[2024-10-16T13:17:47.415+0000] {processor.py:925} INFO - DAG(s) 'example_branch_dop_operator_v3' retrieved from /home/airflow/.local/lib/python3.12/site-packages/airflow/example_dags/example_branch_python_dop_operator_3.py
[2024-10-16T13:17:47.442+0000] {logging_mixin.py:190} INFO - [2024-10-16T13:17:47.442+0000] {dag.py:3239} INFO - Sync 1 DAGs
[2024-10-16T13:17:47.474+0000] {logging_mixin.py:190} INFO - [2024-10-16T13:17:47.474+0000] {dag.py:4180} INFO - Setting next_dagrun for example_branch_dop_operator_v3 to 2024-10-16 13:16:00+00:00, run_after=2024-10-16 13:17:00+00:00
[2024-10-16T13:17:47.495+0000] {processor.py:208} INFO - Processing /home/airflow/.local/lib/python3.12/site-packages/airflow/example_dags/example_branch_python_dop_operator_3.py took 0.107 seconds
[2024-10-16T13:18:18.399+0000] {processor.py:186} INFO - Started process (PID=340) to work on /home/airflow/.local/lib/python3.12/site-packages/airflow/example_dags/example_branch_python_dop_operator_3.py
[2024-10-16T13:18:18.400+0000] {processor.py:914} INFO - Processing file /home/airflow/.local/lib/python3.12/site-packages/airflow/example_dags/example_branch_python_dop_operator_3.py for tasks to queue
[2024-10-16T13:18:18.402+0000] {logging_mixin.py:190} INFO - [2024-10-16T13:18:18.401+0000] {dagbag.py:588} INFO - Filling up the DagBag from /home/airflow/.local/lib/python3.12/site-packages/airflow/example_dags/example_branch_python_dop_operator_3.py
[2024-10-16T13:18:18.409+0000] {processor.py:925} INFO - DAG(s) 'example_branch_dop_operator_v3' retrieved from /home/airflow/.local/lib/python3.12/site-packages/airflow/example_dags/example_branch_python_dop_operator_3.py
[2024-10-16T13:18:18.428+0000] {logging_mixin.py:190} INFO - [2024-10-16T13:18:18.427+0000] {dag.py:3239} INFO - Sync 1 DAGs
[2024-10-16T13:18:18.447+0000] {logging_mixin.py:190} INFO - [2024-10-16T13:18:18.447+0000] {dag.py:4180} INFO - Setting next_dagrun for example_branch_dop_operator_v3 to 2024-10-16 13:17:00+00:00, run_after=2024-10-16 13:18:00+00:00
[2024-10-16T13:18:18.469+0000] {processor.py:208} INFO - Processing /home/airflow/.local/lib/python3.12/site-packages/airflow/example_dags/example_branch_python_dop_operator_3.py took 0.075 seconds
[2024-10-16T13:18:49.111+0000] {processor.py:186} INFO - Started process (PID=403) to work on /home/airflow/.local/lib/python3.12/site-packages/airflow/example_dags/example_branch_python_dop_operator_3.py
[2024-10-16T13:18:49.114+0000] {processor.py:914} INFO - Processing file /home/airflow/.local/lib/python3.12/site-packages/airflow/example_dags/example_branch_python_dop_operator_3.py for tasks to queue
[2024-10-16T13:18:49.116+0000] {logging_mixin.py:190} INFO - [2024-10-16T13:18:49.116+0000] {dagbag.py:588} INFO - Filling up the DagBag from /home/airflow/.local/lib/python3.12/site-packages/airflow/example_dags/example_branch_python_dop_operator_3.py
[2024-10-16T13:18:49.129+0000] {processor.py:925} INFO - DAG(s) 'example_branch_dop_operator_v3' retrieved from /home/airflow/.local/lib/python3.12/site-packages/airflow/example_dags/example_branch_python_dop_operator_3.py
[2024-10-16T13:18:49.151+0000] {logging_mixin.py:190} INFO - [2024-10-16T13:18:49.151+0000] {dag.py:3239} INFO - Sync 1 DAGs
[2024-10-16T13:18:49.179+0000] {logging_mixin.py:190} INFO - [2024-10-16T13:18:49.178+0000] {dag.py:4180} INFO - Setting next_dagrun for example_branch_dop_operator_v3 to 2024-10-16 13:17:00+00:00, run_after=2024-10-16 13:18:00+00:00
[2024-10-16T13:18:49.205+0000] {processor.py:208} INFO - Processing /home/airflow/.local/lib/python3.12/site-packages/airflow/example_dags/example_branch_python_dop_operator_3.py took 0.099 seconds
[2024-10-16T13:19:19.764+0000] {processor.py:186} INFO - Started process (PID=466) to work on /home/airflow/.local/lib/python3.12/site-packages/airflow/example_dags/example_branch_python_dop_operator_3.py
[2024-10-16T13:19:19.765+0000] {processor.py:914} INFO - Processing file /home/airflow/.local/lib/python3.12/site-packages/airflow/example_dags/example_branch_python_dop_operator_3.py for tasks to queue
[2024-10-16T13:19:19.769+0000] {logging_mixin.py:190} INFO - [2024-10-16T13:19:19.768+0000] {dagbag.py:588} INFO - Filling up the DagBag from /home/airflow/.local/lib/python3.12/site-packages/airflow/example_dags/example_branch_python_dop_operator_3.py
[2024-10-16T13:19:19.780+0000] {processor.py:925} INFO - DAG(s) 'example_branch_dop_operator_v3' retrieved from /home/airflow/.local/lib/python3.12/site-packages/airflow/example_dags/example_branch_python_dop_operator_3.py
[2024-10-16T13:19:19.799+0000] {logging_mixin.py:190} INFO - [2024-10-16T13:19:19.799+0000] {dag.py:3239} INFO - Sync 1 DAGs
[2024-10-16T13:19:19.830+0000] {logging_mixin.py:190} INFO - [2024-10-16T13:19:19.830+0000] {dag.py:4180} INFO - Setting next_dagrun for example_branch_dop_operator_v3 to 2024-10-16 13:18:00+00:00, run_after=2024-10-16 13:19:00+00:00
[2024-10-16T13:19:19.858+0000] {processor.py:208} INFO - Processing /home/airflow/.local/lib/python3.12/site-packages/airflow/example_dags/example_branch_python_dop_operator_3.py took 0.101 seconds
[2024-10-16T13:19:50.244+0000] {processor.py:186} INFO - Started process (PID=529) to work on /home/airflow/.local/lib/python3.12/site-packages/airflow/example_dags/example_branch_python_dop_operator_3.py
[2024-10-16T13:19:50.245+0000] {processor.py:914} INFO - Processing file /home/airflow/.local/lib/python3.12/site-packages/airflow/example_dags/example_branch_python_dop_operator_3.py for tasks to queue
[2024-10-16T13:19:50.249+0000] {logging_mixin.py:190} INFO - [2024-10-16T13:19:50.248+0000] {dagbag.py:588} INFO - Filling up the DagBag from /home/airflow/.local/lib/python3.12/site-packages/airflow/example_dags/example_branch_python_dop_operator_3.py
[2024-10-16T13:19:50.261+0000] {processor.py:925} INFO - DAG(s) 'example_branch_dop_operator_v3' retrieved from /home/airflow/.local/lib/python3.12/site-packages/airflow/example_dags/example_branch_python_dop_operator_3.py
[2024-10-16T13:19:50.290+0000] {logging_mixin.py:190} INFO - [2024-10-16T13:19:50.290+0000] {dag.py:3239} INFO - Sync 1 DAGs
[2024-10-16T13:19:50.329+0000] {logging_mixin.py:190} INFO - [2024-10-16T13:19:50.328+0000] {dag.py:4180} INFO - Setting next_dagrun for example_branch_dop_operator_v3 to 2024-10-16 13:18:00+00:00, run_after=2024-10-16 13:19:00+00:00
[2024-10-16T13:19:50.359+0000] {processor.py:208} INFO - Processing /home/airflow/.local/lib/python3.12/site-packages/airflow/example_dags/example_branch_python_dop_operator_3.py took 0.124 seconds
[2024-10-16T13:20:21.135+0000] {processor.py:186} INFO - Started process (PID=592) to work on /home/airflow/.local/lib/python3.12/site-packages/airflow/example_dags/example_branch_python_dop_operator_3.py
[2024-10-16T13:20:21.136+0000] {processor.py:914} INFO - Processing file /home/airflow/.local/lib/python3.12/site-packages/airflow/example_dags/example_branch_python_dop_operator_3.py for tasks to queue
[2024-10-16T13:20:21.138+0000] {logging_mixin.py:190} INFO - [2024-10-16T13:20:21.138+0000] {dagbag.py:588} INFO - Filling up the DagBag from /home/airflow/.local/lib/python3.12/site-packages/airflow/example_dags/example_branch_python_dop_operator_3.py
[2024-10-16T13:20:21.147+0000] {processor.py:925} INFO - DAG(s) 'example_branch_dop_operator_v3' retrieved from /home/airflow/.local/lib/python3.12/site-packages/airflow/example_dags/example_branch_python_dop_operator_3.py
[2024-10-16T13:20:21.165+0000] {logging_mixin.py:190} INFO - [2024-10-16T13:20:21.165+0000] {dag.py:3239} INFO - Sync 1 DAGs
[2024-10-16T13:20:21.186+0000] {logging_mixin.py:190} INFO - [2024-10-16T13:20:21.186+0000] {dag.py:4180} INFO - Setting next_dagrun for example_branch_dop_operator_v3 to 2024-10-16 13:19:00+00:00, run_after=2024-10-16 13:20:00+00:00
[2024-10-16T13:20:21.209+0000] {processor.py:208} INFO - Processing /home/airflow/.local/lib/python3.12/site-packages/airflow/example_dags/example_branch_python_dop_operator_3.py took 0.080 seconds
[2024-10-16T13:22:01.702+0000] {processor.py:186} INFO - Started process (PID=87) to work on /home/airflow/.local/lib/python3.12/site-packages/airflow/example_dags/example_branch_python_dop_operator_3.py
[2024-10-16T13:22:01.704+0000] {processor.py:914} INFO - Processing file /home/airflow/.local/lib/python3.12/site-packages/airflow/example_dags/example_branch_python_dop_operator_3.py for tasks to queue
[2024-10-16T13:22:01.707+0000] {logging_mixin.py:190} INFO - [2024-10-16T13:22:01.706+0000] {dagbag.py:588} INFO - Filling up the DagBag from /home/airflow/.local/lib/python3.12/site-packages/airflow/example_dags/example_branch_python_dop_operator_3.py
[2024-10-16T13:22:01.725+0000] {processor.py:925} INFO - DAG(s) 'example_branch_dop_operator_v3' retrieved from /home/airflow/.local/lib/python3.12/site-packages/airflow/example_dags/example_branch_python_dop_operator_3.py
[2024-10-16T13:22:01.874+0000] {logging_mixin.py:190} INFO - [2024-10-16T13:22:01.873+0000] {override.py:1900} INFO - Created Permission View: can edit on DAG:example_branch_dop_operator_v3
[2024-10-16T13:22:01.889+0000] {logging_mixin.py:190} INFO - [2024-10-16T13:22:01.888+0000] {override.py:1900} INFO - Created Permission View: can read on DAG:example_branch_dop_operator_v3
[2024-10-16T13:22:01.897+0000] {logging_mixin.py:190} INFO - [2024-10-16T13:22:01.896+0000] {override.py:1900} INFO - Created Permission View: can delete on DAG:example_branch_dop_operator_v3
[2024-10-16T13:22:01.905+0000] {logging_mixin.py:190} INFO - [2024-10-16T13:22:01.905+0000] {override.py:1900} INFO - Created Permission View: can delete on DAG Run:example_branch_dop_operator_v3
[2024-10-16T13:22:01.914+0000] {logging_mixin.py:190} INFO - [2024-10-16T13:22:01.913+0000] {override.py:1900} INFO - Created Permission View: can read on DAG Run:example_branch_dop_operator_v3
[2024-10-16T13:22:01.920+0000] {logging_mixin.py:190} INFO - [2024-10-16T13:22:01.920+0000] {override.py:1900} INFO - Created Permission View: menu access on DAG Run:example_branch_dop_operator_v3
[2024-10-16T13:22:01.927+0000] {logging_mixin.py:190} INFO - [2024-10-16T13:22:01.926+0000] {override.py:1900} INFO - Created Permission View: can create on DAG Run:example_branch_dop_operator_v3
[2024-10-16T13:22:01.928+0000] {logging_mixin.py:190} INFO - [2024-10-16T13:22:01.927+0000] {dag.py:3239} INFO - Sync 1 DAGs
[2024-10-16T13:22:01.943+0000] {logging_mixin.py:190} INFO - [2024-10-16T13:22:01.943+0000] {dag.py:3262} INFO - Creating ORM DAG for example_branch_dop_operator_v3
[2024-10-16T13:22:01.961+0000] {logging_mixin.py:190} INFO - [2024-10-16T13:22:01.960+0000] {dag.py:4180} INFO - Setting next_dagrun for example_branch_dop_operator_v3 to 2024-10-16 13:21:00+00:00, run_after=2024-10-16 13:22:00+00:00
[2024-10-16T13:22:01.988+0000] {processor.py:208} INFO - Processing /home/airflow/.local/lib/python3.12/site-packages/airflow/example_dags/example_branch_python_dop_operator_3.py took 0.293 seconds
[2024-10-16T13:22:32.574+0000] {processor.py:186} INFO - Started process (PID=150) to work on /home/airflow/.local/lib/python3.12/site-packages/airflow/example_dags/example_branch_python_dop_operator_3.py
[2024-10-16T13:22:32.575+0000] {processor.py:914} INFO - Processing file /home/airflow/.local/lib/python3.12/site-packages/airflow/example_dags/example_branch_python_dop_operator_3.py for tasks to queue
[2024-10-16T13:22:32.581+0000] {logging_mixin.py:190} INFO - [2024-10-16T13:22:32.581+0000] {dagbag.py:588} INFO - Filling up the DagBag from /home/airflow/.local/lib/python3.12/site-packages/airflow/example_dags/example_branch_python_dop_operator_3.py
[2024-10-16T13:22:32.600+0000] {processor.py:925} INFO - DAG(s) 'example_branch_dop_operator_v3' retrieved from /home/airflow/.local/lib/python3.12/site-packages/airflow/example_dags/example_branch_python_dop_operator_3.py
[2024-10-16T13:22:32.628+0000] {logging_mixin.py:190} INFO - [2024-10-16T13:22:32.628+0000] {dag.py:3239} INFO - Sync 1 DAGs
[2024-10-16T13:22:32.667+0000] {logging_mixin.py:190} INFO - [2024-10-16T13:22:32.667+0000] {dag.py:4180} INFO - Setting next_dagrun for example_branch_dop_operator_v3 to 2024-10-16 13:21:00+00:00, run_after=2024-10-16 13:22:00+00:00
[2024-10-16T13:22:32.703+0000] {processor.py:208} INFO - Processing /home/airflow/.local/lib/python3.12/site-packages/airflow/example_dags/example_branch_python_dop_operator_3.py took 0.137 seconds
[2024-10-16T13:23:03.471+0000] {processor.py:186} INFO - Started process (PID=213) to work on /home/airflow/.local/lib/python3.12/site-packages/airflow/example_dags/example_branch_python_dop_operator_3.py
[2024-10-16T13:23:03.473+0000] {processor.py:914} INFO - Processing file /home/airflow/.local/lib/python3.12/site-packages/airflow/example_dags/example_branch_python_dop_operator_3.py for tasks to queue
[2024-10-16T13:23:03.474+0000] {logging_mixin.py:190} INFO - [2024-10-16T13:23:03.474+0000] {dagbag.py:588} INFO - Filling up the DagBag from /home/airflow/.local/lib/python3.12/site-packages/airflow/example_dags/example_branch_python_dop_operator_3.py
[2024-10-16T13:23:03.482+0000] {processor.py:925} INFO - DAG(s) 'example_branch_dop_operator_v3' retrieved from /home/airflow/.local/lib/python3.12/site-packages/airflow/example_dags/example_branch_python_dop_operator_3.py
[2024-10-16T13:23:03.496+0000] {logging_mixin.py:190} INFO - [2024-10-16T13:23:03.496+0000] {dag.py:3239} INFO - Sync 1 DAGs
[2024-10-16T13:23:03.514+0000] {logging_mixin.py:190} INFO - [2024-10-16T13:23:03.514+0000] {dag.py:4180} INFO - Setting next_dagrun for example_branch_dop_operator_v3 to 2024-10-16 13:22:00+00:00, run_after=2024-10-16 13:23:00+00:00
[2024-10-16T13:23:03.536+0000] {processor.py:208} INFO - Processing /home/airflow/.local/lib/python3.12/site-packages/airflow/example_dags/example_branch_python_dop_operator_3.py took 0.069 seconds
[2024-10-16T13:23:34.642+0000] {processor.py:186} INFO - Started process (PID=276) to work on /home/airflow/.local/lib/python3.12/site-packages/airflow/example_dags/example_branch_python_dop_operator_3.py
[2024-10-16T13:23:34.644+0000] {processor.py:914} INFO - Processing file /home/airflow/.local/lib/python3.12/site-packages/airflow/example_dags/example_branch_python_dop_operator_3.py for tasks to queue
[2024-10-16T13:23:34.648+0000] {logging_mixin.py:190} INFO - [2024-10-16T13:23:34.648+0000] {dagbag.py:588} INFO - Filling up the DagBag from /home/airflow/.local/lib/python3.12/site-packages/airflow/example_dags/example_branch_python_dop_operator_3.py
[2024-10-16T13:23:34.662+0000] {processor.py:925} INFO - DAG(s) 'example_branch_dop_operator_v3' retrieved from /home/airflow/.local/lib/python3.12/site-packages/airflow/example_dags/example_branch_python_dop_operator_3.py
[2024-10-16T13:23:34.685+0000] {logging_mixin.py:190} INFO - [2024-10-16T13:23:34.685+0000] {dag.py:3239} INFO - Sync 1 DAGs
[2024-10-16T13:23:34.718+0000] {logging_mixin.py:190} INFO - [2024-10-16T13:23:34.718+0000] {dag.py:4180} INFO - Setting next_dagrun for example_branch_dop_operator_v3 to 2024-10-16 13:22:00+00:00, run_after=2024-10-16 13:23:00+00:00
[2024-10-16T13:23:34.743+0000] {processor.py:208} INFO - Processing /home/airflow/.local/lib/python3.12/site-packages/airflow/example_dags/example_branch_python_dop_operator_3.py took 0.109 seconds
