[2024-10-16T12:50:32.904+0000] {processor.py:186} INFO - Started process (PID=98) to work on /home/airflow/.local/lib/python3.12/site-packages/airflow/example_dags/example_xcom.py
[2024-10-16T12:50:32.905+0000] {processor.py:914} INFO - Processing file /home/airflow/.local/lib/python3.12/site-packages/airflow/example_dags/example_xcom.py for tasks to queue
[2024-10-16T12:50:32.907+0000] {logging_mixin.py:190} INFO - [2024-10-16T12:50:32.907+0000] {dagbag.py:588} INFO - Filling up the DagBag from /home/airflow/.local/lib/python3.12/site-packages/airflow/example_dags/example_xcom.py
[2024-10-16T12:50:32.918+0000] {processor.py:925} INFO - DAG(s) 'example_xcom' retrieved from /home/airflow/.local/lib/python3.12/site-packages/airflow/example_dags/example_xcom.py
[2024-10-16T12:50:33.007+0000] {logging_mixin.py:190} INFO - [2024-10-16T12:50:33.007+0000] {override.py:1900} INFO - Created Permission View: can edit on DAG:example_xcom
[2024-10-16T12:50:33.018+0000] {logging_mixin.py:190} INFO - [2024-10-16T12:50:33.017+0000] {override.py:1900} INFO - Created Permission View: can read on DAG:example_xcom
[2024-10-16T12:50:33.025+0000] {logging_mixin.py:190} INFO - [2024-10-16T12:50:33.025+0000] {override.py:1900} INFO - Created Permission View: can delete on DAG:example_xcom
[2024-10-16T12:50:33.033+0000] {logging_mixin.py:190} INFO - [2024-10-16T12:50:33.033+0000] {override.py:1900} INFO - Created Permission View: can delete on DAG Run:example_xcom
[2024-10-16T12:50:33.040+0000] {logging_mixin.py:190} INFO - [2024-10-16T12:50:33.040+0000] {override.py:1900} INFO - Created Permission View: menu access on DAG Run:example_xcom
[2024-10-16T12:50:33.047+0000] {logging_mixin.py:190} INFO - [2024-10-16T12:50:33.047+0000] {override.py:1900} INFO - Created Permission View: can create on DAG Run:example_xcom
[2024-10-16T12:50:33.056+0000] {logging_mixin.py:190} INFO - [2024-10-16T12:50:33.056+0000] {override.py:1900} INFO - Created Permission View: can read on DAG Run:example_xcom
[2024-10-16T12:50:33.056+0000] {logging_mixin.py:190} INFO - [2024-10-16T12:50:33.056+0000] {dag.py:3239} INFO - Sync 1 DAGs
[2024-10-16T12:50:33.068+0000] {logging_mixin.py:190} INFO - [2024-10-16T12:50:33.067+0000] {dag.py:3262} INFO - Creating ORM DAG for example_xcom
[2024-10-16T12:50:33.076+0000] {logging_mixin.py:190} INFO - [2024-10-16T12:50:33.075+0000] {dag.py:4180} INFO - Setting next_dagrun for example_xcom to 2021-01-01 00:00:00+00:00, run_after=2021-01-01 00:00:00+00:00
[2024-10-16T12:50:33.092+0000] {processor.py:208} INFO - Processing /home/airflow/.local/lib/python3.12/site-packages/airflow/example_dags/example_xcom.py took 0.195 seconds
[2024-10-16T12:51:03.175+0000] {processor.py:186} INFO - Started process (PID=159) to work on /home/airflow/.local/lib/python3.12/site-packages/airflow/example_dags/example_xcom.py
[2024-10-16T12:51:03.179+0000] {processor.py:914} INFO - Processing file /home/airflow/.local/lib/python3.12/site-packages/airflow/example_dags/example_xcom.py for tasks to queue
[2024-10-16T12:51:03.181+0000] {logging_mixin.py:190} INFO - [2024-10-16T12:51:03.181+0000] {dagbag.py:588} INFO - Filling up the DagBag from /home/airflow/.local/lib/python3.12/site-packages/airflow/example_dags/example_xcom.py
[2024-10-16T12:51:03.188+0000] {processor.py:925} INFO - DAG(s) 'example_xcom' retrieved from /home/airflow/.local/lib/python3.12/site-packages/airflow/example_dags/example_xcom.py
[2024-10-16T12:51:03.207+0000] {logging_mixin.py:190} INFO - [2024-10-16T12:51:03.206+0000] {dag.py:3239} INFO - Sync 1 DAGs
[2024-10-16T12:51:03.224+0000] {logging_mixin.py:190} INFO - [2024-10-16T12:51:03.224+0000] {dag.py:4180} INFO - Setting next_dagrun for example_xcom to 2021-01-01 00:00:00+00:00, run_after=2021-01-01 00:00:00+00:00
[2024-10-16T12:51:03.269+0000] {processor.py:208} INFO - Processing /home/airflow/.local/lib/python3.12/site-packages/airflow/example_dags/example_xcom.py took 0.099 seconds
[2024-10-16T12:51:34.120+0000] {processor.py:186} INFO - Started process (PID=221) to work on /home/airflow/.local/lib/python3.12/site-packages/airflow/example_dags/example_xcom.py
[2024-10-16T12:51:34.121+0000] {processor.py:914} INFO - Processing file /home/airflow/.local/lib/python3.12/site-packages/airflow/example_dags/example_xcom.py for tasks to queue
[2024-10-16T12:51:34.124+0000] {logging_mixin.py:190} INFO - [2024-10-16T12:51:34.123+0000] {dagbag.py:588} INFO - Filling up the DagBag from /home/airflow/.local/lib/python3.12/site-packages/airflow/example_dags/example_xcom.py
[2024-10-16T12:51:34.131+0000] {processor.py:925} INFO - DAG(s) 'example_xcom' retrieved from /home/airflow/.local/lib/python3.12/site-packages/airflow/example_dags/example_xcom.py
[2024-10-16T12:51:34.152+0000] {logging_mixin.py:190} INFO - [2024-10-16T12:51:34.152+0000] {dag.py:3239} INFO - Sync 1 DAGs
[2024-10-16T12:51:34.185+0000] {logging_mixin.py:190} INFO - [2024-10-16T12:51:34.184+0000] {dag.py:4180} INFO - Setting next_dagrun for example_xcom to 2021-01-01 00:00:00+00:00, run_after=2021-01-01 00:00:00+00:00
[2024-10-16T12:51:34.209+0000] {processor.py:208} INFO - Processing /home/airflow/.local/lib/python3.12/site-packages/airflow/example_dags/example_xcom.py took 0.095 seconds
[2024-10-16T12:52:04.306+0000] {processor.py:186} INFO - Started process (PID=283) to work on /home/airflow/.local/lib/python3.12/site-packages/airflow/example_dags/example_xcom.py
[2024-10-16T12:52:04.308+0000] {processor.py:914} INFO - Processing file /home/airflow/.local/lib/python3.12/site-packages/airflow/example_dags/example_xcom.py for tasks to queue
[2024-10-16T12:52:04.311+0000] {logging_mixin.py:190} INFO - [2024-10-16T12:52:04.311+0000] {dagbag.py:588} INFO - Filling up the DagBag from /home/airflow/.local/lib/python3.12/site-packages/airflow/example_dags/example_xcom.py
[2024-10-16T12:52:04.322+0000] {processor.py:925} INFO - DAG(s) 'example_xcom' retrieved from /home/airflow/.local/lib/python3.12/site-packages/airflow/example_dags/example_xcom.py
[2024-10-16T12:52:04.351+0000] {logging_mixin.py:190} INFO - [2024-10-16T12:52:04.350+0000] {dag.py:3239} INFO - Sync 1 DAGs
[2024-10-16T12:52:04.390+0000] {logging_mixin.py:190} INFO - [2024-10-16T12:52:04.389+0000] {dag.py:4180} INFO - Setting next_dagrun for example_xcom to 2021-01-01 00:00:00+00:00, run_after=2021-01-01 00:00:00+00:00
[2024-10-16T12:52:04.423+0000] {processor.py:208} INFO - Processing /home/airflow/.local/lib/python3.12/site-packages/airflow/example_dags/example_xcom.py took 0.123 seconds
[2024-10-16T12:52:34.926+0000] {processor.py:186} INFO - Started process (PID=346) to work on /home/airflow/.local/lib/python3.12/site-packages/airflow/example_dags/example_xcom.py
[2024-10-16T12:52:34.927+0000] {processor.py:914} INFO - Processing file /home/airflow/.local/lib/python3.12/site-packages/airflow/example_dags/example_xcom.py for tasks to queue
[2024-10-16T12:52:34.931+0000] {logging_mixin.py:190} INFO - [2024-10-16T12:52:34.930+0000] {dagbag.py:588} INFO - Filling up the DagBag from /home/airflow/.local/lib/python3.12/site-packages/airflow/example_dags/example_xcom.py
[2024-10-16T12:52:34.944+0000] {processor.py:925} INFO - DAG(s) 'example_xcom' retrieved from /home/airflow/.local/lib/python3.12/site-packages/airflow/example_dags/example_xcom.py
[2024-10-16T12:52:34.974+0000] {logging_mixin.py:190} INFO - [2024-10-16T12:52:34.973+0000] {dag.py:3239} INFO - Sync 1 DAGs
[2024-10-16T12:52:35.017+0000] {logging_mixin.py:190} INFO - [2024-10-16T12:52:35.017+0000] {dag.py:4180} INFO - Setting next_dagrun for example_xcom to 2021-01-01 00:00:00+00:00, run_after=2021-01-01 00:00:00+00:00
[2024-10-16T12:52:35.048+0000] {processor.py:208} INFO - Processing /home/airflow/.local/lib/python3.12/site-packages/airflow/example_dags/example_xcom.py took 0.133 seconds
[2024-10-16T12:53:05.647+0000] {processor.py:186} INFO - Started process (PID=408) to work on /home/airflow/.local/lib/python3.12/site-packages/airflow/example_dags/example_xcom.py
[2024-10-16T12:53:05.649+0000] {processor.py:914} INFO - Processing file /home/airflow/.local/lib/python3.12/site-packages/airflow/example_dags/example_xcom.py for tasks to queue
[2024-10-16T12:53:05.651+0000] {logging_mixin.py:190} INFO - [2024-10-16T12:53:05.651+0000] {dagbag.py:588} INFO - Filling up the DagBag from /home/airflow/.local/lib/python3.12/site-packages/airflow/example_dags/example_xcom.py
[2024-10-16T12:53:05.661+0000] {processor.py:925} INFO - DAG(s) 'example_xcom' retrieved from /home/airflow/.local/lib/python3.12/site-packages/airflow/example_dags/example_xcom.py
[2024-10-16T12:53:05.683+0000] {logging_mixin.py:190} INFO - [2024-10-16T12:53:05.683+0000] {dag.py:3239} INFO - Sync 1 DAGs
[2024-10-16T12:53:05.711+0000] {logging_mixin.py:190} INFO - [2024-10-16T12:53:05.711+0000] {dag.py:4180} INFO - Setting next_dagrun for example_xcom to 2021-01-01 00:00:00+00:00, run_after=2021-01-01 00:00:00+00:00
[2024-10-16T12:53:05.740+0000] {processor.py:208} INFO - Processing /home/airflow/.local/lib/python3.12/site-packages/airflow/example_dags/example_xcom.py took 0.097 seconds
[2024-10-16T12:53:37.188+0000] {processor.py:186} INFO - Started process (PID=470) to work on /home/airflow/.local/lib/python3.12/site-packages/airflow/example_dags/example_xcom.py
[2024-10-16T12:53:37.190+0000] {processor.py:914} INFO - Processing file /home/airflow/.local/lib/python3.12/site-packages/airflow/example_dags/example_xcom.py for tasks to queue
[2024-10-16T12:53:37.192+0000] {logging_mixin.py:190} INFO - [2024-10-16T12:53:37.192+0000] {dagbag.py:588} INFO - Filling up the DagBag from /home/airflow/.local/lib/python3.12/site-packages/airflow/example_dags/example_xcom.py
[2024-10-16T12:53:37.208+0000] {processor.py:925} INFO - DAG(s) 'example_xcom' retrieved from /home/airflow/.local/lib/python3.12/site-packages/airflow/example_dags/example_xcom.py
[2024-10-16T12:53:37.242+0000] {logging_mixin.py:190} INFO - [2024-10-16T12:53:37.241+0000] {dag.py:3239} INFO - Sync 1 DAGs
[2024-10-16T12:53:37.291+0000] {logging_mixin.py:190} INFO - [2024-10-16T12:53:37.291+0000] {dag.py:4180} INFO - Setting next_dagrun for example_xcom to 2021-01-01 00:00:00+00:00, run_after=2021-01-01 00:00:00+00:00
[2024-10-16T12:53:37.348+0000] {processor.py:208} INFO - Processing /home/airflow/.local/lib/python3.12/site-packages/airflow/example_dags/example_xcom.py took 0.172 seconds
[2024-10-16T12:54:08.246+0000] {processor.py:186} INFO - Started process (PID=533) to work on /home/airflow/.local/lib/python3.12/site-packages/airflow/example_dags/example_xcom.py
[2024-10-16T12:54:08.247+0000] {processor.py:914} INFO - Processing file /home/airflow/.local/lib/python3.12/site-packages/airflow/example_dags/example_xcom.py for tasks to queue
[2024-10-16T12:54:08.257+0000] {logging_mixin.py:190} INFO - [2024-10-16T12:54:08.256+0000] {dagbag.py:588} INFO - Filling up the DagBag from /home/airflow/.local/lib/python3.12/site-packages/airflow/example_dags/example_xcom.py
[2024-10-16T12:54:08.268+0000] {processor.py:925} INFO - DAG(s) 'example_xcom' retrieved from /home/airflow/.local/lib/python3.12/site-packages/airflow/example_dags/example_xcom.py
[2024-10-16T12:54:08.309+0000] {logging_mixin.py:190} INFO - [2024-10-16T12:54:08.308+0000] {dag.py:3239} INFO - Sync 1 DAGs
[2024-10-16T12:54:08.345+0000] {logging_mixin.py:190} INFO - [2024-10-16T12:54:08.344+0000] {dag.py:4180} INFO - Setting next_dagrun for example_xcom to 2021-01-01 00:00:00+00:00, run_after=2021-01-01 00:00:00+00:00
[2024-10-16T12:54:08.376+0000] {processor.py:208} INFO - Processing /home/airflow/.local/lib/python3.12/site-packages/airflow/example_dags/example_xcom.py took 0.138 seconds
[2024-10-16T12:54:39.781+0000] {processor.py:186} INFO - Started process (PID=594) to work on /home/airflow/.local/lib/python3.12/site-packages/airflow/example_dags/example_xcom.py
[2024-10-16T12:54:39.783+0000] {processor.py:914} INFO - Processing file /home/airflow/.local/lib/python3.12/site-packages/airflow/example_dags/example_xcom.py for tasks to queue
[2024-10-16T12:54:39.791+0000] {logging_mixin.py:190} INFO - [2024-10-16T12:54:39.791+0000] {dagbag.py:588} INFO - Filling up the DagBag from /home/airflow/.local/lib/python3.12/site-packages/airflow/example_dags/example_xcom.py
[2024-10-16T12:54:39.835+0000] {processor.py:925} INFO - DAG(s) 'example_xcom' retrieved from /home/airflow/.local/lib/python3.12/site-packages/airflow/example_dags/example_xcom.py
[2024-10-16T12:54:39.862+0000] {logging_mixin.py:190} INFO - [2024-10-16T12:54:39.862+0000] {dag.py:3239} INFO - Sync 1 DAGs
[2024-10-16T12:54:39.943+0000] {logging_mixin.py:190} INFO - [2024-10-16T12:54:39.942+0000] {dag.py:4180} INFO - Setting next_dagrun for example_xcom to 2021-01-01 00:00:00+00:00, run_after=2021-01-01 00:00:00+00:00
[2024-10-16T12:54:39.973+0000] {processor.py:208} INFO - Processing /home/airflow/.local/lib/python3.12/site-packages/airflow/example_dags/example_xcom.py took 0.201 seconds
[2024-10-16T12:55:10.968+0000] {processor.py:186} INFO - Started process (PID=658) to work on /home/airflow/.local/lib/python3.12/site-packages/airflow/example_dags/example_xcom.py
[2024-10-16T12:55:10.970+0000] {processor.py:914} INFO - Processing file /home/airflow/.local/lib/python3.12/site-packages/airflow/example_dags/example_xcom.py for tasks to queue
[2024-10-16T12:55:10.973+0000] {logging_mixin.py:190} INFO - [2024-10-16T12:55:10.973+0000] {dagbag.py:588} INFO - Filling up the DagBag from /home/airflow/.local/lib/python3.12/site-packages/airflow/example_dags/example_xcom.py
[2024-10-16T12:55:10.983+0000] {processor.py:925} INFO - DAG(s) 'example_xcom' retrieved from /home/airflow/.local/lib/python3.12/site-packages/airflow/example_dags/example_xcom.py
[2024-10-16T12:55:11.009+0000] {logging_mixin.py:190} INFO - [2024-10-16T12:55:11.009+0000] {dag.py:3239} INFO - Sync 1 DAGs
[2024-10-16T12:55:11.036+0000] {logging_mixin.py:190} INFO - [2024-10-16T12:55:11.035+0000] {dag.py:4180} INFO - Setting next_dagrun for example_xcom to 2021-01-01 00:00:00+00:00, run_after=2021-01-01 00:00:00+00:00
[2024-10-16T12:55:11.119+0000] {processor.py:208} INFO - Processing /home/airflow/.local/lib/python3.12/site-packages/airflow/example_dags/example_xcom.py took 0.158 seconds
[2024-10-16T12:55:41.742+0000] {processor.py:186} INFO - Started process (PID=720) to work on /home/airflow/.local/lib/python3.12/site-packages/airflow/example_dags/example_xcom.py
[2024-10-16T12:55:41.745+0000] {processor.py:914} INFO - Processing file /home/airflow/.local/lib/python3.12/site-packages/airflow/example_dags/example_xcom.py for tasks to queue
[2024-10-16T12:55:41.749+0000] {logging_mixin.py:190} INFO - [2024-10-16T12:55:41.749+0000] {dagbag.py:588} INFO - Filling up the DagBag from /home/airflow/.local/lib/python3.12/site-packages/airflow/example_dags/example_xcom.py
[2024-10-16T12:55:41.767+0000] {processor.py:925} INFO - DAG(s) 'example_xcom' retrieved from /home/airflow/.local/lib/python3.12/site-packages/airflow/example_dags/example_xcom.py
[2024-10-16T12:55:41.804+0000] {logging_mixin.py:190} INFO - [2024-10-16T12:55:41.804+0000] {dag.py:3239} INFO - Sync 1 DAGs
[2024-10-16T12:55:41.831+0000] {logging_mixin.py:190} INFO - [2024-10-16T12:55:41.831+0000] {dag.py:4180} INFO - Setting next_dagrun for example_xcom to 2021-01-01 00:00:00+00:00, run_after=2021-01-01 00:00:00+00:00
[2024-10-16T12:55:41.859+0000] {processor.py:208} INFO - Processing /home/airflow/.local/lib/python3.12/site-packages/airflow/example_dags/example_xcom.py took 0.126 seconds
[2024-10-16T12:56:12.707+0000] {processor.py:186} INFO - Started process (PID=782) to work on /home/airflow/.local/lib/python3.12/site-packages/airflow/example_dags/example_xcom.py
[2024-10-16T12:56:12.708+0000] {processor.py:914} INFO - Processing file /home/airflow/.local/lib/python3.12/site-packages/airflow/example_dags/example_xcom.py for tasks to queue
[2024-10-16T12:56:12.709+0000] {logging_mixin.py:190} INFO - [2024-10-16T12:56:12.709+0000] {dagbag.py:588} INFO - Filling up the DagBag from /home/airflow/.local/lib/python3.12/site-packages/airflow/example_dags/example_xcom.py
[2024-10-16T12:56:12.716+0000] {processor.py:925} INFO - DAG(s) 'example_xcom' retrieved from /home/airflow/.local/lib/python3.12/site-packages/airflow/example_dags/example_xcom.py
[2024-10-16T12:56:12.732+0000] {logging_mixin.py:190} INFO - [2024-10-16T12:56:12.732+0000] {dag.py:3239} INFO - Sync 1 DAGs
[2024-10-16T12:56:12.748+0000] {logging_mixin.py:190} INFO - [2024-10-16T12:56:12.748+0000] {dag.py:4180} INFO - Setting next_dagrun for example_xcom to 2021-01-01 00:00:00+00:00, run_after=2021-01-01 00:00:00+00:00
[2024-10-16T12:56:12.767+0000] {processor.py:208} INFO - Processing /home/airflow/.local/lib/python3.12/site-packages/airflow/example_dags/example_xcom.py took 0.066 seconds
[2024-10-16T12:56:43.036+0000] {processor.py:186} INFO - Started process (PID=844) to work on /home/airflow/.local/lib/python3.12/site-packages/airflow/example_dags/example_xcom.py
[2024-10-16T12:56:43.037+0000] {processor.py:914} INFO - Processing file /home/airflow/.local/lib/python3.12/site-packages/airflow/example_dags/example_xcom.py for tasks to queue
[2024-10-16T12:56:43.039+0000] {logging_mixin.py:190} INFO - [2024-10-16T12:56:43.039+0000] {dagbag.py:588} INFO - Filling up the DagBag from /home/airflow/.local/lib/python3.12/site-packages/airflow/example_dags/example_xcom.py
[2024-10-16T12:56:43.049+0000] {processor.py:925} INFO - DAG(s) 'example_xcom' retrieved from /home/airflow/.local/lib/python3.12/site-packages/airflow/example_dags/example_xcom.py
[2024-10-16T12:56:43.067+0000] {logging_mixin.py:190} INFO - [2024-10-16T12:56:43.067+0000] {dag.py:3239} INFO - Sync 1 DAGs
[2024-10-16T12:56:43.085+0000] {logging_mixin.py:190} INFO - [2024-10-16T12:56:43.084+0000] {dag.py:4180} INFO - Setting next_dagrun for example_xcom to 2021-01-01 00:00:00+00:00, run_after=2021-01-01 00:00:00+00:00
[2024-10-16T12:56:43.107+0000] {processor.py:208} INFO - Processing /home/airflow/.local/lib/python3.12/site-packages/airflow/example_dags/example_xcom.py took 0.076 seconds
[2024-10-16T12:57:13.849+0000] {processor.py:186} INFO - Started process (PID=906) to work on /home/airflow/.local/lib/python3.12/site-packages/airflow/example_dags/example_xcom.py
[2024-10-16T12:57:13.851+0000] {processor.py:914} INFO - Processing file /home/airflow/.local/lib/python3.12/site-packages/airflow/example_dags/example_xcom.py for tasks to queue
[2024-10-16T12:57:13.853+0000] {logging_mixin.py:190} INFO - [2024-10-16T12:57:13.853+0000] {dagbag.py:588} INFO - Filling up the DagBag from /home/airflow/.local/lib/python3.12/site-packages/airflow/example_dags/example_xcom.py
[2024-10-16T12:57:13.864+0000] {processor.py:925} INFO - DAG(s) 'example_xcom' retrieved from /home/airflow/.local/lib/python3.12/site-packages/airflow/example_dags/example_xcom.py
[2024-10-16T12:57:13.945+0000] {logging_mixin.py:190} INFO - [2024-10-16T12:57:13.945+0000] {dag.py:3239} INFO - Sync 1 DAGs
[2024-10-16T12:57:13.966+0000] {logging_mixin.py:190} INFO - [2024-10-16T12:57:13.966+0000] {dag.py:4180} INFO - Setting next_dagrun for example_xcom to 2021-01-01 00:00:00+00:00, run_after=2021-01-01 00:00:00+00:00
[2024-10-16T12:57:13.990+0000] {processor.py:208} INFO - Processing /home/airflow/.local/lib/python3.12/site-packages/airflow/example_dags/example_xcom.py took 0.146 seconds
[2024-10-16T12:57:44.491+0000] {processor.py:186} INFO - Started process (PID=967) to work on /home/airflow/.local/lib/python3.12/site-packages/airflow/example_dags/example_xcom.py
[2024-10-16T12:57:44.493+0000] {processor.py:914} INFO - Processing file /home/airflow/.local/lib/python3.12/site-packages/airflow/example_dags/example_xcom.py for tasks to queue
[2024-10-16T12:57:44.495+0000] {logging_mixin.py:190} INFO - [2024-10-16T12:57:44.495+0000] {dagbag.py:588} INFO - Filling up the DagBag from /home/airflow/.local/lib/python3.12/site-packages/airflow/example_dags/example_xcom.py
[2024-10-16T12:57:44.503+0000] {processor.py:925} INFO - DAG(s) 'example_xcom' retrieved from /home/airflow/.local/lib/python3.12/site-packages/airflow/example_dags/example_xcom.py
[2024-10-16T12:57:44.529+0000] {logging_mixin.py:190} INFO - [2024-10-16T12:57:44.529+0000] {dag.py:3239} INFO - Sync 1 DAGs
[2024-10-16T12:57:44.553+0000] {logging_mixin.py:190} INFO - [2024-10-16T12:57:44.553+0000] {dag.py:4180} INFO - Setting next_dagrun for example_xcom to 2021-01-01 00:00:00+00:00, run_after=2021-01-01 00:00:00+00:00
[2024-10-16T12:57:44.577+0000] {processor.py:208} INFO - Processing /home/airflow/.local/lib/python3.12/site-packages/airflow/example_dags/example_xcom.py took 0.091 seconds
[2024-10-16T12:58:14.913+0000] {processor.py:186} INFO - Started process (PID=1030) to work on /home/airflow/.local/lib/python3.12/site-packages/airflow/example_dags/example_xcom.py
[2024-10-16T12:58:14.914+0000] {processor.py:914} INFO - Processing file /home/airflow/.local/lib/python3.12/site-packages/airflow/example_dags/example_xcom.py for tasks to queue
[2024-10-16T12:58:14.917+0000] {logging_mixin.py:190} INFO - [2024-10-16T12:58:14.916+0000] {dagbag.py:588} INFO - Filling up the DagBag from /home/airflow/.local/lib/python3.12/site-packages/airflow/example_dags/example_xcom.py
[2024-10-16T12:58:14.927+0000] {processor.py:925} INFO - DAG(s) 'example_xcom' retrieved from /home/airflow/.local/lib/python3.12/site-packages/airflow/example_dags/example_xcom.py
[2024-10-16T12:58:15.013+0000] {logging_mixin.py:190} INFO - [2024-10-16T12:58:15.013+0000] {dag.py:3239} INFO - Sync 1 DAGs
[2024-10-16T12:58:15.042+0000] {logging_mixin.py:190} INFO - [2024-10-16T12:58:15.041+0000] {dag.py:4180} INFO - Setting next_dagrun for example_xcom to 2021-01-01 00:00:00+00:00, run_after=2021-01-01 00:00:00+00:00
[2024-10-16T12:58:15.069+0000] {processor.py:208} INFO - Processing /home/airflow/.local/lib/python3.12/site-packages/airflow/example_dags/example_xcom.py took 0.163 seconds
[2024-10-16T12:58:44.671+0000] {processor.py:186} INFO - Started process (PID=1092) to work on /home/airflow/.local/lib/python3.12/site-packages/airflow/example_dags/example_xcom.py
[2024-10-16T12:58:44.672+0000] {processor.py:914} INFO - Processing file /home/airflow/.local/lib/python3.12/site-packages/airflow/example_dags/example_xcom.py for tasks to queue
[2024-10-16T12:58:44.675+0000] {logging_mixin.py:190} INFO - [2024-10-16T12:58:44.674+0000] {dagbag.py:588} INFO - Filling up the DagBag from /home/airflow/.local/lib/python3.12/site-packages/airflow/example_dags/example_xcom.py
[2024-10-16T12:58:44.684+0000] {processor.py:925} INFO - DAG(s) 'example_xcom' retrieved from /home/airflow/.local/lib/python3.12/site-packages/airflow/example_dags/example_xcom.py
[2024-10-16T12:58:44.708+0000] {logging_mixin.py:190} INFO - [2024-10-16T12:58:44.707+0000] {dag.py:3239} INFO - Sync 1 DAGs
[2024-10-16T12:58:44.732+0000] {logging_mixin.py:190} INFO - [2024-10-16T12:58:44.732+0000] {dag.py:4180} INFO - Setting next_dagrun for example_xcom to 2021-01-01 00:00:00+00:00, run_after=2021-01-01 00:00:00+00:00
[2024-10-16T12:58:44.751+0000] {processor.py:208} INFO - Processing /home/airflow/.local/lib/python3.12/site-packages/airflow/example_dags/example_xcom.py took 0.087 seconds
[2024-10-16T12:59:15.813+0000] {processor.py:186} INFO - Started process (PID=1152) to work on /home/airflow/.local/lib/python3.12/site-packages/airflow/example_dags/example_xcom.py
[2024-10-16T12:59:15.814+0000] {processor.py:914} INFO - Processing file /home/airflow/.local/lib/python3.12/site-packages/airflow/example_dags/example_xcom.py for tasks to queue
[2024-10-16T12:59:15.818+0000] {logging_mixin.py:190} INFO - [2024-10-16T12:59:15.818+0000] {dagbag.py:588} INFO - Filling up the DagBag from /home/airflow/.local/lib/python3.12/site-packages/airflow/example_dags/example_xcom.py
[2024-10-16T12:59:15.833+0000] {processor.py:925} INFO - DAG(s) 'example_xcom' retrieved from /home/airflow/.local/lib/python3.12/site-packages/airflow/example_dags/example_xcom.py
[2024-10-16T12:59:15.862+0000] {logging_mixin.py:190} INFO - [2024-10-16T12:59:15.862+0000] {dag.py:3239} INFO - Sync 1 DAGs
[2024-10-16T12:59:15.891+0000] {logging_mixin.py:190} INFO - [2024-10-16T12:59:15.890+0000] {dag.py:4180} INFO - Setting next_dagrun for example_xcom to 2021-01-01 00:00:00+00:00, run_after=2021-01-01 00:00:00+00:00
[2024-10-16T12:59:15.916+0000] {processor.py:208} INFO - Processing /home/airflow/.local/lib/python3.12/site-packages/airflow/example_dags/example_xcom.py took 0.111 seconds
[2024-10-16T12:59:46.075+0000] {processor.py:186} INFO - Started process (PID=1220) to work on /home/airflow/.local/lib/python3.12/site-packages/airflow/example_dags/example_xcom.py
[2024-10-16T12:59:46.077+0000] {processor.py:914} INFO - Processing file /home/airflow/.local/lib/python3.12/site-packages/airflow/example_dags/example_xcom.py for tasks to queue
[2024-10-16T12:59:46.079+0000] {logging_mixin.py:190} INFO - [2024-10-16T12:59:46.079+0000] {dagbag.py:588} INFO - Filling up the DagBag from /home/airflow/.local/lib/python3.12/site-packages/airflow/example_dags/example_xcom.py
[2024-10-16T12:59:46.087+0000] {processor.py:925} INFO - DAG(s) 'example_xcom' retrieved from /home/airflow/.local/lib/python3.12/site-packages/airflow/example_dags/example_xcom.py
[2024-10-16T12:59:46.106+0000] {logging_mixin.py:190} INFO - [2024-10-16T12:59:46.106+0000] {dag.py:3239} INFO - Sync 1 DAGs
[2024-10-16T12:59:46.126+0000] {logging_mixin.py:190} INFO - [2024-10-16T12:59:46.126+0000] {dag.py:4180} INFO - Setting next_dagrun for example_xcom to 2021-01-01 00:00:00+00:00, run_after=2021-01-01 00:00:00+00:00
[2024-10-16T12:59:46.151+0000] {processor.py:208} INFO - Processing /home/airflow/.local/lib/python3.12/site-packages/airflow/example_dags/example_xcom.py took 0.083 seconds
[2024-10-16T13:00:16.755+0000] {processor.py:186} INFO - Started process (PID=1285) to work on /home/airflow/.local/lib/python3.12/site-packages/airflow/example_dags/example_xcom.py
[2024-10-16T13:00:16.756+0000] {processor.py:914} INFO - Processing file /home/airflow/.local/lib/python3.12/site-packages/airflow/example_dags/example_xcom.py for tasks to queue
[2024-10-16T13:00:16.759+0000] {logging_mixin.py:190} INFO - [2024-10-16T13:00:16.758+0000] {dagbag.py:588} INFO - Filling up the DagBag from /home/airflow/.local/lib/python3.12/site-packages/airflow/example_dags/example_xcom.py
[2024-10-16T13:00:16.769+0000] {processor.py:925} INFO - DAG(s) 'example_xcom' retrieved from /home/airflow/.local/lib/python3.12/site-packages/airflow/example_dags/example_xcom.py
[2024-10-16T13:00:16.799+0000] {logging_mixin.py:190} INFO - [2024-10-16T13:00:16.792+0000] {dag.py:3239} INFO - Sync 1 DAGs
[2024-10-16T13:00:16.827+0000] {logging_mixin.py:190} INFO - [2024-10-16T13:00:16.827+0000] {dag.py:4180} INFO - Setting next_dagrun for example_xcom to 2021-01-01 00:00:00+00:00, run_after=2021-01-01 00:00:00+00:00
[2024-10-16T13:00:16.849+0000] {processor.py:208} INFO - Processing /home/airflow/.local/lib/python3.12/site-packages/airflow/example_dags/example_xcom.py took 0.102 seconds
[2024-10-16T13:00:46.943+0000] {processor.py:186} INFO - Started process (PID=1347) to work on /home/airflow/.local/lib/python3.12/site-packages/airflow/example_dags/example_xcom.py
[2024-10-16T13:00:46.944+0000] {processor.py:914} INFO - Processing file /home/airflow/.local/lib/python3.12/site-packages/airflow/example_dags/example_xcom.py for tasks to queue
[2024-10-16T13:00:46.946+0000] {logging_mixin.py:190} INFO - [2024-10-16T13:00:46.946+0000] {dagbag.py:588} INFO - Filling up the DagBag from /home/airflow/.local/lib/python3.12/site-packages/airflow/example_dags/example_xcom.py
[2024-10-16T13:00:46.955+0000] {processor.py:925} INFO - DAG(s) 'example_xcom' retrieved from /home/airflow/.local/lib/python3.12/site-packages/airflow/example_dags/example_xcom.py
[2024-10-16T13:00:46.975+0000] {logging_mixin.py:190} INFO - [2024-10-16T13:00:46.975+0000] {dag.py:3239} INFO - Sync 1 DAGs
[2024-10-16T13:00:47.000+0000] {logging_mixin.py:190} INFO - [2024-10-16T13:00:46.999+0000] {dag.py:4180} INFO - Setting next_dagrun for example_xcom to 2021-01-01 00:00:00+00:00, run_after=2021-01-01 00:00:00+00:00
[2024-10-16T13:00:47.034+0000] {processor.py:208} INFO - Processing /home/airflow/.local/lib/python3.12/site-packages/airflow/example_dags/example_xcom.py took 0.098 seconds
[2024-10-16T13:01:17.379+0000] {processor.py:186} INFO - Started process (PID=1409) to work on /home/airflow/.local/lib/python3.12/site-packages/airflow/example_dags/example_xcom.py
[2024-10-16T13:01:17.380+0000] {processor.py:914} INFO - Processing file /home/airflow/.local/lib/python3.12/site-packages/airflow/example_dags/example_xcom.py for tasks to queue
[2024-10-16T13:01:17.382+0000] {logging_mixin.py:190} INFO - [2024-10-16T13:01:17.382+0000] {dagbag.py:588} INFO - Filling up the DagBag from /home/airflow/.local/lib/python3.12/site-packages/airflow/example_dags/example_xcom.py
[2024-10-16T13:01:17.392+0000] {processor.py:925} INFO - DAG(s) 'example_xcom' retrieved from /home/airflow/.local/lib/python3.12/site-packages/airflow/example_dags/example_xcom.py
[2024-10-16T13:01:17.413+0000] {logging_mixin.py:190} INFO - [2024-10-16T13:01:17.412+0000] {dag.py:3239} INFO - Sync 1 DAGs
[2024-10-16T13:01:17.443+0000] {logging_mixin.py:190} INFO - [2024-10-16T13:01:17.442+0000] {dag.py:4180} INFO - Setting next_dagrun for example_xcom to 2021-01-01 00:00:00+00:00, run_after=2021-01-01 00:00:00+00:00
[2024-10-16T13:01:17.469+0000] {processor.py:208} INFO - Processing /home/airflow/.local/lib/python3.12/site-packages/airflow/example_dags/example_xcom.py took 0.095 seconds
[2024-10-16T13:01:48.220+0000] {processor.py:186} INFO - Started process (PID=1470) to work on /home/airflow/.local/lib/python3.12/site-packages/airflow/example_dags/example_xcom.py
[2024-10-16T13:01:48.221+0000] {processor.py:914} INFO - Processing file /home/airflow/.local/lib/python3.12/site-packages/airflow/example_dags/example_xcom.py for tasks to queue
[2024-10-16T13:01:48.225+0000] {logging_mixin.py:190} INFO - [2024-10-16T13:01:48.225+0000] {dagbag.py:588} INFO - Filling up the DagBag from /home/airflow/.local/lib/python3.12/site-packages/airflow/example_dags/example_xcom.py
[2024-10-16T13:01:48.239+0000] {processor.py:925} INFO - DAG(s) 'example_xcom' retrieved from /home/airflow/.local/lib/python3.12/site-packages/airflow/example_dags/example_xcom.py
[2024-10-16T13:01:48.257+0000] {logging_mixin.py:190} INFO - [2024-10-16T13:01:48.257+0000] {dag.py:3239} INFO - Sync 1 DAGs
[2024-10-16T13:01:48.274+0000] {logging_mixin.py:190} INFO - [2024-10-16T13:01:48.273+0000] {dag.py:4180} INFO - Setting next_dagrun for example_xcom to 2021-01-01 00:00:00+00:00, run_after=2021-01-01 00:00:00+00:00
[2024-10-16T13:01:48.297+0000] {processor.py:208} INFO - Processing /home/airflow/.local/lib/python3.12/site-packages/airflow/example_dags/example_xcom.py took 0.083 seconds
[2024-10-16T13:02:19.108+0000] {processor.py:186} INFO - Started process (PID=1533) to work on /home/airflow/.local/lib/python3.12/site-packages/airflow/example_dags/example_xcom.py
[2024-10-16T13:02:19.110+0000] {processor.py:914} INFO - Processing file /home/airflow/.local/lib/python3.12/site-packages/airflow/example_dags/example_xcom.py for tasks to queue
[2024-10-16T13:02:19.113+0000] {logging_mixin.py:190} INFO - [2024-10-16T13:02:19.113+0000] {dagbag.py:588} INFO - Filling up the DagBag from /home/airflow/.local/lib/python3.12/site-packages/airflow/example_dags/example_xcom.py
[2024-10-16T13:02:19.127+0000] {processor.py:925} INFO - DAG(s) 'example_xcom' retrieved from /home/airflow/.local/lib/python3.12/site-packages/airflow/example_dags/example_xcom.py
[2024-10-16T13:02:19.161+0000] {logging_mixin.py:190} INFO - [2024-10-16T13:02:19.160+0000] {dag.py:3239} INFO - Sync 1 DAGs
[2024-10-16T13:02:19.196+0000] {logging_mixin.py:190} INFO - [2024-10-16T13:02:19.196+0000] {dag.py:4180} INFO - Setting next_dagrun for example_xcom to 2021-01-01 00:00:00+00:00, run_after=2021-01-01 00:00:00+00:00
[2024-10-16T13:02:19.229+0000] {processor.py:208} INFO - Processing /home/airflow/.local/lib/python3.12/site-packages/airflow/example_dags/example_xcom.py took 0.129 seconds
[2024-10-16T13:02:49.668+0000] {processor.py:186} INFO - Started process (PID=1595) to work on /home/airflow/.local/lib/python3.12/site-packages/airflow/example_dags/example_xcom.py
[2024-10-16T13:02:49.670+0000] {processor.py:914} INFO - Processing file /home/airflow/.local/lib/python3.12/site-packages/airflow/example_dags/example_xcom.py for tasks to queue
[2024-10-16T13:02:49.674+0000] {logging_mixin.py:190} INFO - [2024-10-16T13:02:49.674+0000] {dagbag.py:588} INFO - Filling up the DagBag from /home/airflow/.local/lib/python3.12/site-packages/airflow/example_dags/example_xcom.py
[2024-10-16T13:02:49.688+0000] {processor.py:925} INFO - DAG(s) 'example_xcom' retrieved from /home/airflow/.local/lib/python3.12/site-packages/airflow/example_dags/example_xcom.py
[2024-10-16T13:02:49.717+0000] {logging_mixin.py:190} INFO - [2024-10-16T13:02:49.717+0000] {dag.py:3239} INFO - Sync 1 DAGs
[2024-10-16T13:02:49.753+0000] {logging_mixin.py:190} INFO - [2024-10-16T13:02:49.753+0000] {dag.py:4180} INFO - Setting next_dagrun for example_xcom to 2021-01-01 00:00:00+00:00, run_after=2021-01-01 00:00:00+00:00
[2024-10-16T13:02:49.786+0000] {processor.py:208} INFO - Processing /home/airflow/.local/lib/python3.12/site-packages/airflow/example_dags/example_xcom.py took 0.130 seconds
[2024-10-16T13:03:21.154+0000] {processor.py:186} INFO - Started process (PID=1658) to work on /home/airflow/.local/lib/python3.12/site-packages/airflow/example_dags/example_xcom.py
[2024-10-16T13:03:21.155+0000] {processor.py:914} INFO - Processing file /home/airflow/.local/lib/python3.12/site-packages/airflow/example_dags/example_xcom.py for tasks to queue
[2024-10-16T13:03:21.158+0000] {logging_mixin.py:190} INFO - [2024-10-16T13:03:21.157+0000] {dagbag.py:588} INFO - Filling up the DagBag from /home/airflow/.local/lib/python3.12/site-packages/airflow/example_dags/example_xcom.py
[2024-10-16T13:03:21.170+0000] {processor.py:925} INFO - DAG(s) 'example_xcom' retrieved from /home/airflow/.local/lib/python3.12/site-packages/airflow/example_dags/example_xcom.py
[2024-10-16T13:03:21.198+0000] {logging_mixin.py:190} INFO - [2024-10-16T13:03:21.198+0000] {dag.py:3239} INFO - Sync 1 DAGs
[2024-10-16T13:03:21.231+0000] {logging_mixin.py:190} INFO - [2024-10-16T13:03:21.230+0000] {dag.py:4180} INFO - Setting next_dagrun for example_xcom to 2021-01-01 00:00:00+00:00, run_after=2021-01-01 00:00:00+00:00
[2024-10-16T13:03:21.298+0000] {processor.py:208} INFO - Processing /home/airflow/.local/lib/python3.12/site-packages/airflow/example_dags/example_xcom.py took 0.153 seconds
[2024-10-16T13:03:52.036+0000] {processor.py:186} INFO - Started process (PID=1720) to work on /home/airflow/.local/lib/python3.12/site-packages/airflow/example_dags/example_xcom.py
[2024-10-16T13:03:52.037+0000] {processor.py:914} INFO - Processing file /home/airflow/.local/lib/python3.12/site-packages/airflow/example_dags/example_xcom.py for tasks to queue
[2024-10-16T13:03:52.040+0000] {logging_mixin.py:190} INFO - [2024-10-16T13:03:52.039+0000] {dagbag.py:588} INFO - Filling up the DagBag from /home/airflow/.local/lib/python3.12/site-packages/airflow/example_dags/example_xcom.py
[2024-10-16T13:03:52.048+0000] {processor.py:925} INFO - DAG(s) 'example_xcom' retrieved from /home/airflow/.local/lib/python3.12/site-packages/airflow/example_dags/example_xcom.py
[2024-10-16T13:03:52.069+0000] {logging_mixin.py:190} INFO - [2024-10-16T13:03:52.069+0000] {dag.py:3239} INFO - Sync 1 DAGs
[2024-10-16T13:03:52.089+0000] {logging_mixin.py:190} INFO - [2024-10-16T13:03:52.088+0000] {dag.py:4180} INFO - Setting next_dagrun for example_xcom to 2021-01-01 00:00:00+00:00, run_after=2021-01-01 00:00:00+00:00
[2024-10-16T13:03:52.109+0000] {processor.py:208} INFO - Processing /home/airflow/.local/lib/python3.12/site-packages/airflow/example_dags/example_xcom.py took 0.081 seconds
[2024-10-16T13:04:22.459+0000] {processor.py:186} INFO - Started process (PID=1782) to work on /home/airflow/.local/lib/python3.12/site-packages/airflow/example_dags/example_xcom.py
[2024-10-16T13:04:22.461+0000] {processor.py:914} INFO - Processing file /home/airflow/.local/lib/python3.12/site-packages/airflow/example_dags/example_xcom.py for tasks to queue
[2024-10-16T13:04:22.496+0000] {logging_mixin.py:190} INFO - [2024-10-16T13:04:22.496+0000] {dagbag.py:588} INFO - Filling up the DagBag from /home/airflow/.local/lib/python3.12/site-packages/airflow/example_dags/example_xcom.py
[2024-10-16T13:04:22.512+0000] {processor.py:925} INFO - DAG(s) 'example_xcom' retrieved from /home/airflow/.local/lib/python3.12/site-packages/airflow/example_dags/example_xcom.py
[2024-10-16T13:04:22.541+0000] {logging_mixin.py:190} INFO - [2024-10-16T13:04:22.540+0000] {dag.py:3239} INFO - Sync 1 DAGs
[2024-10-16T13:04:22.569+0000] {logging_mixin.py:190} INFO - [2024-10-16T13:04:22.569+0000] {dag.py:4180} INFO - Setting next_dagrun for example_xcom to 2021-01-01 00:00:00+00:00, run_after=2021-01-01 00:00:00+00:00
[2024-10-16T13:04:22.597+0000] {processor.py:208} INFO - Processing /home/airflow/.local/lib/python3.12/site-packages/airflow/example_dags/example_xcom.py took 0.145 seconds
[2024-10-16T13:08:06.811+0000] {processor.py:186} INFO - Started process (PID=99) to work on /home/airflow/.local/lib/python3.12/site-packages/airflow/example_dags/example_xcom.py
[2024-10-16T13:08:06.812+0000] {processor.py:914} INFO - Processing file /home/airflow/.local/lib/python3.12/site-packages/airflow/example_dags/example_xcom.py for tasks to queue
[2024-10-16T13:08:06.815+0000] {logging_mixin.py:190} INFO - [2024-10-16T13:08:06.815+0000] {dagbag.py:588} INFO - Filling up the DagBag from /home/airflow/.local/lib/python3.12/site-packages/airflow/example_dags/example_xcom.py
[2024-10-16T13:08:06.828+0000] {processor.py:925} INFO - DAG(s) 'example_xcom' retrieved from /home/airflow/.local/lib/python3.12/site-packages/airflow/example_dags/example_xcom.py
[2024-10-16T13:08:06.947+0000] {logging_mixin.py:190} INFO - [2024-10-16T13:08:06.946+0000] {override.py:1900} INFO - Created Permission View: can read on DAG:example_xcom
[2024-10-16T13:08:06.958+0000] {logging_mixin.py:190} INFO - [2024-10-16T13:08:06.957+0000] {override.py:1900} INFO - Created Permission View: can delete on DAG:example_xcom
[2024-10-16T13:08:06.965+0000] {logging_mixin.py:190} INFO - [2024-10-16T13:08:06.964+0000] {override.py:1900} INFO - Created Permission View: can edit on DAG:example_xcom
[2024-10-16T13:08:06.973+0000] {logging_mixin.py:190} INFO - [2024-10-16T13:08:06.973+0000] {override.py:1900} INFO - Created Permission View: can create on DAG Run:example_xcom
[2024-10-16T13:08:06.981+0000] {logging_mixin.py:190} INFO - [2024-10-16T13:08:06.980+0000] {override.py:1900} INFO - Created Permission View: menu access on DAG Run:example_xcom
[2024-10-16T13:08:06.990+0000] {logging_mixin.py:190} INFO - [2024-10-16T13:08:06.989+0000] {override.py:1900} INFO - Created Permission View: can read on DAG Run:example_xcom
[2024-10-16T13:08:06.997+0000] {logging_mixin.py:190} INFO - [2024-10-16T13:08:06.997+0000] {override.py:1900} INFO - Created Permission View: can delete on DAG Run:example_xcom
[2024-10-16T13:08:06.998+0000] {logging_mixin.py:190} INFO - [2024-10-16T13:08:06.998+0000] {dag.py:3239} INFO - Sync 1 DAGs
[2024-10-16T13:08:07.013+0000] {logging_mixin.py:190} INFO - [2024-10-16T13:08:07.013+0000] {dag.py:3262} INFO - Creating ORM DAG for example_xcom
[2024-10-16T13:08:07.023+0000] {logging_mixin.py:190} INFO - [2024-10-16T13:08:07.023+0000] {dag.py:4180} INFO - Setting next_dagrun for example_xcom to 2021-01-01 00:00:00+00:00, run_after=2021-01-01 00:00:00+00:00
[2024-10-16T13:08:07.041+0000] {processor.py:208} INFO - Processing /home/airflow/.local/lib/python3.12/site-packages/airflow/example_dags/example_xcom.py took 0.236 seconds
[2024-10-16T13:08:37.219+0000] {processor.py:186} INFO - Started process (PID=161) to work on /home/airflow/.local/lib/python3.12/site-packages/airflow/example_dags/example_xcom.py
[2024-10-16T13:08:37.220+0000] {processor.py:914} INFO - Processing file /home/airflow/.local/lib/python3.12/site-packages/airflow/example_dags/example_xcom.py for tasks to queue
[2024-10-16T13:08:37.222+0000] {logging_mixin.py:190} INFO - [2024-10-16T13:08:37.222+0000] {dagbag.py:588} INFO - Filling up the DagBag from /home/airflow/.local/lib/python3.12/site-packages/airflow/example_dags/example_xcom.py
[2024-10-16T13:08:37.229+0000] {processor.py:925} INFO - DAG(s) 'example_xcom' retrieved from /home/airflow/.local/lib/python3.12/site-packages/airflow/example_dags/example_xcom.py
[2024-10-16T13:08:37.247+0000] {logging_mixin.py:190} INFO - [2024-10-16T13:08:37.247+0000] {dag.py:3239} INFO - Sync 1 DAGs
[2024-10-16T13:08:37.266+0000] {logging_mixin.py:190} INFO - [2024-10-16T13:08:37.266+0000] {dag.py:4180} INFO - Setting next_dagrun for example_xcom to 2021-01-01 00:00:00+00:00, run_after=2021-01-01 00:00:00+00:00
[2024-10-16T13:08:37.294+0000] {processor.py:208} INFO - Processing /home/airflow/.local/lib/python3.12/site-packages/airflow/example_dags/example_xcom.py took 0.081 seconds
[2024-10-16T13:09:07.500+0000] {processor.py:186} INFO - Started process (PID=224) to work on /home/airflow/.local/lib/python3.12/site-packages/airflow/example_dags/example_xcom.py
[2024-10-16T13:09:07.502+0000] {processor.py:914} INFO - Processing file /home/airflow/.local/lib/python3.12/site-packages/airflow/example_dags/example_xcom.py for tasks to queue
[2024-10-16T13:09:07.505+0000] {logging_mixin.py:190} INFO - [2024-10-16T13:09:07.504+0000] {dagbag.py:588} INFO - Filling up the DagBag from /home/airflow/.local/lib/python3.12/site-packages/airflow/example_dags/example_xcom.py
[2024-10-16T13:09:07.511+0000] {processor.py:925} INFO - DAG(s) 'example_xcom' retrieved from /home/airflow/.local/lib/python3.12/site-packages/airflow/example_dags/example_xcom.py
[2024-10-16T13:09:07.532+0000] {logging_mixin.py:190} INFO - [2024-10-16T13:09:07.532+0000] {dag.py:3239} INFO - Sync 1 DAGs
[2024-10-16T13:09:07.552+0000] {logging_mixin.py:190} INFO - [2024-10-16T13:09:07.551+0000] {dag.py:4180} INFO - Setting next_dagrun for example_xcom to 2021-01-01 00:00:00+00:00, run_after=2021-01-01 00:00:00+00:00
[2024-10-16T13:09:07.575+0000] {processor.py:208} INFO - Processing /home/airflow/.local/lib/python3.12/site-packages/airflow/example_dags/example_xcom.py took 0.082 seconds
[2024-10-16T13:09:37.654+0000] {processor.py:186} INFO - Started process (PID=287) to work on /home/airflow/.local/lib/python3.12/site-packages/airflow/example_dags/example_xcom.py
[2024-10-16T13:09:37.655+0000] {processor.py:914} INFO - Processing file /home/airflow/.local/lib/python3.12/site-packages/airflow/example_dags/example_xcom.py for tasks to queue
[2024-10-16T13:09:37.659+0000] {logging_mixin.py:190} INFO - [2024-10-16T13:09:37.658+0000] {dagbag.py:588} INFO - Filling up the DagBag from /home/airflow/.local/lib/python3.12/site-packages/airflow/example_dags/example_xcom.py
[2024-10-16T13:09:37.673+0000] {processor.py:925} INFO - DAG(s) 'example_xcom' retrieved from /home/airflow/.local/lib/python3.12/site-packages/airflow/example_dags/example_xcom.py
[2024-10-16T13:09:37.692+0000] {logging_mixin.py:190} INFO - [2024-10-16T13:09:37.692+0000] {dag.py:3239} INFO - Sync 1 DAGs
[2024-10-16T13:09:37.720+0000] {logging_mixin.py:190} INFO - [2024-10-16T13:09:37.719+0000] {dag.py:4180} INFO - Setting next_dagrun for example_xcom to 2021-01-01 00:00:00+00:00, run_after=2021-01-01 00:00:00+00:00
[2024-10-16T13:09:37.750+0000] {processor.py:208} INFO - Processing /home/airflow/.local/lib/python3.12/site-packages/airflow/example_dags/example_xcom.py took 0.102 seconds
[2024-10-16T13:10:08.814+0000] {processor.py:186} INFO - Started process (PID=350) to work on /home/airflow/.local/lib/python3.12/site-packages/airflow/example_dags/example_xcom.py
[2024-10-16T13:10:08.816+0000] {processor.py:914} INFO - Processing file /home/airflow/.local/lib/python3.12/site-packages/airflow/example_dags/example_xcom.py for tasks to queue
[2024-10-16T13:10:08.819+0000] {logging_mixin.py:190} INFO - [2024-10-16T13:10:08.818+0000] {dagbag.py:588} INFO - Filling up the DagBag from /home/airflow/.local/lib/python3.12/site-packages/airflow/example_dags/example_xcom.py
[2024-10-16T13:10:08.830+0000] {processor.py:925} INFO - DAG(s) 'example_xcom' retrieved from /home/airflow/.local/lib/python3.12/site-packages/airflow/example_dags/example_xcom.py
[2024-10-16T13:10:08.857+0000] {logging_mixin.py:190} INFO - [2024-10-16T13:10:08.857+0000] {dag.py:3239} INFO - Sync 1 DAGs
[2024-10-16T13:10:08.889+0000] {logging_mixin.py:190} INFO - [2024-10-16T13:10:08.888+0000] {dag.py:4180} INFO - Setting next_dagrun for example_xcom to 2021-01-01 00:00:00+00:00, run_after=2021-01-01 00:00:00+00:00
[2024-10-16T13:10:08.920+0000] {processor.py:208} INFO - Processing /home/airflow/.local/lib/python3.12/site-packages/airflow/example_dags/example_xcom.py took 0.114 seconds
[2024-10-16T13:10:39.315+0000] {processor.py:186} INFO - Started process (PID=413) to work on /home/airflow/.local/lib/python3.12/site-packages/airflow/example_dags/example_xcom.py
[2024-10-16T13:10:39.317+0000] {processor.py:914} INFO - Processing file /home/airflow/.local/lib/python3.12/site-packages/airflow/example_dags/example_xcom.py for tasks to queue
[2024-10-16T13:10:39.319+0000] {logging_mixin.py:190} INFO - [2024-10-16T13:10:39.319+0000] {dagbag.py:588} INFO - Filling up the DagBag from /home/airflow/.local/lib/python3.12/site-packages/airflow/example_dags/example_xcom.py
[2024-10-16T13:10:39.327+0000] {processor.py:925} INFO - DAG(s) 'example_xcom' retrieved from /home/airflow/.local/lib/python3.12/site-packages/airflow/example_dags/example_xcom.py
[2024-10-16T13:10:39.349+0000] {logging_mixin.py:190} INFO - [2024-10-16T13:10:39.348+0000] {dag.py:3239} INFO - Sync 1 DAGs
[2024-10-16T13:10:39.369+0000] {logging_mixin.py:190} INFO - [2024-10-16T13:10:39.369+0000] {dag.py:4180} INFO - Setting next_dagrun for example_xcom to 2021-01-01 00:00:00+00:00, run_after=2021-01-01 00:00:00+00:00
[2024-10-16T13:10:39.391+0000] {processor.py:208} INFO - Processing /home/airflow/.local/lib/python3.12/site-packages/airflow/example_dags/example_xcom.py took 0.080 seconds
[2024-10-16T13:11:10.124+0000] {processor.py:186} INFO - Started process (PID=476) to work on /home/airflow/.local/lib/python3.12/site-packages/airflow/example_dags/example_xcom.py
[2024-10-16T13:11:10.125+0000] {processor.py:914} INFO - Processing file /home/airflow/.local/lib/python3.12/site-packages/airflow/example_dags/example_xcom.py for tasks to queue
[2024-10-16T13:11:10.127+0000] {logging_mixin.py:190} INFO - [2024-10-16T13:11:10.127+0000] {dagbag.py:588} INFO - Filling up the DagBag from /home/airflow/.local/lib/python3.12/site-packages/airflow/example_dags/example_xcom.py
[2024-10-16T13:11:10.135+0000] {processor.py:925} INFO - DAG(s) 'example_xcom' retrieved from /home/airflow/.local/lib/python3.12/site-packages/airflow/example_dags/example_xcom.py
[2024-10-16T13:11:10.152+0000] {logging_mixin.py:190} INFO - [2024-10-16T13:11:10.152+0000] {dag.py:3239} INFO - Sync 1 DAGs
[2024-10-16T13:11:10.169+0000] {logging_mixin.py:190} INFO - [2024-10-16T13:11:10.169+0000] {dag.py:4180} INFO - Setting next_dagrun for example_xcom to 2021-01-01 00:00:00+00:00, run_after=2021-01-01 00:00:00+00:00
[2024-10-16T13:11:10.195+0000] {processor.py:208} INFO - Processing /home/airflow/.local/lib/python3.12/site-packages/airflow/example_dags/example_xcom.py took 0.076 seconds
[2024-10-16T13:12:46.808+0000] {processor.py:186} INFO - Started process (PID=98) to work on /home/airflow/.local/lib/python3.12/site-packages/airflow/example_dags/example_xcom.py
[2024-10-16T13:12:46.809+0000] {processor.py:914} INFO - Processing file /home/airflow/.local/lib/python3.12/site-packages/airflow/example_dags/example_xcom.py for tasks to queue
[2024-10-16T13:12:46.811+0000] {logging_mixin.py:190} INFO - [2024-10-16T13:12:46.811+0000] {dagbag.py:588} INFO - Filling up the DagBag from /home/airflow/.local/lib/python3.12/site-packages/airflow/example_dags/example_xcom.py
[2024-10-16T13:12:46.821+0000] {processor.py:925} INFO - DAG(s) 'example_xcom' retrieved from /home/airflow/.local/lib/python3.12/site-packages/airflow/example_dags/example_xcom.py
[2024-10-16T13:12:46.928+0000] {logging_mixin.py:190} INFO - [2024-10-16T13:12:46.927+0000] {override.py:1900} INFO - Created Permission View: can read on DAG:example_xcom
[2024-10-16T13:12:46.937+0000] {logging_mixin.py:190} INFO - [2024-10-16T13:12:46.936+0000] {override.py:1900} INFO - Created Permission View: can edit on DAG:example_xcom
[2024-10-16T13:12:46.943+0000] {logging_mixin.py:190} INFO - [2024-10-16T13:12:46.943+0000] {override.py:1900} INFO - Created Permission View: can delete on DAG:example_xcom
[2024-10-16T13:12:46.951+0000] {logging_mixin.py:190} INFO - [2024-10-16T13:12:46.950+0000] {override.py:1900} INFO - Created Permission View: can read on DAG Run:example_xcom
[2024-10-16T13:12:46.957+0000] {logging_mixin.py:190} INFO - [2024-10-16T13:12:46.957+0000] {override.py:1900} INFO - Created Permission View: menu access on DAG Run:example_xcom
[2024-10-16T13:12:46.964+0000] {logging_mixin.py:190} INFO - [2024-10-16T13:12:46.964+0000] {override.py:1900} INFO - Created Permission View: can delete on DAG Run:example_xcom
[2024-10-16T13:12:46.975+0000] {logging_mixin.py:190} INFO - [2024-10-16T13:12:46.975+0000] {override.py:1900} INFO - Created Permission View: can create on DAG Run:example_xcom
[2024-10-16T13:12:46.976+0000] {logging_mixin.py:190} INFO - [2024-10-16T13:12:46.976+0000] {dag.py:3239} INFO - Sync 1 DAGs
[2024-10-16T13:12:46.994+0000] {logging_mixin.py:190} INFO - [2024-10-16T13:12:46.994+0000] {dag.py:3262} INFO - Creating ORM DAG for example_xcom
[2024-10-16T13:12:47.003+0000] {logging_mixin.py:190} INFO - [2024-10-16T13:12:47.003+0000] {dag.py:4180} INFO - Setting next_dagrun for example_xcom to 2021-01-01 00:00:00+00:00, run_after=2021-01-01 00:00:00+00:00
[2024-10-16T13:12:47.016+0000] {processor.py:208} INFO - Processing /home/airflow/.local/lib/python3.12/site-packages/airflow/example_dags/example_xcom.py took 0.214 seconds
[2024-10-16T13:13:17.122+0000] {processor.py:186} INFO - Started process (PID=160) to work on /home/airflow/.local/lib/python3.12/site-packages/airflow/example_dags/example_xcom.py
[2024-10-16T13:13:17.123+0000] {processor.py:914} INFO - Processing file /home/airflow/.local/lib/python3.12/site-packages/airflow/example_dags/example_xcom.py for tasks to queue
[2024-10-16T13:13:17.126+0000] {logging_mixin.py:190} INFO - [2024-10-16T13:13:17.125+0000] {dagbag.py:588} INFO - Filling up the DagBag from /home/airflow/.local/lib/python3.12/site-packages/airflow/example_dags/example_xcom.py
[2024-10-16T13:13:17.136+0000] {processor.py:925} INFO - DAG(s) 'example_xcom' retrieved from /home/airflow/.local/lib/python3.12/site-packages/airflow/example_dags/example_xcom.py
[2024-10-16T13:13:17.155+0000] {logging_mixin.py:190} INFO - [2024-10-16T13:13:17.155+0000] {dag.py:3239} INFO - Sync 1 DAGs
[2024-10-16T13:13:17.174+0000] {logging_mixin.py:190} INFO - [2024-10-16T13:13:17.174+0000] {dag.py:4180} INFO - Setting next_dagrun for example_xcom to 2021-01-01 00:00:00+00:00, run_after=2021-01-01 00:00:00+00:00
[2024-10-16T13:13:17.197+0000] {processor.py:208} INFO - Processing /home/airflow/.local/lib/python3.12/site-packages/airflow/example_dags/example_xcom.py took 0.080 seconds
[2024-10-16T13:14:48.058+0000] {processor.py:186} INFO - Started process (PID=100) to work on /home/airflow/.local/lib/python3.12/site-packages/airflow/example_dags/example_xcom.py
[2024-10-16T13:14:48.059+0000] {processor.py:914} INFO - Processing file /home/airflow/.local/lib/python3.12/site-packages/airflow/example_dags/example_xcom.py for tasks to queue
[2024-10-16T13:14:48.062+0000] {logging_mixin.py:190} INFO - [2024-10-16T13:14:48.061+0000] {dagbag.py:588} INFO - Filling up the DagBag from /home/airflow/.local/lib/python3.12/site-packages/airflow/example_dags/example_xcom.py
[2024-10-16T13:14:48.071+0000] {processor.py:925} INFO - DAG(s) 'example_xcom' retrieved from /home/airflow/.local/lib/python3.12/site-packages/airflow/example_dags/example_xcom.py
[2024-10-16T13:14:48.169+0000] {logging_mixin.py:190} INFO - [2024-10-16T13:14:48.168+0000] {override.py:1900} INFO - Created Permission View: can read on DAG:example_xcom
[2024-10-16T13:14:48.181+0000] {logging_mixin.py:190} INFO - [2024-10-16T13:14:48.180+0000] {override.py:1900} INFO - Created Permission View: can delete on DAG:example_xcom
[2024-10-16T13:14:48.188+0000] {logging_mixin.py:190} INFO - [2024-10-16T13:14:48.187+0000] {override.py:1900} INFO - Created Permission View: can edit on DAG:example_xcom
[2024-10-16T13:14:48.198+0000] {logging_mixin.py:190} INFO - [2024-10-16T13:14:48.198+0000] {override.py:1900} INFO - Created Permission View: can read on DAG Run:example_xcom
[2024-10-16T13:14:48.207+0000] {logging_mixin.py:190} INFO - [2024-10-16T13:14:48.207+0000] {override.py:1900} INFO - Created Permission View: can create on DAG Run:example_xcom
[2024-10-16T13:14:48.215+0000] {logging_mixin.py:190} INFO - [2024-10-16T13:14:48.214+0000] {override.py:1900} INFO - Created Permission View: can delete on DAG Run:example_xcom
[2024-10-16T13:14:48.222+0000] {logging_mixin.py:190} INFO - [2024-10-16T13:14:48.222+0000] {override.py:1900} INFO - Created Permission View: menu access on DAG Run:example_xcom
[2024-10-16T13:14:48.223+0000] {logging_mixin.py:190} INFO - [2024-10-16T13:14:48.223+0000] {dag.py:3239} INFO - Sync 1 DAGs
[2024-10-16T13:14:48.236+0000] {logging_mixin.py:190} INFO - [2024-10-16T13:14:48.236+0000] {dag.py:3262} INFO - Creating ORM DAG for example_xcom
[2024-10-16T13:14:48.244+0000] {logging_mixin.py:190} INFO - [2024-10-16T13:14:48.244+0000] {dag.py:4180} INFO - Setting next_dagrun for example_xcom to 2021-01-01 00:00:00+00:00, run_after=2021-01-01 00:00:00+00:00
[2024-10-16T13:14:48.260+0000] {processor.py:208} INFO - Processing /home/airflow/.local/lib/python3.12/site-packages/airflow/example_dags/example_xcom.py took 0.208 seconds
[2024-10-16T13:16:17.565+0000] {processor.py:186} INFO - Started process (PID=99) to work on /home/airflow/.local/lib/python3.12/site-packages/airflow/example_dags/example_xcom.py
[2024-10-16T13:16:17.567+0000] {processor.py:914} INFO - Processing file /home/airflow/.local/lib/python3.12/site-packages/airflow/example_dags/example_xcom.py for tasks to queue
[2024-10-16T13:16:17.570+0000] {logging_mixin.py:190} INFO - [2024-10-16T13:16:17.570+0000] {dagbag.py:588} INFO - Filling up the DagBag from /home/airflow/.local/lib/python3.12/site-packages/airflow/example_dags/example_xcom.py
[2024-10-16T13:16:17.582+0000] {processor.py:925} INFO - DAG(s) 'example_xcom' retrieved from /home/airflow/.local/lib/python3.12/site-packages/airflow/example_dags/example_xcom.py
[2024-10-16T13:16:17.685+0000] {logging_mixin.py:190} INFO - [2024-10-16T13:16:17.685+0000] {override.py:1900} INFO - Created Permission View: can edit on DAG:example_xcom
[2024-10-16T13:16:17.694+0000] {logging_mixin.py:190} INFO - [2024-10-16T13:16:17.694+0000] {override.py:1900} INFO - Created Permission View: can read on DAG:example_xcom
[2024-10-16T13:16:17.700+0000] {logging_mixin.py:190} INFO - [2024-10-16T13:16:17.700+0000] {override.py:1900} INFO - Created Permission View: can delete on DAG:example_xcom
[2024-10-16T13:16:17.712+0000] {logging_mixin.py:190} INFO - [2024-10-16T13:16:17.712+0000] {override.py:1900} INFO - Created Permission View: menu access on DAG Run:example_xcom
[2024-10-16T13:16:17.722+0000] {logging_mixin.py:190} INFO - [2024-10-16T13:16:17.721+0000] {override.py:1900} INFO - Created Permission View: can read on DAG Run:example_xcom
[2024-10-16T13:16:17.729+0000] {logging_mixin.py:190} INFO - [2024-10-16T13:16:17.729+0000] {override.py:1900} INFO - Created Permission View: can create on DAG Run:example_xcom
[2024-10-16T13:16:17.738+0000] {logging_mixin.py:190} INFO - [2024-10-16T13:16:17.738+0000] {override.py:1900} INFO - Created Permission View: can delete on DAG Run:example_xcom
[2024-10-16T13:16:17.739+0000] {logging_mixin.py:190} INFO - [2024-10-16T13:16:17.739+0000] {dag.py:3239} INFO - Sync 1 DAGs
[2024-10-16T13:16:17.753+0000] {logging_mixin.py:190} INFO - [2024-10-16T13:16:17.753+0000] {dag.py:3262} INFO - Creating ORM DAG for example_xcom
[2024-10-16T13:16:17.768+0000] {logging_mixin.py:190} INFO - [2024-10-16T13:16:17.768+0000] {dag.py:4180} INFO - Setting next_dagrun for example_xcom to 2021-01-01 00:00:00+00:00, run_after=2021-01-01 00:00:00+00:00
[2024-10-16T13:16:17.788+0000] {processor.py:208} INFO - Processing /home/airflow/.local/lib/python3.12/site-packages/airflow/example_dags/example_xcom.py took 0.228 seconds
[2024-10-16T13:16:48.400+0000] {processor.py:186} INFO - Started process (PID=161) to work on /home/airflow/.local/lib/python3.12/site-packages/airflow/example_dags/example_xcom.py
[2024-10-16T13:16:48.401+0000] {processor.py:914} INFO - Processing file /home/airflow/.local/lib/python3.12/site-packages/airflow/example_dags/example_xcom.py for tasks to queue
[2024-10-16T13:16:48.404+0000] {logging_mixin.py:190} INFO - [2024-10-16T13:16:48.404+0000] {dagbag.py:588} INFO - Filling up the DagBag from /home/airflow/.local/lib/python3.12/site-packages/airflow/example_dags/example_xcom.py
[2024-10-16T13:16:48.414+0000] {processor.py:925} INFO - DAG(s) 'example_xcom' retrieved from /home/airflow/.local/lib/python3.12/site-packages/airflow/example_dags/example_xcom.py
[2024-10-16T13:16:48.438+0000] {logging_mixin.py:190} INFO - [2024-10-16T13:16:48.438+0000] {dag.py:3239} INFO - Sync 1 DAGs
[2024-10-16T13:16:48.467+0000] {logging_mixin.py:190} INFO - [2024-10-16T13:16:48.466+0000] {dag.py:4180} INFO - Setting next_dagrun for example_xcom to 2021-01-01 00:00:00+00:00, run_after=2021-01-01 00:00:00+00:00
[2024-10-16T13:16:48.519+0000] {processor.py:208} INFO - Processing /home/airflow/.local/lib/python3.12/site-packages/airflow/example_dags/example_xcom.py took 0.127 seconds
[2024-10-16T13:17:18.989+0000] {processor.py:186} INFO - Started process (PID=224) to work on /home/airflow/.local/lib/python3.12/site-packages/airflow/example_dags/example_xcom.py
[2024-10-16T13:17:18.990+0000] {processor.py:914} INFO - Processing file /home/airflow/.local/lib/python3.12/site-packages/airflow/example_dags/example_xcom.py for tasks to queue
[2024-10-16T13:17:18.993+0000] {logging_mixin.py:190} INFO - [2024-10-16T13:17:18.992+0000] {dagbag.py:588} INFO - Filling up the DagBag from /home/airflow/.local/lib/python3.12/site-packages/airflow/example_dags/example_xcom.py
[2024-10-16T13:17:19.000+0000] {processor.py:925} INFO - DAG(s) 'example_xcom' retrieved from /home/airflow/.local/lib/python3.12/site-packages/airflow/example_dags/example_xcom.py
[2024-10-16T13:17:19.019+0000] {logging_mixin.py:190} INFO - [2024-10-16T13:17:19.019+0000] {dag.py:3239} INFO - Sync 1 DAGs
[2024-10-16T13:17:19.050+0000] {logging_mixin.py:190} INFO - [2024-10-16T13:17:19.049+0000] {dag.py:4180} INFO - Setting next_dagrun for example_xcom to 2021-01-01 00:00:00+00:00, run_after=2021-01-01 00:00:00+00:00
[2024-10-16T13:17:19.074+0000] {processor.py:208} INFO - Processing /home/airflow/.local/lib/python3.12/site-packages/airflow/example_dags/example_xcom.py took 0.090 seconds
[2024-10-16T13:17:49.815+0000] {processor.py:186} INFO - Started process (PID=287) to work on /home/airflow/.local/lib/python3.12/site-packages/airflow/example_dags/example_xcom.py
[2024-10-16T13:17:49.816+0000] {processor.py:914} INFO - Processing file /home/airflow/.local/lib/python3.12/site-packages/airflow/example_dags/example_xcom.py for tasks to queue
[2024-10-16T13:17:49.818+0000] {logging_mixin.py:190} INFO - [2024-10-16T13:17:49.817+0000] {dagbag.py:588} INFO - Filling up the DagBag from /home/airflow/.local/lib/python3.12/site-packages/airflow/example_dags/example_xcom.py
[2024-10-16T13:17:49.825+0000] {processor.py:925} INFO - DAG(s) 'example_xcom' retrieved from /home/airflow/.local/lib/python3.12/site-packages/airflow/example_dags/example_xcom.py
[2024-10-16T13:17:49.845+0000] {logging_mixin.py:190} INFO - [2024-10-16T13:17:49.845+0000] {dag.py:3239} INFO - Sync 1 DAGs
[2024-10-16T13:17:49.864+0000] {logging_mixin.py:190} INFO - [2024-10-16T13:17:49.864+0000] {dag.py:4180} INFO - Setting next_dagrun for example_xcom to 2021-01-01 00:00:00+00:00, run_after=2021-01-01 00:00:00+00:00
[2024-10-16T13:17:49.879+0000] {processor.py:208} INFO - Processing /home/airflow/.local/lib/python3.12/site-packages/airflow/example_dags/example_xcom.py took 0.068 seconds
[2024-10-16T13:18:20.100+0000] {processor.py:186} INFO - Started process (PID=350) to work on /home/airflow/.local/lib/python3.12/site-packages/airflow/example_dags/example_xcom.py
[2024-10-16T13:18:20.101+0000] {processor.py:914} INFO - Processing file /home/airflow/.local/lib/python3.12/site-packages/airflow/example_dags/example_xcom.py for tasks to queue
[2024-10-16T13:18:20.104+0000] {logging_mixin.py:190} INFO - [2024-10-16T13:18:20.103+0000] {dagbag.py:588} INFO - Filling up the DagBag from /home/airflow/.local/lib/python3.12/site-packages/airflow/example_dags/example_xcom.py
[2024-10-16T13:18:20.114+0000] {processor.py:925} INFO - DAG(s) 'example_xcom' retrieved from /home/airflow/.local/lib/python3.12/site-packages/airflow/example_dags/example_xcom.py
[2024-10-16T13:18:20.138+0000] {logging_mixin.py:190} INFO - [2024-10-16T13:18:20.137+0000] {dag.py:3239} INFO - Sync 1 DAGs
[2024-10-16T13:18:20.161+0000] {logging_mixin.py:190} INFO - [2024-10-16T13:18:20.161+0000] {dag.py:4180} INFO - Setting next_dagrun for example_xcom to 2021-01-01 00:00:00+00:00, run_after=2021-01-01 00:00:00+00:00
[2024-10-16T13:18:20.180+0000] {processor.py:208} INFO - Processing /home/airflow/.local/lib/python3.12/site-packages/airflow/example_dags/example_xcom.py took 0.088 seconds
[2024-10-16T13:18:50.963+0000] {processor.py:186} INFO - Started process (PID=413) to work on /home/airflow/.local/lib/python3.12/site-packages/airflow/example_dags/example_xcom.py
[2024-10-16T13:18:50.965+0000] {processor.py:914} INFO - Processing file /home/airflow/.local/lib/python3.12/site-packages/airflow/example_dags/example_xcom.py for tasks to queue
[2024-10-16T13:18:50.968+0000] {logging_mixin.py:190} INFO - [2024-10-16T13:18:50.967+0000] {dagbag.py:588} INFO - Filling up the DagBag from /home/airflow/.local/lib/python3.12/site-packages/airflow/example_dags/example_xcom.py
[2024-10-16T13:18:50.977+0000] {processor.py:925} INFO - DAG(s) 'example_xcom' retrieved from /home/airflow/.local/lib/python3.12/site-packages/airflow/example_dags/example_xcom.py
[2024-10-16T13:18:51.006+0000] {logging_mixin.py:190} INFO - [2024-10-16T13:18:51.005+0000] {dag.py:3239} INFO - Sync 1 DAGs
[2024-10-16T13:18:51.037+0000] {logging_mixin.py:190} INFO - [2024-10-16T13:18:51.037+0000] {dag.py:4180} INFO - Setting next_dagrun for example_xcom to 2021-01-01 00:00:00+00:00, run_after=2021-01-01 00:00:00+00:00
[2024-10-16T13:18:51.060+0000] {processor.py:208} INFO - Processing /home/airflow/.local/lib/python3.12/site-packages/airflow/example_dags/example_xcom.py took 0.104 seconds
[2024-10-16T13:19:21.725+0000] {processor.py:186} INFO - Started process (PID=476) to work on /home/airflow/.local/lib/python3.12/site-packages/airflow/example_dags/example_xcom.py
[2024-10-16T13:19:21.726+0000] {processor.py:914} INFO - Processing file /home/airflow/.local/lib/python3.12/site-packages/airflow/example_dags/example_xcom.py for tasks to queue
[2024-10-16T13:19:21.728+0000] {logging_mixin.py:190} INFO - [2024-10-16T13:19:21.727+0000] {dagbag.py:588} INFO - Filling up the DagBag from /home/airflow/.local/lib/python3.12/site-packages/airflow/example_dags/example_xcom.py
[2024-10-16T13:19:21.736+0000] {processor.py:925} INFO - DAG(s) 'example_xcom' retrieved from /home/airflow/.local/lib/python3.12/site-packages/airflow/example_dags/example_xcom.py
[2024-10-16T13:19:21.758+0000] {logging_mixin.py:190} INFO - [2024-10-16T13:19:21.758+0000] {dag.py:3239} INFO - Sync 1 DAGs
[2024-10-16T13:19:21.783+0000] {logging_mixin.py:190} INFO - [2024-10-16T13:19:21.782+0000] {dag.py:4180} INFO - Setting next_dagrun for example_xcom to 2021-01-01 00:00:00+00:00, run_after=2021-01-01 00:00:00+00:00
[2024-10-16T13:19:21.810+0000] {processor.py:208} INFO - Processing /home/airflow/.local/lib/python3.12/site-packages/airflow/example_dags/example_xcom.py took 0.092 seconds
[2024-10-16T13:19:52.205+0000] {processor.py:186} INFO - Started process (PID=539) to work on /home/airflow/.local/lib/python3.12/site-packages/airflow/example_dags/example_xcom.py
[2024-10-16T13:19:52.207+0000] {processor.py:914} INFO - Processing file /home/airflow/.local/lib/python3.12/site-packages/airflow/example_dags/example_xcom.py for tasks to queue
[2024-10-16T13:19:52.209+0000] {logging_mixin.py:190} INFO - [2024-10-16T13:19:52.209+0000] {dagbag.py:588} INFO - Filling up the DagBag from /home/airflow/.local/lib/python3.12/site-packages/airflow/example_dags/example_xcom.py
[2024-10-16T13:19:52.217+0000] {processor.py:925} INFO - DAG(s) 'example_xcom' retrieved from /home/airflow/.local/lib/python3.12/site-packages/airflow/example_dags/example_xcom.py
[2024-10-16T13:19:52.242+0000] {logging_mixin.py:190} INFO - [2024-10-16T13:19:52.241+0000] {dag.py:3239} INFO - Sync 1 DAGs
[2024-10-16T13:19:52.263+0000] {logging_mixin.py:190} INFO - [2024-10-16T13:19:52.263+0000] {dag.py:4180} INFO - Setting next_dagrun for example_xcom to 2021-01-01 00:00:00+00:00, run_after=2021-01-01 00:00:00+00:00
[2024-10-16T13:19:52.284+0000] {processor.py:208} INFO - Processing /home/airflow/.local/lib/python3.12/site-packages/airflow/example_dags/example_xcom.py took 0.085 seconds
[2024-10-16T13:20:23.002+0000] {processor.py:186} INFO - Started process (PID=602) to work on /home/airflow/.local/lib/python3.12/site-packages/airflow/example_dags/example_xcom.py
[2024-10-16T13:20:23.003+0000] {processor.py:914} INFO - Processing file /home/airflow/.local/lib/python3.12/site-packages/airflow/example_dags/example_xcom.py for tasks to queue
[2024-10-16T13:20:23.007+0000] {logging_mixin.py:190} INFO - [2024-10-16T13:20:23.006+0000] {dagbag.py:588} INFO - Filling up the DagBag from /home/airflow/.local/lib/python3.12/site-packages/airflow/example_dags/example_xcom.py
[2024-10-16T13:20:23.018+0000] {processor.py:925} INFO - DAG(s) 'example_xcom' retrieved from /home/airflow/.local/lib/python3.12/site-packages/airflow/example_dags/example_xcom.py
[2024-10-16T13:20:23.046+0000] {logging_mixin.py:190} INFO - [2024-10-16T13:20:23.046+0000] {dag.py:3239} INFO - Sync 1 DAGs
[2024-10-16T13:20:23.075+0000] {logging_mixin.py:190} INFO - [2024-10-16T13:20:23.075+0000] {dag.py:4180} INFO - Setting next_dagrun for example_xcom to 2021-01-01 00:00:00+00:00, run_after=2021-01-01 00:00:00+00:00
[2024-10-16T13:20:23.106+0000] {processor.py:208} INFO - Processing /home/airflow/.local/lib/python3.12/site-packages/airflow/example_dags/example_xcom.py took 0.113 seconds
[2024-10-16T13:22:02.587+0000] {processor.py:186} INFO - Started process (PID=98) to work on /home/airflow/.local/lib/python3.12/site-packages/airflow/example_dags/example_xcom.py
[2024-10-16T13:22:02.588+0000] {processor.py:914} INFO - Processing file /home/airflow/.local/lib/python3.12/site-packages/airflow/example_dags/example_xcom.py for tasks to queue
[2024-10-16T13:22:02.591+0000] {logging_mixin.py:190} INFO - [2024-10-16T13:22:02.590+0000] {dagbag.py:588} INFO - Filling up the DagBag from /home/airflow/.local/lib/python3.12/site-packages/airflow/example_dags/example_xcom.py
[2024-10-16T13:22:02.598+0000] {processor.py:925} INFO - DAG(s) 'example_xcom' retrieved from /home/airflow/.local/lib/python3.12/site-packages/airflow/example_dags/example_xcom.py
[2024-10-16T13:22:02.689+0000] {logging_mixin.py:190} INFO - [2024-10-16T13:22:02.689+0000] {override.py:1900} INFO - Created Permission View: can edit on DAG:example_xcom
[2024-10-16T13:22:02.698+0000] {logging_mixin.py:190} INFO - [2024-10-16T13:22:02.697+0000] {override.py:1900} INFO - Created Permission View: can read on DAG:example_xcom
[2024-10-16T13:22:02.703+0000] {logging_mixin.py:190} INFO - [2024-10-16T13:22:02.703+0000] {override.py:1900} INFO - Created Permission View: can delete on DAG:example_xcom
[2024-10-16T13:22:02.709+0000] {logging_mixin.py:190} INFO - [2024-10-16T13:22:02.709+0000] {override.py:1900} INFO - Created Permission View: can delete on DAG Run:example_xcom
[2024-10-16T13:22:02.715+0000] {logging_mixin.py:190} INFO - [2024-10-16T13:22:02.715+0000] {override.py:1900} INFO - Created Permission View: can read on DAG Run:example_xcom
[2024-10-16T13:22:02.722+0000] {logging_mixin.py:190} INFO - [2024-10-16T13:22:02.722+0000] {override.py:1900} INFO - Created Permission View: menu access on DAG Run:example_xcom
[2024-10-16T13:22:02.729+0000] {logging_mixin.py:190} INFO - [2024-10-16T13:22:02.729+0000] {override.py:1900} INFO - Created Permission View: can create on DAG Run:example_xcom
[2024-10-16T13:22:02.730+0000] {logging_mixin.py:190} INFO - [2024-10-16T13:22:02.730+0000] {dag.py:3239} INFO - Sync 1 DAGs
[2024-10-16T13:22:02.747+0000] {logging_mixin.py:190} INFO - [2024-10-16T13:22:02.747+0000] {dag.py:3262} INFO - Creating ORM DAG for example_xcom
[2024-10-16T13:22:02.758+0000] {logging_mixin.py:190} INFO - [2024-10-16T13:22:02.758+0000] {dag.py:4180} INFO - Setting next_dagrun for example_xcom to 2021-01-01 00:00:00+00:00, run_after=2021-01-01 00:00:00+00:00
[2024-10-16T13:22:02.777+0000] {processor.py:208} INFO - Processing /home/airflow/.local/lib/python3.12/site-packages/airflow/example_dags/example_xcom.py took 0.194 seconds
[2024-10-16T13:22:33.673+0000] {processor.py:186} INFO - Started process (PID=159) to work on /home/airflow/.local/lib/python3.12/site-packages/airflow/example_dags/example_xcom.py
[2024-10-16T13:22:33.674+0000] {processor.py:914} INFO - Processing file /home/airflow/.local/lib/python3.12/site-packages/airflow/example_dags/example_xcom.py for tasks to queue
[2024-10-16T13:22:33.678+0000] {logging_mixin.py:190} INFO - [2024-10-16T13:22:33.677+0000] {dagbag.py:588} INFO - Filling up the DagBag from /home/airflow/.local/lib/python3.12/site-packages/airflow/example_dags/example_xcom.py
[2024-10-16T13:22:33.691+0000] {processor.py:925} INFO - DAG(s) 'example_xcom' retrieved from /home/airflow/.local/lib/python3.12/site-packages/airflow/example_dags/example_xcom.py
[2024-10-16T13:22:33.719+0000] {logging_mixin.py:190} INFO - [2024-10-16T13:22:33.718+0000] {dag.py:3239} INFO - Sync 1 DAGs
[2024-10-16T13:22:33.761+0000] {logging_mixin.py:190} INFO - [2024-10-16T13:22:33.761+0000] {dag.py:4180} INFO - Setting next_dagrun for example_xcom to 2021-01-01 00:00:00+00:00, run_after=2021-01-01 00:00:00+00:00
[2024-10-16T13:22:33.794+0000] {processor.py:208} INFO - Processing /home/airflow/.local/lib/python3.12/site-packages/airflow/example_dags/example_xcom.py took 0.132 seconds
[2024-10-16T13:23:04.438+0000] {processor.py:186} INFO - Started process (PID=224) to work on /home/airflow/.local/lib/python3.12/site-packages/airflow/example_dags/example_xcom.py
[2024-10-16T13:23:04.446+0000] {processor.py:914} INFO - Processing file /home/airflow/.local/lib/python3.12/site-packages/airflow/example_dags/example_xcom.py for tasks to queue
[2024-10-16T13:23:04.479+0000] {logging_mixin.py:190} INFO - [2024-10-16T13:23:04.479+0000] {dagbag.py:588} INFO - Filling up the DagBag from /home/airflow/.local/lib/python3.12/site-packages/airflow/example_dags/example_xcom.py
[2024-10-16T13:23:04.491+0000] {processor.py:925} INFO - DAG(s) 'example_xcom' retrieved from /home/airflow/.local/lib/python3.12/site-packages/airflow/example_dags/example_xcom.py
[2024-10-16T13:23:04.518+0000] {logging_mixin.py:190} INFO - [2024-10-16T13:23:04.517+0000] {dag.py:3239} INFO - Sync 1 DAGs
[2024-10-16T13:23:04.538+0000] {logging_mixin.py:190} INFO - [2024-10-16T13:23:04.537+0000] {dag.py:4180} INFO - Setting next_dagrun for example_xcom to 2021-01-01 00:00:00+00:00, run_after=2021-01-01 00:00:00+00:00
[2024-10-16T13:23:04.570+0000] {processor.py:208} INFO - Processing /home/airflow/.local/lib/python3.12/site-packages/airflow/example_dags/example_xcom.py took 0.137 seconds
[2024-10-16T13:23:35.596+0000] {processor.py:186} INFO - Started process (PID=286) to work on /home/airflow/.local/lib/python3.12/site-packages/airflow/example_dags/example_xcom.py
[2024-10-16T13:23:35.597+0000] {processor.py:914} INFO - Processing file /home/airflow/.local/lib/python3.12/site-packages/airflow/example_dags/example_xcom.py for tasks to queue
[2024-10-16T13:23:35.600+0000] {logging_mixin.py:190} INFO - [2024-10-16T13:23:35.599+0000] {dagbag.py:588} INFO - Filling up the DagBag from /home/airflow/.local/lib/python3.12/site-packages/airflow/example_dags/example_xcom.py
[2024-10-16T13:23:35.608+0000] {processor.py:925} INFO - DAG(s) 'example_xcom' retrieved from /home/airflow/.local/lib/python3.12/site-packages/airflow/example_dags/example_xcom.py
[2024-10-16T13:23:35.629+0000] {logging_mixin.py:190} INFO - [2024-10-16T13:23:35.629+0000] {dag.py:3239} INFO - Sync 1 DAGs
[2024-10-16T13:23:35.657+0000] {logging_mixin.py:190} INFO - [2024-10-16T13:23:35.656+0000] {dag.py:4180} INFO - Setting next_dagrun for example_xcom to 2021-01-01 00:00:00+00:00, run_after=2021-01-01 00:00:00+00:00
[2024-10-16T13:23:35.681+0000] {processor.py:208} INFO - Processing /home/airflow/.local/lib/python3.12/site-packages/airflow/example_dags/example_xcom.py took 0.090 seconds
