[2024-10-16T12:50:29.301+0000] {processor.py:186} INFO - Started process (PID=72) to work on /home/airflow/.local/lib/python3.12/site-packages/airflow/example_dags/example_bash_decorator.py
[2024-10-16T12:50:29.302+0000] {processor.py:914} INFO - Processing file /home/airflow/.local/lib/python3.12/site-packages/airflow/example_dags/example_bash_decorator.py for tasks to queue
[2024-10-16T12:50:29.304+0000] {logging_mixin.py:190} INFO - [2024-10-16T12:50:29.304+0000] {dagbag.py:588} INFO - Filling up the DagBag from /home/airflow/.local/lib/python3.12/site-packages/airflow/example_dags/example_bash_decorator.py
[2024-10-16T12:50:29.323+0000] {processor.py:925} INFO - DAG(s) 'example_bash_decorator' retrieved from /home/airflow/.local/lib/python3.12/site-packages/airflow/example_dags/example_bash_decorator.py
[2024-10-16T12:50:29.431+0000] {logging_mixin.py:190} INFO - [2024-10-16T12:50:29.430+0000] {override.py:1900} INFO - Created Permission View: can edit on DAG:example_bash_decorator
[2024-10-16T12:50:29.442+0000] {logging_mixin.py:190} INFO - [2024-10-16T12:50:29.442+0000] {override.py:1900} INFO - Created Permission View: can read on DAG:example_bash_decorator
[2024-10-16T12:50:29.449+0000] {logging_mixin.py:190} INFO - [2024-10-16T12:50:29.449+0000] {override.py:1900} INFO - Created Permission View: can delete on DAG:example_bash_decorator
[2024-10-16T12:50:29.457+0000] {logging_mixin.py:190} INFO - [2024-10-16T12:50:29.457+0000] {override.py:1900} INFO - Created Permission View: can delete on DAG Run:example_bash_decorator
[2024-10-16T12:50:29.464+0000] {logging_mixin.py:190} INFO - [2024-10-16T12:50:29.464+0000] {override.py:1900} INFO - Created Permission View: menu access on DAG Run:example_bash_decorator
[2024-10-16T12:50:29.471+0000] {logging_mixin.py:190} INFO - [2024-10-16T12:50:29.471+0000] {override.py:1900} INFO - Created Permission View: can create on DAG Run:example_bash_decorator
[2024-10-16T12:50:29.479+0000] {logging_mixin.py:190} INFO - [2024-10-16T12:50:29.478+0000] {override.py:1900} INFO - Created Permission View: can read on DAG Run:example_bash_decorator
[2024-10-16T12:50:29.480+0000] {logging_mixin.py:190} INFO - [2024-10-16T12:50:29.479+0000] {dag.py:3239} INFO - Sync 1 DAGs
[2024-10-16T12:50:29.493+0000] {logging_mixin.py:190} INFO - [2024-10-16T12:50:29.493+0000] {dag.py:3262} INFO - Creating ORM DAG for example_bash_decorator
[2024-10-16T12:50:29.494+0000] {logging_mixin.py:190} INFO - [2024-10-16T12:50:29.494+0000] {dag.py:4180} INFO - Setting next_dagrun for example_bash_decorator to None, run_after=None
[2024-10-16T12:50:29.514+0000] {processor.py:208} INFO - Processing /home/airflow/.local/lib/python3.12/site-packages/airflow/example_dags/example_bash_decorator.py took 0.218 seconds
[2024-10-16T12:51:00.437+0000] {processor.py:186} INFO - Started process (PID=140) to work on /home/airflow/.local/lib/python3.12/site-packages/airflow/example_dags/example_bash_decorator.py
[2024-10-16T12:51:00.438+0000] {processor.py:914} INFO - Processing file /home/airflow/.local/lib/python3.12/site-packages/airflow/example_dags/example_bash_decorator.py for tasks to queue
[2024-10-16T12:51:00.444+0000] {logging_mixin.py:190} INFO - [2024-10-16T12:51:00.443+0000] {dagbag.py:588} INFO - Filling up the DagBag from /home/airflow/.local/lib/python3.12/site-packages/airflow/example_dags/example_bash_decorator.py
[2024-10-16T12:51:00.461+0000] {processor.py:925} INFO - DAG(s) 'example_bash_decorator' retrieved from /home/airflow/.local/lib/python3.12/site-packages/airflow/example_dags/example_bash_decorator.py
[2024-10-16T12:51:00.490+0000] {logging_mixin.py:190} INFO - [2024-10-16T12:51:00.489+0000] {dag.py:3239} INFO - Sync 1 DAGs
[2024-10-16T12:51:00.506+0000] {logging_mixin.py:190} INFO - [2024-10-16T12:51:00.506+0000] {dag.py:4180} INFO - Setting next_dagrun for example_bash_decorator to None, run_after=None
[2024-10-16T12:51:00.539+0000] {processor.py:208} INFO - Processing /home/airflow/.local/lib/python3.12/site-packages/airflow/example_dags/example_bash_decorator.py took 0.110 seconds
[2024-10-16T12:51:30.784+0000] {processor.py:186} INFO - Started process (PID=202) to work on /home/airflow/.local/lib/python3.12/site-packages/airflow/example_dags/example_bash_decorator.py
[2024-10-16T12:51:30.785+0000] {processor.py:914} INFO - Processing file /home/airflow/.local/lib/python3.12/site-packages/airflow/example_dags/example_bash_decorator.py for tasks to queue
[2024-10-16T12:51:30.787+0000] {logging_mixin.py:190} INFO - [2024-10-16T12:51:30.786+0000] {dagbag.py:588} INFO - Filling up the DagBag from /home/airflow/.local/lib/python3.12/site-packages/airflow/example_dags/example_bash_decorator.py
[2024-10-16T12:51:30.798+0000] {processor.py:925} INFO - DAG(s) 'example_bash_decorator' retrieved from /home/airflow/.local/lib/python3.12/site-packages/airflow/example_dags/example_bash_decorator.py
[2024-10-16T12:51:30.819+0000] {logging_mixin.py:190} INFO - [2024-10-16T12:51:30.818+0000] {dag.py:3239} INFO - Sync 1 DAGs
[2024-10-16T12:51:30.829+0000] {logging_mixin.py:190} INFO - [2024-10-16T12:51:30.829+0000] {dag.py:4180} INFO - Setting next_dagrun for example_bash_decorator to None, run_after=None
[2024-10-16T12:51:30.845+0000] {processor.py:208} INFO - Processing /home/airflow/.local/lib/python3.12/site-packages/airflow/example_dags/example_bash_decorator.py took 0.066 seconds
[2024-10-16T12:52:01.431+0000] {processor.py:186} INFO - Started process (PID=264) to work on /home/airflow/.local/lib/python3.12/site-packages/airflow/example_dags/example_bash_decorator.py
[2024-10-16T12:52:01.432+0000] {processor.py:914} INFO - Processing file /home/airflow/.local/lib/python3.12/site-packages/airflow/example_dags/example_bash_decorator.py for tasks to queue
[2024-10-16T12:52:01.434+0000] {logging_mixin.py:190} INFO - [2024-10-16T12:52:01.434+0000] {dagbag.py:588} INFO - Filling up the DagBag from /home/airflow/.local/lib/python3.12/site-packages/airflow/example_dags/example_bash_decorator.py
[2024-10-16T12:52:01.452+0000] {processor.py:925} INFO - DAG(s) 'example_bash_decorator' retrieved from /home/airflow/.local/lib/python3.12/site-packages/airflow/example_dags/example_bash_decorator.py
[2024-10-16T12:52:01.478+0000] {logging_mixin.py:190} INFO - [2024-10-16T12:52:01.478+0000] {dag.py:3239} INFO - Sync 1 DAGs
[2024-10-16T12:52:01.494+0000] {logging_mixin.py:190} INFO - [2024-10-16T12:52:01.494+0000] {dag.py:4180} INFO - Setting next_dagrun for example_bash_decorator to None, run_after=None
[2024-10-16T12:52:01.515+0000] {processor.py:208} INFO - Processing /home/airflow/.local/lib/python3.12/site-packages/airflow/example_dags/example_bash_decorator.py took 0.090 seconds
[2024-10-16T12:52:32.387+0000] {processor.py:186} INFO - Started process (PID=327) to work on /home/airflow/.local/lib/python3.12/site-packages/airflow/example_dags/example_bash_decorator.py
[2024-10-16T12:52:32.388+0000] {processor.py:914} INFO - Processing file /home/airflow/.local/lib/python3.12/site-packages/airflow/example_dags/example_bash_decorator.py for tasks to queue
[2024-10-16T12:52:32.391+0000] {logging_mixin.py:190} INFO - [2024-10-16T12:52:32.391+0000] {dagbag.py:588} INFO - Filling up the DagBag from /home/airflow/.local/lib/python3.12/site-packages/airflow/example_dags/example_bash_decorator.py
[2024-10-16T12:52:32.402+0000] {processor.py:925} INFO - DAG(s) 'example_bash_decorator' retrieved from /home/airflow/.local/lib/python3.12/site-packages/airflow/example_dags/example_bash_decorator.py
[2024-10-16T12:52:32.427+0000] {logging_mixin.py:190} INFO - [2024-10-16T12:52:32.426+0000] {dag.py:3239} INFO - Sync 1 DAGs
[2024-10-16T12:52:32.443+0000] {logging_mixin.py:190} INFO - [2024-10-16T12:52:32.442+0000] {dag.py:4180} INFO - Setting next_dagrun for example_bash_decorator to None, run_after=None
[2024-10-16T12:52:32.471+0000] {processor.py:208} INFO - Processing /home/airflow/.local/lib/python3.12/site-packages/airflow/example_dags/example_bash_decorator.py took 0.090 seconds
[2024-10-16T12:53:03.706+0000] {processor.py:186} INFO - Started process (PID=389) to work on /home/airflow/.local/lib/python3.12/site-packages/airflow/example_dags/example_bash_decorator.py
[2024-10-16T12:53:03.707+0000] {processor.py:914} INFO - Processing file /home/airflow/.local/lib/python3.12/site-packages/airflow/example_dags/example_bash_decorator.py for tasks to queue
[2024-10-16T12:53:03.710+0000] {logging_mixin.py:190} INFO - [2024-10-16T12:53:03.709+0000] {dagbag.py:588} INFO - Filling up the DagBag from /home/airflow/.local/lib/python3.12/site-packages/airflow/example_dags/example_bash_decorator.py
[2024-10-16T12:53:03.727+0000] {processor.py:925} INFO - DAG(s) 'example_bash_decorator' retrieved from /home/airflow/.local/lib/python3.12/site-packages/airflow/example_dags/example_bash_decorator.py
[2024-10-16T12:53:03.756+0000] {logging_mixin.py:190} INFO - [2024-10-16T12:53:03.756+0000] {dag.py:3239} INFO - Sync 1 DAGs
[2024-10-16T12:53:03.772+0000] {logging_mixin.py:190} INFO - [2024-10-16T12:53:03.772+0000] {dag.py:4180} INFO - Setting next_dagrun for example_bash_decorator to None, run_after=None
[2024-10-16T12:53:03.791+0000] {processor.py:208} INFO - Processing /home/airflow/.local/lib/python3.12/site-packages/airflow/example_dags/example_bash_decorator.py took 0.092 seconds
[2024-10-16T12:53:34.578+0000] {processor.py:186} INFO - Started process (PID=451) to work on /home/airflow/.local/lib/python3.12/site-packages/airflow/example_dags/example_bash_decorator.py
[2024-10-16T12:53:34.579+0000] {processor.py:914} INFO - Processing file /home/airflow/.local/lib/python3.12/site-packages/airflow/example_dags/example_bash_decorator.py for tasks to queue
[2024-10-16T12:53:34.582+0000] {logging_mixin.py:190} INFO - [2024-10-16T12:53:34.582+0000] {dagbag.py:588} INFO - Filling up the DagBag from /home/airflow/.local/lib/python3.12/site-packages/airflow/example_dags/example_bash_decorator.py
[2024-10-16T12:53:34.601+0000] {processor.py:925} INFO - DAG(s) 'example_bash_decorator' retrieved from /home/airflow/.local/lib/python3.12/site-packages/airflow/example_dags/example_bash_decorator.py
[2024-10-16T12:53:34.630+0000] {logging_mixin.py:190} INFO - [2024-10-16T12:53:34.629+0000] {dag.py:3239} INFO - Sync 1 DAGs
[2024-10-16T12:53:34.652+0000] {logging_mixin.py:190} INFO - [2024-10-16T12:53:34.651+0000] {dag.py:4180} INFO - Setting next_dagrun for example_bash_decorator to None, run_after=None
[2024-10-16T12:53:34.678+0000] {processor.py:208} INFO - Processing /home/airflow/.local/lib/python3.12/site-packages/airflow/example_dags/example_bash_decorator.py took 0.108 seconds
[2024-10-16T12:54:05.533+0000] {processor.py:186} INFO - Started process (PID=513) to work on /home/airflow/.local/lib/python3.12/site-packages/airflow/example_dags/example_bash_decorator.py
[2024-10-16T12:54:05.534+0000] {processor.py:914} INFO - Processing file /home/airflow/.local/lib/python3.12/site-packages/airflow/example_dags/example_bash_decorator.py for tasks to queue
[2024-10-16T12:54:05.537+0000] {logging_mixin.py:190} INFO - [2024-10-16T12:54:05.536+0000] {dagbag.py:588} INFO - Filling up the DagBag from /home/airflow/.local/lib/python3.12/site-packages/airflow/example_dags/example_bash_decorator.py
[2024-10-16T12:54:05.549+0000] {processor.py:925} INFO - DAG(s) 'example_bash_decorator' retrieved from /home/airflow/.local/lib/python3.12/site-packages/airflow/example_dags/example_bash_decorator.py
[2024-10-16T12:54:05.573+0000] {logging_mixin.py:190} INFO - [2024-10-16T12:54:05.573+0000] {dag.py:3239} INFO - Sync 1 DAGs
[2024-10-16T12:54:05.594+0000] {logging_mixin.py:190} INFO - [2024-10-16T12:54:05.594+0000] {dag.py:4180} INFO - Setting next_dagrun for example_bash_decorator to None, run_after=None
[2024-10-16T12:54:05.619+0000] {processor.py:208} INFO - Processing /home/airflow/.local/lib/python3.12/site-packages/airflow/example_dags/example_bash_decorator.py took 0.093 seconds
[2024-10-16T12:54:36.697+0000] {processor.py:186} INFO - Started process (PID=575) to work on /home/airflow/.local/lib/python3.12/site-packages/airflow/example_dags/example_bash_decorator.py
[2024-10-16T12:54:36.698+0000] {processor.py:914} INFO - Processing file /home/airflow/.local/lib/python3.12/site-packages/airflow/example_dags/example_bash_decorator.py for tasks to queue
[2024-10-16T12:54:36.702+0000] {logging_mixin.py:190} INFO - [2024-10-16T12:54:36.701+0000] {dagbag.py:588} INFO - Filling up the DagBag from /home/airflow/.local/lib/python3.12/site-packages/airflow/example_dags/example_bash_decorator.py
[2024-10-16T12:54:36.722+0000] {processor.py:925} INFO - DAG(s) 'example_bash_decorator' retrieved from /home/airflow/.local/lib/python3.12/site-packages/airflow/example_dags/example_bash_decorator.py
[2024-10-16T12:54:36.757+0000] {logging_mixin.py:190} INFO - [2024-10-16T12:54:36.757+0000] {dag.py:3239} INFO - Sync 1 DAGs
[2024-10-16T12:54:36.778+0000] {logging_mixin.py:190} INFO - [2024-10-16T12:54:36.778+0000] {dag.py:4180} INFO - Setting next_dagrun for example_bash_decorator to None, run_after=None
[2024-10-16T12:54:36.814+0000] {processor.py:208} INFO - Processing /home/airflow/.local/lib/python3.12/site-packages/airflow/example_dags/example_bash_decorator.py took 0.123 seconds
[2024-10-16T12:55:07.387+0000] {processor.py:186} INFO - Started process (PID=638) to work on /home/airflow/.local/lib/python3.12/site-packages/airflow/example_dags/example_bash_decorator.py
[2024-10-16T12:55:07.388+0000] {processor.py:914} INFO - Processing file /home/airflow/.local/lib/python3.12/site-packages/airflow/example_dags/example_bash_decorator.py for tasks to queue
[2024-10-16T12:55:07.393+0000] {logging_mixin.py:190} INFO - [2024-10-16T12:55:07.392+0000] {dagbag.py:588} INFO - Filling up the DagBag from /home/airflow/.local/lib/python3.12/site-packages/airflow/example_dags/example_bash_decorator.py
[2024-10-16T12:55:07.414+0000] {processor.py:925} INFO - DAG(s) 'example_bash_decorator' retrieved from /home/airflow/.local/lib/python3.12/site-packages/airflow/example_dags/example_bash_decorator.py
[2024-10-16T12:55:07.441+0000] {logging_mixin.py:190} INFO - [2024-10-16T12:55:07.441+0000] {dag.py:3239} INFO - Sync 1 DAGs
[2024-10-16T12:55:07.460+0000] {logging_mixin.py:190} INFO - [2024-10-16T12:55:07.459+0000] {dag.py:4180} INFO - Setting next_dagrun for example_bash_decorator to None, run_after=None
[2024-10-16T12:55:07.488+0000] {processor.py:208} INFO - Processing /home/airflow/.local/lib/python3.12/site-packages/airflow/example_dags/example_bash_decorator.py took 0.109 seconds
[2024-10-16T12:55:38.177+0000] {processor.py:186} INFO - Started process (PID=700) to work on /home/airflow/.local/lib/python3.12/site-packages/airflow/example_dags/example_bash_decorator.py
[2024-10-16T12:55:38.178+0000] {processor.py:914} INFO - Processing file /home/airflow/.local/lib/python3.12/site-packages/airflow/example_dags/example_bash_decorator.py for tasks to queue
[2024-10-16T12:55:38.182+0000] {logging_mixin.py:190} INFO - [2024-10-16T12:55:38.182+0000] {dagbag.py:588} INFO - Filling up the DagBag from /home/airflow/.local/lib/python3.12/site-packages/airflow/example_dags/example_bash_decorator.py
[2024-10-16T12:55:38.224+0000] {processor.py:925} INFO - DAG(s) 'example_bash_decorator' retrieved from /home/airflow/.local/lib/python3.12/site-packages/airflow/example_dags/example_bash_decorator.py
[2024-10-16T12:55:38.267+0000] {logging_mixin.py:190} INFO - [2024-10-16T12:55:38.266+0000] {dag.py:3239} INFO - Sync 1 DAGs
[2024-10-16T12:55:38.280+0000] {logging_mixin.py:190} INFO - [2024-10-16T12:55:38.280+0000] {dag.py:4180} INFO - Setting next_dagrun for example_bash_decorator to None, run_after=None
[2024-10-16T12:55:38.303+0000] {processor.py:208} INFO - Processing /home/airflow/.local/lib/python3.12/site-packages/airflow/example_dags/example_bash_decorator.py took 0.135 seconds
[2024-10-16T12:56:09.241+0000] {processor.py:186} INFO - Started process (PID=762) to work on /home/airflow/.local/lib/python3.12/site-packages/airflow/example_dags/example_bash_decorator.py
[2024-10-16T12:56:09.242+0000] {processor.py:914} INFO - Processing file /home/airflow/.local/lib/python3.12/site-packages/airflow/example_dags/example_bash_decorator.py for tasks to queue
[2024-10-16T12:56:09.246+0000] {logging_mixin.py:190} INFO - [2024-10-16T12:56:09.245+0000] {dagbag.py:588} INFO - Filling up the DagBag from /home/airflow/.local/lib/python3.12/site-packages/airflow/example_dags/example_bash_decorator.py
[2024-10-16T12:56:09.269+0000] {processor.py:925} INFO - DAG(s) 'example_bash_decorator' retrieved from /home/airflow/.local/lib/python3.12/site-packages/airflow/example_dags/example_bash_decorator.py
[2024-10-16T12:56:09.308+0000] {logging_mixin.py:190} INFO - [2024-10-16T12:56:09.308+0000] {dag.py:3239} INFO - Sync 1 DAGs
[2024-10-16T12:56:09.327+0000] {logging_mixin.py:190} INFO - [2024-10-16T12:56:09.327+0000] {dag.py:4180} INFO - Setting next_dagrun for example_bash_decorator to None, run_after=None
[2024-10-16T12:56:09.361+0000] {processor.py:208} INFO - Processing /home/airflow/.local/lib/python3.12/site-packages/airflow/example_dags/example_bash_decorator.py took 0.128 seconds
[2024-10-16T12:56:40.294+0000] {processor.py:186} INFO - Started process (PID=824) to work on /home/airflow/.local/lib/python3.12/site-packages/airflow/example_dags/example_bash_decorator.py
[2024-10-16T12:56:40.296+0000] {processor.py:914} INFO - Processing file /home/airflow/.local/lib/python3.12/site-packages/airflow/example_dags/example_bash_decorator.py for tasks to queue
[2024-10-16T12:56:40.302+0000] {logging_mixin.py:190} INFO - [2024-10-16T12:56:40.302+0000] {dagbag.py:588} INFO - Filling up the DagBag from /home/airflow/.local/lib/python3.12/site-packages/airflow/example_dags/example_bash_decorator.py
[2024-10-16T12:56:40.318+0000] {processor.py:925} INFO - DAG(s) 'example_bash_decorator' retrieved from /home/airflow/.local/lib/python3.12/site-packages/airflow/example_dags/example_bash_decorator.py
[2024-10-16T12:56:40.358+0000] {logging_mixin.py:190} INFO - [2024-10-16T12:56:40.358+0000] {dag.py:3239} INFO - Sync 1 DAGs
[2024-10-16T12:56:40.378+0000] {logging_mixin.py:190} INFO - [2024-10-16T12:56:40.378+0000] {dag.py:4180} INFO - Setting next_dagrun for example_bash_decorator to None, run_after=None
[2024-10-16T12:56:40.415+0000] {processor.py:208} INFO - Processing /home/airflow/.local/lib/python3.12/site-packages/airflow/example_dags/example_bash_decorator.py took 0.128 seconds
[2024-10-16T12:57:11.359+0000] {processor.py:186} INFO - Started process (PID=886) to work on /home/airflow/.local/lib/python3.12/site-packages/airflow/example_dags/example_bash_decorator.py
[2024-10-16T12:57:11.363+0000] {processor.py:914} INFO - Processing file /home/airflow/.local/lib/python3.12/site-packages/airflow/example_dags/example_bash_decorator.py for tasks to queue
[2024-10-16T12:57:11.370+0000] {logging_mixin.py:190} INFO - [2024-10-16T12:57:11.370+0000] {dagbag.py:588} INFO - Filling up the DagBag from /home/airflow/.local/lib/python3.12/site-packages/airflow/example_dags/example_bash_decorator.py
[2024-10-16T12:57:11.393+0000] {processor.py:925} INFO - DAG(s) 'example_bash_decorator' retrieved from /home/airflow/.local/lib/python3.12/site-packages/airflow/example_dags/example_bash_decorator.py
[2024-10-16T12:57:11.426+0000] {logging_mixin.py:190} INFO - [2024-10-16T12:57:11.425+0000] {dag.py:3239} INFO - Sync 1 DAGs
[2024-10-16T12:57:11.443+0000] {logging_mixin.py:190} INFO - [2024-10-16T12:57:11.442+0000] {dag.py:4180} INFO - Setting next_dagrun for example_bash_decorator to None, run_after=None
[2024-10-16T12:57:11.464+0000] {processor.py:208} INFO - Processing /home/airflow/.local/lib/python3.12/site-packages/airflow/example_dags/example_bash_decorator.py took 0.112 seconds
[2024-10-16T12:57:42.048+0000] {processor.py:186} INFO - Started process (PID=948) to work on /home/airflow/.local/lib/python3.12/site-packages/airflow/example_dags/example_bash_decorator.py
[2024-10-16T12:57:42.056+0000] {processor.py:914} INFO - Processing file /home/airflow/.local/lib/python3.12/site-packages/airflow/example_dags/example_bash_decorator.py for tasks to queue
[2024-10-16T12:57:42.059+0000] {logging_mixin.py:190} INFO - [2024-10-16T12:57:42.059+0000] {dagbag.py:588} INFO - Filling up the DagBag from /home/airflow/.local/lib/python3.12/site-packages/airflow/example_dags/example_bash_decorator.py
[2024-10-16T12:57:42.081+0000] {processor.py:925} INFO - DAG(s) 'example_bash_decorator' retrieved from /home/airflow/.local/lib/python3.12/site-packages/airflow/example_dags/example_bash_decorator.py
[2024-10-16T12:57:42.108+0000] {logging_mixin.py:190} INFO - [2024-10-16T12:57:42.108+0000] {dag.py:3239} INFO - Sync 1 DAGs
[2024-10-16T12:57:42.125+0000] {logging_mixin.py:190} INFO - [2024-10-16T12:57:42.125+0000] {dag.py:4180} INFO - Setting next_dagrun for example_bash_decorator to None, run_after=None
[2024-10-16T12:57:42.156+0000] {processor.py:208} INFO - Processing /home/airflow/.local/lib/python3.12/site-packages/airflow/example_dags/example_bash_decorator.py took 0.119 seconds
[2024-10-16T12:58:12.544+0000] {processor.py:186} INFO - Started process (PID=1011) to work on /home/airflow/.local/lib/python3.12/site-packages/airflow/example_dags/example_bash_decorator.py
[2024-10-16T12:58:12.550+0000] {processor.py:914} INFO - Processing file /home/airflow/.local/lib/python3.12/site-packages/airflow/example_dags/example_bash_decorator.py for tasks to queue
[2024-10-16T12:58:12.553+0000] {logging_mixin.py:190} INFO - [2024-10-16T12:58:12.553+0000] {dagbag.py:588} INFO - Filling up the DagBag from /home/airflow/.local/lib/python3.12/site-packages/airflow/example_dags/example_bash_decorator.py
[2024-10-16T12:58:12.570+0000] {processor.py:925} INFO - DAG(s) 'example_bash_decorator' retrieved from /home/airflow/.local/lib/python3.12/site-packages/airflow/example_dags/example_bash_decorator.py
[2024-10-16T12:58:12.599+0000] {logging_mixin.py:190} INFO - [2024-10-16T12:58:12.599+0000] {dag.py:3239} INFO - Sync 1 DAGs
[2024-10-16T12:58:12.620+0000] {logging_mixin.py:190} INFO - [2024-10-16T12:58:12.620+0000] {dag.py:4180} INFO - Setting next_dagrun for example_bash_decorator to None, run_after=None
[2024-10-16T12:58:12.643+0000] {processor.py:208} INFO - Processing /home/airflow/.local/lib/python3.12/site-packages/airflow/example_dags/example_bash_decorator.py took 0.106 seconds
[2024-10-16T12:58:43.016+0000] {processor.py:186} INFO - Started process (PID=1073) to work on /home/airflow/.local/lib/python3.12/site-packages/airflow/example_dags/example_bash_decorator.py
[2024-10-16T12:58:43.017+0000] {processor.py:914} INFO - Processing file /home/airflow/.local/lib/python3.12/site-packages/airflow/example_dags/example_bash_decorator.py for tasks to queue
[2024-10-16T12:58:43.019+0000] {logging_mixin.py:190} INFO - [2024-10-16T12:58:43.019+0000] {dagbag.py:588} INFO - Filling up the DagBag from /home/airflow/.local/lib/python3.12/site-packages/airflow/example_dags/example_bash_decorator.py
[2024-10-16T12:58:43.037+0000] {processor.py:925} INFO - DAG(s) 'example_bash_decorator' retrieved from /home/airflow/.local/lib/python3.12/site-packages/airflow/example_dags/example_bash_decorator.py
[2024-10-16T12:58:43.064+0000] {logging_mixin.py:190} INFO - [2024-10-16T12:58:43.064+0000] {dag.py:3239} INFO - Sync 1 DAGs
[2024-10-16T12:58:43.081+0000] {logging_mixin.py:190} INFO - [2024-10-16T12:58:43.080+0000] {dag.py:4180} INFO - Setting next_dagrun for example_bash_decorator to None, run_after=None
[2024-10-16T12:58:43.104+0000] {processor.py:208} INFO - Processing /home/airflow/.local/lib/python3.12/site-packages/airflow/example_dags/example_bash_decorator.py took 0.095 seconds
[2024-10-16T12:59:13.305+0000] {processor.py:186} INFO - Started process (PID=1135) to work on /home/airflow/.local/lib/python3.12/site-packages/airflow/example_dags/example_bash_decorator.py
[2024-10-16T12:59:13.306+0000] {processor.py:914} INFO - Processing file /home/airflow/.local/lib/python3.12/site-packages/airflow/example_dags/example_bash_decorator.py for tasks to queue
[2024-10-16T12:59:13.309+0000] {logging_mixin.py:190} INFO - [2024-10-16T12:59:13.309+0000] {dagbag.py:588} INFO - Filling up the DagBag from /home/airflow/.local/lib/python3.12/site-packages/airflow/example_dags/example_bash_decorator.py
[2024-10-16T12:59:13.332+0000] {processor.py:925} INFO - DAG(s) 'example_bash_decorator' retrieved from /home/airflow/.local/lib/python3.12/site-packages/airflow/example_dags/example_bash_decorator.py
[2024-10-16T12:59:13.363+0000] {logging_mixin.py:190} INFO - [2024-10-16T12:59:13.363+0000] {dag.py:3239} INFO - Sync 1 DAGs
[2024-10-16T12:59:13.384+0000] {logging_mixin.py:190} INFO - [2024-10-16T12:59:13.384+0000] {dag.py:4180} INFO - Setting next_dagrun for example_bash_decorator to None, run_after=None
[2024-10-16T12:59:13.414+0000] {processor.py:208} INFO - Processing /home/airflow/.local/lib/python3.12/site-packages/airflow/example_dags/example_bash_decorator.py took 0.115 seconds
[2024-10-16T12:59:43.043+0000] {processor.py:186} INFO - Started process (PID=1197) to work on /home/airflow/.local/lib/python3.12/site-packages/airflow/example_dags/example_bash_decorator.py
[2024-10-16T12:59:43.045+0000] {processor.py:914} INFO - Processing file /home/airflow/.local/lib/python3.12/site-packages/airflow/example_dags/example_bash_decorator.py for tasks to queue
[2024-10-16T12:59:43.048+0000] {logging_mixin.py:190} INFO - [2024-10-16T12:59:43.047+0000] {dagbag.py:588} INFO - Filling up the DagBag from /home/airflow/.local/lib/python3.12/site-packages/airflow/example_dags/example_bash_decorator.py
[2024-10-16T12:59:43.068+0000] {processor.py:925} INFO - DAG(s) 'example_bash_decorator' retrieved from /home/airflow/.local/lib/python3.12/site-packages/airflow/example_dags/example_bash_decorator.py
[2024-10-16T12:59:43.106+0000] {logging_mixin.py:190} INFO - [2024-10-16T12:59:43.106+0000] {dag.py:3239} INFO - Sync 1 DAGs
[2024-10-16T12:59:43.124+0000] {logging_mixin.py:190} INFO - [2024-10-16T12:59:43.124+0000] {dag.py:4180} INFO - Setting next_dagrun for example_bash_decorator to None, run_after=None
[2024-10-16T12:59:43.146+0000] {processor.py:208} INFO - Processing /home/airflow/.local/lib/python3.12/site-packages/airflow/example_dags/example_bash_decorator.py took 0.111 seconds
[2024-10-16T13:00:13.353+0000] {processor.py:186} INFO - Started process (PID=1259) to work on /home/airflow/.local/lib/python3.12/site-packages/airflow/example_dags/example_bash_decorator.py
[2024-10-16T13:00:13.355+0000] {processor.py:914} INFO - Processing file /home/airflow/.local/lib/python3.12/site-packages/airflow/example_dags/example_bash_decorator.py for tasks to queue
[2024-10-16T13:00:13.358+0000] {logging_mixin.py:190} INFO - [2024-10-16T13:00:13.357+0000] {dagbag.py:588} INFO - Filling up the DagBag from /home/airflow/.local/lib/python3.12/site-packages/airflow/example_dags/example_bash_decorator.py
[2024-10-16T13:00:13.375+0000] {processor.py:925} INFO - DAG(s) 'example_bash_decorator' retrieved from /home/airflow/.local/lib/python3.12/site-packages/airflow/example_dags/example_bash_decorator.py
[2024-10-16T13:00:13.406+0000] {logging_mixin.py:190} INFO - [2024-10-16T13:00:13.405+0000] {dag.py:3239} INFO - Sync 1 DAGs
[2024-10-16T13:00:13.425+0000] {logging_mixin.py:190} INFO - [2024-10-16T13:00:13.425+0000] {dag.py:4180} INFO - Setting next_dagrun for example_bash_decorator to None, run_after=None
[2024-10-16T13:00:13.446+0000] {processor.py:208} INFO - Processing /home/airflow/.local/lib/python3.12/site-packages/airflow/example_dags/example_bash_decorator.py took 0.101 seconds
[2024-10-16T13:00:43.923+0000] {processor.py:186} INFO - Started process (PID=1322) to work on /home/airflow/.local/lib/python3.12/site-packages/airflow/example_dags/example_bash_decorator.py
[2024-10-16T13:00:43.924+0000] {processor.py:914} INFO - Processing file /home/airflow/.local/lib/python3.12/site-packages/airflow/example_dags/example_bash_decorator.py for tasks to queue
[2024-10-16T13:00:43.928+0000] {logging_mixin.py:190} INFO - [2024-10-16T13:00:43.927+0000] {dagbag.py:588} INFO - Filling up the DagBag from /home/airflow/.local/lib/python3.12/site-packages/airflow/example_dags/example_bash_decorator.py
[2024-10-16T13:00:43.939+0000] {processor.py:925} INFO - DAG(s) 'example_bash_decorator' retrieved from /home/airflow/.local/lib/python3.12/site-packages/airflow/example_dags/example_bash_decorator.py
[2024-10-16T13:00:43.964+0000] {logging_mixin.py:190} INFO - [2024-10-16T13:00:43.964+0000] {dag.py:3239} INFO - Sync 1 DAGs
[2024-10-16T13:00:43.976+0000] {logging_mixin.py:190} INFO - [2024-10-16T13:00:43.975+0000] {dag.py:4180} INFO - Setting next_dagrun for example_bash_decorator to None, run_after=None
[2024-10-16T13:00:44.003+0000] {processor.py:208} INFO - Processing /home/airflow/.local/lib/python3.12/site-packages/airflow/example_dags/example_bash_decorator.py took 0.088 seconds
[2024-10-16T13:01:14.896+0000] {processor.py:186} INFO - Started process (PID=1390) to work on /home/airflow/.local/lib/python3.12/site-packages/airflow/example_dags/example_bash_decorator.py
[2024-10-16T13:01:14.897+0000] {processor.py:914} INFO - Processing file /home/airflow/.local/lib/python3.12/site-packages/airflow/example_dags/example_bash_decorator.py for tasks to queue
[2024-10-16T13:01:14.899+0000] {logging_mixin.py:190} INFO - [2024-10-16T13:01:14.899+0000] {dagbag.py:588} INFO - Filling up the DagBag from /home/airflow/.local/lib/python3.12/site-packages/airflow/example_dags/example_bash_decorator.py
[2024-10-16T13:01:14.910+0000] {processor.py:925} INFO - DAG(s) 'example_bash_decorator' retrieved from /home/airflow/.local/lib/python3.12/site-packages/airflow/example_dags/example_bash_decorator.py
[2024-10-16T13:01:14.933+0000] {logging_mixin.py:190} INFO - [2024-10-16T13:01:14.933+0000] {dag.py:3239} INFO - Sync 1 DAGs
[2024-10-16T13:01:14.954+0000] {logging_mixin.py:190} INFO - [2024-10-16T13:01:14.954+0000] {dag.py:4180} INFO - Setting next_dagrun for example_bash_decorator to None, run_after=None
[2024-10-16T13:01:14.986+0000] {processor.py:208} INFO - Processing /home/airflow/.local/lib/python3.12/site-packages/airflow/example_dags/example_bash_decorator.py took 0.097 seconds
[2024-10-16T13:01:45.403+0000] {processor.py:186} INFO - Started process (PID=1451) to work on /home/airflow/.local/lib/python3.12/site-packages/airflow/example_dags/example_bash_decorator.py
[2024-10-16T13:01:45.405+0000] {processor.py:914} INFO - Processing file /home/airflow/.local/lib/python3.12/site-packages/airflow/example_dags/example_bash_decorator.py for tasks to queue
[2024-10-16T13:01:45.409+0000] {logging_mixin.py:190} INFO - [2024-10-16T13:01:45.409+0000] {dagbag.py:588} INFO - Filling up the DagBag from /home/airflow/.local/lib/python3.12/site-packages/airflow/example_dags/example_bash_decorator.py
[2024-10-16T13:01:45.433+0000] {processor.py:925} INFO - DAG(s) 'example_bash_decorator' retrieved from /home/airflow/.local/lib/python3.12/site-packages/airflow/example_dags/example_bash_decorator.py
[2024-10-16T13:01:45.467+0000] {logging_mixin.py:190} INFO - [2024-10-16T13:01:45.467+0000] {dag.py:3239} INFO - Sync 1 DAGs
[2024-10-16T13:01:45.482+0000] {logging_mixin.py:190} INFO - [2024-10-16T13:01:45.481+0000] {dag.py:4180} INFO - Setting next_dagrun for example_bash_decorator to None, run_after=None
[2024-10-16T13:01:45.507+0000] {processor.py:208} INFO - Processing /home/airflow/.local/lib/python3.12/site-packages/airflow/example_dags/example_bash_decorator.py took 0.109 seconds
[2024-10-16T13:02:16.746+0000] {processor.py:186} INFO - Started process (PID=1514) to work on /home/airflow/.local/lib/python3.12/site-packages/airflow/example_dags/example_bash_decorator.py
[2024-10-16T13:02:16.752+0000] {processor.py:914} INFO - Processing file /home/airflow/.local/lib/python3.12/site-packages/airflow/example_dags/example_bash_decorator.py for tasks to queue
[2024-10-16T13:02:16.756+0000] {logging_mixin.py:190} INFO - [2024-10-16T13:02:16.755+0000] {dagbag.py:588} INFO - Filling up the DagBag from /home/airflow/.local/lib/python3.12/site-packages/airflow/example_dags/example_bash_decorator.py
[2024-10-16T13:02:16.781+0000] {processor.py:925} INFO - DAG(s) 'example_bash_decorator' retrieved from /home/airflow/.local/lib/python3.12/site-packages/airflow/example_dags/example_bash_decorator.py
[2024-10-16T13:02:16.835+0000] {logging_mixin.py:190} INFO - [2024-10-16T13:02:16.834+0000] {dag.py:3239} INFO - Sync 1 DAGs
[2024-10-16T13:02:16.861+0000] {logging_mixin.py:190} INFO - [2024-10-16T13:02:16.859+0000] {dag.py:4180} INFO - Setting next_dagrun for example_bash_decorator to None, run_after=None
[2024-10-16T13:02:16.940+0000] {processor.py:208} INFO - Processing /home/airflow/.local/lib/python3.12/site-packages/airflow/example_dags/example_bash_decorator.py took 0.209 seconds
[2024-10-16T13:02:47.753+0000] {processor.py:186} INFO - Started process (PID=1576) to work on /home/airflow/.local/lib/python3.12/site-packages/airflow/example_dags/example_bash_decorator.py
[2024-10-16T13:02:47.755+0000] {processor.py:914} INFO - Processing file /home/airflow/.local/lib/python3.12/site-packages/airflow/example_dags/example_bash_decorator.py for tasks to queue
[2024-10-16T13:02:47.757+0000] {logging_mixin.py:190} INFO - [2024-10-16T13:02:47.757+0000] {dagbag.py:588} INFO - Filling up the DagBag from /home/airflow/.local/lib/python3.12/site-packages/airflow/example_dags/example_bash_decorator.py
[2024-10-16T13:02:47.776+0000] {processor.py:925} INFO - DAG(s) 'example_bash_decorator' retrieved from /home/airflow/.local/lib/python3.12/site-packages/airflow/example_dags/example_bash_decorator.py
[2024-10-16T13:02:47.805+0000] {logging_mixin.py:190} INFO - [2024-10-16T13:02:47.805+0000] {dag.py:3239} INFO - Sync 1 DAGs
[2024-10-16T13:02:47.842+0000] {logging_mixin.py:190} INFO - [2024-10-16T13:02:47.842+0000] {dag.py:4180} INFO - Setting next_dagrun for example_bash_decorator to None, run_after=None
[2024-10-16T13:02:47.879+0000] {processor.py:208} INFO - Processing /home/airflow/.local/lib/python3.12/site-packages/airflow/example_dags/example_bash_decorator.py took 0.134 seconds
[2024-10-16T13:03:18.920+0000] {processor.py:186} INFO - Started process (PID=1639) to work on /home/airflow/.local/lib/python3.12/site-packages/airflow/example_dags/example_bash_decorator.py
[2024-10-16T13:03:18.922+0000] {processor.py:914} INFO - Processing file /home/airflow/.local/lib/python3.12/site-packages/airflow/example_dags/example_bash_decorator.py for tasks to queue
[2024-10-16T13:03:18.924+0000] {logging_mixin.py:190} INFO - [2024-10-16T13:03:18.924+0000] {dagbag.py:588} INFO - Filling up the DagBag from /home/airflow/.local/lib/python3.12/site-packages/airflow/example_dags/example_bash_decorator.py
[2024-10-16T13:03:18.942+0000] {processor.py:925} INFO - DAG(s) 'example_bash_decorator' retrieved from /home/airflow/.local/lib/python3.12/site-packages/airflow/example_dags/example_bash_decorator.py
[2024-10-16T13:03:18.971+0000] {logging_mixin.py:190} INFO - [2024-10-16T13:03:18.971+0000] {dag.py:3239} INFO - Sync 1 DAGs
[2024-10-16T13:03:18.988+0000] {logging_mixin.py:190} INFO - [2024-10-16T13:03:18.987+0000] {dag.py:4180} INFO - Setting next_dagrun for example_bash_decorator to None, run_after=None
[2024-10-16T13:03:19.011+0000] {processor.py:208} INFO - Processing /home/airflow/.local/lib/python3.12/site-packages/airflow/example_dags/example_bash_decorator.py took 0.098 seconds
[2024-10-16T13:03:49.888+0000] {processor.py:186} INFO - Started process (PID=1701) to work on /home/airflow/.local/lib/python3.12/site-packages/airflow/example_dags/example_bash_decorator.py
[2024-10-16T13:03:49.889+0000] {processor.py:914} INFO - Processing file /home/airflow/.local/lib/python3.12/site-packages/airflow/example_dags/example_bash_decorator.py for tasks to queue
[2024-10-16T13:03:49.892+0000] {logging_mixin.py:190} INFO - [2024-10-16T13:03:49.892+0000] {dagbag.py:588} INFO - Filling up the DagBag from /home/airflow/.local/lib/python3.12/site-packages/airflow/example_dags/example_bash_decorator.py
[2024-10-16T13:03:49.909+0000] {processor.py:925} INFO - DAG(s) 'example_bash_decorator' retrieved from /home/airflow/.local/lib/python3.12/site-packages/airflow/example_dags/example_bash_decorator.py
[2024-10-16T13:03:49.939+0000] {logging_mixin.py:190} INFO - [2024-10-16T13:03:49.939+0000] {dag.py:3239} INFO - Sync 1 DAGs
[2024-10-16T13:03:49.954+0000] {logging_mixin.py:190} INFO - [2024-10-16T13:03:49.954+0000] {dag.py:4180} INFO - Setting next_dagrun for example_bash_decorator to None, run_after=None
[2024-10-16T13:03:49.983+0000] {processor.py:208} INFO - Processing /home/airflow/.local/lib/python3.12/site-packages/airflow/example_dags/example_bash_decorator.py took 0.101 seconds
[2024-10-16T13:04:20.620+0000] {processor.py:186} INFO - Started process (PID=1763) to work on /home/airflow/.local/lib/python3.12/site-packages/airflow/example_dags/example_bash_decorator.py
[2024-10-16T13:04:20.622+0000] {processor.py:914} INFO - Processing file /home/airflow/.local/lib/python3.12/site-packages/airflow/example_dags/example_bash_decorator.py for tasks to queue
[2024-10-16T13:04:20.624+0000] {logging_mixin.py:190} INFO - [2024-10-16T13:04:20.624+0000] {dagbag.py:588} INFO - Filling up the DagBag from /home/airflow/.local/lib/python3.12/site-packages/airflow/example_dags/example_bash_decorator.py
[2024-10-16T13:04:20.642+0000] {processor.py:925} INFO - DAG(s) 'example_bash_decorator' retrieved from /home/airflow/.local/lib/python3.12/site-packages/airflow/example_dags/example_bash_decorator.py
[2024-10-16T13:04:20.670+0000] {logging_mixin.py:190} INFO - [2024-10-16T13:04:20.669+0000] {dag.py:3239} INFO - Sync 1 DAGs
[2024-10-16T13:04:20.687+0000] {logging_mixin.py:190} INFO - [2024-10-16T13:04:20.687+0000] {dag.py:4180} INFO - Setting next_dagrun for example_bash_decorator to None, run_after=None
[2024-10-16T13:04:20.713+0000] {processor.py:208} INFO - Processing /home/airflow/.local/lib/python3.12/site-packages/airflow/example_dags/example_bash_decorator.py took 0.099 seconds
[2024-10-16T13:08:03.672+0000] {processor.py:186} INFO - Started process (PID=73) to work on /home/airflow/.local/lib/python3.12/site-packages/airflow/example_dags/example_bash_decorator.py
[2024-10-16T13:08:03.673+0000] {processor.py:914} INFO - Processing file /home/airflow/.local/lib/python3.12/site-packages/airflow/example_dags/example_bash_decorator.py for tasks to queue
[2024-10-16T13:08:03.675+0000] {logging_mixin.py:190} INFO - [2024-10-16T13:08:03.675+0000] {dagbag.py:588} INFO - Filling up the DagBag from /home/airflow/.local/lib/python3.12/site-packages/airflow/example_dags/example_bash_decorator.py
[2024-10-16T13:08:03.690+0000] {processor.py:925} INFO - DAG(s) 'example_bash_decorator' retrieved from /home/airflow/.local/lib/python3.12/site-packages/airflow/example_dags/example_bash_decorator.py
[2024-10-16T13:08:03.857+0000] {logging_mixin.py:190} INFO - [2024-10-16T13:08:03.856+0000] {override.py:1900} INFO - Created Permission View: can read on DAG:example_bash_decorator
[2024-10-16T13:08:03.871+0000] {logging_mixin.py:190} INFO - [2024-10-16T13:08:03.871+0000] {override.py:1900} INFO - Created Permission View: can delete on DAG:example_bash_decorator
[2024-10-16T13:08:03.882+0000] {logging_mixin.py:190} INFO - [2024-10-16T13:08:03.882+0000] {override.py:1900} INFO - Created Permission View: can edit on DAG:example_bash_decorator
[2024-10-16T13:08:03.903+0000] {logging_mixin.py:190} INFO - [2024-10-16T13:08:03.902+0000] {override.py:1900} INFO - Created Permission View: can create on DAG Run:example_bash_decorator
[2024-10-16T13:08:03.917+0000] {logging_mixin.py:190} INFO - [2024-10-16T13:08:03.917+0000] {override.py:1900} INFO - Created Permission View: menu access on DAG Run:example_bash_decorator
[2024-10-16T13:08:03.926+0000] {logging_mixin.py:190} INFO - [2024-10-16T13:08:03.926+0000] {override.py:1900} INFO - Created Permission View: can read on DAG Run:example_bash_decorator
[2024-10-16T13:08:03.936+0000] {logging_mixin.py:190} INFO - [2024-10-16T13:08:03.935+0000] {override.py:1900} INFO - Created Permission View: can delete on DAG Run:example_bash_decorator
[2024-10-16T13:08:03.936+0000] {logging_mixin.py:190} INFO - [2024-10-16T13:08:03.936+0000] {dag.py:3239} INFO - Sync 1 DAGs
[2024-10-16T13:08:03.951+0000] {logging_mixin.py:190} INFO - [2024-10-16T13:08:03.951+0000] {dag.py:3262} INFO - Creating ORM DAG for example_bash_decorator
[2024-10-16T13:08:03.953+0000] {logging_mixin.py:190} INFO - [2024-10-16T13:08:03.952+0000] {dag.py:4180} INFO - Setting next_dagrun for example_bash_decorator to None, run_after=None
[2024-10-16T13:08:03.978+0000] {processor.py:208} INFO - Processing /home/airflow/.local/lib/python3.12/site-packages/airflow/example_dags/example_bash_decorator.py took 0.311 seconds
[2024-10-16T13:08:34.743+0000] {processor.py:186} INFO - Started process (PID=142) to work on /home/airflow/.local/lib/python3.12/site-packages/airflow/example_dags/example_bash_decorator.py
[2024-10-16T13:08:34.745+0000] {processor.py:914} INFO - Processing file /home/airflow/.local/lib/python3.12/site-packages/airflow/example_dags/example_bash_decorator.py for tasks to queue
[2024-10-16T13:08:34.749+0000] {logging_mixin.py:190} INFO - [2024-10-16T13:08:34.748+0000] {dagbag.py:588} INFO - Filling up the DagBag from /home/airflow/.local/lib/python3.12/site-packages/airflow/example_dags/example_bash_decorator.py
[2024-10-16T13:08:34.765+0000] {processor.py:925} INFO - DAG(s) 'example_bash_decorator' retrieved from /home/airflow/.local/lib/python3.12/site-packages/airflow/example_dags/example_bash_decorator.py
[2024-10-16T13:08:34.796+0000] {logging_mixin.py:190} INFO - [2024-10-16T13:08:34.795+0000] {dag.py:3239} INFO - Sync 1 DAGs
[2024-10-16T13:08:34.814+0000] {logging_mixin.py:190} INFO - [2024-10-16T13:08:34.814+0000] {dag.py:4180} INFO - Setting next_dagrun for example_bash_decorator to None, run_after=None
[2024-10-16T13:08:34.842+0000] {processor.py:208} INFO - Processing /home/airflow/.local/lib/python3.12/site-packages/airflow/example_dags/example_bash_decorator.py took 0.108 seconds
[2024-10-16T13:09:05.288+0000] {processor.py:186} INFO - Started process (PID=205) to work on /home/airflow/.local/lib/python3.12/site-packages/airflow/example_dags/example_bash_decorator.py
[2024-10-16T13:09:05.289+0000] {processor.py:914} INFO - Processing file /home/airflow/.local/lib/python3.12/site-packages/airflow/example_dags/example_bash_decorator.py for tasks to queue
[2024-10-16T13:09:05.292+0000] {logging_mixin.py:190} INFO - [2024-10-16T13:09:05.291+0000] {dagbag.py:588} INFO - Filling up the DagBag from /home/airflow/.local/lib/python3.12/site-packages/airflow/example_dags/example_bash_decorator.py
[2024-10-16T13:09:05.307+0000] {processor.py:925} INFO - DAG(s) 'example_bash_decorator' retrieved from /home/airflow/.local/lib/python3.12/site-packages/airflow/example_dags/example_bash_decorator.py
[2024-10-16T13:09:05.336+0000] {logging_mixin.py:190} INFO - [2024-10-16T13:09:05.335+0000] {dag.py:3239} INFO - Sync 1 DAGs
[2024-10-16T13:09:05.350+0000] {logging_mixin.py:190} INFO - [2024-10-16T13:09:05.350+0000] {dag.py:4180} INFO - Setting next_dagrun for example_bash_decorator to None, run_after=None
[2024-10-16T13:09:05.372+0000] {processor.py:208} INFO - Processing /home/airflow/.local/lib/python3.12/site-packages/airflow/example_dags/example_bash_decorator.py took 0.091 seconds
[2024-10-16T13:09:36.343+0000] {processor.py:186} INFO - Started process (PID=268) to work on /home/airflow/.local/lib/python3.12/site-packages/airflow/example_dags/example_bash_decorator.py
[2024-10-16T13:09:36.344+0000] {processor.py:914} INFO - Processing file /home/airflow/.local/lib/python3.12/site-packages/airflow/example_dags/example_bash_decorator.py for tasks to queue
[2024-10-16T13:09:36.346+0000] {logging_mixin.py:190} INFO - [2024-10-16T13:09:36.346+0000] {dagbag.py:588} INFO - Filling up the DagBag from /home/airflow/.local/lib/python3.12/site-packages/airflow/example_dags/example_bash_decorator.py
[2024-10-16T13:09:36.358+0000] {processor.py:925} INFO - DAG(s) 'example_bash_decorator' retrieved from /home/airflow/.local/lib/python3.12/site-packages/airflow/example_dags/example_bash_decorator.py
[2024-10-16T13:09:36.378+0000] {logging_mixin.py:190} INFO - [2024-10-16T13:09:36.378+0000] {dag.py:3239} INFO - Sync 1 DAGs
[2024-10-16T13:09:36.388+0000] {logging_mixin.py:190} INFO - [2024-10-16T13:09:36.388+0000] {dag.py:4180} INFO - Setting next_dagrun for example_bash_decorator to None, run_after=None
[2024-10-16T13:09:36.410+0000] {processor.py:208} INFO - Processing /home/airflow/.local/lib/python3.12/site-packages/airflow/example_dags/example_bash_decorator.py took 0.071 seconds
[2024-10-16T13:10:07.004+0000] {processor.py:186} INFO - Started process (PID=331) to work on /home/airflow/.local/lib/python3.12/site-packages/airflow/example_dags/example_bash_decorator.py
[2024-10-16T13:10:07.005+0000] {processor.py:914} INFO - Processing file /home/airflow/.local/lib/python3.12/site-packages/airflow/example_dags/example_bash_decorator.py for tasks to queue
[2024-10-16T13:10:07.009+0000] {logging_mixin.py:190} INFO - [2024-10-16T13:10:07.009+0000] {dagbag.py:588} INFO - Filling up the DagBag from /home/airflow/.local/lib/python3.12/site-packages/airflow/example_dags/example_bash_decorator.py
[2024-10-16T13:10:07.020+0000] {processor.py:925} INFO - DAG(s) 'example_bash_decorator' retrieved from /home/airflow/.local/lib/python3.12/site-packages/airflow/example_dags/example_bash_decorator.py
[2024-10-16T13:10:07.041+0000] {logging_mixin.py:190} INFO - [2024-10-16T13:10:07.041+0000] {dag.py:3239} INFO - Sync 1 DAGs
[2024-10-16T13:10:07.064+0000] {logging_mixin.py:190} INFO - [2024-10-16T13:10:07.064+0000] {dag.py:4180} INFO - Setting next_dagrun for example_bash_decorator to None, run_after=None
[2024-10-16T13:10:07.088+0000] {processor.py:208} INFO - Processing /home/airflow/.local/lib/python3.12/site-packages/airflow/example_dags/example_bash_decorator.py took 0.089 seconds
[2024-10-16T13:10:38.096+0000] {processor.py:186} INFO - Started process (PID=394) to work on /home/airflow/.local/lib/python3.12/site-packages/airflow/example_dags/example_bash_decorator.py
[2024-10-16T13:10:38.098+0000] {processor.py:914} INFO - Processing file /home/airflow/.local/lib/python3.12/site-packages/airflow/example_dags/example_bash_decorator.py for tasks to queue
[2024-10-16T13:10:38.102+0000] {logging_mixin.py:190} INFO - [2024-10-16T13:10:38.102+0000] {dagbag.py:588} INFO - Filling up the DagBag from /home/airflow/.local/lib/python3.12/site-packages/airflow/example_dags/example_bash_decorator.py
[2024-10-16T13:10:38.115+0000] {processor.py:925} INFO - DAG(s) 'example_bash_decorator' retrieved from /home/airflow/.local/lib/python3.12/site-packages/airflow/example_dags/example_bash_decorator.py
[2024-10-16T13:10:38.145+0000] {logging_mixin.py:190} INFO - [2024-10-16T13:10:38.144+0000] {dag.py:3239} INFO - Sync 1 DAGs
[2024-10-16T13:10:38.171+0000] {logging_mixin.py:190} INFO - [2024-10-16T13:10:38.170+0000] {dag.py:4180} INFO - Setting next_dagrun for example_bash_decorator to None, run_after=None
[2024-10-16T13:10:38.197+0000] {processor.py:208} INFO - Processing /home/airflow/.local/lib/python3.12/site-packages/airflow/example_dags/example_bash_decorator.py took 0.108 seconds
[2024-10-16T13:11:08.359+0000] {processor.py:186} INFO - Started process (PID=457) to work on /home/airflow/.local/lib/python3.12/site-packages/airflow/example_dags/example_bash_decorator.py
[2024-10-16T13:11:08.361+0000] {processor.py:914} INFO - Processing file /home/airflow/.local/lib/python3.12/site-packages/airflow/example_dags/example_bash_decorator.py for tasks to queue
[2024-10-16T13:11:08.363+0000] {logging_mixin.py:190} INFO - [2024-10-16T13:11:08.363+0000] {dagbag.py:588} INFO - Filling up the DagBag from /home/airflow/.local/lib/python3.12/site-packages/airflow/example_dags/example_bash_decorator.py
[2024-10-16T13:11:08.395+0000] {processor.py:925} INFO - DAG(s) 'example_bash_decorator' retrieved from /home/airflow/.local/lib/python3.12/site-packages/airflow/example_dags/example_bash_decorator.py
[2024-10-16T13:11:08.464+0000] {logging_mixin.py:190} INFO - [2024-10-16T13:11:08.464+0000] {dag.py:3239} INFO - Sync 1 DAGs
[2024-10-16T13:11:08.491+0000] {logging_mixin.py:190} INFO - [2024-10-16T13:11:08.491+0000] {dag.py:4180} INFO - Setting next_dagrun for example_bash_decorator to None, run_after=None
[2024-10-16T13:11:08.561+0000] {processor.py:208} INFO - Processing /home/airflow/.local/lib/python3.12/site-packages/airflow/example_dags/example_bash_decorator.py took 0.208 seconds
[2024-10-16T13:12:43.792+0000] {processor.py:186} INFO - Started process (PID=78) to work on /home/airflow/.local/lib/python3.12/site-packages/airflow/example_dags/example_bash_decorator.py
[2024-10-16T13:12:43.794+0000] {processor.py:914} INFO - Processing file /home/airflow/.local/lib/python3.12/site-packages/airflow/example_dags/example_bash_decorator.py for tasks to queue
[2024-10-16T13:12:43.797+0000] {logging_mixin.py:190} INFO - [2024-10-16T13:12:43.797+0000] {dagbag.py:588} INFO - Filling up the DagBag from /home/airflow/.local/lib/python3.12/site-packages/airflow/example_dags/example_bash_decorator.py
[2024-10-16T13:12:43.825+0000] {processor.py:925} INFO - DAG(s) 'example_bash_decorator' retrieved from /home/airflow/.local/lib/python3.12/site-packages/airflow/example_dags/example_bash_decorator.py
[2024-10-16T13:12:43.998+0000] {logging_mixin.py:190} INFO - [2024-10-16T13:12:43.997+0000] {override.py:1900} INFO - Created Permission View: can read on DAG:example_bash_decorator
[2024-10-16T13:12:44.010+0000] {logging_mixin.py:190} INFO - [2024-10-16T13:12:44.009+0000] {override.py:1900} INFO - Created Permission View: can edit on DAG:example_bash_decorator
[2024-10-16T13:12:44.021+0000] {logging_mixin.py:190} INFO - [2024-10-16T13:12:44.020+0000] {override.py:1900} INFO - Created Permission View: can delete on DAG:example_bash_decorator
[2024-10-16T13:12:44.032+0000] {logging_mixin.py:190} INFO - [2024-10-16T13:12:44.031+0000] {override.py:1900} INFO - Created Permission View: can read on DAG Run:example_bash_decorator
[2024-10-16T13:12:44.042+0000] {logging_mixin.py:190} INFO - [2024-10-16T13:12:44.041+0000] {override.py:1900} INFO - Created Permission View: menu access on DAG Run:example_bash_decorator
[2024-10-16T13:12:44.053+0000] {logging_mixin.py:190} INFO - [2024-10-16T13:12:44.052+0000] {override.py:1900} INFO - Created Permission View: can delete on DAG Run:example_bash_decorator
[2024-10-16T13:12:44.061+0000] {logging_mixin.py:190} INFO - [2024-10-16T13:12:44.061+0000] {override.py:1900} INFO - Created Permission View: can create on DAG Run:example_bash_decorator
[2024-10-16T13:12:44.063+0000] {logging_mixin.py:190} INFO - [2024-10-16T13:12:44.062+0000] {dag.py:3239} INFO - Sync 1 DAGs
[2024-10-16T13:12:44.082+0000] {logging_mixin.py:190} INFO - [2024-10-16T13:12:44.082+0000] {dag.py:3262} INFO - Creating ORM DAG for example_bash_decorator
[2024-10-16T13:12:44.084+0000] {logging_mixin.py:190} INFO - [2024-10-16T13:12:44.084+0000] {dag.py:4180} INFO - Setting next_dagrun for example_bash_decorator to None, run_after=None
[2024-10-16T13:12:44.107+0000] {processor.py:208} INFO - Processing /home/airflow/.local/lib/python3.12/site-packages/airflow/example_dags/example_bash_decorator.py took 0.321 seconds
[2024-10-16T13:13:14.206+0000] {processor.py:186} INFO - Started process (PID=141) to work on /home/airflow/.local/lib/python3.12/site-packages/airflow/example_dags/example_bash_decorator.py
[2024-10-16T13:13:14.207+0000] {processor.py:914} INFO - Processing file /home/airflow/.local/lib/python3.12/site-packages/airflow/example_dags/example_bash_decorator.py for tasks to queue
[2024-10-16T13:13:14.210+0000] {logging_mixin.py:190} INFO - [2024-10-16T13:13:14.209+0000] {dagbag.py:588} INFO - Filling up the DagBag from /home/airflow/.local/lib/python3.12/site-packages/airflow/example_dags/example_bash_decorator.py
[2024-10-16T13:13:14.227+0000] {processor.py:925} INFO - DAG(s) 'example_bash_decorator' retrieved from /home/airflow/.local/lib/python3.12/site-packages/airflow/example_dags/example_bash_decorator.py
[2024-10-16T13:13:14.262+0000] {logging_mixin.py:190} INFO - [2024-10-16T13:13:14.262+0000] {dag.py:3239} INFO - Sync 1 DAGs
[2024-10-16T13:13:14.281+0000] {logging_mixin.py:190} INFO - [2024-10-16T13:13:14.280+0000] {dag.py:4180} INFO - Setting next_dagrun for example_bash_decorator to None, run_after=None
[2024-10-16T13:13:14.305+0000] {processor.py:208} INFO - Processing /home/airflow/.local/lib/python3.12/site-packages/airflow/example_dags/example_bash_decorator.py took 0.107 seconds
[2024-10-16T13:14:45.471+0000] {processor.py:186} INFO - Started process (PID=80) to work on /home/airflow/.local/lib/python3.12/site-packages/airflow/example_dags/example_bash_decorator.py
[2024-10-16T13:14:45.472+0000] {processor.py:914} INFO - Processing file /home/airflow/.local/lib/python3.12/site-packages/airflow/example_dags/example_bash_decorator.py for tasks to queue
[2024-10-16T13:14:45.475+0000] {logging_mixin.py:190} INFO - [2024-10-16T13:14:45.474+0000] {dagbag.py:588} INFO - Filling up the DagBag from /home/airflow/.local/lib/python3.12/site-packages/airflow/example_dags/example_bash_decorator.py
[2024-10-16T13:14:45.488+0000] {processor.py:925} INFO - DAG(s) 'example_bash_decorator' retrieved from /home/airflow/.local/lib/python3.12/site-packages/airflow/example_dags/example_bash_decorator.py
[2024-10-16T13:14:45.586+0000] {logging_mixin.py:190} INFO - [2024-10-16T13:14:45.586+0000] {override.py:1900} INFO - Created Permission View: can read on DAG:example_bash_decorator
[2024-10-16T13:14:45.595+0000] {logging_mixin.py:190} INFO - [2024-10-16T13:14:45.595+0000] {override.py:1900} INFO - Created Permission View: can delete on DAG:example_bash_decorator
[2024-10-16T13:14:45.603+0000] {logging_mixin.py:190} INFO - [2024-10-16T13:14:45.603+0000] {override.py:1900} INFO - Created Permission View: can edit on DAG:example_bash_decorator
[2024-10-16T13:14:45.611+0000] {logging_mixin.py:190} INFO - [2024-10-16T13:14:45.611+0000] {override.py:1900} INFO - Created Permission View: can read on DAG Run:example_bash_decorator
[2024-10-16T13:14:45.617+0000] {logging_mixin.py:190} INFO - [2024-10-16T13:14:45.617+0000] {override.py:1900} INFO - Created Permission View: can create on DAG Run:example_bash_decorator
[2024-10-16T13:14:45.623+0000] {logging_mixin.py:190} INFO - [2024-10-16T13:14:45.623+0000] {override.py:1900} INFO - Created Permission View: can delete on DAG Run:example_bash_decorator
[2024-10-16T13:14:45.629+0000] {logging_mixin.py:190} INFO - [2024-10-16T13:14:45.629+0000] {override.py:1900} INFO - Created Permission View: menu access on DAG Run:example_bash_decorator
[2024-10-16T13:14:45.630+0000] {logging_mixin.py:190} INFO - [2024-10-16T13:14:45.630+0000] {dag.py:3239} INFO - Sync 1 DAGs
[2024-10-16T13:14:45.640+0000] {logging_mixin.py:190} INFO - [2024-10-16T13:14:45.640+0000] {dag.py:3262} INFO - Creating ORM DAG for example_bash_decorator
[2024-10-16T13:14:45.641+0000] {logging_mixin.py:190} INFO - [2024-10-16T13:14:45.641+0000] {dag.py:4180} INFO - Setting next_dagrun for example_bash_decorator to None, run_after=None
[2024-10-16T13:14:45.654+0000] {processor.py:208} INFO - Processing /home/airflow/.local/lib/python3.12/site-packages/airflow/example_dags/example_bash_decorator.py took 0.187 seconds
[2024-10-16T13:16:14.279+0000] {processor.py:186} INFO - Started process (PID=79) to work on /home/airflow/.local/lib/python3.12/site-packages/airflow/example_dags/example_bash_decorator.py
[2024-10-16T13:16:14.280+0000] {processor.py:914} INFO - Processing file /home/airflow/.local/lib/python3.12/site-packages/airflow/example_dags/example_bash_decorator.py for tasks to queue
[2024-10-16T13:16:14.282+0000] {logging_mixin.py:190} INFO - [2024-10-16T13:16:14.282+0000] {dagbag.py:588} INFO - Filling up the DagBag from /home/airflow/.local/lib/python3.12/site-packages/airflow/example_dags/example_bash_decorator.py
[2024-10-16T13:16:14.298+0000] {processor.py:925} INFO - DAG(s) 'example_bash_decorator' retrieved from /home/airflow/.local/lib/python3.12/site-packages/airflow/example_dags/example_bash_decorator.py
[2024-10-16T13:16:14.421+0000] {logging_mixin.py:190} INFO - [2024-10-16T13:16:14.420+0000] {override.py:1900} INFO - Created Permission View: can edit on DAG:example_bash_decorator
[2024-10-16T13:16:14.434+0000] {logging_mixin.py:190} INFO - [2024-10-16T13:16:14.433+0000] {override.py:1900} INFO - Created Permission View: can read on DAG:example_bash_decorator
[2024-10-16T13:16:14.443+0000] {logging_mixin.py:190} INFO - [2024-10-16T13:16:14.442+0000] {override.py:1900} INFO - Created Permission View: can delete on DAG:example_bash_decorator
[2024-10-16T13:16:14.453+0000] {logging_mixin.py:190} INFO - [2024-10-16T13:16:14.452+0000] {override.py:1900} INFO - Created Permission View: menu access on DAG Run:example_bash_decorator
[2024-10-16T13:16:14.460+0000] {logging_mixin.py:190} INFO - [2024-10-16T13:16:14.460+0000] {override.py:1900} INFO - Created Permission View: can read on DAG Run:example_bash_decorator
[2024-10-16T13:16:14.468+0000] {logging_mixin.py:190} INFO - [2024-10-16T13:16:14.468+0000] {override.py:1900} INFO - Created Permission View: can create on DAG Run:example_bash_decorator
[2024-10-16T13:16:14.475+0000] {logging_mixin.py:190} INFO - [2024-10-16T13:16:14.474+0000] {override.py:1900} INFO - Created Permission View: can delete on DAG Run:example_bash_decorator
[2024-10-16T13:16:14.476+0000] {logging_mixin.py:190} INFO - [2024-10-16T13:16:14.475+0000] {dag.py:3239} INFO - Sync 1 DAGs
[2024-10-16T13:16:14.491+0000] {logging_mixin.py:190} INFO - [2024-10-16T13:16:14.490+0000] {dag.py:3262} INFO - Creating ORM DAG for example_bash_decorator
[2024-10-16T13:16:14.492+0000] {logging_mixin.py:190} INFO - [2024-10-16T13:16:14.492+0000] {dag.py:4180} INFO - Setting next_dagrun for example_bash_decorator to None, run_after=None
[2024-10-16T13:16:14.506+0000] {processor.py:208} INFO - Processing /home/airflow/.local/lib/python3.12/site-packages/airflow/example_dags/example_bash_decorator.py took 0.235 seconds
[2024-10-16T13:16:44.689+0000] {processor.py:186} INFO - Started process (PID=142) to work on /home/airflow/.local/lib/python3.12/site-packages/airflow/example_dags/example_bash_decorator.py
[2024-10-16T13:16:44.690+0000] {processor.py:914} INFO - Processing file /home/airflow/.local/lib/python3.12/site-packages/airflow/example_dags/example_bash_decorator.py for tasks to queue
[2024-10-16T13:16:44.692+0000] {logging_mixin.py:190} INFO - [2024-10-16T13:16:44.692+0000] {dagbag.py:588} INFO - Filling up the DagBag from /home/airflow/.local/lib/python3.12/site-packages/airflow/example_dags/example_bash_decorator.py
[2024-10-16T13:16:44.708+0000] {processor.py:925} INFO - DAG(s) 'example_bash_decorator' retrieved from /home/airflow/.local/lib/python3.12/site-packages/airflow/example_dags/example_bash_decorator.py
[2024-10-16T13:16:44.733+0000] {logging_mixin.py:190} INFO - [2024-10-16T13:16:44.733+0000] {dag.py:3239} INFO - Sync 1 DAGs
[2024-10-16T13:16:44.746+0000] {logging_mixin.py:190} INFO - [2024-10-16T13:16:44.746+0000] {dag.py:4180} INFO - Setting next_dagrun for example_bash_decorator to None, run_after=None
[2024-10-16T13:16:44.770+0000] {processor.py:208} INFO - Processing /home/airflow/.local/lib/python3.12/site-packages/airflow/example_dags/example_bash_decorator.py took 0.086 seconds
[2024-10-16T13:17:15.060+0000] {processor.py:186} INFO - Started process (PID=205) to work on /home/airflow/.local/lib/python3.12/site-packages/airflow/example_dags/example_bash_decorator.py
[2024-10-16T13:17:15.061+0000] {processor.py:914} INFO - Processing file /home/airflow/.local/lib/python3.12/site-packages/airflow/example_dags/example_bash_decorator.py for tasks to queue
[2024-10-16T13:17:15.064+0000] {logging_mixin.py:190} INFO - [2024-10-16T13:17:15.064+0000] {dagbag.py:588} INFO - Filling up the DagBag from /home/airflow/.local/lib/python3.12/site-packages/airflow/example_dags/example_bash_decorator.py
[2024-10-16T13:17:15.083+0000] {processor.py:925} INFO - DAG(s) 'example_bash_decorator' retrieved from /home/airflow/.local/lib/python3.12/site-packages/airflow/example_dags/example_bash_decorator.py
[2024-10-16T13:17:15.113+0000] {logging_mixin.py:190} INFO - [2024-10-16T13:17:15.112+0000] {dag.py:3239} INFO - Sync 1 DAGs
[2024-10-16T13:17:15.130+0000] {logging_mixin.py:190} INFO - [2024-10-16T13:17:15.130+0000] {dag.py:4180} INFO - Setting next_dagrun for example_bash_decorator to None, run_after=None
[2024-10-16T13:17:15.161+0000] {processor.py:208} INFO - Processing /home/airflow/.local/lib/python3.12/site-packages/airflow/example_dags/example_bash_decorator.py took 0.111 seconds
[2024-10-16T13:17:46.399+0000] {processor.py:186} INFO - Started process (PID=268) to work on /home/airflow/.local/lib/python3.12/site-packages/airflow/example_dags/example_bash_decorator.py
[2024-10-16T13:17:46.401+0000] {processor.py:914} INFO - Processing file /home/airflow/.local/lib/python3.12/site-packages/airflow/example_dags/example_bash_decorator.py for tasks to queue
[2024-10-16T13:17:46.406+0000] {logging_mixin.py:190} INFO - [2024-10-16T13:17:46.405+0000] {dagbag.py:588} INFO - Filling up the DagBag from /home/airflow/.local/lib/python3.12/site-packages/airflow/example_dags/example_bash_decorator.py
[2024-10-16T13:17:46.426+0000] {processor.py:925} INFO - DAG(s) 'example_bash_decorator' retrieved from /home/airflow/.local/lib/python3.12/site-packages/airflow/example_dags/example_bash_decorator.py
[2024-10-16T13:17:46.455+0000] {logging_mixin.py:190} INFO - [2024-10-16T13:17:46.455+0000] {dag.py:3239} INFO - Sync 1 DAGs
[2024-10-16T13:17:46.472+0000] {logging_mixin.py:190} INFO - [2024-10-16T13:17:46.471+0000] {dag.py:4180} INFO - Setting next_dagrun for example_bash_decorator to None, run_after=None
[2024-10-16T13:17:46.529+0000] {processor.py:208} INFO - Processing /home/airflow/.local/lib/python3.12/site-packages/airflow/example_dags/example_bash_decorator.py took 0.137 seconds
[2024-10-16T13:18:16.800+0000] {processor.py:186} INFO - Started process (PID=331) to work on /home/airflow/.local/lib/python3.12/site-packages/airflow/example_dags/example_bash_decorator.py
[2024-10-16T13:18:16.801+0000] {processor.py:914} INFO - Processing file /home/airflow/.local/lib/python3.12/site-packages/airflow/example_dags/example_bash_decorator.py for tasks to queue
[2024-10-16T13:18:16.804+0000] {logging_mixin.py:190} INFO - [2024-10-16T13:18:16.804+0000] {dagbag.py:588} INFO - Filling up the DagBag from /home/airflow/.local/lib/python3.12/site-packages/airflow/example_dags/example_bash_decorator.py
[2024-10-16T13:18:16.815+0000] {processor.py:925} INFO - DAG(s) 'example_bash_decorator' retrieved from /home/airflow/.local/lib/python3.12/site-packages/airflow/example_dags/example_bash_decorator.py
[2024-10-16T13:18:16.833+0000] {logging_mixin.py:190} INFO - [2024-10-16T13:18:16.833+0000] {dag.py:3239} INFO - Sync 1 DAGs
[2024-10-16T13:18:16.844+0000] {logging_mixin.py:190} INFO - [2024-10-16T13:18:16.844+0000] {dag.py:4180} INFO - Setting next_dagrun for example_bash_decorator to None, run_after=None
[2024-10-16T13:18:16.864+0000] {processor.py:208} INFO - Processing /home/airflow/.local/lib/python3.12/site-packages/airflow/example_dags/example_bash_decorator.py took 0.074 seconds
[2024-10-16T13:18:47.468+0000] {processor.py:186} INFO - Started process (PID=394) to work on /home/airflow/.local/lib/python3.12/site-packages/airflow/example_dags/example_bash_decorator.py
[2024-10-16T13:18:47.469+0000] {processor.py:914} INFO - Processing file /home/airflow/.local/lib/python3.12/site-packages/airflow/example_dags/example_bash_decorator.py for tasks to queue
[2024-10-16T13:18:47.472+0000] {logging_mixin.py:190} INFO - [2024-10-16T13:18:47.472+0000] {dagbag.py:588} INFO - Filling up the DagBag from /home/airflow/.local/lib/python3.12/site-packages/airflow/example_dags/example_bash_decorator.py
[2024-10-16T13:18:47.487+0000] {processor.py:925} INFO - DAG(s) 'example_bash_decorator' retrieved from /home/airflow/.local/lib/python3.12/site-packages/airflow/example_dags/example_bash_decorator.py
[2024-10-16T13:18:47.515+0000] {logging_mixin.py:190} INFO - [2024-10-16T13:18:47.515+0000] {dag.py:3239} INFO - Sync 1 DAGs
[2024-10-16T13:18:47.532+0000] {logging_mixin.py:190} INFO - [2024-10-16T13:18:47.531+0000] {dag.py:4180} INFO - Setting next_dagrun for example_bash_decorator to None, run_after=None
[2024-10-16T13:18:47.557+0000] {processor.py:208} INFO - Processing /home/airflow/.local/lib/python3.12/site-packages/airflow/example_dags/example_bash_decorator.py took 0.095 seconds
[2024-10-16T13:19:17.821+0000] {processor.py:186} INFO - Started process (PID=457) to work on /home/airflow/.local/lib/python3.12/site-packages/airflow/example_dags/example_bash_decorator.py
[2024-10-16T13:19:17.822+0000] {processor.py:914} INFO - Processing file /home/airflow/.local/lib/python3.12/site-packages/airflow/example_dags/example_bash_decorator.py for tasks to queue
[2024-10-16T13:19:17.824+0000] {logging_mixin.py:190} INFO - [2024-10-16T13:19:17.824+0000] {dagbag.py:588} INFO - Filling up the DagBag from /home/airflow/.local/lib/python3.12/site-packages/airflow/example_dags/example_bash_decorator.py
[2024-10-16T13:19:17.837+0000] {processor.py:925} INFO - DAG(s) 'example_bash_decorator' retrieved from /home/airflow/.local/lib/python3.12/site-packages/airflow/example_dags/example_bash_decorator.py
[2024-10-16T13:19:17.861+0000] {logging_mixin.py:190} INFO - [2024-10-16T13:19:17.861+0000] {dag.py:3239} INFO - Sync 1 DAGs
[2024-10-16T13:19:17.875+0000] {logging_mixin.py:190} INFO - [2024-10-16T13:19:17.875+0000] {dag.py:4180} INFO - Setting next_dagrun for example_bash_decorator to None, run_after=None
[2024-10-16T13:19:17.894+0000] {processor.py:208} INFO - Processing /home/airflow/.local/lib/python3.12/site-packages/airflow/example_dags/example_bash_decorator.py took 0.079 seconds
[2024-10-16T13:19:48.811+0000] {processor.py:186} INFO - Started process (PID=520) to work on /home/airflow/.local/lib/python3.12/site-packages/airflow/example_dags/example_bash_decorator.py
[2024-10-16T13:19:48.813+0000] {processor.py:914} INFO - Processing file /home/airflow/.local/lib/python3.12/site-packages/airflow/example_dags/example_bash_decorator.py for tasks to queue
[2024-10-16T13:19:48.815+0000] {logging_mixin.py:190} INFO - [2024-10-16T13:19:48.815+0000] {dagbag.py:588} INFO - Filling up the DagBag from /home/airflow/.local/lib/python3.12/site-packages/airflow/example_dags/example_bash_decorator.py
[2024-10-16T13:19:48.830+0000] {processor.py:925} INFO - DAG(s) 'example_bash_decorator' retrieved from /home/airflow/.local/lib/python3.12/site-packages/airflow/example_dags/example_bash_decorator.py
[2024-10-16T13:19:48.856+0000] {logging_mixin.py:190} INFO - [2024-10-16T13:19:48.855+0000] {dag.py:3239} INFO - Sync 1 DAGs
[2024-10-16T13:19:48.869+0000] {logging_mixin.py:190} INFO - [2024-10-16T13:19:48.869+0000] {dag.py:4180} INFO - Setting next_dagrun for example_bash_decorator to None, run_after=None
[2024-10-16T13:19:48.903+0000] {processor.py:208} INFO - Processing /home/airflow/.local/lib/python3.12/site-packages/airflow/example_dags/example_bash_decorator.py took 0.098 seconds
[2024-10-16T13:20:20.363+0000] {processor.py:186} INFO - Started process (PID=583) to work on /home/airflow/.local/lib/python3.12/site-packages/airflow/example_dags/example_bash_decorator.py
[2024-10-16T13:20:20.365+0000] {processor.py:914} INFO - Processing file /home/airflow/.local/lib/python3.12/site-packages/airflow/example_dags/example_bash_decorator.py for tasks to queue
[2024-10-16T13:20:20.368+0000] {logging_mixin.py:190} INFO - [2024-10-16T13:20:20.367+0000] {dagbag.py:588} INFO - Filling up the DagBag from /home/airflow/.local/lib/python3.12/site-packages/airflow/example_dags/example_bash_decorator.py
[2024-10-16T13:20:20.384+0000] {processor.py:925} INFO - DAG(s) 'example_bash_decorator' retrieved from /home/airflow/.local/lib/python3.12/site-packages/airflow/example_dags/example_bash_decorator.py
[2024-10-16T13:20:20.413+0000] {logging_mixin.py:190} INFO - [2024-10-16T13:20:20.413+0000] {dag.py:3239} INFO - Sync 1 DAGs
[2024-10-16T13:20:20.430+0000] {logging_mixin.py:190} INFO - [2024-10-16T13:20:20.430+0000] {dag.py:4180} INFO - Setting next_dagrun for example_bash_decorator to None, run_after=None
[2024-10-16T13:20:20.463+0000] {processor.py:208} INFO - Processing /home/airflow/.local/lib/python3.12/site-packages/airflow/example_dags/example_bash_decorator.py took 0.107 seconds
[2024-10-16T13:22:00.382+0000] {processor.py:186} INFO - Started process (PID=78) to work on /home/airflow/.local/lib/python3.12/site-packages/airflow/example_dags/example_bash_decorator.py
[2024-10-16T13:22:00.382+0000] {processor.py:914} INFO - Processing file /home/airflow/.local/lib/python3.12/site-packages/airflow/example_dags/example_bash_decorator.py for tasks to queue
[2024-10-16T13:22:00.386+0000] {logging_mixin.py:190} INFO - [2024-10-16T13:22:00.386+0000] {dagbag.py:588} INFO - Filling up the DagBag from /home/airflow/.local/lib/python3.12/site-packages/airflow/example_dags/example_bash_decorator.py
[2024-10-16T13:22:00.402+0000] {processor.py:925} INFO - DAG(s) 'example_bash_decorator' retrieved from /home/airflow/.local/lib/python3.12/site-packages/airflow/example_dags/example_bash_decorator.py
[2024-10-16T13:22:00.515+0000] {logging_mixin.py:190} INFO - [2024-10-16T13:22:00.514+0000] {override.py:1900} INFO - Created Permission View: can edit on DAG:example_bash_decorator
[2024-10-16T13:22:00.527+0000] {logging_mixin.py:190} INFO - [2024-10-16T13:22:00.526+0000] {override.py:1900} INFO - Created Permission View: can read on DAG:example_bash_decorator
[2024-10-16T13:22:00.534+0000] {logging_mixin.py:190} INFO - [2024-10-16T13:22:00.534+0000] {override.py:1900} INFO - Created Permission View: can delete on DAG:example_bash_decorator
[2024-10-16T13:22:00.543+0000] {logging_mixin.py:190} INFO - [2024-10-16T13:22:00.542+0000] {override.py:1900} INFO - Created Permission View: can delete on DAG Run:example_bash_decorator
[2024-10-16T13:22:00.550+0000] {logging_mixin.py:190} INFO - [2024-10-16T13:22:00.549+0000] {override.py:1900} INFO - Created Permission View: can read on DAG Run:example_bash_decorator
[2024-10-16T13:22:00.556+0000] {logging_mixin.py:190} INFO - [2024-10-16T13:22:00.555+0000] {override.py:1900} INFO - Created Permission View: menu access on DAG Run:example_bash_decorator
[2024-10-16T13:22:00.563+0000] {logging_mixin.py:190} INFO - [2024-10-16T13:22:00.563+0000] {override.py:1900} INFO - Created Permission View: can create on DAG Run:example_bash_decorator
[2024-10-16T13:22:00.564+0000] {logging_mixin.py:190} INFO - [2024-10-16T13:22:00.564+0000] {dag.py:3239} INFO - Sync 1 DAGs
[2024-10-16T13:22:00.580+0000] {logging_mixin.py:190} INFO - [2024-10-16T13:22:00.579+0000] {dag.py:3262} INFO - Creating ORM DAG for example_bash_decorator
[2024-10-16T13:22:00.581+0000] {logging_mixin.py:190} INFO - [2024-10-16T13:22:00.581+0000] {dag.py:4180} INFO - Setting next_dagrun for example_bash_decorator to None, run_after=None
[2024-10-16T13:22:00.597+0000] {processor.py:208} INFO - Processing /home/airflow/.local/lib/python3.12/site-packages/airflow/example_dags/example_bash_decorator.py took 0.220 seconds
[2024-10-16T13:22:30.689+0000] {processor.py:186} INFO - Started process (PID=141) to work on /home/airflow/.local/lib/python3.12/site-packages/airflow/example_dags/example_bash_decorator.py
[2024-10-16T13:22:30.690+0000] {processor.py:914} INFO - Processing file /home/airflow/.local/lib/python3.12/site-packages/airflow/example_dags/example_bash_decorator.py for tasks to queue
[2024-10-16T13:22:30.692+0000] {logging_mixin.py:190} INFO - [2024-10-16T13:22:30.692+0000] {dagbag.py:588} INFO - Filling up the DagBag from /home/airflow/.local/lib/python3.12/site-packages/airflow/example_dags/example_bash_decorator.py
[2024-10-16T13:22:30.705+0000] {processor.py:925} INFO - DAG(s) 'example_bash_decorator' retrieved from /home/airflow/.local/lib/python3.12/site-packages/airflow/example_dags/example_bash_decorator.py
[2024-10-16T13:22:30.726+0000] {logging_mixin.py:190} INFO - [2024-10-16T13:22:30.725+0000] {dag.py:3239} INFO - Sync 1 DAGs
[2024-10-16T13:22:30.741+0000] {logging_mixin.py:190} INFO - [2024-10-16T13:22:30.741+0000] {dag.py:4180} INFO - Setting next_dagrun for example_bash_decorator to None, run_after=None
[2024-10-16T13:22:30.766+0000] {processor.py:208} INFO - Processing /home/airflow/.local/lib/python3.12/site-packages/airflow/example_dags/example_bash_decorator.py took 0.082 seconds
[2024-10-16T13:23:01.462+0000] {processor.py:186} INFO - Started process (PID=204) to work on /home/airflow/.local/lib/python3.12/site-packages/airflow/example_dags/example_bash_decorator.py
[2024-10-16T13:23:01.464+0000] {processor.py:914} INFO - Processing file /home/airflow/.local/lib/python3.12/site-packages/airflow/example_dags/example_bash_decorator.py for tasks to queue
[2024-10-16T13:23:01.467+0000] {logging_mixin.py:190} INFO - [2024-10-16T13:23:01.467+0000] {dagbag.py:588} INFO - Filling up the DagBag from /home/airflow/.local/lib/python3.12/site-packages/airflow/example_dags/example_bash_decorator.py
[2024-10-16T13:23:01.489+0000] {processor.py:925} INFO - DAG(s) 'example_bash_decorator' retrieved from /home/airflow/.local/lib/python3.12/site-packages/airflow/example_dags/example_bash_decorator.py
[2024-10-16T13:23:01.141+0000] {logging_mixin.py:190} INFO - [2024-10-16T13:23:01.140+0000] {dag.py:3239} INFO - Sync 1 DAGs
[2024-10-16T13:23:01.159+0000] {logging_mixin.py:190} INFO - [2024-10-16T13:23:01.159+0000] {dag.py:4180} INFO - Setting next_dagrun for example_bash_decorator to None, run_after=None
[2024-10-16T13:23:01.186+0000] {processor.py:208} INFO - Processing /home/airflow/.local/lib/python3.12/site-packages/airflow/example_dags/example_bash_decorator.py took 0.131 seconds
[2024-10-16T13:23:32.413+0000] {processor.py:186} INFO - Started process (PID=268) to work on /home/airflow/.local/lib/python3.12/site-packages/airflow/example_dags/example_bash_decorator.py
[2024-10-16T13:23:32.414+0000] {processor.py:914} INFO - Processing file /home/airflow/.local/lib/python3.12/site-packages/airflow/example_dags/example_bash_decorator.py for tasks to queue
[2024-10-16T13:23:32.416+0000] {logging_mixin.py:190} INFO - [2024-10-16T13:23:32.416+0000] {dagbag.py:588} INFO - Filling up the DagBag from /home/airflow/.local/lib/python3.12/site-packages/airflow/example_dags/example_bash_decorator.py
[2024-10-16T13:23:32.429+0000] {processor.py:925} INFO - DAG(s) 'example_bash_decorator' retrieved from /home/airflow/.local/lib/python3.12/site-packages/airflow/example_dags/example_bash_decorator.py
[2024-10-16T13:23:32.451+0000] {logging_mixin.py:190} INFO - [2024-10-16T13:23:32.451+0000] {dag.py:3239} INFO - Sync 1 DAGs
[2024-10-16T13:23:32.465+0000] {logging_mixin.py:190} INFO - [2024-10-16T13:23:32.465+0000] {dag.py:4180} INFO - Setting next_dagrun for example_bash_decorator to None, run_after=None
[2024-10-16T13:23:32.490+0000] {processor.py:208} INFO - Processing /home/airflow/.local/lib/python3.12/site-packages/airflow/example_dags/example_bash_decorator.py took 0.082 seconds
