[2024-10-16T12:50:33.863+0000] {processor.py:186} INFO - Started process (PID=102) to work on /home/airflow/.local/lib/python3.12/site-packages/airflow/example_dags/example_python_operator.py
[2024-10-16T12:50:33.865+0000] {processor.py:914} INFO - Processing file /home/airflow/.local/lib/python3.12/site-packages/airflow/example_dags/example_python_operator.py for tasks to queue
[2024-10-16T12:50:33.867+0000] {logging_mixin.py:190} INFO - [2024-10-16T12:50:33.866+0000] {dagbag.py:588} INFO - Filling up the DagBag from /home/airflow/.local/lib/python3.12/site-packages/airflow/example_dags/example_python_operator.py
[2024-10-16T12:50:33.880+0000] {processor.py:925} INFO - DAG(s) 'example_python_operator' retrieved from /home/airflow/.local/lib/python3.12/site-packages/airflow/example_dags/example_python_operator.py
[2024-10-16T12:50:33.989+0000] {logging_mixin.py:190} INFO - [2024-10-16T12:50:33.988+0000] {override.py:1900} INFO - Created Permission View: can edit on DAG:example_python_operator
[2024-10-16T12:50:33.998+0000] {logging_mixin.py:190} INFO - [2024-10-16T12:50:33.998+0000] {override.py:1900} INFO - Created Permission View: can read on DAG:example_python_operator
[2024-10-16T12:50:34.006+0000] {logging_mixin.py:190} INFO - [2024-10-16T12:50:34.005+0000] {override.py:1900} INFO - Created Permission View: can delete on DAG:example_python_operator
[2024-10-16T12:50:34.013+0000] {logging_mixin.py:190} INFO - [2024-10-16T12:50:34.013+0000] {override.py:1900} INFO - Created Permission View: can delete on DAG Run:example_python_operator
[2024-10-16T12:50:34.019+0000] {logging_mixin.py:190} INFO - [2024-10-16T12:50:34.019+0000] {override.py:1900} INFO - Created Permission View: menu access on DAG Run:example_python_operator
[2024-10-16T12:50:34.033+0000] {logging_mixin.py:190} INFO - [2024-10-16T12:50:34.032+0000] {override.py:1900} INFO - Created Permission View: can create on DAG Run:example_python_operator
[2024-10-16T12:50:34.042+0000] {logging_mixin.py:190} INFO - [2024-10-16T12:50:34.041+0000] {override.py:1900} INFO - Created Permission View: can read on DAG Run:example_python_operator
[2024-10-16T12:50:34.043+0000] {logging_mixin.py:190} INFO - [2024-10-16T12:50:34.042+0000] {dag.py:3239} INFO - Sync 1 DAGs
[2024-10-16T12:50:34.056+0000] {logging_mixin.py:190} INFO - [2024-10-16T12:50:34.056+0000] {dag.py:3262} INFO - Creating ORM DAG for example_python_operator
[2024-10-16T12:50:34.058+0000] {logging_mixin.py:190} INFO - [2024-10-16T12:50:34.058+0000] {dag.py:4180} INFO - Setting next_dagrun for example_python_operator to None, run_after=None
[2024-10-16T12:50:34.085+0000] {processor.py:208} INFO - Processing /home/airflow/.local/lib/python3.12/site-packages/airflow/example_dags/example_python_operator.py took 0.226 seconds
[2024-10-16T12:51:04.862+0000] {processor.py:186} INFO - Started process (PID=164) to work on /home/airflow/.local/lib/python3.12/site-packages/airflow/example_dags/example_python_operator.py
[2024-10-16T12:51:04.864+0000] {processor.py:914} INFO - Processing file /home/airflow/.local/lib/python3.12/site-packages/airflow/example_dags/example_python_operator.py for tasks to queue
[2024-10-16T12:51:04.866+0000] {logging_mixin.py:190} INFO - [2024-10-16T12:51:04.866+0000] {dagbag.py:588} INFO - Filling up the DagBag from /home/airflow/.local/lib/python3.12/site-packages/airflow/example_dags/example_python_operator.py
[2024-10-16T12:51:04.879+0000] {processor.py:925} INFO - DAG(s) 'example_python_operator' retrieved from /home/airflow/.local/lib/python3.12/site-packages/airflow/example_dags/example_python_operator.py
[2024-10-16T12:51:04.901+0000] {logging_mixin.py:190} INFO - [2024-10-16T12:51:04.901+0000] {dag.py:3239} INFO - Sync 1 DAGs
[2024-10-16T12:51:04.916+0000] {logging_mixin.py:190} INFO - [2024-10-16T12:51:04.915+0000] {dag.py:4180} INFO - Setting next_dagrun for example_python_operator to None, run_after=None
[2024-10-16T12:51:04.950+0000] {processor.py:208} INFO - Processing /home/airflow/.local/lib/python3.12/site-packages/airflow/example_dags/example_python_operator.py took 0.095 seconds
[2024-10-16T12:51:35.395+0000] {processor.py:186} INFO - Started process (PID=226) to work on /home/airflow/.local/lib/python3.12/site-packages/airflow/example_dags/example_python_operator.py
[2024-10-16T12:51:35.396+0000] {processor.py:914} INFO - Processing file /home/airflow/.local/lib/python3.12/site-packages/airflow/example_dags/example_python_operator.py for tasks to queue
[2024-10-16T12:51:35.398+0000] {logging_mixin.py:190} INFO - [2024-10-16T12:51:35.398+0000] {dagbag.py:588} INFO - Filling up the DagBag from /home/airflow/.local/lib/python3.12/site-packages/airflow/example_dags/example_python_operator.py
[2024-10-16T12:51:35.407+0000] {processor.py:925} INFO - DAG(s) 'example_python_operator' retrieved from /home/airflow/.local/lib/python3.12/site-packages/airflow/example_dags/example_python_operator.py
[2024-10-16T12:51:35.427+0000] {logging_mixin.py:190} INFO - [2024-10-16T12:51:35.426+0000] {dag.py:3239} INFO - Sync 1 DAGs
[2024-10-16T12:51:35.440+0000] {logging_mixin.py:190} INFO - [2024-10-16T12:51:35.440+0000] {dag.py:4180} INFO - Setting next_dagrun for example_python_operator to None, run_after=None
[2024-10-16T12:51:35.467+0000] {processor.py:208} INFO - Processing /home/airflow/.local/lib/python3.12/site-packages/airflow/example_dags/example_python_operator.py took 0.078 seconds
[2024-10-16T12:52:05.726+0000] {processor.py:186} INFO - Started process (PID=288) to work on /home/airflow/.local/lib/python3.12/site-packages/airflow/example_dags/example_python_operator.py
[2024-10-16T12:52:05.728+0000] {processor.py:914} INFO - Processing file /home/airflow/.local/lib/python3.12/site-packages/airflow/example_dags/example_python_operator.py for tasks to queue
[2024-10-16T12:52:05.730+0000] {logging_mixin.py:190} INFO - [2024-10-16T12:52:05.730+0000] {dagbag.py:588} INFO - Filling up the DagBag from /home/airflow/.local/lib/python3.12/site-packages/airflow/example_dags/example_python_operator.py
[2024-10-16T12:52:05.742+0000] {processor.py:925} INFO - DAG(s) 'example_python_operator' retrieved from /home/airflow/.local/lib/python3.12/site-packages/airflow/example_dags/example_python_operator.py
[2024-10-16T12:52:05.763+0000] {logging_mixin.py:190} INFO - [2024-10-16T12:52:05.763+0000] {dag.py:3239} INFO - Sync 1 DAGs
[2024-10-16T12:52:05.783+0000] {logging_mixin.py:190} INFO - [2024-10-16T12:52:05.782+0000] {dag.py:4180} INFO - Setting next_dagrun for example_python_operator to None, run_after=None
[2024-10-16T12:52:05.810+0000] {processor.py:208} INFO - Processing /home/airflow/.local/lib/python3.12/site-packages/airflow/example_dags/example_python_operator.py took 0.090 seconds
[2024-10-16T12:52:36.333+0000] {processor.py:186} INFO - Started process (PID=351) to work on /home/airflow/.local/lib/python3.12/site-packages/airflow/example_dags/example_python_operator.py
[2024-10-16T12:52:36.334+0000] {processor.py:914} INFO - Processing file /home/airflow/.local/lib/python3.12/site-packages/airflow/example_dags/example_python_operator.py for tasks to queue
[2024-10-16T12:52:36.338+0000] {logging_mixin.py:190} INFO - [2024-10-16T12:52:36.337+0000] {dagbag.py:588} INFO - Filling up the DagBag from /home/airflow/.local/lib/python3.12/site-packages/airflow/example_dags/example_python_operator.py
[2024-10-16T12:52:36.350+0000] {processor.py:925} INFO - DAG(s) 'example_python_operator' retrieved from /home/airflow/.local/lib/python3.12/site-packages/airflow/example_dags/example_python_operator.py
[2024-10-16T12:52:36.376+0000] {logging_mixin.py:190} INFO - [2024-10-16T12:52:36.375+0000] {dag.py:3239} INFO - Sync 1 DAGs
[2024-10-16T12:52:36.389+0000] {logging_mixin.py:190} INFO - [2024-10-16T12:52:36.389+0000] {dag.py:4180} INFO - Setting next_dagrun for example_python_operator to None, run_after=None
[2024-10-16T12:52:36.411+0000] {processor.py:208} INFO - Processing /home/airflow/.local/lib/python3.12/site-packages/airflow/example_dags/example_python_operator.py took 0.083 seconds
[2024-10-16T12:53:07.186+0000] {processor.py:186} INFO - Started process (PID=413) to work on /home/airflow/.local/lib/python3.12/site-packages/airflow/example_dags/example_python_operator.py
[2024-10-16T12:53:07.188+0000] {processor.py:914} INFO - Processing file /home/airflow/.local/lib/python3.12/site-packages/airflow/example_dags/example_python_operator.py for tasks to queue
[2024-10-16T12:53:07.190+0000] {logging_mixin.py:190} INFO - [2024-10-16T12:53:07.190+0000] {dagbag.py:588} INFO - Filling up the DagBag from /home/airflow/.local/lib/python3.12/site-packages/airflow/example_dags/example_python_operator.py
[2024-10-16T12:53:07.202+0000] {processor.py:925} INFO - DAG(s) 'example_python_operator' retrieved from /home/airflow/.local/lib/python3.12/site-packages/airflow/example_dags/example_python_operator.py
[2024-10-16T12:53:07.224+0000] {logging_mixin.py:190} INFO - [2024-10-16T12:53:07.223+0000] {dag.py:3239} INFO - Sync 1 DAGs
[2024-10-16T12:53:07.241+0000] {logging_mixin.py:190} INFO - [2024-10-16T12:53:07.241+0000] {dag.py:4180} INFO - Setting next_dagrun for example_python_operator to None, run_after=None
[2024-10-16T12:53:07.293+0000] {processor.py:208} INFO - Processing /home/airflow/.local/lib/python3.12/site-packages/airflow/example_dags/example_python_operator.py took 0.114 seconds
[2024-10-16T12:53:37.899+0000] {processor.py:186} INFO - Started process (PID=475) to work on /home/airflow/.local/lib/python3.12/site-packages/airflow/example_dags/example_python_operator.py
[2024-10-16T12:53:37.900+0000] {processor.py:914} INFO - Processing file /home/airflow/.local/lib/python3.12/site-packages/airflow/example_dags/example_python_operator.py for tasks to queue
[2024-10-16T12:53:37.903+0000] {logging_mixin.py:190} INFO - [2024-10-16T12:53:37.903+0000] {dagbag.py:588} INFO - Filling up the DagBag from /home/airflow/.local/lib/python3.12/site-packages/airflow/example_dags/example_python_operator.py
[2024-10-16T12:53:37.913+0000] {processor.py:925} INFO - DAG(s) 'example_python_operator' retrieved from /home/airflow/.local/lib/python3.12/site-packages/airflow/example_dags/example_python_operator.py
[2024-10-16T12:53:37.931+0000] {logging_mixin.py:190} INFO - [2024-10-16T12:53:37.931+0000] {dag.py:3239} INFO - Sync 1 DAGs
[2024-10-16T12:53:37.942+0000] {logging_mixin.py:190} INFO - [2024-10-16T12:53:37.942+0000] {dag.py:4180} INFO - Setting next_dagrun for example_python_operator to None, run_after=None
[2024-10-16T12:53:37.962+0000] {processor.py:208} INFO - Processing /home/airflow/.local/lib/python3.12/site-packages/airflow/example_dags/example_python_operator.py took 0.068 seconds
[2024-10-16T12:54:08.692+0000] {processor.py:186} INFO - Started process (PID=537) to work on /home/airflow/.local/lib/python3.12/site-packages/airflow/example_dags/example_python_operator.py
[2024-10-16T12:54:08.694+0000] {processor.py:914} INFO - Processing file /home/airflow/.local/lib/python3.12/site-packages/airflow/example_dags/example_python_operator.py for tasks to queue
[2024-10-16T12:54:08.697+0000] {logging_mixin.py:190} INFO - [2024-10-16T12:54:08.696+0000] {dagbag.py:588} INFO - Filling up the DagBag from /home/airflow/.local/lib/python3.12/site-packages/airflow/example_dags/example_python_operator.py
[2024-10-16T12:54:08.716+0000] {processor.py:925} INFO - DAG(s) 'example_python_operator' retrieved from /home/airflow/.local/lib/python3.12/site-packages/airflow/example_dags/example_python_operator.py
[2024-10-16T12:54:08.752+0000] {logging_mixin.py:190} INFO - [2024-10-16T12:54:08.752+0000] {dag.py:3239} INFO - Sync 1 DAGs
[2024-10-16T12:54:08.767+0000] {logging_mixin.py:190} INFO - [2024-10-16T12:54:08.766+0000] {dag.py:4180} INFO - Setting next_dagrun for example_python_operator to None, run_after=None
[2024-10-16T12:54:08.797+0000] {processor.py:208} INFO - Processing /home/airflow/.local/lib/python3.12/site-packages/airflow/example_dags/example_python_operator.py took 0.113 seconds
[2024-10-16T12:54:41.071+0000] {processor.py:186} INFO - Started process (PID=599) to work on /home/airflow/.local/lib/python3.12/site-packages/airflow/example_dags/example_python_operator.py
[2024-10-16T12:54:41.073+0000] {processor.py:914} INFO - Processing file /home/airflow/.local/lib/python3.12/site-packages/airflow/example_dags/example_python_operator.py for tasks to queue
[2024-10-16T12:54:41.083+0000] {logging_mixin.py:190} INFO - [2024-10-16T12:54:41.082+0000] {dagbag.py:588} INFO - Filling up the DagBag from /home/airflow/.local/lib/python3.12/site-packages/airflow/example_dags/example_python_operator.py
[2024-10-16T12:54:41.125+0000] {processor.py:925} INFO - DAG(s) 'example_python_operator' retrieved from /home/airflow/.local/lib/python3.12/site-packages/airflow/example_dags/example_python_operator.py
[2024-10-16T12:54:41.245+0000] {logging_mixin.py:190} INFO - [2024-10-16T12:54:41.245+0000] {dag.py:3239} INFO - Sync 1 DAGs
[2024-10-16T12:54:41.263+0000] {logging_mixin.py:190} INFO - [2024-10-16T12:54:41.263+0000] {dag.py:4180} INFO - Setting next_dagrun for example_python_operator to None, run_after=None
[2024-10-16T12:54:41.295+0000] {processor.py:208} INFO - Processing /home/airflow/.local/lib/python3.12/site-packages/airflow/example_dags/example_python_operator.py took 0.232 seconds
[2024-10-16T12:55:11.505+0000] {processor.py:186} INFO - Started process (PID=662) to work on /home/airflow/.local/lib/python3.12/site-packages/airflow/example_dags/example_python_operator.py
[2024-10-16T12:55:11.506+0000] {processor.py:914} INFO - Processing file /home/airflow/.local/lib/python3.12/site-packages/airflow/example_dags/example_python_operator.py for tasks to queue
[2024-10-16T12:55:11.509+0000] {logging_mixin.py:190} INFO - [2024-10-16T12:55:11.508+0000] {dagbag.py:588} INFO - Filling up the DagBag from /home/airflow/.local/lib/python3.12/site-packages/airflow/example_dags/example_python_operator.py
[2024-10-16T12:55:11.522+0000] {processor.py:925} INFO - DAG(s) 'example_python_operator' retrieved from /home/airflow/.local/lib/python3.12/site-packages/airflow/example_dags/example_python_operator.py
[2024-10-16T12:55:11.551+0000] {logging_mixin.py:190} INFO - [2024-10-16T12:55:11.551+0000] {dag.py:3239} INFO - Sync 1 DAGs
[2024-10-16T12:55:11.569+0000] {logging_mixin.py:190} INFO - [2024-10-16T12:55:11.569+0000] {dag.py:4180} INFO - Setting next_dagrun for example_python_operator to None, run_after=None
[2024-10-16T12:55:11.595+0000] {processor.py:208} INFO - Processing /home/airflow/.local/lib/python3.12/site-packages/airflow/example_dags/example_python_operator.py took 0.097 seconds
[2024-10-16T12:55:42.079+0000] {processor.py:186} INFO - Started process (PID=724) to work on /home/airflow/.local/lib/python3.12/site-packages/airflow/example_dags/example_python_operator.py
[2024-10-16T12:55:42.081+0000] {processor.py:914} INFO - Processing file /home/airflow/.local/lib/python3.12/site-packages/airflow/example_dags/example_python_operator.py for tasks to queue
[2024-10-16T12:55:42.083+0000] {logging_mixin.py:190} INFO - [2024-10-16T12:55:42.083+0000] {dagbag.py:588} INFO - Filling up the DagBag from /home/airflow/.local/lib/python3.12/site-packages/airflow/example_dags/example_python_operator.py
[2024-10-16T12:55:42.093+0000] {processor.py:925} INFO - DAG(s) 'example_python_operator' retrieved from /home/airflow/.local/lib/python3.12/site-packages/airflow/example_dags/example_python_operator.py
[2024-10-16T12:55:42.114+0000] {logging_mixin.py:190} INFO - [2024-10-16T12:55:42.114+0000] {dag.py:3239} INFO - Sync 1 DAGs
[2024-10-16T12:55:42.127+0000] {logging_mixin.py:190} INFO - [2024-10-16T12:55:42.127+0000] {dag.py:4180} INFO - Setting next_dagrun for example_python_operator to None, run_after=None
[2024-10-16T12:55:42.154+0000] {processor.py:208} INFO - Processing /home/airflow/.local/lib/python3.12/site-packages/airflow/example_dags/example_python_operator.py took 0.080 seconds
[2024-10-16T12:56:12.957+0000] {processor.py:186} INFO - Started process (PID=786) to work on /home/airflow/.local/lib/python3.12/site-packages/airflow/example_dags/example_python_operator.py
[2024-10-16T12:56:12.958+0000] {processor.py:914} INFO - Processing file /home/airflow/.local/lib/python3.12/site-packages/airflow/example_dags/example_python_operator.py for tasks to queue
[2024-10-16T12:56:12.960+0000] {logging_mixin.py:190} INFO - [2024-10-16T12:56:12.960+0000] {dagbag.py:588} INFO - Filling up the DagBag from /home/airflow/.local/lib/python3.12/site-packages/airflow/example_dags/example_python_operator.py
[2024-10-16T12:56:12.970+0000] {processor.py:925} INFO - DAG(s) 'example_python_operator' retrieved from /home/airflow/.local/lib/python3.12/site-packages/airflow/example_dags/example_python_operator.py
[2024-10-16T12:56:12.990+0000] {logging_mixin.py:190} INFO - [2024-10-16T12:56:12.990+0000] {dag.py:3239} INFO - Sync 1 DAGs
[2024-10-16T12:56:13.005+0000] {logging_mixin.py:190} INFO - [2024-10-16T12:56:13.005+0000] {dag.py:4180} INFO - Setting next_dagrun for example_python_operator to None, run_after=None
[2024-10-16T12:56:13.029+0000] {processor.py:208} INFO - Processing /home/airflow/.local/lib/python3.12/site-packages/airflow/example_dags/example_python_operator.py took 0.076 seconds
[2024-10-16T12:56:43.335+0000] {processor.py:186} INFO - Started process (PID=848) to work on /home/airflow/.local/lib/python3.12/site-packages/airflow/example_dags/example_python_operator.py
[2024-10-16T12:56:43.340+0000] {processor.py:914} INFO - Processing file /home/airflow/.local/lib/python3.12/site-packages/airflow/example_dags/example_python_operator.py for tasks to queue
[2024-10-16T12:56:43.342+0000] {logging_mixin.py:190} INFO - [2024-10-16T12:56:43.342+0000] {dagbag.py:588} INFO - Filling up the DagBag from /home/airflow/.local/lib/python3.12/site-packages/airflow/example_dags/example_python_operator.py
[2024-10-16T12:56:43.354+0000] {processor.py:925} INFO - DAG(s) 'example_python_operator' retrieved from /home/airflow/.local/lib/python3.12/site-packages/airflow/example_dags/example_python_operator.py
[2024-10-16T12:56:43.377+0000] {logging_mixin.py:190} INFO - [2024-10-16T12:56:43.377+0000] {dag.py:3239} INFO - Sync 1 DAGs
[2024-10-16T12:56:43.389+0000] {logging_mixin.py:190} INFO - [2024-10-16T12:56:43.389+0000] {dag.py:4180} INFO - Setting next_dagrun for example_python_operator to None, run_after=None
[2024-10-16T12:56:43.406+0000] {processor.py:208} INFO - Processing /home/airflow/.local/lib/python3.12/site-packages/airflow/example_dags/example_python_operator.py took 0.076 seconds
[2024-10-16T12:57:14.398+0000] {processor.py:186} INFO - Started process (PID=910) to work on /home/airflow/.local/lib/python3.12/site-packages/airflow/example_dags/example_python_operator.py
[2024-10-16T12:57:14.400+0000] {processor.py:914} INFO - Processing file /home/airflow/.local/lib/python3.12/site-packages/airflow/example_dags/example_python_operator.py for tasks to queue
[2024-10-16T12:57:14.404+0000] {logging_mixin.py:190} INFO - [2024-10-16T12:57:14.404+0000] {dagbag.py:588} INFO - Filling up the DagBag from /home/airflow/.local/lib/python3.12/site-packages/airflow/example_dags/example_python_operator.py
[2024-10-16T12:57:14.421+0000] {processor.py:925} INFO - DAG(s) 'example_python_operator' retrieved from /home/airflow/.local/lib/python3.12/site-packages/airflow/example_dags/example_python_operator.py
[2024-10-16T12:57:14.498+0000] {logging_mixin.py:190} INFO - [2024-10-16T12:57:14.498+0000] {dag.py:3239} INFO - Sync 1 DAGs
[2024-10-16T12:57:14.528+0000] {logging_mixin.py:190} INFO - [2024-10-16T12:57:14.527+0000] {dag.py:4180} INFO - Setting next_dagrun for example_python_operator to None, run_after=None
[2024-10-16T12:57:14.562+0000] {processor.py:208} INFO - Processing /home/airflow/.local/lib/python3.12/site-packages/airflow/example_dags/example_python_operator.py took 0.171 seconds
[2024-10-16T12:57:44.819+0000] {processor.py:186} INFO - Started process (PID=971) to work on /home/airflow/.local/lib/python3.12/site-packages/airflow/example_dags/example_python_operator.py
[2024-10-16T12:57:44.820+0000] {processor.py:914} INFO - Processing file /home/airflow/.local/lib/python3.12/site-packages/airflow/example_dags/example_python_operator.py for tasks to queue
[2024-10-16T12:57:44.822+0000] {logging_mixin.py:190} INFO - [2024-10-16T12:57:44.822+0000] {dagbag.py:588} INFO - Filling up the DagBag from /home/airflow/.local/lib/python3.12/site-packages/airflow/example_dags/example_python_operator.py
[2024-10-16T12:57:44.834+0000] {processor.py:925} INFO - DAG(s) 'example_python_operator' retrieved from /home/airflow/.local/lib/python3.12/site-packages/airflow/example_dags/example_python_operator.py
[2024-10-16T12:57:44.851+0000] {logging_mixin.py:190} INFO - [2024-10-16T12:57:44.851+0000] {dag.py:3239} INFO - Sync 1 DAGs
[2024-10-16T12:57:44.862+0000] {logging_mixin.py:190} INFO - [2024-10-16T12:57:44.862+0000] {dag.py:4180} INFO - Setting next_dagrun for example_python_operator to None, run_after=None
[2024-10-16T12:57:44.881+0000] {processor.py:208} INFO - Processing /home/airflow/.local/lib/python3.12/site-packages/airflow/example_dags/example_python_operator.py took 0.067 seconds
[2024-10-16T12:58:15.927+0000] {processor.py:186} INFO - Started process (PID=1035) to work on /home/airflow/.local/lib/python3.12/site-packages/airflow/example_dags/example_python_operator.py
[2024-10-16T12:58:15.928+0000] {processor.py:914} INFO - Processing file /home/airflow/.local/lib/python3.12/site-packages/airflow/example_dags/example_python_operator.py for tasks to queue
[2024-10-16T12:58:15.931+0000] {logging_mixin.py:190} INFO - [2024-10-16T12:58:15.931+0000] {dagbag.py:588} INFO - Filling up the DagBag from /home/airflow/.local/lib/python3.12/site-packages/airflow/example_dags/example_python_operator.py
[2024-10-16T12:58:15.946+0000] {processor.py:925} INFO - DAG(s) 'example_python_operator' retrieved from /home/airflow/.local/lib/python3.12/site-packages/airflow/example_dags/example_python_operator.py
[2024-10-16T12:58:15.972+0000] {logging_mixin.py:190} INFO - [2024-10-16T12:58:15.972+0000] {dag.py:3239} INFO - Sync 1 DAGs
[2024-10-16T12:58:16.031+0000] {logging_mixin.py:190} INFO - [2024-10-16T12:58:16.031+0000] {dag.py:4180} INFO - Setting next_dagrun for example_python_operator to None, run_after=None
[2024-10-16T12:58:16.063+0000] {processor.py:208} INFO - Processing /home/airflow/.local/lib/python3.12/site-packages/airflow/example_dags/example_python_operator.py took 0.143 seconds
[2024-10-16T12:58:46.355+0000] {processor.py:186} INFO - Started process (PID=1097) to work on /home/airflow/.local/lib/python3.12/site-packages/airflow/example_dags/example_python_operator.py
[2024-10-16T12:58:46.357+0000] {processor.py:914} INFO - Processing file /home/airflow/.local/lib/python3.12/site-packages/airflow/example_dags/example_python_operator.py for tasks to queue
[2024-10-16T12:58:46.362+0000] {logging_mixin.py:190} INFO - [2024-10-16T12:58:46.361+0000] {dagbag.py:588} INFO - Filling up the DagBag from /home/airflow/.local/lib/python3.12/site-packages/airflow/example_dags/example_python_operator.py
[2024-10-16T12:58:46.377+0000] {processor.py:925} INFO - DAG(s) 'example_python_operator' retrieved from /home/airflow/.local/lib/python3.12/site-packages/airflow/example_dags/example_python_operator.py
[2024-10-16T12:58:46.408+0000] {logging_mixin.py:190} INFO - [2024-10-16T12:58:46.407+0000] {dag.py:3239} INFO - Sync 1 DAGs
[2024-10-16T12:58:46.424+0000] {logging_mixin.py:190} INFO - [2024-10-16T12:58:46.424+0000] {dag.py:4180} INFO - Setting next_dagrun for example_python_operator to None, run_after=None
[2024-10-16T12:58:46.475+0000] {processor.py:208} INFO - Processing /home/airflow/.local/lib/python3.12/site-packages/airflow/example_dags/example_python_operator.py took 0.145 seconds
[2024-10-16T12:59:16.653+0000] {processor.py:186} INFO - Started process (PID=1159) to work on /home/airflow/.local/lib/python3.12/site-packages/airflow/example_dags/example_python_operator.py
[2024-10-16T12:59:16.654+0000] {processor.py:914} INFO - Processing file /home/airflow/.local/lib/python3.12/site-packages/airflow/example_dags/example_python_operator.py for tasks to queue
[2024-10-16T12:59:16.656+0000] {logging_mixin.py:190} INFO - [2024-10-16T12:59:16.656+0000] {dagbag.py:588} INFO - Filling up the DagBag from /home/airflow/.local/lib/python3.12/site-packages/airflow/example_dags/example_python_operator.py
[2024-10-16T12:59:16.665+0000] {processor.py:925} INFO - DAG(s) 'example_python_operator' retrieved from /home/airflow/.local/lib/python3.12/site-packages/airflow/example_dags/example_python_operator.py
[2024-10-16T12:59:16.683+0000] {logging_mixin.py:190} INFO - [2024-10-16T12:59:16.683+0000] {dag.py:3239} INFO - Sync 1 DAGs
[2024-10-16T12:59:16.696+0000] {logging_mixin.py:190} INFO - [2024-10-16T12:59:16.695+0000] {dag.py:4180} INFO - Setting next_dagrun for example_python_operator to None, run_after=None
[2024-10-16T12:59:16.716+0000] {processor.py:208} INFO - Processing /home/airflow/.local/lib/python3.12/site-packages/airflow/example_dags/example_python_operator.py took 0.068 seconds
[2024-10-16T12:59:46.776+0000] {processor.py:186} INFO - Started process (PID=1226) to work on /home/airflow/.local/lib/python3.12/site-packages/airflow/example_dags/example_python_operator.py
[2024-10-16T12:59:46.777+0000] {processor.py:914} INFO - Processing file /home/airflow/.local/lib/python3.12/site-packages/airflow/example_dags/example_python_operator.py for tasks to queue
[2024-10-16T12:59:46.781+0000] {logging_mixin.py:190} INFO - [2024-10-16T12:59:46.780+0000] {dagbag.py:588} INFO - Filling up the DagBag from /home/airflow/.local/lib/python3.12/site-packages/airflow/example_dags/example_python_operator.py
[2024-10-16T12:59:46.796+0000] {processor.py:925} INFO - DAG(s) 'example_python_operator' retrieved from /home/airflow/.local/lib/python3.12/site-packages/airflow/example_dags/example_python_operator.py
[2024-10-16T12:59:46.826+0000] {logging_mixin.py:190} INFO - [2024-10-16T12:59:46.825+0000] {dag.py:3239} INFO - Sync 1 DAGs
[2024-10-16T12:59:46.844+0000] {logging_mixin.py:190} INFO - [2024-10-16T12:59:46.844+0000] {dag.py:4180} INFO - Setting next_dagrun for example_python_operator to None, run_after=None
[2024-10-16T12:59:46.880+0000] {processor.py:208} INFO - Processing /home/airflow/.local/lib/python3.12/site-packages/airflow/example_dags/example_python_operator.py took 0.112 seconds
[2024-10-16T13:00:17.111+0000] {processor.py:186} INFO - Started process (PID=1288) to work on /home/airflow/.local/lib/python3.12/site-packages/airflow/example_dags/example_python_operator.py
[2024-10-16T13:00:17.141+0000] {processor.py:914} INFO - Processing file /home/airflow/.local/lib/python3.12/site-packages/airflow/example_dags/example_python_operator.py for tasks to queue
[2024-10-16T13:00:17.179+0000] {logging_mixin.py:190} INFO - [2024-10-16T13:00:17.179+0000] {dagbag.py:588} INFO - Filling up the DagBag from /home/airflow/.local/lib/python3.12/site-packages/airflow/example_dags/example_python_operator.py
[2024-10-16T13:00:17.210+0000] {processor.py:925} INFO - DAG(s) 'example_python_operator' retrieved from /home/airflow/.local/lib/python3.12/site-packages/airflow/example_dags/example_python_operator.py
[2024-10-16T13:00:17.264+0000] {logging_mixin.py:190} INFO - [2024-10-16T13:00:17.264+0000] {dag.py:3239} INFO - Sync 1 DAGs
[2024-10-16T13:00:17.302+0000] {logging_mixin.py:190} INFO - [2024-10-16T13:00:17.302+0000] {dag.py:4180} INFO - Setting next_dagrun for example_python_operator to None, run_after=None
[2024-10-16T13:00:17.339+0000] {processor.py:208} INFO - Processing /home/airflow/.local/lib/python3.12/site-packages/airflow/example_dags/example_python_operator.py took 0.248 seconds
[2024-10-16T13:00:48.494+0000] {processor.py:186} INFO - Started process (PID=1352) to work on /home/airflow/.local/lib/python3.12/site-packages/airflow/example_dags/example_python_operator.py
[2024-10-16T13:00:48.496+0000] {processor.py:914} INFO - Processing file /home/airflow/.local/lib/python3.12/site-packages/airflow/example_dags/example_python_operator.py for tasks to queue
[2024-10-16T13:00:48.498+0000] {logging_mixin.py:190} INFO - [2024-10-16T13:00:48.498+0000] {dagbag.py:588} INFO - Filling up the DagBag from /home/airflow/.local/lib/python3.12/site-packages/airflow/example_dags/example_python_operator.py
[2024-10-16T13:00:48.510+0000] {processor.py:925} INFO - DAG(s) 'example_python_operator' retrieved from /home/airflow/.local/lib/python3.12/site-packages/airflow/example_dags/example_python_operator.py
[2024-10-16T13:00:48.533+0000] {logging_mixin.py:190} INFO - [2024-10-16T13:00:48.532+0000] {dag.py:3239} INFO - Sync 1 DAGs
[2024-10-16T13:00:48.550+0000] {logging_mixin.py:190} INFO - [2024-10-16T13:00:48.550+0000] {dag.py:4180} INFO - Setting next_dagrun for example_python_operator to None, run_after=None
[2024-10-16T13:00:48.571+0000] {processor.py:208} INFO - Processing /home/airflow/.local/lib/python3.12/site-packages/airflow/example_dags/example_python_operator.py took 0.085 seconds
[2024-10-16T13:01:18.761+0000] {processor.py:186} INFO - Started process (PID=1414) to work on /home/airflow/.local/lib/python3.12/site-packages/airflow/example_dags/example_python_operator.py
[2024-10-16T13:01:18.763+0000] {processor.py:914} INFO - Processing file /home/airflow/.local/lib/python3.12/site-packages/airflow/example_dags/example_python_operator.py for tasks to queue
[2024-10-16T13:01:18.767+0000] {logging_mixin.py:190} INFO - [2024-10-16T13:01:18.766+0000] {dagbag.py:588} INFO - Filling up the DagBag from /home/airflow/.local/lib/python3.12/site-packages/airflow/example_dags/example_python_operator.py
[2024-10-16T13:01:18.783+0000] {processor.py:925} INFO - DAG(s) 'example_python_operator' retrieved from /home/airflow/.local/lib/python3.12/site-packages/airflow/example_dags/example_python_operator.py
[2024-10-16T13:01:18.812+0000] {logging_mixin.py:190} INFO - [2024-10-16T13:01:18.812+0000] {dag.py:3239} INFO - Sync 1 DAGs
[2024-10-16T13:01:18.831+0000] {logging_mixin.py:190} INFO - [2024-10-16T13:01:18.830+0000] {dag.py:4180} INFO - Setting next_dagrun for example_python_operator to None, run_after=None
[2024-10-16T13:01:18.859+0000] {processor.py:208} INFO - Processing /home/airflow/.local/lib/python3.12/site-packages/airflow/example_dags/example_python_operator.py took 0.107 seconds
[2024-10-16T13:01:49.574+0000] {processor.py:186} INFO - Started process (PID=1475) to work on /home/airflow/.local/lib/python3.12/site-packages/airflow/example_dags/example_python_operator.py
[2024-10-16T13:01:49.575+0000] {processor.py:914} INFO - Processing file /home/airflow/.local/lib/python3.12/site-packages/airflow/example_dags/example_python_operator.py for tasks to queue
[2024-10-16T13:01:49.577+0000] {logging_mixin.py:190} INFO - [2024-10-16T13:01:49.577+0000] {dagbag.py:588} INFO - Filling up the DagBag from /home/airflow/.local/lib/python3.12/site-packages/airflow/example_dags/example_python_operator.py
[2024-10-16T13:01:49.586+0000] {processor.py:925} INFO - DAG(s) 'example_python_operator' retrieved from /home/airflow/.local/lib/python3.12/site-packages/airflow/example_dags/example_python_operator.py
[2024-10-16T13:01:49.605+0000] {logging_mixin.py:190} INFO - [2024-10-16T13:01:49.605+0000] {dag.py:3239} INFO - Sync 1 DAGs
[2024-10-16T13:01:49.619+0000] {logging_mixin.py:190} INFO - [2024-10-16T13:01:49.619+0000] {dag.py:4180} INFO - Setting next_dagrun for example_python_operator to None, run_after=None
[2024-10-16T13:01:49.643+0000] {processor.py:208} INFO - Processing /home/airflow/.local/lib/python3.12/site-packages/airflow/example_dags/example_python_operator.py took 0.074 seconds
[2024-10-16T13:02:20.861+0000] {processor.py:186} INFO - Started process (PID=1538) to work on /home/airflow/.local/lib/python3.12/site-packages/airflow/example_dags/example_python_operator.py
[2024-10-16T13:02:20.863+0000] {processor.py:914} INFO - Processing file /home/airflow/.local/lib/python3.12/site-packages/airflow/example_dags/example_python_operator.py for tasks to queue
[2024-10-16T13:02:20.866+0000] {logging_mixin.py:190} INFO - [2024-10-16T13:02:20.866+0000] {dagbag.py:588} INFO - Filling up the DagBag from /home/airflow/.local/lib/python3.12/site-packages/airflow/example_dags/example_python_operator.py
[2024-10-16T13:02:20.897+0000] {processor.py:925} INFO - DAG(s) 'example_python_operator' retrieved from /home/airflow/.local/lib/python3.12/site-packages/airflow/example_dags/example_python_operator.py
[2024-10-16T13:02:20.944+0000] {logging_mixin.py:190} INFO - [2024-10-16T13:02:20.943+0000] {dag.py:3239} INFO - Sync 1 DAGs
[2024-10-16T13:02:20.968+0000] {logging_mixin.py:190} INFO - [2024-10-16T13:02:20.968+0000] {dag.py:4180} INFO - Setting next_dagrun for example_python_operator to None, run_after=None
[2024-10-16T13:02:21.005+0000] {processor.py:208} INFO - Processing /home/airflow/.local/lib/python3.12/site-packages/airflow/example_dags/example_python_operator.py took 0.157 seconds
[2024-10-16T13:02:51.218+0000] {processor.py:186} INFO - Started process (PID=1600) to work on /home/airflow/.local/lib/python3.12/site-packages/airflow/example_dags/example_python_operator.py
[2024-10-16T13:02:51.219+0000] {processor.py:914} INFO - Processing file /home/airflow/.local/lib/python3.12/site-packages/airflow/example_dags/example_python_operator.py for tasks to queue
[2024-10-16T13:02:51.223+0000] {logging_mixin.py:190} INFO - [2024-10-16T13:02:51.223+0000] {dagbag.py:588} INFO - Filling up the DagBag from /home/airflow/.local/lib/python3.12/site-packages/airflow/example_dags/example_python_operator.py
[2024-10-16T13:02:51.241+0000] {processor.py:925} INFO - DAG(s) 'example_python_operator' retrieved from /home/airflow/.local/lib/python3.12/site-packages/airflow/example_dags/example_python_operator.py
[2024-10-16T13:02:51.283+0000] {logging_mixin.py:190} INFO - [2024-10-16T13:02:51.283+0000] {dag.py:3239} INFO - Sync 1 DAGs
[2024-10-16T13:02:51.308+0000] {logging_mixin.py:190} INFO - [2024-10-16T13:02:51.307+0000] {dag.py:4180} INFO - Setting next_dagrun for example_python_operator to None, run_after=None
[2024-10-16T13:02:51.353+0000] {processor.py:208} INFO - Processing /home/airflow/.local/lib/python3.12/site-packages/airflow/example_dags/example_python_operator.py took 0.144 seconds
[2024-10-16T13:03:21.750+0000] {processor.py:186} INFO - Started process (PID=1662) to work on /home/airflow/.local/lib/python3.12/site-packages/airflow/example_dags/example_python_operator.py
[2024-10-16T13:03:21.752+0000] {processor.py:914} INFO - Processing file /home/airflow/.local/lib/python3.12/site-packages/airflow/example_dags/example_python_operator.py for tasks to queue
[2024-10-16T13:03:21.756+0000] {logging_mixin.py:190} INFO - [2024-10-16T13:03:21.755+0000] {dagbag.py:588} INFO - Filling up the DagBag from /home/airflow/.local/lib/python3.12/site-packages/airflow/example_dags/example_python_operator.py
[2024-10-16T13:03:21.771+0000] {processor.py:925} INFO - DAG(s) 'example_python_operator' retrieved from /home/airflow/.local/lib/python3.12/site-packages/airflow/example_dags/example_python_operator.py
[2024-10-16T13:03:21.796+0000] {logging_mixin.py:190} INFO - [2024-10-16T13:03:21.796+0000] {dag.py:3239} INFO - Sync 1 DAGs
[2024-10-16T13:03:21.815+0000] {logging_mixin.py:190} INFO - [2024-10-16T13:03:21.815+0000] {dag.py:4180} INFO - Setting next_dagrun for example_python_operator to None, run_after=None
[2024-10-16T13:03:21.836+0000] {processor.py:208} INFO - Processing /home/airflow/.local/lib/python3.12/site-packages/airflow/example_dags/example_python_operator.py took 0.097 seconds
[2024-10-16T13:03:52.646+0000] {processor.py:186} INFO - Started process (PID=1725) to work on /home/airflow/.local/lib/python3.12/site-packages/airflow/example_dags/example_python_operator.py
[2024-10-16T13:03:52.647+0000] {processor.py:914} INFO - Processing file /home/airflow/.local/lib/python3.12/site-packages/airflow/example_dags/example_python_operator.py for tasks to queue
[2024-10-16T13:03:52.650+0000] {logging_mixin.py:190} INFO - [2024-10-16T13:03:52.650+0000] {dagbag.py:588} INFO - Filling up the DagBag from /home/airflow/.local/lib/python3.12/site-packages/airflow/example_dags/example_python_operator.py
[2024-10-16T13:03:52.662+0000] {processor.py:925} INFO - DAG(s) 'example_python_operator' retrieved from /home/airflow/.local/lib/python3.12/site-packages/airflow/example_dags/example_python_operator.py
[2024-10-16T13:03:52.686+0000] {logging_mixin.py:190} INFO - [2024-10-16T13:03:52.686+0000] {dag.py:3239} INFO - Sync 1 DAGs
[2024-10-16T13:03:52.702+0000] {logging_mixin.py:190} INFO - [2024-10-16T13:03:52.702+0000] {dag.py:4180} INFO - Setting next_dagrun for example_python_operator to None, run_after=None
[2024-10-16T13:03:52.728+0000] {processor.py:208} INFO - Processing /home/airflow/.local/lib/python3.12/site-packages/airflow/example_dags/example_python_operator.py took 0.088 seconds
[2024-10-16T13:04:23.068+0000] {processor.py:186} INFO - Started process (PID=1786) to work on /home/airflow/.local/lib/python3.12/site-packages/airflow/example_dags/example_python_operator.py
[2024-10-16T13:04:23.070+0000] {processor.py:914} INFO - Processing file /home/airflow/.local/lib/python3.12/site-packages/airflow/example_dags/example_python_operator.py for tasks to queue
[2024-10-16T13:04:23.073+0000] {logging_mixin.py:190} INFO - [2024-10-16T13:04:23.073+0000] {dagbag.py:588} INFO - Filling up the DagBag from /home/airflow/.local/lib/python3.12/site-packages/airflow/example_dags/example_python_operator.py
[2024-10-16T13:04:23.086+0000] {processor.py:925} INFO - DAG(s) 'example_python_operator' retrieved from /home/airflow/.local/lib/python3.12/site-packages/airflow/example_dags/example_python_operator.py
[2024-10-16T13:04:23.117+0000] {logging_mixin.py:190} INFO - [2024-10-16T13:04:23.117+0000] {dag.py:3239} INFO - Sync 1 DAGs
[2024-10-16T13:04:23.143+0000] {logging_mixin.py:190} INFO - [2024-10-16T13:04:23.143+0000] {dag.py:4180} INFO - Setting next_dagrun for example_python_operator to None, run_after=None
[2024-10-16T13:04:23.166+0000] {processor.py:208} INFO - Processing /home/airflow/.local/lib/python3.12/site-packages/airflow/example_dags/example_python_operator.py took 0.105 seconds
[2024-10-16T13:08:07.656+0000] {processor.py:186} INFO - Started process (PID=103) to work on /home/airflow/.local/lib/python3.12/site-packages/airflow/example_dags/example_python_operator.py
[2024-10-16T13:08:07.657+0000] {processor.py:914} INFO - Processing file /home/airflow/.local/lib/python3.12/site-packages/airflow/example_dags/example_python_operator.py for tasks to queue
[2024-10-16T13:08:07.660+0000] {logging_mixin.py:190} INFO - [2024-10-16T13:08:07.660+0000] {dagbag.py:588} INFO - Filling up the DagBag from /home/airflow/.local/lib/python3.12/site-packages/airflow/example_dags/example_python_operator.py
[2024-10-16T13:08:07.670+0000] {processor.py:925} INFO - DAG(s) 'example_python_operator' retrieved from /home/airflow/.local/lib/python3.12/site-packages/airflow/example_dags/example_python_operator.py
[2024-10-16T13:08:07.761+0000] {logging_mixin.py:190} INFO - [2024-10-16T13:08:07.760+0000] {override.py:1900} INFO - Created Permission View: can read on DAG:example_python_operator
[2024-10-16T13:08:07.770+0000] {logging_mixin.py:190} INFO - [2024-10-16T13:08:07.770+0000] {override.py:1900} INFO - Created Permission View: can delete on DAG:example_python_operator
[2024-10-16T13:08:07.777+0000] {logging_mixin.py:190} INFO - [2024-10-16T13:08:07.776+0000] {override.py:1900} INFO - Created Permission View: can edit on DAG:example_python_operator
[2024-10-16T13:08:07.784+0000] {logging_mixin.py:190} INFO - [2024-10-16T13:08:07.784+0000] {override.py:1900} INFO - Created Permission View: can create on DAG Run:example_python_operator
[2024-10-16T13:08:07.790+0000] {logging_mixin.py:190} INFO - [2024-10-16T13:08:07.790+0000] {override.py:1900} INFO - Created Permission View: menu access on DAG Run:example_python_operator
[2024-10-16T13:08:07.799+0000] {logging_mixin.py:190} INFO - [2024-10-16T13:08:07.799+0000] {override.py:1900} INFO - Created Permission View: can read on DAG Run:example_python_operator
[2024-10-16T13:08:07.805+0000] {logging_mixin.py:190} INFO - [2024-10-16T13:08:07.804+0000] {override.py:1900} INFO - Created Permission View: can delete on DAG Run:example_python_operator
[2024-10-16T13:08:07.805+0000] {logging_mixin.py:190} INFO - [2024-10-16T13:08:07.805+0000] {dag.py:3239} INFO - Sync 1 DAGs
[2024-10-16T13:08:07.820+0000] {logging_mixin.py:190} INFO - [2024-10-16T13:08:07.820+0000] {dag.py:3262} INFO - Creating ORM DAG for example_python_operator
[2024-10-16T13:08:07.821+0000] {logging_mixin.py:190} INFO - [2024-10-16T13:08:07.821+0000] {dag.py:4180} INFO - Setting next_dagrun for example_python_operator to None, run_after=None
[2024-10-16T13:08:07.842+0000] {processor.py:208} INFO - Processing /home/airflow/.local/lib/python3.12/site-packages/airflow/example_dags/example_python_operator.py took 0.191 seconds
[2024-10-16T13:08:38.790+0000] {processor.py:186} INFO - Started process (PID=166) to work on /home/airflow/.local/lib/python3.12/site-packages/airflow/example_dags/example_python_operator.py
[2024-10-16T13:08:38.792+0000] {processor.py:914} INFO - Processing file /home/airflow/.local/lib/python3.12/site-packages/airflow/example_dags/example_python_operator.py for tasks to queue
[2024-10-16T13:08:38.797+0000] {logging_mixin.py:190} INFO - [2024-10-16T13:08:38.797+0000] {dagbag.py:588} INFO - Filling up the DagBag from /home/airflow/.local/lib/python3.12/site-packages/airflow/example_dags/example_python_operator.py
[2024-10-16T13:08:38.811+0000] {processor.py:925} INFO - DAG(s) 'example_python_operator' retrieved from /home/airflow/.local/lib/python3.12/site-packages/airflow/example_dags/example_python_operator.py
[2024-10-16T13:08:38.839+0000] {logging_mixin.py:190} INFO - [2024-10-16T13:08:38.839+0000] {dag.py:3239} INFO - Sync 1 DAGs
[2024-10-16T13:08:38.857+0000] {logging_mixin.py:190} INFO - [2024-10-16T13:08:38.857+0000] {dag.py:4180} INFO - Setting next_dagrun for example_python_operator to None, run_after=None
[2024-10-16T13:08:38.884+0000] {processor.py:208} INFO - Processing /home/airflow/.local/lib/python3.12/site-packages/airflow/example_dags/example_python_operator.py took 0.122 seconds
[2024-10-16T13:09:09.159+0000] {processor.py:186} INFO - Started process (PID=229) to work on /home/airflow/.local/lib/python3.12/site-packages/airflow/example_dags/example_python_operator.py
[2024-10-16T13:09:09.161+0000] {processor.py:914} INFO - Processing file /home/airflow/.local/lib/python3.12/site-packages/airflow/example_dags/example_python_operator.py for tasks to queue
[2024-10-16T13:09:09.166+0000] {logging_mixin.py:190} INFO - [2024-10-16T13:09:09.166+0000] {dagbag.py:588} INFO - Filling up the DagBag from /home/airflow/.local/lib/python3.12/site-packages/airflow/example_dags/example_python_operator.py
[2024-10-16T13:09:09.180+0000] {processor.py:925} INFO - DAG(s) 'example_python_operator' retrieved from /home/airflow/.local/lib/python3.12/site-packages/airflow/example_dags/example_python_operator.py
[2024-10-16T13:09:09.205+0000] {logging_mixin.py:190} INFO - [2024-10-16T13:09:09.204+0000] {dag.py:3239} INFO - Sync 1 DAGs
[2024-10-16T13:09:09.218+0000] {logging_mixin.py:190} INFO - [2024-10-16T13:09:09.218+0000] {dag.py:4180} INFO - Setting next_dagrun for example_python_operator to None, run_after=None
[2024-10-16T13:09:09.239+0000] {processor.py:208} INFO - Processing /home/airflow/.local/lib/python3.12/site-packages/airflow/example_dags/example_python_operator.py took 0.084 seconds
[2024-10-16T13:09:39.359+0000] {processor.py:186} INFO - Started process (PID=292) to work on /home/airflow/.local/lib/python3.12/site-packages/airflow/example_dags/example_python_operator.py
[2024-10-16T13:09:39.361+0000] {processor.py:914} INFO - Processing file /home/airflow/.local/lib/python3.12/site-packages/airflow/example_dags/example_python_operator.py for tasks to queue
[2024-10-16T13:09:39.363+0000] {logging_mixin.py:190} INFO - [2024-10-16T13:09:39.363+0000] {dagbag.py:588} INFO - Filling up the DagBag from /home/airflow/.local/lib/python3.12/site-packages/airflow/example_dags/example_python_operator.py
[2024-10-16T13:09:39.378+0000] {processor.py:925} INFO - DAG(s) 'example_python_operator' retrieved from /home/airflow/.local/lib/python3.12/site-packages/airflow/example_dags/example_python_operator.py
[2024-10-16T13:09:39.409+0000] {logging_mixin.py:190} INFO - [2024-10-16T13:09:39.409+0000] {dag.py:3239} INFO - Sync 1 DAGs
[2024-10-16T13:09:39.426+0000] {logging_mixin.py:190} INFO - [2024-10-16T13:09:39.426+0000] {dag.py:4180} INFO - Setting next_dagrun for example_python_operator to None, run_after=None
[2024-10-16T13:09:39.459+0000] {processor.py:208} INFO - Processing /home/airflow/.local/lib/python3.12/site-packages/airflow/example_dags/example_python_operator.py took 0.107 seconds
[2024-10-16T13:10:09.625+0000] {processor.py:186} INFO - Started process (PID=354) to work on /home/airflow/.local/lib/python3.12/site-packages/airflow/example_dags/example_python_operator.py
[2024-10-16T13:10:09.627+0000] {processor.py:914} INFO - Processing file /home/airflow/.local/lib/python3.12/site-packages/airflow/example_dags/example_python_operator.py for tasks to queue
[2024-10-16T13:10:09.630+0000] {logging_mixin.py:190} INFO - [2024-10-16T13:10:09.629+0000] {dagbag.py:588} INFO - Filling up the DagBag from /home/airflow/.local/lib/python3.12/site-packages/airflow/example_dags/example_python_operator.py
[2024-10-16T13:10:09.646+0000] {processor.py:925} INFO - DAG(s) 'example_python_operator' retrieved from /home/airflow/.local/lib/python3.12/site-packages/airflow/example_dags/example_python_operator.py
[2024-10-16T13:10:09.678+0000] {logging_mixin.py:190} INFO - [2024-10-16T13:10:09.678+0000] {dag.py:3239} INFO - Sync 1 DAGs
[2024-10-16T13:10:09.697+0000] {logging_mixin.py:190} INFO - [2024-10-16T13:10:09.697+0000] {dag.py:4180} INFO - Setting next_dagrun for example_python_operator to None, run_after=None
[2024-10-16T13:10:09.732+0000] {processor.py:208} INFO - Processing /home/airflow/.local/lib/python3.12/site-packages/airflow/example_dags/example_python_operator.py took 0.118 seconds
[2024-10-16T13:10:40.819+0000] {processor.py:186} INFO - Started process (PID=418) to work on /home/airflow/.local/lib/python3.12/site-packages/airflow/example_dags/example_python_operator.py
[2024-10-16T13:10:40.820+0000] {processor.py:914} INFO - Processing file /home/airflow/.local/lib/python3.12/site-packages/airflow/example_dags/example_python_operator.py for tasks to queue
[2024-10-16T13:10:40.823+0000] {logging_mixin.py:190} INFO - [2024-10-16T13:10:40.823+0000] {dagbag.py:588} INFO - Filling up the DagBag from /home/airflow/.local/lib/python3.12/site-packages/airflow/example_dags/example_python_operator.py
[2024-10-16T13:10:40.848+0000] {processor.py:925} INFO - DAG(s) 'example_python_operator' retrieved from /home/airflow/.local/lib/python3.12/site-packages/airflow/example_dags/example_python_operator.py
[2024-10-16T13:10:40.890+0000] {logging_mixin.py:190} INFO - [2024-10-16T13:10:40.890+0000] {dag.py:3239} INFO - Sync 1 DAGs
[2024-10-16T13:10:40.912+0000] {logging_mixin.py:190} INFO - [2024-10-16T13:10:40.911+0000] {dag.py:4180} INFO - Setting next_dagrun for example_python_operator to None, run_after=None
[2024-10-16T13:10:40.932+0000] {processor.py:208} INFO - Processing /home/airflow/.local/lib/python3.12/site-packages/airflow/example_dags/example_python_operator.py took 0.121 seconds
[2024-10-16T13:11:11.521+0000] {processor.py:186} INFO - Started process (PID=481) to work on /home/airflow/.local/lib/python3.12/site-packages/airflow/example_dags/example_python_operator.py
[2024-10-16T13:11:11.523+0000] {processor.py:914} INFO - Processing file /home/airflow/.local/lib/python3.12/site-packages/airflow/example_dags/example_python_operator.py for tasks to queue
[2024-10-16T13:11:11.526+0000] {logging_mixin.py:190} INFO - [2024-10-16T13:11:11.525+0000] {dagbag.py:588} INFO - Filling up the DagBag from /home/airflow/.local/lib/python3.12/site-packages/airflow/example_dags/example_python_operator.py
[2024-10-16T13:11:11.535+0000] {processor.py:925} INFO - DAG(s) 'example_python_operator' retrieved from /home/airflow/.local/lib/python3.12/site-packages/airflow/example_dags/example_python_operator.py
[2024-10-16T13:11:11.556+0000] {logging_mixin.py:190} INFO - [2024-10-16T13:11:11.556+0000] {dag.py:3239} INFO - Sync 1 DAGs
[2024-10-16T13:11:11.570+0000] {logging_mixin.py:190} INFO - [2024-10-16T13:11:11.570+0000] {dag.py:4180} INFO - Setting next_dagrun for example_python_operator to None, run_after=None
[2024-10-16T13:11:11.600+0000] {processor.py:208} INFO - Processing /home/airflow/.local/lib/python3.12/site-packages/airflow/example_dags/example_python_operator.py took 0.083 seconds
[2024-10-16T13:12:47.699+0000] {processor.py:186} INFO - Started process (PID=102) to work on /home/airflow/.local/lib/python3.12/site-packages/airflow/example_dags/example_python_operator.py
[2024-10-16T13:12:47.700+0000] {processor.py:914} INFO - Processing file /home/airflow/.local/lib/python3.12/site-packages/airflow/example_dags/example_python_operator.py for tasks to queue
[2024-10-16T13:12:47.702+0000] {logging_mixin.py:190} INFO - [2024-10-16T13:12:47.702+0000] {dagbag.py:588} INFO - Filling up the DagBag from /home/airflow/.local/lib/python3.12/site-packages/airflow/example_dags/example_python_operator.py
[2024-10-16T13:12:47.714+0000] {processor.py:925} INFO - DAG(s) 'example_python_operator' retrieved from /home/airflow/.local/lib/python3.12/site-packages/airflow/example_dags/example_python_operator.py
[2024-10-16T13:12:47.835+0000] {logging_mixin.py:190} INFO - [2024-10-16T13:12:47.834+0000] {override.py:1900} INFO - Created Permission View: can read on DAG:example_python_operator
[2024-10-16T13:12:47.850+0000] {logging_mixin.py:190} INFO - [2024-10-16T13:12:47.850+0000] {override.py:1900} INFO - Created Permission View: can edit on DAG:example_python_operator
[2024-10-16T13:12:47.859+0000] {logging_mixin.py:190} INFO - [2024-10-16T13:12:47.858+0000] {override.py:1900} INFO - Created Permission View: can delete on DAG:example_python_operator
[2024-10-16T13:12:47.870+0000] {logging_mixin.py:190} INFO - [2024-10-16T13:12:47.870+0000] {override.py:1900} INFO - Created Permission View: can read on DAG Run:example_python_operator
[2024-10-16T13:12:47.880+0000] {logging_mixin.py:190} INFO - [2024-10-16T13:12:47.879+0000] {override.py:1900} INFO - Created Permission View: menu access on DAG Run:example_python_operator
[2024-10-16T13:12:47.889+0000] {logging_mixin.py:190} INFO - [2024-10-16T13:12:47.889+0000] {override.py:1900} INFO - Created Permission View: can delete on DAG Run:example_python_operator
[2024-10-16T13:12:47.898+0000] {logging_mixin.py:190} INFO - [2024-10-16T13:12:47.898+0000] {override.py:1900} INFO - Created Permission View: can create on DAG Run:example_python_operator
[2024-10-16T13:12:47.900+0000] {logging_mixin.py:190} INFO - [2024-10-16T13:12:47.899+0000] {dag.py:3239} INFO - Sync 1 DAGs
[2024-10-16T13:12:47.910+0000] {logging_mixin.py:190} INFO - [2024-10-16T13:12:47.910+0000] {dag.py:3262} INFO - Creating ORM DAG for example_python_operator
[2024-10-16T13:12:47.912+0000] {logging_mixin.py:190} INFO - [2024-10-16T13:12:47.911+0000] {dag.py:4180} INFO - Setting next_dagrun for example_python_operator to None, run_after=None
[2024-10-16T13:12:47.934+0000] {processor.py:208} INFO - Processing /home/airflow/.local/lib/python3.12/site-packages/airflow/example_dags/example_python_operator.py took 0.240 seconds
[2024-10-16T13:13:18.568+0000] {processor.py:186} INFO - Started process (PID=165) to work on /home/airflow/.local/lib/python3.12/site-packages/airflow/example_dags/example_python_operator.py
[2024-10-16T13:13:18.570+0000] {processor.py:914} INFO - Processing file /home/airflow/.local/lib/python3.12/site-packages/airflow/example_dags/example_python_operator.py for tasks to queue
[2024-10-16T13:13:18.573+0000] {logging_mixin.py:190} INFO - [2024-10-16T13:13:18.572+0000] {dagbag.py:588} INFO - Filling up the DagBag from /home/airflow/.local/lib/python3.12/site-packages/airflow/example_dags/example_python_operator.py
[2024-10-16T13:13:18.594+0000] {processor.py:925} INFO - DAG(s) 'example_python_operator' retrieved from /home/airflow/.local/lib/python3.12/site-packages/airflow/example_dags/example_python_operator.py
[2024-10-16T13:13:18.619+0000] {logging_mixin.py:190} INFO - [2024-10-16T13:13:18.619+0000] {dag.py:3239} INFO - Sync 1 DAGs
[2024-10-16T13:13:18.637+0000] {logging_mixin.py:190} INFO - [2024-10-16T13:13:18.636+0000] {dag.py:4180} INFO - Setting next_dagrun for example_python_operator to None, run_after=None
[2024-10-16T13:13:18.669+0000] {processor.py:208} INFO - Processing /home/airflow/.local/lib/python3.12/site-packages/airflow/example_dags/example_python_operator.py took 0.110 seconds
[2024-10-16T13:14:48.982+0000] {processor.py:186} INFO - Started process (PID=104) to work on /home/airflow/.local/lib/python3.12/site-packages/airflow/example_dags/example_python_operator.py
[2024-10-16T13:14:48.983+0000] {processor.py:914} INFO - Processing file /home/airflow/.local/lib/python3.12/site-packages/airflow/example_dags/example_python_operator.py for tasks to queue
[2024-10-16T13:14:48.985+0000] {logging_mixin.py:190} INFO - [2024-10-16T13:14:48.985+0000] {dagbag.py:588} INFO - Filling up the DagBag from /home/airflow/.local/lib/python3.12/site-packages/airflow/example_dags/example_python_operator.py
[2024-10-16T13:14:48.996+0000] {processor.py:925} INFO - DAG(s) 'example_python_operator' retrieved from /home/airflow/.local/lib/python3.12/site-packages/airflow/example_dags/example_python_operator.py
[2024-10-16T13:14:49.110+0000] {logging_mixin.py:190} INFO - [2024-10-16T13:14:49.110+0000] {override.py:1900} INFO - Created Permission View: can read on DAG:example_python_operator
[2024-10-16T13:14:49.124+0000] {logging_mixin.py:190} INFO - [2024-10-16T13:14:49.123+0000] {override.py:1900} INFO - Created Permission View: can delete on DAG:example_python_operator
[2024-10-16T13:14:49.133+0000] {logging_mixin.py:190} INFO - [2024-10-16T13:14:49.133+0000] {override.py:1900} INFO - Created Permission View: can edit on DAG:example_python_operator
[2024-10-16T13:14:49.141+0000] {logging_mixin.py:190} INFO - [2024-10-16T13:14:49.141+0000] {override.py:1900} INFO - Created Permission View: can read on DAG Run:example_python_operator
[2024-10-16T13:14:49.148+0000] {logging_mixin.py:190} INFO - [2024-10-16T13:14:49.147+0000] {override.py:1900} INFO - Created Permission View: can create on DAG Run:example_python_operator
[2024-10-16T13:14:49.162+0000] {logging_mixin.py:190} INFO - [2024-10-16T13:14:49.162+0000] {override.py:1900} INFO - Created Permission View: can delete on DAG Run:example_python_operator
[2024-10-16T13:14:49.170+0000] {logging_mixin.py:190} INFO - [2024-10-16T13:14:49.170+0000] {override.py:1900} INFO - Created Permission View: menu access on DAG Run:example_python_operator
[2024-10-16T13:14:49.171+0000] {logging_mixin.py:190} INFO - [2024-10-16T13:14:49.171+0000] {dag.py:3239} INFO - Sync 1 DAGs
[2024-10-16T13:14:49.188+0000] {logging_mixin.py:190} INFO - [2024-10-16T13:14:49.188+0000] {dag.py:3262} INFO - Creating ORM DAG for example_python_operator
[2024-10-16T13:14:49.189+0000] {logging_mixin.py:190} INFO - [2024-10-16T13:14:49.189+0000] {dag.py:4180} INFO - Setting next_dagrun for example_python_operator to None, run_after=None
[2024-10-16T13:14:49.218+0000] {processor.py:208} INFO - Processing /home/airflow/.local/lib/python3.12/site-packages/airflow/example_dags/example_python_operator.py took 0.241 seconds
[2024-10-16T13:16:18.404+0000] {processor.py:186} INFO - Started process (PID=103) to work on /home/airflow/.local/lib/python3.12/site-packages/airflow/example_dags/example_python_operator.py
[2024-10-16T13:16:18.405+0000] {processor.py:914} INFO - Processing file /home/airflow/.local/lib/python3.12/site-packages/airflow/example_dags/example_python_operator.py for tasks to queue
[2024-10-16T13:16:18.407+0000] {logging_mixin.py:190} INFO - [2024-10-16T13:16:18.407+0000] {dagbag.py:588} INFO - Filling up the DagBag from /home/airflow/.local/lib/python3.12/site-packages/airflow/example_dags/example_python_operator.py
[2024-10-16T13:16:18.418+0000] {processor.py:925} INFO - DAG(s) 'example_python_operator' retrieved from /home/airflow/.local/lib/python3.12/site-packages/airflow/example_dags/example_python_operator.py
[2024-10-16T13:16:18.498+0000] {logging_mixin.py:190} INFO - [2024-10-16T13:16:18.497+0000] {override.py:1900} INFO - Created Permission View: can edit on DAG:example_python_operator
[2024-10-16T13:16:18.506+0000] {logging_mixin.py:190} INFO - [2024-10-16T13:16:18.506+0000] {override.py:1900} INFO - Created Permission View: can read on DAG:example_python_operator
[2024-10-16T13:16:18.512+0000] {logging_mixin.py:190} INFO - [2024-10-16T13:16:18.512+0000] {override.py:1900} INFO - Created Permission View: can delete on DAG:example_python_operator
[2024-10-16T13:16:18.519+0000] {logging_mixin.py:190} INFO - [2024-10-16T13:16:18.518+0000] {override.py:1900} INFO - Created Permission View: menu access on DAG Run:example_python_operator
[2024-10-16T13:16:18.527+0000] {logging_mixin.py:190} INFO - [2024-10-16T13:16:18.527+0000] {override.py:1900} INFO - Created Permission View: can read on DAG Run:example_python_operator
[2024-10-16T13:16:18.535+0000] {logging_mixin.py:190} INFO - [2024-10-16T13:16:18.535+0000] {override.py:1900} INFO - Created Permission View: can create on DAG Run:example_python_operator
[2024-10-16T13:16:18.541+0000] {logging_mixin.py:190} INFO - [2024-10-16T13:16:18.540+0000] {override.py:1900} INFO - Created Permission View: can delete on DAG Run:example_python_operator
[2024-10-16T13:16:18.541+0000] {logging_mixin.py:190} INFO - [2024-10-16T13:16:18.541+0000] {dag.py:3239} INFO - Sync 1 DAGs
[2024-10-16T13:16:18.551+0000] {logging_mixin.py:190} INFO - [2024-10-16T13:16:18.551+0000] {dag.py:3262} INFO - Creating ORM DAG for example_python_operator
[2024-10-16T13:16:18.552+0000] {logging_mixin.py:190} INFO - [2024-10-16T13:16:18.552+0000] {dag.py:4180} INFO - Setting next_dagrun for example_python_operator to None, run_after=None
[2024-10-16T13:16:18.565+0000] {processor.py:208} INFO - Processing /home/airflow/.local/lib/python3.12/site-packages/airflow/example_dags/example_python_operator.py took 0.165 seconds
[2024-10-16T13:16:48.965+0000] {processor.py:186} INFO - Started process (PID=166) to work on /home/airflow/.local/lib/python3.12/site-packages/airflow/example_dags/example_python_operator.py
[2024-10-16T13:16:48.966+0000] {processor.py:914} INFO - Processing file /home/airflow/.local/lib/python3.12/site-packages/airflow/example_dags/example_python_operator.py for tasks to queue
[2024-10-16T13:16:48.968+0000] {logging_mixin.py:190} INFO - [2024-10-16T13:16:48.968+0000] {dagbag.py:588} INFO - Filling up the DagBag from /home/airflow/.local/lib/python3.12/site-packages/airflow/example_dags/example_python_operator.py
[2024-10-16T13:16:48.981+0000] {processor.py:925} INFO - DAG(s) 'example_python_operator' retrieved from /home/airflow/.local/lib/python3.12/site-packages/airflow/example_dags/example_python_operator.py
[2024-10-16T13:16:49.004+0000] {logging_mixin.py:190} INFO - [2024-10-16T13:16:49.004+0000] {dag.py:3239} INFO - Sync 1 DAGs
[2024-10-16T13:16:49.018+0000] {logging_mixin.py:190} INFO - [2024-10-16T13:16:49.018+0000] {dag.py:4180} INFO - Setting next_dagrun for example_python_operator to None, run_after=None
[2024-10-16T13:16:49.044+0000] {processor.py:208} INFO - Processing /home/airflow/.local/lib/python3.12/site-packages/airflow/example_dags/example_python_operator.py took 0.086 seconds
[2024-10-16T13:17:19.522+0000] {processor.py:186} INFO - Started process (PID=229) to work on /home/airflow/.local/lib/python3.12/site-packages/airflow/example_dags/example_python_operator.py
[2024-10-16T13:17:19.523+0000] {processor.py:914} INFO - Processing file /home/airflow/.local/lib/python3.12/site-packages/airflow/example_dags/example_python_operator.py for tasks to queue
[2024-10-16T13:17:19.526+0000] {logging_mixin.py:190} INFO - [2024-10-16T13:17:19.526+0000] {dagbag.py:588} INFO - Filling up the DagBag from /home/airflow/.local/lib/python3.12/site-packages/airflow/example_dags/example_python_operator.py
[2024-10-16T13:17:19.539+0000] {processor.py:925} INFO - DAG(s) 'example_python_operator' retrieved from /home/airflow/.local/lib/python3.12/site-packages/airflow/example_dags/example_python_operator.py
[2024-10-16T13:17:19.567+0000] {logging_mixin.py:190} INFO - [2024-10-16T13:17:19.567+0000] {dag.py:3239} INFO - Sync 1 DAGs
[2024-10-16T13:17:19.591+0000] {logging_mixin.py:190} INFO - [2024-10-16T13:17:19.591+0000] {dag.py:4180} INFO - Setting next_dagrun for example_python_operator to None, run_after=None
[2024-10-16T13:17:19.661+0000] {processor.py:208} INFO - Processing /home/airflow/.local/lib/python3.12/site-packages/airflow/example_dags/example_python_operator.py took 0.144 seconds
[2024-10-16T13:17:50.244+0000] {processor.py:186} INFO - Started process (PID=292) to work on /home/airflow/.local/lib/python3.12/site-packages/airflow/example_dags/example_python_operator.py
[2024-10-16T13:17:50.245+0000] {processor.py:914} INFO - Processing file /home/airflow/.local/lib/python3.12/site-packages/airflow/example_dags/example_python_operator.py for tasks to queue
[2024-10-16T13:17:50.248+0000] {logging_mixin.py:190} INFO - [2024-10-16T13:17:50.247+0000] {dagbag.py:588} INFO - Filling up the DagBag from /home/airflow/.local/lib/python3.12/site-packages/airflow/example_dags/example_python_operator.py
[2024-10-16T13:17:50.260+0000] {processor.py:925} INFO - DAG(s) 'example_python_operator' retrieved from /home/airflow/.local/lib/python3.12/site-packages/airflow/example_dags/example_python_operator.py
[2024-10-16T13:17:50.291+0000] {logging_mixin.py:190} INFO - [2024-10-16T13:17:50.291+0000] {dag.py:3239} INFO - Sync 1 DAGs
[2024-10-16T13:17:50.303+0000] {logging_mixin.py:190} INFO - [2024-10-16T13:17:50.303+0000] {dag.py:4180} INFO - Setting next_dagrun for example_python_operator to None, run_after=None
[2024-10-16T13:17:50.322+0000] {processor.py:208} INFO - Processing /home/airflow/.local/lib/python3.12/site-packages/airflow/example_dags/example_python_operator.py took 0.083 seconds
[2024-10-16T13:18:20.806+0000] {processor.py:186} INFO - Started process (PID=355) to work on /home/airflow/.local/lib/python3.12/site-packages/airflow/example_dags/example_python_operator.py
[2024-10-16T13:18:20.814+0000] {processor.py:914} INFO - Processing file /home/airflow/.local/lib/python3.12/site-packages/airflow/example_dags/example_python_operator.py for tasks to queue
[2024-10-16T13:18:20.822+0000] {logging_mixin.py:190} INFO - [2024-10-16T13:18:20.821+0000] {dagbag.py:588} INFO - Filling up the DagBag from /home/airflow/.local/lib/python3.12/site-packages/airflow/example_dags/example_python_operator.py
[2024-10-16T13:18:20.855+0000] {processor.py:925} INFO - DAG(s) 'example_python_operator' retrieved from /home/airflow/.local/lib/python3.12/site-packages/airflow/example_dags/example_python_operator.py
[2024-10-16T13:18:20.893+0000] {logging_mixin.py:190} INFO - [2024-10-16T13:18:20.892+0000] {dag.py:3239} INFO - Sync 1 DAGs
[2024-10-16T13:18:20.912+0000] {logging_mixin.py:190} INFO - [2024-10-16T13:18:20.911+0000] {dag.py:4180} INFO - Setting next_dagrun for example_python_operator to None, run_after=None
[2024-10-16T13:18:20.936+0000] {processor.py:208} INFO - Processing /home/airflow/.local/lib/python3.12/site-packages/airflow/example_dags/example_python_operator.py took 0.143 seconds
[2024-10-16T13:18:51.408+0000] {processor.py:186} INFO - Started process (PID=418) to work on /home/airflow/.local/lib/python3.12/site-packages/airflow/example_dags/example_python_operator.py
[2024-10-16T13:18:51.409+0000] {processor.py:914} INFO - Processing file /home/airflow/.local/lib/python3.12/site-packages/airflow/example_dags/example_python_operator.py for tasks to queue
[2024-10-16T13:18:51.412+0000] {logging_mixin.py:190} INFO - [2024-10-16T13:18:51.411+0000] {dagbag.py:588} INFO - Filling up the DagBag from /home/airflow/.local/lib/python3.12/site-packages/airflow/example_dags/example_python_operator.py
[2024-10-16T13:18:51.425+0000] {processor.py:925} INFO - DAG(s) 'example_python_operator' retrieved from /home/airflow/.local/lib/python3.12/site-packages/airflow/example_dags/example_python_operator.py
[2024-10-16T13:18:51.447+0000] {logging_mixin.py:190} INFO - [2024-10-16T13:18:51.447+0000] {dag.py:3239} INFO - Sync 1 DAGs
[2024-10-16T13:18:51.458+0000] {logging_mixin.py:190} INFO - [2024-10-16T13:18:51.458+0000] {dag.py:4180} INFO - Setting next_dagrun for example_python_operator to None, run_after=None
[2024-10-16T13:18:51.475+0000] {processor.py:208} INFO - Processing /home/airflow/.local/lib/python3.12/site-packages/airflow/example_dags/example_python_operator.py took 0.072 seconds
[2024-10-16T13:19:22.407+0000] {processor.py:186} INFO - Started process (PID=481) to work on /home/airflow/.local/lib/python3.12/site-packages/airflow/example_dags/example_python_operator.py
[2024-10-16T13:19:22.409+0000] {processor.py:914} INFO - Processing file /home/airflow/.local/lib/python3.12/site-packages/airflow/example_dags/example_python_operator.py for tasks to queue
[2024-10-16T13:19:22.412+0000] {logging_mixin.py:190} INFO - [2024-10-16T13:19:22.411+0000] {dagbag.py:588} INFO - Filling up the DagBag from /home/airflow/.local/lib/python3.12/site-packages/airflow/example_dags/example_python_operator.py
[2024-10-16T13:19:22.425+0000] {processor.py:925} INFO - DAG(s) 'example_python_operator' retrieved from /home/airflow/.local/lib/python3.12/site-packages/airflow/example_dags/example_python_operator.py
[2024-10-16T13:19:22.456+0000] {logging_mixin.py:190} INFO - [2024-10-16T13:19:22.456+0000] {dag.py:3239} INFO - Sync 1 DAGs
[2024-10-16T13:19:22.471+0000] {logging_mixin.py:190} INFO - [2024-10-16T13:19:22.471+0000] {dag.py:4180} INFO - Setting next_dagrun for example_python_operator to None, run_after=None
[2024-10-16T13:19:22.500+0000] {processor.py:208} INFO - Processing /home/airflow/.local/lib/python3.12/site-packages/airflow/example_dags/example_python_operator.py took 0.101 seconds
[2024-10-16T13:19:52.584+0000] {processor.py:186} INFO - Started process (PID=544) to work on /home/airflow/.local/lib/python3.12/site-packages/airflow/example_dags/example_python_operator.py
[2024-10-16T13:19:52.585+0000] {processor.py:914} INFO - Processing file /home/airflow/.local/lib/python3.12/site-packages/airflow/example_dags/example_python_operator.py for tasks to queue
[2024-10-16T13:19:52.587+0000] {logging_mixin.py:190} INFO - [2024-10-16T13:19:52.587+0000] {dagbag.py:588} INFO - Filling up the DagBag from /home/airflow/.local/lib/python3.12/site-packages/airflow/example_dags/example_python_operator.py
[2024-10-16T13:19:52.596+0000] {processor.py:925} INFO - DAG(s) 'example_python_operator' retrieved from /home/airflow/.local/lib/python3.12/site-packages/airflow/example_dags/example_python_operator.py
[2024-10-16T13:19:52.619+0000] {logging_mixin.py:190} INFO - [2024-10-16T13:19:52.618+0000] {dag.py:3239} INFO - Sync 1 DAGs
[2024-10-16T13:19:52.635+0000] {logging_mixin.py:190} INFO - [2024-10-16T13:19:52.635+0000] {dag.py:4180} INFO - Setting next_dagrun for example_python_operator to None, run_after=None
[2024-10-16T13:19:52.658+0000] {processor.py:208} INFO - Processing /home/airflow/.local/lib/python3.12/site-packages/airflow/example_dags/example_python_operator.py took 0.079 seconds
[2024-10-16T13:20:23.710+0000] {processor.py:186} INFO - Started process (PID=607) to work on /home/airflow/.local/lib/python3.12/site-packages/airflow/example_dags/example_python_operator.py
[2024-10-16T13:20:23.711+0000] {processor.py:914} INFO - Processing file /home/airflow/.local/lib/python3.12/site-packages/airflow/example_dags/example_python_operator.py for tasks to queue
[2024-10-16T13:20:23.714+0000] {logging_mixin.py:190} INFO - [2024-10-16T13:20:23.713+0000] {dagbag.py:588} INFO - Filling up the DagBag from /home/airflow/.local/lib/python3.12/site-packages/airflow/example_dags/example_python_operator.py
[2024-10-16T13:20:23.727+0000] {processor.py:925} INFO - DAG(s) 'example_python_operator' retrieved from /home/airflow/.local/lib/python3.12/site-packages/airflow/example_dags/example_python_operator.py
[2024-10-16T13:20:23.753+0000] {logging_mixin.py:190} INFO - [2024-10-16T13:20:23.753+0000] {dag.py:3239} INFO - Sync 1 DAGs
[2024-10-16T13:20:23.808+0000] {logging_mixin.py:190} INFO - [2024-10-16T13:20:23.807+0000] {dag.py:4180} INFO - Setting next_dagrun for example_python_operator to None, run_after=None
[2024-10-16T13:20:23.835+0000] {processor.py:208} INFO - Processing /home/airflow/.local/lib/python3.12/site-packages/airflow/example_dags/example_python_operator.py took 0.133 seconds
[2024-10-16T13:22:03.414+0000] {processor.py:186} INFO - Started process (PID=102) to work on /home/airflow/.local/lib/python3.12/site-packages/airflow/example_dags/example_python_operator.py
[2024-10-16T13:22:03.415+0000] {processor.py:914} INFO - Processing file /home/airflow/.local/lib/python3.12/site-packages/airflow/example_dags/example_python_operator.py for tasks to queue
[2024-10-16T13:22:03.417+0000] {logging_mixin.py:190} INFO - [2024-10-16T13:22:03.417+0000] {dagbag.py:588} INFO - Filling up the DagBag from /home/airflow/.local/lib/python3.12/site-packages/airflow/example_dags/example_python_operator.py
[2024-10-16T13:22:03.429+0000] {processor.py:925} INFO - DAG(s) 'example_python_operator' retrieved from /home/airflow/.local/lib/python3.12/site-packages/airflow/example_dags/example_python_operator.py
[2024-10-16T13:22:03.533+0000] {logging_mixin.py:190} INFO - [2024-10-16T13:22:03.533+0000] {override.py:1900} INFO - Created Permission View: can edit on DAG:example_python_operator
[2024-10-16T13:22:03.543+0000] {logging_mixin.py:190} INFO - [2024-10-16T13:22:03.542+0000] {override.py:1900} INFO - Created Permission View: can read on DAG:example_python_operator
[2024-10-16T13:22:03.549+0000] {logging_mixin.py:190} INFO - [2024-10-16T13:22:03.549+0000] {override.py:1900} INFO - Created Permission View: can delete on DAG:example_python_operator
[2024-10-16T13:22:03.557+0000] {logging_mixin.py:190} INFO - [2024-10-16T13:22:03.556+0000] {override.py:1900} INFO - Created Permission View: can delete on DAG Run:example_python_operator
[2024-10-16T13:22:03.564+0000] {logging_mixin.py:190} INFO - [2024-10-16T13:22:03.563+0000] {override.py:1900} INFO - Created Permission View: can read on DAG Run:example_python_operator
[2024-10-16T13:22:03.572+0000] {logging_mixin.py:190} INFO - [2024-10-16T13:22:03.572+0000] {override.py:1900} INFO - Created Permission View: menu access on DAG Run:example_python_operator
[2024-10-16T13:22:03.581+0000] {logging_mixin.py:190} INFO - [2024-10-16T13:22:03.581+0000] {override.py:1900} INFO - Created Permission View: can create on DAG Run:example_python_operator
[2024-10-16T13:22:03.582+0000] {logging_mixin.py:190} INFO - [2024-10-16T13:22:03.582+0000] {dag.py:3239} INFO - Sync 1 DAGs
[2024-10-16T13:22:03.596+0000] {logging_mixin.py:190} INFO - [2024-10-16T13:22:03.596+0000] {dag.py:3262} INFO - Creating ORM DAG for example_python_operator
[2024-10-16T13:22:03.597+0000] {logging_mixin.py:190} INFO - [2024-10-16T13:22:03.597+0000] {dag.py:4180} INFO - Setting next_dagrun for example_python_operator to None, run_after=None
[2024-10-16T13:22:03.615+0000] {processor.py:208} INFO - Processing /home/airflow/.local/lib/python3.12/site-packages/airflow/example_dags/example_python_operator.py took 0.205 seconds
[2024-10-16T13:22:34.259+0000] {processor.py:186} INFO - Started process (PID=165) to work on /home/airflow/.local/lib/python3.12/site-packages/airflow/example_dags/example_python_operator.py
[2024-10-16T13:22:34.262+0000] {processor.py:914} INFO - Processing file /home/airflow/.local/lib/python3.12/site-packages/airflow/example_dags/example_python_operator.py for tasks to queue
[2024-10-16T13:22:34.265+0000] {logging_mixin.py:190} INFO - [2024-10-16T13:22:34.265+0000] {dagbag.py:588} INFO - Filling up the DagBag from /home/airflow/.local/lib/python3.12/site-packages/airflow/example_dags/example_python_operator.py
[2024-10-16T13:22:34.282+0000] {processor.py:925} INFO - DAG(s) 'example_python_operator' retrieved from /home/airflow/.local/lib/python3.12/site-packages/airflow/example_dags/example_python_operator.py
[2024-10-16T13:22:34.311+0000] {logging_mixin.py:190} INFO - [2024-10-16T13:22:34.311+0000] {dag.py:3239} INFO - Sync 1 DAGs
[2024-10-16T13:22:34.327+0000] {logging_mixin.py:190} INFO - [2024-10-16T13:22:34.327+0000] {dag.py:4180} INFO - Setting next_dagrun for example_python_operator to None, run_after=None
[2024-10-16T13:22:34.350+0000] {processor.py:208} INFO - Processing /home/airflow/.local/lib/python3.12/site-packages/airflow/example_dags/example_python_operator.py took 0.096 seconds
[2024-10-16T13:23:04.837+0000] {processor.py:186} INFO - Started process (PID=228) to work on /home/airflow/.local/lib/python3.12/site-packages/airflow/example_dags/example_python_operator.py
[2024-10-16T13:23:04.838+0000] {processor.py:914} INFO - Processing file /home/airflow/.local/lib/python3.12/site-packages/airflow/example_dags/example_python_operator.py for tasks to queue
[2024-10-16T13:23:04.840+0000] {logging_mixin.py:190} INFO - [2024-10-16T13:23:04.839+0000] {dagbag.py:588} INFO - Filling up the DagBag from /home/airflow/.local/lib/python3.12/site-packages/airflow/example_dags/example_python_operator.py
[2024-10-16T13:23:04.849+0000] {processor.py:925} INFO - DAG(s) 'example_python_operator' retrieved from /home/airflow/.local/lib/python3.12/site-packages/airflow/example_dags/example_python_operator.py
[2024-10-16T13:23:04.871+0000] {logging_mixin.py:190} INFO - [2024-10-16T13:23:04.871+0000] {dag.py:3239} INFO - Sync 1 DAGs
[2024-10-16T13:23:04.884+0000] {logging_mixin.py:190} INFO - [2024-10-16T13:23:04.884+0000] {dag.py:4180} INFO - Setting next_dagrun for example_python_operator to None, run_after=None
[2024-10-16T13:23:04.907+0000] {processor.py:208} INFO - Processing /home/airflow/.local/lib/python3.12/site-packages/airflow/example_dags/example_python_operator.py took 0.075 seconds
[2024-10-16T13:23:35.969+0000] {processor.py:186} INFO - Started process (PID=291) to work on /home/airflow/.local/lib/python3.12/site-packages/airflow/example_dags/example_python_operator.py
[2024-10-16T13:23:35.974+0000] {processor.py:914} INFO - Processing file /home/airflow/.local/lib/python3.12/site-packages/airflow/example_dags/example_python_operator.py for tasks to queue
[2024-10-16T13:23:35.979+0000] {logging_mixin.py:190} INFO - [2024-10-16T13:23:35.979+0000] {dagbag.py:588} INFO - Filling up the DagBag from /home/airflow/.local/lib/python3.12/site-packages/airflow/example_dags/example_python_operator.py
[2024-10-16T13:23:36.006+0000] {processor.py:925} INFO - DAG(s) 'example_python_operator' retrieved from /home/airflow/.local/lib/python3.12/site-packages/airflow/example_dags/example_python_operator.py
[2024-10-16T13:23:36.029+0000] {logging_mixin.py:190} INFO - [2024-10-16T13:23:36.028+0000] {dag.py:3239} INFO - Sync 1 DAGs
[2024-10-16T13:23:36.049+0000] {logging_mixin.py:190} INFO - [2024-10-16T13:23:36.049+0000] {dag.py:4180} INFO - Setting next_dagrun for example_python_operator to None, run_after=None
[2024-10-16T13:23:36.081+0000] {processor.py:208} INFO - Processing /home/airflow/.local/lib/python3.12/site-packages/airflow/example_dags/example_python_operator.py took 0.117 seconds
