[2024-10-16T12:50:34.740+0000] {processor.py:186} INFO - Started process (PID=108) to work on /home/airflow/.local/lib/python3.12/site-packages/airflow/example_dags/example_latest_only.py
[2024-10-16T12:50:34.742+0000] {processor.py:914} INFO - Processing file /home/airflow/.local/lib/python3.12/site-packages/airflow/example_dags/example_latest_only.py for tasks to queue
[2024-10-16T12:50:34.745+0000] {logging_mixin.py:190} INFO - [2024-10-16T12:50:34.745+0000] {dagbag.py:588} INFO - Filling up the DagBag from /home/airflow/.local/lib/python3.12/site-packages/airflow/example_dags/example_latest_only.py
[2024-10-16T12:50:34.757+0000] {processor.py:925} INFO - DAG(s) 'latest_only' retrieved from /home/airflow/.local/lib/python3.12/site-packages/airflow/example_dags/example_latest_only.py
[2024-10-16T12:50:34.843+0000] {logging_mixin.py:190} INFO - [2024-10-16T12:50:34.842+0000] {override.py:1900} INFO - Created Permission View: can edit on DAG:latest_only
[2024-10-16T12:50:34.860+0000] {logging_mixin.py:190} INFO - [2024-10-16T12:50:34.860+0000] {override.py:1900} INFO - Created Permission View: can read on DAG:latest_only
[2024-10-16T12:50:34.879+0000] {logging_mixin.py:190} INFO - [2024-10-16T12:50:34.877+0000] {override.py:1900} INFO - Created Permission View: can delete on DAG:latest_only
[2024-10-16T12:50:34.906+0000] {logging_mixin.py:190} INFO - [2024-10-16T12:50:34.905+0000] {override.py:1900} INFO - Created Permission View: can delete on DAG Run:latest_only
[2024-10-16T12:50:34.927+0000] {logging_mixin.py:190} INFO - [2024-10-16T12:50:34.926+0000] {override.py:1900} INFO - Created Permission View: menu access on DAG Run:latest_only
[2024-10-16T12:50:34.941+0000] {logging_mixin.py:190} INFO - [2024-10-16T12:50:34.941+0000] {override.py:1900} INFO - Created Permission View: can create on DAG Run:latest_only
[2024-10-16T12:50:34.951+0000] {logging_mixin.py:190} INFO - [2024-10-16T12:50:34.951+0000] {override.py:1900} INFO - Created Permission View: can read on DAG Run:latest_only
[2024-10-16T12:50:34.952+0000] {logging_mixin.py:190} INFO - [2024-10-16T12:50:34.952+0000] {dag.py:3239} INFO - Sync 1 DAGs
[2024-10-16T12:50:34.964+0000] {logging_mixin.py:190} INFO - [2024-10-16T12:50:34.964+0000] {dag.py:3262} INFO - Creating ORM DAG for latest_only
[2024-10-16T12:50:34.975+0000] {logging_mixin.py:190} INFO - [2024-10-16T12:50:34.975+0000] {dag.py:4180} INFO - Setting next_dagrun for latest_only to 2024-10-16 08:00:00+00:00, run_after=2024-10-16 12:00:00+00:00
[2024-10-16T12:50:34.997+0000] {processor.py:208} INFO - Processing /home/airflow/.local/lib/python3.12/site-packages/airflow/example_dags/example_latest_only.py took 0.266 seconds
[2024-10-16T12:51:05.399+0000] {processor.py:186} INFO - Started process (PID=170) to work on /home/airflow/.local/lib/python3.12/site-packages/airflow/example_dags/example_latest_only.py
[2024-10-16T12:51:05.403+0000] {processor.py:914} INFO - Processing file /home/airflow/.local/lib/python3.12/site-packages/airflow/example_dags/example_latest_only.py for tasks to queue
[2024-10-16T12:51:05.406+0000] {logging_mixin.py:190} INFO - [2024-10-16T12:51:05.406+0000] {dagbag.py:588} INFO - Filling up the DagBag from /home/airflow/.local/lib/python3.12/site-packages/airflow/example_dags/example_latest_only.py
[2024-10-16T12:51:05.416+0000] {processor.py:925} INFO - DAG(s) 'latest_only' retrieved from /home/airflow/.local/lib/python3.12/site-packages/airflow/example_dags/example_latest_only.py
[2024-10-16T12:51:05.447+0000] {logging_mixin.py:190} INFO - [2024-10-16T12:51:05.446+0000] {dag.py:3239} INFO - Sync 1 DAGs
[2024-10-16T12:51:05.481+0000] {logging_mixin.py:190} INFO - [2024-10-16T12:51:05.480+0000] {dag.py:4180} INFO - Setting next_dagrun for latest_only to 2024-10-16 08:00:00+00:00, run_after=2024-10-16 12:00:00+00:00
[2024-10-16T12:51:05.511+0000] {processor.py:208} INFO - Processing /home/airflow/.local/lib/python3.12/site-packages/airflow/example_dags/example_latest_only.py took 0.120 seconds
[2024-10-16T12:51:35.839+0000] {processor.py:186} INFO - Started process (PID=232) to work on /home/airflow/.local/lib/python3.12/site-packages/airflow/example_dags/example_latest_only.py
[2024-10-16T12:51:35.840+0000] {processor.py:914} INFO - Processing file /home/airflow/.local/lib/python3.12/site-packages/airflow/example_dags/example_latest_only.py for tasks to queue
[2024-10-16T12:51:35.842+0000] {logging_mixin.py:190} INFO - [2024-10-16T12:51:35.841+0000] {dagbag.py:588} INFO - Filling up the DagBag from /home/airflow/.local/lib/python3.12/site-packages/airflow/example_dags/example_latest_only.py
[2024-10-16T12:51:35.847+0000] {processor.py:925} INFO - DAG(s) 'latest_only' retrieved from /home/airflow/.local/lib/python3.12/site-packages/airflow/example_dags/example_latest_only.py
[2024-10-16T12:51:35.863+0000] {logging_mixin.py:190} INFO - [2024-10-16T12:51:35.862+0000] {dag.py:3239} INFO - Sync 1 DAGs
[2024-10-16T12:51:35.880+0000] {logging_mixin.py:190} INFO - [2024-10-16T12:51:35.880+0000] {dag.py:4180} INFO - Setting next_dagrun for latest_only to 2024-10-16 08:00:00+00:00, run_after=2024-10-16 12:00:00+00:00
[2024-10-16T12:51:35.902+0000] {processor.py:208} INFO - Processing /home/airflow/.local/lib/python3.12/site-packages/airflow/example_dags/example_latest_only.py took 0.068 seconds
[2024-10-16T12:52:06.202+0000] {processor.py:186} INFO - Started process (PID=294) to work on /home/airflow/.local/lib/python3.12/site-packages/airflow/example_dags/example_latest_only.py
[2024-10-16T12:52:06.204+0000] {processor.py:914} INFO - Processing file /home/airflow/.local/lib/python3.12/site-packages/airflow/example_dags/example_latest_only.py for tasks to queue
[2024-10-16T12:52:06.206+0000] {logging_mixin.py:190} INFO - [2024-10-16T12:52:06.206+0000] {dagbag.py:588} INFO - Filling up the DagBag from /home/airflow/.local/lib/python3.12/site-packages/airflow/example_dags/example_latest_only.py
[2024-10-16T12:52:06.214+0000] {processor.py:925} INFO - DAG(s) 'latest_only' retrieved from /home/airflow/.local/lib/python3.12/site-packages/airflow/example_dags/example_latest_only.py
[2024-10-16T12:52:06.233+0000] {logging_mixin.py:190} INFO - [2024-10-16T12:52:06.233+0000] {dag.py:3239} INFO - Sync 1 DAGs
[2024-10-16T12:52:06.254+0000] {logging_mixin.py:190} INFO - [2024-10-16T12:52:06.254+0000] {dag.py:4180} INFO - Setting next_dagrun for latest_only to 2024-10-16 08:00:00+00:00, run_after=2024-10-16 12:00:00+00:00
[2024-10-16T12:52:06.272+0000] {processor.py:208} INFO - Processing /home/airflow/.local/lib/python3.12/site-packages/airflow/example_dags/example_latest_only.py took 0.075 seconds
[2024-10-16T12:52:36.707+0000] {processor.py:186} INFO - Started process (PID=357) to work on /home/airflow/.local/lib/python3.12/site-packages/airflow/example_dags/example_latest_only.py
[2024-10-16T12:52:36.708+0000] {processor.py:914} INFO - Processing file /home/airflow/.local/lib/python3.12/site-packages/airflow/example_dags/example_latest_only.py for tasks to queue
[2024-10-16T12:52:36.711+0000] {logging_mixin.py:190} INFO - [2024-10-16T12:52:36.711+0000] {dagbag.py:588} INFO - Filling up the DagBag from /home/airflow/.local/lib/python3.12/site-packages/airflow/example_dags/example_latest_only.py
[2024-10-16T12:52:36.722+0000] {processor.py:925} INFO - DAG(s) 'latest_only' retrieved from /home/airflow/.local/lib/python3.12/site-packages/airflow/example_dags/example_latest_only.py
[2024-10-16T12:52:36.747+0000] {logging_mixin.py:190} INFO - [2024-10-16T12:52:36.746+0000] {dag.py:3239} INFO - Sync 1 DAGs
[2024-10-16T12:52:36.770+0000] {logging_mixin.py:190} INFO - [2024-10-16T12:52:36.769+0000] {dag.py:4180} INFO - Setting next_dagrun for latest_only to 2024-10-16 08:00:00+00:00, run_after=2024-10-16 12:00:00+00:00
[2024-10-16T12:52:36.789+0000] {processor.py:208} INFO - Processing /home/airflow/.local/lib/python3.12/site-packages/airflow/example_dags/example_latest_only.py took 0.089 seconds
[2024-10-16T12:53:07.588+0000] {processor.py:186} INFO - Started process (PID=419) to work on /home/airflow/.local/lib/python3.12/site-packages/airflow/example_dags/example_latest_only.py
[2024-10-16T12:53:07.590+0000] {processor.py:914} INFO - Processing file /home/airflow/.local/lib/python3.12/site-packages/airflow/example_dags/example_latest_only.py for tasks to queue
[2024-10-16T12:53:07.593+0000] {logging_mixin.py:190} INFO - [2024-10-16T12:53:07.592+0000] {dagbag.py:588} INFO - Filling up the DagBag from /home/airflow/.local/lib/python3.12/site-packages/airflow/example_dags/example_latest_only.py
[2024-10-16T12:53:07.598+0000] {processor.py:925} INFO - DAG(s) 'latest_only' retrieved from /home/airflow/.local/lib/python3.12/site-packages/airflow/example_dags/example_latest_only.py
[2024-10-16T12:53:07.616+0000] {logging_mixin.py:190} INFO - [2024-10-16T12:53:07.616+0000] {dag.py:3239} INFO - Sync 1 DAGs
[2024-10-16T12:53:07.637+0000] {logging_mixin.py:190} INFO - [2024-10-16T12:53:07.637+0000] {dag.py:4180} INFO - Setting next_dagrun for latest_only to 2024-10-16 08:00:00+00:00, run_after=2024-10-16 12:00:00+00:00
[2024-10-16T12:53:07.658+0000] {processor.py:208} INFO - Processing /home/airflow/.local/lib/python3.12/site-packages/airflow/example_dags/example_latest_only.py took 0.074 seconds
[2024-10-16T12:53:38.440+0000] {processor.py:186} INFO - Started process (PID=481) to work on /home/airflow/.local/lib/python3.12/site-packages/airflow/example_dags/example_latest_only.py
[2024-10-16T12:53:38.442+0000] {processor.py:914} INFO - Processing file /home/airflow/.local/lib/python3.12/site-packages/airflow/example_dags/example_latest_only.py for tasks to queue
[2024-10-16T12:53:38.445+0000] {logging_mixin.py:190} INFO - [2024-10-16T12:53:38.444+0000] {dagbag.py:588} INFO - Filling up the DagBag from /home/airflow/.local/lib/python3.12/site-packages/airflow/example_dags/example_latest_only.py
[2024-10-16T12:53:38.452+0000] {processor.py:925} INFO - DAG(s) 'latest_only' retrieved from /home/airflow/.local/lib/python3.12/site-packages/airflow/example_dags/example_latest_only.py
[2024-10-16T12:53:38.470+0000] {logging_mixin.py:190} INFO - [2024-10-16T12:53:38.470+0000] {dag.py:3239} INFO - Sync 1 DAGs
[2024-10-16T12:53:38.493+0000] {logging_mixin.py:190} INFO - [2024-10-16T12:53:38.493+0000] {dag.py:4180} INFO - Setting next_dagrun for latest_only to 2024-10-16 08:00:00+00:00, run_after=2024-10-16 12:00:00+00:00
[2024-10-16T12:53:38.517+0000] {processor.py:208} INFO - Processing /home/airflow/.local/lib/python3.12/site-packages/airflow/example_dags/example_latest_only.py took 0.081 seconds
[2024-10-16T12:54:09.086+0000] {processor.py:186} INFO - Started process (PID=543) to work on /home/airflow/.local/lib/python3.12/site-packages/airflow/example_dags/example_latest_only.py
[2024-10-16T12:54:09.087+0000] {processor.py:914} INFO - Processing file /home/airflow/.local/lib/python3.12/site-packages/airflow/example_dags/example_latest_only.py for tasks to queue
[2024-10-16T12:54:09.089+0000] {logging_mixin.py:190} INFO - [2024-10-16T12:54:09.089+0000] {dagbag.py:588} INFO - Filling up the DagBag from /home/airflow/.local/lib/python3.12/site-packages/airflow/example_dags/example_latest_only.py
[2024-10-16T12:54:09.095+0000] {processor.py:925} INFO - DAG(s) 'latest_only' retrieved from /home/airflow/.local/lib/python3.12/site-packages/airflow/example_dags/example_latest_only.py
[2024-10-16T12:54:09.113+0000] {logging_mixin.py:190} INFO - [2024-10-16T12:54:09.112+0000] {dag.py:3239} INFO - Sync 1 DAGs
[2024-10-16T12:54:09.131+0000] {logging_mixin.py:190} INFO - [2024-10-16T12:54:09.131+0000] {dag.py:4180} INFO - Setting next_dagrun for latest_only to 2024-10-16 08:00:00+00:00, run_after=2024-10-16 12:00:00+00:00
[2024-10-16T12:54:09.145+0000] {processor.py:208} INFO - Processing /home/airflow/.local/lib/python3.12/site-packages/airflow/example_dags/example_latest_only.py took 0.065 seconds
[2024-10-16T12:54:41.968+0000] {processor.py:186} INFO - Started process (PID=605) to work on /home/airflow/.local/lib/python3.12/site-packages/airflow/example_dags/example_latest_only.py
[2024-10-16T12:54:41.975+0000] {processor.py:914} INFO - Processing file /home/airflow/.local/lib/python3.12/site-packages/airflow/example_dags/example_latest_only.py for tasks to queue
[2024-10-16T12:54:41.979+0000] {logging_mixin.py:190} INFO - [2024-10-16T12:54:41.979+0000] {dagbag.py:588} INFO - Filling up the DagBag from /home/airflow/.local/lib/python3.12/site-packages/airflow/example_dags/example_latest_only.py
[2024-10-16T12:54:42.000+0000] {processor.py:925} INFO - DAG(s) 'latest_only' retrieved from /home/airflow/.local/lib/python3.12/site-packages/airflow/example_dags/example_latest_only.py
[2024-10-16T12:54:42.027+0000] {logging_mixin.py:190} INFO - [2024-10-16T12:54:42.027+0000] {dag.py:3239} INFO - Sync 1 DAGs
[2024-10-16T12:54:42.058+0000] {logging_mixin.py:190} INFO - [2024-10-16T12:54:42.058+0000] {dag.py:4180} INFO - Setting next_dagrun for latest_only to 2024-10-16 08:00:00+00:00, run_after=2024-10-16 12:00:00+00:00
[2024-10-16T12:54:42.108+0000] {processor.py:208} INFO - Processing /home/airflow/.local/lib/python3.12/site-packages/airflow/example_dags/example_latest_only.py took 0.148 seconds
[2024-10-16T12:55:12.433+0000] {processor.py:186} INFO - Started process (PID=668) to work on /home/airflow/.local/lib/python3.12/site-packages/airflow/example_dags/example_latest_only.py
[2024-10-16T12:55:12.435+0000] {processor.py:914} INFO - Processing file /home/airflow/.local/lib/python3.12/site-packages/airflow/example_dags/example_latest_only.py for tasks to queue
[2024-10-16T12:55:12.438+0000] {logging_mixin.py:190} INFO - [2024-10-16T12:55:12.438+0000] {dagbag.py:588} INFO - Filling up the DagBag from /home/airflow/.local/lib/python3.12/site-packages/airflow/example_dags/example_latest_only.py
[2024-10-16T12:55:12.446+0000] {processor.py:925} INFO - DAG(s) 'latest_only' retrieved from /home/airflow/.local/lib/python3.12/site-packages/airflow/example_dags/example_latest_only.py
[2024-10-16T12:55:12.470+0000] {logging_mixin.py:190} INFO - [2024-10-16T12:55:12.469+0000] {dag.py:3239} INFO - Sync 1 DAGs
[2024-10-16T12:55:12.544+0000] {logging_mixin.py:190} INFO - [2024-10-16T12:55:12.543+0000] {dag.py:4180} INFO - Setting next_dagrun for latest_only to 2024-10-16 08:00:00+00:00, run_after=2024-10-16 12:00:00+00:00
[2024-10-16T12:55:12.570+0000] {processor.py:208} INFO - Processing /home/airflow/.local/lib/python3.12/site-packages/airflow/example_dags/example_latest_only.py took 0.145 seconds
[2024-10-16T12:55:42.691+0000] {processor.py:186} INFO - Started process (PID=730) to work on /home/airflow/.local/lib/python3.12/site-packages/airflow/example_dags/example_latest_only.py
[2024-10-16T12:55:42.692+0000] {processor.py:914} INFO - Processing file /home/airflow/.local/lib/python3.12/site-packages/airflow/example_dags/example_latest_only.py for tasks to queue
[2024-10-16T12:55:42.697+0000] {logging_mixin.py:190} INFO - [2024-10-16T12:55:42.697+0000] {dagbag.py:588} INFO - Filling up the DagBag from /home/airflow/.local/lib/python3.12/site-packages/airflow/example_dags/example_latest_only.py
[2024-10-16T12:55:42.752+0000] {processor.py:925} INFO - DAG(s) 'latest_only' retrieved from /home/airflow/.local/lib/python3.12/site-packages/airflow/example_dags/example_latest_only.py
[2024-10-16T12:55:42.787+0000] {logging_mixin.py:190} INFO - [2024-10-16T12:55:42.787+0000] {dag.py:3239} INFO - Sync 1 DAGs
[2024-10-16T12:55:42.834+0000] {logging_mixin.py:190} INFO - [2024-10-16T12:55:42.833+0000] {dag.py:4180} INFO - Setting next_dagrun for latest_only to 2024-10-16 08:00:00+00:00, run_after=2024-10-16 12:00:00+00:00
[2024-10-16T12:55:42.874+0000] {processor.py:208} INFO - Processing /home/airflow/.local/lib/python3.12/site-packages/airflow/example_dags/example_latest_only.py took 0.190 seconds
[2024-10-16T12:56:13.413+0000] {processor.py:186} INFO - Started process (PID=792) to work on /home/airflow/.local/lib/python3.12/site-packages/airflow/example_dags/example_latest_only.py
[2024-10-16T12:56:13.415+0000] {processor.py:914} INFO - Processing file /home/airflow/.local/lib/python3.12/site-packages/airflow/example_dags/example_latest_only.py for tasks to queue
[2024-10-16T12:56:13.418+0000] {logging_mixin.py:190} INFO - [2024-10-16T12:56:13.417+0000] {dagbag.py:588} INFO - Filling up the DagBag from /home/airflow/.local/lib/python3.12/site-packages/airflow/example_dags/example_latest_only.py
[2024-10-16T12:56:13.425+0000] {processor.py:925} INFO - DAG(s) 'latest_only' retrieved from /home/airflow/.local/lib/python3.12/site-packages/airflow/example_dags/example_latest_only.py
[2024-10-16T12:56:13.445+0000] {logging_mixin.py:190} INFO - [2024-10-16T12:56:13.445+0000] {dag.py:3239} INFO - Sync 1 DAGs
[2024-10-16T12:56:13.465+0000] {logging_mixin.py:190} INFO - [2024-10-16T12:56:13.465+0000] {dag.py:4180} INFO - Setting next_dagrun for latest_only to 2024-10-16 08:00:00+00:00, run_after=2024-10-16 12:00:00+00:00
[2024-10-16T12:56:13.485+0000] {processor.py:208} INFO - Processing /home/airflow/.local/lib/python3.12/site-packages/airflow/example_dags/example_latest_only.py took 0.076 seconds
[2024-10-16T12:56:44.168+0000] {processor.py:186} INFO - Started process (PID=854) to work on /home/airflow/.local/lib/python3.12/site-packages/airflow/example_dags/example_latest_only.py
[2024-10-16T12:56:44.168+0000] {processor.py:914} INFO - Processing file /home/airflow/.local/lib/python3.12/site-packages/airflow/example_dags/example_latest_only.py for tasks to queue
[2024-10-16T12:56:44.170+0000] {logging_mixin.py:190} INFO - [2024-10-16T12:56:44.170+0000] {dagbag.py:588} INFO - Filling up the DagBag from /home/airflow/.local/lib/python3.12/site-packages/airflow/example_dags/example_latest_only.py
[2024-10-16T12:56:44.181+0000] {processor.py:925} INFO - DAG(s) 'latest_only' retrieved from /home/airflow/.local/lib/python3.12/site-packages/airflow/example_dags/example_latest_only.py
[2024-10-16T12:56:44.203+0000] {logging_mixin.py:190} INFO - [2024-10-16T12:56:44.203+0000] {dag.py:3239} INFO - Sync 1 DAGs
[2024-10-16T12:56:44.224+0000] {logging_mixin.py:190} INFO - [2024-10-16T12:56:44.224+0000] {dag.py:4180} INFO - Setting next_dagrun for latest_only to 2024-10-16 08:00:00+00:00, run_after=2024-10-16 12:00:00+00:00
[2024-10-16T12:56:44.244+0000] {processor.py:208} INFO - Processing /home/airflow/.local/lib/python3.12/site-packages/airflow/example_dags/example_latest_only.py took 0.083 seconds
[2024-10-16T12:57:15.426+0000] {processor.py:186} INFO - Started process (PID=916) to work on /home/airflow/.local/lib/python3.12/site-packages/airflow/example_dags/example_latest_only.py
[2024-10-16T12:57:15.428+0000] {processor.py:914} INFO - Processing file /home/airflow/.local/lib/python3.12/site-packages/airflow/example_dags/example_latest_only.py for tasks to queue
[2024-10-16T12:57:15.431+0000] {logging_mixin.py:190} INFO - [2024-10-16T12:57:15.430+0000] {dagbag.py:588} INFO - Filling up the DagBag from /home/airflow/.local/lib/python3.12/site-packages/airflow/example_dags/example_latest_only.py
[2024-10-16T12:57:15.441+0000] {processor.py:925} INFO - DAG(s) 'latest_only' retrieved from /home/airflow/.local/lib/python3.12/site-packages/airflow/example_dags/example_latest_only.py
[2024-10-16T12:57:15.464+0000] {logging_mixin.py:190} INFO - [2024-10-16T12:57:15.464+0000] {dag.py:3239} INFO - Sync 1 DAGs
[2024-10-16T12:57:15.493+0000] {logging_mixin.py:190} INFO - [2024-10-16T12:57:15.493+0000] {dag.py:4180} INFO - Setting next_dagrun for latest_only to 2024-10-16 08:00:00+00:00, run_after=2024-10-16 12:00:00+00:00
[2024-10-16T12:57:15.529+0000] {processor.py:208} INFO - Processing /home/airflow/.local/lib/python3.12/site-packages/airflow/example_dags/example_latest_only.py took 0.115 seconds
[2024-10-16T12:57:46.246+0000] {processor.py:186} INFO - Started process (PID=978) to work on /home/airflow/.local/lib/python3.12/site-packages/airflow/example_dags/example_latest_only.py
[2024-10-16T12:57:46.247+0000] {processor.py:914} INFO - Processing file /home/airflow/.local/lib/python3.12/site-packages/airflow/example_dags/example_latest_only.py for tasks to queue
[2024-10-16T12:57:46.249+0000] {logging_mixin.py:190} INFO - [2024-10-16T12:57:46.249+0000] {dagbag.py:588} INFO - Filling up the DagBag from /home/airflow/.local/lib/python3.12/site-packages/airflow/example_dags/example_latest_only.py
[2024-10-16T12:57:46.257+0000] {processor.py:925} INFO - DAG(s) 'latest_only' retrieved from /home/airflow/.local/lib/python3.12/site-packages/airflow/example_dags/example_latest_only.py
[2024-10-16T12:57:46.273+0000] {logging_mixin.py:190} INFO - [2024-10-16T12:57:46.272+0000] {dag.py:3239} INFO - Sync 1 DAGs
[2024-10-16T12:57:46.295+0000] {logging_mixin.py:190} INFO - [2024-10-16T12:57:46.295+0000] {dag.py:4180} INFO - Setting next_dagrun for latest_only to 2024-10-16 08:00:00+00:00, run_after=2024-10-16 12:00:00+00:00
[2024-10-16T12:57:46.320+0000] {processor.py:208} INFO - Processing /home/airflow/.local/lib/python3.12/site-packages/airflow/example_dags/example_latest_only.py took 0.080 seconds
[2024-10-16T12:58:16.702+0000] {processor.py:186} INFO - Started process (PID=1042) to work on /home/airflow/.local/lib/python3.12/site-packages/airflow/example_dags/example_latest_only.py
[2024-10-16T12:58:16.703+0000] {processor.py:914} INFO - Processing file /home/airflow/.local/lib/python3.12/site-packages/airflow/example_dags/example_latest_only.py for tasks to queue
[2024-10-16T12:58:16.706+0000] {logging_mixin.py:190} INFO - [2024-10-16T12:58:16.705+0000] {dagbag.py:588} INFO - Filling up the DagBag from /home/airflow/.local/lib/python3.12/site-packages/airflow/example_dags/example_latest_only.py
[2024-10-16T12:58:16.714+0000] {processor.py:925} INFO - DAG(s) 'latest_only' retrieved from /home/airflow/.local/lib/python3.12/site-packages/airflow/example_dags/example_latest_only.py
[2024-10-16T12:58:16.736+0000] {logging_mixin.py:190} INFO - [2024-10-16T12:58:16.736+0000] {dag.py:3239} INFO - Sync 1 DAGs
[2024-10-16T12:58:16.777+0000] {logging_mixin.py:190} INFO - [2024-10-16T12:58:16.777+0000] {dag.py:4180} INFO - Setting next_dagrun for latest_only to 2024-10-16 08:00:00+00:00, run_after=2024-10-16 12:00:00+00:00
[2024-10-16T12:58:16.804+0000] {processor.py:208} INFO - Processing /home/airflow/.local/lib/python3.12/site-packages/airflow/example_dags/example_latest_only.py took 0.110 seconds
[2024-10-16T12:58:46.941+0000] {processor.py:186} INFO - Started process (PID=1104) to work on /home/airflow/.local/lib/python3.12/site-packages/airflow/example_dags/example_latest_only.py
[2024-10-16T12:58:46.942+0000] {processor.py:914} INFO - Processing file /home/airflow/.local/lib/python3.12/site-packages/airflow/example_dags/example_latest_only.py for tasks to queue
[2024-10-16T12:58:46.945+0000] {logging_mixin.py:190} INFO - [2024-10-16T12:58:46.945+0000] {dagbag.py:588} INFO - Filling up the DagBag from /home/airflow/.local/lib/python3.12/site-packages/airflow/example_dags/example_latest_only.py
[2024-10-16T12:58:46.952+0000] {processor.py:925} INFO - DAG(s) 'latest_only' retrieved from /home/airflow/.local/lib/python3.12/site-packages/airflow/example_dags/example_latest_only.py
[2024-10-16T12:58:46.974+0000] {logging_mixin.py:190} INFO - [2024-10-16T12:58:46.973+0000] {dag.py:3239} INFO - Sync 1 DAGs
[2024-10-16T12:58:47.000+0000] {logging_mixin.py:190} INFO - [2024-10-16T12:58:47.000+0000] {dag.py:4180} INFO - Setting next_dagrun for latest_only to 2024-10-16 08:00:00+00:00, run_after=2024-10-16 12:00:00+00:00
[2024-10-16T12:58:47.029+0000] {processor.py:208} INFO - Processing /home/airflow/.local/lib/python3.12/site-packages/airflow/example_dags/example_latest_only.py took 0.095 seconds
[2024-10-16T12:59:17.229+0000] {processor.py:186} INFO - Started process (PID=1172) to work on /home/airflow/.local/lib/python3.12/site-packages/airflow/example_dags/example_latest_only.py
[2024-10-16T12:59:17.230+0000] {processor.py:914} INFO - Processing file /home/airflow/.local/lib/python3.12/site-packages/airflow/example_dags/example_latest_only.py for tasks to queue
[2024-10-16T12:59:17.233+0000] {logging_mixin.py:190} INFO - [2024-10-16T12:59:17.232+0000] {dagbag.py:588} INFO - Filling up the DagBag from /home/airflow/.local/lib/python3.12/site-packages/airflow/example_dags/example_latest_only.py
[2024-10-16T12:59:17.241+0000] {processor.py:925} INFO - DAG(s) 'latest_only' retrieved from /home/airflow/.local/lib/python3.12/site-packages/airflow/example_dags/example_latest_only.py
[2024-10-16T12:59:17.261+0000] {logging_mixin.py:190} INFO - [2024-10-16T12:59:17.261+0000] {dag.py:3239} INFO - Sync 1 DAGs
[2024-10-16T12:59:17.288+0000] {logging_mixin.py:190} INFO - [2024-10-16T12:59:17.287+0000] {dag.py:4180} INFO - Setting next_dagrun for latest_only to 2024-10-16 08:00:00+00:00, run_after=2024-10-16 12:00:00+00:00
[2024-10-16T12:59:17.311+0000] {processor.py:208} INFO - Processing /home/airflow/.local/lib/python3.12/site-packages/airflow/example_dags/example_latest_only.py took 0.089 seconds
[2024-10-16T12:59:47.528+0000] {processor.py:186} INFO - Started process (PID=1234) to work on /home/airflow/.local/lib/python3.12/site-packages/airflow/example_dags/example_latest_only.py
[2024-10-16T12:59:47.529+0000] {processor.py:914} INFO - Processing file /home/airflow/.local/lib/python3.12/site-packages/airflow/example_dags/example_latest_only.py for tasks to queue
[2024-10-16T12:59:47.532+0000] {logging_mixin.py:190} INFO - [2024-10-16T12:59:47.532+0000] {dagbag.py:588} INFO - Filling up the DagBag from /home/airflow/.local/lib/python3.12/site-packages/airflow/example_dags/example_latest_only.py
[2024-10-16T12:59:47.541+0000] {processor.py:925} INFO - DAG(s) 'latest_only' retrieved from /home/airflow/.local/lib/python3.12/site-packages/airflow/example_dags/example_latest_only.py
[2024-10-16T12:59:47.560+0000] {logging_mixin.py:190} INFO - [2024-10-16T12:59:47.560+0000] {dag.py:3239} INFO - Sync 1 DAGs
[2024-10-16T12:59:47.585+0000] {logging_mixin.py:190} INFO - [2024-10-16T12:59:47.584+0000] {dag.py:4180} INFO - Setting next_dagrun for latest_only to 2024-10-16 08:00:00+00:00, run_after=2024-10-16 12:00:00+00:00
[2024-10-16T12:59:47.613+0000] {processor.py:208} INFO - Processing /home/airflow/.local/lib/python3.12/site-packages/airflow/example_dags/example_latest_only.py took 0.091 seconds
[2024-10-16T13:00:18.072+0000] {processor.py:186} INFO - Started process (PID=1296) to work on /home/airflow/.local/lib/python3.12/site-packages/airflow/example_dags/example_latest_only.py
[2024-10-16T13:00:18.074+0000] {processor.py:914} INFO - Processing file /home/airflow/.local/lib/python3.12/site-packages/airflow/example_dags/example_latest_only.py for tasks to queue
[2024-10-16T13:00:18.076+0000] {logging_mixin.py:190} INFO - [2024-10-16T13:00:18.076+0000] {dagbag.py:588} INFO - Filling up the DagBag from /home/airflow/.local/lib/python3.12/site-packages/airflow/example_dags/example_latest_only.py
[2024-10-16T13:00:18.083+0000] {processor.py:925} INFO - DAG(s) 'latest_only' retrieved from /home/airflow/.local/lib/python3.12/site-packages/airflow/example_dags/example_latest_only.py
[2024-10-16T13:00:18.105+0000] {logging_mixin.py:190} INFO - [2024-10-16T13:00:18.105+0000] {dag.py:3239} INFO - Sync 1 DAGs
[2024-10-16T13:00:18.130+0000] {logging_mixin.py:190} INFO - [2024-10-16T13:00:18.130+0000] {dag.py:4180} INFO - Setting next_dagrun for latest_only to 2024-10-16 08:00:00+00:00, run_after=2024-10-16 12:00:00+00:00
[2024-10-16T13:00:18.162+0000] {processor.py:208} INFO - Processing /home/airflow/.local/lib/python3.12/site-packages/airflow/example_dags/example_latest_only.py took 0.097 seconds
[2024-10-16T13:00:49.076+0000] {processor.py:186} INFO - Started process (PID=1358) to work on /home/airflow/.local/lib/python3.12/site-packages/airflow/example_dags/example_latest_only.py
[2024-10-16T13:00:49.077+0000] {processor.py:914} INFO - Processing file /home/airflow/.local/lib/python3.12/site-packages/airflow/example_dags/example_latest_only.py for tasks to queue
[2024-10-16T13:00:49.082+0000] {logging_mixin.py:190} INFO - [2024-10-16T13:00:49.081+0000] {dagbag.py:588} INFO - Filling up the DagBag from /home/airflow/.local/lib/python3.12/site-packages/airflow/example_dags/example_latest_only.py
[2024-10-16T13:00:49.090+0000] {processor.py:925} INFO - DAG(s) 'latest_only' retrieved from /home/airflow/.local/lib/python3.12/site-packages/airflow/example_dags/example_latest_only.py
[2024-10-16T13:00:49.116+0000] {logging_mixin.py:190} INFO - [2024-10-16T13:00:49.116+0000] {dag.py:3239} INFO - Sync 1 DAGs
[2024-10-16T13:00:49.145+0000] {logging_mixin.py:190} INFO - [2024-10-16T13:00:49.145+0000] {dag.py:4180} INFO - Setting next_dagrun for latest_only to 2024-10-16 08:00:00+00:00, run_after=2024-10-16 12:00:00+00:00
[2024-10-16T13:00:49.168+0000] {processor.py:208} INFO - Processing /home/airflow/.local/lib/python3.12/site-packages/airflow/example_dags/example_latest_only.py took 0.100 seconds
[2024-10-16T13:01:19.340+0000] {processor.py:186} INFO - Started process (PID=1420) to work on /home/airflow/.local/lib/python3.12/site-packages/airflow/example_dags/example_latest_only.py
[2024-10-16T13:01:19.341+0000] {processor.py:914} INFO - Processing file /home/airflow/.local/lib/python3.12/site-packages/airflow/example_dags/example_latest_only.py for tasks to queue
[2024-10-16T13:01:19.345+0000] {logging_mixin.py:190} INFO - [2024-10-16T13:01:19.344+0000] {dagbag.py:588} INFO - Filling up the DagBag from /home/airflow/.local/lib/python3.12/site-packages/airflow/example_dags/example_latest_only.py
[2024-10-16T13:01:19.351+0000] {processor.py:925} INFO - DAG(s) 'latest_only' retrieved from /home/airflow/.local/lib/python3.12/site-packages/airflow/example_dags/example_latest_only.py
[2024-10-16T13:01:19.373+0000] {logging_mixin.py:190} INFO - [2024-10-16T13:01:19.372+0000] {dag.py:3239} INFO - Sync 1 DAGs
[2024-10-16T13:01:19.407+0000] {logging_mixin.py:190} INFO - [2024-10-16T13:01:19.406+0000] {dag.py:4180} INFO - Setting next_dagrun for latest_only to 2024-10-16 08:00:00+00:00, run_after=2024-10-16 12:00:00+00:00
[2024-10-16T13:01:19.435+0000] {processor.py:208} INFO - Processing /home/airflow/.local/lib/python3.12/site-packages/airflow/example_dags/example_latest_only.py took 0.101 seconds
[2024-10-16T13:01:49.912+0000] {processor.py:186} INFO - Started process (PID=1481) to work on /home/airflow/.local/lib/python3.12/site-packages/airflow/example_dags/example_latest_only.py
[2024-10-16T13:01:49.913+0000] {processor.py:914} INFO - Processing file /home/airflow/.local/lib/python3.12/site-packages/airflow/example_dags/example_latest_only.py for tasks to queue
[2024-10-16T13:01:49.915+0000] {logging_mixin.py:190} INFO - [2024-10-16T13:01:49.915+0000] {dagbag.py:588} INFO - Filling up the DagBag from /home/airflow/.local/lib/python3.12/site-packages/airflow/example_dags/example_latest_only.py
[2024-10-16T13:01:49.921+0000] {processor.py:925} INFO - DAG(s) 'latest_only' retrieved from /home/airflow/.local/lib/python3.12/site-packages/airflow/example_dags/example_latest_only.py
[2024-10-16T13:01:49.940+0000] {logging_mixin.py:190} INFO - [2024-10-16T13:01:49.940+0000] {dag.py:3239} INFO - Sync 1 DAGs
[2024-10-16T13:01:49.959+0000] {logging_mixin.py:190} INFO - [2024-10-16T13:01:49.959+0000] {dag.py:4180} INFO - Setting next_dagrun for latest_only to 2024-10-16 08:00:00+00:00, run_after=2024-10-16 12:00:00+00:00
[2024-10-16T13:01:49.972+0000] {processor.py:208} INFO - Processing /home/airflow/.local/lib/python3.12/site-packages/airflow/example_dags/example_latest_only.py took 0.065 seconds
[2024-10-16T13:02:21.652+0000] {processor.py:186} INFO - Started process (PID=1544) to work on /home/airflow/.local/lib/python3.12/site-packages/airflow/example_dags/example_latest_only.py
[2024-10-16T13:02:21.654+0000] {processor.py:914} INFO - Processing file /home/airflow/.local/lib/python3.12/site-packages/airflow/example_dags/example_latest_only.py for tasks to queue
[2024-10-16T13:02:21.656+0000] {logging_mixin.py:190} INFO - [2024-10-16T13:02:21.656+0000] {dagbag.py:588} INFO - Filling up the DagBag from /home/airflow/.local/lib/python3.12/site-packages/airflow/example_dags/example_latest_only.py
[2024-10-16T13:02:21.669+0000] {processor.py:925} INFO - DAG(s) 'latest_only' retrieved from /home/airflow/.local/lib/python3.12/site-packages/airflow/example_dags/example_latest_only.py
[2024-10-16T13:02:21.701+0000] {logging_mixin.py:190} INFO - [2024-10-16T13:02:21.701+0000] {dag.py:3239} INFO - Sync 1 DAGs
[2024-10-16T13:02:21.760+0000] {logging_mixin.py:190} INFO - [2024-10-16T13:02:21.760+0000] {dag.py:4180} INFO - Setting next_dagrun for latest_only to 2024-10-16 08:00:00+00:00, run_after=2024-10-16 12:00:00+00:00
[2024-10-16T13:02:21.804+0000] {processor.py:208} INFO - Processing /home/airflow/.local/lib/python3.12/site-packages/airflow/example_dags/example_latest_only.py took 0.168 seconds
[2024-10-16T13:02:52.281+0000] {processor.py:186} INFO - Started process (PID=1606) to work on /home/airflow/.local/lib/python3.12/site-packages/airflow/example_dags/example_latest_only.py
[2024-10-16T13:02:52.283+0000] {processor.py:914} INFO - Processing file /home/airflow/.local/lib/python3.12/site-packages/airflow/example_dags/example_latest_only.py for tasks to queue
[2024-10-16T13:02:52.287+0000] {logging_mixin.py:190} INFO - [2024-10-16T13:02:52.286+0000] {dagbag.py:588} INFO - Filling up the DagBag from /home/airflow/.local/lib/python3.12/site-packages/airflow/example_dags/example_latest_only.py
[2024-10-16T13:02:52.299+0000] {processor.py:925} INFO - DAG(s) 'latest_only' retrieved from /home/airflow/.local/lib/python3.12/site-packages/airflow/example_dags/example_latest_only.py
[2024-10-16T13:02:52.333+0000] {logging_mixin.py:190} INFO - [2024-10-16T13:02:52.333+0000] {dag.py:3239} INFO - Sync 1 DAGs
[2024-10-16T13:02:52.379+0000] {logging_mixin.py:190} INFO - [2024-10-16T13:02:52.379+0000] {dag.py:4180} INFO - Setting next_dagrun for latest_only to 2024-10-16 08:00:00+00:00, run_after=2024-10-16 12:00:00+00:00
[2024-10-16T13:02:52.413+0000] {processor.py:208} INFO - Processing /home/airflow/.local/lib/python3.12/site-packages/airflow/example_dags/example_latest_only.py took 0.142 seconds
[2024-10-16T13:03:22.539+0000] {processor.py:186} INFO - Started process (PID=1669) to work on /home/airflow/.local/lib/python3.12/site-packages/airflow/example_dags/example_latest_only.py
[2024-10-16T13:03:22.540+0000] {processor.py:914} INFO - Processing file /home/airflow/.local/lib/python3.12/site-packages/airflow/example_dags/example_latest_only.py for tasks to queue
[2024-10-16T13:03:22.543+0000] {logging_mixin.py:190} INFO - [2024-10-16T13:03:22.542+0000] {dagbag.py:588} INFO - Filling up the DagBag from /home/airflow/.local/lib/python3.12/site-packages/airflow/example_dags/example_latest_only.py
[2024-10-16T13:03:22.551+0000] {processor.py:925} INFO - DAG(s) 'latest_only' retrieved from /home/airflow/.local/lib/python3.12/site-packages/airflow/example_dags/example_latest_only.py
[2024-10-16T13:03:22.573+0000] {logging_mixin.py:190} INFO - [2024-10-16T13:03:22.573+0000] {dag.py:3239} INFO - Sync 1 DAGs
[2024-10-16T13:03:22.601+0000] {logging_mixin.py:190} INFO - [2024-10-16T13:03:22.601+0000] {dag.py:4180} INFO - Setting next_dagrun for latest_only to 2024-10-16 08:00:00+00:00, run_after=2024-10-16 12:00:00+00:00
[2024-10-16T13:03:22.631+0000] {processor.py:208} INFO - Processing /home/airflow/.local/lib/python3.12/site-packages/airflow/example_dags/example_latest_only.py took 0.099 seconds
[2024-10-16T13:03:53.484+0000] {processor.py:186} INFO - Started process (PID=1731) to work on /home/airflow/.local/lib/python3.12/site-packages/airflow/example_dags/example_latest_only.py
[2024-10-16T13:03:53.485+0000] {processor.py:914} INFO - Processing file /home/airflow/.local/lib/python3.12/site-packages/airflow/example_dags/example_latest_only.py for tasks to queue
[2024-10-16T13:03:53.488+0000] {logging_mixin.py:190} INFO - [2024-10-16T13:03:53.487+0000] {dagbag.py:588} INFO - Filling up the DagBag from /home/airflow/.local/lib/python3.12/site-packages/airflow/example_dags/example_latest_only.py
[2024-10-16T13:03:53.499+0000] {processor.py:925} INFO - DAG(s) 'latest_only' retrieved from /home/airflow/.local/lib/python3.12/site-packages/airflow/example_dags/example_latest_only.py
[2024-10-16T13:03:53.522+0000] {logging_mixin.py:190} INFO - [2024-10-16T13:03:53.522+0000] {dag.py:3239} INFO - Sync 1 DAGs
[2024-10-16T13:03:53.549+0000] {logging_mixin.py:190} INFO - [2024-10-16T13:03:53.548+0000] {dag.py:4180} INFO - Setting next_dagrun for latest_only to 2024-10-16 08:00:00+00:00, run_after=2024-10-16 12:00:00+00:00
[2024-10-16T13:03:53.580+0000] {processor.py:208} INFO - Processing /home/airflow/.local/lib/python3.12/site-packages/airflow/example_dags/example_latest_only.py took 0.104 seconds
[2024-10-16T13:04:24.351+0000] {processor.py:186} INFO - Started process (PID=1793) to work on /home/airflow/.local/lib/python3.12/site-packages/airflow/example_dags/example_latest_only.py
[2024-10-16T13:04:24.352+0000] {processor.py:914} INFO - Processing file /home/airflow/.local/lib/python3.12/site-packages/airflow/example_dags/example_latest_only.py for tasks to queue
[2024-10-16T13:04:24.355+0000] {logging_mixin.py:190} INFO - [2024-10-16T13:04:24.355+0000] {dagbag.py:588} INFO - Filling up the DagBag from /home/airflow/.local/lib/python3.12/site-packages/airflow/example_dags/example_latest_only.py
[2024-10-16T13:04:24.366+0000] {processor.py:925} INFO - DAG(s) 'latest_only' retrieved from /home/airflow/.local/lib/python3.12/site-packages/airflow/example_dags/example_latest_only.py
[2024-10-16T13:04:24.387+0000] {logging_mixin.py:190} INFO - [2024-10-16T13:04:24.387+0000] {dag.py:3239} INFO - Sync 1 DAGs
[2024-10-16T13:04:24.415+0000] {logging_mixin.py:190} INFO - [2024-10-16T13:04:24.415+0000] {dag.py:4180} INFO - Setting next_dagrun for latest_only to 2024-10-16 08:00:00+00:00, run_after=2024-10-16 12:00:00+00:00
[2024-10-16T13:04:24.455+0000] {processor.py:208} INFO - Processing /home/airflow/.local/lib/python3.12/site-packages/airflow/example_dags/example_latest_only.py took 0.112 seconds
[2024-10-16T13:08:08.677+0000] {processor.py:186} INFO - Started process (PID=109) to work on /home/airflow/.local/lib/python3.12/site-packages/airflow/example_dags/example_latest_only.py
[2024-10-16T13:08:08.679+0000] {processor.py:914} INFO - Processing file /home/airflow/.local/lib/python3.12/site-packages/airflow/example_dags/example_latest_only.py for tasks to queue
[2024-10-16T13:08:08.682+0000] {logging_mixin.py:190} INFO - [2024-10-16T13:08:08.681+0000] {dagbag.py:588} INFO - Filling up the DagBag from /home/airflow/.local/lib/python3.12/site-packages/airflow/example_dags/example_latest_only.py
[2024-10-16T13:08:08.692+0000] {processor.py:925} INFO - DAG(s) 'latest_only' retrieved from /home/airflow/.local/lib/python3.12/site-packages/airflow/example_dags/example_latest_only.py
[2024-10-16T13:08:08.806+0000] {logging_mixin.py:190} INFO - [2024-10-16T13:08:08.805+0000] {override.py:1900} INFO - Created Permission View: can read on DAG:latest_only
[2024-10-16T13:08:08.818+0000] {logging_mixin.py:190} INFO - [2024-10-16T13:08:08.818+0000] {override.py:1900} INFO - Created Permission View: can delete on DAG:latest_only
[2024-10-16T13:08:08.825+0000] {logging_mixin.py:190} INFO - [2024-10-16T13:08:08.824+0000] {override.py:1900} INFO - Created Permission View: can edit on DAG:latest_only
[2024-10-16T13:08:08.832+0000] {logging_mixin.py:190} INFO - [2024-10-16T13:08:08.831+0000] {override.py:1900} INFO - Created Permission View: can create on DAG Run:latest_only
[2024-10-16T13:08:08.839+0000] {logging_mixin.py:190} INFO - [2024-10-16T13:08:08.838+0000] {override.py:1900} INFO - Created Permission View: menu access on DAG Run:latest_only
[2024-10-16T13:08:08.845+0000] {logging_mixin.py:190} INFO - [2024-10-16T13:08:08.845+0000] {override.py:1900} INFO - Created Permission View: can read on DAG Run:latest_only
[2024-10-16T13:08:08.851+0000] {logging_mixin.py:190} INFO - [2024-10-16T13:08:08.851+0000] {override.py:1900} INFO - Created Permission View: can delete on DAG Run:latest_only
[2024-10-16T13:08:08.852+0000] {logging_mixin.py:190} INFO - [2024-10-16T13:08:08.852+0000] {dag.py:3239} INFO - Sync 1 DAGs
[2024-10-16T13:08:08.872+0000] {logging_mixin.py:190} INFO - [2024-10-16T13:08:08.872+0000] {dag.py:3262} INFO - Creating ORM DAG for latest_only
[2024-10-16T13:08:08.885+0000] {logging_mixin.py:190} INFO - [2024-10-16T13:08:08.885+0000] {dag.py:4180} INFO - Setting next_dagrun for latest_only to 2024-10-16 08:00:00+00:00, run_after=2024-10-16 12:00:00+00:00
[2024-10-16T13:08:08.908+0000] {processor.py:208} INFO - Processing /home/airflow/.local/lib/python3.12/site-packages/airflow/example_dags/example_latest_only.py took 0.238 seconds
[2024-10-16T13:08:39.298+0000] {processor.py:186} INFO - Started process (PID=172) to work on /home/airflow/.local/lib/python3.12/site-packages/airflow/example_dags/example_latest_only.py
[2024-10-16T13:08:39.299+0000] {processor.py:914} INFO - Processing file /home/airflow/.local/lib/python3.12/site-packages/airflow/example_dags/example_latest_only.py for tasks to queue
[2024-10-16T13:08:39.303+0000] {logging_mixin.py:190} INFO - [2024-10-16T13:08:39.303+0000] {dagbag.py:588} INFO - Filling up the DagBag from /home/airflow/.local/lib/python3.12/site-packages/airflow/example_dags/example_latest_only.py
[2024-10-16T13:08:39.312+0000] {processor.py:925} INFO - DAG(s) 'latest_only' retrieved from /home/airflow/.local/lib/python3.12/site-packages/airflow/example_dags/example_latest_only.py
[2024-10-16T13:08:39.336+0000] {logging_mixin.py:190} INFO - [2024-10-16T13:08:39.336+0000] {dag.py:3239} INFO - Sync 1 DAGs
[2024-10-16T13:08:39.364+0000] {logging_mixin.py:190} INFO - [2024-10-16T13:08:39.364+0000] {dag.py:4180} INFO - Setting next_dagrun for latest_only to 2024-10-16 08:00:00+00:00, run_after=2024-10-16 12:00:00+00:00
[2024-10-16T13:08:39.396+0000] {processor.py:208} INFO - Processing /home/airflow/.local/lib/python3.12/site-packages/airflow/example_dags/example_latest_only.py took 0.103 seconds
[2024-10-16T13:09:09.651+0000] {processor.py:186} INFO - Started process (PID=235) to work on /home/airflow/.local/lib/python3.12/site-packages/airflow/example_dags/example_latest_only.py
[2024-10-16T13:09:09.652+0000] {processor.py:914} INFO - Processing file /home/airflow/.local/lib/python3.12/site-packages/airflow/example_dags/example_latest_only.py for tasks to queue
[2024-10-16T13:09:09.654+0000] {logging_mixin.py:190} INFO - [2024-10-16T13:09:09.654+0000] {dagbag.py:588} INFO - Filling up the DagBag from /home/airflow/.local/lib/python3.12/site-packages/airflow/example_dags/example_latest_only.py
[2024-10-16T13:09:09.660+0000] {processor.py:925} INFO - DAG(s) 'latest_only' retrieved from /home/airflow/.local/lib/python3.12/site-packages/airflow/example_dags/example_latest_only.py
[2024-10-16T13:09:09.682+0000] {logging_mixin.py:190} INFO - [2024-10-16T13:09:09.682+0000] {dag.py:3239} INFO - Sync 1 DAGs
[2024-10-16T13:09:09.702+0000] {logging_mixin.py:190} INFO - [2024-10-16T13:09:09.701+0000] {dag.py:4180} INFO - Setting next_dagrun for latest_only to 2024-10-16 08:00:00+00:00, run_after=2024-10-16 12:00:00+00:00
[2024-10-16T13:09:09.726+0000] {processor.py:208} INFO - Processing /home/airflow/.local/lib/python3.12/site-packages/airflow/example_dags/example_latest_only.py took 0.080 seconds
[2024-10-16T13:09:40.111+0000] {processor.py:186} INFO - Started process (PID=298) to work on /home/airflow/.local/lib/python3.12/site-packages/airflow/example_dags/example_latest_only.py
[2024-10-16T13:09:40.112+0000] {processor.py:914} INFO - Processing file /home/airflow/.local/lib/python3.12/site-packages/airflow/example_dags/example_latest_only.py for tasks to queue
[2024-10-16T13:09:40.117+0000] {logging_mixin.py:190} INFO - [2024-10-16T13:09:40.116+0000] {dagbag.py:588} INFO - Filling up the DagBag from /home/airflow/.local/lib/python3.12/site-packages/airflow/example_dags/example_latest_only.py
[2024-10-16T13:09:40.127+0000] {processor.py:925} INFO - DAG(s) 'latest_only' retrieved from /home/airflow/.local/lib/python3.12/site-packages/airflow/example_dags/example_latest_only.py
[2024-10-16T13:09:40.156+0000] {logging_mixin.py:190} INFO - [2024-10-16T13:09:40.156+0000] {dag.py:3239} INFO - Sync 1 DAGs
[2024-10-16T13:09:40.187+0000] {logging_mixin.py:190} INFO - [2024-10-16T13:09:40.186+0000] {dag.py:4180} INFO - Setting next_dagrun for latest_only to 2024-10-16 08:00:00+00:00, run_after=2024-10-16 12:00:00+00:00
[2024-10-16T13:09:40.213+0000] {processor.py:208} INFO - Processing /home/airflow/.local/lib/python3.12/site-packages/airflow/example_dags/example_latest_only.py took 0.109 seconds
[2024-10-16T13:10:10.433+0000] {processor.py:186} INFO - Started process (PID=361) to work on /home/airflow/.local/lib/python3.12/site-packages/airflow/example_dags/example_latest_only.py
[2024-10-16T13:10:10.434+0000] {processor.py:914} INFO - Processing file /home/airflow/.local/lib/python3.12/site-packages/airflow/example_dags/example_latest_only.py for tasks to queue
[2024-10-16T13:10:10.437+0000] {logging_mixin.py:190} INFO - [2024-10-16T13:10:10.436+0000] {dagbag.py:588} INFO - Filling up the DagBag from /home/airflow/.local/lib/python3.12/site-packages/airflow/example_dags/example_latest_only.py
[2024-10-16T13:10:10.444+0000] {processor.py:925} INFO - DAG(s) 'latest_only' retrieved from /home/airflow/.local/lib/python3.12/site-packages/airflow/example_dags/example_latest_only.py
[2024-10-16T13:10:10.467+0000] {logging_mixin.py:190} INFO - [2024-10-16T13:10:10.467+0000] {dag.py:3239} INFO - Sync 1 DAGs
[2024-10-16T13:10:10.494+0000] {logging_mixin.py:190} INFO - [2024-10-16T13:10:10.494+0000] {dag.py:4180} INFO - Setting next_dagrun for latest_only to 2024-10-16 08:00:00+00:00, run_after=2024-10-16 12:00:00+00:00
[2024-10-16T13:10:10.520+0000] {processor.py:208} INFO - Processing /home/airflow/.local/lib/python3.12/site-packages/airflow/example_dags/example_latest_only.py took 0.093 seconds
[2024-10-16T13:10:41.264+0000] {processor.py:186} INFO - Started process (PID=424) to work on /home/airflow/.local/lib/python3.12/site-packages/airflow/example_dags/example_latest_only.py
[2024-10-16T13:10:41.266+0000] {processor.py:914} INFO - Processing file /home/airflow/.local/lib/python3.12/site-packages/airflow/example_dags/example_latest_only.py for tasks to queue
[2024-10-16T13:10:41.269+0000] {logging_mixin.py:190} INFO - [2024-10-16T13:10:41.268+0000] {dagbag.py:588} INFO - Filling up the DagBag from /home/airflow/.local/lib/python3.12/site-packages/airflow/example_dags/example_latest_only.py
[2024-10-16T13:10:41.278+0000] {processor.py:925} INFO - DAG(s) 'latest_only' retrieved from /home/airflow/.local/lib/python3.12/site-packages/airflow/example_dags/example_latest_only.py
[2024-10-16T13:10:41.299+0000] {logging_mixin.py:190} INFO - [2024-10-16T13:10:41.299+0000] {dag.py:3239} INFO - Sync 1 DAGs
[2024-10-16T13:10:41.322+0000] {logging_mixin.py:190} INFO - [2024-10-16T13:10:41.322+0000] {dag.py:4180} INFO - Setting next_dagrun for latest_only to 2024-10-16 08:00:00+00:00, run_after=2024-10-16 12:00:00+00:00
[2024-10-16T13:10:41.346+0000] {processor.py:208} INFO - Processing /home/airflow/.local/lib/python3.12/site-packages/airflow/example_dags/example_latest_only.py took 0.086 seconds
[2024-10-16T13:11:12.130+0000] {processor.py:186} INFO - Started process (PID=487) to work on /home/airflow/.local/lib/python3.12/site-packages/airflow/example_dags/example_latest_only.py
[2024-10-16T13:11:12.132+0000] {processor.py:914} INFO - Processing file /home/airflow/.local/lib/python3.12/site-packages/airflow/example_dags/example_latest_only.py for tasks to queue
[2024-10-16T13:11:12.137+0000] {logging_mixin.py:190} INFO - [2024-10-16T13:11:12.137+0000] {dagbag.py:588} INFO - Filling up the DagBag from /home/airflow/.local/lib/python3.12/site-packages/airflow/example_dags/example_latest_only.py
[2024-10-16T13:11:12.147+0000] {processor.py:925} INFO - DAG(s) 'latest_only' retrieved from /home/airflow/.local/lib/python3.12/site-packages/airflow/example_dags/example_latest_only.py
[2024-10-16T13:11:12.188+0000] {logging_mixin.py:190} INFO - [2024-10-16T13:11:12.187+0000] {dag.py:3239} INFO - Sync 1 DAGs
[2024-10-16T13:11:12.224+0000] {logging_mixin.py:190} INFO - [2024-10-16T13:11:12.223+0000] {dag.py:4180} INFO - Setting next_dagrun for latest_only to 2024-10-16 08:00:00+00:00, run_after=2024-10-16 12:00:00+00:00
[2024-10-16T13:11:12.254+0000] {processor.py:208} INFO - Processing /home/airflow/.local/lib/python3.12/site-packages/airflow/example_dags/example_latest_only.py took 0.132 seconds
[2024-10-16T13:12:48.531+0000] {processor.py:186} INFO - Started process (PID=108) to work on /home/airflow/.local/lib/python3.12/site-packages/airflow/example_dags/example_latest_only.py
[2024-10-16T13:12:48.533+0000] {processor.py:914} INFO - Processing file /home/airflow/.local/lib/python3.12/site-packages/airflow/example_dags/example_latest_only.py for tasks to queue
[2024-10-16T13:12:48.535+0000] {logging_mixin.py:190} INFO - [2024-10-16T13:12:48.535+0000] {dagbag.py:588} INFO - Filling up the DagBag from /home/airflow/.local/lib/python3.12/site-packages/airflow/example_dags/example_latest_only.py
[2024-10-16T13:12:48.541+0000] {processor.py:925} INFO - DAG(s) 'latest_only' retrieved from /home/airflow/.local/lib/python3.12/site-packages/airflow/example_dags/example_latest_only.py
[2024-10-16T13:12:48.652+0000] {logging_mixin.py:190} INFO - [2024-10-16T13:12:48.651+0000] {override.py:1900} INFO - Created Permission View: can read on DAG:latest_only
[2024-10-16T13:12:48.665+0000] {logging_mixin.py:190} INFO - [2024-10-16T13:12:48.664+0000] {override.py:1900} INFO - Created Permission View: can edit on DAG:latest_only
[2024-10-16T13:12:48.673+0000] {logging_mixin.py:190} INFO - [2024-10-16T13:12:48.672+0000] {override.py:1900} INFO - Created Permission View: can delete on DAG:latest_only
[2024-10-16T13:12:48.681+0000] {logging_mixin.py:190} INFO - [2024-10-16T13:12:48.681+0000] {override.py:1900} INFO - Created Permission View: can read on DAG Run:latest_only
[2024-10-16T13:12:48.690+0000] {logging_mixin.py:190} INFO - [2024-10-16T13:12:48.690+0000] {override.py:1900} INFO - Created Permission View: menu access on DAG Run:latest_only
[2024-10-16T13:12:48.697+0000] {logging_mixin.py:190} INFO - [2024-10-16T13:12:48.696+0000] {override.py:1900} INFO - Created Permission View: can delete on DAG Run:latest_only
[2024-10-16T13:12:48.704+0000] {logging_mixin.py:190} INFO - [2024-10-16T13:12:48.703+0000] {override.py:1900} INFO - Created Permission View: can create on DAG Run:latest_only
[2024-10-16T13:12:48.705+0000] {logging_mixin.py:190} INFO - [2024-10-16T13:12:48.704+0000] {dag.py:3239} INFO - Sync 1 DAGs
[2024-10-16T13:12:48.718+0000] {logging_mixin.py:190} INFO - [2024-10-16T13:12:48.717+0000] {dag.py:3262} INFO - Creating ORM DAG for latest_only
[2024-10-16T13:12:48.727+0000] {logging_mixin.py:190} INFO - [2024-10-16T13:12:48.727+0000] {dag.py:4180} INFO - Setting next_dagrun for latest_only to 2024-10-16 08:00:00+00:00, run_after=2024-10-16 12:00:00+00:00
[2024-10-16T13:12:48.756+0000] {processor.py:208} INFO - Processing /home/airflow/.local/lib/python3.12/site-packages/airflow/example_dags/example_latest_only.py took 0.233 seconds
[2024-10-16T13:13:19.168+0000] {processor.py:186} INFO - Started process (PID=171) to work on /home/airflow/.local/lib/python3.12/site-packages/airflow/example_dags/example_latest_only.py
[2024-10-16T13:13:19.169+0000] {processor.py:914} INFO - Processing file /home/airflow/.local/lib/python3.12/site-packages/airflow/example_dags/example_latest_only.py for tasks to queue
[2024-10-16T13:13:19.179+0000] {logging_mixin.py:190} INFO - [2024-10-16T13:13:19.178+0000] {dagbag.py:588} INFO - Filling up the DagBag from /home/airflow/.local/lib/python3.12/site-packages/airflow/example_dags/example_latest_only.py
[2024-10-16T13:13:19.187+0000] {processor.py:925} INFO - DAG(s) 'latest_only' retrieved from /home/airflow/.local/lib/python3.12/site-packages/airflow/example_dags/example_latest_only.py
[2024-10-16T13:13:19.216+0000] {logging_mixin.py:190} INFO - [2024-10-16T13:13:19.216+0000] {dag.py:3239} INFO - Sync 1 DAGs
[2024-10-16T13:13:19.242+0000] {logging_mixin.py:190} INFO - [2024-10-16T13:13:19.242+0000] {dag.py:4180} INFO - Setting next_dagrun for latest_only to 2024-10-16 08:00:00+00:00, run_after=2024-10-16 12:00:00+00:00
[2024-10-16T13:13:19.268+0000] {processor.py:208} INFO - Processing /home/airflow/.local/lib/python3.12/site-packages/airflow/example_dags/example_latest_only.py took 0.109 seconds
[2024-10-16T13:14:49.915+0000] {processor.py:186} INFO - Started process (PID=110) to work on /home/airflow/.local/lib/python3.12/site-packages/airflow/example_dags/example_latest_only.py
[2024-10-16T13:14:49.917+0000] {processor.py:914} INFO - Processing file /home/airflow/.local/lib/python3.12/site-packages/airflow/example_dags/example_latest_only.py for tasks to queue
[2024-10-16T13:14:49.920+0000] {logging_mixin.py:190} INFO - [2024-10-16T13:14:49.920+0000] {dagbag.py:588} INFO - Filling up the DagBag from /home/airflow/.local/lib/python3.12/site-packages/airflow/example_dags/example_latest_only.py
[2024-10-16T13:14:49.930+0000] {processor.py:925} INFO - DAG(s) 'latest_only' retrieved from /home/airflow/.local/lib/python3.12/site-packages/airflow/example_dags/example_latest_only.py
[2024-10-16T13:14:50.042+0000] {logging_mixin.py:190} INFO - [2024-10-16T13:14:50.041+0000] {override.py:1900} INFO - Created Permission View: can read on DAG:latest_only
[2024-10-16T13:14:50.054+0000] {logging_mixin.py:190} INFO - [2024-10-16T13:14:50.053+0000] {override.py:1900} INFO - Created Permission View: can delete on DAG:latest_only
[2024-10-16T13:14:50.061+0000] {logging_mixin.py:190} INFO - [2024-10-16T13:14:50.061+0000] {override.py:1900} INFO - Created Permission View: can edit on DAG:latest_only
[2024-10-16T13:14:50.069+0000] {logging_mixin.py:190} INFO - [2024-10-16T13:14:50.069+0000] {override.py:1900} INFO - Created Permission View: can read on DAG Run:latest_only
[2024-10-16T13:14:50.076+0000] {logging_mixin.py:190} INFO - [2024-10-16T13:14:50.076+0000] {override.py:1900} INFO - Created Permission View: can create on DAG Run:latest_only
[2024-10-16T13:14:50.084+0000] {logging_mixin.py:190} INFO - [2024-10-16T13:14:50.084+0000] {override.py:1900} INFO - Created Permission View: can delete on DAG Run:latest_only
[2024-10-16T13:14:50.092+0000] {logging_mixin.py:190} INFO - [2024-10-16T13:14:50.092+0000] {override.py:1900} INFO - Created Permission View: menu access on DAG Run:latest_only
[2024-10-16T13:14:50.092+0000] {logging_mixin.py:190} INFO - [2024-10-16T13:14:50.092+0000] {dag.py:3239} INFO - Sync 1 DAGs
[2024-10-16T13:14:50.106+0000] {logging_mixin.py:190} INFO - [2024-10-16T13:14:50.106+0000] {dag.py:3262} INFO - Creating ORM DAG for latest_only
[2024-10-16T13:14:50.116+0000] {logging_mixin.py:190} INFO - [2024-10-16T13:14:50.116+0000] {dag.py:4180} INFO - Setting next_dagrun for latest_only to 2024-10-16 08:00:00+00:00, run_after=2024-10-16 12:00:00+00:00
[2024-10-16T13:14:50.139+0000] {processor.py:208} INFO - Processing /home/airflow/.local/lib/python3.12/site-packages/airflow/example_dags/example_latest_only.py took 0.229 seconds
[2024-10-16T13:16:19.244+0000] {processor.py:186} INFO - Started process (PID=109) to work on /home/airflow/.local/lib/python3.12/site-packages/airflow/example_dags/example_latest_only.py
[2024-10-16T13:16:19.245+0000] {processor.py:914} INFO - Processing file /home/airflow/.local/lib/python3.12/site-packages/airflow/example_dags/example_latest_only.py for tasks to queue
[2024-10-16T13:16:19.248+0000] {logging_mixin.py:190} INFO - [2024-10-16T13:16:19.248+0000] {dagbag.py:588} INFO - Filling up the DagBag from /home/airflow/.local/lib/python3.12/site-packages/airflow/example_dags/example_latest_only.py
[2024-10-16T13:16:19.255+0000] {processor.py:925} INFO - DAG(s) 'latest_only' retrieved from /home/airflow/.local/lib/python3.12/site-packages/airflow/example_dags/example_latest_only.py
[2024-10-16T13:16:19.366+0000] {logging_mixin.py:190} INFO - [2024-10-16T13:16:19.365+0000] {override.py:1900} INFO - Created Permission View: can edit on DAG:latest_only
[2024-10-16T13:16:19.376+0000] {logging_mixin.py:190} INFO - [2024-10-16T13:16:19.375+0000] {override.py:1900} INFO - Created Permission View: can read on DAG:latest_only
[2024-10-16T13:16:19.382+0000] {logging_mixin.py:190} INFO - [2024-10-16T13:16:19.382+0000] {override.py:1900} INFO - Created Permission View: can delete on DAG:latest_only
[2024-10-16T13:16:19.388+0000] {logging_mixin.py:190} INFO - [2024-10-16T13:16:19.388+0000] {override.py:1900} INFO - Created Permission View: menu access on DAG Run:latest_only
[2024-10-16T13:16:19.394+0000] {logging_mixin.py:190} INFO - [2024-10-16T13:16:19.394+0000] {override.py:1900} INFO - Created Permission View: can read on DAG Run:latest_only
[2024-10-16T13:16:19.400+0000] {logging_mixin.py:190} INFO - [2024-10-16T13:16:19.399+0000] {override.py:1900} INFO - Created Permission View: can create on DAG Run:latest_only
[2024-10-16T13:16:19.407+0000] {logging_mixin.py:190} INFO - [2024-10-16T13:16:19.406+0000] {override.py:1900} INFO - Created Permission View: can delete on DAG Run:latest_only
[2024-10-16T13:16:19.408+0000] {logging_mixin.py:190} INFO - [2024-10-16T13:16:19.408+0000] {dag.py:3239} INFO - Sync 1 DAGs
[2024-10-16T13:16:19.422+0000] {logging_mixin.py:190} INFO - [2024-10-16T13:16:19.422+0000] {dag.py:3262} INFO - Creating ORM DAG for latest_only
[2024-10-16T13:16:19.433+0000] {logging_mixin.py:190} INFO - [2024-10-16T13:16:19.433+0000] {dag.py:4180} INFO - Setting next_dagrun for latest_only to 2024-10-16 08:00:00+00:00, run_after=2024-10-16 12:00:00+00:00
[2024-10-16T13:16:19.454+0000] {processor.py:208} INFO - Processing /home/airflow/.local/lib/python3.12/site-packages/airflow/example_dags/example_latest_only.py took 0.213 seconds
[2024-10-16T13:16:49.540+0000] {processor.py:186} INFO - Started process (PID=172) to work on /home/airflow/.local/lib/python3.12/site-packages/airflow/example_dags/example_latest_only.py
[2024-10-16T13:16:49.542+0000] {processor.py:914} INFO - Processing file /home/airflow/.local/lib/python3.12/site-packages/airflow/example_dags/example_latest_only.py for tasks to queue
[2024-10-16T13:16:49.546+0000] {logging_mixin.py:190} INFO - [2024-10-16T13:16:49.545+0000] {dagbag.py:588} INFO - Filling up the DagBag from /home/airflow/.local/lib/python3.12/site-packages/airflow/example_dags/example_latest_only.py
[2024-10-16T13:16:49.557+0000] {processor.py:925} INFO - DAG(s) 'latest_only' retrieved from /home/airflow/.local/lib/python3.12/site-packages/airflow/example_dags/example_latest_only.py
[2024-10-16T13:16:49.585+0000] {logging_mixin.py:190} INFO - [2024-10-16T13:16:49.585+0000] {dag.py:3239} INFO - Sync 1 DAGs
[2024-10-16T13:16:49.635+0000] {logging_mixin.py:190} INFO - [2024-10-16T13:16:49.635+0000] {dag.py:4180} INFO - Setting next_dagrun for latest_only to 2024-10-16 08:00:00+00:00, run_after=2024-10-16 12:00:00+00:00
[2024-10-16T13:16:49.735+0000] {processor.py:208} INFO - Processing /home/airflow/.local/lib/python3.12/site-packages/airflow/example_dags/example_latest_only.py took 0.204 seconds
[2024-10-16T13:17:20.000+0000] {processor.py:186} INFO - Started process (PID=235) to work on /home/airflow/.local/lib/python3.12/site-packages/airflow/example_dags/example_latest_only.py
[2024-10-16T13:17:20.002+0000] {processor.py:914} INFO - Processing file /home/airflow/.local/lib/python3.12/site-packages/airflow/example_dags/example_latest_only.py for tasks to queue
[2024-10-16T13:17:20.004+0000] {logging_mixin.py:190} INFO - [2024-10-16T13:17:20.004+0000] {dagbag.py:588} INFO - Filling up the DagBag from /home/airflow/.local/lib/python3.12/site-packages/airflow/example_dags/example_latest_only.py
[2024-10-16T13:17:20.013+0000] {processor.py:925} INFO - DAG(s) 'latest_only' retrieved from /home/airflow/.local/lib/python3.12/site-packages/airflow/example_dags/example_latest_only.py
[2024-10-16T13:17:20.039+0000] {logging_mixin.py:190} INFO - [2024-10-16T13:17:20.038+0000] {dag.py:3239} INFO - Sync 1 DAGs
[2024-10-16T13:17:20.068+0000] {logging_mixin.py:190} INFO - [2024-10-16T13:17:20.068+0000] {dag.py:4180} INFO - Setting next_dagrun for latest_only to 2024-10-16 08:00:00+00:00, run_after=2024-10-16 12:00:00+00:00
[2024-10-16T13:17:20.101+0000] {processor.py:208} INFO - Processing /home/airflow/.local/lib/python3.12/site-packages/airflow/example_dags/example_latest_only.py took 0.106 seconds
[2024-10-16T13:17:50.669+0000] {processor.py:186} INFO - Started process (PID=298) to work on /home/airflow/.local/lib/python3.12/site-packages/airflow/example_dags/example_latest_only.py
[2024-10-16T13:17:50.675+0000] {processor.py:914} INFO - Processing file /home/airflow/.local/lib/python3.12/site-packages/airflow/example_dags/example_latest_only.py for tasks to queue
[2024-10-16T13:17:50.678+0000] {logging_mixin.py:190} INFO - [2024-10-16T13:17:50.677+0000] {dagbag.py:588} INFO - Filling up the DagBag from /home/airflow/.local/lib/python3.12/site-packages/airflow/example_dags/example_latest_only.py
[2024-10-16T13:17:50.686+0000] {processor.py:925} INFO - DAG(s) 'latest_only' retrieved from /home/airflow/.local/lib/python3.12/site-packages/airflow/example_dags/example_latest_only.py
[2024-10-16T13:17:50.712+0000] {logging_mixin.py:190} INFO - [2024-10-16T13:17:50.711+0000] {dag.py:3239} INFO - Sync 1 DAGs
[2024-10-16T13:17:50.742+0000] {logging_mixin.py:190} INFO - [2024-10-16T13:17:50.742+0000] {dag.py:4180} INFO - Setting next_dagrun for latest_only to 2024-10-16 08:00:00+00:00, run_after=2024-10-16 12:00:00+00:00
[2024-10-16T13:17:50.766+0000] {processor.py:208} INFO - Processing /home/airflow/.local/lib/python3.12/site-packages/airflow/example_dags/example_latest_only.py took 0.101 seconds
[2024-10-16T13:18:21.569+0000] {processor.py:186} INFO - Started process (PID=361) to work on /home/airflow/.local/lib/python3.12/site-packages/airflow/example_dags/example_latest_only.py
[2024-10-16T13:18:21.571+0000] {processor.py:914} INFO - Processing file /home/airflow/.local/lib/python3.12/site-packages/airflow/example_dags/example_latest_only.py for tasks to queue
[2024-10-16T13:18:21.574+0000] {logging_mixin.py:190} INFO - [2024-10-16T13:18:21.573+0000] {dagbag.py:588} INFO - Filling up the DagBag from /home/airflow/.local/lib/python3.12/site-packages/airflow/example_dags/example_latest_only.py
[2024-10-16T13:18:21.581+0000] {processor.py:925} INFO - DAG(s) 'latest_only' retrieved from /home/airflow/.local/lib/python3.12/site-packages/airflow/example_dags/example_latest_only.py
[2024-10-16T13:18:21.598+0000] {logging_mixin.py:190} INFO - [2024-10-16T13:18:21.598+0000] {dag.py:3239} INFO - Sync 1 DAGs
[2024-10-16T13:18:21.619+0000] {logging_mixin.py:190} INFO - [2024-10-16T13:18:21.619+0000] {dag.py:4180} INFO - Setting next_dagrun for latest_only to 2024-10-16 08:00:00+00:00, run_after=2024-10-16 12:00:00+00:00
[2024-10-16T13:18:21.645+0000] {processor.py:208} INFO - Processing /home/airflow/.local/lib/python3.12/site-packages/airflow/example_dags/example_latest_only.py took 0.081 seconds
[2024-10-16T13:18:51.986+0000] {processor.py:186} INFO - Started process (PID=424) to work on /home/airflow/.local/lib/python3.12/site-packages/airflow/example_dags/example_latest_only.py
[2024-10-16T13:18:51.988+0000] {processor.py:914} INFO - Processing file /home/airflow/.local/lib/python3.12/site-packages/airflow/example_dags/example_latest_only.py for tasks to queue
[2024-10-16T13:18:51.990+0000] {logging_mixin.py:190} INFO - [2024-10-16T13:18:51.990+0000] {dagbag.py:588} INFO - Filling up the DagBag from /home/airflow/.local/lib/python3.12/site-packages/airflow/example_dags/example_latest_only.py
[2024-10-16T13:18:51.997+0000] {processor.py:925} INFO - DAG(s) 'latest_only' retrieved from /home/airflow/.local/lib/python3.12/site-packages/airflow/example_dags/example_latest_only.py
[2024-10-16T13:18:52.019+0000] {logging_mixin.py:190} INFO - [2024-10-16T13:18:52.019+0000] {dag.py:3239} INFO - Sync 1 DAGs
[2024-10-16T13:18:52.047+0000] {logging_mixin.py:190} INFO - [2024-10-16T13:18:52.047+0000] {dag.py:4180} INFO - Setting next_dagrun for latest_only to 2024-10-16 08:00:00+00:00, run_after=2024-10-16 12:00:00+00:00
[2024-10-16T13:18:52.073+0000] {processor.py:208} INFO - Processing /home/airflow/.local/lib/python3.12/site-packages/airflow/example_dags/example_latest_only.py took 0.093 seconds
[2024-10-16T13:19:23.090+0000] {processor.py:186} INFO - Started process (PID=487) to work on /home/airflow/.local/lib/python3.12/site-packages/airflow/example_dags/example_latest_only.py
[2024-10-16T13:19:23.094+0000] {processor.py:914} INFO - Processing file /home/airflow/.local/lib/python3.12/site-packages/airflow/example_dags/example_latest_only.py for tasks to queue
[2024-10-16T13:19:23.098+0000] {logging_mixin.py:190} INFO - [2024-10-16T13:19:23.097+0000] {dagbag.py:588} INFO - Filling up the DagBag from /home/airflow/.local/lib/python3.12/site-packages/airflow/example_dags/example_latest_only.py
[2024-10-16T13:19:23.106+0000] {processor.py:925} INFO - DAG(s) 'latest_only' retrieved from /home/airflow/.local/lib/python3.12/site-packages/airflow/example_dags/example_latest_only.py
[2024-10-16T13:19:23.130+0000] {logging_mixin.py:190} INFO - [2024-10-16T13:19:23.130+0000] {dag.py:3239} INFO - Sync 1 DAGs
[2024-10-16T13:19:23.158+0000] {logging_mixin.py:190} INFO - [2024-10-16T13:19:23.158+0000] {dag.py:4180} INFO - Setting next_dagrun for latest_only to 2024-10-16 08:00:00+00:00, run_after=2024-10-16 12:00:00+00:00
[2024-10-16T13:19:23.187+0000] {processor.py:208} INFO - Processing /home/airflow/.local/lib/python3.12/site-packages/airflow/example_dags/example_latest_only.py took 0.104 seconds
[2024-10-16T13:19:53.388+0000] {processor.py:186} INFO - Started process (PID=550) to work on /home/airflow/.local/lib/python3.12/site-packages/airflow/example_dags/example_latest_only.py
[2024-10-16T13:19:53.391+0000] {processor.py:914} INFO - Processing file /home/airflow/.local/lib/python3.12/site-packages/airflow/example_dags/example_latest_only.py for tasks to queue
[2024-10-16T13:19:53.394+0000] {logging_mixin.py:190} INFO - [2024-10-16T13:19:53.394+0000] {dagbag.py:588} INFO - Filling up the DagBag from /home/airflow/.local/lib/python3.12/site-packages/airflow/example_dags/example_latest_only.py
[2024-10-16T13:19:53.401+0000] {processor.py:925} INFO - DAG(s) 'latest_only' retrieved from /home/airflow/.local/lib/python3.12/site-packages/airflow/example_dags/example_latest_only.py
[2024-10-16T13:19:53.419+0000] {logging_mixin.py:190} INFO - [2024-10-16T13:19:53.419+0000] {dag.py:3239} INFO - Sync 1 DAGs
[2024-10-16T13:19:53.439+0000] {logging_mixin.py:190} INFO - [2024-10-16T13:19:53.439+0000] {dag.py:4180} INFO - Setting next_dagrun for latest_only to 2024-10-16 08:00:00+00:00, run_after=2024-10-16 12:00:00+00:00
[2024-10-16T13:19:53.470+0000] {processor.py:208} INFO - Processing /home/airflow/.local/lib/python3.12/site-packages/airflow/example_dags/example_latest_only.py took 0.089 seconds
[2024-10-16T13:20:24.336+0000] {processor.py:186} INFO - Started process (PID=613) to work on /home/airflow/.local/lib/python3.12/site-packages/airflow/example_dags/example_latest_only.py
[2024-10-16T13:20:24.344+0000] {processor.py:914} INFO - Processing file /home/airflow/.local/lib/python3.12/site-packages/airflow/example_dags/example_latest_only.py for tasks to queue
[2024-10-16T13:20:24.346+0000] {logging_mixin.py:190} INFO - [2024-10-16T13:20:24.346+0000] {dagbag.py:588} INFO - Filling up the DagBag from /home/airflow/.local/lib/python3.12/site-packages/airflow/example_dags/example_latest_only.py
[2024-10-16T13:20:24.351+0000] {processor.py:925} INFO - DAG(s) 'latest_only' retrieved from /home/airflow/.local/lib/python3.12/site-packages/airflow/example_dags/example_latest_only.py
[2024-10-16T13:20:24.389+0000] {logging_mixin.py:190} INFO - [2024-10-16T13:20:24.389+0000] {dag.py:3239} INFO - Sync 1 DAGs
[2024-10-16T13:20:24.406+0000] {logging_mixin.py:190} INFO - [2024-10-16T13:20:24.406+0000] {dag.py:4180} INFO - Setting next_dagrun for latest_only to 2024-10-16 08:00:00+00:00, run_after=2024-10-16 12:00:00+00:00
[2024-10-16T13:20:24.440+0000] {processor.py:208} INFO - Processing /home/airflow/.local/lib/python3.12/site-packages/airflow/example_dags/example_latest_only.py took 0.110 seconds
[2024-10-16T13:22:04.184+0000] {processor.py:186} INFO - Started process (PID=108) to work on /home/airflow/.local/lib/python3.12/site-packages/airflow/example_dags/example_latest_only.py
[2024-10-16T13:22:04.185+0000] {processor.py:914} INFO - Processing file /home/airflow/.local/lib/python3.12/site-packages/airflow/example_dags/example_latest_only.py for tasks to queue
[2024-10-16T13:22:04.188+0000] {logging_mixin.py:190} INFO - [2024-10-16T13:22:04.188+0000] {dagbag.py:588} INFO - Filling up the DagBag from /home/airflow/.local/lib/python3.12/site-packages/airflow/example_dags/example_latest_only.py
[2024-10-16T13:22:04.194+0000] {processor.py:925} INFO - DAG(s) 'latest_only' retrieved from /home/airflow/.local/lib/python3.12/site-packages/airflow/example_dags/example_latest_only.py
[2024-10-16T13:22:04.315+0000] {logging_mixin.py:190} INFO - [2024-10-16T13:22:04.314+0000] {override.py:1900} INFO - Created Permission View: can edit on DAG:latest_only
[2024-10-16T13:22:04.324+0000] {logging_mixin.py:190} INFO - [2024-10-16T13:22:04.324+0000] {override.py:1900} INFO - Created Permission View: can read on DAG:latest_only
[2024-10-16T13:22:04.332+0000] {logging_mixin.py:190} INFO - [2024-10-16T13:22:04.331+0000] {override.py:1900} INFO - Created Permission View: can delete on DAG:latest_only
[2024-10-16T13:22:04.341+0000] {logging_mixin.py:190} INFO - [2024-10-16T13:22:04.340+0000] {override.py:1900} INFO - Created Permission View: can delete on DAG Run:latest_only
[2024-10-16T13:22:04.350+0000] {logging_mixin.py:190} INFO - [2024-10-16T13:22:04.349+0000] {override.py:1900} INFO - Created Permission View: can read on DAG Run:latest_only
[2024-10-16T13:22:04.357+0000] {logging_mixin.py:190} INFO - [2024-10-16T13:22:04.357+0000] {override.py:1900} INFO - Created Permission View: menu access on DAG Run:latest_only
[2024-10-16T13:22:04.364+0000] {logging_mixin.py:190} INFO - [2024-10-16T13:22:04.364+0000] {override.py:1900} INFO - Created Permission View: can create on DAG Run:latest_only
[2024-10-16T13:22:04.366+0000] {logging_mixin.py:190} INFO - [2024-10-16T13:22:04.365+0000] {dag.py:3239} INFO - Sync 1 DAGs
[2024-10-16T13:22:04.381+0000] {logging_mixin.py:190} INFO - [2024-10-16T13:22:04.380+0000] {dag.py:3262} INFO - Creating ORM DAG for latest_only
[2024-10-16T13:22:04.391+0000] {logging_mixin.py:190} INFO - [2024-10-16T13:22:04.391+0000] {dag.py:4180} INFO - Setting next_dagrun for latest_only to 2024-10-16 08:00:00+00:00, run_after=2024-10-16 12:00:00+00:00
[2024-10-16T13:22:04.414+0000] {processor.py:208} INFO - Processing /home/airflow/.local/lib/python3.12/site-packages/airflow/example_dags/example_latest_only.py took 0.235 seconds
[2024-10-16T13:22:34.656+0000] {processor.py:186} INFO - Started process (PID=171) to work on /home/airflow/.local/lib/python3.12/site-packages/airflow/example_dags/example_latest_only.py
[2024-10-16T13:22:34.658+0000] {processor.py:914} INFO - Processing file /home/airflow/.local/lib/python3.12/site-packages/airflow/example_dags/example_latest_only.py for tasks to queue
[2024-10-16T13:22:34.661+0000] {logging_mixin.py:190} INFO - [2024-10-16T13:22:34.660+0000] {dagbag.py:588} INFO - Filling up the DagBag from /home/airflow/.local/lib/python3.12/site-packages/airflow/example_dags/example_latest_only.py
[2024-10-16T13:22:34.669+0000] {processor.py:925} INFO - DAG(s) 'latest_only' retrieved from /home/airflow/.local/lib/python3.12/site-packages/airflow/example_dags/example_latest_only.py
[2024-10-16T13:22:34.686+0000] {logging_mixin.py:190} INFO - [2024-10-16T13:22:34.686+0000] {dag.py:3239} INFO - Sync 1 DAGs
[2024-10-16T13:22:34.710+0000] {logging_mixin.py:190} INFO - [2024-10-16T13:22:34.709+0000] {dag.py:4180} INFO - Setting next_dagrun for latest_only to 2024-10-16 08:00:00+00:00, run_after=2024-10-16 12:00:00+00:00
[2024-10-16T13:22:34.725+0000] {processor.py:208} INFO - Processing /home/airflow/.local/lib/python3.12/site-packages/airflow/example_dags/example_latest_only.py took 0.074 seconds
[2024-10-16T13:23:05.199+0000] {processor.py:186} INFO - Started process (PID=234) to work on /home/airflow/.local/lib/python3.12/site-packages/airflow/example_dags/example_latest_only.py
[2024-10-16T13:23:05.200+0000] {processor.py:914} INFO - Processing file /home/airflow/.local/lib/python3.12/site-packages/airflow/example_dags/example_latest_only.py for tasks to queue
[2024-10-16T13:23:05.205+0000] {logging_mixin.py:190} INFO - [2024-10-16T13:23:05.204+0000] {dagbag.py:588} INFO - Filling up the DagBag from /home/airflow/.local/lib/python3.12/site-packages/airflow/example_dags/example_latest_only.py
[2024-10-16T13:23:05.216+0000] {processor.py:925} INFO - DAG(s) 'latest_only' retrieved from /home/airflow/.local/lib/python3.12/site-packages/airflow/example_dags/example_latest_only.py
[2024-10-16T13:23:05.237+0000] {logging_mixin.py:190} INFO - [2024-10-16T13:23:05.237+0000] {dag.py:3239} INFO - Sync 1 DAGs
[2024-10-16T13:23:05.265+0000] {logging_mixin.py:190} INFO - [2024-10-16T13:23:05.265+0000] {dag.py:4180} INFO - Setting next_dagrun for latest_only to 2024-10-16 08:00:00+00:00, run_after=2024-10-16 12:00:00+00:00
[2024-10-16T13:23:05.304+0000] {processor.py:208} INFO - Processing /home/airflow/.local/lib/python3.12/site-packages/airflow/example_dags/example_latest_only.py took 0.110 seconds
[2024-10-16T13:23:36.623+0000] {processor.py:186} INFO - Started process (PID=297) to work on /home/airflow/.local/lib/python3.12/site-packages/airflow/example_dags/example_latest_only.py
[2024-10-16T13:23:36.625+0000] {processor.py:914} INFO - Processing file /home/airflow/.local/lib/python3.12/site-packages/airflow/example_dags/example_latest_only.py for tasks to queue
[2024-10-16T13:23:36.629+0000] {logging_mixin.py:190} INFO - [2024-10-16T13:23:36.629+0000] {dagbag.py:588} INFO - Filling up the DagBag from /home/airflow/.local/lib/python3.12/site-packages/airflow/example_dags/example_latest_only.py
[2024-10-16T13:23:36.649+0000] {processor.py:925} INFO - DAG(s) 'latest_only' retrieved from /home/airflow/.local/lib/python3.12/site-packages/airflow/example_dags/example_latest_only.py
[2024-10-16T13:23:36.723+0000] {logging_mixin.py:190} INFO - [2024-10-16T13:23:36.723+0000] {dag.py:3239} INFO - Sync 1 DAGs
[2024-10-16T13:23:36.823+0000] {logging_mixin.py:190} INFO - [2024-10-16T13:23:36.822+0000] {dag.py:4180} INFO - Setting next_dagrun for latest_only to 2024-10-16 08:00:00+00:00, run_after=2024-10-16 12:00:00+00:00
[2024-10-16T13:23:36.860+0000] {processor.py:208} INFO - Processing /home/airflow/.local/lib/python3.12/site-packages/airflow/example_dags/example_latest_only.py took 0.253 seconds
