[2024-10-16T12:50:34.397+0000] {processor.py:186} INFO - Started process (PID=106) to work on /home/airflow/.local/lib/python3.12/site-packages/airflow/example_dags/example_trigger_target_dag.py
[2024-10-16T12:50:34.399+0000] {processor.py:914} INFO - Processing file /home/airflow/.local/lib/python3.12/site-packages/airflow/example_dags/example_trigger_target_dag.py for tasks to queue
[2024-10-16T12:50:34.402+0000] {logging_mixin.py:190} INFO - [2024-10-16T12:50:34.402+0000] {dagbag.py:588} INFO - Filling up the DagBag from /home/airflow/.local/lib/python3.12/site-packages/airflow/example_dags/example_trigger_target_dag.py
[2024-10-16T12:50:34.413+0000] {processor.py:925} INFO - DAG(s) 'example_trigger_target_dag' retrieved from /home/airflow/.local/lib/python3.12/site-packages/airflow/example_dags/example_trigger_target_dag.py
[2024-10-16T12:50:34.549+0000] {logging_mixin.py:190} INFO - [2024-10-16T12:50:34.548+0000] {override.py:1900} INFO - Created Permission View: can edit on DAG:example_trigger_target_dag
[2024-10-16T12:50:34.562+0000] {logging_mixin.py:190} INFO - [2024-10-16T12:50:34.561+0000] {override.py:1900} INFO - Created Permission View: can read on DAG:example_trigger_target_dag
[2024-10-16T12:50:34.571+0000] {logging_mixin.py:190} INFO - [2024-10-16T12:50:34.571+0000] {override.py:1900} INFO - Created Permission View: can delete on DAG:example_trigger_target_dag
[2024-10-16T12:50:34.580+0000] {logging_mixin.py:190} INFO - [2024-10-16T12:50:34.580+0000] {override.py:1900} INFO - Created Permission View: can delete on DAG Run:example_trigger_target_dag
[2024-10-16T12:50:34.587+0000] {logging_mixin.py:190} INFO - [2024-10-16T12:50:34.586+0000] {override.py:1900} INFO - Created Permission View: menu access on DAG Run:example_trigger_target_dag
[2024-10-16T12:50:34.599+0000] {logging_mixin.py:190} INFO - [2024-10-16T12:50:34.599+0000] {override.py:1900} INFO - Created Permission View: can create on DAG Run:example_trigger_target_dag
[2024-10-16T12:50:34.614+0000] {logging_mixin.py:190} INFO - [2024-10-16T12:50:34.613+0000] {override.py:1900} INFO - Created Permission View: can read on DAG Run:example_trigger_target_dag
[2024-10-16T12:50:34.615+0000] {logging_mixin.py:190} INFO - [2024-10-16T12:50:34.615+0000] {dag.py:3239} INFO - Sync 1 DAGs
[2024-10-16T12:50:34.629+0000] {logging_mixin.py:190} INFO - [2024-10-16T12:50:34.629+0000] {dag.py:3262} INFO - Creating ORM DAG for example_trigger_target_dag
[2024-10-16T12:50:34.631+0000] {logging_mixin.py:190} INFO - [2024-10-16T12:50:34.630+0000] {dag.py:4180} INFO - Setting next_dagrun for example_trigger_target_dag to None, run_after=None
[2024-10-16T12:50:34.650+0000] {processor.py:208} INFO - Processing /home/airflow/.local/lib/python3.12/site-packages/airflow/example_dags/example_trigger_target_dag.py took 0.261 seconds
[2024-10-16T12:51:05.132+0000] {processor.py:186} INFO - Started process (PID=168) to work on /home/airflow/.local/lib/python3.12/site-packages/airflow/example_dags/example_trigger_target_dag.py
[2024-10-16T12:51:05.133+0000] {processor.py:914} INFO - Processing file /home/airflow/.local/lib/python3.12/site-packages/airflow/example_dags/example_trigger_target_dag.py for tasks to queue
[2024-10-16T12:51:05.136+0000] {logging_mixin.py:190} INFO - [2024-10-16T12:51:05.135+0000] {dagbag.py:588} INFO - Filling up the DagBag from /home/airflow/.local/lib/python3.12/site-packages/airflow/example_dags/example_trigger_target_dag.py
[2024-10-16T12:51:05.146+0000] {processor.py:925} INFO - DAG(s) 'example_trigger_target_dag' retrieved from /home/airflow/.local/lib/python3.12/site-packages/airflow/example_dags/example_trigger_target_dag.py
[2024-10-16T12:51:05.167+0000] {logging_mixin.py:190} INFO - [2024-10-16T12:51:05.166+0000] {dag.py:3239} INFO - Sync 1 DAGs
[2024-10-16T12:51:05.183+0000] {logging_mixin.py:190} INFO - [2024-10-16T12:51:05.182+0000] {dag.py:4180} INFO - Setting next_dagrun for example_trigger_target_dag to None, run_after=None
[2024-10-16T12:51:05.208+0000] {processor.py:208} INFO - Processing /home/airflow/.local/lib/python3.12/site-packages/airflow/example_dags/example_trigger_target_dag.py took 0.085 seconds
[2024-10-16T12:51:35.733+0000] {processor.py:186} INFO - Started process (PID=230) to work on /home/airflow/.local/lib/python3.12/site-packages/airflow/example_dags/example_trigger_target_dag.py
[2024-10-16T12:51:35.734+0000] {processor.py:914} INFO - Processing file /home/airflow/.local/lib/python3.12/site-packages/airflow/example_dags/example_trigger_target_dag.py for tasks to queue
[2024-10-16T12:51:35.736+0000] {logging_mixin.py:190} INFO - [2024-10-16T12:51:35.736+0000] {dagbag.py:588} INFO - Filling up the DagBag from /home/airflow/.local/lib/python3.12/site-packages/airflow/example_dags/example_trigger_target_dag.py
[2024-10-16T12:51:35.743+0000] {processor.py:925} INFO - DAG(s) 'example_trigger_target_dag' retrieved from /home/airflow/.local/lib/python3.12/site-packages/airflow/example_dags/example_trigger_target_dag.py
[2024-10-16T12:51:35.761+0000] {logging_mixin.py:190} INFO - [2024-10-16T12:51:35.760+0000] {dag.py:3239} INFO - Sync 1 DAGs
[2024-10-16T12:51:35.774+0000] {logging_mixin.py:190} INFO - [2024-10-16T12:51:35.774+0000] {dag.py:4180} INFO - Setting next_dagrun for example_trigger_target_dag to None, run_after=None
[2024-10-16T12:51:35.795+0000] {processor.py:208} INFO - Processing /home/airflow/.local/lib/python3.12/site-packages/airflow/example_dags/example_trigger_target_dag.py took 0.066 seconds
[2024-10-16T12:52:06.031+0000] {processor.py:186} INFO - Started process (PID=292) to work on /home/airflow/.local/lib/python3.12/site-packages/airflow/example_dags/example_trigger_target_dag.py
[2024-10-16T12:52:06.033+0000] {processor.py:914} INFO - Processing file /home/airflow/.local/lib/python3.12/site-packages/airflow/example_dags/example_trigger_target_dag.py for tasks to queue
[2024-10-16T12:52:06.036+0000] {logging_mixin.py:190} INFO - [2024-10-16T12:52:06.036+0000] {dagbag.py:588} INFO - Filling up the DagBag from /home/airflow/.local/lib/python3.12/site-packages/airflow/example_dags/example_trigger_target_dag.py
[2024-10-16T12:52:06.045+0000] {processor.py:925} INFO - DAG(s) 'example_trigger_target_dag' retrieved from /home/airflow/.local/lib/python3.12/site-packages/airflow/example_dags/example_trigger_target_dag.py
[2024-10-16T12:52:06.070+0000] {logging_mixin.py:190} INFO - [2024-10-16T12:52:06.070+0000] {dag.py:3239} INFO - Sync 1 DAGs
[2024-10-16T12:52:06.105+0000] {logging_mixin.py:190} INFO - [2024-10-16T12:52:06.105+0000] {dag.py:4180} INFO - Setting next_dagrun for example_trigger_target_dag to None, run_after=None
[2024-10-16T12:52:06.161+0000] {processor.py:208} INFO - Processing /home/airflow/.local/lib/python3.12/site-packages/airflow/example_dags/example_trigger_target_dag.py took 0.135 seconds
[2024-10-16T12:52:36.556+0000] {processor.py:186} INFO - Started process (PID=355) to work on /home/airflow/.local/lib/python3.12/site-packages/airflow/example_dags/example_trigger_target_dag.py
[2024-10-16T12:52:36.558+0000] {processor.py:914} INFO - Processing file /home/airflow/.local/lib/python3.12/site-packages/airflow/example_dags/example_trigger_target_dag.py for tasks to queue
[2024-10-16T12:52:36.563+0000] {logging_mixin.py:190} INFO - [2024-10-16T12:52:36.563+0000] {dagbag.py:588} INFO - Filling up the DagBag from /home/airflow/.local/lib/python3.12/site-packages/airflow/example_dags/example_trigger_target_dag.py
[2024-10-16T12:52:36.572+0000] {processor.py:925} INFO - DAG(s) 'example_trigger_target_dag' retrieved from /home/airflow/.local/lib/python3.12/site-packages/airflow/example_dags/example_trigger_target_dag.py
[2024-10-16T12:52:36.593+0000] {logging_mixin.py:190} INFO - [2024-10-16T12:52:36.593+0000] {dag.py:3239} INFO - Sync 1 DAGs
[2024-10-16T12:52:36.608+0000] {logging_mixin.py:190} INFO - [2024-10-16T12:52:36.607+0000] {dag.py:4180} INFO - Setting next_dagrun for example_trigger_target_dag to None, run_after=None
[2024-10-16T12:52:36.651+0000] {processor.py:208} INFO - Processing /home/airflow/.local/lib/python3.12/site-packages/airflow/example_dags/example_trigger_target_dag.py took 0.108 seconds
[2024-10-16T12:53:07.494+0000] {processor.py:186} INFO - Started process (PID=417) to work on /home/airflow/.local/lib/python3.12/site-packages/airflow/example_dags/example_trigger_target_dag.py
[2024-10-16T12:53:07.495+0000] {processor.py:914} INFO - Processing file /home/airflow/.local/lib/python3.12/site-packages/airflow/example_dags/example_trigger_target_dag.py for tasks to queue
[2024-10-16T12:53:07.497+0000] {logging_mixin.py:190} INFO - [2024-10-16T12:53:07.497+0000] {dagbag.py:588} INFO - Filling up the DagBag from /home/airflow/.local/lib/python3.12/site-packages/airflow/example_dags/example_trigger_target_dag.py
[2024-10-16T12:53:07.505+0000] {processor.py:925} INFO - DAG(s) 'example_trigger_target_dag' retrieved from /home/airflow/.local/lib/python3.12/site-packages/airflow/example_dags/example_trigger_target_dag.py
[2024-10-16T12:53:07.524+0000] {logging_mixin.py:190} INFO - [2024-10-16T12:53:07.524+0000] {dag.py:3239} INFO - Sync 1 DAGs
[2024-10-16T12:53:07.535+0000] {logging_mixin.py:190} INFO - [2024-10-16T12:53:07.534+0000] {dag.py:4180} INFO - Setting next_dagrun for example_trigger_target_dag to None, run_after=None
[2024-10-16T12:53:07.555+0000] {processor.py:208} INFO - Processing /home/airflow/.local/lib/python3.12/site-packages/airflow/example_dags/example_trigger_target_dag.py took 0.068 seconds
[2024-10-16T12:53:38.312+0000] {processor.py:186} INFO - Started process (PID=479) to work on /home/airflow/.local/lib/python3.12/site-packages/airflow/example_dags/example_trigger_target_dag.py
[2024-10-16T12:53:38.313+0000] {processor.py:914} INFO - Processing file /home/airflow/.local/lib/python3.12/site-packages/airflow/example_dags/example_trigger_target_dag.py for tasks to queue
[2024-10-16T12:53:38.316+0000] {logging_mixin.py:190} INFO - [2024-10-16T12:53:38.315+0000] {dagbag.py:588} INFO - Filling up the DagBag from /home/airflow/.local/lib/python3.12/site-packages/airflow/example_dags/example_trigger_target_dag.py
[2024-10-16T12:53:38.321+0000] {processor.py:925} INFO - DAG(s) 'example_trigger_target_dag' retrieved from /home/airflow/.local/lib/python3.12/site-packages/airflow/example_dags/example_trigger_target_dag.py
[2024-10-16T12:53:38.343+0000] {logging_mixin.py:190} INFO - [2024-10-16T12:53:38.343+0000] {dag.py:3239} INFO - Sync 1 DAGs
[2024-10-16T12:53:38.360+0000] {logging_mixin.py:190} INFO - [2024-10-16T12:53:38.360+0000] {dag.py:4180} INFO - Setting next_dagrun for example_trigger_target_dag to None, run_after=None
[2024-10-16T12:53:38.396+0000] {processor.py:208} INFO - Processing /home/airflow/.local/lib/python3.12/site-packages/airflow/example_dags/example_trigger_target_dag.py took 0.092 seconds
[2024-10-16T12:54:08.956+0000] {processor.py:186} INFO - Started process (PID=541) to work on /home/airflow/.local/lib/python3.12/site-packages/airflow/example_dags/example_trigger_target_dag.py
[2024-10-16T12:54:08.958+0000] {processor.py:914} INFO - Processing file /home/airflow/.local/lib/python3.12/site-packages/airflow/example_dags/example_trigger_target_dag.py for tasks to queue
[2024-10-16T12:54:08.960+0000] {logging_mixin.py:190} INFO - [2024-10-16T12:54:08.960+0000] {dagbag.py:588} INFO - Filling up the DagBag from /home/airflow/.local/lib/python3.12/site-packages/airflow/example_dags/example_trigger_target_dag.py
[2024-10-16T12:54:08.968+0000] {processor.py:925} INFO - DAG(s) 'example_trigger_target_dag' retrieved from /home/airflow/.local/lib/python3.12/site-packages/airflow/example_dags/example_trigger_target_dag.py
[2024-10-16T12:54:08.989+0000] {logging_mixin.py:190} INFO - [2024-10-16T12:54:08.989+0000] {dag.py:3239} INFO - Sync 1 DAGs
[2024-10-16T12:54:09.004+0000] {logging_mixin.py:190} INFO - [2024-10-16T12:54:09.004+0000] {dag.py:4180} INFO - Setting next_dagrun for example_trigger_target_dag to None, run_after=None
[2024-10-16T12:54:09.030+0000] {processor.py:208} INFO - Processing /home/airflow/.local/lib/python3.12/site-packages/airflow/example_dags/example_trigger_target_dag.py took 0.081 seconds
[2024-10-16T12:54:41.569+0000] {processor.py:186} INFO - Started process (PID=603) to work on /home/airflow/.local/lib/python3.12/site-packages/airflow/example_dags/example_trigger_target_dag.py
[2024-10-16T12:54:41.570+0000] {processor.py:914} INFO - Processing file /home/airflow/.local/lib/python3.12/site-packages/airflow/example_dags/example_trigger_target_dag.py for tasks to queue
[2024-10-16T12:54:41.573+0000] {logging_mixin.py:190} INFO - [2024-10-16T12:54:41.572+0000] {dagbag.py:588} INFO - Filling up the DagBag from /home/airflow/.local/lib/python3.12/site-packages/airflow/example_dags/example_trigger_target_dag.py
[2024-10-16T12:54:41.584+0000] {processor.py:925} INFO - DAG(s) 'example_trigger_target_dag' retrieved from /home/airflow/.local/lib/python3.12/site-packages/airflow/example_dags/example_trigger_target_dag.py
[2024-10-16T12:54:41.611+0000] {logging_mixin.py:190} INFO - [2024-10-16T12:54:41.610+0000] {dag.py:3239} INFO - Sync 1 DAGs
[2024-10-16T12:54:41.628+0000] {logging_mixin.py:190} INFO - [2024-10-16T12:54:41.628+0000] {dag.py:4180} INFO - Setting next_dagrun for example_trigger_target_dag to None, run_after=None
[2024-10-16T12:54:41.656+0000] {processor.py:208} INFO - Processing /home/airflow/.local/lib/python3.12/site-packages/airflow/example_dags/example_trigger_target_dag.py took 0.096 seconds
[2024-10-16T12:55:11.892+0000] {processor.py:186} INFO - Started process (PID=665) to work on /home/airflow/.local/lib/python3.12/site-packages/airflow/example_dags/example_trigger_target_dag.py
[2024-10-16T12:55:11.894+0000] {processor.py:914} INFO - Processing file /home/airflow/.local/lib/python3.12/site-packages/airflow/example_dags/example_trigger_target_dag.py for tasks to queue
[2024-10-16T12:55:11.897+0000] {logging_mixin.py:190} INFO - [2024-10-16T12:55:11.896+0000] {dagbag.py:588} INFO - Filling up the DagBag from /home/airflow/.local/lib/python3.12/site-packages/airflow/example_dags/example_trigger_target_dag.py
[2024-10-16T12:55:11.905+0000] {processor.py:925} INFO - DAG(s) 'example_trigger_target_dag' retrieved from /home/airflow/.local/lib/python3.12/site-packages/airflow/example_dags/example_trigger_target_dag.py
[2024-10-16T12:55:11.928+0000] {logging_mixin.py:190} INFO - [2024-10-16T12:55:11.928+0000] {dag.py:3239} INFO - Sync 1 DAGs
[2024-10-16T12:55:11.966+0000] {logging_mixin.py:190} INFO - [2024-10-16T12:55:11.965+0000] {dag.py:4180} INFO - Setting next_dagrun for example_trigger_target_dag to None, run_after=None
[2024-10-16T12:55:12.005+0000] {processor.py:208} INFO - Processing /home/airflow/.local/lib/python3.12/site-packages/airflow/example_dags/example_trigger_target_dag.py took 0.119 seconds
[2024-10-16T12:55:42.288+0000] {processor.py:186} INFO - Started process (PID=727) to work on /home/airflow/.local/lib/python3.12/site-packages/airflow/example_dags/example_trigger_target_dag.py
[2024-10-16T12:55:42.289+0000] {processor.py:914} INFO - Processing file /home/airflow/.local/lib/python3.12/site-packages/airflow/example_dags/example_trigger_target_dag.py for tasks to queue
[2024-10-16T12:55:42.295+0000] {logging_mixin.py:190} INFO - [2024-10-16T12:55:42.294+0000] {dagbag.py:588} INFO - Filling up the DagBag from /home/airflow/.local/lib/python3.12/site-packages/airflow/example_dags/example_trigger_target_dag.py
[2024-10-16T12:55:42.307+0000] {processor.py:925} INFO - DAG(s) 'example_trigger_target_dag' retrieved from /home/airflow/.local/lib/python3.12/site-packages/airflow/example_dags/example_trigger_target_dag.py
[2024-10-16T12:55:42.330+0000] {logging_mixin.py:190} INFO - [2024-10-16T12:55:42.330+0000] {dag.py:3239} INFO - Sync 1 DAGs
[2024-10-16T12:55:42.345+0000] {logging_mixin.py:190} INFO - [2024-10-16T12:55:42.345+0000] {dag.py:4180} INFO - Setting next_dagrun for example_trigger_target_dag to None, run_after=None
[2024-10-16T12:55:42.370+0000] {processor.py:208} INFO - Processing /home/airflow/.local/lib/python3.12/site-packages/airflow/example_dags/example_trigger_target_dag.py took 0.089 seconds
[2024-10-16T12:56:13.144+0000] {processor.py:186} INFO - Started process (PID=790) to work on /home/airflow/.local/lib/python3.12/site-packages/airflow/example_dags/example_trigger_target_dag.py
[2024-10-16T12:56:13.145+0000] {processor.py:914} INFO - Processing file /home/airflow/.local/lib/python3.12/site-packages/airflow/example_dags/example_trigger_target_dag.py for tasks to queue
[2024-10-16T12:56:13.149+0000] {logging_mixin.py:190} INFO - [2024-10-16T12:56:13.148+0000] {dagbag.py:588} INFO - Filling up the DagBag from /home/airflow/.local/lib/python3.12/site-packages/airflow/example_dags/example_trigger_target_dag.py
[2024-10-16T12:56:13.154+0000] {processor.py:925} INFO - DAG(s) 'example_trigger_target_dag' retrieved from /home/airflow/.local/lib/python3.12/site-packages/airflow/example_dags/example_trigger_target_dag.py
[2024-10-16T12:56:13.172+0000] {logging_mixin.py:190} INFO - [2024-10-16T12:56:13.172+0000] {dag.py:3239} INFO - Sync 1 DAGs
[2024-10-16T12:56:13.185+0000] {logging_mixin.py:190} INFO - [2024-10-16T12:56:13.185+0000] {dag.py:4180} INFO - Setting next_dagrun for example_trigger_target_dag to None, run_after=None
[2024-10-16T12:56:13.206+0000] {processor.py:208} INFO - Processing /home/airflow/.local/lib/python3.12/site-packages/airflow/example_dags/example_trigger_target_dag.py took 0.066 seconds
[2024-10-16T12:56:44.005+0000] {processor.py:186} INFO - Started process (PID=852) to work on /home/airflow/.local/lib/python3.12/site-packages/airflow/example_dags/example_trigger_target_dag.py
[2024-10-16T12:56:44.015+0000] {processor.py:914} INFO - Processing file /home/airflow/.local/lib/python3.12/site-packages/airflow/example_dags/example_trigger_target_dag.py for tasks to queue
[2024-10-16T12:56:44.026+0000] {logging_mixin.py:190} INFO - [2024-10-16T12:56:44.026+0000] {dagbag.py:588} INFO - Filling up the DagBag from /home/airflow/.local/lib/python3.12/site-packages/airflow/example_dags/example_trigger_target_dag.py
[2024-10-16T12:56:44.034+0000] {processor.py:925} INFO - DAG(s) 'example_trigger_target_dag' retrieved from /home/airflow/.local/lib/python3.12/site-packages/airflow/example_dags/example_trigger_target_dag.py
[2024-10-16T12:56:44.059+0000] {logging_mixin.py:190} INFO - [2024-10-16T12:56:44.058+0000] {dag.py:3239} INFO - Sync 1 DAGs
[2024-10-16T12:56:44.075+0000] {logging_mixin.py:190} INFO - [2024-10-16T12:56:44.075+0000] {dag.py:4180} INFO - Setting next_dagrun for example_trigger_target_dag to None, run_after=None
[2024-10-16T12:56:44.111+0000] {processor.py:208} INFO - Processing /home/airflow/.local/lib/python3.12/site-packages/airflow/example_dags/example_trigger_target_dag.py took 0.110 seconds
[2024-10-16T12:57:15.233+0000] {processor.py:186} INFO - Started process (PID=914) to work on /home/airflow/.local/lib/python3.12/site-packages/airflow/example_dags/example_trigger_target_dag.py
[2024-10-16T12:57:15.237+0000] {processor.py:914} INFO - Processing file /home/airflow/.local/lib/python3.12/site-packages/airflow/example_dags/example_trigger_target_dag.py for tasks to queue
[2024-10-16T12:57:15.240+0000] {logging_mixin.py:190} INFO - [2024-10-16T12:57:15.240+0000] {dagbag.py:588} INFO - Filling up the DagBag from /home/airflow/.local/lib/python3.12/site-packages/airflow/example_dags/example_trigger_target_dag.py
[2024-10-16T12:57:15.250+0000] {processor.py:925} INFO - DAG(s) 'example_trigger_target_dag' retrieved from /home/airflow/.local/lib/python3.12/site-packages/airflow/example_dags/example_trigger_target_dag.py
[2024-10-16T12:57:15.298+0000] {logging_mixin.py:190} INFO - [2024-10-16T12:57:15.297+0000] {dag.py:3239} INFO - Sync 1 DAGs
[2024-10-16T12:57:15.316+0000] {logging_mixin.py:190} INFO - [2024-10-16T12:57:15.315+0000] {dag.py:4180} INFO - Setting next_dagrun for example_trigger_target_dag to None, run_after=None
[2024-10-16T12:57:15.346+0000] {processor.py:208} INFO - Processing /home/airflow/.local/lib/python3.12/site-packages/airflow/example_dags/example_trigger_target_dag.py took 0.120 seconds
[2024-10-16T12:57:46.122+0000] {processor.py:186} INFO - Started process (PID=976) to work on /home/airflow/.local/lib/python3.12/site-packages/airflow/example_dags/example_trigger_target_dag.py
[2024-10-16T12:57:46.123+0000] {processor.py:914} INFO - Processing file /home/airflow/.local/lib/python3.12/site-packages/airflow/example_dags/example_trigger_target_dag.py for tasks to queue
[2024-10-16T12:57:46.125+0000] {logging_mixin.py:190} INFO - [2024-10-16T12:57:46.125+0000] {dagbag.py:588} INFO - Filling up the DagBag from /home/airflow/.local/lib/python3.12/site-packages/airflow/example_dags/example_trigger_target_dag.py
[2024-10-16T12:57:46.131+0000] {processor.py:925} INFO - DAG(s) 'example_trigger_target_dag' retrieved from /home/airflow/.local/lib/python3.12/site-packages/airflow/example_dags/example_trigger_target_dag.py
[2024-10-16T12:57:46.148+0000] {logging_mixin.py:190} INFO - [2024-10-16T12:57:46.148+0000] {dag.py:3239} INFO - Sync 1 DAGs
[2024-10-16T12:57:46.159+0000] {logging_mixin.py:190} INFO - [2024-10-16T12:57:46.158+0000] {dag.py:4180} INFO - Setting next_dagrun for example_trigger_target_dag to None, run_after=None
[2024-10-16T12:57:46.180+0000] {processor.py:208} INFO - Processing /home/airflow/.local/lib/python3.12/site-packages/airflow/example_dags/example_trigger_target_dag.py took 0.066 seconds
[2024-10-16T12:58:16.362+0000] {processor.py:186} INFO - Started process (PID=1039) to work on /home/airflow/.local/lib/python3.12/site-packages/airflow/example_dags/example_trigger_target_dag.py
[2024-10-16T12:58:16.367+0000] {processor.py:914} INFO - Processing file /home/airflow/.local/lib/python3.12/site-packages/airflow/example_dags/example_trigger_target_dag.py for tasks to queue
[2024-10-16T12:58:16.370+0000] {logging_mixin.py:190} INFO - [2024-10-16T12:58:16.369+0000] {dagbag.py:588} INFO - Filling up the DagBag from /home/airflow/.local/lib/python3.12/site-packages/airflow/example_dags/example_trigger_target_dag.py
[2024-10-16T12:58:16.378+0000] {processor.py:925} INFO - DAG(s) 'example_trigger_target_dag' retrieved from /home/airflow/.local/lib/python3.12/site-packages/airflow/example_dags/example_trigger_target_dag.py
[2024-10-16T12:58:16.403+0000] {logging_mixin.py:190} INFO - [2024-10-16T12:58:16.402+0000] {dag.py:3239} INFO - Sync 1 DAGs
[2024-10-16T12:58:16.421+0000] {logging_mixin.py:190} INFO - [2024-10-16T12:58:16.420+0000] {dag.py:4180} INFO - Setting next_dagrun for example_trigger_target_dag to None, run_after=None
[2024-10-16T12:58:16.451+0000] {processor.py:208} INFO - Processing /home/airflow/.local/lib/python3.12/site-packages/airflow/example_dags/example_trigger_target_dag.py took 0.096 seconds
[2024-10-16T12:58:46.684+0000] {processor.py:186} INFO - Started process (PID=1101) to work on /home/airflow/.local/lib/python3.12/site-packages/airflow/example_dags/example_trigger_target_dag.py
[2024-10-16T12:58:46.685+0000] {processor.py:914} INFO - Processing file /home/airflow/.local/lib/python3.12/site-packages/airflow/example_dags/example_trigger_target_dag.py for tasks to queue
[2024-10-16T12:58:46.688+0000] {logging_mixin.py:190} INFO - [2024-10-16T12:58:46.688+0000] {dagbag.py:588} INFO - Filling up the DagBag from /home/airflow/.local/lib/python3.12/site-packages/airflow/example_dags/example_trigger_target_dag.py
[2024-10-16T12:58:46.698+0000] {processor.py:925} INFO - DAG(s) 'example_trigger_target_dag' retrieved from /home/airflow/.local/lib/python3.12/site-packages/airflow/example_dags/example_trigger_target_dag.py
[2024-10-16T12:58:46.722+0000] {logging_mixin.py:190} INFO - [2024-10-16T12:58:46.722+0000] {dag.py:3239} INFO - Sync 1 DAGs
[2024-10-16T12:58:46.742+0000] {logging_mixin.py:190} INFO - [2024-10-16T12:58:46.742+0000] {dag.py:4180} INFO - Setting next_dagrun for example_trigger_target_dag to None, run_after=None
[2024-10-16T12:58:46.772+0000] {processor.py:208} INFO - Processing /home/airflow/.local/lib/python3.12/site-packages/airflow/example_dags/example_trigger_target_dag.py took 0.095 seconds
[2024-10-16T12:59:17.031+0000] {processor.py:186} INFO - Started process (PID=1169) to work on /home/airflow/.local/lib/python3.12/site-packages/airflow/example_dags/example_trigger_target_dag.py
[2024-10-16T12:59:17.032+0000] {processor.py:914} INFO - Processing file /home/airflow/.local/lib/python3.12/site-packages/airflow/example_dags/example_trigger_target_dag.py for tasks to queue
[2024-10-16T12:59:17.034+0000] {logging_mixin.py:190} INFO - [2024-10-16T12:59:17.034+0000] {dagbag.py:588} INFO - Filling up the DagBag from /home/airflow/.local/lib/python3.12/site-packages/airflow/example_dags/example_trigger_target_dag.py
[2024-10-16T12:59:17.039+0000] {processor.py:925} INFO - DAG(s) 'example_trigger_target_dag' retrieved from /home/airflow/.local/lib/python3.12/site-packages/airflow/example_dags/example_trigger_target_dag.py
[2024-10-16T12:59:17.054+0000] {logging_mixin.py:190} INFO - [2024-10-16T12:59:17.054+0000] {dag.py:3239} INFO - Sync 1 DAGs
[2024-10-16T12:59:17.065+0000] {logging_mixin.py:190} INFO - [2024-10-16T12:59:17.065+0000] {dag.py:4180} INFO - Setting next_dagrun for example_trigger_target_dag to None, run_after=None
[2024-10-16T12:59:17.086+0000] {processor.py:208} INFO - Processing /home/airflow/.local/lib/python3.12/site-packages/airflow/example_dags/example_trigger_target_dag.py took 0.060 seconds
[2024-10-16T12:59:47.312+0000] {processor.py:186} INFO - Started process (PID=1231) to work on /home/airflow/.local/lib/python3.12/site-packages/airflow/example_dags/example_trigger_target_dag.py
[2024-10-16T12:59:47.313+0000] {processor.py:914} INFO - Processing file /home/airflow/.local/lib/python3.12/site-packages/airflow/example_dags/example_trigger_target_dag.py for tasks to queue
[2024-10-16T12:59:47.316+0000] {logging_mixin.py:190} INFO - [2024-10-16T12:59:47.316+0000] {dagbag.py:588} INFO - Filling up the DagBag from /home/airflow/.local/lib/python3.12/site-packages/airflow/example_dags/example_trigger_target_dag.py
[2024-10-16T12:59:47.323+0000] {processor.py:925} INFO - DAG(s) 'example_trigger_target_dag' retrieved from /home/airflow/.local/lib/python3.12/site-packages/airflow/example_dags/example_trigger_target_dag.py
[2024-10-16T12:59:47.340+0000] {logging_mixin.py:190} INFO - [2024-10-16T12:59:47.340+0000] {dag.py:3239} INFO - Sync 1 DAGs
[2024-10-16T12:59:47.353+0000] {logging_mixin.py:190} INFO - [2024-10-16T12:59:47.353+0000] {dag.py:4180} INFO - Setting next_dagrun for example_trigger_target_dag to None, run_after=None
[2024-10-16T12:59:47.372+0000] {processor.py:208} INFO - Processing /home/airflow/.local/lib/python3.12/site-packages/airflow/example_dags/example_trigger_target_dag.py took 0.067 seconds
[2024-10-16T13:00:17.887+0000] {processor.py:186} INFO - Started process (PID=1294) to work on /home/airflow/.local/lib/python3.12/site-packages/airflow/example_dags/example_trigger_target_dag.py
[2024-10-16T13:00:17.888+0000] {processor.py:914} INFO - Processing file /home/airflow/.local/lib/python3.12/site-packages/airflow/example_dags/example_trigger_target_dag.py for tasks to queue
[2024-10-16T13:00:17.891+0000] {logging_mixin.py:190} INFO - [2024-10-16T13:00:17.891+0000] {dagbag.py:588} INFO - Filling up the DagBag from /home/airflow/.local/lib/python3.12/site-packages/airflow/example_dags/example_trigger_target_dag.py
[2024-10-16T13:00:17.900+0000] {processor.py:925} INFO - DAG(s) 'example_trigger_target_dag' retrieved from /home/airflow/.local/lib/python3.12/site-packages/airflow/example_dags/example_trigger_target_dag.py
[2024-10-16T13:00:17.929+0000] {logging_mixin.py:190} INFO - [2024-10-16T13:00:17.928+0000] {dag.py:3239} INFO - Sync 1 DAGs
[2024-10-16T13:00:17.949+0000] {logging_mixin.py:190} INFO - [2024-10-16T13:00:17.948+0000] {dag.py:4180} INFO - Setting next_dagrun for example_trigger_target_dag to None, run_after=None
[2024-10-16T13:00:17.975+0000] {processor.py:208} INFO - Processing /home/airflow/.local/lib/python3.12/site-packages/airflow/example_dags/example_trigger_target_dag.py took 0.095 seconds
[2024-10-16T13:00:48.935+0000] {processor.py:186} INFO - Started process (PID=1356) to work on /home/airflow/.local/lib/python3.12/site-packages/airflow/example_dags/example_trigger_target_dag.py
[2024-10-16T13:00:48.936+0000] {processor.py:914} INFO - Processing file /home/airflow/.local/lib/python3.12/site-packages/airflow/example_dags/example_trigger_target_dag.py for tasks to queue
[2024-10-16T13:00:48.939+0000] {logging_mixin.py:190} INFO - [2024-10-16T13:00:48.939+0000] {dagbag.py:588} INFO - Filling up the DagBag from /home/airflow/.local/lib/python3.12/site-packages/airflow/example_dags/example_trigger_target_dag.py
[2024-10-16T13:00:48.948+0000] {processor.py:925} INFO - DAG(s) 'example_trigger_target_dag' retrieved from /home/airflow/.local/lib/python3.12/site-packages/airflow/example_dags/example_trigger_target_dag.py
[2024-10-16T13:00:48.974+0000] {logging_mixin.py:190} INFO - [2024-10-16T13:00:48.974+0000] {dag.py:3239} INFO - Sync 1 DAGs
[2024-10-16T13:00:48.994+0000] {logging_mixin.py:190} INFO - [2024-10-16T13:00:48.994+0000] {dag.py:4180} INFO - Setting next_dagrun for example_trigger_target_dag to None, run_after=None
[2024-10-16T13:00:49.016+0000] {processor.py:208} INFO - Processing /home/airflow/.local/lib/python3.12/site-packages/airflow/example_dags/example_trigger_target_dag.py took 0.088 seconds
[2024-10-16T13:01:19.231+0000] {processor.py:186} INFO - Started process (PID=1418) to work on /home/airflow/.local/lib/python3.12/site-packages/airflow/example_dags/example_trigger_target_dag.py
[2024-10-16T13:01:19.232+0000] {processor.py:914} INFO - Processing file /home/airflow/.local/lib/python3.12/site-packages/airflow/example_dags/example_trigger_target_dag.py for tasks to queue
[2024-10-16T13:01:19.234+0000] {logging_mixin.py:190} INFO - [2024-10-16T13:01:19.234+0000] {dagbag.py:588} INFO - Filling up the DagBag from /home/airflow/.local/lib/python3.12/site-packages/airflow/example_dags/example_trigger_target_dag.py
[2024-10-16T13:01:19.242+0000] {processor.py:925} INFO - DAG(s) 'example_trigger_target_dag' retrieved from /home/airflow/.local/lib/python3.12/site-packages/airflow/example_dags/example_trigger_target_dag.py
[2024-10-16T13:01:19.261+0000] {logging_mixin.py:190} INFO - [2024-10-16T13:01:19.260+0000] {dag.py:3239} INFO - Sync 1 DAGs
[2024-10-16T13:01:19.276+0000] {logging_mixin.py:190} INFO - [2024-10-16T13:01:19.276+0000] {dag.py:4180} INFO - Setting next_dagrun for example_trigger_target_dag to None, run_after=None
[2024-10-16T13:01:19.303+0000] {processor.py:208} INFO - Processing /home/airflow/.local/lib/python3.12/site-packages/airflow/example_dags/example_trigger_target_dag.py took 0.078 seconds
[2024-10-16T13:01:49.821+0000] {processor.py:186} INFO - Started process (PID=1479) to work on /home/airflow/.local/lib/python3.12/site-packages/airflow/example_dags/example_trigger_target_dag.py
[2024-10-16T13:01:49.823+0000] {processor.py:914} INFO - Processing file /home/airflow/.local/lib/python3.12/site-packages/airflow/example_dags/example_trigger_target_dag.py for tasks to queue
[2024-10-16T13:01:49.826+0000] {logging_mixin.py:190} INFO - [2024-10-16T13:01:49.826+0000] {dagbag.py:588} INFO - Filling up the DagBag from /home/airflow/.local/lib/python3.12/site-packages/airflow/example_dags/example_trigger_target_dag.py
[2024-10-16T13:01:49.832+0000] {processor.py:925} INFO - DAG(s) 'example_trigger_target_dag' retrieved from /home/airflow/.local/lib/python3.12/site-packages/airflow/example_dags/example_trigger_target_dag.py
[2024-10-16T13:01:49.853+0000] {logging_mixin.py:190} INFO - [2024-10-16T13:01:49.853+0000] {dag.py:3239} INFO - Sync 1 DAGs
[2024-10-16T13:01:49.865+0000] {logging_mixin.py:190} INFO - [2024-10-16T13:01:49.864+0000] {dag.py:4180} INFO - Setting next_dagrun for example_trigger_target_dag to None, run_after=None
[2024-10-16T13:01:49.879+0000] {processor.py:208} INFO - Processing /home/airflow/.local/lib/python3.12/site-packages/airflow/example_dags/example_trigger_target_dag.py took 0.063 seconds
[2024-10-16T13:02:21.252+0000] {processor.py:186} INFO - Started process (PID=1542) to work on /home/airflow/.local/lib/python3.12/site-packages/airflow/example_dags/example_trigger_target_dag.py
[2024-10-16T13:02:21.253+0000] {processor.py:914} INFO - Processing file /home/airflow/.local/lib/python3.12/site-packages/airflow/example_dags/example_trigger_target_dag.py for tasks to queue
[2024-10-16T13:02:21.259+0000] {logging_mixin.py:190} INFO - [2024-10-16T13:02:21.258+0000] {dagbag.py:588} INFO - Filling up the DagBag from /home/airflow/.local/lib/python3.12/site-packages/airflow/example_dags/example_trigger_target_dag.py
[2024-10-16T13:02:21.272+0000] {processor.py:925} INFO - DAG(s) 'example_trigger_target_dag' retrieved from /home/airflow/.local/lib/python3.12/site-packages/airflow/example_dags/example_trigger_target_dag.py
[2024-10-16T13:02:21.310+0000] {logging_mixin.py:190} INFO - [2024-10-16T13:02:21.310+0000] {dag.py:3239} INFO - Sync 1 DAGs
[2024-10-16T13:02:21.336+0000] {logging_mixin.py:190} INFO - [2024-10-16T13:02:21.335+0000] {dag.py:4180} INFO - Setting next_dagrun for example_trigger_target_dag to None, run_after=None
[2024-10-16T13:02:21.384+0000] {processor.py:208} INFO - Processing /home/airflow/.local/lib/python3.12/site-packages/airflow/example_dags/example_trigger_target_dag.py took 0.142 seconds
[2024-10-16T13:02:51.858+0000] {processor.py:186} INFO - Started process (PID=1604) to work on /home/airflow/.local/lib/python3.12/site-packages/airflow/example_dags/example_trigger_target_dag.py
[2024-10-16T13:02:51.860+0000] {processor.py:914} INFO - Processing file /home/airflow/.local/lib/python3.12/site-packages/airflow/example_dags/example_trigger_target_dag.py for tasks to queue
[2024-10-16T13:02:51.865+0000] {logging_mixin.py:190} INFO - [2024-10-16T13:02:51.865+0000] {dagbag.py:588} INFO - Filling up the DagBag from /home/airflow/.local/lib/python3.12/site-packages/airflow/example_dags/example_trigger_target_dag.py
[2024-10-16T13:02:51.883+0000] {processor.py:925} INFO - DAG(s) 'example_trigger_target_dag' retrieved from /home/airflow/.local/lib/python3.12/site-packages/airflow/example_dags/example_trigger_target_dag.py
[2024-10-16T13:02:51.918+0000] {logging_mixin.py:190} INFO - [2024-10-16T13:02:51.918+0000] {dag.py:3239} INFO - Sync 1 DAGs
[2024-10-16T13:02:51.947+0000] {logging_mixin.py:190} INFO - [2024-10-16T13:02:51.946+0000] {dag.py:4180} INFO - Setting next_dagrun for example_trigger_target_dag to None, run_after=None
[2024-10-16T13:02:51.990+0000] {processor.py:208} INFO - Processing /home/airflow/.local/lib/python3.12/site-packages/airflow/example_dags/example_trigger_target_dag.py took 0.143 seconds
[2024-10-16T13:03:22.371+0000] {processor.py:186} INFO - Started process (PID=1667) to work on /home/airflow/.local/lib/python3.12/site-packages/airflow/example_dags/example_trigger_target_dag.py
[2024-10-16T13:03:22.373+0000] {processor.py:914} INFO - Processing file /home/airflow/.local/lib/python3.12/site-packages/airflow/example_dags/example_trigger_target_dag.py for tasks to queue
[2024-10-16T13:03:22.375+0000] {logging_mixin.py:190} INFO - [2024-10-16T13:03:22.375+0000] {dagbag.py:588} INFO - Filling up the DagBag from /home/airflow/.local/lib/python3.12/site-packages/airflow/example_dags/example_trigger_target_dag.py
[2024-10-16T13:03:22.383+0000] {processor.py:925} INFO - DAG(s) 'example_trigger_target_dag' retrieved from /home/airflow/.local/lib/python3.12/site-packages/airflow/example_dags/example_trigger_target_dag.py
[2024-10-16T13:03:22.403+0000] {logging_mixin.py:190} INFO - [2024-10-16T13:03:22.403+0000] {dag.py:3239} INFO - Sync 1 DAGs
[2024-10-16T13:03:22.433+0000] {logging_mixin.py:190} INFO - [2024-10-16T13:03:22.433+0000] {dag.py:4180} INFO - Setting next_dagrun for example_trigger_target_dag to None, run_after=None
[2024-10-16T13:03:22.465+0000] {processor.py:208} INFO - Processing /home/airflow/.local/lib/python3.12/site-packages/airflow/example_dags/example_trigger_target_dag.py took 0.102 seconds
[2024-10-16T13:03:53.321+0000] {processor.py:186} INFO - Started process (PID=1729) to work on /home/airflow/.local/lib/python3.12/site-packages/airflow/example_dags/example_trigger_target_dag.py
[2024-10-16T13:03:53.323+0000] {processor.py:914} INFO - Processing file /home/airflow/.local/lib/python3.12/site-packages/airflow/example_dags/example_trigger_target_dag.py for tasks to queue
[2024-10-16T13:03:53.326+0000] {logging_mixin.py:190} INFO - [2024-10-16T13:03:53.326+0000] {dagbag.py:588} INFO - Filling up the DagBag from /home/airflow/.local/lib/python3.12/site-packages/airflow/example_dags/example_trigger_target_dag.py
[2024-10-16T13:03:53.336+0000] {processor.py:925} INFO - DAG(s) 'example_trigger_target_dag' retrieved from /home/airflow/.local/lib/python3.12/site-packages/airflow/example_dags/example_trigger_target_dag.py
[2024-10-16T13:03:53.361+0000] {logging_mixin.py:190} INFO - [2024-10-16T13:03:53.360+0000] {dag.py:3239} INFO - Sync 1 DAGs
[2024-10-16T13:03:53.379+0000] {logging_mixin.py:190} INFO - [2024-10-16T13:03:53.379+0000] {dag.py:4180} INFO - Setting next_dagrun for example_trigger_target_dag to None, run_after=None
[2024-10-16T13:03:53.406+0000] {processor.py:208} INFO - Processing /home/airflow/.local/lib/python3.12/site-packages/airflow/example_dags/example_trigger_target_dag.py took 0.093 seconds
[2024-10-16T13:04:24.143+0000] {processor.py:186} INFO - Started process (PID=1791) to work on /home/airflow/.local/lib/python3.12/site-packages/airflow/example_dags/example_trigger_target_dag.py
[2024-10-16T13:04:24.144+0000] {processor.py:914} INFO - Processing file /home/airflow/.local/lib/python3.12/site-packages/airflow/example_dags/example_trigger_target_dag.py for tasks to queue
[2024-10-16T13:04:24.147+0000] {logging_mixin.py:190} INFO - [2024-10-16T13:04:24.147+0000] {dagbag.py:588} INFO - Filling up the DagBag from /home/airflow/.local/lib/python3.12/site-packages/airflow/example_dags/example_trigger_target_dag.py
[2024-10-16T13:04:24.156+0000] {processor.py:925} INFO - DAG(s) 'example_trigger_target_dag' retrieved from /home/airflow/.local/lib/python3.12/site-packages/airflow/example_dags/example_trigger_target_dag.py
[2024-10-16T13:04:24.181+0000] {logging_mixin.py:190} INFO - [2024-10-16T13:04:24.180+0000] {dag.py:3239} INFO - Sync 1 DAGs
[2024-10-16T13:04:24.199+0000] {logging_mixin.py:190} INFO - [2024-10-16T13:04:24.199+0000] {dag.py:4180} INFO - Setting next_dagrun for example_trigger_target_dag to None, run_after=None
[2024-10-16T13:04:24.227+0000] {processor.py:208} INFO - Processing /home/airflow/.local/lib/python3.12/site-packages/airflow/example_dags/example_trigger_target_dag.py took 0.091 seconds
[2024-10-16T13:08:08.453+0000] {processor.py:186} INFO - Started process (PID=107) to work on /home/airflow/.local/lib/python3.12/site-packages/airflow/example_dags/example_trigger_target_dag.py
[2024-10-16T13:08:08.454+0000] {processor.py:914} INFO - Processing file /home/airflow/.local/lib/python3.12/site-packages/airflow/example_dags/example_trigger_target_dag.py for tasks to queue
[2024-10-16T13:08:08.457+0000] {logging_mixin.py:190} INFO - [2024-10-16T13:08:08.456+0000] {dagbag.py:588} INFO - Filling up the DagBag from /home/airflow/.local/lib/python3.12/site-packages/airflow/example_dags/example_trigger_target_dag.py
[2024-10-16T13:08:08.463+0000] {processor.py:925} INFO - DAG(s) 'example_trigger_target_dag' retrieved from /home/airflow/.local/lib/python3.12/site-packages/airflow/example_dags/example_trigger_target_dag.py
[2024-10-16T13:08:08.556+0000] {logging_mixin.py:190} INFO - [2024-10-16T13:08:08.555+0000] {override.py:1900} INFO - Created Permission View: can read on DAG:example_trigger_target_dag
[2024-10-16T13:08:08.567+0000] {logging_mixin.py:190} INFO - [2024-10-16T13:08:08.567+0000] {override.py:1900} INFO - Created Permission View: can delete on DAG:example_trigger_target_dag
[2024-10-16T13:08:08.575+0000] {logging_mixin.py:190} INFO - [2024-10-16T13:08:08.575+0000] {override.py:1900} INFO - Created Permission View: can edit on DAG:example_trigger_target_dag
[2024-10-16T13:08:08.584+0000] {logging_mixin.py:190} INFO - [2024-10-16T13:08:08.583+0000] {override.py:1900} INFO - Created Permission View: can create on DAG Run:example_trigger_target_dag
[2024-10-16T13:08:08.592+0000] {logging_mixin.py:190} INFO - [2024-10-16T13:08:08.591+0000] {override.py:1900} INFO - Created Permission View: menu access on DAG Run:example_trigger_target_dag
[2024-10-16T13:08:08.600+0000] {logging_mixin.py:190} INFO - [2024-10-16T13:08:08.599+0000] {override.py:1900} INFO - Created Permission View: can read on DAG Run:example_trigger_target_dag
[2024-10-16T13:08:08.607+0000] {logging_mixin.py:190} INFO - [2024-10-16T13:08:08.607+0000] {override.py:1900} INFO - Created Permission View: can delete on DAG Run:example_trigger_target_dag
[2024-10-16T13:08:08.608+0000] {logging_mixin.py:190} INFO - [2024-10-16T13:08:08.608+0000] {dag.py:3239} INFO - Sync 1 DAGs
[2024-10-16T13:08:08.620+0000] {logging_mixin.py:190} INFO - [2024-10-16T13:08:08.620+0000] {dag.py:3262} INFO - Creating ORM DAG for example_trigger_target_dag
[2024-10-16T13:08:08.622+0000] {logging_mixin.py:190} INFO - [2024-10-16T13:08:08.622+0000] {dag.py:4180} INFO - Setting next_dagrun for example_trigger_target_dag to None, run_after=None
[2024-10-16T13:08:08.639+0000] {processor.py:208} INFO - Processing /home/airflow/.local/lib/python3.12/site-packages/airflow/example_dags/example_trigger_target_dag.py took 0.191 seconds
[2024-10-16T13:08:39.033+0000] {processor.py:186} INFO - Started process (PID=170) to work on /home/airflow/.local/lib/python3.12/site-packages/airflow/example_dags/example_trigger_target_dag.py
[2024-10-16T13:08:39.036+0000] {processor.py:914} INFO - Processing file /home/airflow/.local/lib/python3.12/site-packages/airflow/example_dags/example_trigger_target_dag.py for tasks to queue
[2024-10-16T13:08:39.044+0000] {logging_mixin.py:190} INFO - [2024-10-16T13:08:39.043+0000] {dagbag.py:588} INFO - Filling up the DagBag from /home/airflow/.local/lib/python3.12/site-packages/airflow/example_dags/example_trigger_target_dag.py
[2024-10-16T13:08:39.052+0000] {processor.py:925} INFO - DAG(s) 'example_trigger_target_dag' retrieved from /home/airflow/.local/lib/python3.12/site-packages/airflow/example_dags/example_trigger_target_dag.py
[2024-10-16T13:08:39.091+0000] {logging_mixin.py:190} INFO - [2024-10-16T13:08:39.091+0000] {dag.py:3239} INFO - Sync 1 DAGs
[2024-10-16T13:08:39.109+0000] {logging_mixin.py:190} INFO - [2024-10-16T13:08:39.109+0000] {dag.py:4180} INFO - Setting next_dagrun for example_trigger_target_dag to None, run_after=None
[2024-10-16T13:08:39.155+0000] {processor.py:208} INFO - Processing /home/airflow/.local/lib/python3.12/site-packages/airflow/example_dags/example_trigger_target_dag.py took 0.127 seconds
[2024-10-16T13:09:09.435+0000] {processor.py:186} INFO - Started process (PID=233) to work on /home/airflow/.local/lib/python3.12/site-packages/airflow/example_dags/example_trigger_target_dag.py
[2024-10-16T13:09:09.436+0000] {processor.py:914} INFO - Processing file /home/airflow/.local/lib/python3.12/site-packages/airflow/example_dags/example_trigger_target_dag.py for tasks to queue
[2024-10-16T13:09:09.439+0000] {logging_mixin.py:190} INFO - [2024-10-16T13:09:09.438+0000] {dagbag.py:588} INFO - Filling up the DagBag from /home/airflow/.local/lib/python3.12/site-packages/airflow/example_dags/example_trigger_target_dag.py
[2024-10-16T13:09:09.446+0000] {processor.py:925} INFO - DAG(s) 'example_trigger_target_dag' retrieved from /home/airflow/.local/lib/python3.12/site-packages/airflow/example_dags/example_trigger_target_dag.py
[2024-10-16T13:09:09.468+0000] {logging_mixin.py:190} INFO - [2024-10-16T13:09:09.468+0000] {dag.py:3239} INFO - Sync 1 DAGs
[2024-10-16T13:09:09.480+0000] {logging_mixin.py:190} INFO - [2024-10-16T13:09:09.480+0000] {dag.py:4180} INFO - Setting next_dagrun for example_trigger_target_dag to None, run_after=None
[2024-10-16T13:09:09.503+0000] {processor.py:208} INFO - Processing /home/airflow/.local/lib/python3.12/site-packages/airflow/example_dags/example_trigger_target_dag.py took 0.073 seconds
[2024-10-16T13:09:39.826+0000] {processor.py:186} INFO - Started process (PID=296) to work on /home/airflow/.local/lib/python3.12/site-packages/airflow/example_dags/example_trigger_target_dag.py
[2024-10-16T13:09:39.827+0000] {processor.py:914} INFO - Processing file /home/airflow/.local/lib/python3.12/site-packages/airflow/example_dags/example_trigger_target_dag.py for tasks to queue
[2024-10-16T13:09:39.829+0000] {logging_mixin.py:190} INFO - [2024-10-16T13:09:39.829+0000] {dagbag.py:588} INFO - Filling up the DagBag from /home/airflow/.local/lib/python3.12/site-packages/airflow/example_dags/example_trigger_target_dag.py
[2024-10-16T13:09:39.837+0000] {processor.py:925} INFO - DAG(s) 'example_trigger_target_dag' retrieved from /home/airflow/.local/lib/python3.12/site-packages/airflow/example_dags/example_trigger_target_dag.py
[2024-10-16T13:09:39.857+0000] {logging_mixin.py:190} INFO - [2024-10-16T13:09:39.857+0000] {dag.py:3239} INFO - Sync 1 DAGs
[2024-10-16T13:09:39.869+0000] {logging_mixin.py:190} INFO - [2024-10-16T13:09:39.869+0000] {dag.py:4180} INFO - Setting next_dagrun for example_trigger_target_dag to None, run_after=None
[2024-10-16T13:09:39.884+0000] {processor.py:208} INFO - Processing /home/airflow/.local/lib/python3.12/site-packages/airflow/example_dags/example_trigger_target_dag.py took 0.065 seconds
[2024-10-16T13:10:10.286+0000] {processor.py:186} INFO - Started process (PID=359) to work on /home/airflow/.local/lib/python3.12/site-packages/airflow/example_dags/example_trigger_target_dag.py
[2024-10-16T13:10:10.287+0000] {processor.py:914} INFO - Processing file /home/airflow/.local/lib/python3.12/site-packages/airflow/example_dags/example_trigger_target_dag.py for tasks to queue
[2024-10-16T13:10:10.290+0000] {logging_mixin.py:190} INFO - [2024-10-16T13:10:10.290+0000] {dagbag.py:588} INFO - Filling up the DagBag from /home/airflow/.local/lib/python3.12/site-packages/airflow/example_dags/example_trigger_target_dag.py
[2024-10-16T13:10:10.305+0000] {processor.py:925} INFO - DAG(s) 'example_trigger_target_dag' retrieved from /home/airflow/.local/lib/python3.12/site-packages/airflow/example_dags/example_trigger_target_dag.py
[2024-10-16T13:10:10.334+0000] {logging_mixin.py:190} INFO - [2024-10-16T13:10:10.334+0000] {dag.py:3239} INFO - Sync 1 DAGs
[2024-10-16T13:10:10.357+0000] {logging_mixin.py:190} INFO - [2024-10-16T13:10:10.357+0000] {dag.py:4180} INFO - Setting next_dagrun for example_trigger_target_dag to None, run_after=None
[2024-10-16T13:10:10.383+0000] {processor.py:208} INFO - Processing /home/airflow/.local/lib/python3.12/site-packages/airflow/example_dags/example_trigger_target_dag.py took 0.105 seconds
[2024-10-16T13:10:41.142+0000] {processor.py:186} INFO - Started process (PID=422) to work on /home/airflow/.local/lib/python3.12/site-packages/airflow/example_dags/example_trigger_target_dag.py
[2024-10-16T13:10:41.144+0000] {processor.py:914} INFO - Processing file /home/airflow/.local/lib/python3.12/site-packages/airflow/example_dags/example_trigger_target_dag.py for tasks to queue
[2024-10-16T13:10:41.146+0000] {logging_mixin.py:190} INFO - [2024-10-16T13:10:41.145+0000] {dagbag.py:588} INFO - Filling up the DagBag from /home/airflow/.local/lib/python3.12/site-packages/airflow/example_dags/example_trigger_target_dag.py
[2024-10-16T13:10:41.155+0000] {processor.py:925} INFO - DAG(s) 'example_trigger_target_dag' retrieved from /home/airflow/.local/lib/python3.12/site-packages/airflow/example_dags/example_trigger_target_dag.py
[2024-10-16T13:10:41.175+0000] {logging_mixin.py:190} INFO - [2024-10-16T13:10:41.175+0000] {dag.py:3239} INFO - Sync 1 DAGs
[2024-10-16T13:10:41.188+0000] {logging_mixin.py:190} INFO - [2024-10-16T13:10:41.188+0000] {dag.py:4180} INFO - Setting next_dagrun for example_trigger_target_dag to None, run_after=None
[2024-10-16T13:10:41.220+0000] {processor.py:208} INFO - Processing /home/airflow/.local/lib/python3.12/site-packages/airflow/example_dags/example_trigger_target_dag.py took 0.083 seconds
[2024-10-16T13:11:11.852+0000] {processor.py:186} INFO - Started process (PID=485) to work on /home/airflow/.local/lib/python3.12/site-packages/airflow/example_dags/example_trigger_target_dag.py
[2024-10-16T13:11:11.853+0000] {processor.py:914} INFO - Processing file /home/airflow/.local/lib/python3.12/site-packages/airflow/example_dags/example_trigger_target_dag.py for tasks to queue
[2024-10-16T13:11:11.856+0000] {logging_mixin.py:190} INFO - [2024-10-16T13:11:11.855+0000] {dagbag.py:588} INFO - Filling up the DagBag from /home/airflow/.local/lib/python3.12/site-packages/airflow/example_dags/example_trigger_target_dag.py
[2024-10-16T13:11:11.868+0000] {processor.py:925} INFO - DAG(s) 'example_trigger_target_dag' retrieved from /home/airflow/.local/lib/python3.12/site-packages/airflow/example_dags/example_trigger_target_dag.py
[2024-10-16T13:11:11.895+0000] {logging_mixin.py:190} INFO - [2024-10-16T13:11:11.894+0000] {dag.py:3239} INFO - Sync 1 DAGs
[2024-10-16T13:11:11.908+0000] {logging_mixin.py:190} INFO - [2024-10-16T13:11:11.908+0000] {dag.py:4180} INFO - Setting next_dagrun for example_trigger_target_dag to None, run_after=None
[2024-10-16T13:11:11.931+0000] {processor.py:208} INFO - Processing /home/airflow/.local/lib/python3.12/site-packages/airflow/example_dags/example_trigger_target_dag.py took 0.088 seconds
[2024-10-16T13:12:48.256+0000] {processor.py:186} INFO - Started process (PID=106) to work on /home/airflow/.local/lib/python3.12/site-packages/airflow/example_dags/example_trigger_target_dag.py
[2024-10-16T13:12:48.258+0000] {processor.py:914} INFO - Processing file /home/airflow/.local/lib/python3.12/site-packages/airflow/example_dags/example_trigger_target_dag.py for tasks to queue
[2024-10-16T13:12:48.260+0000] {logging_mixin.py:190} INFO - [2024-10-16T13:12:48.260+0000] {dagbag.py:588} INFO - Filling up the DagBag from /home/airflow/.local/lib/python3.12/site-packages/airflow/example_dags/example_trigger_target_dag.py
[2024-10-16T13:12:48.266+0000] {processor.py:925} INFO - DAG(s) 'example_trigger_target_dag' retrieved from /home/airflow/.local/lib/python3.12/site-packages/airflow/example_dags/example_trigger_target_dag.py
[2024-10-16T13:12:48.378+0000] {logging_mixin.py:190} INFO - [2024-10-16T13:12:48.377+0000] {override.py:1900} INFO - Created Permission View: can read on DAG:example_trigger_target_dag
[2024-10-16T13:12:48.390+0000] {logging_mixin.py:190} INFO - [2024-10-16T13:12:48.390+0000] {override.py:1900} INFO - Created Permission View: can edit on DAG:example_trigger_target_dag
[2024-10-16T13:12:48.401+0000] {logging_mixin.py:190} INFO - [2024-10-16T13:12:48.400+0000] {override.py:1900} INFO - Created Permission View: can delete on DAG:example_trigger_target_dag
[2024-10-16T13:12:48.411+0000] {logging_mixin.py:190} INFO - [2024-10-16T13:12:48.410+0000] {override.py:1900} INFO - Created Permission View: can read on DAG Run:example_trigger_target_dag
[2024-10-16T13:12:48.418+0000] {logging_mixin.py:190} INFO - [2024-10-16T13:12:48.418+0000] {override.py:1900} INFO - Created Permission View: menu access on DAG Run:example_trigger_target_dag
[2024-10-16T13:12:48.430+0000] {logging_mixin.py:190} INFO - [2024-10-16T13:12:48.429+0000] {override.py:1900} INFO - Created Permission View: can delete on DAG Run:example_trigger_target_dag
[2024-10-16T13:12:48.438+0000] {logging_mixin.py:190} INFO - [2024-10-16T13:12:48.438+0000] {override.py:1900} INFO - Created Permission View: can create on DAG Run:example_trigger_target_dag
[2024-10-16T13:12:48.439+0000] {logging_mixin.py:190} INFO - [2024-10-16T13:12:48.439+0000] {dag.py:3239} INFO - Sync 1 DAGs
[2024-10-16T13:12:48.458+0000] {logging_mixin.py:190} INFO - [2024-10-16T13:12:48.457+0000] {dag.py:3262} INFO - Creating ORM DAG for example_trigger_target_dag
[2024-10-16T13:12:48.459+0000] {logging_mixin.py:190} INFO - [2024-10-16T13:12:48.459+0000] {dag.py:4180} INFO - Setting next_dagrun for example_trigger_target_dag to None, run_after=None
[2024-10-16T13:12:48.487+0000] {processor.py:208} INFO - Processing /home/airflow/.local/lib/python3.12/site-packages/airflow/example_dags/example_trigger_target_dag.py took 0.237 seconds
[2024-10-16T13:13:18.870+0000] {processor.py:186} INFO - Started process (PID=169) to work on /home/airflow/.local/lib/python3.12/site-packages/airflow/example_dags/example_trigger_target_dag.py
[2024-10-16T13:13:18.872+0000] {processor.py:914} INFO - Processing file /home/airflow/.local/lib/python3.12/site-packages/airflow/example_dags/example_trigger_target_dag.py for tasks to queue
[2024-10-16T13:13:18.874+0000] {logging_mixin.py:190} INFO - [2024-10-16T13:13:18.874+0000] {dagbag.py:588} INFO - Filling up the DagBag from /home/airflow/.local/lib/python3.12/site-packages/airflow/example_dags/example_trigger_target_dag.py
[2024-10-16T13:13:18.883+0000] {processor.py:925} INFO - DAG(s) 'example_trigger_target_dag' retrieved from /home/airflow/.local/lib/python3.12/site-packages/airflow/example_dags/example_trigger_target_dag.py
[2024-10-16T13:13:18.907+0000] {logging_mixin.py:190} INFO - [2024-10-16T13:13:18.907+0000] {dag.py:3239} INFO - Sync 1 DAGs
[2024-10-16T13:13:18.924+0000] {logging_mixin.py:190} INFO - [2024-10-16T13:13:18.924+0000] {dag.py:4180} INFO - Setting next_dagrun for example_trigger_target_dag to None, run_after=None
[2024-10-16T13:13:18.950+0000] {processor.py:208} INFO - Processing /home/airflow/.local/lib/python3.12/site-packages/airflow/example_dags/example_trigger_target_dag.py took 0.086 seconds
[2024-10-16T13:14:49.649+0000] {processor.py:186} INFO - Started process (PID=108) to work on /home/airflow/.local/lib/python3.12/site-packages/airflow/example_dags/example_trigger_target_dag.py
[2024-10-16T13:14:49.650+0000] {processor.py:914} INFO - Processing file /home/airflow/.local/lib/python3.12/site-packages/airflow/example_dags/example_trigger_target_dag.py for tasks to queue
[2024-10-16T13:14:49.652+0000] {logging_mixin.py:190} INFO - [2024-10-16T13:14:49.652+0000] {dagbag.py:588} INFO - Filling up the DagBag from /home/airflow/.local/lib/python3.12/site-packages/airflow/example_dags/example_trigger_target_dag.py
[2024-10-16T13:14:49.660+0000] {processor.py:925} INFO - DAG(s) 'example_trigger_target_dag' retrieved from /home/airflow/.local/lib/python3.12/site-packages/airflow/example_dags/example_trigger_target_dag.py
[2024-10-16T13:14:49.776+0000] {logging_mixin.py:190} INFO - [2024-10-16T13:14:49.775+0000] {override.py:1900} INFO - Created Permission View: can read on DAG:example_trigger_target_dag
[2024-10-16T13:14:49.796+0000] {logging_mixin.py:190} INFO - [2024-10-16T13:14:49.796+0000] {override.py:1900} INFO - Created Permission View: can delete on DAG:example_trigger_target_dag
[2024-10-16T13:14:49.811+0000] {logging_mixin.py:190} INFO - [2024-10-16T13:14:49.811+0000] {override.py:1900} INFO - Created Permission View: can edit on DAG:example_trigger_target_dag
[2024-10-16T13:14:49.826+0000] {logging_mixin.py:190} INFO - [2024-10-16T13:14:49.826+0000] {override.py:1900} INFO - Created Permission View: can read on DAG Run:example_trigger_target_dag
[2024-10-16T13:14:49.834+0000] {logging_mixin.py:190} INFO - [2024-10-16T13:14:49.833+0000] {override.py:1900} INFO - Created Permission View: can create on DAG Run:example_trigger_target_dag
[2024-10-16T13:14:49.840+0000] {logging_mixin.py:190} INFO - [2024-10-16T13:14:49.840+0000] {override.py:1900} INFO - Created Permission View: can delete on DAG Run:example_trigger_target_dag
[2024-10-16T13:14:49.848+0000] {logging_mixin.py:190} INFO - [2024-10-16T13:14:49.848+0000] {override.py:1900} INFO - Created Permission View: menu access on DAG Run:example_trigger_target_dag
[2024-10-16T13:14:49.849+0000] {logging_mixin.py:190} INFO - [2024-10-16T13:14:49.849+0000] {dag.py:3239} INFO - Sync 1 DAGs
[2024-10-16T13:14:49.862+0000] {logging_mixin.py:190} INFO - [2024-10-16T13:14:49.862+0000] {dag.py:3262} INFO - Creating ORM DAG for example_trigger_target_dag
[2024-10-16T13:14:49.863+0000] {logging_mixin.py:190} INFO - [2024-10-16T13:14:49.862+0000] {dag.py:4180} INFO - Setting next_dagrun for example_trigger_target_dag to None, run_after=None
[2024-10-16T13:14:49.880+0000] {processor.py:208} INFO - Processing /home/airflow/.local/lib/python3.12/site-packages/airflow/example_dags/example_trigger_target_dag.py took 0.235 seconds
[2024-10-16T13:16:18.778+0000] {processor.py:186} INFO - Started process (PID=107) to work on /home/airflow/.local/lib/python3.12/site-packages/airflow/example_dags/example_trigger_target_dag.py
[2024-10-16T13:16:18.779+0000] {processor.py:914} INFO - Processing file /home/airflow/.local/lib/python3.12/site-packages/airflow/example_dags/example_trigger_target_dag.py for tasks to queue
[2024-10-16T13:16:18.781+0000] {logging_mixin.py:190} INFO - [2024-10-16T13:16:18.781+0000] {dagbag.py:588} INFO - Filling up the DagBag from /home/airflow/.local/lib/python3.12/site-packages/airflow/example_dags/example_trigger_target_dag.py
[2024-10-16T13:16:18.788+0000] {processor.py:925} INFO - DAG(s) 'example_trigger_target_dag' retrieved from /home/airflow/.local/lib/python3.12/site-packages/airflow/example_dags/example_trigger_target_dag.py
[2024-10-16T13:16:18.864+0000] {logging_mixin.py:190} INFO - [2024-10-16T13:16:18.864+0000] {override.py:1900} INFO - Created Permission View: can edit on DAG:example_trigger_target_dag
[2024-10-16T13:16:18.871+0000] {logging_mixin.py:190} INFO - [2024-10-16T13:16:18.871+0000] {override.py:1900} INFO - Created Permission View: can read on DAG:example_trigger_target_dag
[2024-10-16T13:16:18.876+0000] {logging_mixin.py:190} INFO - [2024-10-16T13:16:18.876+0000] {override.py:1900} INFO - Created Permission View: can delete on DAG:example_trigger_target_dag
[2024-10-16T13:16:18.881+0000] {logging_mixin.py:190} INFO - [2024-10-16T13:16:18.881+0000] {override.py:1900} INFO - Created Permission View: menu access on DAG Run:example_trigger_target_dag
[2024-10-16T13:16:18.887+0000] {logging_mixin.py:190} INFO - [2024-10-16T13:16:18.886+0000] {override.py:1900} INFO - Created Permission View: can read on DAG Run:example_trigger_target_dag
[2024-10-16T13:16:18.894+0000] {logging_mixin.py:190} INFO - [2024-10-16T13:16:18.894+0000] {override.py:1900} INFO - Created Permission View: can create on DAG Run:example_trigger_target_dag
[2024-10-16T13:16:18.900+0000] {logging_mixin.py:190} INFO - [2024-10-16T13:16:18.899+0000] {override.py:1900} INFO - Created Permission View: can delete on DAG Run:example_trigger_target_dag
[2024-10-16T13:16:18.901+0000] {logging_mixin.py:190} INFO - [2024-10-16T13:16:18.900+0000] {dag.py:3239} INFO - Sync 1 DAGs
[2024-10-16T13:16:18.912+0000] {logging_mixin.py:190} INFO - [2024-10-16T13:16:18.912+0000] {dag.py:3262} INFO - Creating ORM DAG for example_trigger_target_dag
[2024-10-16T13:16:18.913+0000] {logging_mixin.py:190} INFO - [2024-10-16T13:16:18.913+0000] {dag.py:4180} INFO - Setting next_dagrun for example_trigger_target_dag to None, run_after=None
[2024-10-16T13:16:18.942+0000] {processor.py:208} INFO - Processing /home/airflow/.local/lib/python3.12/site-packages/airflow/example_dags/example_trigger_target_dag.py took 0.169 seconds
[2024-10-16T13:16:49.208+0000] {processor.py:186} INFO - Started process (PID=170) to work on /home/airflow/.local/lib/python3.12/site-packages/airflow/example_dags/example_trigger_target_dag.py
[2024-10-16T13:16:49.209+0000] {processor.py:914} INFO - Processing file /home/airflow/.local/lib/python3.12/site-packages/airflow/example_dags/example_trigger_target_dag.py for tasks to queue
[2024-10-16T13:16:49.212+0000] {logging_mixin.py:190} INFO - [2024-10-16T13:16:49.212+0000] {dagbag.py:588} INFO - Filling up the DagBag from /home/airflow/.local/lib/python3.12/site-packages/airflow/example_dags/example_trigger_target_dag.py
[2024-10-16T13:16:49.224+0000] {processor.py:925} INFO - DAG(s) 'example_trigger_target_dag' retrieved from /home/airflow/.local/lib/python3.12/site-packages/airflow/example_dags/example_trigger_target_dag.py
[2024-10-16T13:16:49.252+0000] {logging_mixin.py:190} INFO - [2024-10-16T13:16:49.252+0000] {dag.py:3239} INFO - Sync 1 DAGs
[2024-10-16T13:16:49.269+0000] {logging_mixin.py:190} INFO - [2024-10-16T13:16:49.269+0000] {dag.py:4180} INFO - Setting next_dagrun for example_trigger_target_dag to None, run_after=None
[2024-10-16T13:16:49.303+0000] {processor.py:208} INFO - Processing /home/airflow/.local/lib/python3.12/site-packages/airflow/example_dags/example_trigger_target_dag.py took 0.103 seconds
[2024-10-16T13:17:19.839+0000] {processor.py:186} INFO - Started process (PID=233) to work on /home/airflow/.local/lib/python3.12/site-packages/airflow/example_dags/example_trigger_target_dag.py
[2024-10-16T13:17:19.840+0000] {processor.py:914} INFO - Processing file /home/airflow/.local/lib/python3.12/site-packages/airflow/example_dags/example_trigger_target_dag.py for tasks to queue
[2024-10-16T13:17:19.843+0000] {logging_mixin.py:190} INFO - [2024-10-16T13:17:19.842+0000] {dagbag.py:588} INFO - Filling up the DagBag from /home/airflow/.local/lib/python3.12/site-packages/airflow/example_dags/example_trigger_target_dag.py
[2024-10-16T13:17:19.852+0000] {processor.py:925} INFO - DAG(s) 'example_trigger_target_dag' retrieved from /home/airflow/.local/lib/python3.12/site-packages/airflow/example_dags/example_trigger_target_dag.py
[2024-10-16T13:17:19.871+0000] {logging_mixin.py:190} INFO - [2024-10-16T13:17:19.871+0000] {dag.py:3239} INFO - Sync 1 DAGs
[2024-10-16T13:17:19.885+0000] {logging_mixin.py:190} INFO - [2024-10-16T13:17:19.885+0000] {dag.py:4180} INFO - Setting next_dagrun for example_trigger_target_dag to None, run_after=None
[2024-10-16T13:17:19.910+0000] {processor.py:208} INFO - Processing /home/airflow/.local/lib/python3.12/site-packages/airflow/example_dags/example_trigger_target_dag.py took 0.077 seconds
[2024-10-16T13:17:50.467+0000] {processor.py:186} INFO - Started process (PID=296) to work on /home/airflow/.local/lib/python3.12/site-packages/airflow/example_dags/example_trigger_target_dag.py
[2024-10-16T13:17:50.468+0000] {processor.py:914} INFO - Processing file /home/airflow/.local/lib/python3.12/site-packages/airflow/example_dags/example_trigger_target_dag.py for tasks to queue
[2024-10-16T13:17:50.470+0000] {logging_mixin.py:190} INFO - [2024-10-16T13:17:50.469+0000] {dagbag.py:588} INFO - Filling up the DagBag from /home/airflow/.local/lib/python3.12/site-packages/airflow/example_dags/example_trigger_target_dag.py
[2024-10-16T13:17:50.476+0000] {processor.py:925} INFO - DAG(s) 'example_trigger_target_dag' retrieved from /home/airflow/.local/lib/python3.12/site-packages/airflow/example_dags/example_trigger_target_dag.py
[2024-10-16T13:17:50.494+0000] {logging_mixin.py:190} INFO - [2024-10-16T13:17:50.494+0000] {dag.py:3239} INFO - Sync 1 DAGs
[2024-10-16T13:17:50.506+0000] {logging_mixin.py:190} INFO - [2024-10-16T13:17:50.506+0000] {dag.py:4180} INFO - Setting next_dagrun for example_trigger_target_dag to None, run_after=None
[2024-10-16T13:17:50.522+0000] {processor.py:208} INFO - Processing /home/airflow/.local/lib/python3.12/site-packages/airflow/example_dags/example_trigger_target_dag.py took 0.061 seconds
[2024-10-16T13:18:21.269+0000] {processor.py:186} INFO - Started process (PID=359) to work on /home/airflow/.local/lib/python3.12/site-packages/airflow/example_dags/example_trigger_target_dag.py
[2024-10-16T13:18:21.270+0000] {processor.py:914} INFO - Processing file /home/airflow/.local/lib/python3.12/site-packages/airflow/example_dags/example_trigger_target_dag.py for tasks to queue
[2024-10-16T13:18:21.272+0000] {logging_mixin.py:190} INFO - [2024-10-16T13:18:21.272+0000] {dagbag.py:588} INFO - Filling up the DagBag from /home/airflow/.local/lib/python3.12/site-packages/airflow/example_dags/example_trigger_target_dag.py
[2024-10-16T13:18:21.279+0000] {processor.py:925} INFO - DAG(s) 'example_trigger_target_dag' retrieved from /home/airflow/.local/lib/python3.12/site-packages/airflow/example_dags/example_trigger_target_dag.py
[2024-10-16T13:18:21.299+0000] {logging_mixin.py:190} INFO - [2024-10-16T13:18:21.298+0000] {dag.py:3239} INFO - Sync 1 DAGs
[2024-10-16T13:18:21.358+0000] {logging_mixin.py:190} INFO - [2024-10-16T13:18:21.358+0000] {dag.py:4180} INFO - Setting next_dagrun for example_trigger_target_dag to None, run_after=None
[2024-10-16T13:18:21.385+0000] {processor.py:208} INFO - Processing /home/airflow/.local/lib/python3.12/site-packages/airflow/example_dags/example_trigger_target_dag.py took 0.120 seconds
[2024-10-16T13:18:51.843+0000] {processor.py:186} INFO - Started process (PID=422) to work on /home/airflow/.local/lib/python3.12/site-packages/airflow/example_dags/example_trigger_target_dag.py
[2024-10-16T13:18:51.845+0000] {processor.py:914} INFO - Processing file /home/airflow/.local/lib/python3.12/site-packages/airflow/example_dags/example_trigger_target_dag.py for tasks to queue
[2024-10-16T13:18:51.850+0000] {logging_mixin.py:190} INFO - [2024-10-16T13:18:51.850+0000] {dagbag.py:588} INFO - Filling up the DagBag from /home/airflow/.local/lib/python3.12/site-packages/airflow/example_dags/example_trigger_target_dag.py
[2024-10-16T13:18:51.860+0000] {processor.py:925} INFO - DAG(s) 'example_trigger_target_dag' retrieved from /home/airflow/.local/lib/python3.12/site-packages/airflow/example_dags/example_trigger_target_dag.py
[2024-10-16T13:18:51.884+0000] {logging_mixin.py:190} INFO - [2024-10-16T13:18:51.884+0000] {dag.py:3239} INFO - Sync 1 DAGs
[2024-10-16T13:18:51.902+0000] {logging_mixin.py:190} INFO - [2024-10-16T13:18:51.902+0000] {dag.py:4180} INFO - Setting next_dagrun for example_trigger_target_dag to None, run_after=None
[2024-10-16T13:18:51.930+0000] {processor.py:208} INFO - Processing /home/airflow/.local/lib/python3.12/site-packages/airflow/example_dags/example_trigger_target_dag.py took 0.096 seconds
[2024-10-16T13:19:22.936+0000] {processor.py:186} INFO - Started process (PID=485) to work on /home/airflow/.local/lib/python3.12/site-packages/airflow/example_dags/example_trigger_target_dag.py
[2024-10-16T13:19:22.937+0000] {processor.py:914} INFO - Processing file /home/airflow/.local/lib/python3.12/site-packages/airflow/example_dags/example_trigger_target_dag.py for tasks to queue
[2024-10-16T13:19:22.940+0000] {logging_mixin.py:190} INFO - [2024-10-16T13:19:22.939+0000] {dagbag.py:588} INFO - Filling up the DagBag from /home/airflow/.local/lib/python3.12/site-packages/airflow/example_dags/example_trigger_target_dag.py
[2024-10-16T13:19:22.949+0000] {processor.py:925} INFO - DAG(s) 'example_trigger_target_dag' retrieved from /home/airflow/.local/lib/python3.12/site-packages/airflow/example_dags/example_trigger_target_dag.py
[2024-10-16T13:19:22.981+0000] {logging_mixin.py:190} INFO - [2024-10-16T13:19:22.981+0000] {dag.py:3239} INFO - Sync 1 DAGs
[2024-10-16T13:19:22.997+0000] {logging_mixin.py:190} INFO - [2024-10-16T13:19:22.997+0000] {dag.py:4180} INFO - Setting next_dagrun for example_trigger_target_dag to None, run_after=None
[2024-10-16T13:19:23.019+0000] {processor.py:208} INFO - Processing /home/airflow/.local/lib/python3.12/site-packages/airflow/example_dags/example_trigger_target_dag.py took 0.091 seconds
[2024-10-16T13:19:53.108+0000] {processor.py:186} INFO - Started process (PID=548) to work on /home/airflow/.local/lib/python3.12/site-packages/airflow/example_dags/example_trigger_target_dag.py
[2024-10-16T13:19:53.109+0000] {processor.py:914} INFO - Processing file /home/airflow/.local/lib/python3.12/site-packages/airflow/example_dags/example_trigger_target_dag.py for tasks to queue
[2024-10-16T13:19:53.110+0000] {logging_mixin.py:190} INFO - [2024-10-16T13:19:53.110+0000] {dagbag.py:588} INFO - Filling up the DagBag from /home/airflow/.local/lib/python3.12/site-packages/airflow/example_dags/example_trigger_target_dag.py
[2024-10-16T13:19:53.117+0000] {processor.py:925} INFO - DAG(s) 'example_trigger_target_dag' retrieved from /home/airflow/.local/lib/python3.12/site-packages/airflow/example_dags/example_trigger_target_dag.py
[2024-10-16T13:19:53.136+0000] {logging_mixin.py:190} INFO - [2024-10-16T13:19:53.136+0000] {dag.py:3239} INFO - Sync 1 DAGs
[2024-10-16T13:19:53.150+0000] {logging_mixin.py:190} INFO - [2024-10-16T13:19:53.149+0000] {dag.py:4180} INFO - Setting next_dagrun for example_trigger_target_dag to None, run_after=None
[2024-10-16T13:19:53.176+0000] {processor.py:208} INFO - Processing /home/airflow/.local/lib/python3.12/site-packages/airflow/example_dags/example_trigger_target_dag.py took 0.074 seconds
[2024-10-16T13:20:24.033+0000] {processor.py:186} INFO - Started process (PID=611) to work on /home/airflow/.local/lib/python3.12/site-packages/airflow/example_dags/example_trigger_target_dag.py
[2024-10-16T13:20:24.035+0000] {processor.py:914} INFO - Processing file /home/airflow/.local/lib/python3.12/site-packages/airflow/example_dags/example_trigger_target_dag.py for tasks to queue
[2024-10-16T13:20:24.037+0000] {logging_mixin.py:190} INFO - [2024-10-16T13:20:24.037+0000] {dagbag.py:588} INFO - Filling up the DagBag from /home/airflow/.local/lib/python3.12/site-packages/airflow/example_dags/example_trigger_target_dag.py
[2024-10-16T13:20:24.046+0000] {processor.py:925} INFO - DAG(s) 'example_trigger_target_dag' retrieved from /home/airflow/.local/lib/python3.12/site-packages/airflow/example_dags/example_trigger_target_dag.py
[2024-10-16T13:20:24.077+0000] {logging_mixin.py:190} INFO - [2024-10-16T13:20:24.076+0000] {dag.py:3239} INFO - Sync 1 DAGs
[2024-10-16T13:20:24.111+0000] {logging_mixin.py:190} INFO - [2024-10-16T13:20:24.111+0000] {dag.py:4180} INFO - Setting next_dagrun for example_trigger_target_dag to None, run_after=None
[2024-10-16T13:20:24.154+0000] {processor.py:208} INFO - Processing /home/airflow/.local/lib/python3.12/site-packages/airflow/example_dags/example_trigger_target_dag.py took 0.128 seconds
[2024-10-16T13:22:03.885+0000] {processor.py:186} INFO - Started process (PID=106) to work on /home/airflow/.local/lib/python3.12/site-packages/airflow/example_dags/example_trigger_target_dag.py
[2024-10-16T13:22:03.886+0000] {processor.py:914} INFO - Processing file /home/airflow/.local/lib/python3.12/site-packages/airflow/example_dags/example_trigger_target_dag.py for tasks to queue
[2024-10-16T13:22:03.890+0000] {logging_mixin.py:190} INFO - [2024-10-16T13:22:03.889+0000] {dagbag.py:588} INFO - Filling up the DagBag from /home/airflow/.local/lib/python3.12/site-packages/airflow/example_dags/example_trigger_target_dag.py
[2024-10-16T13:22:03.896+0000] {processor.py:925} INFO - DAG(s) 'example_trigger_target_dag' retrieved from /home/airflow/.local/lib/python3.12/site-packages/airflow/example_dags/example_trigger_target_dag.py
[2024-10-16T13:22:04.001+0000] {logging_mixin.py:190} INFO - [2024-10-16T13:22:04.000+0000] {override.py:1900} INFO - Created Permission View: can edit on DAG:example_trigger_target_dag
[2024-10-16T13:22:04.029+0000] {logging_mixin.py:190} INFO - [2024-10-16T13:22:04.028+0000] {override.py:1900} INFO - Created Permission View: can read on DAG:example_trigger_target_dag
[2024-10-16T13:22:04.061+0000] {logging_mixin.py:190} INFO - [2024-10-16T13:22:04.061+0000] {override.py:1900} INFO - Created Permission View: can delete on DAG:example_trigger_target_dag
[2024-10-16T13:22:04.071+0000] {logging_mixin.py:190} INFO - [2024-10-16T13:22:04.071+0000] {override.py:1900} INFO - Created Permission View: can delete on DAG Run:example_trigger_target_dag
[2024-10-16T13:22:04.084+0000] {logging_mixin.py:190} INFO - [2024-10-16T13:22:04.083+0000] {override.py:1900} INFO - Created Permission View: can read on DAG Run:example_trigger_target_dag
[2024-10-16T13:22:04.092+0000] {logging_mixin.py:190} INFO - [2024-10-16T13:22:04.092+0000] {override.py:1900} INFO - Created Permission View: menu access on DAG Run:example_trigger_target_dag
[2024-10-16T13:22:04.101+0000] {logging_mixin.py:190} INFO - [2024-10-16T13:22:04.100+0000] {override.py:1900} INFO - Created Permission View: can create on DAG Run:example_trigger_target_dag
[2024-10-16T13:22:04.101+0000] {logging_mixin.py:190} INFO - [2024-10-16T13:22:04.101+0000] {dag.py:3239} INFO - Sync 1 DAGs
[2024-10-16T13:22:04.114+0000] {logging_mixin.py:190} INFO - [2024-10-16T13:22:04.113+0000] {dag.py:3262} INFO - Creating ORM DAG for example_trigger_target_dag
[2024-10-16T13:22:04.116+0000] {logging_mixin.py:190} INFO - [2024-10-16T13:22:04.116+0000] {dag.py:4180} INFO - Setting next_dagrun for example_trigger_target_dag to None, run_after=None
[2024-10-16T13:22:04.148+0000] {processor.py:208} INFO - Processing /home/airflow/.local/lib/python3.12/site-packages/airflow/example_dags/example_trigger_target_dag.py took 0.269 seconds
[2024-10-16T13:22:34.512+0000] {processor.py:186} INFO - Started process (PID=169) to work on /home/airflow/.local/lib/python3.12/site-packages/airflow/example_dags/example_trigger_target_dag.py
[2024-10-16T13:22:34.513+0000] {processor.py:914} INFO - Processing file /home/airflow/.local/lib/python3.12/site-packages/airflow/example_dags/example_trigger_target_dag.py for tasks to queue
[2024-10-16T13:22:34.515+0000] {logging_mixin.py:190} INFO - [2024-10-16T13:22:34.515+0000] {dagbag.py:588} INFO - Filling up the DagBag from /home/airflow/.local/lib/python3.12/site-packages/airflow/example_dags/example_trigger_target_dag.py
[2024-10-16T13:22:34.525+0000] {processor.py:925} INFO - DAG(s) 'example_trigger_target_dag' retrieved from /home/airflow/.local/lib/python3.12/site-packages/airflow/example_dags/example_trigger_target_dag.py
[2024-10-16T13:22:34.544+0000] {logging_mixin.py:190} INFO - [2024-10-16T13:22:34.544+0000] {dag.py:3239} INFO - Sync 1 DAGs
[2024-10-16T13:22:34.559+0000] {logging_mixin.py:190} INFO - [2024-10-16T13:22:34.558+0000] {dag.py:4180} INFO - Setting next_dagrun for example_trigger_target_dag to None, run_after=None
[2024-10-16T13:22:34.582+0000] {processor.py:208} INFO - Processing /home/airflow/.local/lib/python3.12/site-packages/airflow/example_dags/example_trigger_target_dag.py took 0.076 seconds
[2024-10-16T13:23:05.064+0000] {processor.py:186} INFO - Started process (PID=232) to work on /home/airflow/.local/lib/python3.12/site-packages/airflow/example_dags/example_trigger_target_dag.py
[2024-10-16T13:23:05.065+0000] {processor.py:914} INFO - Processing file /home/airflow/.local/lib/python3.12/site-packages/airflow/example_dags/example_trigger_target_dag.py for tasks to queue
[2024-10-16T13:23:05.067+0000] {logging_mixin.py:190} INFO - [2024-10-16T13:23:05.067+0000] {dagbag.py:588} INFO - Filling up the DagBag from /home/airflow/.local/lib/python3.12/site-packages/airflow/example_dags/example_trigger_target_dag.py
[2024-10-16T13:23:05.073+0000] {processor.py:925} INFO - DAG(s) 'example_trigger_target_dag' retrieved from /home/airflow/.local/lib/python3.12/site-packages/airflow/example_dags/example_trigger_target_dag.py
[2024-10-16T13:23:05.091+0000] {logging_mixin.py:190} INFO - [2024-10-16T13:23:05.091+0000] {dag.py:3239} INFO - Sync 1 DAGs
[2024-10-16T13:23:05.104+0000] {logging_mixin.py:190} INFO - [2024-10-16T13:23:05.103+0000] {dag.py:4180} INFO - Setting next_dagrun for example_trigger_target_dag to None, run_after=None
[2024-10-16T13:23:05.134+0000] {processor.py:208} INFO - Processing /home/airflow/.local/lib/python3.12/site-packages/airflow/example_dags/example_trigger_target_dag.py took 0.076 seconds
[2024-10-16T13:23:36.250+0000] {processor.py:186} INFO - Started process (PID=295) to work on /home/airflow/.local/lib/python3.12/site-packages/airflow/example_dags/example_trigger_target_dag.py
[2024-10-16T13:23:36.252+0000] {processor.py:914} INFO - Processing file /home/airflow/.local/lib/python3.12/site-packages/airflow/example_dags/example_trigger_target_dag.py for tasks to queue
[2024-10-16T13:23:36.255+0000] {logging_mixin.py:190} INFO - [2024-10-16T13:23:36.254+0000] {dagbag.py:588} INFO - Filling up the DagBag from /home/airflow/.local/lib/python3.12/site-packages/airflow/example_dags/example_trigger_target_dag.py
[2024-10-16T13:23:36.263+0000] {processor.py:925} INFO - DAG(s) 'example_trigger_target_dag' retrieved from /home/airflow/.local/lib/python3.12/site-packages/airflow/example_dags/example_trigger_target_dag.py
[2024-10-16T13:23:36.284+0000] {logging_mixin.py:190} INFO - [2024-10-16T13:23:36.284+0000] {dag.py:3239} INFO - Sync 1 DAGs
[2024-10-16T13:23:36.301+0000] {logging_mixin.py:190} INFO - [2024-10-16T13:23:36.300+0000] {dag.py:4180} INFO - Setting next_dagrun for example_trigger_target_dag to None, run_after=None
[2024-10-16T13:23:36.333+0000] {processor.py:208} INFO - Processing /home/airflow/.local/lib/python3.12/site-packages/airflow/example_dags/example_trigger_target_dag.py took 0.088 seconds
