[2024-10-16T12:50:31.639+0000] {processor.py:186} INFO - Started process (PID=91) to work on /home/airflow/.local/lib/python3.12/site-packages/airflow/example_dags/example_params_trigger_ui.py
[2024-10-16T12:50:31.640+0000] {processor.py:914} INFO - Processing file /home/airflow/.local/lib/python3.12/site-packages/airflow/example_dags/example_params_trigger_ui.py for tasks to queue
[2024-10-16T12:50:31.642+0000] {logging_mixin.py:190} INFO - [2024-10-16T12:50:31.642+0000] {dagbag.py:588} INFO - Filling up the DagBag from /home/airflow/.local/lib/python3.12/site-packages/airflow/example_dags/example_params_trigger_ui.py
[2024-10-16T12:50:31.663+0000] {processor.py:925} INFO - DAG(s) 'example_params_trigger_ui' retrieved from /home/airflow/.local/lib/python3.12/site-packages/airflow/example_dags/example_params_trigger_ui.py
[2024-10-16T12:50:31.814+0000] {logging_mixin.py:190} INFO - [2024-10-16T12:50:31.813+0000] {override.py:1900} INFO - Created Permission View: can edit on DAG:example_params_trigger_ui
[2024-10-16T12:50:31.827+0000] {logging_mixin.py:190} INFO - [2024-10-16T12:50:31.826+0000] {override.py:1900} INFO - Created Permission View: can read on DAG:example_params_trigger_ui
[2024-10-16T12:50:31.834+0000] {logging_mixin.py:190} INFO - [2024-10-16T12:50:31.834+0000] {override.py:1900} INFO - Created Permission View: can delete on DAG:example_params_trigger_ui
[2024-10-16T12:50:31.843+0000] {logging_mixin.py:190} INFO - [2024-10-16T12:50:31.842+0000] {override.py:1900} INFO - Created Permission View: can delete on DAG Run:example_params_trigger_ui
[2024-10-16T12:50:31.851+0000] {logging_mixin.py:190} INFO - [2024-10-16T12:50:31.850+0000] {override.py:1900} INFO - Created Permission View: menu access on DAG Run:example_params_trigger_ui
[2024-10-16T12:50:31.863+0000] {logging_mixin.py:190} INFO - [2024-10-16T12:50:31.863+0000] {override.py:1900} INFO - Created Permission View: can create on DAG Run:example_params_trigger_ui
[2024-10-16T12:50:31.874+0000] {logging_mixin.py:190} INFO - [2024-10-16T12:50:31.873+0000] {override.py:1900} INFO - Created Permission View: can read on DAG Run:example_params_trigger_ui
[2024-10-16T12:50:31.875+0000] {logging_mixin.py:190} INFO - [2024-10-16T12:50:31.875+0000] {dag.py:3239} INFO - Sync 1 DAGs
[2024-10-16T12:50:31.894+0000] {logging_mixin.py:190} INFO - [2024-10-16T12:50:31.893+0000] {dag.py:3262} INFO - Creating ORM DAG for example_params_trigger_ui
[2024-10-16T12:50:31.895+0000] {logging_mixin.py:190} INFO - [2024-10-16T12:50:31.895+0000] {dag.py:4180} INFO - Setting next_dagrun for example_params_trigger_ui to None, run_after=None
[2024-10-16T12:50:31.918+0000] {processor.py:208} INFO - Processing /home/airflow/.local/lib/python3.12/site-packages/airflow/example_dags/example_params_trigger_ui.py took 0.285 seconds
[2024-10-16T12:51:02.573+0000] {processor.py:186} INFO - Started process (PID=153) to work on /home/airflow/.local/lib/python3.12/site-packages/airflow/example_dags/example_params_trigger_ui.py
[2024-10-16T12:51:02.574+0000] {processor.py:914} INFO - Processing file /home/airflow/.local/lib/python3.12/site-packages/airflow/example_dags/example_params_trigger_ui.py for tasks to queue
[2024-10-16T12:51:02.576+0000] {logging_mixin.py:190} INFO - [2024-10-16T12:51:02.576+0000] {dagbag.py:588} INFO - Filling up the DagBag from /home/airflow/.local/lib/python3.12/site-packages/airflow/example_dags/example_params_trigger_ui.py
[2024-10-16T12:51:02.585+0000] {processor.py:925} INFO - DAG(s) 'example_params_trigger_ui' retrieved from /home/airflow/.local/lib/python3.12/site-packages/airflow/example_dags/example_params_trigger_ui.py
[2024-10-16T12:51:02.621+0000] {logging_mixin.py:190} INFO - [2024-10-16T12:51:02.620+0000] {dag.py:3239} INFO - Sync 1 DAGs
[2024-10-16T12:51:02.632+0000] {logging_mixin.py:190} INFO - [2024-10-16T12:51:02.632+0000] {dag.py:4180} INFO - Setting next_dagrun for example_params_trigger_ui to None, run_after=None
[2024-10-16T12:51:02.658+0000] {processor.py:208} INFO - Processing /home/airflow/.local/lib/python3.12/site-packages/airflow/example_dags/example_params_trigger_ui.py took 0.089 seconds
[2024-10-16T12:51:33.224+0000] {processor.py:186} INFO - Started process (PID=215) to work on /home/airflow/.local/lib/python3.12/site-packages/airflow/example_dags/example_params_trigger_ui.py
[2024-10-16T12:51:33.226+0000] {processor.py:914} INFO - Processing file /home/airflow/.local/lib/python3.12/site-packages/airflow/example_dags/example_params_trigger_ui.py for tasks to queue
[2024-10-16T12:51:33.229+0000] {logging_mixin.py:190} INFO - [2024-10-16T12:51:33.228+0000] {dagbag.py:588} INFO - Filling up the DagBag from /home/airflow/.local/lib/python3.12/site-packages/airflow/example_dags/example_params_trigger_ui.py
[2024-10-16T12:51:33.242+0000] {processor.py:925} INFO - DAG(s) 'example_params_trigger_ui' retrieved from /home/airflow/.local/lib/python3.12/site-packages/airflow/example_dags/example_params_trigger_ui.py
[2024-10-16T12:51:33.299+0000] {logging_mixin.py:190} INFO - [2024-10-16T12:51:33.299+0000] {dag.py:3239} INFO - Sync 1 DAGs
[2024-10-16T12:51:33.316+0000] {logging_mixin.py:190} INFO - [2024-10-16T12:51:33.316+0000] {dag.py:4180} INFO - Setting next_dagrun for example_params_trigger_ui to None, run_after=None
[2024-10-16T12:51:33.345+0000] {processor.py:208} INFO - Processing /home/airflow/.local/lib/python3.12/site-packages/airflow/example_dags/example_params_trigger_ui.py took 0.129 seconds
[2024-10-16T12:52:03.817+0000] {processor.py:186} INFO - Started process (PID=277) to work on /home/airflow/.local/lib/python3.12/site-packages/airflow/example_dags/example_params_trigger_ui.py
[2024-10-16T12:52:03.819+0000] {processor.py:914} INFO - Processing file /home/airflow/.local/lib/python3.12/site-packages/airflow/example_dags/example_params_trigger_ui.py for tasks to queue
[2024-10-16T12:52:03.823+0000] {logging_mixin.py:190} INFO - [2024-10-16T12:52:03.822+0000] {dagbag.py:588} INFO - Filling up the DagBag from /home/airflow/.local/lib/python3.12/site-packages/airflow/example_dags/example_params_trigger_ui.py
[2024-10-16T12:52:03.840+0000] {processor.py:925} INFO - DAG(s) 'example_params_trigger_ui' retrieved from /home/airflow/.local/lib/python3.12/site-packages/airflow/example_dags/example_params_trigger_ui.py
[2024-10-16T12:52:03.900+0000] {logging_mixin.py:190} INFO - [2024-10-16T12:52:03.900+0000] {dag.py:3239} INFO - Sync 1 DAGs
[2024-10-16T12:52:03.918+0000] {logging_mixin.py:190} INFO - [2024-10-16T12:52:03.917+0000] {dag.py:4180} INFO - Setting next_dagrun for example_params_trigger_ui to None, run_after=None
[2024-10-16T12:52:03.940+0000] {processor.py:208} INFO - Processing /home/airflow/.local/lib/python3.12/site-packages/airflow/example_dags/example_params_trigger_ui.py took 0.130 seconds
[2024-10-16T12:52:34.347+0000] {processor.py:186} INFO - Started process (PID=340) to work on /home/airflow/.local/lib/python3.12/site-packages/airflow/example_dags/example_params_trigger_ui.py
[2024-10-16T12:52:34.348+0000] {processor.py:914} INFO - Processing file /home/airflow/.local/lib/python3.12/site-packages/airflow/example_dags/example_params_trigger_ui.py for tasks to queue
[2024-10-16T12:52:34.351+0000] {logging_mixin.py:190} INFO - [2024-10-16T12:52:34.350+0000] {dagbag.py:588} INFO - Filling up the DagBag from /home/airflow/.local/lib/python3.12/site-packages/airflow/example_dags/example_params_trigger_ui.py
[2024-10-16T12:52:34.358+0000] {processor.py:925} INFO - DAG(s) 'example_params_trigger_ui' retrieved from /home/airflow/.local/lib/python3.12/site-packages/airflow/example_dags/example_params_trigger_ui.py
[2024-10-16T12:52:34.392+0000] {logging_mixin.py:190} INFO - [2024-10-16T12:52:34.392+0000] {dag.py:3239} INFO - Sync 1 DAGs
[2024-10-16T12:52:34.402+0000] {logging_mixin.py:190} INFO - [2024-10-16T12:52:34.402+0000] {dag.py:4180} INFO - Setting next_dagrun for example_params_trigger_ui to None, run_after=None
[2024-10-16T12:52:34.419+0000] {processor.py:208} INFO - Processing /home/airflow/.local/lib/python3.12/site-packages/airflow/example_dags/example_params_trigger_ui.py took 0.077 seconds
[2024-10-16T12:53:05.216+0000] {processor.py:186} INFO - Started process (PID=402) to work on /home/airflow/.local/lib/python3.12/site-packages/airflow/example_dags/example_params_trigger_ui.py
[2024-10-16T12:53:05.218+0000] {processor.py:914} INFO - Processing file /home/airflow/.local/lib/python3.12/site-packages/airflow/example_dags/example_params_trigger_ui.py for tasks to queue
[2024-10-16T12:53:05.220+0000] {logging_mixin.py:190} INFO - [2024-10-16T12:53:05.220+0000] {dagbag.py:588} INFO - Filling up the DagBag from /home/airflow/.local/lib/python3.12/site-packages/airflow/example_dags/example_params_trigger_ui.py
[2024-10-16T12:53:05.235+0000] {processor.py:925} INFO - DAG(s) 'example_params_trigger_ui' retrieved from /home/airflow/.local/lib/python3.12/site-packages/airflow/example_dags/example_params_trigger_ui.py
[2024-10-16T12:53:05.289+0000] {logging_mixin.py:190} INFO - [2024-10-16T12:53:05.289+0000] {dag.py:3239} INFO - Sync 1 DAGs
[2024-10-16T12:53:05.306+0000] {logging_mixin.py:190} INFO - [2024-10-16T12:53:05.306+0000] {dag.py:4180} INFO - Setting next_dagrun for example_params_trigger_ui to None, run_after=None
[2024-10-16T12:53:05.331+0000] {processor.py:208} INFO - Processing /home/airflow/.local/lib/python3.12/site-packages/airflow/example_dags/example_params_trigger_ui.py took 0.120 seconds
[2024-10-16T12:53:36.372+0000] {processor.py:186} INFO - Started process (PID=464) to work on /home/airflow/.local/lib/python3.12/site-packages/airflow/example_dags/example_params_trigger_ui.py
[2024-10-16T12:53:36.381+0000] {processor.py:914} INFO - Processing file /home/airflow/.local/lib/python3.12/site-packages/airflow/example_dags/example_params_trigger_ui.py for tasks to queue
[2024-10-16T12:53:36.384+0000] {logging_mixin.py:190} INFO - [2024-10-16T12:53:36.384+0000] {dagbag.py:588} INFO - Filling up the DagBag from /home/airflow/.local/lib/python3.12/site-packages/airflow/example_dags/example_params_trigger_ui.py
[2024-10-16T12:53:36.400+0000] {processor.py:925} INFO - DAG(s) 'example_params_trigger_ui' retrieved from /home/airflow/.local/lib/python3.12/site-packages/airflow/example_dags/example_params_trigger_ui.py
[2024-10-16T12:53:36.459+0000] {logging_mixin.py:190} INFO - [2024-10-16T12:53:36.459+0000] {dag.py:3239} INFO - Sync 1 DAGs
[2024-10-16T12:53:36.475+0000] {logging_mixin.py:190} INFO - [2024-10-16T12:53:36.474+0000] {dag.py:4180} INFO - Setting next_dagrun for example_params_trigger_ui to None, run_after=None
[2024-10-16T12:53:36.496+0000] {processor.py:208} INFO - Processing /home/airflow/.local/lib/python3.12/site-packages/airflow/example_dags/example_params_trigger_ui.py took 0.132 seconds
[2024-10-16T12:54:06.662+0000] {processor.py:186} INFO - Started process (PID=527) to work on /home/airflow/.local/lib/python3.12/site-packages/airflow/example_dags/example_params_trigger_ui.py
[2024-10-16T12:54:06.663+0000] {processor.py:914} INFO - Processing file /home/airflow/.local/lib/python3.12/site-packages/airflow/example_dags/example_params_trigger_ui.py for tasks to queue
[2024-10-16T12:54:06.666+0000] {logging_mixin.py:190} INFO - [2024-10-16T12:54:06.666+0000] {dagbag.py:588} INFO - Filling up the DagBag from /home/airflow/.local/lib/python3.12/site-packages/airflow/example_dags/example_params_trigger_ui.py
[2024-10-16T12:54:06.683+0000] {processor.py:925} INFO - DAG(s) 'example_params_trigger_ui' retrieved from /home/airflow/.local/lib/python3.12/site-packages/airflow/example_dags/example_params_trigger_ui.py
[2024-10-16T12:54:06.728+0000] {logging_mixin.py:190} INFO - [2024-10-16T12:54:06.728+0000] {dag.py:3239} INFO - Sync 1 DAGs
[2024-10-16T12:54:06.743+0000] {logging_mixin.py:190} INFO - [2024-10-16T12:54:06.743+0000] {dag.py:4180} INFO - Setting next_dagrun for example_params_trigger_ui to None, run_after=None
[2024-10-16T12:54:06.772+0000] {processor.py:208} INFO - Processing /home/airflow/.local/lib/python3.12/site-packages/airflow/example_dags/example_params_trigger_ui.py took 0.116 seconds
[2024-10-16T12:54:38.792+0000] {processor.py:186} INFO - Started process (PID=588) to work on /home/airflow/.local/lib/python3.12/site-packages/airflow/example_dags/example_params_trigger_ui.py
[2024-10-16T12:54:38.795+0000] {processor.py:914} INFO - Processing file /home/airflow/.local/lib/python3.12/site-packages/airflow/example_dags/example_params_trigger_ui.py for tasks to queue
[2024-10-16T12:54:38.799+0000] {logging_mixin.py:190} INFO - [2024-10-16T12:54:38.798+0000] {dagbag.py:588} INFO - Filling up the DagBag from /home/airflow/.local/lib/python3.12/site-packages/airflow/example_dags/example_params_trigger_ui.py
[2024-10-16T12:54:38.812+0000] {processor.py:925} INFO - DAG(s) 'example_params_trigger_ui' retrieved from /home/airflow/.local/lib/python3.12/site-packages/airflow/example_dags/example_params_trigger_ui.py
[2024-10-16T12:54:38.883+0000] {logging_mixin.py:190} INFO - [2024-10-16T12:54:38.883+0000] {dag.py:3239} INFO - Sync 1 DAGs
[2024-10-16T12:54:38.901+0000] {logging_mixin.py:190} INFO - [2024-10-16T12:54:38.901+0000] {dag.py:4180} INFO - Setting next_dagrun for example_params_trigger_ui to None, run_after=None
[2024-10-16T12:54:38.929+0000] {processor.py:208} INFO - Processing /home/airflow/.local/lib/python3.12/site-packages/airflow/example_dags/example_params_trigger_ui.py took 0.143 seconds
[2024-10-16T12:55:09.495+0000] {processor.py:186} INFO - Started process (PID=651) to work on /home/airflow/.local/lib/python3.12/site-packages/airflow/example_dags/example_params_trigger_ui.py
[2024-10-16T12:55:09.496+0000] {processor.py:914} INFO - Processing file /home/airflow/.local/lib/python3.12/site-packages/airflow/example_dags/example_params_trigger_ui.py for tasks to queue
[2024-10-16T12:55:09.498+0000] {logging_mixin.py:190} INFO - [2024-10-16T12:55:09.498+0000] {dagbag.py:588} INFO - Filling up the DagBag from /home/airflow/.local/lib/python3.12/site-packages/airflow/example_dags/example_params_trigger_ui.py
[2024-10-16T12:55:09.509+0000] {processor.py:925} INFO - DAG(s) 'example_params_trigger_ui' retrieved from /home/airflow/.local/lib/python3.12/site-packages/airflow/example_dags/example_params_trigger_ui.py
[2024-10-16T12:55:09.545+0000] {logging_mixin.py:190} INFO - [2024-10-16T12:55:09.545+0000] {dag.py:3239} INFO - Sync 1 DAGs
[2024-10-16T12:55:09.557+0000] {logging_mixin.py:190} INFO - [2024-10-16T12:55:09.557+0000] {dag.py:4180} INFO - Setting next_dagrun for example_params_trigger_ui to None, run_after=None
[2024-10-16T12:55:09.584+0000] {processor.py:208} INFO - Processing /home/airflow/.local/lib/python3.12/site-packages/airflow/example_dags/example_params_trigger_ui.py took 0.096 seconds
[2024-10-16T12:55:40.052+0000] {processor.py:186} INFO - Started process (PID=713) to work on /home/airflow/.local/lib/python3.12/site-packages/airflow/example_dags/example_params_trigger_ui.py
[2024-10-16T12:55:40.054+0000] {processor.py:914} INFO - Processing file /home/airflow/.local/lib/python3.12/site-packages/airflow/example_dags/example_params_trigger_ui.py for tasks to queue
[2024-10-16T12:55:40.056+0000] {logging_mixin.py:190} INFO - [2024-10-16T12:55:40.055+0000] {dagbag.py:588} INFO - Filling up the DagBag from /home/airflow/.local/lib/python3.12/site-packages/airflow/example_dags/example_params_trigger_ui.py
[2024-10-16T12:55:40.066+0000] {processor.py:925} INFO - DAG(s) 'example_params_trigger_ui' retrieved from /home/airflow/.local/lib/python3.12/site-packages/airflow/example_dags/example_params_trigger_ui.py
[2024-10-16T12:55:40.108+0000] {logging_mixin.py:190} INFO - [2024-10-16T12:55:40.108+0000] {dag.py:3239} INFO - Sync 1 DAGs
[2024-10-16T12:55:40.120+0000] {logging_mixin.py:190} INFO - [2024-10-16T12:55:40.120+0000] {dag.py:4180} INFO - Setting next_dagrun for example_params_trigger_ui to None, run_after=None
[2024-10-16T12:55:40.137+0000] {processor.py:208} INFO - Processing /home/airflow/.local/lib/python3.12/site-packages/airflow/example_dags/example_params_trigger_ui.py took 0.090 seconds
[2024-10-16T12:56:10.978+0000] {processor.py:186} INFO - Started process (PID=775) to work on /home/airflow/.local/lib/python3.12/site-packages/airflow/example_dags/example_params_trigger_ui.py
[2024-10-16T12:56:10.981+0000] {processor.py:914} INFO - Processing file /home/airflow/.local/lib/python3.12/site-packages/airflow/example_dags/example_params_trigger_ui.py for tasks to queue
[2024-10-16T12:56:10.984+0000] {logging_mixin.py:190} INFO - [2024-10-16T12:56:10.984+0000] {dagbag.py:588} INFO - Filling up the DagBag from /home/airflow/.local/lib/python3.12/site-packages/airflow/example_dags/example_params_trigger_ui.py
[2024-10-16T12:56:10.999+0000] {processor.py:925} INFO - DAG(s) 'example_params_trigger_ui' retrieved from /home/airflow/.local/lib/python3.12/site-packages/airflow/example_dags/example_params_trigger_ui.py
[2024-10-16T12:56:11.057+0000] {logging_mixin.py:190} INFO - [2024-10-16T12:56:11.057+0000] {dag.py:3239} INFO - Sync 1 DAGs
[2024-10-16T12:56:11.081+0000] {logging_mixin.py:190} INFO - [2024-10-16T12:56:11.080+0000] {dag.py:4180} INFO - Setting next_dagrun for example_params_trigger_ui to None, run_after=None
[2024-10-16T12:56:11.136+0000] {processor.py:208} INFO - Processing /home/airflow/.local/lib/python3.12/site-packages/airflow/example_dags/example_params_trigger_ui.py took 0.177 seconds
[2024-10-16T12:56:42.115+0000] {processor.py:186} INFO - Started process (PID=837) to work on /home/airflow/.local/lib/python3.12/site-packages/airflow/example_dags/example_params_trigger_ui.py
[2024-10-16T12:56:42.120+0000] {processor.py:914} INFO - Processing file /home/airflow/.local/lib/python3.12/site-packages/airflow/example_dags/example_params_trigger_ui.py for tasks to queue
[2024-10-16T12:56:42.126+0000] {logging_mixin.py:190} INFO - [2024-10-16T12:56:42.125+0000] {dagbag.py:588} INFO - Filling up the DagBag from /home/airflow/.local/lib/python3.12/site-packages/airflow/example_dags/example_params_trigger_ui.py
[2024-10-16T12:56:42.145+0000] {processor.py:925} INFO - DAG(s) 'example_params_trigger_ui' retrieved from /home/airflow/.local/lib/python3.12/site-packages/airflow/example_dags/example_params_trigger_ui.py
[2024-10-16T12:56:42.197+0000] {logging_mixin.py:190} INFO - [2024-10-16T12:56:42.197+0000] {dag.py:3239} INFO - Sync 1 DAGs
[2024-10-16T12:56:42.217+0000] {logging_mixin.py:190} INFO - [2024-10-16T12:56:42.217+0000] {dag.py:4180} INFO - Setting next_dagrun for example_params_trigger_ui to None, run_after=None
[2024-10-16T12:56:42.246+0000] {processor.py:208} INFO - Processing /home/airflow/.local/lib/python3.12/site-packages/airflow/example_dags/example_params_trigger_ui.py took 0.139 seconds
[2024-10-16T12:57:12.767+0000] {processor.py:186} INFO - Started process (PID=899) to work on /home/airflow/.local/lib/python3.12/site-packages/airflow/example_dags/example_params_trigger_ui.py
[2024-10-16T12:57:12.768+0000] {processor.py:914} INFO - Processing file /home/airflow/.local/lib/python3.12/site-packages/airflow/example_dags/example_params_trigger_ui.py for tasks to queue
[2024-10-16T12:57:12.770+0000] {logging_mixin.py:190} INFO - [2024-10-16T12:57:12.770+0000] {dagbag.py:588} INFO - Filling up the DagBag from /home/airflow/.local/lib/python3.12/site-packages/airflow/example_dags/example_params_trigger_ui.py
[2024-10-16T12:57:12.782+0000] {processor.py:925} INFO - DAG(s) 'example_params_trigger_ui' retrieved from /home/airflow/.local/lib/python3.12/site-packages/airflow/example_dags/example_params_trigger_ui.py
[2024-10-16T12:57:12.840+0000] {logging_mixin.py:190} INFO - [2024-10-16T12:57:12.839+0000] {dag.py:3239} INFO - Sync 1 DAGs
[2024-10-16T12:57:12.892+0000] {logging_mixin.py:190} INFO - [2024-10-16T12:57:12.891+0000] {dag.py:4180} INFO - Setting next_dagrun for example_params_trigger_ui to None, run_after=None
[2024-10-16T12:57:12.926+0000] {processor.py:208} INFO - Processing /home/airflow/.local/lib/python3.12/site-packages/airflow/example_dags/example_params_trigger_ui.py took 0.166 seconds
[2024-10-16T12:57:43.742+0000] {processor.py:186} INFO - Started process (PID=961) to work on /home/airflow/.local/lib/python3.12/site-packages/airflow/example_dags/example_params_trigger_ui.py
[2024-10-16T12:57:43.744+0000] {processor.py:914} INFO - Processing file /home/airflow/.local/lib/python3.12/site-packages/airflow/example_dags/example_params_trigger_ui.py for tasks to queue
[2024-10-16T12:57:43.747+0000] {logging_mixin.py:190} INFO - [2024-10-16T12:57:43.747+0000] {dagbag.py:588} INFO - Filling up the DagBag from /home/airflow/.local/lib/python3.12/site-packages/airflow/example_dags/example_params_trigger_ui.py
[2024-10-16T12:57:43.763+0000] {processor.py:925} INFO - DAG(s) 'example_params_trigger_ui' retrieved from /home/airflow/.local/lib/python3.12/site-packages/airflow/example_dags/example_params_trigger_ui.py
[2024-10-16T12:57:43.819+0000] {logging_mixin.py:190} INFO - [2024-10-16T12:57:43.818+0000] {dag.py:3239} INFO - Sync 1 DAGs
[2024-10-16T12:57:43.840+0000] {logging_mixin.py:190} INFO - [2024-10-16T12:57:43.839+0000] {dag.py:4180} INFO - Setting next_dagrun for example_params_trigger_ui to None, run_after=None
[2024-10-16T12:57:43.866+0000] {processor.py:208} INFO - Processing /home/airflow/.local/lib/python3.12/site-packages/airflow/example_dags/example_params_trigger_ui.py took 0.132 seconds
[2024-10-16T12:58:14.106+0000] {processor.py:186} INFO - Started process (PID=1024) to work on /home/airflow/.local/lib/python3.12/site-packages/airflow/example_dags/example_params_trigger_ui.py
[2024-10-16T12:58:14.108+0000] {processor.py:914} INFO - Processing file /home/airflow/.local/lib/python3.12/site-packages/airflow/example_dags/example_params_trigger_ui.py for tasks to queue
[2024-10-16T12:58:14.110+0000] {logging_mixin.py:190} INFO - [2024-10-16T12:58:14.110+0000] {dagbag.py:588} INFO - Filling up the DagBag from /home/airflow/.local/lib/python3.12/site-packages/airflow/example_dags/example_params_trigger_ui.py
[2024-10-16T12:58:14.126+0000] {processor.py:925} INFO - DAG(s) 'example_params_trigger_ui' retrieved from /home/airflow/.local/lib/python3.12/site-packages/airflow/example_dags/example_params_trigger_ui.py
[2024-10-16T12:58:14.229+0000] {logging_mixin.py:190} INFO - [2024-10-16T12:58:14.229+0000] {dag.py:3239} INFO - Sync 1 DAGs
[2024-10-16T12:58:14.246+0000] {logging_mixin.py:190} INFO - [2024-10-16T12:58:14.245+0000] {dag.py:4180} INFO - Setting next_dagrun for example_params_trigger_ui to None, run_after=None
[2024-10-16T12:58:14.291+0000] {processor.py:208} INFO - Processing /home/airflow/.local/lib/python3.12/site-packages/airflow/example_dags/example_params_trigger_ui.py took 0.191 seconds
[2024-10-16T12:58:44.849+0000] {processor.py:186} INFO - Started process (PID=1086) to work on /home/airflow/.local/lib/python3.12/site-packages/airflow/example_dags/example_params_trigger_ui.py
[2024-10-16T12:58:44.850+0000] {processor.py:914} INFO - Processing file /home/airflow/.local/lib/python3.12/site-packages/airflow/example_dags/example_params_trigger_ui.py for tasks to queue
[2024-10-16T12:58:44.854+0000] {logging_mixin.py:190} INFO - [2024-10-16T12:58:44.853+0000] {dagbag.py:588} INFO - Filling up the DagBag from /home/airflow/.local/lib/python3.12/site-packages/airflow/example_dags/example_params_trigger_ui.py
[2024-10-16T12:58:44.867+0000] {processor.py:925} INFO - DAG(s) 'example_params_trigger_ui' retrieved from /home/airflow/.local/lib/python3.12/site-packages/airflow/example_dags/example_params_trigger_ui.py
[2024-10-16T12:58:44.917+0000] {logging_mixin.py:190} INFO - [2024-10-16T12:58:44.917+0000] {dag.py:3239} INFO - Sync 1 DAGs
[2024-10-16T12:58:44.939+0000] {logging_mixin.py:190} INFO - [2024-10-16T12:58:44.939+0000] {dag.py:4180} INFO - Setting next_dagrun for example_params_trigger_ui to None, run_after=None
[2024-10-16T12:58:44.981+0000] {processor.py:208} INFO - Processing /home/airflow/.local/lib/python3.12/site-packages/airflow/example_dags/example_params_trigger_ui.py took 0.139 seconds
[2024-10-16T12:59:15.450+0000] {processor.py:186} INFO - Started process (PID=1149) to work on /home/airflow/.local/lib/python3.12/site-packages/airflow/example_dags/example_params_trigger_ui.py
[2024-10-16T12:59:15.451+0000] {processor.py:914} INFO - Processing file /home/airflow/.local/lib/python3.12/site-packages/airflow/example_dags/example_params_trigger_ui.py for tasks to queue
[2024-10-16T12:59:15.454+0000] {logging_mixin.py:190} INFO - [2024-10-16T12:59:15.453+0000] {dagbag.py:588} INFO - Filling up the DagBag from /home/airflow/.local/lib/python3.12/site-packages/airflow/example_dags/example_params_trigger_ui.py
[2024-10-16T12:59:15.469+0000] {processor.py:925} INFO - DAG(s) 'example_params_trigger_ui' retrieved from /home/airflow/.local/lib/python3.12/site-packages/airflow/example_dags/example_params_trigger_ui.py
[2024-10-16T12:59:15.523+0000] {logging_mixin.py:190} INFO - [2024-10-16T12:59:15.522+0000] {dag.py:3239} INFO - Sync 1 DAGs
[2024-10-16T12:59:15.544+0000] {logging_mixin.py:190} INFO - [2024-10-16T12:59:15.544+0000] {dag.py:4180} INFO - Setting next_dagrun for example_params_trigger_ui to None, run_after=None
[2024-10-16T12:59:15.574+0000] {processor.py:208} INFO - Processing /home/airflow/.local/lib/python3.12/site-packages/airflow/example_dags/example_params_trigger_ui.py took 0.134 seconds
[2024-10-16T12:59:45.805+0000] {processor.py:186} INFO - Started process (PID=1211) to work on /home/airflow/.local/lib/python3.12/site-packages/airflow/example_dags/example_params_trigger_ui.py
[2024-10-16T12:59:45.806+0000] {processor.py:914} INFO - Processing file /home/airflow/.local/lib/python3.12/site-packages/airflow/example_dags/example_params_trigger_ui.py for tasks to queue
[2024-10-16T12:59:45.809+0000] {logging_mixin.py:190} INFO - [2024-10-16T12:59:45.809+0000] {dagbag.py:588} INFO - Filling up the DagBag from /home/airflow/.local/lib/python3.12/site-packages/airflow/example_dags/example_params_trigger_ui.py
[2024-10-16T12:59:45.825+0000] {processor.py:925} INFO - DAG(s) 'example_params_trigger_ui' retrieved from /home/airflow/.local/lib/python3.12/site-packages/airflow/example_dags/example_params_trigger_ui.py
[2024-10-16T12:59:45.883+0000] {logging_mixin.py:190} INFO - [2024-10-16T12:59:45.883+0000] {dag.py:3239} INFO - Sync 1 DAGs
[2024-10-16T12:59:45.900+0000] {logging_mixin.py:190} INFO - [2024-10-16T12:59:45.900+0000] {dag.py:4180} INFO - Setting next_dagrun for example_params_trigger_ui to None, run_after=None
[2024-10-16T12:59:45.937+0000] {processor.py:208} INFO - Processing /home/airflow/.local/lib/python3.12/site-packages/airflow/example_dags/example_params_trigger_ui.py took 0.140 seconds
[2024-10-16T13:00:16.233+0000] {processor.py:186} INFO - Started process (PID=1279) to work on /home/airflow/.local/lib/python3.12/site-packages/airflow/example_dags/example_params_trigger_ui.py
[2024-10-16T13:00:16.235+0000] {processor.py:914} INFO - Processing file /home/airflow/.local/lib/python3.12/site-packages/airflow/example_dags/example_params_trigger_ui.py for tasks to queue
[2024-10-16T13:00:16.238+0000] {logging_mixin.py:190} INFO - [2024-10-16T13:00:16.238+0000] {dagbag.py:588} INFO - Filling up the DagBag from /home/airflow/.local/lib/python3.12/site-packages/airflow/example_dags/example_params_trigger_ui.py
[2024-10-16T13:00:16.252+0000] {processor.py:925} INFO - DAG(s) 'example_params_trigger_ui' retrieved from /home/airflow/.local/lib/python3.12/site-packages/airflow/example_dags/example_params_trigger_ui.py
[2024-10-16T13:00:16.308+0000] {logging_mixin.py:190} INFO - [2024-10-16T13:00:16.308+0000] {dag.py:3239} INFO - Sync 1 DAGs
[2024-10-16T13:00:16.326+0000] {logging_mixin.py:190} INFO - [2024-10-16T13:00:16.326+0000] {dag.py:4180} INFO - Setting next_dagrun for example_params_trigger_ui to None, run_after=None
[2024-10-16T13:00:16.351+0000] {processor.py:208} INFO - Processing /home/airflow/.local/lib/python3.12/site-packages/airflow/example_dags/example_params_trigger_ui.py took 0.127 seconds
[2024-10-16T13:00:46.456+0000] {processor.py:186} INFO - Started process (PID=1341) to work on /home/airflow/.local/lib/python3.12/site-packages/airflow/example_dags/example_params_trigger_ui.py
[2024-10-16T13:00:46.457+0000] {processor.py:914} INFO - Processing file /home/airflow/.local/lib/python3.12/site-packages/airflow/example_dags/example_params_trigger_ui.py for tasks to queue
[2024-10-16T13:00:46.460+0000] {logging_mixin.py:190} INFO - [2024-10-16T13:00:46.460+0000] {dagbag.py:588} INFO - Filling up the DagBag from /home/airflow/.local/lib/python3.12/site-packages/airflow/example_dags/example_params_trigger_ui.py
[2024-10-16T13:00:46.476+0000] {processor.py:925} INFO - DAG(s) 'example_params_trigger_ui' retrieved from /home/airflow/.local/lib/python3.12/site-packages/airflow/example_dags/example_params_trigger_ui.py
[2024-10-16T13:00:46.529+0000] {logging_mixin.py:190} INFO - [2024-10-16T13:00:46.528+0000] {dag.py:3239} INFO - Sync 1 DAGs
[2024-10-16T13:00:46.559+0000] {logging_mixin.py:190} INFO - [2024-10-16T13:00:46.558+0000] {dag.py:4180} INFO - Setting next_dagrun for example_params_trigger_ui to None, run_after=None
[2024-10-16T13:00:46.601+0000] {processor.py:208} INFO - Processing /home/airflow/.local/lib/python3.12/site-packages/airflow/example_dags/example_params_trigger_ui.py took 0.152 seconds
[2024-10-16T13:01:16.995+0000] {processor.py:186} INFO - Started process (PID=1403) to work on /home/airflow/.local/lib/python3.12/site-packages/airflow/example_dags/example_params_trigger_ui.py
[2024-10-16T13:01:16.997+0000] {processor.py:914} INFO - Processing file /home/airflow/.local/lib/python3.12/site-packages/airflow/example_dags/example_params_trigger_ui.py for tasks to queue
[2024-10-16T13:01:16.999+0000] {logging_mixin.py:190} INFO - [2024-10-16T13:01:16.999+0000] {dagbag.py:588} INFO - Filling up the DagBag from /home/airflow/.local/lib/python3.12/site-packages/airflow/example_dags/example_params_trigger_ui.py
[2024-10-16T13:01:17.012+0000] {processor.py:925} INFO - DAG(s) 'example_params_trigger_ui' retrieved from /home/airflow/.local/lib/python3.12/site-packages/airflow/example_dags/example_params_trigger_ui.py
[2024-10-16T13:01:17.063+0000] {logging_mixin.py:190} INFO - [2024-10-16T13:01:17.062+0000] {dag.py:3239} INFO - Sync 1 DAGs
[2024-10-16T13:01:17.084+0000] {logging_mixin.py:190} INFO - [2024-10-16T13:01:17.084+0000] {dag.py:4180} INFO - Setting next_dagrun for example_params_trigger_ui to None, run_after=None
[2024-10-16T13:01:17.106+0000] {processor.py:208} INFO - Processing /home/airflow/.local/lib/python3.12/site-packages/airflow/example_dags/example_params_trigger_ui.py took 0.118 seconds
[2024-10-16T13:01:47.607+0000] {processor.py:186} INFO - Started process (PID=1464) to work on /home/airflow/.local/lib/python3.12/site-packages/airflow/example_dags/example_params_trigger_ui.py
[2024-10-16T13:01:47.608+0000] {processor.py:914} INFO - Processing file /home/airflow/.local/lib/python3.12/site-packages/airflow/example_dags/example_params_trigger_ui.py for tasks to queue
[2024-10-16T13:01:47.614+0000] {logging_mixin.py:190} INFO - [2024-10-16T13:01:47.610+0000] {dagbag.py:588} INFO - Filling up the DagBag from /home/airflow/.local/lib/python3.12/site-packages/airflow/example_dags/example_params_trigger_ui.py
[2024-10-16T13:01:47.626+0000] {processor.py:925} INFO - DAG(s) 'example_params_trigger_ui' retrieved from /home/airflow/.local/lib/python3.12/site-packages/airflow/example_dags/example_params_trigger_ui.py
[2024-10-16T13:01:47.692+0000] {logging_mixin.py:190} INFO - [2024-10-16T13:01:47.691+0000] {dag.py:3239} INFO - Sync 1 DAGs
[2024-10-16T13:01:47.713+0000] {logging_mixin.py:190} INFO - [2024-10-16T13:01:47.713+0000] {dag.py:4180} INFO - Setting next_dagrun for example_params_trigger_ui to None, run_after=None
[2024-10-16T13:01:47.743+0000] {processor.py:208} INFO - Processing /home/airflow/.local/lib/python3.12/site-packages/airflow/example_dags/example_params_trigger_ui.py took 0.141 seconds
[2024-10-16T13:02:18.503+0000] {processor.py:186} INFO - Started process (PID=1527) to work on /home/airflow/.local/lib/python3.12/site-packages/airflow/example_dags/example_params_trigger_ui.py
[2024-10-16T13:02:18.505+0000] {processor.py:914} INFO - Processing file /home/airflow/.local/lib/python3.12/site-packages/airflow/example_dags/example_params_trigger_ui.py for tasks to queue
[2024-10-16T13:02:18.510+0000] {logging_mixin.py:190} INFO - [2024-10-16T13:02:18.510+0000] {dagbag.py:588} INFO - Filling up the DagBag from /home/airflow/.local/lib/python3.12/site-packages/airflow/example_dags/example_params_trigger_ui.py
[2024-10-16T13:02:18.526+0000] {processor.py:925} INFO - DAG(s) 'example_params_trigger_ui' retrieved from /home/airflow/.local/lib/python3.12/site-packages/airflow/example_dags/example_params_trigger_ui.py
[2024-10-16T13:02:18.598+0000] {logging_mixin.py:190} INFO - [2024-10-16T13:02:18.597+0000] {dag.py:3239} INFO - Sync 1 DAGs
[2024-10-16T13:02:18.629+0000] {logging_mixin.py:190} INFO - [2024-10-16T13:02:18.628+0000] {dag.py:4180} INFO - Setting next_dagrun for example_params_trigger_ui to None, run_after=None
[2024-10-16T13:02:18.670+0000] {processor.py:208} INFO - Processing /home/airflow/.local/lib/python3.12/site-packages/airflow/example_dags/example_params_trigger_ui.py took 0.178 seconds
[2024-10-16T13:02:49.078+0000] {processor.py:186} INFO - Started process (PID=1589) to work on /home/airflow/.local/lib/python3.12/site-packages/airflow/example_dags/example_params_trigger_ui.py
[2024-10-16T13:02:49.079+0000] {processor.py:914} INFO - Processing file /home/airflow/.local/lib/python3.12/site-packages/airflow/example_dags/example_params_trigger_ui.py for tasks to queue
[2024-10-16T13:02:49.083+0000] {logging_mixin.py:190} INFO - [2024-10-16T13:02:49.082+0000] {dagbag.py:588} INFO - Filling up the DagBag from /home/airflow/.local/lib/python3.12/site-packages/airflow/example_dags/example_params_trigger_ui.py
[2024-10-16T13:02:49.098+0000] {processor.py:925} INFO - DAG(s) 'example_params_trigger_ui' retrieved from /home/airflow/.local/lib/python3.12/site-packages/airflow/example_dags/example_params_trigger_ui.py
[2024-10-16T13:02:49.159+0000] {logging_mixin.py:190} INFO - [2024-10-16T13:02:49.159+0000] {dag.py:3239} INFO - Sync 1 DAGs
[2024-10-16T13:02:49.178+0000] {logging_mixin.py:190} INFO - [2024-10-16T13:02:49.177+0000] {dag.py:4180} INFO - Setting next_dagrun for example_params_trigger_ui to None, run_after=None
[2024-10-16T13:02:49.206+0000] {processor.py:208} INFO - Processing /home/airflow/.local/lib/python3.12/site-packages/airflow/example_dags/example_params_trigger_ui.py took 0.139 seconds
[2024-10-16T13:03:20.615+0000] {processor.py:186} INFO - Started process (PID=1652) to work on /home/airflow/.local/lib/python3.12/site-packages/airflow/example_dags/example_params_trigger_ui.py
[2024-10-16T13:03:20.617+0000] {processor.py:914} INFO - Processing file /home/airflow/.local/lib/python3.12/site-packages/airflow/example_dags/example_params_trigger_ui.py for tasks to queue
[2024-10-16T13:03:20.620+0000] {logging_mixin.py:190} INFO - [2024-10-16T13:03:20.620+0000] {dagbag.py:588} INFO - Filling up the DagBag from /home/airflow/.local/lib/python3.12/site-packages/airflow/example_dags/example_params_trigger_ui.py
[2024-10-16T13:03:20.635+0000] {processor.py:925} INFO - DAG(s) 'example_params_trigger_ui' retrieved from /home/airflow/.local/lib/python3.12/site-packages/airflow/example_dags/example_params_trigger_ui.py
[2024-10-16T13:03:20.682+0000] {logging_mixin.py:190} INFO - [2024-10-16T13:03:20.681+0000] {dag.py:3239} INFO - Sync 1 DAGs
[2024-10-16T13:03:20.695+0000] {logging_mixin.py:190} INFO - [2024-10-16T13:03:20.694+0000] {dag.py:4180} INFO - Setting next_dagrun for example_params_trigger_ui to None, run_after=None
[2024-10-16T13:03:20.740+0000] {processor.py:208} INFO - Processing /home/airflow/.local/lib/python3.12/site-packages/airflow/example_dags/example_params_trigger_ui.py took 0.131 seconds
[2024-10-16T13:03:51.246+0000] {processor.py:186} INFO - Started process (PID=1714) to work on /home/airflow/.local/lib/python3.12/site-packages/airflow/example_dags/example_params_trigger_ui.py
[2024-10-16T13:03:51.247+0000] {processor.py:914} INFO - Processing file /home/airflow/.local/lib/python3.12/site-packages/airflow/example_dags/example_params_trigger_ui.py for tasks to queue
[2024-10-16T13:03:51.250+0000] {logging_mixin.py:190} INFO - [2024-10-16T13:03:51.249+0000] {dagbag.py:588} INFO - Filling up the DagBag from /home/airflow/.local/lib/python3.12/site-packages/airflow/example_dags/example_params_trigger_ui.py
[2024-10-16T13:03:51.263+0000] {processor.py:925} INFO - DAG(s) 'example_params_trigger_ui' retrieved from /home/airflow/.local/lib/python3.12/site-packages/airflow/example_dags/example_params_trigger_ui.py
[2024-10-16T13:03:51.332+0000] {logging_mixin.py:190} INFO - [2024-10-16T13:03:51.332+0000] {dag.py:3239} INFO - Sync 1 DAGs
[2024-10-16T13:03:51.393+0000] {logging_mixin.py:190} INFO - [2024-10-16T13:03:51.393+0000] {dag.py:4180} INFO - Setting next_dagrun for example_params_trigger_ui to None, run_after=None
[2024-10-16T13:03:51.425+0000] {processor.py:208} INFO - Processing /home/airflow/.local/lib/python3.12/site-packages/airflow/example_dags/example_params_trigger_ui.py took 0.187 seconds
[2024-10-16T13:04:21.808+0000] {processor.py:186} INFO - Started process (PID=1776) to work on /home/airflow/.local/lib/python3.12/site-packages/airflow/example_dags/example_params_trigger_ui.py
[2024-10-16T13:04:21.811+0000] {processor.py:914} INFO - Processing file /home/airflow/.local/lib/python3.12/site-packages/airflow/example_dags/example_params_trigger_ui.py for tasks to queue
[2024-10-16T13:04:21.814+0000] {logging_mixin.py:190} INFO - [2024-10-16T13:04:21.814+0000] {dagbag.py:588} INFO - Filling up the DagBag from /home/airflow/.local/lib/python3.12/site-packages/airflow/example_dags/example_params_trigger_ui.py
[2024-10-16T13:04:21.830+0000] {processor.py:925} INFO - DAG(s) 'example_params_trigger_ui' retrieved from /home/airflow/.local/lib/python3.12/site-packages/airflow/example_dags/example_params_trigger_ui.py
[2024-10-16T13:04:21.890+0000] {logging_mixin.py:190} INFO - [2024-10-16T13:04:21.889+0000] {dag.py:3239} INFO - Sync 1 DAGs
[2024-10-16T13:04:21.918+0000] {logging_mixin.py:190} INFO - [2024-10-16T13:04:21.918+0000] {dag.py:4180} INFO - Setting next_dagrun for example_params_trigger_ui to None, run_after=None
[2024-10-16T13:04:21.952+0000] {processor.py:208} INFO - Processing /home/airflow/.local/lib/python3.12/site-packages/airflow/example_dags/example_params_trigger_ui.py took 0.158 seconds
[2024-10-16T13:08:05.796+0000] {processor.py:186} INFO - Started process (PID=92) to work on /home/airflow/.local/lib/python3.12/site-packages/airflow/example_dags/example_params_trigger_ui.py
[2024-10-16T13:08:05.797+0000] {processor.py:914} INFO - Processing file /home/airflow/.local/lib/python3.12/site-packages/airflow/example_dags/example_params_trigger_ui.py for tasks to queue
[2024-10-16T13:08:05.800+0000] {logging_mixin.py:190} INFO - [2024-10-16T13:08:05.799+0000] {dagbag.py:588} INFO - Filling up the DagBag from /home/airflow/.local/lib/python3.12/site-packages/airflow/example_dags/example_params_trigger_ui.py
[2024-10-16T13:08:05.813+0000] {processor.py:925} INFO - DAG(s) 'example_params_trigger_ui' retrieved from /home/airflow/.local/lib/python3.12/site-packages/airflow/example_dags/example_params_trigger_ui.py
[2024-10-16T13:08:05.935+0000] {logging_mixin.py:190} INFO - [2024-10-16T13:08:05.934+0000] {override.py:1900} INFO - Created Permission View: can read on DAG:example_params_trigger_ui
[2024-10-16T13:08:05.947+0000] {logging_mixin.py:190} INFO - [2024-10-16T13:08:05.946+0000] {override.py:1900} INFO - Created Permission View: can delete on DAG:example_params_trigger_ui
[2024-10-16T13:08:05.954+0000] {logging_mixin.py:190} INFO - [2024-10-16T13:08:05.953+0000] {override.py:1900} INFO - Created Permission View: can edit on DAG:example_params_trigger_ui
[2024-10-16T13:08:05.961+0000] {logging_mixin.py:190} INFO - [2024-10-16T13:08:05.961+0000] {override.py:1900} INFO - Created Permission View: can create on DAG Run:example_params_trigger_ui
[2024-10-16T13:08:05.968+0000] {logging_mixin.py:190} INFO - [2024-10-16T13:08:05.968+0000] {override.py:1900} INFO - Created Permission View: menu access on DAG Run:example_params_trigger_ui
[2024-10-16T13:08:05.973+0000] {logging_mixin.py:190} INFO - [2024-10-16T13:08:05.973+0000] {override.py:1900} INFO - Created Permission View: can read on DAG Run:example_params_trigger_ui
[2024-10-16T13:08:05.980+0000] {logging_mixin.py:190} INFO - [2024-10-16T13:08:05.980+0000] {override.py:1900} INFO - Created Permission View: can delete on DAG Run:example_params_trigger_ui
[2024-10-16T13:08:05.981+0000] {logging_mixin.py:190} INFO - [2024-10-16T13:08:05.981+0000] {dag.py:3239} INFO - Sync 1 DAGs
[2024-10-16T13:08:05.998+0000] {logging_mixin.py:190} INFO - [2024-10-16T13:08:05.998+0000] {dag.py:3262} INFO - Creating ORM DAG for example_params_trigger_ui
[2024-10-16T13:08:05.999+0000] {logging_mixin.py:190} INFO - [2024-10-16T13:08:05.999+0000] {dag.py:4180} INFO - Setting next_dagrun for example_params_trigger_ui to None, run_after=None
[2024-10-16T13:08:06.019+0000] {processor.py:208} INFO - Processing /home/airflow/.local/lib/python3.12/site-packages/airflow/example_dags/example_params_trigger_ui.py took 0.231 seconds
[2024-10-16T13:08:36.314+0000] {processor.py:186} INFO - Started process (PID=155) to work on /home/airflow/.local/lib/python3.12/site-packages/airflow/example_dags/example_params_trigger_ui.py
[2024-10-16T13:08:36.316+0000] {processor.py:914} INFO - Processing file /home/airflow/.local/lib/python3.12/site-packages/airflow/example_dags/example_params_trigger_ui.py for tasks to queue
[2024-10-16T13:08:36.319+0000] {logging_mixin.py:190} INFO - [2024-10-16T13:08:36.319+0000] {dagbag.py:588} INFO - Filling up the DagBag from /home/airflow/.local/lib/python3.12/site-packages/airflow/example_dags/example_params_trigger_ui.py
[2024-10-16T13:08:36.337+0000] {processor.py:925} INFO - DAG(s) 'example_params_trigger_ui' retrieved from /home/airflow/.local/lib/python3.12/site-packages/airflow/example_dags/example_params_trigger_ui.py
[2024-10-16T13:08:36.404+0000] {logging_mixin.py:190} INFO - [2024-10-16T13:08:36.404+0000] {dag.py:3239} INFO - Sync 1 DAGs
[2024-10-16T13:08:36.429+0000] {logging_mixin.py:190} INFO - [2024-10-16T13:08:36.429+0000] {dag.py:4180} INFO - Setting next_dagrun for example_params_trigger_ui to None, run_after=None
[2024-10-16T13:08:36.477+0000] {processor.py:208} INFO - Processing /home/airflow/.local/lib/python3.12/site-packages/airflow/example_dags/example_params_trigger_ui.py took 0.173 seconds
[2024-10-16T13:09:06.776+0000] {processor.py:186} INFO - Started process (PID=218) to work on /home/airflow/.local/lib/python3.12/site-packages/airflow/example_dags/example_params_trigger_ui.py
[2024-10-16T13:09:06.777+0000] {processor.py:914} INFO - Processing file /home/airflow/.local/lib/python3.12/site-packages/airflow/example_dags/example_params_trigger_ui.py for tasks to queue
[2024-10-16T13:09:06.778+0000] {logging_mixin.py:190} INFO - [2024-10-16T13:09:06.778+0000] {dagbag.py:588} INFO - Filling up the DagBag from /home/airflow/.local/lib/python3.12/site-packages/airflow/example_dags/example_params_trigger_ui.py
[2024-10-16T13:09:06.791+0000] {processor.py:925} INFO - DAG(s) 'example_params_trigger_ui' retrieved from /home/airflow/.local/lib/python3.12/site-packages/airflow/example_dags/example_params_trigger_ui.py
[2024-10-16T13:09:06.829+0000] {logging_mixin.py:190} INFO - [2024-10-16T13:09:06.828+0000] {dag.py:3239} INFO - Sync 1 DAGs
[2024-10-16T13:09:06.839+0000] {logging_mixin.py:190} INFO - [2024-10-16T13:09:06.839+0000] {dag.py:4180} INFO - Setting next_dagrun for example_params_trigger_ui to None, run_after=None
[2024-10-16T13:09:06.865+0000] {processor.py:208} INFO - Processing /home/airflow/.local/lib/python3.12/site-packages/airflow/example_dags/example_params_trigger_ui.py took 0.094 seconds
[2024-10-16T13:09:37.213+0000] {processor.py:186} INFO - Started process (PID=281) to work on /home/airflow/.local/lib/python3.12/site-packages/airflow/example_dags/example_params_trigger_ui.py
[2024-10-16T13:09:37.213+0000] {processor.py:914} INFO - Processing file /home/airflow/.local/lib/python3.12/site-packages/airflow/example_dags/example_params_trigger_ui.py for tasks to queue
[2024-10-16T13:09:37.215+0000] {logging_mixin.py:190} INFO - [2024-10-16T13:09:37.215+0000] {dagbag.py:588} INFO - Filling up the DagBag from /home/airflow/.local/lib/python3.12/site-packages/airflow/example_dags/example_params_trigger_ui.py
[2024-10-16T13:09:37.223+0000] {processor.py:925} INFO - DAG(s) 'example_params_trigger_ui' retrieved from /home/airflow/.local/lib/python3.12/site-packages/airflow/example_dags/example_params_trigger_ui.py
[2024-10-16T13:09:37.255+0000] {logging_mixin.py:190} INFO - [2024-10-16T13:09:37.255+0000] {dag.py:3239} INFO - Sync 1 DAGs
[2024-10-16T13:09:37.266+0000] {logging_mixin.py:190} INFO - [2024-10-16T13:09:37.266+0000] {dag.py:4180} INFO - Setting next_dagrun for example_params_trigger_ui to None, run_after=None
[2024-10-16T13:09:37.282+0000] {processor.py:208} INFO - Processing /home/airflow/.local/lib/python3.12/site-packages/airflow/example_dags/example_params_trigger_ui.py took 0.075 seconds
[2024-10-16T13:10:08.172+0000] {processor.py:186} INFO - Started process (PID=344) to work on /home/airflow/.local/lib/python3.12/site-packages/airflow/example_dags/example_params_trigger_ui.py
[2024-10-16T13:10:08.173+0000] {processor.py:914} INFO - Processing file /home/airflow/.local/lib/python3.12/site-packages/airflow/example_dags/example_params_trigger_ui.py for tasks to queue
[2024-10-16T13:10:08.176+0000] {logging_mixin.py:190} INFO - [2024-10-16T13:10:08.175+0000] {dagbag.py:588} INFO - Filling up the DagBag from /home/airflow/.local/lib/python3.12/site-packages/airflow/example_dags/example_params_trigger_ui.py
[2024-10-16T13:10:08.190+0000] {processor.py:925} INFO - DAG(s) 'example_params_trigger_ui' retrieved from /home/airflow/.local/lib/python3.12/site-packages/airflow/example_dags/example_params_trigger_ui.py
[2024-10-16T13:10:08.250+0000] {logging_mixin.py:190} INFO - [2024-10-16T13:10:08.250+0000] {dag.py:3239} INFO - Sync 1 DAGs
[2024-10-16T13:10:08.269+0000] {logging_mixin.py:190} INFO - [2024-10-16T13:10:08.269+0000] {dag.py:4180} INFO - Setting next_dagrun for example_params_trigger_ui to None, run_after=None
[2024-10-16T13:10:08.297+0000] {processor.py:208} INFO - Processing /home/airflow/.local/lib/python3.12/site-packages/airflow/example_dags/example_params_trigger_ui.py took 0.133 seconds
[2024-10-16T13:10:38.888+0000] {processor.py:186} INFO - Started process (PID=407) to work on /home/airflow/.local/lib/python3.12/site-packages/airflow/example_dags/example_params_trigger_ui.py
[2024-10-16T13:10:38.890+0000] {processor.py:914} INFO - Processing file /home/airflow/.local/lib/python3.12/site-packages/airflow/example_dags/example_params_trigger_ui.py for tasks to queue
[2024-10-16T13:10:38.892+0000] {logging_mixin.py:190} INFO - [2024-10-16T13:10:38.892+0000] {dagbag.py:588} INFO - Filling up the DagBag from /home/airflow/.local/lib/python3.12/site-packages/airflow/example_dags/example_params_trigger_ui.py
[2024-10-16T13:10:38.904+0000] {processor.py:925} INFO - DAG(s) 'example_params_trigger_ui' retrieved from /home/airflow/.local/lib/python3.12/site-packages/airflow/example_dags/example_params_trigger_ui.py
[2024-10-16T13:10:38.947+0000] {logging_mixin.py:190} INFO - [2024-10-16T13:10:38.946+0000] {dag.py:3239} INFO - Sync 1 DAGs
[2024-10-16T13:10:38.960+0000] {logging_mixin.py:190} INFO - [2024-10-16T13:10:38.959+0000] {dag.py:4180} INFO - Setting next_dagrun for example_params_trigger_ui to None, run_after=None
[2024-10-16T13:10:38.983+0000] {processor.py:208} INFO - Processing /home/airflow/.local/lib/python3.12/site-packages/airflow/example_dags/example_params_trigger_ui.py took 0.099 seconds
[2024-10-16T13:11:09.648+0000] {processor.py:186} INFO - Started process (PID=470) to work on /home/airflow/.local/lib/python3.12/site-packages/airflow/example_dags/example_params_trigger_ui.py
[2024-10-16T13:11:09.649+0000] {processor.py:914} INFO - Processing file /home/airflow/.local/lib/python3.12/site-packages/airflow/example_dags/example_params_trigger_ui.py for tasks to queue
[2024-10-16T13:11:09.651+0000] {logging_mixin.py:190} INFO - [2024-10-16T13:11:09.651+0000] {dagbag.py:588} INFO - Filling up the DagBag from /home/airflow/.local/lib/python3.12/site-packages/airflow/example_dags/example_params_trigger_ui.py
[2024-10-16T13:11:09.659+0000] {processor.py:925} INFO - DAG(s) 'example_params_trigger_ui' retrieved from /home/airflow/.local/lib/python3.12/site-packages/airflow/example_dags/example_params_trigger_ui.py
[2024-10-16T13:11:09.693+0000] {logging_mixin.py:190} INFO - [2024-10-16T13:11:09.693+0000] {dag.py:3239} INFO - Sync 1 DAGs
[2024-10-16T13:11:09.705+0000] {logging_mixin.py:190} INFO - [2024-10-16T13:11:09.705+0000] {dag.py:4180} INFO - Setting next_dagrun for example_params_trigger_ui to None, run_after=None
[2024-10-16T13:11:09.728+0000] {processor.py:208} INFO - Processing /home/airflow/.local/lib/python3.12/site-packages/airflow/example_dags/example_params_trigger_ui.py took 0.086 seconds
[2024-10-16T13:12:45.860+0000] {processor.py:186} INFO - Started process (PID=91) to work on /home/airflow/.local/lib/python3.12/site-packages/airflow/example_dags/example_params_trigger_ui.py
[2024-10-16T13:12:45.862+0000] {processor.py:914} INFO - Processing file /home/airflow/.local/lib/python3.12/site-packages/airflow/example_dags/example_params_trigger_ui.py for tasks to queue
[2024-10-16T13:12:45.864+0000] {logging_mixin.py:190} INFO - [2024-10-16T13:12:45.863+0000] {dagbag.py:588} INFO - Filling up the DagBag from /home/airflow/.local/lib/python3.12/site-packages/airflow/example_dags/example_params_trigger_ui.py
[2024-10-16T13:12:45.878+0000] {processor.py:925} INFO - DAG(s) 'example_params_trigger_ui' retrieved from /home/airflow/.local/lib/python3.12/site-packages/airflow/example_dags/example_params_trigger_ui.py
[2024-10-16T13:12:46.024+0000] {logging_mixin.py:190} INFO - [2024-10-16T13:12:46.023+0000] {override.py:1900} INFO - Created Permission View: can read on DAG:example_params_trigger_ui
[2024-10-16T13:12:46.036+0000] {logging_mixin.py:190} INFO - [2024-10-16T13:12:46.035+0000] {override.py:1900} INFO - Created Permission View: can edit on DAG:example_params_trigger_ui
[2024-10-16T13:12:46.047+0000] {logging_mixin.py:190} INFO - [2024-10-16T13:12:46.044+0000] {override.py:1900} INFO - Created Permission View: can delete on DAG:example_params_trigger_ui
[2024-10-16T13:12:46.080+0000] {logging_mixin.py:190} INFO - [2024-10-16T13:12:46.079+0000] {override.py:1900} INFO - Created Permission View: can read on DAG Run:example_params_trigger_ui
[2024-10-16T13:12:46.099+0000] {logging_mixin.py:190} INFO - [2024-10-16T13:12:46.099+0000] {override.py:1900} INFO - Created Permission View: menu access on DAG Run:example_params_trigger_ui
[2024-10-16T13:12:46.108+0000] {logging_mixin.py:190} INFO - [2024-10-16T13:12:46.107+0000] {override.py:1900} INFO - Created Permission View: can delete on DAG Run:example_params_trigger_ui
[2024-10-16T13:12:46.114+0000] {logging_mixin.py:190} INFO - [2024-10-16T13:12:46.114+0000] {override.py:1900} INFO - Created Permission View: can create on DAG Run:example_params_trigger_ui
[2024-10-16T13:12:46.115+0000] {logging_mixin.py:190} INFO - [2024-10-16T13:12:46.115+0000] {dag.py:3239} INFO - Sync 1 DAGs
[2024-10-16T13:12:46.126+0000] {logging_mixin.py:190} INFO - [2024-10-16T13:12:46.126+0000] {dag.py:3262} INFO - Creating ORM DAG for example_params_trigger_ui
[2024-10-16T13:12:46.127+0000] {logging_mixin.py:190} INFO - [2024-10-16T13:12:46.127+0000] {dag.py:4180} INFO - Setting next_dagrun for example_params_trigger_ui to None, run_after=None
[2024-10-16T13:12:46.170+0000] {processor.py:208} INFO - Processing /home/airflow/.local/lib/python3.12/site-packages/airflow/example_dags/example_params_trigger_ui.py took 0.316 seconds
[2024-10-16T13:13:16.462+0000] {processor.py:186} INFO - Started process (PID=154) to work on /home/airflow/.local/lib/python3.12/site-packages/airflow/example_dags/example_params_trigger_ui.py
[2024-10-16T13:13:16.463+0000] {processor.py:914} INFO - Processing file /home/airflow/.local/lib/python3.12/site-packages/airflow/example_dags/example_params_trigger_ui.py for tasks to queue
[2024-10-16T13:13:16.466+0000] {logging_mixin.py:190} INFO - [2024-10-16T13:13:16.465+0000] {dagbag.py:588} INFO - Filling up the DagBag from /home/airflow/.local/lib/python3.12/site-packages/airflow/example_dags/example_params_trigger_ui.py
[2024-10-16T13:13:16.475+0000] {processor.py:925} INFO - DAG(s) 'example_params_trigger_ui' retrieved from /home/airflow/.local/lib/python3.12/site-packages/airflow/example_dags/example_params_trigger_ui.py
[2024-10-16T13:13:16.511+0000] {logging_mixin.py:190} INFO - [2024-10-16T13:13:16.510+0000] {dag.py:3239} INFO - Sync 1 DAGs
[2024-10-16T13:13:16.526+0000] {logging_mixin.py:190} INFO - [2024-10-16T13:13:16.526+0000] {dag.py:4180} INFO - Setting next_dagrun for example_params_trigger_ui to None, run_after=None
[2024-10-16T13:13:16.544+0000] {processor.py:208} INFO - Processing /home/airflow/.local/lib/python3.12/site-packages/airflow/example_dags/example_params_trigger_ui.py took 0.087 seconds
[2024-10-16T13:14:46.847+0000] {processor.py:186} INFO - Started process (PID=93) to work on /home/airflow/.local/lib/python3.12/site-packages/airflow/example_dags/example_params_trigger_ui.py
[2024-10-16T13:14:46.848+0000] {processor.py:914} INFO - Processing file /home/airflow/.local/lib/python3.12/site-packages/airflow/example_dags/example_params_trigger_ui.py for tasks to queue
[2024-10-16T13:14:46.851+0000] {logging_mixin.py:190} INFO - [2024-10-16T13:14:46.851+0000] {dagbag.py:588} INFO - Filling up the DagBag from /home/airflow/.local/lib/python3.12/site-packages/airflow/example_dags/example_params_trigger_ui.py
[2024-10-16T13:14:46.865+0000] {processor.py:925} INFO - DAG(s) 'example_params_trigger_ui' retrieved from /home/airflow/.local/lib/python3.12/site-packages/airflow/example_dags/example_params_trigger_ui.py
[2024-10-16T13:14:46.988+0000] {logging_mixin.py:190} INFO - [2024-10-16T13:14:46.988+0000] {override.py:1900} INFO - Created Permission View: can read on DAG:example_params_trigger_ui
[2024-10-16T13:14:46.997+0000] {logging_mixin.py:190} INFO - [2024-10-16T13:14:46.997+0000] {override.py:1900} INFO - Created Permission View: can delete on DAG:example_params_trigger_ui
[2024-10-16T13:14:47.003+0000] {logging_mixin.py:190} INFO - [2024-10-16T13:14:47.003+0000] {override.py:1900} INFO - Created Permission View: can edit on DAG:example_params_trigger_ui
[2024-10-16T13:14:47.013+0000] {logging_mixin.py:190} INFO - [2024-10-16T13:14:47.012+0000] {override.py:1900} INFO - Created Permission View: can read on DAG Run:example_params_trigger_ui
[2024-10-16T13:14:47.020+0000] {logging_mixin.py:190} INFO - [2024-10-16T13:14:47.019+0000] {override.py:1900} INFO - Created Permission View: can create on DAG Run:example_params_trigger_ui
[2024-10-16T13:14:47.026+0000] {logging_mixin.py:190} INFO - [2024-10-16T13:14:47.026+0000] {override.py:1900} INFO - Created Permission View: can delete on DAG Run:example_params_trigger_ui
[2024-10-16T13:14:47.033+0000] {logging_mixin.py:190} INFO - [2024-10-16T13:14:47.032+0000] {override.py:1900} INFO - Created Permission View: menu access on DAG Run:example_params_trigger_ui
[2024-10-16T13:14:47.033+0000] {logging_mixin.py:190} INFO - [2024-10-16T13:14:47.033+0000] {dag.py:3239} INFO - Sync 1 DAGs
[2024-10-16T13:14:47.044+0000] {logging_mixin.py:190} INFO - [2024-10-16T13:14:47.044+0000] {dag.py:3262} INFO - Creating ORM DAG for example_params_trigger_ui
[2024-10-16T13:14:47.045+0000] {logging_mixin.py:190} INFO - [2024-10-16T13:14:47.045+0000] {dag.py:4180} INFO - Setting next_dagrun for example_params_trigger_ui to None, run_after=None
[2024-10-16T13:14:47.059+0000] {processor.py:208} INFO - Processing /home/airflow/.local/lib/python3.12/site-packages/airflow/example_dags/example_params_trigger_ui.py took 0.217 seconds
[2024-10-16T13:16:16.474+0000] {processor.py:186} INFO - Started process (PID=92) to work on /home/airflow/.local/lib/python3.12/site-packages/airflow/example_dags/example_params_trigger_ui.py
[2024-10-16T13:16:16.475+0000] {processor.py:914} INFO - Processing file /home/airflow/.local/lib/python3.12/site-packages/airflow/example_dags/example_params_trigger_ui.py for tasks to queue
[2024-10-16T13:16:16.478+0000] {logging_mixin.py:190} INFO - [2024-10-16T13:16:16.478+0000] {dagbag.py:588} INFO - Filling up the DagBag from /home/airflow/.local/lib/python3.12/site-packages/airflow/example_dags/example_params_trigger_ui.py
[2024-10-16T13:16:16.488+0000] {processor.py:925} INFO - DAG(s) 'example_params_trigger_ui' retrieved from /home/airflow/.local/lib/python3.12/site-packages/airflow/example_dags/example_params_trigger_ui.py
[2024-10-16T13:16:16.634+0000] {logging_mixin.py:190} INFO - [2024-10-16T13:16:16.633+0000] {override.py:1900} INFO - Created Permission View: can edit on DAG:example_params_trigger_ui
[2024-10-16T13:16:16.647+0000] {logging_mixin.py:190} INFO - [2024-10-16T13:16:16.646+0000] {override.py:1900} INFO - Created Permission View: can read on DAG:example_params_trigger_ui
[2024-10-16T13:16:16.655+0000] {logging_mixin.py:190} INFO - [2024-10-16T13:16:16.654+0000] {override.py:1900} INFO - Created Permission View: can delete on DAG:example_params_trigger_ui
[2024-10-16T13:16:16.663+0000] {logging_mixin.py:190} INFO - [2024-10-16T13:16:16.662+0000] {override.py:1900} INFO - Created Permission View: menu access on DAG Run:example_params_trigger_ui
[2024-10-16T13:16:16.670+0000] {logging_mixin.py:190} INFO - [2024-10-16T13:16:16.670+0000] {override.py:1900} INFO - Created Permission View: can read on DAG Run:example_params_trigger_ui
[2024-10-16T13:16:16.677+0000] {logging_mixin.py:190} INFO - [2024-10-16T13:16:16.677+0000] {override.py:1900} INFO - Created Permission View: can create on DAG Run:example_params_trigger_ui
[2024-10-16T13:16:16.683+0000] {logging_mixin.py:190} INFO - [2024-10-16T13:16:16.683+0000] {override.py:1900} INFO - Created Permission View: can delete on DAG Run:example_params_trigger_ui
[2024-10-16T13:16:16.684+0000] {logging_mixin.py:190} INFO - [2024-10-16T13:16:16.684+0000] {dag.py:3239} INFO - Sync 1 DAGs
[2024-10-16T13:16:16.702+0000] {logging_mixin.py:190} INFO - [2024-10-16T13:16:16.701+0000] {dag.py:3262} INFO - Creating ORM DAG for example_params_trigger_ui
[2024-10-16T13:16:16.704+0000] {logging_mixin.py:190} INFO - [2024-10-16T13:16:16.703+0000] {dag.py:4180} INFO - Setting next_dagrun for example_params_trigger_ui to None, run_after=None
[2024-10-16T13:16:16.731+0000] {processor.py:208} INFO - Processing /home/airflow/.local/lib/python3.12/site-packages/airflow/example_dags/example_params_trigger_ui.py took 0.262 seconds
[2024-10-16T13:16:46.823+0000] {processor.py:186} INFO - Started process (PID=155) to work on /home/airflow/.local/lib/python3.12/site-packages/airflow/example_dags/example_params_trigger_ui.py
[2024-10-16T13:16:46.824+0000] {processor.py:914} INFO - Processing file /home/airflow/.local/lib/python3.12/site-packages/airflow/example_dags/example_params_trigger_ui.py for tasks to queue
[2024-10-16T13:16:46.827+0000] {logging_mixin.py:190} INFO - [2024-10-16T13:16:46.826+0000] {dagbag.py:588} INFO - Filling up the DagBag from /home/airflow/.local/lib/python3.12/site-packages/airflow/example_dags/example_params_trigger_ui.py
[2024-10-16T13:16:46.834+0000] {processor.py:925} INFO - DAG(s) 'example_params_trigger_ui' retrieved from /home/airflow/.local/lib/python3.12/site-packages/airflow/example_dags/example_params_trigger_ui.py
[2024-10-16T13:16:46.879+0000] {logging_mixin.py:190} INFO - [2024-10-16T13:16:46.879+0000] {dag.py:3239} INFO - Sync 1 DAGs
[2024-10-16T13:16:46.890+0000] {logging_mixin.py:190} INFO - [2024-10-16T13:16:46.890+0000] {dag.py:4180} INFO - Setting next_dagrun for example_params_trigger_ui to None, run_after=None
[2024-10-16T13:16:46.915+0000] {processor.py:208} INFO - Processing /home/airflow/.local/lib/python3.12/site-packages/airflow/example_dags/example_params_trigger_ui.py took 0.097 seconds
[2024-10-16T13:17:17.629+0000] {processor.py:186} INFO - Started process (PID=218) to work on /home/airflow/.local/lib/python3.12/site-packages/airflow/example_dags/example_params_trigger_ui.py
[2024-10-16T13:17:17.630+0000] {processor.py:914} INFO - Processing file /home/airflow/.local/lib/python3.12/site-packages/airflow/example_dags/example_params_trigger_ui.py for tasks to queue
[2024-10-16T13:17:17.633+0000] {logging_mixin.py:190} INFO - [2024-10-16T13:17:17.632+0000] {dagbag.py:588} INFO - Filling up the DagBag from /home/airflow/.local/lib/python3.12/site-packages/airflow/example_dags/example_params_trigger_ui.py
[2024-10-16T13:17:17.645+0000] {processor.py:925} INFO - DAG(s) 'example_params_trigger_ui' retrieved from /home/airflow/.local/lib/python3.12/site-packages/airflow/example_dags/example_params_trigger_ui.py
[2024-10-16T13:17:17.683+0000] {logging_mixin.py:190} INFO - [2024-10-16T13:17:17.683+0000] {dag.py:3239} INFO - Sync 1 DAGs
[2024-10-16T13:17:17.697+0000] {logging_mixin.py:190} INFO - [2024-10-16T13:17:17.696+0000] {dag.py:4180} INFO - Setting next_dagrun for example_params_trigger_ui to None, run_after=None
[2024-10-16T13:17:17.726+0000] {processor.py:208} INFO - Processing /home/airflow/.local/lib/python3.12/site-packages/airflow/example_dags/example_params_trigger_ui.py took 0.102 seconds
[2024-10-16T13:17:48.124+0000] {processor.py:186} INFO - Started process (PID=281) to work on /home/airflow/.local/lib/python3.12/site-packages/airflow/example_dags/example_params_trigger_ui.py
[2024-10-16T13:17:48.125+0000] {processor.py:914} INFO - Processing file /home/airflow/.local/lib/python3.12/site-packages/airflow/example_dags/example_params_trigger_ui.py for tasks to queue
[2024-10-16T13:17:48.128+0000] {logging_mixin.py:190} INFO - [2024-10-16T13:17:48.127+0000] {dagbag.py:588} INFO - Filling up the DagBag from /home/airflow/.local/lib/python3.12/site-packages/airflow/example_dags/example_params_trigger_ui.py
[2024-10-16T13:17:48.149+0000] {processor.py:925} INFO - DAG(s) 'example_params_trigger_ui' retrieved from /home/airflow/.local/lib/python3.12/site-packages/airflow/example_dags/example_params_trigger_ui.py
[2024-10-16T13:17:48.207+0000] {logging_mixin.py:190} INFO - [2024-10-16T13:17:48.207+0000] {dag.py:3239} INFO - Sync 1 DAGs
[2024-10-16T13:17:48.226+0000] {logging_mixin.py:190} INFO - [2024-10-16T13:17:48.225+0000] {dag.py:4180} INFO - Setting next_dagrun for example_params_trigger_ui to None, run_after=None
[2024-10-16T13:17:48.277+0000] {processor.py:208} INFO - Processing /home/airflow/.local/lib/python3.12/site-packages/airflow/example_dags/example_params_trigger_ui.py took 0.161 seconds
[2024-10-16T13:18:18.660+0000] {processor.py:186} INFO - Started process (PID=344) to work on /home/airflow/.local/lib/python3.12/site-packages/airflow/example_dags/example_params_trigger_ui.py
[2024-10-16T13:18:18.663+0000] {processor.py:914} INFO - Processing file /home/airflow/.local/lib/python3.12/site-packages/airflow/example_dags/example_params_trigger_ui.py for tasks to queue
[2024-10-16T13:18:18.670+0000] {logging_mixin.py:190} INFO - [2024-10-16T13:18:18.669+0000] {dagbag.py:588} INFO - Filling up the DagBag from /home/airflow/.local/lib/python3.12/site-packages/airflow/example_dags/example_params_trigger_ui.py
[2024-10-16T13:18:18.682+0000] {processor.py:925} INFO - DAG(s) 'example_params_trigger_ui' retrieved from /home/airflow/.local/lib/python3.12/site-packages/airflow/example_dags/example_params_trigger_ui.py
[2024-10-16T13:18:18.737+0000] {logging_mixin.py:190} INFO - [2024-10-16T13:18:18.737+0000] {dag.py:3239} INFO - Sync 1 DAGs
[2024-10-16T13:18:18.756+0000] {logging_mixin.py:190} INFO - [2024-10-16T13:18:18.755+0000] {dag.py:4180} INFO - Setting next_dagrun for example_params_trigger_ui to None, run_after=None
[2024-10-16T13:18:18.789+0000] {processor.py:208} INFO - Processing /home/airflow/.local/lib/python3.12/site-packages/airflow/example_dags/example_params_trigger_ui.py took 0.139 seconds
[2024-10-16T13:18:49.383+0000] {processor.py:186} INFO - Started process (PID=407) to work on /home/airflow/.local/lib/python3.12/site-packages/airflow/example_dags/example_params_trigger_ui.py
[2024-10-16T13:18:49.385+0000] {processor.py:914} INFO - Processing file /home/airflow/.local/lib/python3.12/site-packages/airflow/example_dags/example_params_trigger_ui.py for tasks to queue
[2024-10-16T13:18:49.388+0000] {logging_mixin.py:190} INFO - [2024-10-16T13:18:49.388+0000] {dagbag.py:588} INFO - Filling up the DagBag from /home/airflow/.local/lib/python3.12/site-packages/airflow/example_dags/example_params_trigger_ui.py
[2024-10-16T13:18:49.401+0000] {processor.py:925} INFO - DAG(s) 'example_params_trigger_ui' retrieved from /home/airflow/.local/lib/python3.12/site-packages/airflow/example_dags/example_params_trigger_ui.py
[2024-10-16T13:18:49.435+0000] {logging_mixin.py:190} INFO - [2024-10-16T13:18:49.435+0000] {dag.py:3239} INFO - Sync 1 DAGs
[2024-10-16T13:18:49.445+0000] {logging_mixin.py:190} INFO - [2024-10-16T13:18:49.445+0000] {dag.py:4180} INFO - Setting next_dagrun for example_params_trigger_ui to None, run_after=None
[2024-10-16T13:18:49.463+0000] {processor.py:208} INFO - Processing /home/airflow/.local/lib/python3.12/site-packages/airflow/example_dags/example_params_trigger_ui.py took 0.086 seconds
[2024-10-16T13:19:20.179+0000] {processor.py:186} INFO - Started process (PID=470) to work on /home/airflow/.local/lib/python3.12/site-packages/airflow/example_dags/example_params_trigger_ui.py
[2024-10-16T13:19:20.180+0000] {processor.py:914} INFO - Processing file /home/airflow/.local/lib/python3.12/site-packages/airflow/example_dags/example_params_trigger_ui.py for tasks to queue
[2024-10-16T13:19:20.181+0000] {logging_mixin.py:190} INFO - [2024-10-16T13:19:20.181+0000] {dagbag.py:588} INFO - Filling up the DagBag from /home/airflow/.local/lib/python3.12/site-packages/airflow/example_dags/example_params_trigger_ui.py
[2024-10-16T13:19:20.190+0000] {processor.py:925} INFO - DAG(s) 'example_params_trigger_ui' retrieved from /home/airflow/.local/lib/python3.12/site-packages/airflow/example_dags/example_params_trigger_ui.py
[2024-10-16T13:19:20.225+0000] {logging_mixin.py:190} INFO - [2024-10-16T13:19:20.225+0000] {dag.py:3239} INFO - Sync 1 DAGs
[2024-10-16T13:19:20.237+0000] {logging_mixin.py:190} INFO - [2024-10-16T13:19:20.237+0000] {dag.py:4180} INFO - Setting next_dagrun for example_params_trigger_ui to None, run_after=None
[2024-10-16T13:19:20.268+0000] {processor.py:208} INFO - Processing /home/airflow/.local/lib/python3.12/site-packages/airflow/example_dags/example_params_trigger_ui.py took 0.094 seconds
[2024-10-16T13:19:50.631+0000] {processor.py:186} INFO - Started process (PID=533) to work on /home/airflow/.local/lib/python3.12/site-packages/airflow/example_dags/example_params_trigger_ui.py
[2024-10-16T13:19:50.634+0000] {processor.py:914} INFO - Processing file /home/airflow/.local/lib/python3.12/site-packages/airflow/example_dags/example_params_trigger_ui.py for tasks to queue
[2024-10-16T13:19:50.637+0000] {logging_mixin.py:190} INFO - [2024-10-16T13:19:50.637+0000] {dagbag.py:588} INFO - Filling up the DagBag from /home/airflow/.local/lib/python3.12/site-packages/airflow/example_dags/example_params_trigger_ui.py
[2024-10-16T13:19:50.654+0000] {processor.py:925} INFO - DAG(s) 'example_params_trigger_ui' retrieved from /home/airflow/.local/lib/python3.12/site-packages/airflow/example_dags/example_params_trigger_ui.py
[2024-10-16T13:19:50.738+0000] {logging_mixin.py:190} INFO - [2024-10-16T13:19:50.737+0000] {dag.py:3239} INFO - Sync 1 DAGs
[2024-10-16T13:19:50.779+0000] {logging_mixin.py:190} INFO - [2024-10-16T13:19:50.779+0000] {dag.py:4180} INFO - Setting next_dagrun for example_params_trigger_ui to None, run_after=None
[2024-10-16T13:19:50.810+0000] {processor.py:208} INFO - Processing /home/airflow/.local/lib/python3.12/site-packages/airflow/example_dags/example_params_trigger_ui.py took 0.188 seconds
[2024-10-16T13:20:21.338+0000] {processor.py:186} INFO - Started process (PID=596) to work on /home/airflow/.local/lib/python3.12/site-packages/airflow/example_dags/example_params_trigger_ui.py
[2024-10-16T13:20:21.339+0000] {processor.py:914} INFO - Processing file /home/airflow/.local/lib/python3.12/site-packages/airflow/example_dags/example_params_trigger_ui.py for tasks to queue
[2024-10-16T13:20:21.341+0000] {logging_mixin.py:190} INFO - [2024-10-16T13:20:21.341+0000] {dagbag.py:588} INFO - Filling up the DagBag from /home/airflow/.local/lib/python3.12/site-packages/airflow/example_dags/example_params_trigger_ui.py
[2024-10-16T13:20:21.349+0000] {processor.py:925} INFO - DAG(s) 'example_params_trigger_ui' retrieved from /home/airflow/.local/lib/python3.12/site-packages/airflow/example_dags/example_params_trigger_ui.py
[2024-10-16T13:20:21.385+0000] {logging_mixin.py:190} INFO - [2024-10-16T13:20:21.384+0000] {dag.py:3239} INFO - Sync 1 DAGs
[2024-10-16T13:20:21.401+0000] {logging_mixin.py:190} INFO - [2024-10-16T13:20:21.400+0000] {dag.py:4180} INFO - Setting next_dagrun for example_params_trigger_ui to None, run_after=None
[2024-10-16T13:20:21.423+0000] {processor.py:208} INFO - Processing /home/airflow/.local/lib/python3.12/site-packages/airflow/example_dags/example_params_trigger_ui.py took 0.090 seconds
[2024-10-16T13:22:02.342+0000] {processor.py:186} INFO - Started process (PID=91) to work on /home/airflow/.local/lib/python3.12/site-packages/airflow/example_dags/example_params_trigger_ui.py
[2024-10-16T13:22:02.344+0000] {processor.py:914} INFO - Processing file /home/airflow/.local/lib/python3.12/site-packages/airflow/example_dags/example_params_trigger_ui.py for tasks to queue
[2024-10-16T13:22:02.347+0000] {logging_mixin.py:190} INFO - [2024-10-16T13:22:02.346+0000] {dagbag.py:588} INFO - Filling up the DagBag from /home/airflow/.local/lib/python3.12/site-packages/airflow/example_dags/example_params_trigger_ui.py
[2024-10-16T13:22:02.361+0000] {processor.py:925} INFO - DAG(s) 'example_params_trigger_ui' retrieved from /home/airflow/.local/lib/python3.12/site-packages/airflow/example_dags/example_params_trigger_ui.py
[2024-10-16T13:22:02.533+0000] {logging_mixin.py:190} INFO - [2024-10-16T13:22:02.532+0000] {override.py:1900} INFO - Created Permission View: can edit on DAG:example_params_trigger_ui
[2024-10-16T13:22:02.548+0000] {logging_mixin.py:190} INFO - [2024-10-16T13:22:02.547+0000] {override.py:1900} INFO - Created Permission View: can read on DAG:example_params_trigger_ui
[2024-10-16T13:22:02.556+0000] {logging_mixin.py:190} INFO - [2024-10-16T13:22:02.555+0000] {override.py:1900} INFO - Created Permission View: can delete on DAG:example_params_trigger_ui
[2024-10-16T13:22:02.565+0000] {logging_mixin.py:190} INFO - [2024-10-16T13:22:02.564+0000] {override.py:1900} INFO - Created Permission View: can delete on DAG Run:example_params_trigger_ui
[2024-10-16T13:22:02.573+0000] {logging_mixin.py:190} INFO - [2024-10-16T13:22:02.572+0000] {override.py:1900} INFO - Created Permission View: can read on DAG Run:example_params_trigger_ui
[2024-10-16T13:22:02.581+0000] {logging_mixin.py:190} INFO - [2024-10-16T13:22:02.581+0000] {override.py:1900} INFO - Created Permission View: menu access on DAG Run:example_params_trigger_ui
[2024-10-16T13:22:02.590+0000] {logging_mixin.py:190} INFO - [2024-10-16T13:22:02.590+0000] {override.py:1900} INFO - Created Permission View: can create on DAG Run:example_params_trigger_ui
[2024-10-16T13:22:02.591+0000] {logging_mixin.py:190} INFO - [2024-10-16T13:22:02.591+0000] {dag.py:3239} INFO - Sync 1 DAGs
[2024-10-16T13:22:02.611+0000] {logging_mixin.py:190} INFO - [2024-10-16T13:22:02.610+0000] {dag.py:3262} INFO - Creating ORM DAG for example_params_trigger_ui
[2024-10-16T13:22:02.612+0000] {logging_mixin.py:190} INFO - [2024-10-16T13:22:02.612+0000] {dag.py:4180} INFO - Setting next_dagrun for example_params_trigger_ui to None, run_after=None
[2024-10-16T13:22:02.635+0000] {processor.py:208} INFO - Processing /home/airflow/.local/lib/python3.12/site-packages/airflow/example_dags/example_params_trigger_ui.py took 0.300 seconds
[2024-10-16T13:22:33.013+0000] {processor.py:186} INFO - Started process (PID=154) to work on /home/airflow/.local/lib/python3.12/site-packages/airflow/example_dags/example_params_trigger_ui.py
[2024-10-16T13:22:33.014+0000] {processor.py:914} INFO - Processing file /home/airflow/.local/lib/python3.12/site-packages/airflow/example_dags/example_params_trigger_ui.py for tasks to queue
[2024-10-16T13:22:33.016+0000] {logging_mixin.py:190} INFO - [2024-10-16T13:22:33.016+0000] {dagbag.py:588} INFO - Filling up the DagBag from /home/airflow/.local/lib/python3.12/site-packages/airflow/example_dags/example_params_trigger_ui.py
[2024-10-16T13:22:33.025+0000] {processor.py:925} INFO - DAG(s) 'example_params_trigger_ui' retrieved from /home/airflow/.local/lib/python3.12/site-packages/airflow/example_dags/example_params_trigger_ui.py
[2024-10-16T13:22:33.060+0000] {logging_mixin.py:190} INFO - [2024-10-16T13:22:33.060+0000] {dag.py:3239} INFO - Sync 1 DAGs
[2024-10-16T13:22:33.077+0000] {logging_mixin.py:190} INFO - [2024-10-16T13:22:33.076+0000] {dag.py:4180} INFO - Setting next_dagrun for example_params_trigger_ui to None, run_after=None
[2024-10-16T13:22:33.106+0000] {processor.py:208} INFO - Processing /home/airflow/.local/lib/python3.12/site-packages/airflow/example_dags/example_params_trigger_ui.py took 0.100 seconds
[2024-10-16T13:23:03.757+0000] {processor.py:186} INFO - Started process (PID=217) to work on /home/airflow/.local/lib/python3.12/site-packages/airflow/example_dags/example_params_trigger_ui.py
[2024-10-16T13:23:03.760+0000] {processor.py:914} INFO - Processing file /home/airflow/.local/lib/python3.12/site-packages/airflow/example_dags/example_params_trigger_ui.py for tasks to queue
[2024-10-16T13:23:03.763+0000] {logging_mixin.py:190} INFO - [2024-10-16T13:23:03.762+0000] {dagbag.py:588} INFO - Filling up the DagBag from /home/airflow/.local/lib/python3.12/site-packages/airflow/example_dags/example_params_trigger_ui.py
[2024-10-16T13:23:03.775+0000] {processor.py:925} INFO - DAG(s) 'example_params_trigger_ui' retrieved from /home/airflow/.local/lib/python3.12/site-packages/airflow/example_dags/example_params_trigger_ui.py
[2024-10-16T13:23:03.815+0000] {logging_mixin.py:190} INFO - [2024-10-16T13:23:03.815+0000] {dag.py:3239} INFO - Sync 1 DAGs
[2024-10-16T13:23:03.830+0000] {logging_mixin.py:190} INFO - [2024-10-16T13:23:03.829+0000] {dag.py:4180} INFO - Setting next_dagrun for example_params_trigger_ui to None, run_after=None
[2024-10-16T13:23:03.852+0000] {processor.py:208} INFO - Processing /home/airflow/.local/lib/python3.12/site-packages/airflow/example_dags/example_params_trigger_ui.py took 0.099 seconds
[2024-10-16T13:23:35.181+0000] {processor.py:186} INFO - Started process (PID=280) to work on /home/airflow/.local/lib/python3.12/site-packages/airflow/example_dags/example_params_trigger_ui.py
[2024-10-16T13:23:35.182+0000] {processor.py:914} INFO - Processing file /home/airflow/.local/lib/python3.12/site-packages/airflow/example_dags/example_params_trigger_ui.py for tasks to queue
[2024-10-16T13:23:35.184+0000] {logging_mixin.py:190} INFO - [2024-10-16T13:23:35.184+0000] {dagbag.py:588} INFO - Filling up the DagBag from /home/airflow/.local/lib/python3.12/site-packages/airflow/example_dags/example_params_trigger_ui.py
[2024-10-16T13:23:35.196+0000] {processor.py:925} INFO - DAG(s) 'example_params_trigger_ui' retrieved from /home/airflow/.local/lib/python3.12/site-packages/airflow/example_dags/example_params_trigger_ui.py
[2024-10-16T13:23:35.229+0000] {logging_mixin.py:190} INFO - [2024-10-16T13:23:35.228+0000] {dag.py:3239} INFO - Sync 1 DAGs
[2024-10-16T13:23:35.240+0000] {logging_mixin.py:190} INFO - [2024-10-16T13:23:35.240+0000] {dag.py:4180} INFO - Setting next_dagrun for example_params_trigger_ui to None, run_after=None
[2024-10-16T13:23:35.257+0000] {processor.py:208} INFO - Processing /home/airflow/.local/lib/python3.12/site-packages/airflow/example_dags/example_params_trigger_ui.py took 0.080 seconds
