[2024-10-16T12:50:33.126+0000] {processor.py:186} INFO - Started process (PID=99) to work on /home/airflow/.local/lib/python3.12/site-packages/airflow/example_dags/example_sla_dag.py
[2024-10-16T12:50:33.127+0000] {processor.py:914} INFO - Processing file /home/airflow/.local/lib/python3.12/site-packages/airflow/example_dags/example_sla_dag.py for tasks to queue
[2024-10-16T12:50:33.129+0000] {logging_mixin.py:190} INFO - [2024-10-16T12:50:33.129+0000] {dagbag.py:588} INFO - Filling up the DagBag from /home/airflow/.local/lib/python3.12/site-packages/airflow/example_dags/example_sla_dag.py
[2024-10-16T12:50:33.140+0000] {processor.py:925} INFO - DAG(s) 'example_sla_dag' retrieved from /home/airflow/.local/lib/python3.12/site-packages/airflow/example_dags/example_sla_dag.py
[2024-10-16T12:50:33.240+0000] {logging_mixin.py:190} INFO - [2024-10-16T12:50:33.238+0000] {override.py:1900} INFO - Created Permission View: can edit on DAG:example_sla_dag
[2024-10-16T12:50:33.251+0000] {logging_mixin.py:190} INFO - [2024-10-16T12:50:33.250+0000] {override.py:1900} INFO - Created Permission View: can read on DAG:example_sla_dag
[2024-10-16T12:50:33.259+0000] {logging_mixin.py:190} INFO - [2024-10-16T12:50:33.258+0000] {override.py:1900} INFO - Created Permission View: can delete on DAG:example_sla_dag
[2024-10-16T12:50:33.265+0000] {logging_mixin.py:190} INFO - [2024-10-16T12:50:33.265+0000] {override.py:1900} INFO - Created Permission View: can delete on DAG Run:example_sla_dag
[2024-10-16T12:50:33.273+0000] {logging_mixin.py:190} INFO - [2024-10-16T12:50:33.272+0000] {override.py:1900} INFO - Created Permission View: menu access on DAG Run:example_sla_dag
[2024-10-16T12:50:33.279+0000] {logging_mixin.py:190} INFO - [2024-10-16T12:50:33.279+0000] {override.py:1900} INFO - Created Permission View: can create on DAG Run:example_sla_dag
[2024-10-16T12:50:33.285+0000] {logging_mixin.py:190} INFO - [2024-10-16T12:50:33.285+0000] {override.py:1900} INFO - Created Permission View: can read on DAG Run:example_sla_dag
[2024-10-16T12:50:33.286+0000] {logging_mixin.py:190} INFO - [2024-10-16T12:50:33.286+0000] {dag.py:3239} INFO - Sync 1 DAGs
[2024-10-16T12:50:33.297+0000] {logging_mixin.py:190} INFO - [2024-10-16T12:50:33.297+0000] {dag.py:3262} INFO - Creating ORM DAG for example_sla_dag
[2024-10-16T12:50:33.309+0000] {logging_mixin.py:190} INFO - [2024-10-16T12:50:33.309+0000] {dag.py:4180} INFO - Setting next_dagrun for example_sla_dag to 2024-10-16 12:48:00+00:00, run_after=2024-10-16 12:50:00+00:00
[2024-10-16T12:50:33.329+0000] {processor.py:208} INFO - Processing /home/airflow/.local/lib/python3.12/site-packages/airflow/example_dags/example_sla_dag.py took 0.208 seconds
[2024-10-16T12:51:04.255+0000] {processor.py:186} INFO - Started process (PID=161) to work on /home/airflow/.local/lib/python3.12/site-packages/airflow/example_dags/example_sla_dag.py
[2024-10-16T12:51:04.273+0000] {processor.py:914} INFO - Processing file /home/airflow/.local/lib/python3.12/site-packages/airflow/example_dags/example_sla_dag.py for tasks to queue
[2024-10-16T12:51:04.277+0000] {logging_mixin.py:190} INFO - [2024-10-16T12:51:04.277+0000] {dagbag.py:588} INFO - Filling up the DagBag from /home/airflow/.local/lib/python3.12/site-packages/airflow/example_dags/example_sla_dag.py
[2024-10-16T12:51:04.387+0000] {processor.py:925} INFO - DAG(s) 'example_sla_dag' retrieved from /home/airflow/.local/lib/python3.12/site-packages/airflow/example_dags/example_sla_dag.py
[2024-10-16T12:51:04.448+0000] {logging_mixin.py:190} INFO - [2024-10-16T12:51:04.448+0000] {dag.py:3239} INFO - Sync 1 DAGs
[2024-10-16T12:51:04.513+0000] {logging_mixin.py:190} INFO - [2024-10-16T12:51:04.512+0000] {dag.py:4180} INFO - Setting next_dagrun for example_sla_dag to 2024-10-16 12:48:00+00:00, run_after=2024-10-16 12:50:00+00:00
[2024-10-16T12:51:04.587+0000] {processor.py:208} INFO - Processing /home/airflow/.local/lib/python3.12/site-packages/airflow/example_dags/example_sla_dag.py took 0.351 seconds
[2024-10-16T12:51:35.066+0000] {processor.py:186} INFO - Started process (PID=223) to work on /home/airflow/.local/lib/python3.12/site-packages/airflow/example_dags/example_sla_dag.py
[2024-10-16T12:51:35.067+0000] {processor.py:914} INFO - Processing file /home/airflow/.local/lib/python3.12/site-packages/airflow/example_dags/example_sla_dag.py for tasks to queue
[2024-10-16T12:51:35.070+0000] {logging_mixin.py:190} INFO - [2024-10-16T12:51:35.069+0000] {dagbag.py:588} INFO - Filling up the DagBag from /home/airflow/.local/lib/python3.12/site-packages/airflow/example_dags/example_sla_dag.py
[2024-10-16T12:51:35.082+0000] {processor.py:925} INFO - DAG(s) 'example_sla_dag' retrieved from /home/airflow/.local/lib/python3.12/site-packages/airflow/example_dags/example_sla_dag.py
[2024-10-16T12:51:35.107+0000] {logging_mixin.py:190} INFO - [2024-10-16T12:51:35.106+0000] {dag.py:3239} INFO - Sync 1 DAGs
[2024-10-16T12:51:35.135+0000] {logging_mixin.py:190} INFO - [2024-10-16T12:51:35.135+0000] {dag.py:4180} INFO - Setting next_dagrun for example_sla_dag to 2024-10-16 12:48:00+00:00, run_after=2024-10-16 12:50:00+00:00
[2024-10-16T12:51:35.159+0000] {processor.py:208} INFO - Processing /home/airflow/.local/lib/python3.12/site-packages/airflow/example_dags/example_sla_dag.py took 0.100 seconds
[2024-10-16T12:52:05.336+0000] {processor.py:186} INFO - Started process (PID=284) to work on /home/airflow/.local/lib/python3.12/site-packages/airflow/example_dags/example_sla_dag.py
[2024-10-16T12:52:05.337+0000] {processor.py:914} INFO - Processing file /home/airflow/.local/lib/python3.12/site-packages/airflow/example_dags/example_sla_dag.py for tasks to queue
[2024-10-16T12:52:05.341+0000] {logging_mixin.py:190} INFO - [2024-10-16T12:52:05.341+0000] {dagbag.py:588} INFO - Filling up the DagBag from /home/airflow/.local/lib/python3.12/site-packages/airflow/example_dags/example_sla_dag.py
[2024-10-16T12:52:05.354+0000] {processor.py:925} INFO - DAG(s) 'example_sla_dag' retrieved from /home/airflow/.local/lib/python3.12/site-packages/airflow/example_dags/example_sla_dag.py
[2024-10-16T12:52:05.383+0000] {logging_mixin.py:190} INFO - [2024-10-16T12:52:05.383+0000] {dag.py:3239} INFO - Sync 1 DAGs
[2024-10-16T12:52:05.423+0000] {logging_mixin.py:190} INFO - [2024-10-16T12:52:05.422+0000] {dag.py:4180} INFO - Setting next_dagrun for example_sla_dag to 2024-10-16 12:50:00+00:00, run_after=2024-10-16 12:52:00+00:00
[2024-10-16T12:52:05.454+0000] {processor.py:208} INFO - Processing /home/airflow/.local/lib/python3.12/site-packages/airflow/example_dags/example_sla_dag.py took 0.125 seconds
[2024-10-16T12:52:35.942+0000] {processor.py:186} INFO - Started process (PID=348) to work on /home/airflow/.local/lib/python3.12/site-packages/airflow/example_dags/example_sla_dag.py
[2024-10-16T12:52:35.943+0000] {processor.py:914} INFO - Processing file /home/airflow/.local/lib/python3.12/site-packages/airflow/example_dags/example_sla_dag.py for tasks to queue
[2024-10-16T12:52:35.946+0000] {logging_mixin.py:190} INFO - [2024-10-16T12:52:35.945+0000] {dagbag.py:588} INFO - Filling up the DagBag from /home/airflow/.local/lib/python3.12/site-packages/airflow/example_dags/example_sla_dag.py
[2024-10-16T12:52:35.956+0000] {processor.py:925} INFO - DAG(s) 'example_sla_dag' retrieved from /home/airflow/.local/lib/python3.12/site-packages/airflow/example_dags/example_sla_dag.py
[2024-10-16T12:52:35.981+0000] {logging_mixin.py:190} INFO - [2024-10-16T12:52:35.980+0000] {dag.py:3239} INFO - Sync 1 DAGs
[2024-10-16T12:52:36.017+0000] {logging_mixin.py:190} INFO - [2024-10-16T12:52:36.016+0000] {dag.py:4180} INFO - Setting next_dagrun for example_sla_dag to 2024-10-16 12:50:00+00:00, run_after=2024-10-16 12:52:00+00:00
[2024-10-16T12:52:36.051+0000] {processor.py:208} INFO - Processing /home/airflow/.local/lib/python3.12/site-packages/airflow/example_dags/example_sla_dag.py took 0.117 seconds
[2024-10-16T12:53:06.784+0000] {processor.py:186} INFO - Started process (PID=410) to work on /home/airflow/.local/lib/python3.12/site-packages/airflow/example_dags/example_sla_dag.py
[2024-10-16T12:53:06.787+0000] {processor.py:914} INFO - Processing file /home/airflow/.local/lib/python3.12/site-packages/airflow/example_dags/example_sla_dag.py for tasks to queue
[2024-10-16T12:53:06.802+0000] {logging_mixin.py:190} INFO - [2024-10-16T12:53:06.801+0000] {dagbag.py:588} INFO - Filling up the DagBag from /home/airflow/.local/lib/python3.12/site-packages/airflow/example_dags/example_sla_dag.py
[2024-10-16T12:53:06.823+0000] {processor.py:925} INFO - DAG(s) 'example_sla_dag' retrieved from /home/airflow/.local/lib/python3.12/site-packages/airflow/example_dags/example_sla_dag.py
[2024-10-16T12:53:06.863+0000] {logging_mixin.py:190} INFO - [2024-10-16T12:53:06.862+0000] {dag.py:3239} INFO - Sync 1 DAGs
[2024-10-16T12:53:06.904+0000] {logging_mixin.py:190} INFO - [2024-10-16T12:53:06.903+0000] {dag.py:4180} INFO - Setting next_dagrun for example_sla_dag to 2024-10-16 12:50:00+00:00, run_after=2024-10-16 12:52:00+00:00
[2024-10-16T12:53:06.942+0000] {processor.py:208} INFO - Processing /home/airflow/.local/lib/python3.12/site-packages/airflow/example_dags/example_sla_dag.py took 0.173 seconds
[2024-10-16T12:53:37.409+0000] {processor.py:186} INFO - Started process (PID=472) to work on /home/airflow/.local/lib/python3.12/site-packages/airflow/example_dags/example_sla_dag.py
[2024-10-16T12:53:37.410+0000] {processor.py:914} INFO - Processing file /home/airflow/.local/lib/python3.12/site-packages/airflow/example_dags/example_sla_dag.py for tasks to queue
[2024-10-16T12:53:37.415+0000] {logging_mixin.py:190} INFO - [2024-10-16T12:53:37.414+0000] {dagbag.py:588} INFO - Filling up the DagBag from /home/airflow/.local/lib/python3.12/site-packages/airflow/example_dags/example_sla_dag.py
[2024-10-16T12:53:37.435+0000] {processor.py:925} INFO - DAG(s) 'example_sla_dag' retrieved from /home/airflow/.local/lib/python3.12/site-packages/airflow/example_dags/example_sla_dag.py
[2024-10-16T12:53:37.479+0000] {logging_mixin.py:190} INFO - [2024-10-16T12:53:37.479+0000] {dag.py:3239} INFO - Sync 1 DAGs
[2024-10-16T12:53:37.521+0000] {logging_mixin.py:190} INFO - [2024-10-16T12:53:37.521+0000] {dag.py:4180} INFO - Setting next_dagrun for example_sla_dag to 2024-10-16 12:50:00+00:00, run_after=2024-10-16 12:52:00+00:00
[2024-10-16T12:53:37.562+0000] {processor.py:208} INFO - Processing /home/airflow/.local/lib/python3.12/site-packages/airflow/example_dags/example_sla_dag.py took 0.160 seconds
[2024-10-16T12:54:08.446+0000] {processor.py:186} INFO - Started process (PID=534) to work on /home/airflow/.local/lib/python3.12/site-packages/airflow/example_dags/example_sla_dag.py
[2024-10-16T12:54:08.448+0000] {processor.py:914} INFO - Processing file /home/airflow/.local/lib/python3.12/site-packages/airflow/example_dags/example_sla_dag.py for tasks to queue
[2024-10-16T12:54:08.450+0000] {logging_mixin.py:190} INFO - [2024-10-16T12:54:08.450+0000] {dagbag.py:588} INFO - Filling up the DagBag from /home/airflow/.local/lib/python3.12/site-packages/airflow/example_dags/example_sla_dag.py
[2024-10-16T12:54:08.459+0000] {processor.py:925} INFO - DAG(s) 'example_sla_dag' retrieved from /home/airflow/.local/lib/python3.12/site-packages/airflow/example_dags/example_sla_dag.py
[2024-10-16T12:54:08.480+0000] {logging_mixin.py:190} INFO - [2024-10-16T12:54:08.480+0000] {dag.py:3239} INFO - Sync 1 DAGs
[2024-10-16T12:54:08.503+0000] {logging_mixin.py:190} INFO - [2024-10-16T12:54:08.503+0000] {dag.py:4180} INFO - Setting next_dagrun for example_sla_dag to 2024-10-16 12:52:00+00:00, run_after=2024-10-16 12:54:00+00:00
[2024-10-16T12:54:08.530+0000] {processor.py:208} INFO - Processing /home/airflow/.local/lib/python3.12/site-packages/airflow/example_dags/example_sla_dag.py took 0.089 seconds
[2024-10-16T12:54:40.507+0000] {processor.py:186} INFO - Started process (PID=596) to work on /home/airflow/.local/lib/python3.12/site-packages/airflow/example_dags/example_sla_dag.py
[2024-10-16T12:54:40.516+0000] {processor.py:914} INFO - Processing file /home/airflow/.local/lib/python3.12/site-packages/airflow/example_dags/example_sla_dag.py for tasks to queue
[2024-10-16T12:54:40.520+0000] {logging_mixin.py:190} INFO - [2024-10-16T12:54:40.520+0000] {dagbag.py:588} INFO - Filling up the DagBag from /home/airflow/.local/lib/python3.12/site-packages/airflow/example_dags/example_sla_dag.py
[2024-10-16T12:54:40.537+0000] {processor.py:925} INFO - DAG(s) 'example_sla_dag' retrieved from /home/airflow/.local/lib/python3.12/site-packages/airflow/example_dags/example_sla_dag.py
[2024-10-16T12:54:40.570+0000] {logging_mixin.py:190} INFO - [2024-10-16T12:54:40.569+0000] {dag.py:3239} INFO - Sync 1 DAGs
[2024-10-16T12:54:40.600+0000] {logging_mixin.py:190} INFO - [2024-10-16T12:54:40.599+0000] {dag.py:4180} INFO - Setting next_dagrun for example_sla_dag to 2024-10-16 12:52:00+00:00, run_after=2024-10-16 12:54:00+00:00
[2024-10-16T12:54:40.696+0000] {processor.py:208} INFO - Processing /home/airflow/.local/lib/python3.12/site-packages/airflow/example_dags/example_sla_dag.py took 0.199 seconds
[2024-10-16T12:55:11.160+0000] {processor.py:186} INFO - Started process (PID=659) to work on /home/airflow/.local/lib/python3.12/site-packages/airflow/example_dags/example_sla_dag.py
[2024-10-16T12:55:11.161+0000] {processor.py:914} INFO - Processing file /home/airflow/.local/lib/python3.12/site-packages/airflow/example_dags/example_sla_dag.py for tasks to queue
[2024-10-16T12:55:11.164+0000] {logging_mixin.py:190} INFO - [2024-10-16T12:55:11.163+0000] {dagbag.py:588} INFO - Filling up the DagBag from /home/airflow/.local/lib/python3.12/site-packages/airflow/example_dags/example_sla_dag.py
[2024-10-16T12:55:11.175+0000] {processor.py:925} INFO - DAG(s) 'example_sla_dag' retrieved from /home/airflow/.local/lib/python3.12/site-packages/airflow/example_dags/example_sla_dag.py
[2024-10-16T12:55:11.199+0000] {logging_mixin.py:190} INFO - [2024-10-16T12:55:11.199+0000] {dag.py:3239} INFO - Sync 1 DAGs
[2024-10-16T12:55:11.228+0000] {logging_mixin.py:190} INFO - [2024-10-16T12:55:11.228+0000] {dag.py:4180} INFO - Setting next_dagrun for example_sla_dag to 2024-10-16 12:52:00+00:00, run_after=2024-10-16 12:54:00+00:00
[2024-10-16T12:55:11.255+0000] {processor.py:208} INFO - Processing /home/airflow/.local/lib/python3.12/site-packages/airflow/example_dags/example_sla_dag.py took 0.102 seconds
[2024-10-16T12:55:41.897+0000] {processor.py:186} INFO - Started process (PID=721) to work on /home/airflow/.local/lib/python3.12/site-packages/airflow/example_dags/example_sla_dag.py
[2024-10-16T12:55:41.898+0000] {processor.py:914} INFO - Processing file /home/airflow/.local/lib/python3.12/site-packages/airflow/example_dags/example_sla_dag.py for tasks to queue
[2024-10-16T12:55:41.900+0000] {logging_mixin.py:190} INFO - [2024-10-16T12:55:41.900+0000] {dagbag.py:588} INFO - Filling up the DagBag from /home/airflow/.local/lib/python3.12/site-packages/airflow/example_dags/example_sla_dag.py
[2024-10-16T12:55:41.909+0000] {processor.py:925} INFO - DAG(s) 'example_sla_dag' retrieved from /home/airflow/.local/lib/python3.12/site-packages/airflow/example_dags/example_sla_dag.py
[2024-10-16T12:55:41.926+0000] {logging_mixin.py:190} INFO - [2024-10-16T12:55:41.926+0000] {dag.py:3239} INFO - Sync 1 DAGs
[2024-10-16T12:55:41.953+0000] {logging_mixin.py:190} INFO - [2024-10-16T12:55:41.953+0000] {dag.py:4180} INFO - Setting next_dagrun for example_sla_dag to 2024-10-16 12:52:00+00:00, run_after=2024-10-16 12:54:00+00:00
[2024-10-16T12:55:41.985+0000] {processor.py:208} INFO - Processing /home/airflow/.local/lib/python3.12/site-packages/airflow/example_dags/example_sla_dag.py took 0.093 seconds
[2024-10-16T12:56:12.792+0000] {processor.py:186} INFO - Started process (PID=783) to work on /home/airflow/.local/lib/python3.12/site-packages/airflow/example_dags/example_sla_dag.py
[2024-10-16T12:56:12.792+0000] {processor.py:914} INFO - Processing file /home/airflow/.local/lib/python3.12/site-packages/airflow/example_dags/example_sla_dag.py for tasks to queue
[2024-10-16T12:56:12.794+0000] {logging_mixin.py:190} INFO - [2024-10-16T12:56:12.794+0000] {dagbag.py:588} INFO - Filling up the DagBag from /home/airflow/.local/lib/python3.12/site-packages/airflow/example_dags/example_sla_dag.py
[2024-10-16T12:56:12.805+0000] {processor.py:925} INFO - DAG(s) 'example_sla_dag' retrieved from /home/airflow/.local/lib/python3.12/site-packages/airflow/example_dags/example_sla_dag.py
[2024-10-16T12:56:12.823+0000] {logging_mixin.py:190} INFO - [2024-10-16T12:56:12.823+0000] {dag.py:3239} INFO - Sync 1 DAGs
[2024-10-16T12:56:12.847+0000] {logging_mixin.py:190} INFO - [2024-10-16T12:56:12.846+0000] {dag.py:4180} INFO - Setting next_dagrun for example_sla_dag to 2024-10-16 12:54:00+00:00, run_after=2024-10-16 12:56:00+00:00
[2024-10-16T12:56:12.868+0000] {processor.py:208} INFO - Processing /home/airflow/.local/lib/python3.12/site-packages/airflow/example_dags/example_sla_dag.py took 0.081 seconds
[2024-10-16T12:56:43.133+0000] {processor.py:186} INFO - Started process (PID=845) to work on /home/airflow/.local/lib/python3.12/site-packages/airflow/example_dags/example_sla_dag.py
[2024-10-16T12:56:43.134+0000] {processor.py:914} INFO - Processing file /home/airflow/.local/lib/python3.12/site-packages/airflow/example_dags/example_sla_dag.py for tasks to queue
[2024-10-16T12:56:43.136+0000] {logging_mixin.py:190} INFO - [2024-10-16T12:56:43.136+0000] {dagbag.py:588} INFO - Filling up the DagBag from /home/airflow/.local/lib/python3.12/site-packages/airflow/example_dags/example_sla_dag.py
[2024-10-16T12:56:43.143+0000] {processor.py:925} INFO - DAG(s) 'example_sla_dag' retrieved from /home/airflow/.local/lib/python3.12/site-packages/airflow/example_dags/example_sla_dag.py
[2024-10-16T12:56:43.158+0000] {logging_mixin.py:190} INFO - [2024-10-16T12:56:43.157+0000] {dag.py:3239} INFO - Sync 1 DAGs
[2024-10-16T12:56:43.178+0000] {logging_mixin.py:190} INFO - [2024-10-16T12:56:43.177+0000] {dag.py:4180} INFO - Setting next_dagrun for example_sla_dag to 2024-10-16 12:54:00+00:00, run_after=2024-10-16 12:56:00+00:00
[2024-10-16T12:56:43.200+0000] {processor.py:208} INFO - Processing /home/airflow/.local/lib/python3.12/site-packages/airflow/example_dags/example_sla_dag.py took 0.071 seconds
[2024-10-16T12:57:14.050+0000] {processor.py:186} INFO - Started process (PID=907) to work on /home/airflow/.local/lib/python3.12/site-packages/airflow/example_dags/example_sla_dag.py
[2024-10-16T12:57:14.051+0000] {processor.py:914} INFO - Processing file /home/airflow/.local/lib/python3.12/site-packages/airflow/example_dags/example_sla_dag.py for tasks to queue
[2024-10-16T12:57:14.054+0000] {logging_mixin.py:190} INFO - [2024-10-16T12:57:14.053+0000] {dagbag.py:588} INFO - Filling up the DagBag from /home/airflow/.local/lib/python3.12/site-packages/airflow/example_dags/example_sla_dag.py
[2024-10-16T12:57:14.064+0000] {processor.py:925} INFO - DAG(s) 'example_sla_dag' retrieved from /home/airflow/.local/lib/python3.12/site-packages/airflow/example_dags/example_sla_dag.py
[2024-10-16T12:57:14.139+0000] {logging_mixin.py:190} INFO - [2024-10-16T12:57:14.139+0000] {dag.py:3239} INFO - Sync 1 DAGs
[2024-10-16T12:57:14.169+0000] {logging_mixin.py:190} INFO - [2024-10-16T12:57:14.168+0000] {dag.py:4180} INFO - Setting next_dagrun for example_sla_dag to 2024-10-16 12:54:00+00:00, run_after=2024-10-16 12:56:00+00:00
[2024-10-16T12:57:14.189+0000] {processor.py:208} INFO - Processing /home/airflow/.local/lib/python3.12/site-packages/airflow/example_dags/example_sla_dag.py took 0.145 seconds
[2024-10-16T12:57:44.623+0000] {processor.py:186} INFO - Started process (PID=969) to work on /home/airflow/.local/lib/python3.12/site-packages/airflow/example_dags/example_sla_dag.py
[2024-10-16T12:57:44.623+0000] {processor.py:914} INFO - Processing file /home/airflow/.local/lib/python3.12/site-packages/airflow/example_dags/example_sla_dag.py for tasks to queue
[2024-10-16T12:57:44.628+0000] {logging_mixin.py:190} INFO - [2024-10-16T12:57:44.628+0000] {dagbag.py:588} INFO - Filling up the DagBag from /home/airflow/.local/lib/python3.12/site-packages/airflow/example_dags/example_sla_dag.py
[2024-10-16T12:57:44.635+0000] {processor.py:925} INFO - DAG(s) 'example_sla_dag' retrieved from /home/airflow/.local/lib/python3.12/site-packages/airflow/example_dags/example_sla_dag.py
[2024-10-16T12:57:44.651+0000] {logging_mixin.py:190} INFO - [2024-10-16T12:57:44.651+0000] {dag.py:3239} INFO - Sync 1 DAGs
[2024-10-16T12:57:44.672+0000] {logging_mixin.py:190} INFO - [2024-10-16T12:57:44.672+0000] {dag.py:4180} INFO - Setting next_dagrun for example_sla_dag to 2024-10-16 12:54:00+00:00, run_after=2024-10-16 12:56:00+00:00
[2024-10-16T12:57:44.705+0000] {processor.py:208} INFO - Processing /home/airflow/.local/lib/python3.12/site-packages/airflow/example_dags/example_sla_dag.py took 0.087 seconds
[2024-10-16T12:58:15.591+0000] {processor.py:186} INFO - Started process (PID=1032) to work on /home/airflow/.local/lib/python3.12/site-packages/airflow/example_dags/example_sla_dag.py
[2024-10-16T12:58:15.592+0000] {processor.py:914} INFO - Processing file /home/airflow/.local/lib/python3.12/site-packages/airflow/example_dags/example_sla_dag.py for tasks to queue
[2024-10-16T12:58:15.599+0000] {logging_mixin.py:190} INFO - [2024-10-16T12:58:15.599+0000] {dagbag.py:588} INFO - Filling up the DagBag from /home/airflow/.local/lib/python3.12/site-packages/airflow/example_dags/example_sla_dag.py
[2024-10-16T12:58:15.612+0000] {processor.py:925} INFO - DAG(s) 'example_sla_dag' retrieved from /home/airflow/.local/lib/python3.12/site-packages/airflow/example_dags/example_sla_dag.py
[2024-10-16T12:58:15.640+0000] {logging_mixin.py:190} INFO - [2024-10-16T12:58:15.640+0000] {dag.py:3239} INFO - Sync 1 DAGs
[2024-10-16T12:58:15.675+0000] {logging_mixin.py:190} INFO - [2024-10-16T12:58:15.674+0000] {dag.py:4180} INFO - Setting next_dagrun for example_sla_dag to 2024-10-16 12:56:00+00:00, run_after=2024-10-16 12:58:00+00:00
[2024-10-16T12:58:15.702+0000] {processor.py:208} INFO - Processing /home/airflow/.local/lib/python3.12/site-packages/airflow/example_dags/example_sla_dag.py took 0.120 seconds
[2024-10-16T12:58:45.802+0000] {processor.py:186} INFO - Started process (PID=1094) to work on /home/airflow/.local/lib/python3.12/site-packages/airflow/example_dags/example_sla_dag.py
[2024-10-16T12:58:45.803+0000] {processor.py:914} INFO - Processing file /home/airflow/.local/lib/python3.12/site-packages/airflow/example_dags/example_sla_dag.py for tasks to queue
[2024-10-16T12:58:45.806+0000] {logging_mixin.py:190} INFO - [2024-10-16T12:58:45.805+0000] {dagbag.py:588} INFO - Filling up the DagBag from /home/airflow/.local/lib/python3.12/site-packages/airflow/example_dags/example_sla_dag.py
[2024-10-16T12:58:45.816+0000] {processor.py:925} INFO - DAG(s) 'example_sla_dag' retrieved from /home/airflow/.local/lib/python3.12/site-packages/airflow/example_dags/example_sla_dag.py
[2024-10-16T12:58:45.839+0000] {logging_mixin.py:190} INFO - [2024-10-16T12:58:45.838+0000] {dag.py:3239} INFO - Sync 1 DAGs
[2024-10-16T12:58:45.871+0000] {logging_mixin.py:190} INFO - [2024-10-16T12:58:45.871+0000] {dag.py:4180} INFO - Setting next_dagrun for example_sla_dag to 2024-10-16 12:56:00+00:00, run_after=2024-10-16 12:58:00+00:00
[2024-10-16T12:58:45.904+0000] {processor.py:208} INFO - Processing /home/airflow/.local/lib/python3.12/site-packages/airflow/example_dags/example_sla_dag.py took 0.109 seconds
[2024-10-16T12:59:16.144+0000] {processor.py:186} INFO - Started process (PID=1155) to work on /home/airflow/.local/lib/python3.12/site-packages/airflow/example_dags/example_sla_dag.py
[2024-10-16T12:59:16.145+0000] {processor.py:914} INFO - Processing file /home/airflow/.local/lib/python3.12/site-packages/airflow/example_dags/example_sla_dag.py for tasks to queue
[2024-10-16T12:59:16.147+0000] {logging_mixin.py:190} INFO - [2024-10-16T12:59:16.147+0000] {dagbag.py:588} INFO - Filling up the DagBag from /home/airflow/.local/lib/python3.12/site-packages/airflow/example_dags/example_sla_dag.py
[2024-10-16T12:59:16.168+0000] {processor.py:925} INFO - DAG(s) 'example_sla_dag' retrieved from /home/airflow/.local/lib/python3.12/site-packages/airflow/example_dags/example_sla_dag.py
[2024-10-16T12:59:16.221+0000] {logging_mixin.py:190} INFO - [2024-10-16T12:59:16.208+0000] {dag.py:3239} INFO - Sync 1 DAGs
[2024-10-16T12:59:16.275+0000] {logging_mixin.py:190} INFO - [2024-10-16T12:59:16.274+0000] {dag.py:4180} INFO - Setting next_dagrun for example_sla_dag to 2024-10-16 12:56:00+00:00, run_after=2024-10-16 12:58:00+00:00
[2024-10-16T12:59:16.318+0000] {processor.py:208} INFO - Processing /home/airflow/.local/lib/python3.12/site-packages/airflow/example_dags/example_sla_dag.py took 0.181 seconds
[2024-10-16T12:59:46.416+0000] {processor.py:186} INFO - Started process (PID=1223) to work on /home/airflow/.local/lib/python3.12/site-packages/airflow/example_dags/example_sla_dag.py
[2024-10-16T12:59:46.418+0000] {processor.py:914} INFO - Processing file /home/airflow/.local/lib/python3.12/site-packages/airflow/example_dags/example_sla_dag.py for tasks to queue
[2024-10-16T12:59:46.422+0000] {logging_mixin.py:190} INFO - [2024-10-16T12:59:46.421+0000] {dagbag.py:588} INFO - Filling up the DagBag from /home/airflow/.local/lib/python3.12/site-packages/airflow/example_dags/example_sla_dag.py
[2024-10-16T12:59:46.436+0000] {processor.py:925} INFO - DAG(s) 'example_sla_dag' retrieved from /home/airflow/.local/lib/python3.12/site-packages/airflow/example_dags/example_sla_dag.py
[2024-10-16T12:59:46.462+0000] {logging_mixin.py:190} INFO - [2024-10-16T12:59:46.462+0000] {dag.py:3239} INFO - Sync 1 DAGs
[2024-10-16T12:59:46.495+0000] {logging_mixin.py:190} INFO - [2024-10-16T12:59:46.494+0000] {dag.py:4180} INFO - Setting next_dagrun for example_sla_dag to 2024-10-16 12:56:00+00:00, run_after=2024-10-16 12:58:00+00:00
[2024-10-16T12:59:46.521+0000] {processor.py:208} INFO - Processing /home/airflow/.local/lib/python3.12/site-packages/airflow/example_dags/example_sla_dag.py took 0.117 seconds
[2024-10-16T13:00:16.904+0000] {processor.py:186} INFO - Started process (PID=1286) to work on /home/airflow/.local/lib/python3.12/site-packages/airflow/example_dags/example_sla_dag.py
[2024-10-16T13:00:16.905+0000] {processor.py:914} INFO - Processing file /home/airflow/.local/lib/python3.12/site-packages/airflow/example_dags/example_sla_dag.py for tasks to queue
[2024-10-16T13:00:16.908+0000] {logging_mixin.py:190} INFO - [2024-10-16T13:00:16.908+0000] {dagbag.py:588} INFO - Filling up the DagBag from /home/airflow/.local/lib/python3.12/site-packages/airflow/example_dags/example_sla_dag.py
[2024-10-16T13:00:16.919+0000] {processor.py:925} INFO - DAG(s) 'example_sla_dag' retrieved from /home/airflow/.local/lib/python3.12/site-packages/airflow/example_dags/example_sla_dag.py
[2024-10-16T13:00:16.942+0000] {logging_mixin.py:190} INFO - [2024-10-16T13:00:16.942+0000] {dag.py:3239} INFO - Sync 1 DAGs
[2024-10-16T13:00:16.970+0000] {logging_mixin.py:190} INFO - [2024-10-16T13:00:16.970+0000] {dag.py:4180} INFO - Setting next_dagrun for example_sla_dag to 2024-10-16 12:58:00+00:00, run_after=2024-10-16 13:00:00+00:00
[2024-10-16T13:00:16.996+0000] {processor.py:208} INFO - Processing /home/airflow/.local/lib/python3.12/site-packages/airflow/example_dags/example_sla_dag.py took 0.100 seconds
[2024-10-16T13:00:47.040+0000] {processor.py:186} INFO - Started process (PID=1348) to work on /home/airflow/.local/lib/python3.12/site-packages/airflow/example_dags/example_sla_dag.py
[2024-10-16T13:00:47.068+0000] {processor.py:914} INFO - Processing file /home/airflow/.local/lib/python3.12/site-packages/airflow/example_dags/example_sla_dag.py for tasks to queue
[2024-10-16T13:00:47.073+0000] {logging_mixin.py:190} INFO - [2024-10-16T13:00:47.072+0000] {dagbag.py:588} INFO - Filling up the DagBag from /home/airflow/.local/lib/python3.12/site-packages/airflow/example_dags/example_sla_dag.py
[2024-10-16T13:00:47.086+0000] {processor.py:925} INFO - DAG(s) 'example_sla_dag' retrieved from /home/airflow/.local/lib/python3.12/site-packages/airflow/example_dags/example_sla_dag.py
[2024-10-16T13:00:47.109+0000] {logging_mixin.py:190} INFO - [2024-10-16T13:00:47.109+0000] {dag.py:3239} INFO - Sync 1 DAGs
[2024-10-16T13:00:47.144+0000] {logging_mixin.py:190} INFO - [2024-10-16T13:00:47.144+0000] {dag.py:4180} INFO - Setting next_dagrun for example_sla_dag to 2024-10-16 12:58:00+00:00, run_after=2024-10-16 13:00:00+00:00
[2024-10-16T13:00:47.177+0000] {processor.py:208} INFO - Processing /home/airflow/.local/lib/python3.12/site-packages/airflow/example_dags/example_sla_dag.py took 0.145 seconds
[2024-10-16T13:01:17.446+0000] {processor.py:186} INFO - Started process (PID=1410) to work on /home/airflow/.local/lib/python3.12/site-packages/airflow/example_dags/example_sla_dag.py
[2024-10-16T13:01:17.447+0000] {processor.py:914} INFO - Processing file /home/airflow/.local/lib/python3.12/site-packages/airflow/example_dags/example_sla_dag.py for tasks to queue
[2024-10-16T13:01:17.449+0000] {logging_mixin.py:190} INFO - [2024-10-16T13:01:17.449+0000] {dagbag.py:588} INFO - Filling up the DagBag from /home/airflow/.local/lib/python3.12/site-packages/airflow/example_dags/example_sla_dag.py
[2024-10-16T13:01:17.459+0000] {processor.py:925} INFO - DAG(s) 'example_sla_dag' retrieved from /home/airflow/.local/lib/python3.12/site-packages/airflow/example_dags/example_sla_dag.py
[2024-10-16T13:01:17.483+0000] {logging_mixin.py:190} INFO - [2024-10-16T13:01:17.483+0000] {dag.py:3239} INFO - Sync 1 DAGs
[2024-10-16T13:01:17.511+0000] {logging_mixin.py:190} INFO - [2024-10-16T13:01:17.511+0000] {dag.py:4180} INFO - Setting next_dagrun for example_sla_dag to 2024-10-16 12:58:00+00:00, run_after=2024-10-16 13:00:00+00:00
[2024-10-16T13:01:17.536+0000] {processor.py:208} INFO - Processing /home/airflow/.local/lib/python3.12/site-packages/airflow/example_dags/example_sla_dag.py took 0.096 seconds
[2024-10-16T13:01:48.335+0000] {processor.py:186} INFO - Started process (PID=1471) to work on /home/airflow/.local/lib/python3.12/site-packages/airflow/example_dags/example_sla_dag.py
[2024-10-16T13:01:48.336+0000] {processor.py:914} INFO - Processing file /home/airflow/.local/lib/python3.12/site-packages/airflow/example_dags/example_sla_dag.py for tasks to queue
[2024-10-16T13:01:48.338+0000] {logging_mixin.py:190} INFO - [2024-10-16T13:01:48.338+0000] {dagbag.py:588} INFO - Filling up the DagBag from /home/airflow/.local/lib/python3.12/site-packages/airflow/example_dags/example_sla_dag.py
[2024-10-16T13:01:48.345+0000] {processor.py:925} INFO - DAG(s) 'example_sla_dag' retrieved from /home/airflow/.local/lib/python3.12/site-packages/airflow/example_dags/example_sla_dag.py
[2024-10-16T13:01:48.361+0000] {logging_mixin.py:190} INFO - [2024-10-16T13:01:48.361+0000] {dag.py:3239} INFO - Sync 1 DAGs
[2024-10-16T13:01:48.379+0000] {logging_mixin.py:190} INFO - [2024-10-16T13:01:48.379+0000] {dag.py:4180} INFO - Setting next_dagrun for example_sla_dag to 2024-10-16 12:58:00+00:00, run_after=2024-10-16 13:00:00+00:00
[2024-10-16T13:01:48.402+0000] {processor.py:208} INFO - Processing /home/airflow/.local/lib/python3.12/site-packages/airflow/example_dags/example_sla_dag.py took 0.073 seconds
[2024-10-16T13:02:19.174+0000] {processor.py:186} INFO - Started process (PID=1534) to work on /home/airflow/.local/lib/python3.12/site-packages/airflow/example_dags/example_sla_dag.py
[2024-10-16T13:02:19.176+0000] {processor.py:914} INFO - Processing file /home/airflow/.local/lib/python3.12/site-packages/airflow/example_dags/example_sla_dag.py for tasks to queue
[2024-10-16T13:02:19.179+0000] {logging_mixin.py:190} INFO - [2024-10-16T13:02:19.179+0000] {dagbag.py:588} INFO - Filling up the DagBag from /home/airflow/.local/lib/python3.12/site-packages/airflow/example_dags/example_sla_dag.py
[2024-10-16T13:02:19.193+0000] {processor.py:925} INFO - DAG(s) 'example_sla_dag' retrieved from /home/airflow/.local/lib/python3.12/site-packages/airflow/example_dags/example_sla_dag.py
[2024-10-16T13:02:19.223+0000] {logging_mixin.py:190} INFO - [2024-10-16T13:02:19.223+0000] {dag.py:3239} INFO - Sync 1 DAGs
[2024-10-16T13:02:19.257+0000] {logging_mixin.py:190} INFO - [2024-10-16T13:02:19.257+0000] {dag.py:4180} INFO - Setting next_dagrun for example_sla_dag to 2024-10-16 13:00:00+00:00, run_after=2024-10-16 13:02:00+00:00
[2024-10-16T13:02:19.290+0000] {processor.py:208} INFO - Processing /home/airflow/.local/lib/python3.12/site-packages/airflow/example_dags/example_sla_dag.py took 0.124 seconds
[2024-10-16T13:02:49.892+0000] {processor.py:186} INFO - Started process (PID=1596) to work on /home/airflow/.local/lib/python3.12/site-packages/airflow/example_dags/example_sla_dag.py
[2024-10-16T13:02:49.895+0000] {processor.py:914} INFO - Processing file /home/airflow/.local/lib/python3.12/site-packages/airflow/example_dags/example_sla_dag.py for tasks to queue
[2024-10-16T13:02:49.899+0000] {logging_mixin.py:190} INFO - [2024-10-16T13:02:49.898+0000] {dagbag.py:588} INFO - Filling up the DagBag from /home/airflow/.local/lib/python3.12/site-packages/airflow/example_dags/example_sla_dag.py
[2024-10-16T13:02:49.913+0000] {processor.py:925} INFO - DAG(s) 'example_sla_dag' retrieved from /home/airflow/.local/lib/python3.12/site-packages/airflow/example_dags/example_sla_dag.py
[2024-10-16T13:02:49.957+0000] {logging_mixin.py:190} INFO - [2024-10-16T13:02:49.956+0000] {dag.py:3239} INFO - Sync 1 DAGs
[2024-10-16T13:02:49.987+0000] {logging_mixin.py:190} INFO - [2024-10-16T13:02:49.987+0000] {dag.py:4180} INFO - Setting next_dagrun for example_sla_dag to 2024-10-16 13:00:00+00:00, run_after=2024-10-16 13:02:00+00:00
[2024-10-16T13:02:50.017+0000] {processor.py:208} INFO - Processing /home/airflow/.local/lib/python3.12/site-packages/airflow/example_dags/example_sla_dag.py took 0.135 seconds
[2024-10-16T13:03:21.386+0000] {processor.py:186} INFO - Started process (PID=1659) to work on /home/airflow/.local/lib/python3.12/site-packages/airflow/example_dags/example_sla_dag.py
[2024-10-16T13:03:21.388+0000] {processor.py:914} INFO - Processing file /home/airflow/.local/lib/python3.12/site-packages/airflow/example_dags/example_sla_dag.py for tasks to queue
[2024-10-16T13:03:21.391+0000] {logging_mixin.py:190} INFO - [2024-10-16T13:03:21.391+0000] {dagbag.py:588} INFO - Filling up the DagBag from /home/airflow/.local/lib/python3.12/site-packages/airflow/example_dags/example_sla_dag.py
[2024-10-16T13:03:21.402+0000] {processor.py:925} INFO - DAG(s) 'example_sla_dag' retrieved from /home/airflow/.local/lib/python3.12/site-packages/airflow/example_dags/example_sla_dag.py
[2024-10-16T13:03:21.428+0000] {logging_mixin.py:190} INFO - [2024-10-16T13:03:21.427+0000] {dag.py:3239} INFO - Sync 1 DAGs
[2024-10-16T13:03:21.468+0000] {logging_mixin.py:190} INFO - [2024-10-16T13:03:21.468+0000] {dag.py:4180} INFO - Setting next_dagrun for example_sla_dag to 2024-10-16 13:00:00+00:00, run_after=2024-10-16 13:02:00+00:00
[2024-10-16T13:03:21.497+0000] {processor.py:208} INFO - Processing /home/airflow/.local/lib/python3.12/site-packages/airflow/example_dags/example_sla_dag.py took 0.120 seconds
[2024-10-16T13:03:52.147+0000] {processor.py:186} INFO - Started process (PID=1721) to work on /home/airflow/.local/lib/python3.12/site-packages/airflow/example_dags/example_sla_dag.py
[2024-10-16T13:03:52.148+0000] {processor.py:914} INFO - Processing file /home/airflow/.local/lib/python3.12/site-packages/airflow/example_dags/example_sla_dag.py for tasks to queue
[2024-10-16T13:03:52.152+0000] {logging_mixin.py:190} INFO - [2024-10-16T13:03:52.151+0000] {dagbag.py:588} INFO - Filling up the DagBag from /home/airflow/.local/lib/python3.12/site-packages/airflow/example_dags/example_sla_dag.py
[2024-10-16T13:03:52.165+0000] {processor.py:925} INFO - DAG(s) 'example_sla_dag' retrieved from /home/airflow/.local/lib/python3.12/site-packages/airflow/example_dags/example_sla_dag.py
[2024-10-16T13:03:52.189+0000] {logging_mixin.py:190} INFO - [2024-10-16T13:03:52.189+0000] {dag.py:3239} INFO - Sync 1 DAGs
[2024-10-16T13:03:52.221+0000] {logging_mixin.py:190} INFO - [2024-10-16T13:03:52.220+0000] {dag.py:4180} INFO - Setting next_dagrun for example_sla_dag to 2024-10-16 13:00:00+00:00, run_after=2024-10-16 13:02:00+00:00
[2024-10-16T13:03:52.249+0000] {processor.py:208} INFO - Processing /home/airflow/.local/lib/python3.12/site-packages/airflow/example_dags/example_sla_dag.py took 0.111 seconds
[2024-10-16T13:04:22.655+0000] {processor.py:186} INFO - Started process (PID=1783) to work on /home/airflow/.local/lib/python3.12/site-packages/airflow/example_dags/example_sla_dag.py
[2024-10-16T13:04:22.657+0000] {processor.py:914} INFO - Processing file /home/airflow/.local/lib/python3.12/site-packages/airflow/example_dags/example_sla_dag.py for tasks to queue
[2024-10-16T13:04:22.660+0000] {logging_mixin.py:190} INFO - [2024-10-16T13:04:22.660+0000] {dagbag.py:588} INFO - Filling up the DagBag from /home/airflow/.local/lib/python3.12/site-packages/airflow/example_dags/example_sla_dag.py
[2024-10-16T13:04:22.671+0000] {processor.py:925} INFO - DAG(s) 'example_sla_dag' retrieved from /home/airflow/.local/lib/python3.12/site-packages/airflow/example_dags/example_sla_dag.py
[2024-10-16T13:04:22.694+0000] {logging_mixin.py:190} INFO - [2024-10-16T13:04:22.694+0000] {dag.py:3239} INFO - Sync 1 DAGs
[2024-10-16T13:04:22.726+0000] {logging_mixin.py:190} INFO - [2024-10-16T13:04:22.726+0000] {dag.py:4180} INFO - Setting next_dagrun for example_sla_dag to 2024-10-16 13:02:00+00:00, run_after=2024-10-16 13:04:00+00:00
[2024-10-16T13:04:22.747+0000] {processor.py:208} INFO - Processing /home/airflow/.local/lib/python3.12/site-packages/airflow/example_dags/example_sla_dag.py took 0.098 seconds
[2024-10-16T13:08:07.093+0000] {processor.py:186} INFO - Started process (PID=100) to work on /home/airflow/.local/lib/python3.12/site-packages/airflow/example_dags/example_sla_dag.py
[2024-10-16T13:08:07.096+0000] {processor.py:914} INFO - Processing file /home/airflow/.local/lib/python3.12/site-packages/airflow/example_dags/example_sla_dag.py for tasks to queue
[2024-10-16T13:08:07.099+0000] {logging_mixin.py:190} INFO - [2024-10-16T13:08:07.098+0000] {dagbag.py:588} INFO - Filling up the DagBag from /home/airflow/.local/lib/python3.12/site-packages/airflow/example_dags/example_sla_dag.py
[2024-10-16T13:08:07.113+0000] {processor.py:925} INFO - DAG(s) 'example_sla_dag' retrieved from /home/airflow/.local/lib/python3.12/site-packages/airflow/example_dags/example_sla_dag.py
[2024-10-16T13:08:07.242+0000] {logging_mixin.py:190} INFO - [2024-10-16T13:08:07.241+0000] {override.py:1900} INFO - Created Permission View: can read on DAG:example_sla_dag
[2024-10-16T13:08:07.252+0000] {logging_mixin.py:190} INFO - [2024-10-16T13:08:07.252+0000] {override.py:1900} INFO - Created Permission View: can delete on DAG:example_sla_dag
[2024-10-16T13:08:07.259+0000] {logging_mixin.py:190} INFO - [2024-10-16T13:08:07.259+0000] {override.py:1900} INFO - Created Permission View: can edit on DAG:example_sla_dag
[2024-10-16T13:08:07.267+0000] {logging_mixin.py:190} INFO - [2024-10-16T13:08:07.267+0000] {override.py:1900} INFO - Created Permission View: can create on DAG Run:example_sla_dag
[2024-10-16T13:08:07.275+0000] {logging_mixin.py:190} INFO - [2024-10-16T13:08:07.275+0000] {override.py:1900} INFO - Created Permission View: menu access on DAG Run:example_sla_dag
[2024-10-16T13:08:07.282+0000] {logging_mixin.py:190} INFO - [2024-10-16T13:08:07.282+0000] {override.py:1900} INFO - Created Permission View: can read on DAG Run:example_sla_dag
[2024-10-16T13:08:07.289+0000] {logging_mixin.py:190} INFO - [2024-10-16T13:08:07.289+0000] {override.py:1900} INFO - Created Permission View: can delete on DAG Run:example_sla_dag
[2024-10-16T13:08:07.290+0000] {logging_mixin.py:190} INFO - [2024-10-16T13:08:07.290+0000] {dag.py:3239} INFO - Sync 1 DAGs
[2024-10-16T13:08:07.316+0000] {logging_mixin.py:190} INFO - [2024-10-16T13:08:07.316+0000] {dag.py:3262} INFO - Creating ORM DAG for example_sla_dag
[2024-10-16T13:08:07.337+0000] {logging_mixin.py:190} INFO - [2024-10-16T13:08:07.337+0000] {dag.py:4180} INFO - Setting next_dagrun for example_sla_dag to 2024-10-16 13:06:00+00:00, run_after=2024-10-16 13:08:00+00:00
[2024-10-16T13:08:07.361+0000] {processor.py:208} INFO - Processing /home/airflow/.local/lib/python3.12/site-packages/airflow/example_dags/example_sla_dag.py took 0.275 seconds
[2024-10-16T13:08:38.280+0000] {processor.py:186} INFO - Started process (PID=163) to work on /home/airflow/.local/lib/python3.12/site-packages/airflow/example_dags/example_sla_dag.py
[2024-10-16T13:08:38.284+0000] {processor.py:914} INFO - Processing file /home/airflow/.local/lib/python3.12/site-packages/airflow/example_dags/example_sla_dag.py for tasks to queue
[2024-10-16T13:08:38.289+0000] {logging_mixin.py:190} INFO - [2024-10-16T13:08:38.289+0000] {dagbag.py:588} INFO - Filling up the DagBag from /home/airflow/.local/lib/python3.12/site-packages/airflow/example_dags/example_sla_dag.py
[2024-10-16T13:08:38.306+0000] {processor.py:925} INFO - DAG(s) 'example_sla_dag' retrieved from /home/airflow/.local/lib/python3.12/site-packages/airflow/example_dags/example_sla_dag.py
[2024-10-16T13:08:38.346+0000] {logging_mixin.py:190} INFO - [2024-10-16T13:08:38.345+0000] {dag.py:3239} INFO - Sync 1 DAGs
[2024-10-16T13:08:38.390+0000] {logging_mixin.py:190} INFO - [2024-10-16T13:08:38.390+0000] {dag.py:4180} INFO - Setting next_dagrun for example_sla_dag to 2024-10-16 13:06:00+00:00, run_after=2024-10-16 13:08:00+00:00
[2024-10-16T13:08:38.433+0000] {processor.py:208} INFO - Processing /home/airflow/.local/lib/python3.12/site-packages/airflow/example_dags/example_sla_dag.py took 0.163 seconds
[2024-10-16T13:09:08.526+0000] {processor.py:186} INFO - Started process (PID=225) to work on /home/airflow/.local/lib/python3.12/site-packages/airflow/example_dags/example_sla_dag.py
[2024-10-16T13:09:08.528+0000] {processor.py:914} INFO - Processing file /home/airflow/.local/lib/python3.12/site-packages/airflow/example_dags/example_sla_dag.py for tasks to queue
[2024-10-16T13:09:08.531+0000] {logging_mixin.py:190} INFO - [2024-10-16T13:09:08.531+0000] {dagbag.py:588} INFO - Filling up the DagBag from /home/airflow/.local/lib/python3.12/site-packages/airflow/example_dags/example_sla_dag.py
[2024-10-16T13:09:08.547+0000] {processor.py:925} INFO - DAG(s) 'example_sla_dag' retrieved from /home/airflow/.local/lib/python3.12/site-packages/airflow/example_dags/example_sla_dag.py
[2024-10-16T13:09:08.575+0000] {logging_mixin.py:190} INFO - [2024-10-16T13:09:08.574+0000] {dag.py:3239} INFO - Sync 1 DAGs
[2024-10-16T13:09:08.615+0000] {logging_mixin.py:190} INFO - [2024-10-16T13:09:08.614+0000] {dag.py:4180} INFO - Setting next_dagrun for example_sla_dag to 2024-10-16 13:06:00+00:00, run_after=2024-10-16 13:08:00+00:00
[2024-10-16T13:09:08.664+0000] {processor.py:208} INFO - Processing /home/airflow/.local/lib/python3.12/site-packages/airflow/example_dags/example_sla_dag.py took 0.147 seconds
[2024-10-16T13:09:38.821+0000] {processor.py:186} INFO - Started process (PID=288) to work on /home/airflow/.local/lib/python3.12/site-packages/airflow/example_dags/example_sla_dag.py
[2024-10-16T13:09:38.823+0000] {processor.py:914} INFO - Processing file /home/airflow/.local/lib/python3.12/site-packages/airflow/example_dags/example_sla_dag.py for tasks to queue
[2024-10-16T13:09:38.827+0000] {logging_mixin.py:190} INFO - [2024-10-16T13:09:38.826+0000] {dagbag.py:588} INFO - Filling up the DagBag from /home/airflow/.local/lib/python3.12/site-packages/airflow/example_dags/example_sla_dag.py
[2024-10-16T13:09:38.839+0000] {processor.py:925} INFO - DAG(s) 'example_sla_dag' retrieved from /home/airflow/.local/lib/python3.12/site-packages/airflow/example_dags/example_sla_dag.py
[2024-10-16T13:09:38.864+0000] {logging_mixin.py:190} INFO - [2024-10-16T13:09:38.864+0000] {dag.py:3239} INFO - Sync 1 DAGs
[2024-10-16T13:09:38.896+0000] {logging_mixin.py:190} INFO - [2024-10-16T13:09:38.895+0000] {dag.py:4180} INFO - Setting next_dagrun for example_sla_dag to 2024-10-16 13:06:00+00:00, run_after=2024-10-16 13:08:00+00:00
[2024-10-16T13:09:38.924+0000] {processor.py:208} INFO - Processing /home/airflow/.local/lib/python3.12/site-packages/airflow/example_dags/example_sla_dag.py took 0.113 seconds
[2024-10-16T13:10:08.989+0000] {processor.py:186} INFO - Started process (PID=351) to work on /home/airflow/.local/lib/python3.12/site-packages/airflow/example_dags/example_sla_dag.py
[2024-10-16T13:10:08.990+0000] {processor.py:914} INFO - Processing file /home/airflow/.local/lib/python3.12/site-packages/airflow/example_dags/example_sla_dag.py for tasks to queue
[2024-10-16T13:10:08.993+0000] {logging_mixin.py:190} INFO - [2024-10-16T13:10:08.993+0000] {dagbag.py:588} INFO - Filling up the DagBag from /home/airflow/.local/lib/python3.12/site-packages/airflow/example_dags/example_sla_dag.py
[2024-10-16T13:10:09.006+0000] {processor.py:925} INFO - DAG(s) 'example_sla_dag' retrieved from /home/airflow/.local/lib/python3.12/site-packages/airflow/example_dags/example_sla_dag.py
[2024-10-16T13:10:09.029+0000] {logging_mixin.py:190} INFO - [2024-10-16T13:10:09.028+0000] {dag.py:3239} INFO - Sync 1 DAGs
[2024-10-16T13:10:09.065+0000] {logging_mixin.py:190} INFO - [2024-10-16T13:10:09.064+0000] {dag.py:4180} INFO - Setting next_dagrun for example_sla_dag to 2024-10-16 13:08:00+00:00, run_after=2024-10-16 13:10:00+00:00
[2024-10-16T13:10:09.096+0000] {processor.py:208} INFO - Processing /home/airflow/.local/lib/python3.12/site-packages/airflow/example_dags/example_sla_dag.py took 0.116 seconds
[2024-10-16T13:10:39.364+0000] {processor.py:186} INFO - Started process (PID=414) to work on /home/airflow/.local/lib/python3.12/site-packages/airflow/example_dags/example_sla_dag.py
[2024-10-16T13:10:39.365+0000] {processor.py:914} INFO - Processing file /home/airflow/.local/lib/python3.12/site-packages/airflow/example_dags/example_sla_dag.py for tasks to queue
[2024-10-16T13:10:39.367+0000] {logging_mixin.py:190} INFO - [2024-10-16T13:10:39.367+0000] {dagbag.py:588} INFO - Filling up the DagBag from /home/airflow/.local/lib/python3.12/site-packages/airflow/example_dags/example_sla_dag.py
[2024-10-16T13:10:39.376+0000] {processor.py:925} INFO - DAG(s) 'example_sla_dag' retrieved from /home/airflow/.local/lib/python3.12/site-packages/airflow/example_dags/example_sla_dag.py
[2024-10-16T13:10:39.395+0000] {logging_mixin.py:190} INFO - [2024-10-16T13:10:39.395+0000] {dag.py:3239} INFO - Sync 1 DAGs
[2024-10-16T13:10:39.418+0000] {logging_mixin.py:190} INFO - [2024-10-16T13:10:39.418+0000] {dag.py:4180} INFO - Setting next_dagrun for example_sla_dag to 2024-10-16 13:08:00+00:00, run_after=2024-10-16 13:10:00+00:00
[2024-10-16T13:10:39.441+0000] {processor.py:208} INFO - Processing /home/airflow/.local/lib/python3.12/site-packages/airflow/example_dags/example_sla_dag.py took 0.082 seconds
[2024-10-16T13:11:10.309+0000] {processor.py:186} INFO - Started process (PID=477) to work on /home/airflow/.local/lib/python3.12/site-packages/airflow/example_dags/example_sla_dag.py
[2024-10-16T13:11:10.310+0000] {processor.py:914} INFO - Processing file /home/airflow/.local/lib/python3.12/site-packages/airflow/example_dags/example_sla_dag.py for tasks to queue
[2024-10-16T13:11:10.312+0000] {logging_mixin.py:190} INFO - [2024-10-16T13:11:10.312+0000] {dagbag.py:588} INFO - Filling up the DagBag from /home/airflow/.local/lib/python3.12/site-packages/airflow/example_dags/example_sla_dag.py
[2024-10-16T13:11:10.320+0000] {processor.py:925} INFO - DAG(s) 'example_sla_dag' retrieved from /home/airflow/.local/lib/python3.12/site-packages/airflow/example_dags/example_sla_dag.py
[2024-10-16T13:11:10.339+0000] {logging_mixin.py:190} INFO - [2024-10-16T13:11:10.338+0000] {dag.py:3239} INFO - Sync 1 DAGs
[2024-10-16T13:11:10.364+0000] {logging_mixin.py:190} INFO - [2024-10-16T13:11:10.364+0000] {dag.py:4180} INFO - Setting next_dagrun for example_sla_dag to 2024-10-16 13:08:00+00:00, run_after=2024-10-16 13:10:00+00:00
[2024-10-16T13:11:10.386+0000] {processor.py:208} INFO - Processing /home/airflow/.local/lib/python3.12/site-packages/airflow/example_dags/example_sla_dag.py took 0.083 seconds
[2024-10-16T13:12:47.052+0000] {processor.py:186} INFO - Started process (PID=99) to work on /home/airflow/.local/lib/python3.12/site-packages/airflow/example_dags/example_sla_dag.py
[2024-10-16T13:12:47.053+0000] {processor.py:914} INFO - Processing file /home/airflow/.local/lib/python3.12/site-packages/airflow/example_dags/example_sla_dag.py for tasks to queue
[2024-10-16T13:12:47.055+0000] {logging_mixin.py:190} INFO - [2024-10-16T13:12:47.055+0000] {dagbag.py:588} INFO - Filling up the DagBag from /home/airflow/.local/lib/python3.12/site-packages/airflow/example_dags/example_sla_dag.py
[2024-10-16T13:12:47.063+0000] {processor.py:925} INFO - DAG(s) 'example_sla_dag' retrieved from /home/airflow/.local/lib/python3.12/site-packages/airflow/example_dags/example_sla_dag.py
[2024-10-16T13:12:47.149+0000] {logging_mixin.py:190} INFO - [2024-10-16T13:12:47.149+0000] {override.py:1900} INFO - Created Permission View: can read on DAG:example_sla_dag
[2024-10-16T13:12:47.157+0000] {logging_mixin.py:190} INFO - [2024-10-16T13:12:47.157+0000] {override.py:1900} INFO - Created Permission View: can edit on DAG:example_sla_dag
[2024-10-16T13:12:47.162+0000] {logging_mixin.py:190} INFO - [2024-10-16T13:12:47.162+0000] {override.py:1900} INFO - Created Permission View: can delete on DAG:example_sla_dag
[2024-10-16T13:12:47.168+0000] {logging_mixin.py:190} INFO - [2024-10-16T13:12:47.168+0000] {override.py:1900} INFO - Created Permission View: can read on DAG Run:example_sla_dag
[2024-10-16T13:12:47.176+0000] {logging_mixin.py:190} INFO - [2024-10-16T13:12:47.176+0000] {override.py:1900} INFO - Created Permission View: menu access on DAG Run:example_sla_dag
[2024-10-16T13:12:47.183+0000] {logging_mixin.py:190} INFO - [2024-10-16T13:12:47.183+0000] {override.py:1900} INFO - Created Permission View: can delete on DAG Run:example_sla_dag
[2024-10-16T13:12:47.191+0000] {logging_mixin.py:190} INFO - [2024-10-16T13:12:47.191+0000] {override.py:1900} INFO - Created Permission View: can create on DAG Run:example_sla_dag
[2024-10-16T13:12:47.192+0000] {logging_mixin.py:190} INFO - [2024-10-16T13:12:47.192+0000] {dag.py:3239} INFO - Sync 1 DAGs
[2024-10-16T13:12:47.206+0000] {logging_mixin.py:190} INFO - [2024-10-16T13:12:47.205+0000] {dag.py:3262} INFO - Creating ORM DAG for example_sla_dag
[2024-10-16T13:12:47.215+0000] {logging_mixin.py:190} INFO - [2024-10-16T13:12:47.215+0000] {dag.py:4180} INFO - Setting next_dagrun for example_sla_dag to 2024-10-16 13:10:00+00:00, run_after=2024-10-16 13:12:00+00:00
[2024-10-16T13:12:47.231+0000] {processor.py:208} INFO - Processing /home/airflow/.local/lib/python3.12/site-packages/airflow/example_dags/example_sla_dag.py took 0.183 seconds
[2024-10-16T13:13:18.153+0000] {processor.py:186} INFO - Started process (PID=162) to work on /home/airflow/.local/lib/python3.12/site-packages/airflow/example_dags/example_sla_dag.py
[2024-10-16T13:13:18.155+0000] {processor.py:914} INFO - Processing file /home/airflow/.local/lib/python3.12/site-packages/airflow/example_dags/example_sla_dag.py for tasks to queue
[2024-10-16T13:13:18.158+0000] {logging_mixin.py:190} INFO - [2024-10-16T13:13:18.157+0000] {dagbag.py:588} INFO - Filling up the DagBag from /home/airflow/.local/lib/python3.12/site-packages/airflow/example_dags/example_sla_dag.py
[2024-10-16T13:13:18.170+0000] {processor.py:925} INFO - DAG(s) 'example_sla_dag' retrieved from /home/airflow/.local/lib/python3.12/site-packages/airflow/example_dags/example_sla_dag.py
[2024-10-16T13:13:18.200+0000] {logging_mixin.py:190} INFO - [2024-10-16T13:13:18.200+0000] {dag.py:3239} INFO - Sync 1 DAGs
[2024-10-16T13:13:18.233+0000] {logging_mixin.py:190} INFO - [2024-10-16T13:13:18.233+0000] {dag.py:4180} INFO - Setting next_dagrun for example_sla_dag to 2024-10-16 13:10:00+00:00, run_after=2024-10-16 13:12:00+00:00
[2024-10-16T13:13:18.264+0000] {processor.py:208} INFO - Processing /home/airflow/.local/lib/python3.12/site-packages/airflow/example_dags/example_sla_dag.py took 0.120 seconds
[2024-10-16T13:14:48.296+0000] {processor.py:186} INFO - Started process (PID=101) to work on /home/airflow/.local/lib/python3.12/site-packages/airflow/example_dags/example_sla_dag.py
[2024-10-16T13:14:48.297+0000] {processor.py:914} INFO - Processing file /home/airflow/.local/lib/python3.12/site-packages/airflow/example_dags/example_sla_dag.py for tasks to queue
[2024-10-16T13:14:48.300+0000] {logging_mixin.py:190} INFO - [2024-10-16T13:14:48.299+0000] {dagbag.py:588} INFO - Filling up the DagBag from /home/airflow/.local/lib/python3.12/site-packages/airflow/example_dags/example_sla_dag.py
[2024-10-16T13:14:48.309+0000] {processor.py:925} INFO - DAG(s) 'example_sla_dag' retrieved from /home/airflow/.local/lib/python3.12/site-packages/airflow/example_dags/example_sla_dag.py
[2024-10-16T13:14:48.400+0000] {logging_mixin.py:190} INFO - [2024-10-16T13:14:48.399+0000] {override.py:1900} INFO - Created Permission View: can read on DAG:example_sla_dag
[2024-10-16T13:14:48.411+0000] {logging_mixin.py:190} INFO - [2024-10-16T13:14:48.410+0000] {override.py:1900} INFO - Created Permission View: can delete on DAG:example_sla_dag
[2024-10-16T13:14:48.417+0000] {logging_mixin.py:190} INFO - [2024-10-16T13:14:48.417+0000] {override.py:1900} INFO - Created Permission View: can edit on DAG:example_sla_dag
[2024-10-16T13:14:48.425+0000] {logging_mixin.py:190} INFO - [2024-10-16T13:14:48.424+0000] {override.py:1900} INFO - Created Permission View: can read on DAG Run:example_sla_dag
[2024-10-16T13:14:48.432+0000] {logging_mixin.py:190} INFO - [2024-10-16T13:14:48.431+0000] {override.py:1900} INFO - Created Permission View: can create on DAG Run:example_sla_dag
[2024-10-16T13:14:48.439+0000] {logging_mixin.py:190} INFO - [2024-10-16T13:14:48.439+0000] {override.py:1900} INFO - Created Permission View: can delete on DAG Run:example_sla_dag
[2024-10-16T13:14:48.446+0000] {logging_mixin.py:190} INFO - [2024-10-16T13:14:48.446+0000] {override.py:1900} INFO - Created Permission View: menu access on DAG Run:example_sla_dag
[2024-10-16T13:14:48.447+0000] {logging_mixin.py:190} INFO - [2024-10-16T13:14:48.447+0000] {dag.py:3239} INFO - Sync 1 DAGs
[2024-10-16T13:14:48.459+0000] {logging_mixin.py:190} INFO - [2024-10-16T13:14:48.459+0000] {dag.py:3262} INFO - Creating ORM DAG for example_sla_dag
[2024-10-16T13:14:48.469+0000] {logging_mixin.py:190} INFO - [2024-10-16T13:14:48.469+0000] {dag.py:4180} INFO - Setting next_dagrun for example_sla_dag to 2024-10-16 13:12:00+00:00, run_after=2024-10-16 13:14:00+00:00
[2024-10-16T13:14:48.482+0000] {processor.py:208} INFO - Processing /home/airflow/.local/lib/python3.12/site-packages/airflow/example_dags/example_sla_dag.py took 0.191 seconds
[2024-10-16T13:16:17.826+0000] {processor.py:186} INFO - Started process (PID=100) to work on /home/airflow/.local/lib/python3.12/site-packages/airflow/example_dags/example_sla_dag.py
[2024-10-16T13:16:17.828+0000] {processor.py:914} INFO - Processing file /home/airflow/.local/lib/python3.12/site-packages/airflow/example_dags/example_sla_dag.py for tasks to queue
[2024-10-16T13:16:17.830+0000] {logging_mixin.py:190} INFO - [2024-10-16T13:16:17.830+0000] {dagbag.py:588} INFO - Filling up the DagBag from /home/airflow/.local/lib/python3.12/site-packages/airflow/example_dags/example_sla_dag.py
[2024-10-16T13:16:17.840+0000] {processor.py:925} INFO - DAG(s) 'example_sla_dag' retrieved from /home/airflow/.local/lib/python3.12/site-packages/airflow/example_dags/example_sla_dag.py
[2024-10-16T13:16:17.924+0000] {logging_mixin.py:190} INFO - [2024-10-16T13:16:17.923+0000] {override.py:1900} INFO - Created Permission View: can edit on DAG:example_sla_dag
[2024-10-16T13:16:17.931+0000] {logging_mixin.py:190} INFO - [2024-10-16T13:16:17.931+0000] {override.py:1900} INFO - Created Permission View: can read on DAG:example_sla_dag
[2024-10-16T13:16:17.937+0000] {logging_mixin.py:190} INFO - [2024-10-16T13:16:17.936+0000] {override.py:1900} INFO - Created Permission View: can delete on DAG:example_sla_dag
[2024-10-16T13:16:17.943+0000] {logging_mixin.py:190} INFO - [2024-10-16T13:16:17.943+0000] {override.py:1900} INFO - Created Permission View: menu access on DAG Run:example_sla_dag
[2024-10-16T13:16:17.949+0000] {logging_mixin.py:190} INFO - [2024-10-16T13:16:17.949+0000] {override.py:1900} INFO - Created Permission View: can read on DAG Run:example_sla_dag
[2024-10-16T13:16:17.955+0000] {logging_mixin.py:190} INFO - [2024-10-16T13:16:17.954+0000] {override.py:1900} INFO - Created Permission View: can create on DAG Run:example_sla_dag
[2024-10-16T13:16:17.964+0000] {logging_mixin.py:190} INFO - [2024-10-16T13:16:17.963+0000] {override.py:1900} INFO - Created Permission View: can delete on DAG Run:example_sla_dag
[2024-10-16T13:16:17.965+0000] {logging_mixin.py:190} INFO - [2024-10-16T13:16:17.965+0000] {dag.py:3239} INFO - Sync 1 DAGs
[2024-10-16T13:16:17.980+0000] {logging_mixin.py:190} INFO - [2024-10-16T13:16:17.980+0000] {dag.py:3262} INFO - Creating ORM DAG for example_sla_dag
[2024-10-16T13:16:17.991+0000] {logging_mixin.py:190} INFO - [2024-10-16T13:16:17.991+0000] {dag.py:4180} INFO - Setting next_dagrun for example_sla_dag to 2024-10-16 13:14:00+00:00, run_after=2024-10-16 13:16:00+00:00
[2024-10-16T13:16:18.007+0000] {processor.py:208} INFO - Processing /home/airflow/.local/lib/python3.12/site-packages/airflow/example_dags/example_sla_dag.py took 0.188 seconds
[2024-10-16T13:16:48.575+0000] {processor.py:186} INFO - Started process (PID=163) to work on /home/airflow/.local/lib/python3.12/site-packages/airflow/example_dags/example_sla_dag.py
[2024-10-16T13:16:48.578+0000] {processor.py:914} INFO - Processing file /home/airflow/.local/lib/python3.12/site-packages/airflow/example_dags/example_sla_dag.py for tasks to queue
[2024-10-16T13:16:48.581+0000] {logging_mixin.py:190} INFO - [2024-10-16T13:16:48.580+0000] {dagbag.py:588} INFO - Filling up the DagBag from /home/airflow/.local/lib/python3.12/site-packages/airflow/example_dags/example_sla_dag.py
[2024-10-16T13:16:48.600+0000] {processor.py:925} INFO - DAG(s) 'example_sla_dag' retrieved from /home/airflow/.local/lib/python3.12/site-packages/airflow/example_dags/example_sla_dag.py
[2024-10-16T13:16:48.626+0000] {logging_mixin.py:190} INFO - [2024-10-16T13:16:48.626+0000] {dag.py:3239} INFO - Sync 1 DAGs
[2024-10-16T13:16:48.671+0000] {logging_mixin.py:190} INFO - [2024-10-16T13:16:48.670+0000] {dag.py:4180} INFO - Setting next_dagrun for example_sla_dag to 2024-10-16 13:14:00+00:00, run_after=2024-10-16 13:16:00+00:00
[2024-10-16T13:16:48.705+0000] {processor.py:208} INFO - Processing /home/airflow/.local/lib/python3.12/site-packages/airflow/example_dags/example_sla_dag.py took 0.139 seconds
[2024-10-16T13:17:19.111+0000] {processor.py:186} INFO - Started process (PID=226) to work on /home/airflow/.local/lib/python3.12/site-packages/airflow/example_dags/example_sla_dag.py
[2024-10-16T13:17:19.113+0000] {processor.py:914} INFO - Processing file /home/airflow/.local/lib/python3.12/site-packages/airflow/example_dags/example_sla_dag.py for tasks to queue
[2024-10-16T13:17:19.115+0000] {logging_mixin.py:190} INFO - [2024-10-16T13:17:19.115+0000] {dagbag.py:588} INFO - Filling up the DagBag from /home/airflow/.local/lib/python3.12/site-packages/airflow/example_dags/example_sla_dag.py
[2024-10-16T13:17:19.125+0000] {processor.py:925} INFO - DAG(s) 'example_sla_dag' retrieved from /home/airflow/.local/lib/python3.12/site-packages/airflow/example_dags/example_sla_dag.py
[2024-10-16T13:17:19.148+0000] {logging_mixin.py:190} INFO - [2024-10-16T13:17:19.147+0000] {dag.py:3239} INFO - Sync 1 DAGs
[2024-10-16T13:17:19.184+0000] {logging_mixin.py:190} INFO - [2024-10-16T13:17:19.183+0000] {dag.py:4180} INFO - Setting next_dagrun for example_sla_dag to 2024-10-16 13:14:00+00:00, run_after=2024-10-16 13:16:00+00:00
[2024-10-16T13:17:19.210+0000] {processor.py:208} INFO - Processing /home/airflow/.local/lib/python3.12/site-packages/airflow/example_dags/example_sla_dag.py took 0.106 seconds
[2024-10-16T13:17:49.945+0000] {processor.py:186} INFO - Started process (PID=289) to work on /home/airflow/.local/lib/python3.12/site-packages/airflow/example_dags/example_sla_dag.py
[2024-10-16T13:17:49.946+0000] {processor.py:914} INFO - Processing file /home/airflow/.local/lib/python3.12/site-packages/airflow/example_dags/example_sla_dag.py for tasks to queue
[2024-10-16T13:17:49.948+0000] {logging_mixin.py:190} INFO - [2024-10-16T13:17:49.948+0000] {dagbag.py:588} INFO - Filling up the DagBag from /home/airflow/.local/lib/python3.12/site-packages/airflow/example_dags/example_sla_dag.py
[2024-10-16T13:17:49.955+0000] {processor.py:925} INFO - DAG(s) 'example_sla_dag' retrieved from /home/airflow/.local/lib/python3.12/site-packages/airflow/example_dags/example_sla_dag.py
[2024-10-16T13:17:49.976+0000] {logging_mixin.py:190} INFO - [2024-10-16T13:17:49.976+0000] {dag.py:3239} INFO - Sync 1 DAGs
[2024-10-16T13:17:50.004+0000] {logging_mixin.py:190} INFO - [2024-10-16T13:17:50.004+0000] {dag.py:4180} INFO - Setting next_dagrun for example_sla_dag to 2024-10-16 13:14:00+00:00, run_after=2024-10-16 13:16:00+00:00
[2024-10-16T13:17:50.034+0000] {processor.py:208} INFO - Processing /home/airflow/.local/lib/python3.12/site-packages/airflow/example_dags/example_sla_dag.py took 0.095 seconds
[2024-10-16T13:18:20.239+0000] {processor.py:186} INFO - Started process (PID=351) to work on /home/airflow/.local/lib/python3.12/site-packages/airflow/example_dags/example_sla_dag.py
[2024-10-16T13:18:20.241+0000] {processor.py:914} INFO - Processing file /home/airflow/.local/lib/python3.12/site-packages/airflow/example_dags/example_sla_dag.py for tasks to queue
[2024-10-16T13:18:20.244+0000] {logging_mixin.py:190} INFO - [2024-10-16T13:18:20.244+0000] {dagbag.py:588} INFO - Filling up the DagBag from /home/airflow/.local/lib/python3.12/site-packages/airflow/example_dags/example_sla_dag.py
[2024-10-16T13:18:20.255+0000] {processor.py:925} INFO - DAG(s) 'example_sla_dag' retrieved from /home/airflow/.local/lib/python3.12/site-packages/airflow/example_dags/example_sla_dag.py
[2024-10-16T13:18:20.279+0000] {logging_mixin.py:190} INFO - [2024-10-16T13:18:20.279+0000] {dag.py:3239} INFO - Sync 1 DAGs
[2024-10-16T13:18:20.307+0000] {logging_mixin.py:190} INFO - [2024-10-16T13:18:20.307+0000] {dag.py:4180} INFO - Setting next_dagrun for example_sla_dag to 2024-10-16 13:16:00+00:00, run_after=2024-10-16 13:18:00+00:00
[2024-10-16T13:18:20.338+0000] {processor.py:208} INFO - Processing /home/airflow/.local/lib/python3.12/site-packages/airflow/example_dags/example_sla_dag.py took 0.108 seconds
[2024-10-16T13:18:50.964+0000] {processor.py:186} INFO - Started process (PID=414) to work on /home/airflow/.local/lib/python3.12/site-packages/airflow/example_dags/example_sla_dag.py
[2024-10-16T13:18:50.966+0000] {processor.py:914} INFO - Processing file /home/airflow/.local/lib/python3.12/site-packages/airflow/example_dags/example_sla_dag.py for tasks to queue
[2024-10-16T13:18:50.969+0000] {logging_mixin.py:190} INFO - [2024-10-16T13:18:50.968+0000] {dagbag.py:588} INFO - Filling up the DagBag from /home/airflow/.local/lib/python3.12/site-packages/airflow/example_dags/example_sla_dag.py
[2024-10-16T13:18:50.981+0000] {processor.py:925} INFO - DAG(s) 'example_sla_dag' retrieved from /home/airflow/.local/lib/python3.12/site-packages/airflow/example_dags/example_sla_dag.py
[2024-10-16T13:18:51.006+0000] {logging_mixin.py:190} INFO - [2024-10-16T13:18:51.005+0000] {dag.py:3239} INFO - Sync 1 DAGs
[2024-10-16T13:18:51.040+0000] {logging_mixin.py:190} INFO - [2024-10-16T13:18:51.040+0000] {dag.py:4180} INFO - Setting next_dagrun for example_sla_dag to 2024-10-16 13:16:00+00:00, run_after=2024-10-16 13:18:00+00:00
[2024-10-16T13:18:51.060+0000] {processor.py:208} INFO - Processing /home/airflow/.local/lib/python3.12/site-packages/airflow/example_dags/example_sla_dag.py took 0.105 seconds
[2024-10-16T13:19:21.870+0000] {processor.py:186} INFO - Started process (PID=477) to work on /home/airflow/.local/lib/python3.12/site-packages/airflow/example_dags/example_sla_dag.py
[2024-10-16T13:19:21.871+0000] {processor.py:914} INFO - Processing file /home/airflow/.local/lib/python3.12/site-packages/airflow/example_dags/example_sla_dag.py for tasks to queue
[2024-10-16T13:19:21.874+0000] {logging_mixin.py:190} INFO - [2024-10-16T13:19:21.873+0000] {dagbag.py:588} INFO - Filling up the DagBag from /home/airflow/.local/lib/python3.12/site-packages/airflow/example_dags/example_sla_dag.py
[2024-10-16T13:19:21.881+0000] {processor.py:925} INFO - DAG(s) 'example_sla_dag' retrieved from /home/airflow/.local/lib/python3.12/site-packages/airflow/example_dags/example_sla_dag.py
[2024-10-16T13:19:21.896+0000] {logging_mixin.py:190} INFO - [2024-10-16T13:19:21.896+0000] {dag.py:3239} INFO - Sync 1 DAGs
[2024-10-16T13:19:21.916+0000] {logging_mixin.py:190} INFO - [2024-10-16T13:19:21.916+0000] {dag.py:4180} INFO - Setting next_dagrun for example_sla_dag to 2024-10-16 13:16:00+00:00, run_after=2024-10-16 13:18:00+00:00
[2024-10-16T13:19:21.943+0000] {processor.py:208} INFO - Processing /home/airflow/.local/lib/python3.12/site-packages/airflow/example_dags/example_sla_dag.py took 0.080 seconds
[2024-10-16T13:19:52.308+0000] {processor.py:186} INFO - Started process (PID=540) to work on /home/airflow/.local/lib/python3.12/site-packages/airflow/example_dags/example_sla_dag.py
[2024-10-16T13:19:52.310+0000] {processor.py:914} INFO - Processing file /home/airflow/.local/lib/python3.12/site-packages/airflow/example_dags/example_sla_dag.py for tasks to queue
[2024-10-16T13:19:52.313+0000] {logging_mixin.py:190} INFO - [2024-10-16T13:19:52.312+0000] {dagbag.py:588} INFO - Filling up the DagBag from /home/airflow/.local/lib/python3.12/site-packages/airflow/example_dags/example_sla_dag.py
[2024-10-16T13:19:52.324+0000] {processor.py:925} INFO - DAG(s) 'example_sla_dag' retrieved from /home/airflow/.local/lib/python3.12/site-packages/airflow/example_dags/example_sla_dag.py
[2024-10-16T13:19:52.348+0000] {logging_mixin.py:190} INFO - [2024-10-16T13:19:52.347+0000] {dag.py:3239} INFO - Sync 1 DAGs
[2024-10-16T13:19:52.378+0000] {logging_mixin.py:190} INFO - [2024-10-16T13:19:52.377+0000] {dag.py:4180} INFO - Setting next_dagrun for example_sla_dag to 2024-10-16 13:16:00+00:00, run_after=2024-10-16 13:18:00+00:00
[2024-10-16T13:19:52.401+0000] {processor.py:208} INFO - Processing /home/airflow/.local/lib/python3.12/site-packages/airflow/example_dags/example_sla_dag.py took 0.100 seconds
[2024-10-16T13:20:23.214+0000] {processor.py:186} INFO - Started process (PID=603) to work on /home/airflow/.local/lib/python3.12/site-packages/airflow/example_dags/example_sla_dag.py
[2024-10-16T13:20:23.215+0000] {processor.py:914} INFO - Processing file /home/airflow/.local/lib/python3.12/site-packages/airflow/example_dags/example_sla_dag.py for tasks to queue
[2024-10-16T13:20:23.219+0000] {logging_mixin.py:190} INFO - [2024-10-16T13:20:23.218+0000] {dagbag.py:588} INFO - Filling up the DagBag from /home/airflow/.local/lib/python3.12/site-packages/airflow/example_dags/example_sla_dag.py
[2024-10-16T13:20:23.232+0000] {processor.py:925} INFO - DAG(s) 'example_sla_dag' retrieved from /home/airflow/.local/lib/python3.12/site-packages/airflow/example_dags/example_sla_dag.py
[2024-10-16T13:20:23.279+0000] {logging_mixin.py:190} INFO - [2024-10-16T13:20:23.279+0000] {dag.py:3239} INFO - Sync 1 DAGs
[2024-10-16T13:20:23.309+0000] {logging_mixin.py:190} INFO - [2024-10-16T13:20:23.309+0000] {dag.py:4180} INFO - Setting next_dagrun for example_sla_dag to 2024-10-16 13:18:00+00:00, run_after=2024-10-16 13:20:00+00:00
[2024-10-16T13:20:23.337+0000] {processor.py:208} INFO - Processing /home/airflow/.local/lib/python3.12/site-packages/airflow/example_dags/example_sla_dag.py took 0.132 seconds
[2024-10-16T13:22:02.811+0000] {processor.py:186} INFO - Started process (PID=99) to work on /home/airflow/.local/lib/python3.12/site-packages/airflow/example_dags/example_sla_dag.py
[2024-10-16T13:22:02.813+0000] {processor.py:914} INFO - Processing file /home/airflow/.local/lib/python3.12/site-packages/airflow/example_dags/example_sla_dag.py for tasks to queue
[2024-10-16T13:22:02.815+0000] {logging_mixin.py:190} INFO - [2024-10-16T13:22:02.814+0000] {dagbag.py:588} INFO - Filling up the DagBag from /home/airflow/.local/lib/python3.12/site-packages/airflow/example_dags/example_sla_dag.py
[2024-10-16T13:22:02.822+0000] {processor.py:925} INFO - DAG(s) 'example_sla_dag' retrieved from /home/airflow/.local/lib/python3.12/site-packages/airflow/example_dags/example_sla_dag.py
[2024-10-16T13:22:02.912+0000] {logging_mixin.py:190} INFO - [2024-10-16T13:22:02.911+0000] {override.py:1900} INFO - Created Permission View: can edit on DAG:example_sla_dag
[2024-10-16T13:22:02.925+0000] {logging_mixin.py:190} INFO - [2024-10-16T13:22:02.924+0000] {override.py:1900} INFO - Created Permission View: can read on DAG:example_sla_dag
[2024-10-16T13:22:02.935+0000] {logging_mixin.py:190} INFO - [2024-10-16T13:22:02.935+0000] {override.py:1900} INFO - Created Permission View: can delete on DAG:example_sla_dag
[2024-10-16T13:22:02.944+0000] {logging_mixin.py:190} INFO - [2024-10-16T13:22:02.944+0000] {override.py:1900} INFO - Created Permission View: can delete on DAG Run:example_sla_dag
[2024-10-16T13:22:02.952+0000] {logging_mixin.py:190} INFO - [2024-10-16T13:22:02.952+0000] {override.py:1900} INFO - Created Permission View: can read on DAG Run:example_sla_dag
[2024-10-16T13:22:02.961+0000] {logging_mixin.py:190} INFO - [2024-10-16T13:22:02.960+0000] {override.py:1900} INFO - Created Permission View: menu access on DAG Run:example_sla_dag
[2024-10-16T13:22:02.968+0000] {logging_mixin.py:190} INFO - [2024-10-16T13:22:02.968+0000] {override.py:1900} INFO - Created Permission View: can create on DAG Run:example_sla_dag
[2024-10-16T13:22:02.969+0000] {logging_mixin.py:190} INFO - [2024-10-16T13:22:02.969+0000] {dag.py:3239} INFO - Sync 1 DAGs
[2024-10-16T13:22:02.982+0000] {logging_mixin.py:190} INFO - [2024-10-16T13:22:02.982+0000] {dag.py:3262} INFO - Creating ORM DAG for example_sla_dag
[2024-10-16T13:22:02.993+0000] {logging_mixin.py:190} INFO - [2024-10-16T13:22:02.993+0000] {dag.py:4180} INFO - Setting next_dagrun for example_sla_dag to 2024-10-16 13:20:00+00:00, run_after=2024-10-16 13:22:00+00:00
[2024-10-16T13:22:03.007+0000] {processor.py:208} INFO - Processing /home/airflow/.local/lib/python3.12/site-packages/airflow/example_dags/example_sla_dag.py took 0.200 seconds
[2024-10-16T13:22:33.862+0000] {processor.py:186} INFO - Started process (PID=162) to work on /home/airflow/.local/lib/python3.12/site-packages/airflow/example_dags/example_sla_dag.py
[2024-10-16T13:22:33.864+0000] {processor.py:914} INFO - Processing file /home/airflow/.local/lib/python3.12/site-packages/airflow/example_dags/example_sla_dag.py for tasks to queue
[2024-10-16T13:22:33.866+0000] {logging_mixin.py:190} INFO - [2024-10-16T13:22:33.866+0000] {dagbag.py:588} INFO - Filling up the DagBag from /home/airflow/.local/lib/python3.12/site-packages/airflow/example_dags/example_sla_dag.py
[2024-10-16T13:22:33.877+0000] {processor.py:925} INFO - DAG(s) 'example_sla_dag' retrieved from /home/airflow/.local/lib/python3.12/site-packages/airflow/example_dags/example_sla_dag.py
[2024-10-16T13:22:33.897+0000] {logging_mixin.py:190} INFO - [2024-10-16T13:22:33.897+0000] {dag.py:3239} INFO - Sync 1 DAGs
[2024-10-16T13:22:33.927+0000] {logging_mixin.py:190} INFO - [2024-10-16T13:22:33.927+0000] {dag.py:4180} INFO - Setting next_dagrun for example_sla_dag to 2024-10-16 13:20:00+00:00, run_after=2024-10-16 13:22:00+00:00
[2024-10-16T13:22:33.947+0000] {processor.py:208} INFO - Processing /home/airflow/.local/lib/python3.12/site-packages/airflow/example_dags/example_sla_dag.py took 0.091 seconds
[2024-10-16T13:23:04.607+0000] {processor.py:186} INFO - Started process (PID=225) to work on /home/airflow/.local/lib/python3.12/site-packages/airflow/example_dags/example_sla_dag.py
[2024-10-16T13:23:04.609+0000] {processor.py:914} INFO - Processing file /home/airflow/.local/lib/python3.12/site-packages/airflow/example_dags/example_sla_dag.py for tasks to queue
[2024-10-16T13:23:04.611+0000] {logging_mixin.py:190} INFO - [2024-10-16T13:23:04.610+0000] {dagbag.py:588} INFO - Filling up the DagBag from /home/airflow/.local/lib/python3.12/site-packages/airflow/example_dags/example_sla_dag.py
[2024-10-16T13:23:04.622+0000] {processor.py:925} INFO - DAG(s) 'example_sla_dag' retrieved from /home/airflow/.local/lib/python3.12/site-packages/airflow/example_dags/example_sla_dag.py
[2024-10-16T13:23:04.640+0000] {logging_mixin.py:190} INFO - [2024-10-16T13:23:04.640+0000] {dag.py:3239} INFO - Sync 1 DAGs
[2024-10-16T13:23:04.662+0000] {logging_mixin.py:190} INFO - [2024-10-16T13:23:04.662+0000] {dag.py:4180} INFO - Setting next_dagrun for example_sla_dag to 2024-10-16 13:20:00+00:00, run_after=2024-10-16 13:22:00+00:00
[2024-10-16T13:23:04.691+0000] {processor.py:208} INFO - Processing /home/airflow/.local/lib/python3.12/site-packages/airflow/example_dags/example_sla_dag.py took 0.088 seconds
[2024-10-16T13:23:35.719+0000] {processor.py:186} INFO - Started process (PID=288) to work on /home/airflow/.local/lib/python3.12/site-packages/airflow/example_dags/example_sla_dag.py
[2024-10-16T13:23:35.720+0000] {processor.py:914} INFO - Processing file /home/airflow/.local/lib/python3.12/site-packages/airflow/example_dags/example_sla_dag.py for tasks to queue
[2024-10-16T13:23:35.723+0000] {logging_mixin.py:190} INFO - [2024-10-16T13:23:35.722+0000] {dagbag.py:588} INFO - Filling up the DagBag from /home/airflow/.local/lib/python3.12/site-packages/airflow/example_dags/example_sla_dag.py
[2024-10-16T13:23:35.731+0000] {processor.py:925} INFO - DAG(s) 'example_sla_dag' retrieved from /home/airflow/.local/lib/python3.12/site-packages/airflow/example_dags/example_sla_dag.py
[2024-10-16T13:23:35.753+0000] {logging_mixin.py:190} INFO - [2024-10-16T13:23:35.753+0000] {dag.py:3239} INFO - Sync 1 DAGs
[2024-10-16T13:23:35.771+0000] {logging_mixin.py:190} INFO - [2024-10-16T13:23:35.771+0000] {dag.py:4180} INFO - Setting next_dagrun for example_sla_dag to 2024-10-16 13:20:00+00:00, run_after=2024-10-16 13:22:00+00:00
[2024-10-16T13:23:35.794+0000] {processor.py:208} INFO - Processing /home/airflow/.local/lib/python3.12/site-packages/airflow/example_dags/example_sla_dag.py took 0.080 seconds
