[2024-10-16T12:50:32.607+0000] {processor.py:186} INFO - Started process (PID=96) to work on /home/airflow/.local/lib/python3.12/site-packages/airflow/example_dags/example_task_group_decorator.py
[2024-10-16T12:50:32.609+0000] {processor.py:914} INFO - Processing file /home/airflow/.local/lib/python3.12/site-packages/airflow/example_dags/example_task_group_decorator.py for tasks to queue
[2024-10-16T12:50:32.613+0000] {logging_mixin.py:190} INFO - [2024-10-16T12:50:32.612+0000] {dagbag.py:588} INFO - Filling up the DagBag from /home/airflow/.local/lib/python3.12/site-packages/airflow/example_dags/example_task_group_decorator.py
[2024-10-16T12:50:32.634+0000] {processor.py:925} INFO - DAG(s) 'example_task_group_decorator' retrieved from /home/airflow/.local/lib/python3.12/site-packages/airflow/example_dags/example_task_group_decorator.py
[2024-10-16T12:50:32.743+0000] {logging_mixin.py:190} INFO - [2024-10-16T12:50:32.742+0000] {override.py:1900} INFO - Created Permission View: can edit on DAG:example_task_group_decorator
[2024-10-16T12:50:32.754+0000] {logging_mixin.py:190} INFO - [2024-10-16T12:50:32.754+0000] {override.py:1900} INFO - Created Permission View: can read on DAG:example_task_group_decorator
[2024-10-16T12:50:32.761+0000] {logging_mixin.py:190} INFO - [2024-10-16T12:50:32.761+0000] {override.py:1900} INFO - Created Permission View: can delete on DAG:example_task_group_decorator
[2024-10-16T12:50:32.769+0000] {logging_mixin.py:190} INFO - [2024-10-16T12:50:32.769+0000] {override.py:1900} INFO - Created Permission View: can delete on DAG Run:example_task_group_decorator
[2024-10-16T12:50:32.777+0000] {logging_mixin.py:190} INFO - [2024-10-16T12:50:32.776+0000] {override.py:1900} INFO - Created Permission View: menu access on DAG Run:example_task_group_decorator
[2024-10-16T12:50:32.784+0000] {logging_mixin.py:190} INFO - [2024-10-16T12:50:32.784+0000] {override.py:1900} INFO - Created Permission View: can create on DAG Run:example_task_group_decorator
[2024-10-16T12:50:32.791+0000] {logging_mixin.py:190} INFO - [2024-10-16T12:50:32.790+0000] {override.py:1900} INFO - Created Permission View: can read on DAG Run:example_task_group_decorator
[2024-10-16T12:50:32.792+0000] {logging_mixin.py:190} INFO - [2024-10-16T12:50:32.791+0000] {dag.py:3239} INFO - Sync 1 DAGs
[2024-10-16T12:50:32.810+0000] {logging_mixin.py:190} INFO - [2024-10-16T12:50:32.809+0000] {dag.py:3262} INFO - Creating ORM DAG for example_task_group_decorator
[2024-10-16T12:50:32.812+0000] {logging_mixin.py:190} INFO - [2024-10-16T12:50:32.812+0000] {dag.py:4180} INFO - Setting next_dagrun for example_task_group_decorator to None, run_after=None
[2024-10-16T12:50:32.863+0000] {processor.py:208} INFO - Processing /home/airflow/.local/lib/python3.12/site-packages/airflow/example_dags/example_task_group_decorator.py took 0.263 seconds
[2024-10-16T12:51:03.049+0000] {processor.py:186} INFO - Started process (PID=158) to work on /home/airflow/.local/lib/python3.12/site-packages/airflow/example_dags/example_task_group_decorator.py
[2024-10-16T12:51:03.051+0000] {processor.py:914} INFO - Processing file /home/airflow/.local/lib/python3.12/site-packages/airflow/example_dags/example_task_group_decorator.py for tasks to queue
[2024-10-16T12:51:03.052+0000] {logging_mixin.py:190} INFO - [2024-10-16T12:51:03.052+0000] {dagbag.py:588} INFO - Filling up the DagBag from /home/airflow/.local/lib/python3.12/site-packages/airflow/example_dags/example_task_group_decorator.py
[2024-10-16T12:51:03.069+0000] {processor.py:925} INFO - DAG(s) 'example_task_group_decorator' retrieved from /home/airflow/.local/lib/python3.12/site-packages/airflow/example_dags/example_task_group_decorator.py
[2024-10-16T12:51:03.089+0000] {logging_mixin.py:190} INFO - [2024-10-16T12:51:03.089+0000] {dag.py:3239} INFO - Sync 1 DAGs
[2024-10-16T12:51:03.102+0000] {logging_mixin.py:190} INFO - [2024-10-16T12:51:03.101+0000] {dag.py:4180} INFO - Setting next_dagrun for example_task_group_decorator to None, run_after=None
[2024-10-16T12:51:03.121+0000] {processor.py:208} INFO - Processing /home/airflow/.local/lib/python3.12/site-packages/airflow/example_dags/example_task_group_decorator.py took 0.077 seconds
[2024-10-16T12:51:33.852+0000] {processor.py:186} INFO - Started process (PID=220) to work on /home/airflow/.local/lib/python3.12/site-packages/airflow/example_dags/example_task_group_decorator.py
[2024-10-16T12:51:33.853+0000] {processor.py:914} INFO - Processing file /home/airflow/.local/lib/python3.12/site-packages/airflow/example_dags/example_task_group_decorator.py for tasks to queue
[2024-10-16T12:51:33.856+0000] {logging_mixin.py:190} INFO - [2024-10-16T12:51:33.855+0000] {dagbag.py:588} INFO - Filling up the DagBag from /home/airflow/.local/lib/python3.12/site-packages/airflow/example_dags/example_task_group_decorator.py
[2024-10-16T12:51:33.873+0000] {processor.py:925} INFO - DAG(s) 'example_task_group_decorator' retrieved from /home/airflow/.local/lib/python3.12/site-packages/airflow/example_dags/example_task_group_decorator.py
[2024-10-16T12:51:33.902+0000] {logging_mixin.py:190} INFO - [2024-10-16T12:51:33.901+0000] {dag.py:3239} INFO - Sync 1 DAGs
[2024-10-16T12:51:33.917+0000] {logging_mixin.py:190} INFO - [2024-10-16T12:51:33.917+0000] {dag.py:4180} INFO - Setting next_dagrun for example_task_group_decorator to None, run_after=None
[2024-10-16T12:51:33.944+0000] {processor.py:208} INFO - Processing /home/airflow/.local/lib/python3.12/site-packages/airflow/example_dags/example_task_group_decorator.py took 0.100 seconds
[2024-10-16T12:52:04.304+0000] {processor.py:186} INFO - Started process (PID=282) to work on /home/airflow/.local/lib/python3.12/site-packages/airflow/example_dags/example_task_group_decorator.py
[2024-10-16T12:52:04.305+0000] {processor.py:914} INFO - Processing file /home/airflow/.local/lib/python3.12/site-packages/airflow/example_dags/example_task_group_decorator.py for tasks to queue
[2024-10-16T12:52:04.310+0000] {logging_mixin.py:190} INFO - [2024-10-16T12:52:04.309+0000] {dagbag.py:588} INFO - Filling up the DagBag from /home/airflow/.local/lib/python3.12/site-packages/airflow/example_dags/example_task_group_decorator.py
[2024-10-16T12:52:04.333+0000] {processor.py:925} INFO - DAG(s) 'example_task_group_decorator' retrieved from /home/airflow/.local/lib/python3.12/site-packages/airflow/example_dags/example_task_group_decorator.py
[2024-10-16T12:52:04.366+0000] {logging_mixin.py:190} INFO - [2024-10-16T12:52:04.365+0000] {dag.py:3239} INFO - Sync 1 DAGs
[2024-10-16T12:52:04.390+0000] {logging_mixin.py:190} INFO - [2024-10-16T12:52:04.390+0000] {dag.py:4180} INFO - Setting next_dagrun for example_task_group_decorator to None, run_after=None
[2024-10-16T12:52:04.423+0000] {processor.py:208} INFO - Processing /home/airflow/.local/lib/python3.12/site-packages/airflow/example_dags/example_task_group_decorator.py took 0.127 seconds
[2024-10-16T12:52:34.754+0000] {processor.py:186} INFO - Started process (PID=345) to work on /home/airflow/.local/lib/python3.12/site-packages/airflow/example_dags/example_task_group_decorator.py
[2024-10-16T12:52:34.756+0000] {processor.py:914} INFO - Processing file /home/airflow/.local/lib/python3.12/site-packages/airflow/example_dags/example_task_group_decorator.py for tasks to queue
[2024-10-16T12:52:34.759+0000] {logging_mixin.py:190} INFO - [2024-10-16T12:52:34.758+0000] {dagbag.py:588} INFO - Filling up the DagBag from /home/airflow/.local/lib/python3.12/site-packages/airflow/example_dags/example_task_group_decorator.py
[2024-10-16T12:52:34.777+0000] {processor.py:925} INFO - DAG(s) 'example_task_group_decorator' retrieved from /home/airflow/.local/lib/python3.12/site-packages/airflow/example_dags/example_task_group_decorator.py
[2024-10-16T12:52:34.812+0000] {logging_mixin.py:190} INFO - [2024-10-16T12:52:34.812+0000] {dag.py:3239} INFO - Sync 1 DAGs
[2024-10-16T12:52:34.831+0000] {logging_mixin.py:190} INFO - [2024-10-16T12:52:34.831+0000] {dag.py:4180} INFO - Setting next_dagrun for example_task_group_decorator to None, run_after=None
[2024-10-16T12:52:34.864+0000] {processor.py:208} INFO - Processing /home/airflow/.local/lib/python3.12/site-packages/airflow/example_dags/example_task_group_decorator.py took 0.116 seconds
[2024-10-16T12:53:05.597+0000] {processor.py:186} INFO - Started process (PID=407) to work on /home/airflow/.local/lib/python3.12/site-packages/airflow/example_dags/example_task_group_decorator.py
[2024-10-16T12:53:05.598+0000] {processor.py:914} INFO - Processing file /home/airflow/.local/lib/python3.12/site-packages/airflow/example_dags/example_task_group_decorator.py for tasks to queue
[2024-10-16T12:53:05.600+0000] {logging_mixin.py:190} INFO - [2024-10-16T12:53:05.600+0000] {dagbag.py:588} INFO - Filling up the DagBag from /home/airflow/.local/lib/python3.12/site-packages/airflow/example_dags/example_task_group_decorator.py
[2024-10-16T12:53:05.615+0000] {processor.py:925} INFO - DAG(s) 'example_task_group_decorator' retrieved from /home/airflow/.local/lib/python3.12/site-packages/airflow/example_dags/example_task_group_decorator.py
[2024-10-16T12:53:05.648+0000] {logging_mixin.py:190} INFO - [2024-10-16T12:53:05.648+0000] {dag.py:3239} INFO - Sync 1 DAGs
[2024-10-16T12:53:05.664+0000] {logging_mixin.py:190} INFO - [2024-10-16T12:53:05.663+0000] {dag.py:4180} INFO - Setting next_dagrun for example_task_group_decorator to None, run_after=None
[2024-10-16T12:53:05.694+0000] {processor.py:208} INFO - Processing /home/airflow/.local/lib/python3.12/site-packages/airflow/example_dags/example_task_group_decorator.py took 0.102 seconds
[2024-10-16T12:53:37.075+0000] {processor.py:186} INFO - Started process (PID=469) to work on /home/airflow/.local/lib/python3.12/site-packages/airflow/example_dags/example_task_group_decorator.py
[2024-10-16T12:53:37.077+0000] {processor.py:914} INFO - Processing file /home/airflow/.local/lib/python3.12/site-packages/airflow/example_dags/example_task_group_decorator.py for tasks to queue
[2024-10-16T12:53:37.079+0000] {logging_mixin.py:190} INFO - [2024-10-16T12:53:37.079+0000] {dagbag.py:588} INFO - Filling up the DagBag from /home/airflow/.local/lib/python3.12/site-packages/airflow/example_dags/example_task_group_decorator.py
[2024-10-16T12:53:37.098+0000] {processor.py:925} INFO - DAG(s) 'example_task_group_decorator' retrieved from /home/airflow/.local/lib/python3.12/site-packages/airflow/example_dags/example_task_group_decorator.py
[2024-10-16T12:53:37.186+0000] {logging_mixin.py:190} INFO - [2024-10-16T12:53:37.185+0000] {dag.py:3239} INFO - Sync 1 DAGs
[2024-10-16T12:53:37.223+0000] {logging_mixin.py:190} INFO - [2024-10-16T12:53:37.222+0000] {dag.py:4180} INFO - Setting next_dagrun for example_task_group_decorator to None, run_after=None
[2024-10-16T12:53:37.270+0000] {processor.py:208} INFO - Processing /home/airflow/.local/lib/python3.12/site-packages/airflow/example_dags/example_task_group_decorator.py took 0.205 seconds
[2024-10-16T12:54:08.062+0000] {processor.py:186} INFO - Started process (PID=531) to work on /home/airflow/.local/lib/python3.12/site-packages/airflow/example_dags/example_task_group_decorator.py
[2024-10-16T12:54:08.064+0000] {processor.py:914} INFO - Processing file /home/airflow/.local/lib/python3.12/site-packages/airflow/example_dags/example_task_group_decorator.py for tasks to queue
[2024-10-16T12:54:08.069+0000] {logging_mixin.py:190} INFO - [2024-10-16T12:54:08.069+0000] {dagbag.py:588} INFO - Filling up the DagBag from /home/airflow/.local/lib/python3.12/site-packages/airflow/example_dags/example_task_group_decorator.py
[2024-10-16T12:54:08.095+0000] {processor.py:925} INFO - DAG(s) 'example_task_group_decorator' retrieved from /home/airflow/.local/lib/python3.12/site-packages/airflow/example_dags/example_task_group_decorator.py
[2024-10-16T12:54:08.140+0000] {logging_mixin.py:190} INFO - [2024-10-16T12:54:08.140+0000] {dag.py:3239} INFO - Sync 1 DAGs
[2024-10-16T12:54:08.160+0000] {logging_mixin.py:190} INFO - [2024-10-16T12:54:08.160+0000] {dag.py:4180} INFO - Setting next_dagrun for example_task_group_decorator to None, run_after=None
[2024-10-16T12:54:08.189+0000] {processor.py:208} INFO - Processing /home/airflow/.local/lib/python3.12/site-packages/airflow/example_dags/example_task_group_decorator.py took 0.138 seconds
[2024-10-16T12:54:39.779+0000] {processor.py:186} INFO - Started process (PID=593) to work on /home/airflow/.local/lib/python3.12/site-packages/airflow/example_dags/example_task_group_decorator.py
[2024-10-16T12:54:39.782+0000] {processor.py:914} INFO - Processing file /home/airflow/.local/lib/python3.12/site-packages/airflow/example_dags/example_task_group_decorator.py for tasks to queue
[2024-10-16T12:54:39.786+0000] {logging_mixin.py:190} INFO - [2024-10-16T12:54:39.785+0000] {dagbag.py:588} INFO - Filling up the DagBag from /home/airflow/.local/lib/python3.12/site-packages/airflow/example_dags/example_task_group_decorator.py
[2024-10-16T12:54:39.823+0000] {processor.py:925} INFO - DAG(s) 'example_task_group_decorator' retrieved from /home/airflow/.local/lib/python3.12/site-packages/airflow/example_dags/example_task_group_decorator.py
[2024-10-16T12:54:39.865+0000] {logging_mixin.py:190} INFO - [2024-10-16T12:54:39.864+0000] {dag.py:3239} INFO - Sync 1 DAGs
[2024-10-16T12:54:39.923+0000] {logging_mixin.py:190} INFO - [2024-10-16T12:54:39.922+0000] {dag.py:4180} INFO - Setting next_dagrun for example_task_group_decorator to None, run_after=None
[2024-10-16T12:54:39.958+0000] {processor.py:208} INFO - Processing /home/airflow/.local/lib/python3.12/site-packages/airflow/example_dags/example_task_group_decorator.py took 0.187 seconds
[2024-10-16T12:55:10.786+0000] {processor.py:186} INFO - Started process (PID=656) to work on /home/airflow/.local/lib/python3.12/site-packages/airflow/example_dags/example_task_group_decorator.py
[2024-10-16T12:55:10.787+0000] {processor.py:914} INFO - Processing file /home/airflow/.local/lib/python3.12/site-packages/airflow/example_dags/example_task_group_decorator.py for tasks to queue
[2024-10-16T12:55:10.790+0000] {logging_mixin.py:190} INFO - [2024-10-16T12:55:10.789+0000] {dagbag.py:588} INFO - Filling up the DagBag from /home/airflow/.local/lib/python3.12/site-packages/airflow/example_dags/example_task_group_decorator.py
[2024-10-16T12:55:10.807+0000] {processor.py:925} INFO - DAG(s) 'example_task_group_decorator' retrieved from /home/airflow/.local/lib/python3.12/site-packages/airflow/example_dags/example_task_group_decorator.py
[2024-10-16T12:55:10.844+0000] {logging_mixin.py:190} INFO - [2024-10-16T12:55:10.843+0000] {dag.py:3239} INFO - Sync 1 DAGs
[2024-10-16T12:55:10.866+0000] {logging_mixin.py:190} INFO - [2024-10-16T12:55:10.865+0000] {dag.py:4180} INFO - Setting next_dagrun for example_task_group_decorator to None, run_after=None
[2024-10-16T12:55:10.894+0000] {processor.py:208} INFO - Processing /home/airflow/.local/lib/python3.12/site-packages/airflow/example_dags/example_task_group_decorator.py took 0.117 seconds
[2024-10-16T12:55:41.557+0000] {processor.py:186} INFO - Started process (PID=718) to work on /home/airflow/.local/lib/python3.12/site-packages/airflow/example_dags/example_task_group_decorator.py
[2024-10-16T12:55:41.559+0000] {processor.py:914} INFO - Processing file /home/airflow/.local/lib/python3.12/site-packages/airflow/example_dags/example_task_group_decorator.py for tasks to queue
[2024-10-16T12:55:41.563+0000] {logging_mixin.py:190} INFO - [2024-10-16T12:55:41.562+0000] {dagbag.py:588} INFO - Filling up the DagBag from /home/airflow/.local/lib/python3.12/site-packages/airflow/example_dags/example_task_group_decorator.py
[2024-10-16T12:55:41.582+0000] {processor.py:925} INFO - DAG(s) 'example_task_group_decorator' retrieved from /home/airflow/.local/lib/python3.12/site-packages/airflow/example_dags/example_task_group_decorator.py
[2024-10-16T12:55:41.626+0000] {logging_mixin.py:190} INFO - [2024-10-16T12:55:41.626+0000] {dag.py:3239} INFO - Sync 1 DAGs
[2024-10-16T12:55:41.651+0000] {logging_mixin.py:190} INFO - [2024-10-16T12:55:41.650+0000] {dag.py:4180} INFO - Setting next_dagrun for example_task_group_decorator to None, run_after=None
[2024-10-16T12:55:41.687+0000] {processor.py:208} INFO - Processing /home/airflow/.local/lib/python3.12/site-packages/airflow/example_dags/example_task_group_decorator.py took 0.137 seconds
[2024-10-16T12:56:12.590+0000] {processor.py:186} INFO - Started process (PID=780) to work on /home/airflow/.local/lib/python3.12/site-packages/airflow/example_dags/example_task_group_decorator.py
[2024-10-16T12:56:12.591+0000] {processor.py:914} INFO - Processing file /home/airflow/.local/lib/python3.12/site-packages/airflow/example_dags/example_task_group_decorator.py for tasks to queue
[2024-10-16T12:56:12.597+0000] {logging_mixin.py:190} INFO - [2024-10-16T12:56:12.595+0000] {dagbag.py:588} INFO - Filling up the DagBag from /home/airflow/.local/lib/python3.12/site-packages/airflow/example_dags/example_task_group_decorator.py
[2024-10-16T12:56:12.611+0000] {processor.py:925} INFO - DAG(s) 'example_task_group_decorator' retrieved from /home/airflow/.local/lib/python3.12/site-packages/airflow/example_dags/example_task_group_decorator.py
[2024-10-16T12:56:12.640+0000] {logging_mixin.py:190} INFO - [2024-10-16T12:56:12.640+0000] {dag.py:3239} INFO - Sync 1 DAGs
[2024-10-16T12:56:12.651+0000] {logging_mixin.py:190} INFO - [2024-10-16T12:56:12.650+0000] {dag.py:4180} INFO - Setting next_dagrun for example_task_group_decorator to None, run_after=None
[2024-10-16T12:56:12.673+0000] {processor.py:208} INFO - Processing /home/airflow/.local/lib/python3.12/site-packages/airflow/example_dags/example_task_group_decorator.py took 0.088 seconds
[2024-10-16T12:56:42.797+0000] {processor.py:186} INFO - Started process (PID=842) to work on /home/airflow/.local/lib/python3.12/site-packages/airflow/example_dags/example_task_group_decorator.py
[2024-10-16T12:56:42.799+0000] {processor.py:914} INFO - Processing file /home/airflow/.local/lib/python3.12/site-packages/airflow/example_dags/example_task_group_decorator.py for tasks to queue
[2024-10-16T12:56:42.801+0000] {logging_mixin.py:190} INFO - [2024-10-16T12:56:42.801+0000] {dagbag.py:588} INFO - Filling up the DagBag from /home/airflow/.local/lib/python3.12/site-packages/airflow/example_dags/example_task_group_decorator.py
[2024-10-16T12:56:42.821+0000] {processor.py:925} INFO - DAG(s) 'example_task_group_decorator' retrieved from /home/airflow/.local/lib/python3.12/site-packages/airflow/example_dags/example_task_group_decorator.py
[2024-10-16T12:56:42.853+0000] {logging_mixin.py:190} INFO - [2024-10-16T12:56:42.853+0000] {dag.py:3239} INFO - Sync 1 DAGs
[2024-10-16T12:56:42.871+0000] {logging_mixin.py:190} INFO - [2024-10-16T12:56:42.870+0000] {dag.py:4180} INFO - Setting next_dagrun for example_task_group_decorator to None, run_after=None
[2024-10-16T12:56:42.903+0000] {processor.py:208} INFO - Processing /home/airflow/.local/lib/python3.12/site-packages/airflow/example_dags/example_task_group_decorator.py took 0.113 seconds
[2024-10-16T12:57:13.644+0000] {processor.py:186} INFO - Started process (PID=904) to work on /home/airflow/.local/lib/python3.12/site-packages/airflow/example_dags/example_task_group_decorator.py
[2024-10-16T12:57:13.645+0000] {processor.py:914} INFO - Processing file /home/airflow/.local/lib/python3.12/site-packages/airflow/example_dags/example_task_group_decorator.py for tasks to queue
[2024-10-16T12:57:13.648+0000] {logging_mixin.py:190} INFO - [2024-10-16T12:57:13.648+0000] {dagbag.py:588} INFO - Filling up the DagBag from /home/airflow/.local/lib/python3.12/site-packages/airflow/example_dags/example_task_group_decorator.py
[2024-10-16T12:57:13.669+0000] {processor.py:925} INFO - DAG(s) 'example_task_group_decorator' retrieved from /home/airflow/.local/lib/python3.12/site-packages/airflow/example_dags/example_task_group_decorator.py
[2024-10-16T12:57:13.705+0000] {logging_mixin.py:190} INFO - [2024-10-16T12:57:13.705+0000] {dag.py:3239} INFO - Sync 1 DAGs
[2024-10-16T12:57:13.744+0000] {logging_mixin.py:190} INFO - [2024-10-16T12:57:13.743+0000] {dag.py:4180} INFO - Setting next_dagrun for example_task_group_decorator to None, run_after=None
[2024-10-16T12:57:13.780+0000] {processor.py:208} INFO - Processing /home/airflow/.local/lib/python3.12/site-packages/airflow/example_dags/example_task_group_decorator.py took 0.144 seconds
[2024-10-16T12:57:44.361+0000] {processor.py:186} INFO - Started process (PID=966) to work on /home/airflow/.local/lib/python3.12/site-packages/airflow/example_dags/example_task_group_decorator.py
[2024-10-16T12:57:44.363+0000] {processor.py:914} INFO - Processing file /home/airflow/.local/lib/python3.12/site-packages/airflow/example_dags/example_task_group_decorator.py for tasks to queue
[2024-10-16T12:57:44.365+0000] {logging_mixin.py:190} INFO - [2024-10-16T12:57:44.365+0000] {dagbag.py:588} INFO - Filling up the DagBag from /home/airflow/.local/lib/python3.12/site-packages/airflow/example_dags/example_task_group_decorator.py
[2024-10-16T12:57:44.378+0000] {processor.py:925} INFO - DAG(s) 'example_task_group_decorator' retrieved from /home/airflow/.local/lib/python3.12/site-packages/airflow/example_dags/example_task_group_decorator.py
[2024-10-16T12:57:44.414+0000] {logging_mixin.py:190} INFO - [2024-10-16T12:57:44.414+0000] {dag.py:3239} INFO - Sync 1 DAGs
[2024-10-16T12:57:44.431+0000] {logging_mixin.py:190} INFO - [2024-10-16T12:57:44.431+0000] {dag.py:4180} INFO - Setting next_dagrun for example_task_group_decorator to None, run_after=None
[2024-10-16T12:57:44.449+0000] {processor.py:208} INFO - Processing /home/airflow/.local/lib/python3.12/site-packages/airflow/example_dags/example_task_group_decorator.py took 0.093 seconds
[2024-10-16T12:58:14.911+0000] {processor.py:186} INFO - Started process (PID=1029) to work on /home/airflow/.local/lib/python3.12/site-packages/airflow/example_dags/example_task_group_decorator.py
[2024-10-16T12:58:14.913+0000] {processor.py:914} INFO - Processing file /home/airflow/.local/lib/python3.12/site-packages/airflow/example_dags/example_task_group_decorator.py for tasks to queue
[2024-10-16T12:58:14.915+0000] {logging_mixin.py:190} INFO - [2024-10-16T12:58:14.915+0000] {dagbag.py:588} INFO - Filling up the DagBag from /home/airflow/.local/lib/python3.12/site-packages/airflow/example_dags/example_task_group_decorator.py
[2024-10-16T12:58:14.932+0000] {processor.py:925} INFO - DAG(s) 'example_task_group_decorator' retrieved from /home/airflow/.local/lib/python3.12/site-packages/airflow/example_dags/example_task_group_decorator.py
[2024-10-16T12:58:15.026+0000] {logging_mixin.py:190} INFO - [2024-10-16T12:58:15.025+0000] {dag.py:3239} INFO - Sync 1 DAGs
[2024-10-16T12:58:15.045+0000] {logging_mixin.py:190} INFO - [2024-10-16T12:58:15.044+0000] {dag.py:4180} INFO - Setting next_dagrun for example_task_group_decorator to None, run_after=None
[2024-10-16T12:58:15.072+0000] {processor.py:208} INFO - Processing /home/airflow/.local/lib/python3.12/site-packages/airflow/example_dags/example_task_group_decorator.py took 0.168 seconds
[2024-10-16T12:58:44.639+0000] {processor.py:186} INFO - Started process (PID=1091) to work on /home/airflow/.local/lib/python3.12/site-packages/airflow/example_dags/example_task_group_decorator.py
[2024-10-16T12:58:44.641+0000] {processor.py:914} INFO - Processing file /home/airflow/.local/lib/python3.12/site-packages/airflow/example_dags/example_task_group_decorator.py for tasks to queue
[2024-10-16T12:58:44.644+0000] {logging_mixin.py:190} INFO - [2024-10-16T12:58:44.644+0000] {dagbag.py:588} INFO - Filling up the DagBag from /home/airflow/.local/lib/python3.12/site-packages/airflow/example_dags/example_task_group_decorator.py
[2024-10-16T12:58:44.663+0000] {processor.py:925} INFO - DAG(s) 'example_task_group_decorator' retrieved from /home/airflow/.local/lib/python3.12/site-packages/airflow/example_dags/example_task_group_decorator.py
[2024-10-16T12:58:44.692+0000] {logging_mixin.py:190} INFO - [2024-10-16T12:58:44.691+0000] {dag.py:3239} INFO - Sync 1 DAGs
[2024-10-16T12:58:44.707+0000] {logging_mixin.py:190} INFO - [2024-10-16T12:58:44.707+0000] {dag.py:4180} INFO - Setting next_dagrun for example_task_group_decorator to None, run_after=None
[2024-10-16T12:58:44.733+0000] {processor.py:208} INFO - Processing /home/airflow/.local/lib/python3.12/site-packages/airflow/example_dags/example_task_group_decorator.py took 0.102 seconds
[2024-10-16T12:59:15.627+0000] {processor.py:186} INFO - Started process (PID=1151) to work on /home/airflow/.local/lib/python3.12/site-packages/airflow/example_dags/example_task_group_decorator.py
[2024-10-16T12:59:15.628+0000] {processor.py:914} INFO - Processing file /home/airflow/.local/lib/python3.12/site-packages/airflow/example_dags/example_task_group_decorator.py for tasks to queue
[2024-10-16T12:59:15.636+0000] {logging_mixin.py:190} INFO - [2024-10-16T12:59:15.636+0000] {dagbag.py:588} INFO - Filling up the DagBag from /home/airflow/.local/lib/python3.12/site-packages/airflow/example_dags/example_task_group_decorator.py
[2024-10-16T12:59:15.657+0000] {processor.py:925} INFO - DAG(s) 'example_task_group_decorator' retrieved from /home/airflow/.local/lib/python3.12/site-packages/airflow/example_dags/example_task_group_decorator.py
[2024-10-16T12:59:15.695+0000] {logging_mixin.py:190} INFO - [2024-10-16T12:59:15.695+0000] {dag.py:3239} INFO - Sync 1 DAGs
[2024-10-16T12:59:15.712+0000] {logging_mixin.py:190} INFO - [2024-10-16T12:59:15.712+0000] {dag.py:4180} INFO - Setting next_dagrun for example_task_group_decorator to None, run_after=None
[2024-10-16T12:59:15.743+0000] {processor.py:208} INFO - Processing /home/airflow/.local/lib/python3.12/site-packages/airflow/example_dags/example_task_group_decorator.py took 0.123 seconds
[2024-10-16T12:59:46.074+0000] {processor.py:186} INFO - Started process (PID=1213) to work on /home/airflow/.local/lib/python3.12/site-packages/airflow/example_dags/example_task_group_decorator.py
[2024-10-16T12:59:46.076+0000] {processor.py:914} INFO - Processing file /home/airflow/.local/lib/python3.12/site-packages/airflow/example_dags/example_task_group_decorator.py for tasks to queue
[2024-10-16T12:59:46.079+0000] {logging_mixin.py:190} INFO - [2024-10-16T12:59:46.079+0000] {dagbag.py:588} INFO - Filling up the DagBag from /home/airflow/.local/lib/python3.12/site-packages/airflow/example_dags/example_task_group_decorator.py
[2024-10-16T12:59:46.094+0000] {processor.py:925} INFO - DAG(s) 'example_task_group_decorator' retrieved from /home/airflow/.local/lib/python3.12/site-packages/airflow/example_dags/example_task_group_decorator.py
[2024-10-16T12:59:46.118+0000] {logging_mixin.py:190} INFO - [2024-10-16T12:59:46.118+0000] {dag.py:3239} INFO - Sync 1 DAGs
[2024-10-16T12:59:46.130+0000] {logging_mixin.py:190} INFO - [2024-10-16T12:59:46.130+0000] {dag.py:4180} INFO - Setting next_dagrun for example_task_group_decorator to None, run_after=None
[2024-10-16T12:59:46.151+0000] {processor.py:208} INFO - Processing /home/airflow/.local/lib/python3.12/site-packages/airflow/example_dags/example_task_group_decorator.py took 0.084 seconds
[2024-10-16T13:00:16.730+0000] {processor.py:186} INFO - Started process (PID=1284) to work on /home/airflow/.local/lib/python3.12/site-packages/airflow/example_dags/example_task_group_decorator.py
[2024-10-16T13:00:16.731+0000] {processor.py:914} INFO - Processing file /home/airflow/.local/lib/python3.12/site-packages/airflow/example_dags/example_task_group_decorator.py for tasks to queue
[2024-10-16T13:00:16.733+0000] {logging_mixin.py:190} INFO - [2024-10-16T13:00:16.733+0000] {dagbag.py:588} INFO - Filling up the DagBag from /home/airflow/.local/lib/python3.12/site-packages/airflow/example_dags/example_task_group_decorator.py
[2024-10-16T13:00:16.752+0000] {processor.py:925} INFO - DAG(s) 'example_task_group_decorator' retrieved from /home/airflow/.local/lib/python3.12/site-packages/airflow/example_dags/example_task_group_decorator.py
[2024-10-16T13:00:16.783+0000] {logging_mixin.py:190} INFO - [2024-10-16T13:00:16.782+0000] {dag.py:3239} INFO - Sync 1 DAGs
[2024-10-16T13:00:16.802+0000] {logging_mixin.py:190} INFO - [2024-10-16T13:00:16.802+0000] {dag.py:4180} INFO - Setting next_dagrun for example_task_group_decorator to None, run_after=None
[2024-10-16T13:00:16.829+0000] {processor.py:208} INFO - Processing /home/airflow/.local/lib/python3.12/site-packages/airflow/example_dags/example_task_group_decorator.py took 0.106 seconds
[2024-10-16T13:00:46.885+0000] {processor.py:186} INFO - Started process (PID=1346) to work on /home/airflow/.local/lib/python3.12/site-packages/airflow/example_dags/example_task_group_decorator.py
[2024-10-16T13:00:46.887+0000] {processor.py:914} INFO - Processing file /home/airflow/.local/lib/python3.12/site-packages/airflow/example_dags/example_task_group_decorator.py for tasks to queue
[2024-10-16T13:00:46.890+0000] {logging_mixin.py:190} INFO - [2024-10-16T13:00:46.890+0000] {dagbag.py:588} INFO - Filling up the DagBag from /home/airflow/.local/lib/python3.12/site-packages/airflow/example_dags/example_task_group_decorator.py
[2024-10-16T13:00:46.910+0000] {processor.py:925} INFO - DAG(s) 'example_task_group_decorator' retrieved from /home/airflow/.local/lib/python3.12/site-packages/airflow/example_dags/example_task_group_decorator.py
[2024-10-16T13:00:46.941+0000] {logging_mixin.py:190} INFO - [2024-10-16T13:00:46.941+0000] {dag.py:3239} INFO - Sync 1 DAGs
[2024-10-16T13:00:46.955+0000] {logging_mixin.py:190} INFO - [2024-10-16T13:00:46.955+0000] {dag.py:4180} INFO - Setting next_dagrun for example_task_group_decorator to None, run_after=None
[2024-10-16T13:00:46.978+0000] {processor.py:208} INFO - Processing /home/airflow/.local/lib/python3.12/site-packages/airflow/example_dags/example_task_group_decorator.py took 0.098 seconds
[2024-10-16T13:01:17.332+0000] {processor.py:186} INFO - Started process (PID=1408) to work on /home/airflow/.local/lib/python3.12/site-packages/airflow/example_dags/example_task_group_decorator.py
[2024-10-16T13:01:17.334+0000] {processor.py:914} INFO - Processing file /home/airflow/.local/lib/python3.12/site-packages/airflow/example_dags/example_task_group_decorator.py for tasks to queue
[2024-10-16T13:01:17.336+0000] {logging_mixin.py:190} INFO - [2024-10-16T13:01:17.336+0000] {dagbag.py:588} INFO - Filling up the DagBag from /home/airflow/.local/lib/python3.12/site-packages/airflow/example_dags/example_task_group_decorator.py
[2024-10-16T13:01:17.348+0000] {processor.py:925} INFO - DAG(s) 'example_task_group_decorator' retrieved from /home/airflow/.local/lib/python3.12/site-packages/airflow/example_dags/example_task_group_decorator.py
[2024-10-16T13:01:17.378+0000] {logging_mixin.py:190} INFO - [2024-10-16T13:01:17.377+0000] {dag.py:3239} INFO - Sync 1 DAGs
[2024-10-16T13:01:17.392+0000] {logging_mixin.py:190} INFO - [2024-10-16T13:01:17.392+0000] {dag.py:4180} INFO - Setting next_dagrun for example_task_group_decorator to None, run_after=None
[2024-10-16T13:01:17.411+0000] {processor.py:208} INFO - Processing /home/airflow/.local/lib/python3.12/site-packages/airflow/example_dags/example_task_group_decorator.py took 0.084 seconds
[2024-10-16T13:01:48.058+0000] {processor.py:186} INFO - Started process (PID=1469) to work on /home/airflow/.local/lib/python3.12/site-packages/airflow/example_dags/example_task_group_decorator.py
[2024-10-16T13:01:48.060+0000] {processor.py:914} INFO - Processing file /home/airflow/.local/lib/python3.12/site-packages/airflow/example_dags/example_task_group_decorator.py for tasks to queue
[2024-10-16T13:01:48.063+0000] {logging_mixin.py:190} INFO - [2024-10-16T13:01:48.062+0000] {dagbag.py:588} INFO - Filling up the DagBag from /home/airflow/.local/lib/python3.12/site-packages/airflow/example_dags/example_task_group_decorator.py
[2024-10-16T13:01:48.075+0000] {processor.py:925} INFO - DAG(s) 'example_task_group_decorator' retrieved from /home/airflow/.local/lib/python3.12/site-packages/airflow/example_dags/example_task_group_decorator.py
[2024-10-16T13:01:48.100+0000] {logging_mixin.py:190} INFO - [2024-10-16T13:01:48.100+0000] {dag.py:3239} INFO - Sync 1 DAGs
[2024-10-16T13:01:48.118+0000] {logging_mixin.py:190} INFO - [2024-10-16T13:01:48.118+0000] {dag.py:4180} INFO - Setting next_dagrun for example_task_group_decorator to None, run_after=None
[2024-10-16T13:01:48.141+0000] {processor.py:208} INFO - Processing /home/airflow/.local/lib/python3.12/site-packages/airflow/example_dags/example_task_group_decorator.py took 0.090 seconds
[2024-10-16T13:02:18.991+0000] {processor.py:186} INFO - Started process (PID=1532) to work on /home/airflow/.local/lib/python3.12/site-packages/airflow/example_dags/example_task_group_decorator.py
[2024-10-16T13:02:18.993+0000] {processor.py:914} INFO - Processing file /home/airflow/.local/lib/python3.12/site-packages/airflow/example_dags/example_task_group_decorator.py for tasks to queue
[2024-10-16T13:02:18.997+0000] {logging_mixin.py:190} INFO - [2024-10-16T13:02:18.996+0000] {dagbag.py:588} INFO - Filling up the DagBag from /home/airflow/.local/lib/python3.12/site-packages/airflow/example_dags/example_task_group_decorator.py
[2024-10-16T13:02:19.018+0000] {processor.py:925} INFO - DAG(s) 'example_task_group_decorator' retrieved from /home/airflow/.local/lib/python3.12/site-packages/airflow/example_dags/example_task_group_decorator.py
[2024-10-16T13:02:19.058+0000] {logging_mixin.py:190} INFO - [2024-10-16T13:02:19.057+0000] {dag.py:3239} INFO - Sync 1 DAGs
[2024-10-16T13:02:19.092+0000] {logging_mixin.py:190} INFO - [2024-10-16T13:02:19.092+0000] {dag.py:4180} INFO - Setting next_dagrun for example_task_group_decorator to None, run_after=None
[2024-10-16T13:02:19.127+0000] {processor.py:208} INFO - Processing /home/airflow/.local/lib/python3.12/site-packages/airflow/example_dags/example_task_group_decorator.py took 0.144 seconds
[2024-10-16T13:02:49.457+0000] {processor.py:186} INFO - Started process (PID=1594) to work on /home/airflow/.local/lib/python3.12/site-packages/airflow/example_dags/example_task_group_decorator.py
[2024-10-16T13:02:49.458+0000] {processor.py:914} INFO - Processing file /home/airflow/.local/lib/python3.12/site-packages/airflow/example_dags/example_task_group_decorator.py for tasks to queue
[2024-10-16T13:02:49.462+0000] {logging_mixin.py:190} INFO - [2024-10-16T13:02:49.462+0000] {dagbag.py:588} INFO - Filling up the DagBag from /home/airflow/.local/lib/python3.12/site-packages/airflow/example_dags/example_task_group_decorator.py
[2024-10-16T13:02:49.487+0000] {processor.py:925} INFO - DAG(s) 'example_task_group_decorator' retrieved from /home/airflow/.local/lib/python3.12/site-packages/airflow/example_dags/example_task_group_decorator.py
[2024-10-16T13:02:49.525+0000] {logging_mixin.py:190} INFO - [2024-10-16T13:02:49.524+0000] {dag.py:3239} INFO - Sync 1 DAGs
[2024-10-16T13:02:49.543+0000] {logging_mixin.py:190} INFO - [2024-10-16T13:02:49.543+0000] {dag.py:4180} INFO - Setting next_dagrun for example_task_group_decorator to None, run_after=None
[2024-10-16T13:02:49.573+0000] {processor.py:208} INFO - Processing /home/airflow/.local/lib/python3.12/site-packages/airflow/example_dags/example_task_group_decorator.py took 0.124 seconds
[2024-10-16T13:03:20.974+0000] {processor.py:186} INFO - Started process (PID=1656) to work on /home/airflow/.local/lib/python3.12/site-packages/airflow/example_dags/example_task_group_decorator.py
[2024-10-16T13:03:20.975+0000] {processor.py:914} INFO - Processing file /home/airflow/.local/lib/python3.12/site-packages/airflow/example_dags/example_task_group_decorator.py for tasks to queue
[2024-10-16T13:03:20.978+0000] {logging_mixin.py:190} INFO - [2024-10-16T13:03:20.977+0000] {dagbag.py:588} INFO - Filling up the DagBag from /home/airflow/.local/lib/python3.12/site-packages/airflow/example_dags/example_task_group_decorator.py
[2024-10-16T13:03:20.997+0000] {processor.py:925} INFO - DAG(s) 'example_task_group_decorator' retrieved from /home/airflow/.local/lib/python3.12/site-packages/airflow/example_dags/example_task_group_decorator.py
[2024-10-16T13:03:21.033+0000] {logging_mixin.py:190} INFO - [2024-10-16T13:03:21.032+0000] {dag.py:3239} INFO - Sync 1 DAGs
[2024-10-16T13:03:21.051+0000] {logging_mixin.py:190} INFO - [2024-10-16T13:03:21.051+0000] {dag.py:4180} INFO - Setting next_dagrun for example_task_group_decorator to None, run_after=None
[2024-10-16T13:03:21.078+0000] {processor.py:208} INFO - Processing /home/airflow/.local/lib/python3.12/site-packages/airflow/example_dags/example_task_group_decorator.py took 0.113 seconds
[2024-10-16T13:03:52.007+0000] {processor.py:186} INFO - Started process (PID=1719) to work on /home/airflow/.local/lib/python3.12/site-packages/airflow/example_dags/example_task_group_decorator.py
[2024-10-16T13:03:52.011+0000] {processor.py:914} INFO - Processing file /home/airflow/.local/lib/python3.12/site-packages/airflow/example_dags/example_task_group_decorator.py for tasks to queue
[2024-10-16T13:03:52.014+0000] {logging_mixin.py:190} INFO - [2024-10-16T13:03:52.014+0000] {dagbag.py:588} INFO - Filling up the DagBag from /home/airflow/.local/lib/python3.12/site-packages/airflow/example_dags/example_task_group_decorator.py
[2024-10-16T13:03:52.033+0000] {processor.py:925} INFO - DAG(s) 'example_task_group_decorator' retrieved from /home/airflow/.local/lib/python3.12/site-packages/airflow/example_dags/example_task_group_decorator.py
[2024-10-16T13:03:52.059+0000] {logging_mixin.py:190} INFO - [2024-10-16T13:03:52.059+0000] {dag.py:3239} INFO - Sync 1 DAGs
[2024-10-16T13:03:52.073+0000] {logging_mixin.py:190} INFO - [2024-10-16T13:03:52.073+0000] {dag.py:4180} INFO - Setting next_dagrun for example_task_group_decorator to None, run_after=None
[2024-10-16T13:03:52.096+0000] {processor.py:208} INFO - Processing /home/airflow/.local/lib/python3.12/site-packages/airflow/example_dags/example_task_group_decorator.py took 0.098 seconds
[2024-10-16T13:04:22.289+0000] {processor.py:186} INFO - Started process (PID=1781) to work on /home/airflow/.local/lib/python3.12/site-packages/airflow/example_dags/example_task_group_decorator.py
[2024-10-16T13:04:22.290+0000] {processor.py:914} INFO - Processing file /home/airflow/.local/lib/python3.12/site-packages/airflow/example_dags/example_task_group_decorator.py for tasks to queue
[2024-10-16T13:04:22.292+0000] {logging_mixin.py:190} INFO - [2024-10-16T13:04:22.292+0000] {dagbag.py:588} INFO - Filling up the DagBag from /home/airflow/.local/lib/python3.12/site-packages/airflow/example_dags/example_task_group_decorator.py
[2024-10-16T13:04:22.313+0000] {processor.py:925} INFO - DAG(s) 'example_task_group_decorator' retrieved from /home/airflow/.local/lib/python3.12/site-packages/airflow/example_dags/example_task_group_decorator.py
[2024-10-16T13:04:22.343+0000] {logging_mixin.py:190} INFO - [2024-10-16T13:04:22.343+0000] {dag.py:3239} INFO - Sync 1 DAGs
[2024-10-16T13:04:22.359+0000] {logging_mixin.py:190} INFO - [2024-10-16T13:04:22.359+0000] {dag.py:4180} INFO - Setting next_dagrun for example_task_group_decorator to None, run_after=None
[2024-10-16T13:04:22.382+0000] {processor.py:208} INFO - Processing /home/airflow/.local/lib/python3.12/site-packages/airflow/example_dags/example_task_group_decorator.py took 0.100 seconds
[2024-10-16T13:08:06.544+0000] {processor.py:186} INFO - Started process (PID=97) to work on /home/airflow/.local/lib/python3.12/site-packages/airflow/example_dags/example_task_group_decorator.py
[2024-10-16T13:08:06.546+0000] {processor.py:914} INFO - Processing file /home/airflow/.local/lib/python3.12/site-packages/airflow/example_dags/example_task_group_decorator.py for tasks to queue
[2024-10-16T13:08:06.548+0000] {logging_mixin.py:190} INFO - [2024-10-16T13:08:06.548+0000] {dagbag.py:588} INFO - Filling up the DagBag from /home/airflow/.local/lib/python3.12/site-packages/airflow/example_dags/example_task_group_decorator.py
[2024-10-16T13:08:06.567+0000] {processor.py:925} INFO - DAG(s) 'example_task_group_decorator' retrieved from /home/airflow/.local/lib/python3.12/site-packages/airflow/example_dags/example_task_group_decorator.py
[2024-10-16T13:08:06.683+0000] {logging_mixin.py:190} INFO - [2024-10-16T13:08:06.682+0000] {override.py:1900} INFO - Created Permission View: can read on DAG:example_task_group_decorator
[2024-10-16T13:08:06.693+0000] {logging_mixin.py:190} INFO - [2024-10-16T13:08:06.692+0000] {override.py:1900} INFO - Created Permission View: can delete on DAG:example_task_group_decorator
[2024-10-16T13:08:06.700+0000] {logging_mixin.py:190} INFO - [2024-10-16T13:08:06.700+0000] {override.py:1900} INFO - Created Permission View: can edit on DAG:example_task_group_decorator
[2024-10-16T13:08:06.709+0000] {logging_mixin.py:190} INFO - [2024-10-16T13:08:06.709+0000] {override.py:1900} INFO - Created Permission View: can create on DAG Run:example_task_group_decorator
[2024-10-16T13:08:06.718+0000] {logging_mixin.py:190} INFO - [2024-10-16T13:08:06.717+0000] {override.py:1900} INFO - Created Permission View: menu access on DAG Run:example_task_group_decorator
[2024-10-16T13:08:06.726+0000] {logging_mixin.py:190} INFO - [2024-10-16T13:08:06.726+0000] {override.py:1900} INFO - Created Permission View: can read on DAG Run:example_task_group_decorator
[2024-10-16T13:08:06.734+0000] {logging_mixin.py:190} INFO - [2024-10-16T13:08:06.734+0000] {override.py:1900} INFO - Created Permission View: can delete on DAG Run:example_task_group_decorator
[2024-10-16T13:08:06.737+0000] {logging_mixin.py:190} INFO - [2024-10-16T13:08:06.737+0000] {dag.py:3239} INFO - Sync 1 DAGs
[2024-10-16T13:08:06.757+0000] {logging_mixin.py:190} INFO - [2024-10-16T13:08:06.757+0000] {dag.py:3262} INFO - Creating ORM DAG for example_task_group_decorator
[2024-10-16T13:08:06.758+0000] {logging_mixin.py:190} INFO - [2024-10-16T13:08:06.758+0000] {dag.py:4180} INFO - Setting next_dagrun for example_task_group_decorator to None, run_after=None
[2024-10-16T13:08:06.777+0000] {processor.py:208} INFO - Processing /home/airflow/.local/lib/python3.12/site-packages/airflow/example_dags/example_task_group_decorator.py took 0.239 seconds
[2024-10-16T13:08:37.085+0000] {processor.py:186} INFO - Started process (PID=160) to work on /home/airflow/.local/lib/python3.12/site-packages/airflow/example_dags/example_task_group_decorator.py
[2024-10-16T13:08:37.086+0000] {processor.py:914} INFO - Processing file /home/airflow/.local/lib/python3.12/site-packages/airflow/example_dags/example_task_group_decorator.py for tasks to queue
[2024-10-16T13:08:37.090+0000] {logging_mixin.py:190} INFO - [2024-10-16T13:08:37.089+0000] {dagbag.py:588} INFO - Filling up the DagBag from /home/airflow/.local/lib/python3.12/site-packages/airflow/example_dags/example_task_group_decorator.py
[2024-10-16T13:08:37.101+0000] {processor.py:925} INFO - DAG(s) 'example_task_group_decorator' retrieved from /home/airflow/.local/lib/python3.12/site-packages/airflow/example_dags/example_task_group_decorator.py
[2024-10-16T13:08:37.125+0000] {logging_mixin.py:190} INFO - [2024-10-16T13:08:37.125+0000] {dag.py:3239} INFO - Sync 1 DAGs
[2024-10-16T13:08:37.138+0000] {logging_mixin.py:190} INFO - [2024-10-16T13:08:37.138+0000] {dag.py:4180} INFO - Setting next_dagrun for example_task_group_decorator to None, run_after=None
[2024-10-16T13:08:37.159+0000] {processor.py:208} INFO - Processing /home/airflow/.local/lib/python3.12/site-packages/airflow/example_dags/example_task_group_decorator.py took 0.079 seconds
[2024-10-16T13:09:07.330+0000] {processor.py:186} INFO - Started process (PID=223) to work on /home/airflow/.local/lib/python3.12/site-packages/airflow/example_dags/example_task_group_decorator.py
[2024-10-16T13:09:07.331+0000] {processor.py:914} INFO - Processing file /home/airflow/.local/lib/python3.12/site-packages/airflow/example_dags/example_task_group_decorator.py for tasks to queue
[2024-10-16T13:09:07.332+0000] {logging_mixin.py:190} INFO - [2024-10-16T13:09:07.332+0000] {dagbag.py:588} INFO - Filling up the DagBag from /home/airflow/.local/lib/python3.12/site-packages/airflow/example_dags/example_task_group_decorator.py
[2024-10-16T13:09:07.353+0000] {processor.py:925} INFO - DAG(s) 'example_task_group_decorator' retrieved from /home/airflow/.local/lib/python3.12/site-packages/airflow/example_dags/example_task_group_decorator.py
[2024-10-16T13:09:07.387+0000] {logging_mixin.py:190} INFO - [2024-10-16T13:09:07.387+0000] {dag.py:3239} INFO - Sync 1 DAGs
[2024-10-16T13:09:07.400+0000] {logging_mixin.py:190} INFO - [2024-10-16T13:09:07.400+0000] {dag.py:4180} INFO - Setting next_dagrun for example_task_group_decorator to None, run_after=None
[2024-10-16T13:09:07.427+0000] {processor.py:208} INFO - Processing /home/airflow/.local/lib/python3.12/site-packages/airflow/example_dags/example_task_group_decorator.py took 0.102 seconds
[2024-10-16T13:09:37.591+0000] {processor.py:186} INFO - Started process (PID=286) to work on /home/airflow/.local/lib/python3.12/site-packages/airflow/example_dags/example_task_group_decorator.py
[2024-10-16T13:09:37.592+0000] {processor.py:914} INFO - Processing file /home/airflow/.local/lib/python3.12/site-packages/airflow/example_dags/example_task_group_decorator.py for tasks to queue
[2024-10-16T13:09:37.594+0000] {logging_mixin.py:190} INFO - [2024-10-16T13:09:37.594+0000] {dagbag.py:588} INFO - Filling up the DagBag from /home/airflow/.local/lib/python3.12/site-packages/airflow/example_dags/example_task_group_decorator.py
[2024-10-16T13:09:37.605+0000] {processor.py:925} INFO - DAG(s) 'example_task_group_decorator' retrieved from /home/airflow/.local/lib/python3.12/site-packages/airflow/example_dags/example_task_group_decorator.py
[2024-10-16T13:09:37.627+0000] {logging_mixin.py:190} INFO - [2024-10-16T13:09:37.627+0000] {dag.py:3239} INFO - Sync 1 DAGs
[2024-10-16T13:09:37.640+0000] {logging_mixin.py:190} INFO - [2024-10-16T13:09:37.640+0000] {dag.py:4180} INFO - Setting next_dagrun for example_task_group_decorator to None, run_after=None
[2024-10-16T13:09:37.666+0000] {processor.py:208} INFO - Processing /home/airflow/.local/lib/python3.12/site-packages/airflow/example_dags/example_task_group_decorator.py took 0.079 seconds
[2024-10-16T13:10:08.630+0000] {processor.py:186} INFO - Started process (PID=349) to work on /home/airflow/.local/lib/python3.12/site-packages/airflow/example_dags/example_task_group_decorator.py
[2024-10-16T13:10:08.631+0000] {processor.py:914} INFO - Processing file /home/airflow/.local/lib/python3.12/site-packages/airflow/example_dags/example_task_group_decorator.py for tasks to queue
[2024-10-16T13:10:08.633+0000] {logging_mixin.py:190} INFO - [2024-10-16T13:10:08.633+0000] {dagbag.py:588} INFO - Filling up the DagBag from /home/airflow/.local/lib/python3.12/site-packages/airflow/example_dags/example_task_group_decorator.py
[2024-10-16T13:10:08.650+0000] {processor.py:925} INFO - DAG(s) 'example_task_group_decorator' retrieved from /home/airflow/.local/lib/python3.12/site-packages/airflow/example_dags/example_task_group_decorator.py
[2024-10-16T13:10:08.679+0000] {logging_mixin.py:190} INFO - [2024-10-16T13:10:08.679+0000] {dag.py:3239} INFO - Sync 1 DAGs
[2024-10-16T13:10:08.696+0000] {logging_mixin.py:190} INFO - [2024-10-16T13:10:08.695+0000] {dag.py:4180} INFO - Setting next_dagrun for example_task_group_decorator to None, run_after=None
[2024-10-16T13:10:08.718+0000] {processor.py:208} INFO - Processing /home/airflow/.local/lib/python3.12/site-packages/airflow/example_dags/example_task_group_decorator.py took 0.095 seconds
[2024-10-16T13:10:39.244+0000] {processor.py:186} INFO - Started process (PID=412) to work on /home/airflow/.local/lib/python3.12/site-packages/airflow/example_dags/example_task_group_decorator.py
[2024-10-16T13:10:39.245+0000] {processor.py:914} INFO - Processing file /home/airflow/.local/lib/python3.12/site-packages/airflow/example_dags/example_task_group_decorator.py for tasks to queue
[2024-10-16T13:10:39.248+0000] {logging_mixin.py:190} INFO - [2024-10-16T13:10:39.248+0000] {dagbag.py:588} INFO - Filling up the DagBag from /home/airflow/.local/lib/python3.12/site-packages/airflow/example_dags/example_task_group_decorator.py
[2024-10-16T13:10:39.261+0000] {processor.py:925} INFO - DAG(s) 'example_task_group_decorator' retrieved from /home/airflow/.local/lib/python3.12/site-packages/airflow/example_dags/example_task_group_decorator.py
[2024-10-16T13:10:39.287+0000] {logging_mixin.py:190} INFO - [2024-10-16T13:10:39.287+0000] {dag.py:3239} INFO - Sync 1 DAGs
[2024-10-16T13:10:39.305+0000] {logging_mixin.py:190} INFO - [2024-10-16T13:10:39.304+0000] {dag.py:4180} INFO - Setting next_dagrun for example_task_group_decorator to None, run_after=None
[2024-10-16T13:10:39.331+0000] {processor.py:208} INFO - Processing /home/airflow/.local/lib/python3.12/site-packages/airflow/example_dags/example_task_group_decorator.py took 0.091 seconds
[2024-10-16T13:11:10.012+0000] {processor.py:186} INFO - Started process (PID=475) to work on /home/airflow/.local/lib/python3.12/site-packages/airflow/example_dags/example_task_group_decorator.py
[2024-10-16T13:11:10.013+0000] {processor.py:914} INFO - Processing file /home/airflow/.local/lib/python3.12/site-packages/airflow/example_dags/example_task_group_decorator.py for tasks to queue
[2024-10-16T13:11:10.015+0000] {logging_mixin.py:190} INFO - [2024-10-16T13:11:10.015+0000] {dagbag.py:588} INFO - Filling up the DagBag from /home/airflow/.local/lib/python3.12/site-packages/airflow/example_dags/example_task_group_decorator.py
[2024-10-16T13:11:10.028+0000] {processor.py:925} INFO - DAG(s) 'example_task_group_decorator' retrieved from /home/airflow/.local/lib/python3.12/site-packages/airflow/example_dags/example_task_group_decorator.py
[2024-10-16T13:11:10.052+0000] {logging_mixin.py:190} INFO - [2024-10-16T13:11:10.051+0000] {dag.py:3239} INFO - Sync 1 DAGs
[2024-10-16T13:11:10.064+0000] {logging_mixin.py:190} INFO - [2024-10-16T13:11:10.063+0000] {dag.py:4180} INFO - Setting next_dagrun for example_task_group_decorator to None, run_after=None
[2024-10-16T13:11:10.082+0000] {processor.py:208} INFO - Processing /home/airflow/.local/lib/python3.12/site-packages/airflow/example_dags/example_task_group_decorator.py took 0.076 seconds
[2024-10-16T13:12:46.573+0000] {processor.py:186} INFO - Started process (PID=96) to work on /home/airflow/.local/lib/python3.12/site-packages/airflow/example_dags/example_task_group_decorator.py
[2024-10-16T13:12:46.574+0000] {processor.py:914} INFO - Processing file /home/airflow/.local/lib/python3.12/site-packages/airflow/example_dags/example_task_group_decorator.py for tasks to queue
[2024-10-16T13:12:46.577+0000] {logging_mixin.py:190} INFO - [2024-10-16T13:12:46.576+0000] {dagbag.py:588} INFO - Filling up the DagBag from /home/airflow/.local/lib/python3.12/site-packages/airflow/example_dags/example_task_group_decorator.py
[2024-10-16T13:12:46.591+0000] {processor.py:925} INFO - DAG(s) 'example_task_group_decorator' retrieved from /home/airflow/.local/lib/python3.12/site-packages/airflow/example_dags/example_task_group_decorator.py
[2024-10-16T13:12:46.703+0000] {logging_mixin.py:190} INFO - [2024-10-16T13:12:46.703+0000] {override.py:1900} INFO - Created Permission View: can read on DAG:example_task_group_decorator
[2024-10-16T13:12:46.714+0000] {logging_mixin.py:190} INFO - [2024-10-16T13:12:46.714+0000] {override.py:1900} INFO - Created Permission View: can edit on DAG:example_task_group_decorator
[2024-10-16T13:12:46.721+0000] {logging_mixin.py:190} INFO - [2024-10-16T13:12:46.720+0000] {override.py:1900} INFO - Created Permission View: can delete on DAG:example_task_group_decorator
[2024-10-16T13:12:46.728+0000] {logging_mixin.py:190} INFO - [2024-10-16T13:12:46.728+0000] {override.py:1900} INFO - Created Permission View: can read on DAG Run:example_task_group_decorator
[2024-10-16T13:12:46.735+0000] {logging_mixin.py:190} INFO - [2024-10-16T13:12:46.734+0000] {override.py:1900} INFO - Created Permission View: menu access on DAG Run:example_task_group_decorator
[2024-10-16T13:12:46.740+0000] {logging_mixin.py:190} INFO - [2024-10-16T13:12:46.740+0000] {override.py:1900} INFO - Created Permission View: can delete on DAG Run:example_task_group_decorator
[2024-10-16T13:12:46.745+0000] {logging_mixin.py:190} INFO - [2024-10-16T13:12:46.745+0000] {override.py:1900} INFO - Created Permission View: can create on DAG Run:example_task_group_decorator
[2024-10-16T13:12:46.746+0000] {logging_mixin.py:190} INFO - [2024-10-16T13:12:46.746+0000] {dag.py:3239} INFO - Sync 1 DAGs
[2024-10-16T13:12:46.757+0000] {logging_mixin.py:190} INFO - [2024-10-16T13:12:46.757+0000] {dag.py:3262} INFO - Creating ORM DAG for example_task_group_decorator
[2024-10-16T13:12:46.758+0000] {logging_mixin.py:190} INFO - [2024-10-16T13:12:46.758+0000] {dag.py:4180} INFO - Setting next_dagrun for example_task_group_decorator to None, run_after=None
[2024-10-16T13:12:46.772+0000] {processor.py:208} INFO - Processing /home/airflow/.local/lib/python3.12/site-packages/airflow/example_dags/example_task_group_decorator.py took 0.204 seconds
[2024-10-16T13:13:17.001+0000] {processor.py:186} INFO - Started process (PID=159) to work on /home/airflow/.local/lib/python3.12/site-packages/airflow/example_dags/example_task_group_decorator.py
[2024-10-16T13:13:17.002+0000] {processor.py:914} INFO - Processing file /home/airflow/.local/lib/python3.12/site-packages/airflow/example_dags/example_task_group_decorator.py for tasks to queue
[2024-10-16T13:13:17.004+0000] {logging_mixin.py:190} INFO - [2024-10-16T13:13:17.004+0000] {dagbag.py:588} INFO - Filling up the DagBag from /home/airflow/.local/lib/python3.12/site-packages/airflow/example_dags/example_task_group_decorator.py
[2024-10-16T13:13:17.020+0000] {processor.py:925} INFO - DAG(s) 'example_task_group_decorator' retrieved from /home/airflow/.local/lib/python3.12/site-packages/airflow/example_dags/example_task_group_decorator.py
[2024-10-16T13:13:17.042+0000] {logging_mixin.py:190} INFO - [2024-10-16T13:13:17.042+0000] {dag.py:3239} INFO - Sync 1 DAGs
[2024-10-16T13:13:17.054+0000] {logging_mixin.py:190} INFO - [2024-10-16T13:13:17.053+0000] {dag.py:4180} INFO - Setting next_dagrun for example_task_group_decorator to None, run_after=None
[2024-10-16T13:13:17.077+0000] {processor.py:208} INFO - Processing /home/airflow/.local/lib/python3.12/site-packages/airflow/example_dags/example_task_group_decorator.py took 0.081 seconds
[2024-10-16T13:14:47.773+0000] {processor.py:186} INFO - Started process (PID=98) to work on /home/airflow/.local/lib/python3.12/site-packages/airflow/example_dags/example_task_group_decorator.py
[2024-10-16T13:14:47.774+0000] {processor.py:914} INFO - Processing file /home/airflow/.local/lib/python3.12/site-packages/airflow/example_dags/example_task_group_decorator.py for tasks to queue
[2024-10-16T13:14:47.779+0000] {logging_mixin.py:190} INFO - [2024-10-16T13:14:47.779+0000] {dagbag.py:588} INFO - Filling up the DagBag from /home/airflow/.local/lib/python3.12/site-packages/airflow/example_dags/example_task_group_decorator.py
[2024-10-16T13:14:47.800+0000] {processor.py:925} INFO - DAG(s) 'example_task_group_decorator' retrieved from /home/airflow/.local/lib/python3.12/site-packages/airflow/example_dags/example_task_group_decorator.py
[2024-10-16T13:14:47.903+0000] {logging_mixin.py:190} INFO - [2024-10-16T13:14:47.901+0000] {override.py:1900} INFO - Created Permission View: can read on DAG:example_task_group_decorator
[2024-10-16T13:14:47.917+0000] {logging_mixin.py:190} INFO - [2024-10-16T13:14:47.916+0000] {override.py:1900} INFO - Created Permission View: can delete on DAG:example_task_group_decorator
[2024-10-16T13:14:47.927+0000] {logging_mixin.py:190} INFO - [2024-10-16T13:14:47.926+0000] {override.py:1900} INFO - Created Permission View: can edit on DAG:example_task_group_decorator
[2024-10-16T13:14:47.938+0000] {logging_mixin.py:190} INFO - [2024-10-16T13:14:47.938+0000] {override.py:1900} INFO - Created Permission View: can read on DAG Run:example_task_group_decorator
[2024-10-16T13:14:47.947+0000] {logging_mixin.py:190} INFO - [2024-10-16T13:14:47.946+0000] {override.py:1900} INFO - Created Permission View: can create on DAG Run:example_task_group_decorator
[2024-10-16T13:14:47.957+0000] {logging_mixin.py:190} INFO - [2024-10-16T13:14:47.955+0000] {override.py:1900} INFO - Created Permission View: can delete on DAG Run:example_task_group_decorator
[2024-10-16T13:14:47.968+0000] {logging_mixin.py:190} INFO - [2024-10-16T13:14:47.968+0000] {override.py:1900} INFO - Created Permission View: menu access on DAG Run:example_task_group_decorator
[2024-10-16T13:14:47.969+0000] {logging_mixin.py:190} INFO - [2024-10-16T13:14:47.969+0000] {dag.py:3239} INFO - Sync 1 DAGs
[2024-10-16T13:14:47.982+0000] {logging_mixin.py:190} INFO - [2024-10-16T13:14:47.982+0000] {dag.py:3262} INFO - Creating ORM DAG for example_task_group_decorator
[2024-10-16T13:14:47.984+0000] {logging_mixin.py:190} INFO - [2024-10-16T13:14:47.984+0000] {dag.py:4180} INFO - Setting next_dagrun for example_task_group_decorator to None, run_after=None
[2024-10-16T13:14:48.004+0000] {processor.py:208} INFO - Processing /home/airflow/.local/lib/python3.12/site-packages/airflow/example_dags/example_task_group_decorator.py took 0.237 seconds
[2024-10-16T13:16:17.262+0000] {processor.py:186} INFO - Started process (PID=97) to work on /home/airflow/.local/lib/python3.12/site-packages/airflow/example_dags/example_task_group_decorator.py
[2024-10-16T13:16:17.263+0000] {processor.py:914} INFO - Processing file /home/airflow/.local/lib/python3.12/site-packages/airflow/example_dags/example_task_group_decorator.py for tasks to queue
[2024-10-16T13:16:17.265+0000] {logging_mixin.py:190} INFO - [2024-10-16T13:16:17.264+0000] {dagbag.py:588} INFO - Filling up the DagBag from /home/airflow/.local/lib/python3.12/site-packages/airflow/example_dags/example_task_group_decorator.py
[2024-10-16T13:16:17.277+0000] {processor.py:925} INFO - DAG(s) 'example_task_group_decorator' retrieved from /home/airflow/.local/lib/python3.12/site-packages/airflow/example_dags/example_task_group_decorator.py
[2024-10-16T13:16:17.419+0000] {logging_mixin.py:190} INFO - [2024-10-16T13:16:17.418+0000] {override.py:1900} INFO - Created Permission View: can edit on DAG:example_task_group_decorator
[2024-10-16T13:16:17.437+0000] {logging_mixin.py:190} INFO - [2024-10-16T13:16:17.436+0000] {override.py:1900} INFO - Created Permission View: can read on DAG:example_task_group_decorator
[2024-10-16T13:16:17.443+0000] {logging_mixin.py:190} INFO - [2024-10-16T13:16:17.443+0000] {override.py:1900} INFO - Created Permission View: can delete on DAG:example_task_group_decorator
[2024-10-16T13:16:17.453+0000] {logging_mixin.py:190} INFO - [2024-10-16T13:16:17.452+0000] {override.py:1900} INFO - Created Permission View: menu access on DAG Run:example_task_group_decorator
[2024-10-16T13:16:17.461+0000] {logging_mixin.py:190} INFO - [2024-10-16T13:16:17.461+0000] {override.py:1900} INFO - Created Permission View: can read on DAG Run:example_task_group_decorator
[2024-10-16T13:16:17.469+0000] {logging_mixin.py:190} INFO - [2024-10-16T13:16:17.469+0000] {override.py:1900} INFO - Created Permission View: can create on DAG Run:example_task_group_decorator
[2024-10-16T13:16:17.476+0000] {logging_mixin.py:190} INFO - [2024-10-16T13:16:17.476+0000] {override.py:1900} INFO - Created Permission View: can delete on DAG Run:example_task_group_decorator
[2024-10-16T13:16:17.477+0000] {logging_mixin.py:190} INFO - [2024-10-16T13:16:17.477+0000] {dag.py:3239} INFO - Sync 1 DAGs
[2024-10-16T13:16:17.490+0000] {logging_mixin.py:190} INFO - [2024-10-16T13:16:17.489+0000] {dag.py:3262} INFO - Creating ORM DAG for example_task_group_decorator
[2024-10-16T13:16:17.491+0000] {logging_mixin.py:190} INFO - [2024-10-16T13:16:17.491+0000] {dag.py:4180} INFO - Setting next_dagrun for example_task_group_decorator to None, run_after=None
[2024-10-16T13:16:17.523+0000] {processor.py:208} INFO - Processing /home/airflow/.local/lib/python3.12/site-packages/airflow/example_dags/example_task_group_decorator.py took 0.265 seconds
[2024-10-16T13:16:48.351+0000] {processor.py:186} INFO - Started process (PID=160) to work on /home/airflow/.local/lib/python3.12/site-packages/airflow/example_dags/example_task_group_decorator.py
[2024-10-16T13:16:48.353+0000] {processor.py:914} INFO - Processing file /home/airflow/.local/lib/python3.12/site-packages/airflow/example_dags/example_task_group_decorator.py for tasks to queue
[2024-10-16T13:16:48.356+0000] {logging_mixin.py:190} INFO - [2024-10-16T13:16:48.355+0000] {dagbag.py:588} INFO - Filling up the DagBag from /home/airflow/.local/lib/python3.12/site-packages/airflow/example_dags/example_task_group_decorator.py
[2024-10-16T13:16:48.377+0000] {processor.py:925} INFO - DAG(s) 'example_task_group_decorator' retrieved from /home/airflow/.local/lib/python3.12/site-packages/airflow/example_dags/example_task_group_decorator.py
[2024-10-16T13:16:48.405+0000] {logging_mixin.py:190} INFO - [2024-10-16T13:16:48.405+0000] {dag.py:3239} INFO - Sync 1 DAGs
[2024-10-16T13:16:48.421+0000] {logging_mixin.py:190} INFO - [2024-10-16T13:16:48.421+0000] {dag.py:4180} INFO - Setting next_dagrun for example_task_group_decorator to None, run_after=None
[2024-10-16T13:16:48.452+0000] {processor.py:208} INFO - Processing /home/airflow/.local/lib/python3.12/site-packages/airflow/example_dags/example_task_group_decorator.py took 0.109 seconds
[2024-10-16T13:17:18.931+0000] {processor.py:186} INFO - Started process (PID=223) to work on /home/airflow/.local/lib/python3.12/site-packages/airflow/example_dags/example_task_group_decorator.py
[2024-10-16T13:17:18.933+0000] {processor.py:914} INFO - Processing file /home/airflow/.local/lib/python3.12/site-packages/airflow/example_dags/example_task_group_decorator.py for tasks to queue
[2024-10-16T13:17:18.937+0000] {logging_mixin.py:190} INFO - [2024-10-16T13:17:18.936+0000] {dagbag.py:588} INFO - Filling up the DagBag from /home/airflow/.local/lib/python3.12/site-packages/airflow/example_dags/example_task_group_decorator.py
[2024-10-16T13:17:18.951+0000] {processor.py:925} INFO - DAG(s) 'example_task_group_decorator' retrieved from /home/airflow/.local/lib/python3.12/site-packages/airflow/example_dags/example_task_group_decorator.py
[2024-10-16T13:17:18.983+0000] {logging_mixin.py:190} INFO - [2024-10-16T13:17:18.983+0000] {dag.py:3239} INFO - Sync 1 DAGs
[2024-10-16T13:17:19.001+0000] {logging_mixin.py:190} INFO - [2024-10-16T13:17:19.001+0000] {dag.py:4180} INFO - Setting next_dagrun for example_task_group_decorator to None, run_after=None
[2024-10-16T13:17:19.019+0000] {processor.py:208} INFO - Processing /home/airflow/.local/lib/python3.12/site-packages/airflow/example_dags/example_task_group_decorator.py took 0.093 seconds
[2024-10-16T13:17:49.651+0000] {processor.py:186} INFO - Started process (PID=286) to work on /home/airflow/.local/lib/python3.12/site-packages/airflow/example_dags/example_task_group_decorator.py
[2024-10-16T13:17:49.653+0000] {processor.py:914} INFO - Processing file /home/airflow/.local/lib/python3.12/site-packages/airflow/example_dags/example_task_group_decorator.py for tasks to queue
[2024-10-16T13:17:49.656+0000] {logging_mixin.py:190} INFO - [2024-10-16T13:17:49.656+0000] {dagbag.py:588} INFO - Filling up the DagBag from /home/airflow/.local/lib/python3.12/site-packages/airflow/example_dags/example_task_group_decorator.py
[2024-10-16T13:17:49.686+0000] {processor.py:925} INFO - DAG(s) 'example_task_group_decorator' retrieved from /home/airflow/.local/lib/python3.12/site-packages/airflow/example_dags/example_task_group_decorator.py
[2024-10-16T13:17:49.717+0000] {logging_mixin.py:190} INFO - [2024-10-16T13:17:49.717+0000] {dag.py:3239} INFO - Sync 1 DAGs
[2024-10-16T13:17:49.734+0000] {logging_mixin.py:190} INFO - [2024-10-16T13:17:49.733+0000] {dag.py:4180} INFO - Setting next_dagrun for example_task_group_decorator to None, run_after=None
[2024-10-16T13:17:49.760+0000] {processor.py:208} INFO - Processing /home/airflow/.local/lib/python3.12/site-packages/airflow/example_dags/example_task_group_decorator.py took 0.117 seconds
[2024-10-16T13:18:20.070+0000] {processor.py:186} INFO - Started process (PID=349) to work on /home/airflow/.local/lib/python3.12/site-packages/airflow/example_dags/example_task_group_decorator.py
[2024-10-16T13:18:20.072+0000] {processor.py:914} INFO - Processing file /home/airflow/.local/lib/python3.12/site-packages/airflow/example_dags/example_task_group_decorator.py for tasks to queue
[2024-10-16T13:18:20.074+0000] {logging_mixin.py:190} INFO - [2024-10-16T13:18:20.074+0000] {dagbag.py:588} INFO - Filling up the DagBag from /home/airflow/.local/lib/python3.12/site-packages/airflow/example_dags/example_task_group_decorator.py
[2024-10-16T13:18:20.094+0000] {processor.py:925} INFO - DAG(s) 'example_task_group_decorator' retrieved from /home/airflow/.local/lib/python3.12/site-packages/airflow/example_dags/example_task_group_decorator.py
[2024-10-16T13:18:20.124+0000] {logging_mixin.py:190} INFO - [2024-10-16T13:18:20.124+0000] {dag.py:3239} INFO - Sync 1 DAGs
[2024-10-16T13:18:20.139+0000] {logging_mixin.py:190} INFO - [2024-10-16T13:18:20.138+0000] {dag.py:4180} INFO - Setting next_dagrun for example_task_group_decorator to None, run_after=None
[2024-10-16T13:18:20.162+0000] {processor.py:208} INFO - Processing /home/airflow/.local/lib/python3.12/site-packages/airflow/example_dags/example_task_group_decorator.py took 0.099 seconds
[2024-10-16T13:18:50.765+0000] {processor.py:186} INFO - Started process (PID=412) to work on /home/airflow/.local/lib/python3.12/site-packages/airflow/example_dags/example_task_group_decorator.py
[2024-10-16T13:18:50.766+0000] {processor.py:914} INFO - Processing file /home/airflow/.local/lib/python3.12/site-packages/airflow/example_dags/example_task_group_decorator.py for tasks to queue
[2024-10-16T13:18:50.770+0000] {logging_mixin.py:190} INFO - [2024-10-16T13:18:50.769+0000] {dagbag.py:588} INFO - Filling up the DagBag from /home/airflow/.local/lib/python3.12/site-packages/airflow/example_dags/example_task_group_decorator.py
[2024-10-16T13:18:50.790+0000] {processor.py:925} INFO - DAG(s) 'example_task_group_decorator' retrieved from /home/airflow/.local/lib/python3.12/site-packages/airflow/example_dags/example_task_group_decorator.py
[2024-10-16T13:18:50.822+0000] {logging_mixin.py:190} INFO - [2024-10-16T13:18:50.822+0000] {dag.py:3239} INFO - Sync 1 DAGs
[2024-10-16T13:18:50.841+0000] {logging_mixin.py:190} INFO - [2024-10-16T13:18:50.841+0000] {dag.py:4180} INFO - Setting next_dagrun for example_task_group_decorator to None, run_after=None
[2024-10-16T13:18:50.884+0000] {processor.py:208} INFO - Processing /home/airflow/.local/lib/python3.12/site-packages/airflow/example_dags/example_task_group_decorator.py took 0.127 seconds
[2024-10-16T13:19:21.567+0000] {processor.py:186} INFO - Started process (PID=475) to work on /home/airflow/.local/lib/python3.12/site-packages/airflow/example_dags/example_task_group_decorator.py
[2024-10-16T13:19:21.569+0000] {processor.py:914} INFO - Processing file /home/airflow/.local/lib/python3.12/site-packages/airflow/example_dags/example_task_group_decorator.py for tasks to queue
[2024-10-16T13:19:21.573+0000] {logging_mixin.py:190} INFO - [2024-10-16T13:19:21.572+0000] {dagbag.py:588} INFO - Filling up the DagBag from /home/airflow/.local/lib/python3.12/site-packages/airflow/example_dags/example_task_group_decorator.py
[2024-10-16T13:19:21.599+0000] {processor.py:925} INFO - DAG(s) 'example_task_group_decorator' retrieved from /home/airflow/.local/lib/python3.12/site-packages/airflow/example_dags/example_task_group_decorator.py
[2024-10-16T13:19:21.629+0000] {logging_mixin.py:190} INFO - [2024-10-16T13:19:21.629+0000] {dag.py:3239} INFO - Sync 1 DAGs
[2024-10-16T13:19:21.643+0000] {logging_mixin.py:190} INFO - [2024-10-16T13:19:21.643+0000] {dag.py:4180} INFO - Setting next_dagrun for example_task_group_decorator to None, run_after=None
[2024-10-16T13:19:21.671+0000] {processor.py:208} INFO - Processing /home/airflow/.local/lib/python3.12/site-packages/airflow/example_dags/example_task_group_decorator.py took 0.109 seconds
[2024-10-16T13:19:52.171+0000] {processor.py:186} INFO - Started process (PID=538) to work on /home/airflow/.local/lib/python3.12/site-packages/airflow/example_dags/example_task_group_decorator.py
[2024-10-16T13:19:52.172+0000] {processor.py:914} INFO - Processing file /home/airflow/.local/lib/python3.12/site-packages/airflow/example_dags/example_task_group_decorator.py for tasks to queue
[2024-10-16T13:19:52.174+0000] {logging_mixin.py:190} INFO - [2024-10-16T13:19:52.174+0000] {dagbag.py:588} INFO - Filling up the DagBag from /home/airflow/.local/lib/python3.12/site-packages/airflow/example_dags/example_task_group_decorator.py
[2024-10-16T13:19:52.188+0000] {processor.py:925} INFO - DAG(s) 'example_task_group_decorator' retrieved from /home/airflow/.local/lib/python3.12/site-packages/airflow/example_dags/example_task_group_decorator.py
[2024-10-16T13:19:52.219+0000] {logging_mixin.py:190} INFO - [2024-10-16T13:19:52.219+0000] {dag.py:3239} INFO - Sync 1 DAGs
[2024-10-16T13:19:52.233+0000] {logging_mixin.py:190} INFO - [2024-10-16T13:19:52.233+0000] {dag.py:4180} INFO - Setting next_dagrun for example_task_group_decorator to None, run_after=None
[2024-10-16T13:19:52.266+0000] {processor.py:208} INFO - Processing /home/airflow/.local/lib/python3.12/site-packages/airflow/example_dags/example_task_group_decorator.py took 0.100 seconds
[2024-10-16T13:20:22.826+0000] {processor.py:186} INFO - Started process (PID=601) to work on /home/airflow/.local/lib/python3.12/site-packages/airflow/example_dags/example_task_group_decorator.py
[2024-10-16T13:20:22.827+0000] {processor.py:914} INFO - Processing file /home/airflow/.local/lib/python3.12/site-packages/airflow/example_dags/example_task_group_decorator.py for tasks to queue
[2024-10-16T13:20:22.831+0000] {logging_mixin.py:190} INFO - [2024-10-16T13:20:22.830+0000] {dagbag.py:588} INFO - Filling up the DagBag from /home/airflow/.local/lib/python3.12/site-packages/airflow/example_dags/example_task_group_decorator.py
[2024-10-16T13:20:22.852+0000] {processor.py:925} INFO - DAG(s) 'example_task_group_decorator' retrieved from /home/airflow/.local/lib/python3.12/site-packages/airflow/example_dags/example_task_group_decorator.py
[2024-10-16T13:20:22.884+0000] {logging_mixin.py:190} INFO - [2024-10-16T13:20:22.884+0000] {dag.py:3239} INFO - Sync 1 DAGs
[2024-10-16T13:20:22.906+0000] {logging_mixin.py:190} INFO - [2024-10-16T13:20:22.906+0000] {dag.py:4180} INFO - Setting next_dagrun for example_task_group_decorator to None, run_after=None
[2024-10-16T13:20:22.932+0000] {processor.py:208} INFO - Processing /home/airflow/.local/lib/python3.12/site-packages/airflow/example_dags/example_task_group_decorator.py took 0.112 seconds
[2024-10-16T13:22:03.080+0000] {processor.py:186} INFO - Started process (PID=96) to work on /home/airflow/.local/lib/python3.12/site-packages/airflow/example_dags/example_task_group_decorator.py
[2024-10-16T13:22:03.081+0000] {processor.py:914} INFO - Processing file /home/airflow/.local/lib/python3.12/site-packages/airflow/example_dags/example_task_group_decorator.py for tasks to queue
[2024-10-16T13:22:03.084+0000] {logging_mixin.py:190} INFO - [2024-10-16T13:22:03.083+0000] {dagbag.py:588} INFO - Filling up the DagBag from /home/airflow/.local/lib/python3.12/site-packages/airflow/example_dags/example_task_group_decorator.py
[2024-10-16T13:22:03.105+0000] {processor.py:925} INFO - DAG(s) 'example_task_group_decorator' retrieved from /home/airflow/.local/lib/python3.12/site-packages/airflow/example_dags/example_task_group_decorator.py
[2024-10-16T13:22:02.889+0000] {logging_mixin.py:190} INFO - [2024-10-16T13:22:02.889+0000] {override.py:1900} INFO - Created Permission View: can edit on DAG:example_task_group_decorator
[2024-10-16T13:22:02.910+0000] {logging_mixin.py:190} INFO - [2024-10-16T13:22:02.909+0000] {override.py:1900} INFO - Created Permission View: can read on DAG:example_task_group_decorator
[2024-10-16T13:22:02.929+0000] {logging_mixin.py:190} INFO - [2024-10-16T13:22:02.928+0000] {override.py:1900} INFO - Created Permission View: can delete on DAG:example_task_group_decorator
[2024-10-16T13:22:02.946+0000] {logging_mixin.py:190} INFO - [2024-10-16T13:22:02.945+0000] {override.py:1900} INFO - Created Permission View: can delete on DAG Run:example_task_group_decorator
[2024-10-16T13:22:02.960+0000] {logging_mixin.py:190} INFO - [2024-10-16T13:22:02.959+0000] {override.py:1900} INFO - Created Permission View: can read on DAG Run:example_task_group_decorator
[2024-10-16T13:22:02.971+0000] {logging_mixin.py:190} INFO - [2024-10-16T13:22:02.971+0000] {override.py:1900} INFO - Created Permission View: menu access on DAG Run:example_task_group_decorator
[2024-10-16T13:22:02.497+0000] {logging_mixin.py:190} INFO - [2024-10-16T13:22:02.496+0000] {override.py:1900} INFO - Created Permission View: can create on DAG Run:example_task_group_decorator
[2024-10-16T13:22:02.498+0000] {logging_mixin.py:190} INFO - [2024-10-16T13:22:02.498+0000] {dag.py:3239} INFO - Sync 1 DAGs
[2024-10-16T13:22:02.528+0000] {logging_mixin.py:190} INFO - [2024-10-16T13:22:02.528+0000] {dag.py:3262} INFO - Creating ORM DAG for example_task_group_decorator
[2024-10-16T13:22:02.530+0000] {logging_mixin.py:190} INFO - [2024-10-16T13:22:02.530+0000] {dag.py:4180} INFO - Setting next_dagrun for example_task_group_decorator to None, run_after=None
[2024-10-16T13:22:02.551+0000] {processor.py:208} INFO - Processing /home/airflow/.local/lib/python3.12/site-packages/airflow/example_dags/example_task_group_decorator.py took 0.377 seconds
[2024-10-16T13:22:33.503+0000] {processor.py:186} INFO - Started process (PID=158) to work on /home/airflow/.local/lib/python3.12/site-packages/airflow/example_dags/example_task_group_decorator.py
[2024-10-16T13:22:33.512+0000] {processor.py:914} INFO - Processing file /home/airflow/.local/lib/python3.12/site-packages/airflow/example_dags/example_task_group_decorator.py for tasks to queue
[2024-10-16T13:22:33.518+0000] {logging_mixin.py:190} INFO - [2024-10-16T13:22:33.517+0000] {dagbag.py:588} INFO - Filling up the DagBag from /home/airflow/.local/lib/python3.12/site-packages/airflow/example_dags/example_task_group_decorator.py
[2024-10-16T13:22:33.560+0000] {processor.py:925} INFO - DAG(s) 'example_task_group_decorator' retrieved from /home/airflow/.local/lib/python3.12/site-packages/airflow/example_dags/example_task_group_decorator.py
[2024-10-16T13:22:33.608+0000] {logging_mixin.py:190} INFO - [2024-10-16T13:22:33.608+0000] {dag.py:3239} INFO - Sync 1 DAGs
[2024-10-16T13:22:33.633+0000] {logging_mixin.py:190} INFO - [2024-10-16T13:22:33.633+0000] {dag.py:4180} INFO - Setting next_dagrun for example_task_group_decorator to None, run_after=None
[2024-10-16T13:22:33.660+0000] {processor.py:208} INFO - Processing /home/airflow/.local/lib/python3.12/site-packages/airflow/example_dags/example_task_group_decorator.py took 0.176 seconds
[2024-10-16T13:23:04.307+0000] {processor.py:186} INFO - Started process (PID=222) to work on /home/airflow/.local/lib/python3.12/site-packages/airflow/example_dags/example_task_group_decorator.py
[2024-10-16T13:23:04.308+0000] {processor.py:914} INFO - Processing file /home/airflow/.local/lib/python3.12/site-packages/airflow/example_dags/example_task_group_decorator.py for tasks to queue
[2024-10-16T13:23:04.310+0000] {logging_mixin.py:190} INFO - [2024-10-16T13:23:04.310+0000] {dagbag.py:588} INFO - Filling up the DagBag from /home/airflow/.local/lib/python3.12/site-packages/airflow/example_dags/example_task_group_decorator.py
[2024-10-16T13:23:04.321+0000] {processor.py:925} INFO - DAG(s) 'example_task_group_decorator' retrieved from /home/airflow/.local/lib/python3.12/site-packages/airflow/example_dags/example_task_group_decorator.py
[2024-10-16T13:23:04.342+0000] {logging_mixin.py:190} INFO - [2024-10-16T13:23:04.342+0000] {dag.py:3239} INFO - Sync 1 DAGs
[2024-10-16T13:23:04.354+0000] {logging_mixin.py:190} INFO - [2024-10-16T13:23:04.354+0000] {dag.py:4180} INFO - Setting next_dagrun for example_task_group_decorator to None, run_after=None
[2024-10-16T13:23:04.371+0000] {processor.py:208} INFO - Processing /home/airflow/.local/lib/python3.12/site-packages/airflow/example_dags/example_task_group_decorator.py took 0.069 seconds
[2024-10-16T13:23:35.556+0000] {processor.py:186} INFO - Started process (PID=285) to work on /home/airflow/.local/lib/python3.12/site-packages/airflow/example_dags/example_task_group_decorator.py
[2024-10-16T13:23:35.557+0000] {processor.py:914} INFO - Processing file /home/airflow/.local/lib/python3.12/site-packages/airflow/example_dags/example_task_group_decorator.py for tasks to queue
[2024-10-16T13:23:35.559+0000] {logging_mixin.py:190} INFO - [2024-10-16T13:23:35.559+0000] {dagbag.py:588} INFO - Filling up the DagBag from /home/airflow/.local/lib/python3.12/site-packages/airflow/example_dags/example_task_group_decorator.py
[2024-10-16T13:23:35.572+0000] {processor.py:925} INFO - DAG(s) 'example_task_group_decorator' retrieved from /home/airflow/.local/lib/python3.12/site-packages/airflow/example_dags/example_task_group_decorator.py
[2024-10-16T13:23:35.593+0000] {logging_mixin.py:190} INFO - [2024-10-16T13:23:35.592+0000] {dag.py:3239} INFO - Sync 1 DAGs
[2024-10-16T13:23:35.605+0000] {logging_mixin.py:190} INFO - [2024-10-16T13:23:35.605+0000] {dag.py:4180} INFO - Setting next_dagrun for example_task_group_decorator to None, run_after=None
[2024-10-16T13:23:35.626+0000] {processor.py:208} INFO - Processing /home/airflow/.local/lib/python3.12/site-packages/airflow/example_dags/example_task_group_decorator.py took 0.074 seconds
