[2024-10-16T12:50:31.972+0000] {processor.py:186} INFO - Started process (PID=93) to work on /home/airflow/.local/lib/python3.12/site-packages/airflow/example_dags/example_branch_operator.py
[2024-10-16T12:50:31.974+0000] {processor.py:914} INFO - Processing file /home/airflow/.local/lib/python3.12/site-packages/airflow/example_dags/example_branch_operator.py for tasks to queue
[2024-10-16T12:50:31.977+0000] {logging_mixin.py:190} INFO - [2024-10-16T12:50:31.977+0000] {dagbag.py:588} INFO - Filling up the DagBag from /home/airflow/.local/lib/python3.12/site-packages/airflow/example_dags/example_branch_operator.py
[2024-10-16T12:50:32.012+0000] {processor.py:925} INFO - DAG(s) 'example_branch_operator' retrieved from /home/airflow/.local/lib/python3.12/site-packages/airflow/example_dags/example_branch_operator.py
[2024-10-16T12:50:32.167+0000] {logging_mixin.py:190} INFO - [2024-10-16T12:50:32.166+0000] {override.py:1900} INFO - Created Permission View: can edit on DAG:example_branch_operator
[2024-10-16T12:50:32.180+0000] {logging_mixin.py:190} INFO - [2024-10-16T12:50:32.180+0000] {override.py:1900} INFO - Created Permission View: can read on DAG:example_branch_operator
[2024-10-16T12:50:32.188+0000] {logging_mixin.py:190} INFO - [2024-10-16T12:50:32.188+0000] {override.py:1900} INFO - Created Permission View: can delete on DAG:example_branch_operator
[2024-10-16T12:50:32.196+0000] {logging_mixin.py:190} INFO - [2024-10-16T12:50:32.196+0000] {override.py:1900} INFO - Created Permission View: can delete on DAG Run:example_branch_operator
[2024-10-16T12:50:32.204+0000] {logging_mixin.py:190} INFO - [2024-10-16T12:50:32.204+0000] {override.py:1900} INFO - Created Permission View: menu access on DAG Run:example_branch_operator
[2024-10-16T12:50:32.214+0000] {logging_mixin.py:190} INFO - [2024-10-16T12:50:32.213+0000] {override.py:1900} INFO - Created Permission View: can create on DAG Run:example_branch_operator
[2024-10-16T12:50:32.221+0000] {logging_mixin.py:190} INFO - [2024-10-16T12:50:32.221+0000] {override.py:1900} INFO - Created Permission View: can read on DAG Run:example_branch_operator
[2024-10-16T12:50:32.222+0000] {logging_mixin.py:190} INFO - [2024-10-16T12:50:32.222+0000] {dag.py:3239} INFO - Sync 1 DAGs
[2024-10-16T12:50:32.238+0000] {logging_mixin.py:190} INFO - [2024-10-16T12:50:32.238+0000] {dag.py:3262} INFO - Creating ORM DAG for example_branch_operator
[2024-10-16T12:50:32.252+0000] {logging_mixin.py:190} INFO - [2024-10-16T12:50:32.252+0000] {dag.py:4180} INFO - Setting next_dagrun for example_branch_operator to 2024-10-15 00:00:00+00:00, run_after=2024-10-16 00:00:00+00:00
[2024-10-16T12:50:32.276+0000] {processor.py:208} INFO - Processing /home/airflow/.local/lib/python3.12/site-packages/airflow/example_dags/example_branch_operator.py took 0.312 seconds
[2024-10-16T12:51:02.721+0000] {processor.py:186} INFO - Started process (PID=155) to work on /home/airflow/.local/lib/python3.12/site-packages/airflow/example_dags/example_branch_operator.py
[2024-10-16T12:51:02.722+0000] {processor.py:914} INFO - Processing file /home/airflow/.local/lib/python3.12/site-packages/airflow/example_dags/example_branch_operator.py for tasks to queue
[2024-10-16T12:51:02.724+0000] {logging_mixin.py:190} INFO - [2024-10-16T12:51:02.723+0000] {dagbag.py:588} INFO - Filling up the DagBag from /home/airflow/.local/lib/python3.12/site-packages/airflow/example_dags/example_branch_operator.py
[2024-10-16T12:51:02.737+0000] {processor.py:925} INFO - DAG(s) 'example_branch_operator' retrieved from /home/airflow/.local/lib/python3.12/site-packages/airflow/example_dags/example_branch_operator.py
[2024-10-16T12:51:02.761+0000] {logging_mixin.py:190} INFO - [2024-10-16T12:51:02.761+0000] {dag.py:3239} INFO - Sync 1 DAGs
[2024-10-16T12:51:02.781+0000] {logging_mixin.py:190} INFO - [2024-10-16T12:51:02.780+0000] {dag.py:4180} INFO - Setting next_dagrun for example_branch_operator to 2024-10-15 00:00:00+00:00, run_after=2024-10-16 00:00:00+00:00
[2024-10-16T12:51:02.799+0000] {processor.py:208} INFO - Processing /home/airflow/.local/lib/python3.12/site-packages/airflow/example_dags/example_branch_operator.py took 0.083 seconds
[2024-10-16T12:51:33.420+0000] {processor.py:186} INFO - Started process (PID=217) to work on /home/airflow/.local/lib/python3.12/site-packages/airflow/example_dags/example_branch_operator.py
[2024-10-16T12:51:33.421+0000] {processor.py:914} INFO - Processing file /home/airflow/.local/lib/python3.12/site-packages/airflow/example_dags/example_branch_operator.py for tasks to queue
[2024-10-16T12:51:33.425+0000] {logging_mixin.py:190} INFO - [2024-10-16T12:51:33.424+0000] {dagbag.py:588} INFO - Filling up the DagBag from /home/airflow/.local/lib/python3.12/site-packages/airflow/example_dags/example_branch_operator.py
[2024-10-16T12:51:33.461+0000] {processor.py:925} INFO - DAG(s) 'example_branch_operator' retrieved from /home/airflow/.local/lib/python3.12/site-packages/airflow/example_dags/example_branch_operator.py
[2024-10-16T12:51:33.509+0000] {logging_mixin.py:190} INFO - [2024-10-16T12:51:33.509+0000] {dag.py:3239} INFO - Sync 1 DAGs
[2024-10-16T12:51:33.540+0000] {logging_mixin.py:190} INFO - [2024-10-16T12:51:33.540+0000] {dag.py:4180} INFO - Setting next_dagrun for example_branch_operator to 2024-10-15 00:00:00+00:00, run_after=2024-10-16 00:00:00+00:00
[2024-10-16T12:51:33.582+0000] {processor.py:208} INFO - Processing /home/airflow/.local/lib/python3.12/site-packages/airflow/example_dags/example_branch_operator.py took 0.170 seconds
[2024-10-16T12:52:03.976+0000] {processor.py:186} INFO - Started process (PID=279) to work on /home/airflow/.local/lib/python3.12/site-packages/airflow/example_dags/example_branch_operator.py
[2024-10-16T12:52:03.977+0000] {processor.py:914} INFO - Processing file /home/airflow/.local/lib/python3.12/site-packages/airflow/example_dags/example_branch_operator.py for tasks to queue
[2024-10-16T12:52:03.981+0000] {logging_mixin.py:190} INFO - [2024-10-16T12:52:03.981+0000] {dagbag.py:588} INFO - Filling up the DagBag from /home/airflow/.local/lib/python3.12/site-packages/airflow/example_dags/example_branch_operator.py
[2024-10-16T12:52:04.002+0000] {processor.py:925} INFO - DAG(s) 'example_branch_operator' retrieved from /home/airflow/.local/lib/python3.12/site-packages/airflow/example_dags/example_branch_operator.py
[2024-10-16T12:52:04.041+0000] {logging_mixin.py:190} INFO - [2024-10-16T12:52:04.041+0000] {dag.py:3239} INFO - Sync 1 DAGs
[2024-10-16T12:52:04.070+0000] {logging_mixin.py:190} INFO - [2024-10-16T12:52:04.070+0000] {dag.py:4180} INFO - Setting next_dagrun for example_branch_operator to 2024-10-15 00:00:00+00:00, run_after=2024-10-16 00:00:00+00:00
[2024-10-16T12:52:04.094+0000] {processor.py:208} INFO - Processing /home/airflow/.local/lib/python3.12/site-packages/airflow/example_dags/example_branch_operator.py took 0.124 seconds
[2024-10-16T12:52:34.471+0000] {processor.py:186} INFO - Started process (PID=342) to work on /home/airflow/.local/lib/python3.12/site-packages/airflow/example_dags/example_branch_operator.py
[2024-10-16T12:52:34.472+0000] {processor.py:914} INFO - Processing file /home/airflow/.local/lib/python3.12/site-packages/airflow/example_dags/example_branch_operator.py for tasks to queue
[2024-10-16T12:52:34.474+0000] {logging_mixin.py:190} INFO - [2024-10-16T12:52:34.474+0000] {dagbag.py:588} INFO - Filling up the DagBag from /home/airflow/.local/lib/python3.12/site-packages/airflow/example_dags/example_branch_operator.py
[2024-10-16T12:52:34.490+0000] {processor.py:925} INFO - DAG(s) 'example_branch_operator' retrieved from /home/airflow/.local/lib/python3.12/site-packages/airflow/example_dags/example_branch_operator.py
[2024-10-16T12:52:34.520+0000] {logging_mixin.py:190} INFO - [2024-10-16T12:52:34.519+0000] {dag.py:3239} INFO - Sync 1 DAGs
[2024-10-16T12:52:34.545+0000] {logging_mixin.py:190} INFO - [2024-10-16T12:52:34.545+0000] {dag.py:4180} INFO - Setting next_dagrun for example_branch_operator to 2024-10-15 00:00:00+00:00, run_after=2024-10-16 00:00:00+00:00
[2024-10-16T12:52:34.572+0000] {processor.py:208} INFO - Processing /home/airflow/.local/lib/python3.12/site-packages/airflow/example_dags/example_branch_operator.py took 0.106 seconds
[2024-10-16T12:53:05.369+0000] {processor.py:186} INFO - Started process (PID=404) to work on /home/airflow/.local/lib/python3.12/site-packages/airflow/example_dags/example_branch_operator.py
[2024-10-16T12:53:05.370+0000] {processor.py:914} INFO - Processing file /home/airflow/.local/lib/python3.12/site-packages/airflow/example_dags/example_branch_operator.py for tasks to queue
[2024-10-16T12:53:05.372+0000] {logging_mixin.py:190} INFO - [2024-10-16T12:53:05.372+0000] {dagbag.py:588} INFO - Filling up the DagBag from /home/airflow/.local/lib/python3.12/site-packages/airflow/example_dags/example_branch_operator.py
[2024-10-16T12:53:05.392+0000] {processor.py:925} INFO - DAG(s) 'example_branch_operator' retrieved from /home/airflow/.local/lib/python3.12/site-packages/airflow/example_dags/example_branch_operator.py
[2024-10-16T12:53:05.422+0000] {logging_mixin.py:190} INFO - [2024-10-16T12:53:05.422+0000] {dag.py:3239} INFO - Sync 1 DAGs
[2024-10-16T12:53:05.450+0000] {logging_mixin.py:190} INFO - [2024-10-16T12:53:05.450+0000] {dag.py:4180} INFO - Setting next_dagrun for example_branch_operator to 2024-10-15 00:00:00+00:00, run_after=2024-10-16 00:00:00+00:00
[2024-10-16T12:53:05.478+0000] {processor.py:208} INFO - Processing /home/airflow/.local/lib/python3.12/site-packages/airflow/example_dags/example_branch_operator.py took 0.115 seconds
[2024-10-16T12:53:36.569+0000] {processor.py:186} INFO - Started process (PID=466) to work on /home/airflow/.local/lib/python3.12/site-packages/airflow/example_dags/example_branch_operator.py
[2024-10-16T12:53:36.571+0000] {processor.py:914} INFO - Processing file /home/airflow/.local/lib/python3.12/site-packages/airflow/example_dags/example_branch_operator.py for tasks to queue
[2024-10-16T12:53:36.575+0000] {logging_mixin.py:190} INFO - [2024-10-16T12:53:36.575+0000] {dagbag.py:588} INFO - Filling up the DagBag from /home/airflow/.local/lib/python3.12/site-packages/airflow/example_dags/example_branch_operator.py
[2024-10-16T12:53:36.600+0000] {processor.py:925} INFO - DAG(s) 'example_branch_operator' retrieved from /home/airflow/.local/lib/python3.12/site-packages/airflow/example_dags/example_branch_operator.py
[2024-10-16T12:53:36.635+0000] {logging_mixin.py:190} INFO - [2024-10-16T12:53:36.635+0000] {dag.py:3239} INFO - Sync 1 DAGs
[2024-10-16T12:53:36.670+0000] {logging_mixin.py:190} INFO - [2024-10-16T12:53:36.669+0000] {dag.py:4180} INFO - Setting next_dagrun for example_branch_operator to 2024-10-15 00:00:00+00:00, run_after=2024-10-16 00:00:00+00:00
[2024-10-16T12:53:36.696+0000] {processor.py:208} INFO - Processing /home/airflow/.local/lib/python3.12/site-packages/airflow/example_dags/example_branch_operator.py took 0.139 seconds
[2024-10-16T12:54:06.841+0000] {processor.py:186} INFO - Started process (PID=528) to work on /home/airflow/.local/lib/python3.12/site-packages/airflow/example_dags/example_branch_operator.py
[2024-10-16T12:54:06.842+0000] {processor.py:914} INFO - Processing file /home/airflow/.local/lib/python3.12/site-packages/airflow/example_dags/example_branch_operator.py for tasks to queue
[2024-10-16T12:54:06.845+0000] {logging_mixin.py:190} INFO - [2024-10-16T12:54:06.844+0000] {dagbag.py:588} INFO - Filling up the DagBag from /home/airflow/.local/lib/python3.12/site-packages/airflow/example_dags/example_branch_operator.py
[2024-10-16T12:54:06.870+0000] {processor.py:925} INFO - DAG(s) 'example_branch_operator' retrieved from /home/airflow/.local/lib/python3.12/site-packages/airflow/example_dags/example_branch_operator.py
[2024-10-16T12:54:06.901+0000] {logging_mixin.py:190} INFO - [2024-10-16T12:54:06.901+0000] {dag.py:3239} INFO - Sync 1 DAGs
[2024-10-16T12:54:06.929+0000] {logging_mixin.py:190} INFO - [2024-10-16T12:54:06.929+0000] {dag.py:4180} INFO - Setting next_dagrun for example_branch_operator to 2024-10-15 00:00:00+00:00, run_after=2024-10-16 00:00:00+00:00
[2024-10-16T12:54:06.955+0000] {processor.py:208} INFO - Processing /home/airflow/.local/lib/python3.12/site-packages/airflow/example_dags/example_branch_operator.py took 0.122 seconds
[2024-10-16T12:54:39.198+0000] {processor.py:186} INFO - Started process (PID=590) to work on /home/airflow/.local/lib/python3.12/site-packages/airflow/example_dags/example_branch_operator.py
[2024-10-16T12:54:39.199+0000] {processor.py:914} INFO - Processing file /home/airflow/.local/lib/python3.12/site-packages/airflow/example_dags/example_branch_operator.py for tasks to queue
[2024-10-16T12:54:39.202+0000] {logging_mixin.py:190} INFO - [2024-10-16T12:54:39.202+0000] {dagbag.py:588} INFO - Filling up the DagBag from /home/airflow/.local/lib/python3.12/site-packages/airflow/example_dags/example_branch_operator.py
[2024-10-16T12:54:39.223+0000] {processor.py:925} INFO - DAG(s) 'example_branch_operator' retrieved from /home/airflow/.local/lib/python3.12/site-packages/airflow/example_dags/example_branch_operator.py
[2024-10-16T12:54:39.260+0000] {logging_mixin.py:190} INFO - [2024-10-16T12:54:39.259+0000] {dag.py:3239} INFO - Sync 1 DAGs
[2024-10-16T12:54:39.288+0000] {logging_mixin.py:190} INFO - [2024-10-16T12:54:39.288+0000] {dag.py:4180} INFO - Setting next_dagrun for example_branch_operator to 2024-10-15 00:00:00+00:00, run_after=2024-10-16 00:00:00+00:00
[2024-10-16T12:54:39.311+0000] {processor.py:208} INFO - Processing /home/airflow/.local/lib/python3.12/site-packages/airflow/example_dags/example_branch_operator.py took 0.121 seconds
[2024-10-16T12:55:09.630+0000] {processor.py:186} INFO - Started process (PID=654) to work on /home/airflow/.local/lib/python3.12/site-packages/airflow/example_dags/example_branch_operator.py
[2024-10-16T12:55:09.631+0000] {processor.py:914} INFO - Processing file /home/airflow/.local/lib/python3.12/site-packages/airflow/example_dags/example_branch_operator.py for tasks to queue
[2024-10-16T12:55:09.633+0000] {logging_mixin.py:190} INFO - [2024-10-16T12:55:09.633+0000] {dagbag.py:588} INFO - Filling up the DagBag from /home/airflow/.local/lib/python3.12/site-packages/airflow/example_dags/example_branch_operator.py
[2024-10-16T12:55:09.648+0000] {processor.py:925} INFO - DAG(s) 'example_branch_operator' retrieved from /home/airflow/.local/lib/python3.12/site-packages/airflow/example_dags/example_branch_operator.py
[2024-10-16T12:55:09.673+0000] {logging_mixin.py:190} INFO - [2024-10-16T12:55:09.672+0000] {dag.py:3239} INFO - Sync 1 DAGs
[2024-10-16T12:55:09.690+0000] {logging_mixin.py:190} INFO - [2024-10-16T12:55:09.690+0000] {dag.py:4180} INFO - Setting next_dagrun for example_branch_operator to 2024-10-15 00:00:00+00:00, run_after=2024-10-16 00:00:00+00:00
[2024-10-16T12:55:09.706+0000] {processor.py:208} INFO - Processing /home/airflow/.local/lib/python3.12/site-packages/airflow/example_dags/example_branch_operator.py took 0.081 seconds
[2024-10-16T12:55:40.344+0000] {processor.py:186} INFO - Started process (PID=715) to work on /home/airflow/.local/lib/python3.12/site-packages/airflow/example_dags/example_branch_operator.py
[2024-10-16T12:55:40.346+0000] {processor.py:914} INFO - Processing file /home/airflow/.local/lib/python3.12/site-packages/airflow/example_dags/example_branch_operator.py for tasks to queue
[2024-10-16T12:55:40.349+0000] {logging_mixin.py:190} INFO - [2024-10-16T12:55:40.348+0000] {dagbag.py:588} INFO - Filling up the DagBag from /home/airflow/.local/lib/python3.12/site-packages/airflow/example_dags/example_branch_operator.py
[2024-10-16T12:55:40.370+0000] {processor.py:925} INFO - DAG(s) 'example_branch_operator' retrieved from /home/airflow/.local/lib/python3.12/site-packages/airflow/example_dags/example_branch_operator.py
[2024-10-16T12:55:40.403+0000] {logging_mixin.py:190} INFO - [2024-10-16T12:55:40.403+0000] {dag.py:3239} INFO - Sync 1 DAGs
[2024-10-16T12:55:40.432+0000] {logging_mixin.py:190} INFO - [2024-10-16T12:55:40.431+0000] {dag.py:4180} INFO - Setting next_dagrun for example_branch_operator to 2024-10-15 00:00:00+00:00, run_after=2024-10-16 00:00:00+00:00
[2024-10-16T12:55:40.460+0000] {processor.py:208} INFO - Processing /home/airflow/.local/lib/python3.12/site-packages/airflow/example_dags/example_branch_operator.py took 0.127 seconds
[2024-10-16T12:56:11.339+0000] {processor.py:186} INFO - Started process (PID=777) to work on /home/airflow/.local/lib/python3.12/site-packages/airflow/example_dags/example_branch_operator.py
[2024-10-16T12:56:11.342+0000] {processor.py:914} INFO - Processing file /home/airflow/.local/lib/python3.12/site-packages/airflow/example_dags/example_branch_operator.py for tasks to queue
[2024-10-16T12:56:11.344+0000] {logging_mixin.py:190} INFO - [2024-10-16T12:56:11.344+0000] {dagbag.py:588} INFO - Filling up the DagBag from /home/airflow/.local/lib/python3.12/site-packages/airflow/example_dags/example_branch_operator.py
[2024-10-16T12:56:11.367+0000] {processor.py:925} INFO - DAG(s) 'example_branch_operator' retrieved from /home/airflow/.local/lib/python3.12/site-packages/airflow/example_dags/example_branch_operator.py
[2024-10-16T12:56:11.401+0000] {logging_mixin.py:190} INFO - [2024-10-16T12:56:11.401+0000] {dag.py:3239} INFO - Sync 1 DAGs
[2024-10-16T12:56:11.435+0000] {logging_mixin.py:190} INFO - [2024-10-16T12:56:11.435+0000] {dag.py:4180} INFO - Setting next_dagrun for example_branch_operator to 2024-10-15 00:00:00+00:00, run_after=2024-10-16 00:00:00+00:00
[2024-10-16T12:56:11.464+0000] {processor.py:208} INFO - Processing /home/airflow/.local/lib/python3.12/site-packages/airflow/example_dags/example_branch_operator.py took 0.132 seconds
[2024-10-16T12:56:42.319+0000] {processor.py:186} INFO - Started process (PID=839) to work on /home/airflow/.local/lib/python3.12/site-packages/airflow/example_dags/example_branch_operator.py
[2024-10-16T12:56:42.327+0000] {processor.py:914} INFO - Processing file /home/airflow/.local/lib/python3.12/site-packages/airflow/example_dags/example_branch_operator.py for tasks to queue
[2024-10-16T12:56:42.330+0000] {logging_mixin.py:190} INFO - [2024-10-16T12:56:42.329+0000] {dagbag.py:588} INFO - Filling up the DagBag from /home/airflow/.local/lib/python3.12/site-packages/airflow/example_dags/example_branch_operator.py
[2024-10-16T12:56:42.352+0000] {processor.py:925} INFO - DAG(s) 'example_branch_operator' retrieved from /home/airflow/.local/lib/python3.12/site-packages/airflow/example_dags/example_branch_operator.py
[2024-10-16T12:56:42.396+0000] {logging_mixin.py:190} INFO - [2024-10-16T12:56:42.396+0000] {dag.py:3239} INFO - Sync 1 DAGs
[2024-10-16T12:56:42.435+0000] {logging_mixin.py:190} INFO - [2024-10-16T12:56:42.434+0000] {dag.py:4180} INFO - Setting next_dagrun for example_branch_operator to 2024-10-15 00:00:00+00:00, run_after=2024-10-16 00:00:00+00:00
[2024-10-16T12:56:42.456+0000] {processor.py:208} INFO - Processing /home/airflow/.local/lib/python3.12/site-packages/airflow/example_dags/example_branch_operator.py took 0.143 seconds
[2024-10-16T12:57:12.997+0000] {processor.py:186} INFO - Started process (PID=901) to work on /home/airflow/.local/lib/python3.12/site-packages/airflow/example_dags/example_branch_operator.py
[2024-10-16T12:57:12.998+0000] {processor.py:914} INFO - Processing file /home/airflow/.local/lib/python3.12/site-packages/airflow/example_dags/example_branch_operator.py for tasks to queue
[2024-10-16T12:57:13.001+0000] {logging_mixin.py:190} INFO - [2024-10-16T12:57:13.000+0000] {dagbag.py:588} INFO - Filling up the DagBag from /home/airflow/.local/lib/python3.12/site-packages/airflow/example_dags/example_branch_operator.py
[2024-10-16T12:57:13.023+0000] {processor.py:925} INFO - DAG(s) 'example_branch_operator' retrieved from /home/airflow/.local/lib/python3.12/site-packages/airflow/example_dags/example_branch_operator.py
[2024-10-16T12:57:13.147+0000] {logging_mixin.py:190} INFO - [2024-10-16T12:57:13.147+0000] {dag.py:3239} INFO - Sync 1 DAGs
[2024-10-16T12:57:13.240+0000] {logging_mixin.py:190} INFO - [2024-10-16T12:57:13.240+0000] {dag.py:4180} INFO - Setting next_dagrun for example_branch_operator to 2024-10-15 00:00:00+00:00, run_after=2024-10-16 00:00:00+00:00
[2024-10-16T12:57:13.372+0000] {processor.py:208} INFO - Processing /home/airflow/.local/lib/python3.12/site-packages/airflow/example_dags/example_branch_operator.py took 0.382 seconds
[2024-10-16T12:57:43.916+0000] {processor.py:186} INFO - Started process (PID=963) to work on /home/airflow/.local/lib/python3.12/site-packages/airflow/example_dags/example_branch_operator.py
[2024-10-16T12:57:43.917+0000] {processor.py:914} INFO - Processing file /home/airflow/.local/lib/python3.12/site-packages/airflow/example_dags/example_branch_operator.py for tasks to queue
[2024-10-16T12:57:43.921+0000] {logging_mixin.py:190} INFO - [2024-10-16T12:57:43.920+0000] {dagbag.py:588} INFO - Filling up the DagBag from /home/airflow/.local/lib/python3.12/site-packages/airflow/example_dags/example_branch_operator.py
[2024-10-16T12:57:43.942+0000] {processor.py:925} INFO - DAG(s) 'example_branch_operator' retrieved from /home/airflow/.local/lib/python3.12/site-packages/airflow/example_dags/example_branch_operator.py
[2024-10-16T12:57:43.978+0000] {logging_mixin.py:190} INFO - [2024-10-16T12:57:43.978+0000] {dag.py:3239} INFO - Sync 1 DAGs
[2024-10-16T12:57:44.036+0000] {logging_mixin.py:190} INFO - [2024-10-16T12:57:44.036+0000] {dag.py:4180} INFO - Setting next_dagrun for example_branch_operator to 2024-10-15 00:00:00+00:00, run_after=2024-10-16 00:00:00+00:00
[2024-10-16T12:57:44.062+0000] {processor.py:208} INFO - Processing /home/airflow/.local/lib/python3.12/site-packages/airflow/example_dags/example_branch_operator.py took 0.153 seconds
[2024-10-16T12:58:14.486+0000] {processor.py:186} INFO - Started process (PID=1026) to work on /home/airflow/.local/lib/python3.12/site-packages/airflow/example_dags/example_branch_operator.py
[2024-10-16T12:58:14.491+0000] {processor.py:914} INFO - Processing file /home/airflow/.local/lib/python3.12/site-packages/airflow/example_dags/example_branch_operator.py for tasks to queue
[2024-10-16T12:58:14.497+0000] {logging_mixin.py:190} INFO - [2024-10-16T12:58:14.496+0000] {dagbag.py:588} INFO - Filling up the DagBag from /home/airflow/.local/lib/python3.12/site-packages/airflow/example_dags/example_branch_operator.py
[2024-10-16T12:58:14.524+0000] {processor.py:925} INFO - DAG(s) 'example_branch_operator' retrieved from /home/airflow/.local/lib/python3.12/site-packages/airflow/example_dags/example_branch_operator.py
[2024-10-16T12:58:14.566+0000] {logging_mixin.py:190} INFO - [2024-10-16T12:58:14.566+0000] {dag.py:3239} INFO - Sync 1 DAGs
[2024-10-16T12:58:14.602+0000] {logging_mixin.py:190} INFO - [2024-10-16T12:58:14.602+0000] {dag.py:4180} INFO - Setting next_dagrun for example_branch_operator to 2024-10-15 00:00:00+00:00, run_after=2024-10-16 00:00:00+00:00
[2024-10-16T12:58:14.624+0000] {processor.py:208} INFO - Processing /home/airflow/.local/lib/python3.12/site-packages/airflow/example_dags/example_branch_operator.py took 0.147 seconds
[2024-10-16T12:58:45.058+0000] {processor.py:186} INFO - Started process (PID=1088) to work on /home/airflow/.local/lib/python3.12/site-packages/airflow/example_dags/example_branch_operator.py
[2024-10-16T12:58:45.106+0000] {processor.py:914} INFO - Processing file /home/airflow/.local/lib/python3.12/site-packages/airflow/example_dags/example_branch_operator.py for tasks to queue
[2024-10-16T12:58:45.143+0000] {logging_mixin.py:190} INFO - [2024-10-16T12:58:45.143+0000] {dagbag.py:588} INFO - Filling up the DagBag from /home/airflow/.local/lib/python3.12/site-packages/airflow/example_dags/example_branch_operator.py
[2024-10-16T12:58:45.182+0000] {processor.py:925} INFO - DAG(s) 'example_branch_operator' retrieved from /home/airflow/.local/lib/python3.12/site-packages/airflow/example_dags/example_branch_operator.py
[2024-10-16T12:58:45.227+0000] {logging_mixin.py:190} INFO - [2024-10-16T12:58:45.226+0000] {dag.py:3239} INFO - Sync 1 DAGs
[2024-10-16T12:58:45.263+0000] {logging_mixin.py:190} INFO - [2024-10-16T12:58:45.263+0000] {dag.py:4180} INFO - Setting next_dagrun for example_branch_operator to 2024-10-15 00:00:00+00:00, run_after=2024-10-16 00:00:00+00:00
[2024-10-16T12:58:45.310+0000] {processor.py:208} INFO - Processing /home/airflow/.local/lib/python3.12/site-packages/airflow/example_dags/example_branch_operator.py took 0.261 seconds
[2024-10-16T12:59:16.006+0000] {processor.py:186} INFO - Started process (PID=1154) to work on /home/airflow/.local/lib/python3.12/site-packages/airflow/example_dags/example_branch_operator.py
[2024-10-16T12:59:16.007+0000] {processor.py:914} INFO - Processing file /home/airflow/.local/lib/python3.12/site-packages/airflow/example_dags/example_branch_operator.py for tasks to queue
[2024-10-16T12:59:16.012+0000] {logging_mixin.py:190} INFO - [2024-10-16T12:59:16.012+0000] {dagbag.py:588} INFO - Filling up the DagBag from /home/airflow/.local/lib/python3.12/site-packages/airflow/example_dags/example_branch_operator.py
[2024-10-16T12:59:16.032+0000] {processor.py:925} INFO - DAG(s) 'example_branch_operator' retrieved from /home/airflow/.local/lib/python3.12/site-packages/airflow/example_dags/example_branch_operator.py
[2024-10-16T12:59:16.065+0000] {logging_mixin.py:190} INFO - [2024-10-16T12:59:16.065+0000] {dag.py:3239} INFO - Sync 1 DAGs
[2024-10-16T12:59:16.096+0000] {logging_mixin.py:190} INFO - [2024-10-16T12:59:16.096+0000] {dag.py:4180} INFO - Setting next_dagrun for example_branch_operator to 2024-10-15 00:00:00+00:00, run_after=2024-10-16 00:00:00+00:00
[2024-10-16T12:59:16.137+0000] {processor.py:208} INFO - Processing /home/airflow/.local/lib/python3.12/site-packages/airflow/example_dags/example_branch_operator.py took 0.138 seconds
[2024-10-16T12:59:46.216+0000] {processor.py:186} INFO - Started process (PID=1222) to work on /home/airflow/.local/lib/python3.12/site-packages/airflow/example_dags/example_branch_operator.py
[2024-10-16T12:59:46.218+0000] {processor.py:914} INFO - Processing file /home/airflow/.local/lib/python3.12/site-packages/airflow/example_dags/example_branch_operator.py for tasks to queue
[2024-10-16T12:59:46.220+0000] {logging_mixin.py:190} INFO - [2024-10-16T12:59:46.220+0000] {dagbag.py:588} INFO - Filling up the DagBag from /home/airflow/.local/lib/python3.12/site-packages/airflow/example_dags/example_branch_operator.py
[2024-10-16T12:59:46.239+0000] {processor.py:925} INFO - DAG(s) 'example_branch_operator' retrieved from /home/airflow/.local/lib/python3.12/site-packages/airflow/example_dags/example_branch_operator.py
[2024-10-16T12:59:46.267+0000] {logging_mixin.py:190} INFO - [2024-10-16T12:59:46.267+0000] {dag.py:3239} INFO - Sync 1 DAGs
[2024-10-16T12:59:46.293+0000] {logging_mixin.py:190} INFO - [2024-10-16T12:59:46.292+0000] {dag.py:4180} INFO - Setting next_dagrun for example_branch_operator to 2024-10-15 00:00:00+00:00, run_after=2024-10-16 00:00:00+00:00
[2024-10-16T12:59:46.313+0000] {processor.py:208} INFO - Processing /home/airflow/.local/lib/python3.12/site-packages/airflow/example_dags/example_branch_operator.py took 0.104 seconds
[2024-10-16T13:00:16.597+0000] {processor.py:186} INFO - Started process (PID=1283) to work on /home/airflow/.local/lib/python3.12/site-packages/airflow/example_dags/example_branch_operator.py
[2024-10-16T13:00:16.598+0000] {processor.py:914} INFO - Processing file /home/airflow/.local/lib/python3.12/site-packages/airflow/example_dags/example_branch_operator.py for tasks to queue
[2024-10-16T13:00:16.601+0000] {logging_mixin.py:190} INFO - [2024-10-16T13:00:16.601+0000] {dagbag.py:588} INFO - Filling up the DagBag from /home/airflow/.local/lib/python3.12/site-packages/airflow/example_dags/example_branch_operator.py
[2024-10-16T13:00:16.623+0000] {processor.py:925} INFO - DAG(s) 'example_branch_operator' retrieved from /home/airflow/.local/lib/python3.12/site-packages/airflow/example_dags/example_branch_operator.py
[2024-10-16T13:00:16.659+0000] {logging_mixin.py:190} INFO - [2024-10-16T13:00:16.658+0000] {dag.py:3239} INFO - Sync 1 DAGs
[2024-10-16T13:00:16.692+0000] {logging_mixin.py:190} INFO - [2024-10-16T13:00:16.692+0000] {dag.py:4180} INFO - Setting next_dagrun for example_branch_operator to 2024-10-15 00:00:00+00:00, run_after=2024-10-16 00:00:00+00:00
[2024-10-16T13:00:16.714+0000] {processor.py:208} INFO - Processing /home/airflow/.local/lib/python3.12/site-packages/airflow/example_dags/example_branch_operator.py took 0.124 seconds
[2024-10-16T13:00:46.793+0000] {processor.py:186} INFO - Started process (PID=1345) to work on /home/airflow/.local/lib/python3.12/site-packages/airflow/example_dags/example_branch_operator.py
[2024-10-16T13:00:46.794+0000] {processor.py:914} INFO - Processing file /home/airflow/.local/lib/python3.12/site-packages/airflow/example_dags/example_branch_operator.py for tasks to queue
[2024-10-16T13:00:46.797+0000] {logging_mixin.py:190} INFO - [2024-10-16T13:00:46.797+0000] {dagbag.py:588} INFO - Filling up the DagBag from /home/airflow/.local/lib/python3.12/site-packages/airflow/example_dags/example_branch_operator.py
[2024-10-16T13:00:46.815+0000] {processor.py:925} INFO - DAG(s) 'example_branch_operator' retrieved from /home/airflow/.local/lib/python3.12/site-packages/airflow/example_dags/example_branch_operator.py
[2024-10-16T13:00:46.844+0000] {logging_mixin.py:190} INFO - [2024-10-16T13:00:46.844+0000] {dag.py:3239} INFO - Sync 1 DAGs
[2024-10-16T13:00:46.867+0000] {logging_mixin.py:190} INFO - [2024-10-16T13:00:46.867+0000] {dag.py:4180} INFO - Setting next_dagrun for example_branch_operator to 2024-10-15 00:00:00+00:00, run_after=2024-10-16 00:00:00+00:00
[2024-10-16T13:00:46.894+0000] {processor.py:208} INFO - Processing /home/airflow/.local/lib/python3.12/site-packages/airflow/example_dags/example_branch_operator.py took 0.108 seconds
[2024-10-16T13:01:17.144+0000] {processor.py:186} INFO - Started process (PID=1405) to work on /home/airflow/.local/lib/python3.12/site-packages/airflow/example_dags/example_branch_operator.py
[2024-10-16T13:01:17.145+0000] {processor.py:914} INFO - Processing file /home/airflow/.local/lib/python3.12/site-packages/airflow/example_dags/example_branch_operator.py for tasks to queue
[2024-10-16T13:01:17.148+0000] {logging_mixin.py:190} INFO - [2024-10-16T13:01:17.148+0000] {dagbag.py:588} INFO - Filling up the DagBag from /home/airflow/.local/lib/python3.12/site-packages/airflow/example_dags/example_branch_operator.py
[2024-10-16T13:01:17.168+0000] {processor.py:925} INFO - DAG(s) 'example_branch_operator' retrieved from /home/airflow/.local/lib/python3.12/site-packages/airflow/example_dags/example_branch_operator.py
[2024-10-16T13:01:17.196+0000] {logging_mixin.py:190} INFO - [2024-10-16T13:01:17.195+0000] {dag.py:3239} INFO - Sync 1 DAGs
[2024-10-16T13:01:17.221+0000] {logging_mixin.py:190} INFO - [2024-10-16T13:01:17.220+0000] {dag.py:4180} INFO - Setting next_dagrun for example_branch_operator to 2024-10-15 00:00:00+00:00, run_after=2024-10-16 00:00:00+00:00
[2024-10-16T13:01:17.238+0000] {processor.py:208} INFO - Processing /home/airflow/.local/lib/python3.12/site-packages/airflow/example_dags/example_branch_operator.py took 0.100 seconds
[2024-10-16T13:01:47.795+0000] {processor.py:186} INFO - Started process (PID=1466) to work on /home/airflow/.local/lib/python3.12/site-packages/airflow/example_dags/example_branch_operator.py
[2024-10-16T13:01:47.796+0000] {processor.py:914} INFO - Processing file /home/airflow/.local/lib/python3.12/site-packages/airflow/example_dags/example_branch_operator.py for tasks to queue
[2024-10-16T13:01:47.798+0000] {logging_mixin.py:190} INFO - [2024-10-16T13:01:47.798+0000] {dagbag.py:588} INFO - Filling up the DagBag from /home/airflow/.local/lib/python3.12/site-packages/airflow/example_dags/example_branch_operator.py
[2024-10-16T13:01:47.817+0000] {processor.py:925} INFO - DAG(s) 'example_branch_operator' retrieved from /home/airflow/.local/lib/python3.12/site-packages/airflow/example_dags/example_branch_operator.py
[2024-10-16T13:01:47.844+0000] {logging_mixin.py:190} INFO - [2024-10-16T13:01:47.844+0000] {dag.py:3239} INFO - Sync 1 DAGs
[2024-10-16T13:01:47.865+0000] {logging_mixin.py:190} INFO - [2024-10-16T13:01:47.865+0000] {dag.py:4180} INFO - Setting next_dagrun for example_branch_operator to 2024-10-15 00:00:00+00:00, run_after=2024-10-16 00:00:00+00:00
[2024-10-16T13:01:47.881+0000] {processor.py:208} INFO - Processing /home/airflow/.local/lib/python3.12/site-packages/airflow/example_dags/example_branch_operator.py took 0.093 seconds
[2024-10-16T13:02:18.739+0000] {processor.py:186} INFO - Started process (PID=1529) to work on /home/airflow/.local/lib/python3.12/site-packages/airflow/example_dags/example_branch_operator.py
[2024-10-16T13:02:18.742+0000] {processor.py:914} INFO - Processing file /home/airflow/.local/lib/python3.12/site-packages/airflow/example_dags/example_branch_operator.py for tasks to queue
[2024-10-16T13:02:18.746+0000] {logging_mixin.py:190} INFO - [2024-10-16T13:02:18.746+0000] {dagbag.py:588} INFO - Filling up the DagBag from /home/airflow/.local/lib/python3.12/site-packages/airflow/example_dags/example_branch_operator.py
[2024-10-16T13:02:18.775+0000] {processor.py:925} INFO - DAG(s) 'example_branch_operator' retrieved from /home/airflow/.local/lib/python3.12/site-packages/airflow/example_dags/example_branch_operator.py
[2024-10-16T13:02:18.818+0000] {logging_mixin.py:190} INFO - [2024-10-16T13:02:18.817+0000] {dag.py:3239} INFO - Sync 1 DAGs
[2024-10-16T13:02:18.853+0000] {logging_mixin.py:190} INFO - [2024-10-16T13:02:18.853+0000] {dag.py:4180} INFO - Setting next_dagrun for example_branch_operator to 2024-10-15 00:00:00+00:00, run_after=2024-10-16 00:00:00+00:00
[2024-10-16T13:02:18.888+0000] {processor.py:208} INFO - Processing /home/airflow/.local/lib/python3.12/site-packages/airflow/example_dags/example_branch_operator.py took 0.161 seconds
[2024-10-16T13:02:49.245+0000] {processor.py:186} INFO - Started process (PID=1591) to work on /home/airflow/.local/lib/python3.12/site-packages/airflow/example_dags/example_branch_operator.py
[2024-10-16T13:02:49.246+0000] {processor.py:914} INFO - Processing file /home/airflow/.local/lib/python3.12/site-packages/airflow/example_dags/example_branch_operator.py for tasks to queue
[2024-10-16T13:02:49.249+0000] {logging_mixin.py:190} INFO - [2024-10-16T13:02:49.249+0000] {dagbag.py:588} INFO - Filling up the DagBag from /home/airflow/.local/lib/python3.12/site-packages/airflow/example_dags/example_branch_operator.py
[2024-10-16T13:02:49.271+0000] {processor.py:925} INFO - DAG(s) 'example_branch_operator' retrieved from /home/airflow/.local/lib/python3.12/site-packages/airflow/example_dags/example_branch_operator.py
[2024-10-16T13:02:49.308+0000] {logging_mixin.py:190} INFO - [2024-10-16T13:02:49.308+0000] {dag.py:3239} INFO - Sync 1 DAGs
[2024-10-16T13:02:49.337+0000] {logging_mixin.py:190} INFO - [2024-10-16T13:02:49.336+0000] {dag.py:4180} INFO - Setting next_dagrun for example_branch_operator to 2024-10-15 00:00:00+00:00, run_after=2024-10-16 00:00:00+00:00
[2024-10-16T13:02:49.362+0000] {processor.py:208} INFO - Processing /home/airflow/.local/lib/python3.12/site-packages/airflow/example_dags/example_branch_operator.py took 0.125 seconds
[2024-10-16T13:03:20.812+0000] {processor.py:186} INFO - Started process (PID=1654) to work on /home/airflow/.local/lib/python3.12/site-packages/airflow/example_dags/example_branch_operator.py
[2024-10-16T13:03:20.814+0000] {processor.py:914} INFO - Processing file /home/airflow/.local/lib/python3.12/site-packages/airflow/example_dags/example_branch_operator.py for tasks to queue
[2024-10-16T13:03:20.818+0000] {logging_mixin.py:190} INFO - [2024-10-16T13:03:20.818+0000] {dagbag.py:588} INFO - Filling up the DagBag from /home/airflow/.local/lib/python3.12/site-packages/airflow/example_dags/example_branch_operator.py
[2024-10-16T13:03:20.843+0000] {processor.py:925} INFO - DAG(s) 'example_branch_operator' retrieved from /home/airflow/.local/lib/python3.12/site-packages/airflow/example_dags/example_branch_operator.py
[2024-10-16T13:03:20.872+0000] {logging_mixin.py:190} INFO - [2024-10-16T13:03:20.872+0000] {dag.py:3239} INFO - Sync 1 DAGs
[2024-10-16T13:03:20.894+0000] {logging_mixin.py:190} INFO - [2024-10-16T13:03:20.894+0000] {dag.py:4180} INFO - Setting next_dagrun for example_branch_operator to 2024-10-15 00:00:00+00:00, run_after=2024-10-16 00:00:00+00:00
[2024-10-16T13:03:20.914+0000] {processor.py:208} INFO - Processing /home/airflow/.local/lib/python3.12/site-packages/airflow/example_dags/example_branch_operator.py took 0.110 seconds
[2024-10-16T13:03:51.462+0000] {processor.py:186} INFO - Started process (PID=1716) to work on /home/airflow/.local/lib/python3.12/site-packages/airflow/example_dags/example_branch_operator.py
[2024-10-16T13:03:51.463+0000] {processor.py:914} INFO - Processing file /home/airflow/.local/lib/python3.12/site-packages/airflow/example_dags/example_branch_operator.py for tasks to queue
[2024-10-16T13:03:51.466+0000] {logging_mixin.py:190} INFO - [2024-10-16T13:03:51.465+0000] {dagbag.py:588} INFO - Filling up the DagBag from /home/airflow/.local/lib/python3.12/site-packages/airflow/example_dags/example_branch_operator.py
[2024-10-16T13:03:51.484+0000] {processor.py:925} INFO - DAG(s) 'example_branch_operator' retrieved from /home/airflow/.local/lib/python3.12/site-packages/airflow/example_dags/example_branch_operator.py
[2024-10-16T13:03:51.513+0000] {logging_mixin.py:190} INFO - [2024-10-16T13:03:51.513+0000] {dag.py:3239} INFO - Sync 1 DAGs
[2024-10-16T13:03:51.552+0000] {logging_mixin.py:190} INFO - [2024-10-16T13:03:51.552+0000] {dag.py:4180} INFO - Setting next_dagrun for example_branch_operator to 2024-10-15 00:00:00+00:00, run_after=2024-10-16 00:00:00+00:00
[2024-10-16T13:03:51.593+0000] {processor.py:208} INFO - Processing /home/airflow/.local/lib/python3.12/site-packages/airflow/example_dags/example_branch_operator.py took 0.138 seconds
[2024-10-16T13:04:22.078+0000] {processor.py:186} INFO - Started process (PID=1778) to work on /home/airflow/.local/lib/python3.12/site-packages/airflow/example_dags/example_branch_operator.py
[2024-10-16T13:04:22.082+0000] {processor.py:914} INFO - Processing file /home/airflow/.local/lib/python3.12/site-packages/airflow/example_dags/example_branch_operator.py for tasks to queue
[2024-10-16T13:04:22.085+0000] {logging_mixin.py:190} INFO - [2024-10-16T13:04:22.085+0000] {dagbag.py:588} INFO - Filling up the DagBag from /home/airflow/.local/lib/python3.12/site-packages/airflow/example_dags/example_branch_operator.py
[2024-10-16T13:04:22.110+0000] {processor.py:925} INFO - DAG(s) 'example_branch_operator' retrieved from /home/airflow/.local/lib/python3.12/site-packages/airflow/example_dags/example_branch_operator.py
[2024-10-16T13:04:22.144+0000] {logging_mixin.py:190} INFO - [2024-10-16T13:04:22.144+0000] {dag.py:3239} INFO - Sync 1 DAGs
[2024-10-16T13:04:22.178+0000] {logging_mixin.py:190} INFO - [2024-10-16T13:04:22.178+0000] {dag.py:4180} INFO - Setting next_dagrun for example_branch_operator to 2024-10-15 00:00:00+00:00, run_after=2024-10-16 00:00:00+00:00
[2024-10-16T13:04:22.215+0000] {processor.py:208} INFO - Processing /home/airflow/.local/lib/python3.12/site-packages/airflow/example_dags/example_branch_operator.py took 0.154 seconds
[2024-10-16T13:08:06.076+0000] {processor.py:186} INFO - Started process (PID=94) to work on /home/airflow/.local/lib/python3.12/site-packages/airflow/example_dags/example_branch_operator.py
[2024-10-16T13:08:06.077+0000] {processor.py:914} INFO - Processing file /home/airflow/.local/lib/python3.12/site-packages/airflow/example_dags/example_branch_operator.py for tasks to queue
[2024-10-16T13:08:06.079+0000] {logging_mixin.py:190} INFO - [2024-10-16T13:08:06.079+0000] {dagbag.py:588} INFO - Filling up the DagBag from /home/airflow/.local/lib/python3.12/site-packages/airflow/example_dags/example_branch_operator.py
[2024-10-16T13:08:06.102+0000] {processor.py:925} INFO - DAG(s) 'example_branch_operator' retrieved from /home/airflow/.local/lib/python3.12/site-packages/airflow/example_dags/example_branch_operator.py
[2024-10-16T13:08:06.217+0000] {logging_mixin.py:190} INFO - [2024-10-16T13:08:06.216+0000] {override.py:1900} INFO - Created Permission View: can read on DAG:example_branch_operator
[2024-10-16T13:08:06.226+0000] {logging_mixin.py:190} INFO - [2024-10-16T13:08:06.226+0000] {override.py:1900} INFO - Created Permission View: can delete on DAG:example_branch_operator
[2024-10-16T13:08:06.234+0000] {logging_mixin.py:190} INFO - [2024-10-16T13:08:06.233+0000] {override.py:1900} INFO - Created Permission View: can edit on DAG:example_branch_operator
[2024-10-16T13:08:06.242+0000] {logging_mixin.py:190} INFO - [2024-10-16T13:08:06.242+0000] {override.py:1900} INFO - Created Permission View: can create on DAG Run:example_branch_operator
[2024-10-16T13:08:06.253+0000] {logging_mixin.py:190} INFO - [2024-10-16T13:08:06.251+0000] {override.py:1900} INFO - Created Permission View: menu access on DAG Run:example_branch_operator
[2024-10-16T13:08:06.262+0000] {logging_mixin.py:190} INFO - [2024-10-16T13:08:06.262+0000] {override.py:1900} INFO - Created Permission View: can read on DAG Run:example_branch_operator
[2024-10-16T13:08:06.269+0000] {logging_mixin.py:190} INFO - [2024-10-16T13:08:06.269+0000] {override.py:1900} INFO - Created Permission View: can delete on DAG Run:example_branch_operator
[2024-10-16T13:08:06.270+0000] {logging_mixin.py:190} INFO - [2024-10-16T13:08:06.270+0000] {dag.py:3239} INFO - Sync 1 DAGs
[2024-10-16T13:08:06.285+0000] {logging_mixin.py:190} INFO - [2024-10-16T13:08:06.284+0000] {dag.py:3262} INFO - Creating ORM DAG for example_branch_operator
[2024-10-16T13:08:06.296+0000] {logging_mixin.py:190} INFO - [2024-10-16T13:08:06.296+0000] {dag.py:4180} INFO - Setting next_dagrun for example_branch_operator to 2024-10-15 00:00:00+00:00, run_after=2024-10-16 00:00:00+00:00
[2024-10-16T13:08:06.325+0000] {processor.py:208} INFO - Processing /home/airflow/.local/lib/python3.12/site-packages/airflow/example_dags/example_branch_operator.py took 0.256 seconds
[2024-10-16T13:08:36.675+0000] {processor.py:186} INFO - Started process (PID=157) to work on /home/airflow/.local/lib/python3.12/site-packages/airflow/example_dags/example_branch_operator.py
[2024-10-16T13:08:36.676+0000] {processor.py:914} INFO - Processing file /home/airflow/.local/lib/python3.12/site-packages/airflow/example_dags/example_branch_operator.py for tasks to queue
[2024-10-16T13:08:36.679+0000] {logging_mixin.py:190} INFO - [2024-10-16T13:08:36.678+0000] {dagbag.py:588} INFO - Filling up the DagBag from /home/airflow/.local/lib/python3.12/site-packages/airflow/example_dags/example_branch_operator.py
[2024-10-16T13:08:36.700+0000] {processor.py:925} INFO - DAG(s) 'example_branch_operator' retrieved from /home/airflow/.local/lib/python3.12/site-packages/airflow/example_dags/example_branch_operator.py
[2024-10-16T13:08:36.729+0000] {logging_mixin.py:190} INFO - [2024-10-16T13:08:36.729+0000] {dag.py:3239} INFO - Sync 1 DAGs
[2024-10-16T13:08:36.750+0000] {logging_mixin.py:190} INFO - [2024-10-16T13:08:36.750+0000] {dag.py:4180} INFO - Setting next_dagrun for example_branch_operator to 2024-10-15 00:00:00+00:00, run_after=2024-10-16 00:00:00+00:00
[2024-10-16T13:08:36.767+0000] {processor.py:208} INFO - Processing /home/airflow/.local/lib/python3.12/site-packages/airflow/example_dags/example_branch_operator.py took 0.101 seconds
[2024-10-16T13:09:06.914+0000] {processor.py:186} INFO - Started process (PID=220) to work on /home/airflow/.local/lib/python3.12/site-packages/airflow/example_dags/example_branch_operator.py
[2024-10-16T13:09:06.915+0000] {processor.py:914} INFO - Processing file /home/airflow/.local/lib/python3.12/site-packages/airflow/example_dags/example_branch_operator.py for tasks to queue
[2024-10-16T13:09:06.917+0000] {logging_mixin.py:190} INFO - [2024-10-16T13:09:06.917+0000] {dagbag.py:588} INFO - Filling up the DagBag from /home/airflow/.local/lib/python3.12/site-packages/airflow/example_dags/example_branch_operator.py
[2024-10-16T13:09:06.931+0000] {processor.py:925} INFO - DAG(s) 'example_branch_operator' retrieved from /home/airflow/.local/lib/python3.12/site-packages/airflow/example_dags/example_branch_operator.py
[2024-10-16T13:09:06.958+0000] {logging_mixin.py:190} INFO - [2024-10-16T13:09:06.958+0000] {dag.py:3239} INFO - Sync 1 DAGs
[2024-10-16T13:09:06.978+0000] {logging_mixin.py:190} INFO - [2024-10-16T13:09:06.978+0000] {dag.py:4180} INFO - Setting next_dagrun for example_branch_operator to 2024-10-15 00:00:00+00:00, run_after=2024-10-16 00:00:00+00:00
[2024-10-16T13:09:06.996+0000] {processor.py:208} INFO - Processing /home/airflow/.local/lib/python3.12/site-packages/airflow/example_dags/example_branch_operator.py took 0.086 seconds
[2024-10-16T13:09:37.319+0000] {processor.py:186} INFO - Started process (PID=283) to work on /home/airflow/.local/lib/python3.12/site-packages/airflow/example_dags/example_branch_operator.py
[2024-10-16T13:09:37.320+0000] {processor.py:914} INFO - Processing file /home/airflow/.local/lib/python3.12/site-packages/airflow/example_dags/example_branch_operator.py for tasks to queue
[2024-10-16T13:09:37.323+0000] {logging_mixin.py:190} INFO - [2024-10-16T13:09:37.322+0000] {dagbag.py:588} INFO - Filling up the DagBag from /home/airflow/.local/lib/python3.12/site-packages/airflow/example_dags/example_branch_operator.py
[2024-10-16T13:09:37.340+0000] {processor.py:925} INFO - DAG(s) 'example_branch_operator' retrieved from /home/airflow/.local/lib/python3.12/site-packages/airflow/example_dags/example_branch_operator.py
[2024-10-16T13:09:37.374+0000] {logging_mixin.py:190} INFO - [2024-10-16T13:09:37.374+0000] {dag.py:3239} INFO - Sync 1 DAGs
[2024-10-16T13:09:37.400+0000] {logging_mixin.py:190} INFO - [2024-10-16T13:09:37.400+0000] {dag.py:4180} INFO - Setting next_dagrun for example_branch_operator to 2024-10-15 00:00:00+00:00, run_after=2024-10-16 00:00:00+00:00
[2024-10-16T13:09:37.473+0000] {processor.py:208} INFO - Processing /home/airflow/.local/lib/python3.12/site-packages/airflow/example_dags/example_branch_operator.py took 0.159 seconds
[2024-10-16T13:10:08.484+0000] {processor.py:186} INFO - Started process (PID=346) to work on /home/airflow/.local/lib/python3.12/site-packages/airflow/example_dags/example_branch_operator.py
[2024-10-16T13:10:08.485+0000] {processor.py:914} INFO - Processing file /home/airflow/.local/lib/python3.12/site-packages/airflow/example_dags/example_branch_operator.py for tasks to queue
[2024-10-16T13:10:08.488+0000] {logging_mixin.py:190} INFO - [2024-10-16T13:10:08.488+0000] {dagbag.py:588} INFO - Filling up the DagBag from /home/airflow/.local/lib/python3.12/site-packages/airflow/example_dags/example_branch_operator.py
[2024-10-16T13:10:08.509+0000] {processor.py:925} INFO - DAG(s) 'example_branch_operator' retrieved from /home/airflow/.local/lib/python3.12/site-packages/airflow/example_dags/example_branch_operator.py
[2024-10-16T13:10:08.544+0000] {logging_mixin.py:190} INFO - [2024-10-16T13:10:08.544+0000] {dag.py:3239} INFO - Sync 1 DAGs
[2024-10-16T13:10:08.573+0000] {logging_mixin.py:190} INFO - [2024-10-16T13:10:08.572+0000] {dag.py:4180} INFO - Setting next_dagrun for example_branch_operator to 2024-10-15 00:00:00+00:00, run_after=2024-10-16 00:00:00+00:00
[2024-10-16T13:10:08.593+0000] {processor.py:208} INFO - Processing /home/airflow/.local/lib/python3.12/site-packages/airflow/example_dags/example_branch_operator.py took 0.117 seconds
[2024-10-16T13:10:39.012+0000] {processor.py:186} INFO - Started process (PID=409) to work on /home/airflow/.local/lib/python3.12/site-packages/airflow/example_dags/example_branch_operator.py
[2024-10-16T13:10:39.013+0000] {processor.py:914} INFO - Processing file /home/airflow/.local/lib/python3.12/site-packages/airflow/example_dags/example_branch_operator.py for tasks to queue
[2024-10-16T13:10:39.015+0000] {logging_mixin.py:190} INFO - [2024-10-16T13:10:39.015+0000] {dagbag.py:588} INFO - Filling up the DagBag from /home/airflow/.local/lib/python3.12/site-packages/airflow/example_dags/example_branch_operator.py
[2024-10-16T13:10:39.028+0000] {processor.py:925} INFO - DAG(s) 'example_branch_operator' retrieved from /home/airflow/.local/lib/python3.12/site-packages/airflow/example_dags/example_branch_operator.py
[2024-10-16T13:10:39.061+0000] {logging_mixin.py:190} INFO - [2024-10-16T13:10:39.061+0000] {dag.py:3239} INFO - Sync 1 DAGs
[2024-10-16T13:10:39.099+0000] {logging_mixin.py:190} INFO - [2024-10-16T13:10:39.099+0000] {dag.py:4180} INFO - Setting next_dagrun for example_branch_operator to 2024-10-15 00:00:00+00:00, run_after=2024-10-16 00:00:00+00:00
[2024-10-16T13:10:39.150+0000] {processor.py:208} INFO - Processing /home/airflow/.local/lib/python3.12/site-packages/airflow/example_dags/example_branch_operator.py took 0.143 seconds
[2024-10-16T13:11:09.774+0000] {processor.py:186} INFO - Started process (PID=472) to work on /home/airflow/.local/lib/python3.12/site-packages/airflow/example_dags/example_branch_operator.py
[2024-10-16T13:11:09.775+0000] {processor.py:914} INFO - Processing file /home/airflow/.local/lib/python3.12/site-packages/airflow/example_dags/example_branch_operator.py for tasks to queue
[2024-10-16T13:11:09.777+0000] {logging_mixin.py:190} INFO - [2024-10-16T13:11:09.777+0000] {dagbag.py:588} INFO - Filling up the DagBag from /home/airflow/.local/lib/python3.12/site-packages/airflow/example_dags/example_branch_operator.py
[2024-10-16T13:11:09.791+0000] {processor.py:925} INFO - DAG(s) 'example_branch_operator' retrieved from /home/airflow/.local/lib/python3.12/site-packages/airflow/example_dags/example_branch_operator.py
[2024-10-16T13:11:09.832+0000] {logging_mixin.py:190} INFO - [2024-10-16T13:11:09.832+0000] {dag.py:3239} INFO - Sync 1 DAGs
[2024-10-16T13:11:09.861+0000] {logging_mixin.py:190} INFO - [2024-10-16T13:11:09.861+0000] {dag.py:4180} INFO - Setting next_dagrun for example_branch_operator to 2024-10-15 00:00:00+00:00, run_after=2024-10-16 00:00:00+00:00
[2024-10-16T13:11:09.880+0000] {processor.py:208} INFO - Processing /home/airflow/.local/lib/python3.12/site-packages/airflow/example_dags/example_branch_operator.py took 0.112 seconds
[2024-10-16T13:12:46.206+0000] {processor.py:186} INFO - Started process (PID=93) to work on /home/airflow/.local/lib/python3.12/site-packages/airflow/example_dags/example_branch_operator.py
[2024-10-16T13:12:46.207+0000] {processor.py:914} INFO - Processing file /home/airflow/.local/lib/python3.12/site-packages/airflow/example_dags/example_branch_operator.py for tasks to queue
[2024-10-16T13:12:46.209+0000] {logging_mixin.py:190} INFO - [2024-10-16T13:12:46.208+0000] {dagbag.py:588} INFO - Filling up the DagBag from /home/airflow/.local/lib/python3.12/site-packages/airflow/example_dags/example_branch_operator.py
[2024-10-16T13:12:46.226+0000] {processor.py:925} INFO - DAG(s) 'example_branch_operator' retrieved from /home/airflow/.local/lib/python3.12/site-packages/airflow/example_dags/example_branch_operator.py
[2024-10-16T13:12:46.329+0000] {logging_mixin.py:190} INFO - [2024-10-16T13:12:46.328+0000] {override.py:1900} INFO - Created Permission View: can read on DAG:example_branch_operator
[2024-10-16T13:12:46.339+0000] {logging_mixin.py:190} INFO - [2024-10-16T13:12:46.338+0000] {override.py:1900} INFO - Created Permission View: can edit on DAG:example_branch_operator
[2024-10-16T13:12:46.345+0000] {logging_mixin.py:190} INFO - [2024-10-16T13:12:46.344+0000] {override.py:1900} INFO - Created Permission View: can delete on DAG:example_branch_operator
[2024-10-16T13:12:46.351+0000] {logging_mixin.py:190} INFO - [2024-10-16T13:12:46.351+0000] {override.py:1900} INFO - Created Permission View: can read on DAG Run:example_branch_operator
[2024-10-16T13:12:46.357+0000] {logging_mixin.py:190} INFO - [2024-10-16T13:12:46.357+0000] {override.py:1900} INFO - Created Permission View: menu access on DAG Run:example_branch_operator
[2024-10-16T13:12:46.363+0000] {logging_mixin.py:190} INFO - [2024-10-16T13:12:46.362+0000] {override.py:1900} INFO - Created Permission View: can delete on DAG Run:example_branch_operator
[2024-10-16T13:12:46.368+0000] {logging_mixin.py:190} INFO - [2024-10-16T13:12:46.368+0000] {override.py:1900} INFO - Created Permission View: can create on DAG Run:example_branch_operator
[2024-10-16T13:12:46.369+0000] {logging_mixin.py:190} INFO - [2024-10-16T13:12:46.369+0000] {dag.py:3239} INFO - Sync 1 DAGs
[2024-10-16T13:12:46.379+0000] {logging_mixin.py:190} INFO - [2024-10-16T13:12:46.379+0000] {dag.py:3262} INFO - Creating ORM DAG for example_branch_operator
[2024-10-16T13:12:46.388+0000] {logging_mixin.py:190} INFO - [2024-10-16T13:12:46.388+0000] {dag.py:4180} INFO - Setting next_dagrun for example_branch_operator to 2024-10-15 00:00:00+00:00, run_after=2024-10-16 00:00:00+00:00
[2024-10-16T13:12:46.414+0000] {processor.py:208} INFO - Processing /home/airflow/.local/lib/python3.12/site-packages/airflow/example_dags/example_branch_operator.py took 0.213 seconds
[2024-10-16T13:13:16.734+0000] {processor.py:186} INFO - Started process (PID=156) to work on /home/airflow/.local/lib/python3.12/site-packages/airflow/example_dags/example_branch_operator.py
[2024-10-16T13:13:16.736+0000] {processor.py:914} INFO - Processing file /home/airflow/.local/lib/python3.12/site-packages/airflow/example_dags/example_branch_operator.py for tasks to queue
[2024-10-16T13:13:16.738+0000] {logging_mixin.py:190} INFO - [2024-10-16T13:13:16.738+0000] {dagbag.py:588} INFO - Filling up the DagBag from /home/airflow/.local/lib/python3.12/site-packages/airflow/example_dags/example_branch_operator.py
[2024-10-16T13:13:16.758+0000] {processor.py:925} INFO - DAG(s) 'example_branch_operator' retrieved from /home/airflow/.local/lib/python3.12/site-packages/airflow/example_dags/example_branch_operator.py
[2024-10-16T13:13:16.787+0000] {logging_mixin.py:190} INFO - [2024-10-16T13:13:16.787+0000] {dag.py:3239} INFO - Sync 1 DAGs
[2024-10-16T13:13:16.806+0000] {logging_mixin.py:190} INFO - [2024-10-16T13:13:16.806+0000] {dag.py:4180} INFO - Setting next_dagrun for example_branch_operator to 2024-10-15 00:00:00+00:00, run_after=2024-10-16 00:00:00+00:00
[2024-10-16T13:13:16.829+0000] {processor.py:208} INFO - Processing /home/airflow/.local/lib/python3.12/site-packages/airflow/example_dags/example_branch_operator.py took 0.099 seconds
[2024-10-16T13:14:47.096+0000] {processor.py:186} INFO - Started process (PID=95) to work on /home/airflow/.local/lib/python3.12/site-packages/airflow/example_dags/example_branch_operator.py
[2024-10-16T13:14:47.098+0000] {processor.py:914} INFO - Processing file /home/airflow/.local/lib/python3.12/site-packages/airflow/example_dags/example_branch_operator.py for tasks to queue
[2024-10-16T13:14:47.101+0000] {logging_mixin.py:190} INFO - [2024-10-16T13:14:47.101+0000] {dagbag.py:588} INFO - Filling up the DagBag from /home/airflow/.local/lib/python3.12/site-packages/airflow/example_dags/example_branch_operator.py
[2024-10-16T13:14:47.117+0000] {processor.py:925} INFO - DAG(s) 'example_branch_operator' retrieved from /home/airflow/.local/lib/python3.12/site-packages/airflow/example_dags/example_branch_operator.py
[2024-10-16T13:14:47.256+0000] {logging_mixin.py:190} INFO - [2024-10-16T13:14:47.256+0000] {override.py:1900} INFO - Created Permission View: can read on DAG:example_branch_operator
[2024-10-16T13:14:47.266+0000] {logging_mixin.py:190} INFO - [2024-10-16T13:14:47.266+0000] {override.py:1900} INFO - Created Permission View: can delete on DAG:example_branch_operator
[2024-10-16T13:14:47.272+0000] {logging_mixin.py:190} INFO - [2024-10-16T13:14:47.272+0000] {override.py:1900} INFO - Created Permission View: can edit on DAG:example_branch_operator
[2024-10-16T13:14:47.280+0000] {logging_mixin.py:190} INFO - [2024-10-16T13:14:47.279+0000] {override.py:1900} INFO - Created Permission View: can read on DAG Run:example_branch_operator
[2024-10-16T13:14:47.286+0000] {logging_mixin.py:190} INFO - [2024-10-16T13:14:47.286+0000] {override.py:1900} INFO - Created Permission View: can create on DAG Run:example_branch_operator
[2024-10-16T13:14:47.293+0000] {logging_mixin.py:190} INFO - [2024-10-16T13:14:47.293+0000] {override.py:1900} INFO - Created Permission View: can delete on DAG Run:example_branch_operator
[2024-10-16T13:14:47.300+0000] {logging_mixin.py:190} INFO - [2024-10-16T13:14:47.300+0000] {override.py:1900} INFO - Created Permission View: menu access on DAG Run:example_branch_operator
[2024-10-16T13:14:47.301+0000] {logging_mixin.py:190} INFO - [2024-10-16T13:14:47.300+0000] {dag.py:3239} INFO - Sync 1 DAGs
[2024-10-16T13:14:47.313+0000] {logging_mixin.py:190} INFO - [2024-10-16T13:14:47.312+0000] {dag.py:3262} INFO - Creating ORM DAG for example_branch_operator
[2024-10-16T13:14:47.321+0000] {logging_mixin.py:190} INFO - [2024-10-16T13:14:47.321+0000] {dag.py:4180} INFO - Setting next_dagrun for example_branch_operator to 2024-10-15 00:00:00+00:00, run_after=2024-10-16 00:00:00+00:00
[2024-10-16T13:14:47.371+0000] {processor.py:208} INFO - Processing /home/airflow/.local/lib/python3.12/site-packages/airflow/example_dags/example_branch_operator.py took 0.280 seconds
[2024-10-16T13:16:16.773+0000] {processor.py:186} INFO - Started process (PID=94) to work on /home/airflow/.local/lib/python3.12/site-packages/airflow/example_dags/example_branch_operator.py
[2024-10-16T13:16:16.774+0000] {processor.py:914} INFO - Processing file /home/airflow/.local/lib/python3.12/site-packages/airflow/example_dags/example_branch_operator.py for tasks to queue
[2024-10-16T13:16:16.777+0000] {logging_mixin.py:190} INFO - [2024-10-16T13:16:16.776+0000] {dagbag.py:588} INFO - Filling up the DagBag from /home/airflow/.local/lib/python3.12/site-packages/airflow/example_dags/example_branch_operator.py
[2024-10-16T13:16:16.797+0000] {processor.py:925} INFO - DAG(s) 'example_branch_operator' retrieved from /home/airflow/.local/lib/python3.12/site-packages/airflow/example_dags/example_branch_operator.py
[2024-10-16T13:16:16.953+0000] {logging_mixin.py:190} INFO - [2024-10-16T13:16:16.952+0000] {override.py:1900} INFO - Created Permission View: can edit on DAG:example_branch_operator
[2024-10-16T13:16:16.967+0000] {logging_mixin.py:190} INFO - [2024-10-16T13:16:16.966+0000] {override.py:1900} INFO - Created Permission View: can read on DAG:example_branch_operator
[2024-10-16T13:16:16.977+0000] {logging_mixin.py:190} INFO - [2024-10-16T13:16:16.976+0000] {override.py:1900} INFO - Created Permission View: can delete on DAG:example_branch_operator
[2024-10-16T13:16:16.987+0000] {logging_mixin.py:190} INFO - [2024-10-16T13:16:16.987+0000] {override.py:1900} INFO - Created Permission View: menu access on DAG Run:example_branch_operator
[2024-10-16T13:16:16.998+0000] {logging_mixin.py:190} INFO - [2024-10-16T13:16:16.997+0000] {override.py:1900} INFO - Created Permission View: can read on DAG Run:example_branch_operator
[2024-10-16T13:16:17.007+0000] {logging_mixin.py:190} INFO - [2024-10-16T13:16:17.007+0000] {override.py:1900} INFO - Created Permission View: can create on DAG Run:example_branch_operator
[2024-10-16T13:16:17.016+0000] {logging_mixin.py:190} INFO - [2024-10-16T13:16:17.015+0000] {override.py:1900} INFO - Created Permission View: can delete on DAG Run:example_branch_operator
[2024-10-16T13:16:17.017+0000] {logging_mixin.py:190} INFO - [2024-10-16T13:16:17.016+0000] {dag.py:3239} INFO - Sync 1 DAGs
[2024-10-16T13:16:17.031+0000] {logging_mixin.py:190} INFO - [2024-10-16T13:16:17.030+0000] {dag.py:3262} INFO - Creating ORM DAG for example_branch_operator
[2024-10-16T13:16:17.045+0000] {logging_mixin.py:190} INFO - [2024-10-16T13:16:17.044+0000] {dag.py:4180} INFO - Setting next_dagrun for example_branch_operator to 2024-10-15 00:00:00+00:00, run_after=2024-10-16 00:00:00+00:00
[2024-10-16T13:16:17.090+0000] {processor.py:208} INFO - Processing /home/airflow/.local/lib/python3.12/site-packages/airflow/example_dags/example_branch_operator.py took 0.323 seconds
[2024-10-16T13:16:47.881+0000] {processor.py:186} INFO - Started process (PID=157) to work on /home/airflow/.local/lib/python3.12/site-packages/airflow/example_dags/example_branch_operator.py
[2024-10-16T13:16:47.887+0000] {processor.py:914} INFO - Processing file /home/airflow/.local/lib/python3.12/site-packages/airflow/example_dags/example_branch_operator.py for tasks to queue
[2024-10-16T13:16:47.896+0000] {logging_mixin.py:190} INFO - [2024-10-16T13:16:47.895+0000] {dagbag.py:588} INFO - Filling up the DagBag from /home/airflow/.local/lib/python3.12/site-packages/airflow/example_dags/example_branch_operator.py
[2024-10-16T13:16:47.937+0000] {processor.py:925} INFO - DAG(s) 'example_branch_operator' retrieved from /home/airflow/.local/lib/python3.12/site-packages/airflow/example_dags/example_branch_operator.py
[2024-10-16T13:16:48.009+0000] {logging_mixin.py:190} INFO - [2024-10-16T13:16:48.009+0000] {dag.py:3239} INFO - Sync 1 DAGs
[2024-10-16T13:16:48.067+0000] {logging_mixin.py:190} INFO - [2024-10-16T13:16:48.067+0000] {dag.py:4180} INFO - Setting next_dagrun for example_branch_operator to 2024-10-15 00:00:00+00:00, run_after=2024-10-16 00:00:00+00:00
[2024-10-16T13:16:48.143+0000] {processor.py:208} INFO - Processing /home/airflow/.local/lib/python3.12/site-packages/airflow/example_dags/example_branch_operator.py took 0.280 seconds
[2024-10-16T13:17:18.662+0000] {processor.py:186} INFO - Started process (PID=220) to work on /home/airflow/.local/lib/python3.12/site-packages/airflow/example_dags/example_branch_operator.py
[2024-10-16T13:17:18.664+0000] {processor.py:914} INFO - Processing file /home/airflow/.local/lib/python3.12/site-packages/airflow/example_dags/example_branch_operator.py for tasks to queue
[2024-10-16T13:17:18.667+0000] {logging_mixin.py:190} INFO - [2024-10-16T13:17:18.667+0000] {dagbag.py:588} INFO - Filling up the DagBag from /home/airflow/.local/lib/python3.12/site-packages/airflow/example_dags/example_branch_operator.py
[2024-10-16T13:17:18.691+0000] {processor.py:925} INFO - DAG(s) 'example_branch_operator' retrieved from /home/airflow/.local/lib/python3.12/site-packages/airflow/example_dags/example_branch_operator.py
[2024-10-16T13:17:18.735+0000] {logging_mixin.py:190} INFO - [2024-10-16T13:17:18.735+0000] {dag.py:3239} INFO - Sync 1 DAGs
[2024-10-16T13:17:18.774+0000] {logging_mixin.py:190} INFO - [2024-10-16T13:17:18.774+0000] {dag.py:4180} INFO - Setting next_dagrun for example_branch_operator to 2024-10-15 00:00:00+00:00, run_after=2024-10-16 00:00:00+00:00
[2024-10-16T13:17:18.803+0000] {processor.py:208} INFO - Processing /home/airflow/.local/lib/python3.12/site-packages/airflow/example_dags/example_branch_operator.py took 0.147 seconds
[2024-10-16T13:17:49.168+0000] {processor.py:186} INFO - Started process (PID=283) to work on /home/airflow/.local/lib/python3.12/site-packages/airflow/example_dags/example_branch_operator.py
[2024-10-16T13:17:49.169+0000] {processor.py:914} INFO - Processing file /home/airflow/.local/lib/python3.12/site-packages/airflow/example_dags/example_branch_operator.py for tasks to queue
[2024-10-16T13:17:49.172+0000] {logging_mixin.py:190} INFO - [2024-10-16T13:17:49.172+0000] {dagbag.py:588} INFO - Filling up the DagBag from /home/airflow/.local/lib/python3.12/site-packages/airflow/example_dags/example_branch_operator.py
[2024-10-16T13:17:49.198+0000] {processor.py:925} INFO - DAG(s) 'example_branch_operator' retrieved from /home/airflow/.local/lib/python3.12/site-packages/airflow/example_dags/example_branch_operator.py
[2024-10-16T13:17:49.249+0000] {logging_mixin.py:190} INFO - [2024-10-16T13:17:49.249+0000] {dag.py:3239} INFO - Sync 1 DAGs
[2024-10-16T13:17:49.277+0000] {logging_mixin.py:190} INFO - [2024-10-16T13:17:49.277+0000] {dag.py:4180} INFO - Setting next_dagrun for example_branch_operator to 2024-10-15 00:00:00+00:00, run_after=2024-10-16 00:00:00+00:00
[2024-10-16T13:17:49.304+0000] {processor.py:208} INFO - Processing /home/airflow/.local/lib/python3.12/site-packages/airflow/example_dags/example_branch_operator.py took 0.144 seconds
[2024-10-16T13:18:19.728+0000] {processor.py:186} INFO - Started process (PID=346) to work on /home/airflow/.local/lib/python3.12/site-packages/airflow/example_dags/example_branch_operator.py
[2024-10-16T13:18:19.730+0000] {processor.py:914} INFO - Processing file /home/airflow/.local/lib/python3.12/site-packages/airflow/example_dags/example_branch_operator.py for tasks to queue
[2024-10-16T13:18:19.733+0000] {logging_mixin.py:190} INFO - [2024-10-16T13:18:19.733+0000] {dagbag.py:588} INFO - Filling up the DagBag from /home/airflow/.local/lib/python3.12/site-packages/airflow/example_dags/example_branch_operator.py
[2024-10-16T13:18:19.763+0000] {processor.py:925} INFO - DAG(s) 'example_branch_operator' retrieved from /home/airflow/.local/lib/python3.12/site-packages/airflow/example_dags/example_branch_operator.py
[2024-10-16T13:18:19.825+0000] {logging_mixin.py:190} INFO - [2024-10-16T13:18:19.824+0000] {dag.py:3239} INFO - Sync 1 DAGs
[2024-10-16T13:18:19.862+0000] {logging_mixin.py:190} INFO - [2024-10-16T13:18:19.862+0000] {dag.py:4180} INFO - Setting next_dagrun for example_branch_operator to 2024-10-15 00:00:00+00:00, run_after=2024-10-16 00:00:00+00:00
[2024-10-16T13:18:19.890+0000] {processor.py:208} INFO - Processing /home/airflow/.local/lib/python3.12/site-packages/airflow/example_dags/example_branch_operator.py took 0.171 seconds
[2024-10-16T13:18:50.470+0000] {processor.py:186} INFO - Started process (PID=409) to work on /home/airflow/.local/lib/python3.12/site-packages/airflow/example_dags/example_branch_operator.py
[2024-10-16T13:18:50.472+0000] {processor.py:914} INFO - Processing file /home/airflow/.local/lib/python3.12/site-packages/airflow/example_dags/example_branch_operator.py for tasks to queue
[2024-10-16T13:18:50.475+0000] {logging_mixin.py:190} INFO - [2024-10-16T13:18:50.474+0000] {dagbag.py:588} INFO - Filling up the DagBag from /home/airflow/.local/lib/python3.12/site-packages/airflow/example_dags/example_branch_operator.py
[2024-10-16T13:18:50.497+0000] {processor.py:925} INFO - DAG(s) 'example_branch_operator' retrieved from /home/airflow/.local/lib/python3.12/site-packages/airflow/example_dags/example_branch_operator.py
[2024-10-16T13:18:50.531+0000] {logging_mixin.py:190} INFO - [2024-10-16T13:18:50.531+0000] {dag.py:3239} INFO - Sync 1 DAGs
[2024-10-16T13:18:50.559+0000] {logging_mixin.py:190} INFO - [2024-10-16T13:18:50.559+0000] {dag.py:4180} INFO - Setting next_dagrun for example_branch_operator to 2024-10-15 00:00:00+00:00, run_after=2024-10-16 00:00:00+00:00
[2024-10-16T13:18:50.579+0000] {processor.py:208} INFO - Processing /home/airflow/.local/lib/python3.12/site-packages/airflow/example_dags/example_branch_operator.py took 0.117 seconds
[2024-10-16T13:19:21.213+0000] {processor.py:186} INFO - Started process (PID=472) to work on /home/airflow/.local/lib/python3.12/site-packages/airflow/example_dags/example_branch_operator.py
[2024-10-16T13:19:21.214+0000] {processor.py:914} INFO - Processing file /home/airflow/.local/lib/python3.12/site-packages/airflow/example_dags/example_branch_operator.py for tasks to queue
[2024-10-16T13:19:21.217+0000] {logging_mixin.py:190} INFO - [2024-10-16T13:19:21.217+0000] {dagbag.py:588} INFO - Filling up the DagBag from /home/airflow/.local/lib/python3.12/site-packages/airflow/example_dags/example_branch_operator.py
[2024-10-16T13:19:21.240+0000] {processor.py:925} INFO - DAG(s) 'example_branch_operator' retrieved from /home/airflow/.local/lib/python3.12/site-packages/airflow/example_dags/example_branch_operator.py
[2024-10-16T13:19:21.286+0000] {logging_mixin.py:190} INFO - [2024-10-16T13:19:21.286+0000] {dag.py:3239} INFO - Sync 1 DAGs
[2024-10-16T13:19:21.315+0000] {logging_mixin.py:190} INFO - [2024-10-16T13:19:21.315+0000] {dag.py:4180} INFO - Setting next_dagrun for example_branch_operator to 2024-10-15 00:00:00+00:00, run_after=2024-10-16 00:00:00+00:00
[2024-10-16T13:19:21.336+0000] {processor.py:208} INFO - Processing /home/airflow/.local/lib/python3.12/site-packages/airflow/example_dags/example_branch_operator.py took 0.129 seconds
[2024-10-16T13:19:51.687+0000] {processor.py:186} INFO - Started process (PID=535) to work on /home/airflow/.local/lib/python3.12/site-packages/airflow/example_dags/example_branch_operator.py
[2024-10-16T13:19:51.689+0000] {processor.py:914} INFO - Processing file /home/airflow/.local/lib/python3.12/site-packages/airflow/example_dags/example_branch_operator.py for tasks to queue
[2024-10-16T13:19:51.693+0000] {logging_mixin.py:190} INFO - [2024-10-16T13:19:51.693+0000] {dagbag.py:588} INFO - Filling up the DagBag from /home/airflow/.local/lib/python3.12/site-packages/airflow/example_dags/example_branch_operator.py
[2024-10-16T13:19:51.728+0000] {processor.py:925} INFO - DAG(s) 'example_branch_operator' retrieved from /home/airflow/.local/lib/python3.12/site-packages/airflow/example_dags/example_branch_operator.py
[2024-10-16T13:19:51.769+0000] {logging_mixin.py:190} INFO - [2024-10-16T13:19:51.768+0000] {dag.py:3239} INFO - Sync 1 DAGs
[2024-10-16T13:19:51.956+0000] {logging_mixin.py:190} INFO - [2024-10-16T13:19:51.956+0000] {dag.py:4180} INFO - Setting next_dagrun for example_branch_operator to 2024-10-15 00:00:00+00:00, run_after=2024-10-16 00:00:00+00:00
[2024-10-16T13:19:51.997+0000] {processor.py:208} INFO - Processing /home/airflow/.local/lib/python3.12/site-packages/airflow/example_dags/example_branch_operator.py took 0.320 seconds
[2024-10-16T13:20:22.473+0000] {processor.py:186} INFO - Started process (PID=598) to work on /home/airflow/.local/lib/python3.12/site-packages/airflow/example_dags/example_branch_operator.py
[2024-10-16T13:20:22.474+0000] {processor.py:914} INFO - Processing file /home/airflow/.local/lib/python3.12/site-packages/airflow/example_dags/example_branch_operator.py for tasks to queue
[2024-10-16T13:20:22.477+0000] {logging_mixin.py:190} INFO - [2024-10-16T13:20:22.476+0000] {dagbag.py:588} INFO - Filling up the DagBag from /home/airflow/.local/lib/python3.12/site-packages/airflow/example_dags/example_branch_operator.py
[2024-10-16T13:20:22.498+0000] {processor.py:925} INFO - DAG(s) 'example_branch_operator' retrieved from /home/airflow/.local/lib/python3.12/site-packages/airflow/example_dags/example_branch_operator.py
[2024-10-16T13:20:22.531+0000] {logging_mixin.py:190} INFO - [2024-10-16T13:20:22.531+0000] {dag.py:3239} INFO - Sync 1 DAGs
[2024-10-16T13:20:22.561+0000] {logging_mixin.py:190} INFO - [2024-10-16T13:20:22.561+0000] {dag.py:4180} INFO - Setting next_dagrun for example_branch_operator to 2024-10-15 00:00:00+00:00, run_after=2024-10-16 00:00:00+00:00
[2024-10-16T13:20:22.590+0000] {processor.py:208} INFO - Processing /home/airflow/.local/lib/python3.12/site-packages/airflow/example_dags/example_branch_operator.py took 0.123 seconds
[2024-10-16T13:22:02.676+0000] {processor.py:186} INFO - Started process (PID=93) to work on /home/airflow/.local/lib/python3.12/site-packages/airflow/example_dags/example_branch_operator.py
[2024-10-16T13:22:02.679+0000] {processor.py:914} INFO - Processing file /home/airflow/.local/lib/python3.12/site-packages/airflow/example_dags/example_branch_operator.py for tasks to queue
[2024-10-16T13:22:02.682+0000] {logging_mixin.py:190} INFO - [2024-10-16T13:22:02.682+0000] {dagbag.py:588} INFO - Filling up the DagBag from /home/airflow/.local/lib/python3.12/site-packages/airflow/example_dags/example_branch_operator.py
[2024-10-16T13:22:02.710+0000] {processor.py:925} INFO - DAG(s) 'example_branch_operator' retrieved from /home/airflow/.local/lib/python3.12/site-packages/airflow/example_dags/example_branch_operator.py
[2024-10-16T13:22:02.859+0000] {logging_mixin.py:190} INFO - [2024-10-16T13:22:02.858+0000] {override.py:1900} INFO - Created Permission View: can edit on DAG:example_branch_operator
[2024-10-16T13:22:02.870+0000] {logging_mixin.py:190} INFO - [2024-10-16T13:22:02.869+0000] {override.py:1900} INFO - Created Permission View: can read on DAG:example_branch_operator
[2024-10-16T13:22:02.879+0000] {logging_mixin.py:190} INFO - [2024-10-16T13:22:02.879+0000] {override.py:1900} INFO - Created Permission View: can delete on DAG:example_branch_operator
[2024-10-16T13:22:02.887+0000] {logging_mixin.py:190} INFO - [2024-10-16T13:22:02.887+0000] {override.py:1900} INFO - Created Permission View: can delete on DAG Run:example_branch_operator
[2024-10-16T13:22:02.895+0000] {logging_mixin.py:190} INFO - [2024-10-16T13:22:02.894+0000] {override.py:1900} INFO - Created Permission View: can read on DAG Run:example_branch_operator
[2024-10-16T13:22:02.902+0000] {logging_mixin.py:190} INFO - [2024-10-16T13:22:02.901+0000] {override.py:1900} INFO - Created Permission View: menu access on DAG Run:example_branch_operator
[2024-10-16T13:22:02.908+0000] {logging_mixin.py:190} INFO - [2024-10-16T13:22:02.908+0000] {override.py:1900} INFO - Created Permission View: can create on DAG Run:example_branch_operator
[2024-10-16T13:22:02.909+0000] {logging_mixin.py:190} INFO - [2024-10-16T13:22:02.909+0000] {dag.py:3239} INFO - Sync 1 DAGs
[2024-10-16T13:22:02.925+0000] {logging_mixin.py:190} INFO - [2024-10-16T13:22:02.925+0000] {dag.py:3262} INFO - Creating ORM DAG for example_branch_operator
[2024-10-16T13:22:02.935+0000] {logging_mixin.py:190} INFO - [2024-10-16T13:22:02.934+0000] {dag.py:4180} INFO - Setting next_dagrun for example_branch_operator to 2024-10-15 00:00:00+00:00, run_after=2024-10-16 00:00:00+00:00
[2024-10-16T13:22:02.950+0000] {processor.py:208} INFO - Processing /home/airflow/.local/lib/python3.12/site-packages/airflow/example_dags/example_branch_operator.py took 0.282 seconds
[2024-10-16T13:22:33.184+0000] {processor.py:186} INFO - Started process (PID=156) to work on /home/airflow/.local/lib/python3.12/site-packages/airflow/example_dags/example_branch_operator.py
[2024-10-16T13:22:33.186+0000] {processor.py:914} INFO - Processing file /home/airflow/.local/lib/python3.12/site-packages/airflow/example_dags/example_branch_operator.py for tasks to queue
[2024-10-16T13:22:33.190+0000] {logging_mixin.py:190} INFO - [2024-10-16T13:22:33.189+0000] {dagbag.py:588} INFO - Filling up the DagBag from /home/airflow/.local/lib/python3.12/site-packages/airflow/example_dags/example_branch_operator.py
[2024-10-16T13:22:33.215+0000] {processor.py:925} INFO - DAG(s) 'example_branch_operator' retrieved from /home/airflow/.local/lib/python3.12/site-packages/airflow/example_dags/example_branch_operator.py
[2024-10-16T13:22:33.261+0000] {logging_mixin.py:190} INFO - [2024-10-16T13:22:33.261+0000] {dag.py:3239} INFO - Sync 1 DAGs
[2024-10-16T13:22:33.298+0000] {logging_mixin.py:190} INFO - [2024-10-16T13:22:33.298+0000] {dag.py:4180} INFO - Setting next_dagrun for example_branch_operator to 2024-10-15 00:00:00+00:00, run_after=2024-10-16 00:00:00+00:00
[2024-10-16T13:22:33.396+0000] {processor.py:208} INFO - Processing /home/airflow/.local/lib/python3.12/site-packages/airflow/example_dags/example_branch_operator.py took 0.221 seconds
[2024-10-16T13:23:04.055+0000] {processor.py:186} INFO - Started process (PID=219) to work on /home/airflow/.local/lib/python3.12/site-packages/airflow/example_dags/example_branch_operator.py
[2024-10-16T13:23:04.056+0000] {processor.py:914} INFO - Processing file /home/airflow/.local/lib/python3.12/site-packages/airflow/example_dags/example_branch_operator.py for tasks to queue
[2024-10-16T13:23:04.059+0000] {logging_mixin.py:190} INFO - [2024-10-16T13:23:04.059+0000] {dagbag.py:588} INFO - Filling up the DagBag from /home/airflow/.local/lib/python3.12/site-packages/airflow/example_dags/example_branch_operator.py
[2024-10-16T13:23:04.075+0000] {processor.py:925} INFO - DAG(s) 'example_branch_operator' retrieved from /home/airflow/.local/lib/python3.12/site-packages/airflow/example_dags/example_branch_operator.py
[2024-10-16T13:23:04.101+0000] {logging_mixin.py:190} INFO - [2024-10-16T13:23:04.101+0000] {dag.py:3239} INFO - Sync 1 DAGs
[2024-10-16T13:23:04.121+0000] {logging_mixin.py:190} INFO - [2024-10-16T13:23:04.121+0000] {dag.py:4180} INFO - Setting next_dagrun for example_branch_operator to 2024-10-15 00:00:00+00:00, run_after=2024-10-16 00:00:00+00:00
[2024-10-16T13:23:04.147+0000] {processor.py:208} INFO - Processing /home/airflow/.local/lib/python3.12/site-packages/airflow/example_dags/example_branch_operator.py took 0.097 seconds
[2024-10-16T13:23:35.317+0000] {processor.py:186} INFO - Started process (PID=282) to work on /home/airflow/.local/lib/python3.12/site-packages/airflow/example_dags/example_branch_operator.py
[2024-10-16T13:23:35.318+0000] {processor.py:914} INFO - Processing file /home/airflow/.local/lib/python3.12/site-packages/airflow/example_dags/example_branch_operator.py for tasks to queue
[2024-10-16T13:23:35.322+0000] {logging_mixin.py:190} INFO - [2024-10-16T13:23:35.321+0000] {dagbag.py:588} INFO - Filling up the DagBag from /home/airflow/.local/lib/python3.12/site-packages/airflow/example_dags/example_branch_operator.py
[2024-10-16T13:23:35.336+0000] {processor.py:925} INFO - DAG(s) 'example_branch_operator' retrieved from /home/airflow/.local/lib/python3.12/site-packages/airflow/example_dags/example_branch_operator.py
[2024-10-16T13:23:35.369+0000] {logging_mixin.py:190} INFO - [2024-10-16T13:23:35.369+0000] {dag.py:3239} INFO - Sync 1 DAGs
[2024-10-16T13:23:35.396+0000] {logging_mixin.py:190} INFO - [2024-10-16T13:23:35.396+0000] {dag.py:4180} INFO - Setting next_dagrun for example_branch_operator to 2024-10-15 00:00:00+00:00, run_after=2024-10-16 00:00:00+00:00
[2024-10-16T13:23:35.441+0000] {processor.py:208} INFO - Processing /home/airflow/.local/lib/python3.12/site-packages/airflow/example_dags/example_branch_operator.py took 0.133 seconds
