[2024-10-16T12:50:35.871+0000] {processor.py:186} INFO - Started process (PID=116) to work on /home/airflow/.local/lib/python3.12/site-packages/airflow/example_dags/example_external_task_marker_dag.py
[2024-10-16T12:50:35.872+0000] {processor.py:914} INFO - Processing file /home/airflow/.local/lib/python3.12/site-packages/airflow/example_dags/example_external_task_marker_dag.py for tasks to queue
[2024-10-16T12:50:35.875+0000] {logging_mixin.py:190} INFO - [2024-10-16T12:50:35.874+0000] {dagbag.py:588} INFO - Filling up the DagBag from /home/airflow/.local/lib/python3.12/site-packages/airflow/example_dags/example_external_task_marker_dag.py
[2024-10-16T12:50:35.888+0000] {processor.py:925} INFO - DAG(s) 'example_external_task_marker_parent', 'example_external_task_marker_child' retrieved from /home/airflow/.local/lib/python3.12/site-packages/airflow/example_dags/example_external_task_marker_dag.py
[2024-10-16T12:50:35.964+0000] {logging_mixin.py:190} INFO - [2024-10-16T12:50:35.963+0000] {override.py:1900} INFO - Created Permission View: can edit on DAG:example_external_task_marker_parent
[2024-10-16T12:50:35.972+0000] {logging_mixin.py:190} INFO - [2024-10-16T12:50:35.972+0000] {override.py:1900} INFO - Created Permission View: can read on DAG:example_external_task_marker_parent
[2024-10-16T12:50:35.978+0000] {logging_mixin.py:190} INFO - [2024-10-16T12:50:35.977+0000] {override.py:1900} INFO - Created Permission View: can delete on DAG:example_external_task_marker_parent
[2024-10-16T12:50:35.986+0000] {logging_mixin.py:190} INFO - [2024-10-16T12:50:35.986+0000] {override.py:1900} INFO - Created Permission View: can delete on DAG Run:example_external_task_marker_parent
[2024-10-16T12:50:35.993+0000] {logging_mixin.py:190} INFO - [2024-10-16T12:50:35.992+0000] {override.py:1900} INFO - Created Permission View: menu access on DAG Run:example_external_task_marker_parent
[2024-10-16T12:50:36.000+0000] {logging_mixin.py:190} INFO - [2024-10-16T12:50:35.999+0000] {override.py:1900} INFO - Created Permission View: can create on DAG Run:example_external_task_marker_parent
[2024-10-16T12:50:36.006+0000] {logging_mixin.py:190} INFO - [2024-10-16T12:50:36.006+0000] {override.py:1900} INFO - Created Permission View: can read on DAG Run:example_external_task_marker_parent
[2024-10-16T12:50:36.019+0000] {logging_mixin.py:190} INFO - [2024-10-16T12:50:36.019+0000] {override.py:1900} INFO - Created Permission View: can edit on DAG:example_external_task_marker_child
[2024-10-16T12:50:36.026+0000] {logging_mixin.py:190} INFO - [2024-10-16T12:50:36.026+0000] {override.py:1900} INFO - Created Permission View: can read on DAG:example_external_task_marker_child
[2024-10-16T12:50:36.032+0000] {logging_mixin.py:190} INFO - [2024-10-16T12:50:36.031+0000] {override.py:1900} INFO - Created Permission View: can delete on DAG:example_external_task_marker_child
[2024-10-16T12:50:36.039+0000] {logging_mixin.py:190} INFO - [2024-10-16T12:50:36.038+0000] {override.py:1900} INFO - Created Permission View: can delete on DAG Run:example_external_task_marker_child
[2024-10-16T12:50:36.045+0000] {logging_mixin.py:190} INFO - [2024-10-16T12:50:36.044+0000] {override.py:1900} INFO - Created Permission View: menu access on DAG Run:example_external_task_marker_child
[2024-10-16T12:50:36.051+0000] {logging_mixin.py:190} INFO - [2024-10-16T12:50:36.050+0000] {override.py:1900} INFO - Created Permission View: can create on DAG Run:example_external_task_marker_child
[2024-10-16T12:50:36.057+0000] {logging_mixin.py:190} INFO - [2024-10-16T12:50:36.057+0000] {override.py:1900} INFO - Created Permission View: can read on DAG Run:example_external_task_marker_child
[2024-10-16T12:50:36.058+0000] {logging_mixin.py:190} INFO - [2024-10-16T12:50:36.058+0000] {dag.py:3239} INFO - Sync 2 DAGs
[2024-10-16T12:50:36.067+0000] {logging_mixin.py:190} INFO - [2024-10-16T12:50:36.067+0000] {dag.py:3262} INFO - Creating ORM DAG for example_external_task_marker_child
[2024-10-16T12:50:36.068+0000] {logging_mixin.py:190} INFO - [2024-10-16T12:50:36.068+0000] {dag.py:3262} INFO - Creating ORM DAG for example_external_task_marker_parent
[2024-10-16T12:50:36.069+0000] {logging_mixin.py:190} INFO - [2024-10-16T12:50:36.069+0000] {dag.py:4180} INFO - Setting next_dagrun for example_external_task_marker_child to None, run_after=None
[2024-10-16T12:50:36.070+0000] {logging_mixin.py:190} INFO - [2024-10-16T12:50:36.070+0000] {dag.py:4180} INFO - Setting next_dagrun for example_external_task_marker_parent to None, run_after=None
[2024-10-16T12:50:36.087+0000] {processor.py:208} INFO - Processing /home/airflow/.local/lib/python3.12/site-packages/airflow/example_dags/example_external_task_marker_dag.py took 0.221 seconds
[2024-10-16T12:51:06.462+0000] {processor.py:186} INFO - Started process (PID=178) to work on /home/airflow/.local/lib/python3.12/site-packages/airflow/example_dags/example_external_task_marker_dag.py
[2024-10-16T12:51:06.464+0000] {processor.py:914} INFO - Processing file /home/airflow/.local/lib/python3.12/site-packages/airflow/example_dags/example_external_task_marker_dag.py for tasks to queue
[2024-10-16T12:51:06.467+0000] {logging_mixin.py:190} INFO - [2024-10-16T12:51:06.466+0000] {dagbag.py:588} INFO - Filling up the DagBag from /home/airflow/.local/lib/python3.12/site-packages/airflow/example_dags/example_external_task_marker_dag.py
[2024-10-16T12:51:06.476+0000] {processor.py:925} INFO - DAG(s) 'example_external_task_marker_parent', 'example_external_task_marker_child' retrieved from /home/airflow/.local/lib/python3.12/site-packages/airflow/example_dags/example_external_task_marker_dag.py
[2024-10-16T12:51:06.507+0000] {logging_mixin.py:190} INFO - [2024-10-16T12:51:06.506+0000] {dag.py:3239} INFO - Sync 2 DAGs
[2024-10-16T12:51:06.531+0000] {logging_mixin.py:190} INFO - [2024-10-16T12:51:06.530+0000] {dag.py:4180} INFO - Setting next_dagrun for example_external_task_marker_child to None, run_after=None
[2024-10-16T12:51:06.536+0000] {logging_mixin.py:190} INFO - [2024-10-16T12:51:06.536+0000] {dag.py:4180} INFO - Setting next_dagrun for example_external_task_marker_parent to None, run_after=None
[2024-10-16T12:51:06.560+0000] {processor.py:208} INFO - Processing /home/airflow/.local/lib/python3.12/site-packages/airflow/example_dags/example_external_task_marker_dag.py took 0.105 seconds
[2024-10-16T12:51:36.764+0000] {processor.py:186} INFO - Started process (PID=240) to work on /home/airflow/.local/lib/python3.12/site-packages/airflow/example_dags/example_external_task_marker_dag.py
[2024-10-16T12:51:36.766+0000] {processor.py:914} INFO - Processing file /home/airflow/.local/lib/python3.12/site-packages/airflow/example_dags/example_external_task_marker_dag.py for tasks to queue
[2024-10-16T12:51:36.769+0000] {logging_mixin.py:190} INFO - [2024-10-16T12:51:36.769+0000] {dagbag.py:588} INFO - Filling up the DagBag from /home/airflow/.local/lib/python3.12/site-packages/airflow/example_dags/example_external_task_marker_dag.py
[2024-10-16T12:51:36.777+0000] {processor.py:925} INFO - DAG(s) 'example_external_task_marker_parent', 'example_external_task_marker_child' retrieved from /home/airflow/.local/lib/python3.12/site-packages/airflow/example_dags/example_external_task_marker_dag.py
[2024-10-16T12:51:36.807+0000] {logging_mixin.py:190} INFO - [2024-10-16T12:51:36.807+0000] {dag.py:3239} INFO - Sync 2 DAGs
[2024-10-16T12:51:36.842+0000] {logging_mixin.py:190} INFO - [2024-10-16T12:51:36.842+0000] {dag.py:4180} INFO - Setting next_dagrun for example_external_task_marker_child to None, run_after=None
[2024-10-16T12:51:36.863+0000] {logging_mixin.py:190} INFO - [2024-10-16T12:51:36.863+0000] {dag.py:4180} INFO - Setting next_dagrun for example_external_task_marker_parent to None, run_after=None
[2024-10-16T12:51:36.890+0000] {processor.py:208} INFO - Processing /home/airflow/.local/lib/python3.12/site-packages/airflow/example_dags/example_external_task_marker_dag.py took 0.135 seconds
[2024-10-16T12:52:07.069+0000] {processor.py:186} INFO - Started process (PID=302) to work on /home/airflow/.local/lib/python3.12/site-packages/airflow/example_dags/example_external_task_marker_dag.py
[2024-10-16T12:52:07.070+0000] {processor.py:914} INFO - Processing file /home/airflow/.local/lib/python3.12/site-packages/airflow/example_dags/example_external_task_marker_dag.py for tasks to queue
[2024-10-16T12:52:07.073+0000] {logging_mixin.py:190} INFO - [2024-10-16T12:52:07.072+0000] {dagbag.py:588} INFO - Filling up the DagBag from /home/airflow/.local/lib/python3.12/site-packages/airflow/example_dags/example_external_task_marker_dag.py
[2024-10-16T12:52:07.079+0000] {processor.py:925} INFO - DAG(s) 'example_external_task_marker_child', 'example_external_task_marker_parent' retrieved from /home/airflow/.local/lib/python3.12/site-packages/airflow/example_dags/example_external_task_marker_dag.py
[2024-10-16T12:52:07.099+0000] {logging_mixin.py:190} INFO - [2024-10-16T12:52:07.099+0000] {dag.py:3239} INFO - Sync 2 DAGs
[2024-10-16T12:52:07.110+0000] {logging_mixin.py:190} INFO - [2024-10-16T12:52:07.109+0000] {dag.py:4180} INFO - Setting next_dagrun for example_external_task_marker_child to None, run_after=None
[2024-10-16T12:52:07.112+0000] {logging_mixin.py:190} INFO - [2024-10-16T12:52:07.112+0000] {dag.py:4180} INFO - Setting next_dagrun for example_external_task_marker_parent to None, run_after=None
[2024-10-16T12:52:07.132+0000] {processor.py:208} INFO - Processing /home/airflow/.local/lib/python3.12/site-packages/airflow/example_dags/example_external_task_marker_dag.py took 0.067 seconds
[2024-10-16T12:52:37.415+0000] {processor.py:186} INFO - Started process (PID=365) to work on /home/airflow/.local/lib/python3.12/site-packages/airflow/example_dags/example_external_task_marker_dag.py
[2024-10-16T12:52:37.416+0000] {processor.py:914} INFO - Processing file /home/airflow/.local/lib/python3.12/site-packages/airflow/example_dags/example_external_task_marker_dag.py for tasks to queue
[2024-10-16T12:52:37.418+0000] {logging_mixin.py:190} INFO - [2024-10-16T12:52:37.418+0000] {dagbag.py:588} INFO - Filling up the DagBag from /home/airflow/.local/lib/python3.12/site-packages/airflow/example_dags/example_external_task_marker_dag.py
[2024-10-16T12:52:37.427+0000] {processor.py:925} INFO - DAG(s) 'example_external_task_marker_parent', 'example_external_task_marker_child' retrieved from /home/airflow/.local/lib/python3.12/site-packages/airflow/example_dags/example_external_task_marker_dag.py
[2024-10-16T12:52:37.460+0000] {logging_mixin.py:190} INFO - [2024-10-16T12:52:37.460+0000] {dag.py:3239} INFO - Sync 2 DAGs
[2024-10-16T12:52:37.481+0000] {logging_mixin.py:190} INFO - [2024-10-16T12:52:37.480+0000] {dag.py:4180} INFO - Setting next_dagrun for example_external_task_marker_child to None, run_after=None
[2024-10-16T12:52:37.485+0000] {logging_mixin.py:190} INFO - [2024-10-16T12:52:37.485+0000] {dag.py:4180} INFO - Setting next_dagrun for example_external_task_marker_parent to None, run_after=None
[2024-10-16T12:52:37.507+0000] {processor.py:208} INFO - Processing /home/airflow/.local/lib/python3.12/site-packages/airflow/example_dags/example_external_task_marker_dag.py took 0.102 seconds
[2024-10-16T12:53:08.307+0000] {processor.py:186} INFO - Started process (PID=427) to work on /home/airflow/.local/lib/python3.12/site-packages/airflow/example_dags/example_external_task_marker_dag.py
[2024-10-16T12:53:08.308+0000] {processor.py:914} INFO - Processing file /home/airflow/.local/lib/python3.12/site-packages/airflow/example_dags/example_external_task_marker_dag.py for tasks to queue
[2024-10-16T12:53:08.312+0000] {logging_mixin.py:190} INFO - [2024-10-16T12:53:08.311+0000] {dagbag.py:588} INFO - Filling up the DagBag from /home/airflow/.local/lib/python3.12/site-packages/airflow/example_dags/example_external_task_marker_dag.py
[2024-10-16T12:53:08.322+0000] {processor.py:925} INFO - DAG(s) 'example_external_task_marker_child', 'example_external_task_marker_parent' retrieved from /home/airflow/.local/lib/python3.12/site-packages/airflow/example_dags/example_external_task_marker_dag.py
[2024-10-16T12:53:08.351+0000] {logging_mixin.py:190} INFO - [2024-10-16T12:53:08.350+0000] {dag.py:3239} INFO - Sync 2 DAGs
[2024-10-16T12:53:08.372+0000] {logging_mixin.py:190} INFO - [2024-10-16T12:53:08.372+0000] {dag.py:4180} INFO - Setting next_dagrun for example_external_task_marker_child to None, run_after=None
[2024-10-16T12:53:08.380+0000] {logging_mixin.py:190} INFO - [2024-10-16T12:53:08.379+0000] {dag.py:4180} INFO - Setting next_dagrun for example_external_task_marker_parent to None, run_after=None
[2024-10-16T12:53:08.402+0000] {processor.py:208} INFO - Processing /home/airflow/.local/lib/python3.12/site-packages/airflow/example_dags/example_external_task_marker_dag.py took 0.101 seconds
[2024-10-16T12:53:39.230+0000] {processor.py:186} INFO - Started process (PID=489) to work on /home/airflow/.local/lib/python3.12/site-packages/airflow/example_dags/example_external_task_marker_dag.py
[2024-10-16T12:53:39.233+0000] {processor.py:914} INFO - Processing file /home/airflow/.local/lib/python3.12/site-packages/airflow/example_dags/example_external_task_marker_dag.py for tasks to queue
[2024-10-16T12:53:39.236+0000] {logging_mixin.py:190} INFO - [2024-10-16T12:53:39.235+0000] {dagbag.py:588} INFO - Filling up the DagBag from /home/airflow/.local/lib/python3.12/site-packages/airflow/example_dags/example_external_task_marker_dag.py
[2024-10-16T12:53:39.245+0000] {processor.py:925} INFO - DAG(s) 'example_external_task_marker_parent', 'example_external_task_marker_child' retrieved from /home/airflow/.local/lib/python3.12/site-packages/airflow/example_dags/example_external_task_marker_dag.py
[2024-10-16T12:53:39.270+0000] {logging_mixin.py:190} INFO - [2024-10-16T12:53:39.269+0000] {dag.py:3239} INFO - Sync 2 DAGs
[2024-10-16T12:53:39.286+0000] {logging_mixin.py:190} INFO - [2024-10-16T12:53:39.286+0000] {dag.py:4180} INFO - Setting next_dagrun for example_external_task_marker_child to None, run_after=None
[2024-10-16T12:53:39.291+0000] {logging_mixin.py:190} INFO - [2024-10-16T12:53:39.291+0000] {dag.py:4180} INFO - Setting next_dagrun for example_external_task_marker_parent to None, run_after=None
[2024-10-16T12:53:39.311+0000] {processor.py:208} INFO - Processing /home/airflow/.local/lib/python3.12/site-packages/airflow/example_dags/example_external_task_marker_dag.py took 0.086 seconds
[2024-10-16T12:54:10.470+0000] {processor.py:186} INFO - Started process (PID=551) to work on /home/airflow/.local/lib/python3.12/site-packages/airflow/example_dags/example_external_task_marker_dag.py
[2024-10-16T12:54:10.472+0000] {processor.py:914} INFO - Processing file /home/airflow/.local/lib/python3.12/site-packages/airflow/example_dags/example_external_task_marker_dag.py for tasks to queue
[2024-10-16T12:54:10.475+0000] {logging_mixin.py:190} INFO - [2024-10-16T12:54:10.474+0000] {dagbag.py:588} INFO - Filling up the DagBag from /home/airflow/.local/lib/python3.12/site-packages/airflow/example_dags/example_external_task_marker_dag.py
[2024-10-16T12:54:10.481+0000] {processor.py:925} INFO - DAG(s) 'example_external_task_marker_child', 'example_external_task_marker_parent' retrieved from /home/airflow/.local/lib/python3.12/site-packages/airflow/example_dags/example_external_task_marker_dag.py
[2024-10-16T12:54:10.508+0000] {logging_mixin.py:190} INFO - [2024-10-16T12:54:10.508+0000] {dag.py:3239} INFO - Sync 2 DAGs
[2024-10-16T12:54:10.521+0000] {logging_mixin.py:190} INFO - [2024-10-16T12:54:10.521+0000] {dag.py:4180} INFO - Setting next_dagrun for example_external_task_marker_child to None, run_after=None
[2024-10-16T12:54:10.526+0000] {logging_mixin.py:190} INFO - [2024-10-16T12:54:10.526+0000] {dag.py:4180} INFO - Setting next_dagrun for example_external_task_marker_parent to None, run_after=None
[2024-10-16T12:54:10.551+0000] {processor.py:208} INFO - Processing /home/airflow/.local/lib/python3.12/site-packages/airflow/example_dags/example_external_task_marker_dag.py took 0.087 seconds
[2024-10-16T12:54:42.514+0000] {processor.py:186} INFO - Started process (PID=613) to work on /home/airflow/.local/lib/python3.12/site-packages/airflow/example_dags/example_external_task_marker_dag.py
[2024-10-16T12:54:42.515+0000] {processor.py:914} INFO - Processing file /home/airflow/.local/lib/python3.12/site-packages/airflow/example_dags/example_external_task_marker_dag.py for tasks to queue
[2024-10-16T12:54:42.519+0000] {logging_mixin.py:190} INFO - [2024-10-16T12:54:42.518+0000] {dagbag.py:588} INFO - Filling up the DagBag from /home/airflow/.local/lib/python3.12/site-packages/airflow/example_dags/example_external_task_marker_dag.py
[2024-10-16T12:54:42.525+0000] {processor.py:925} INFO - DAG(s) 'example_external_task_marker_child', 'example_external_task_marker_parent' retrieved from /home/airflow/.local/lib/python3.12/site-packages/airflow/example_dags/example_external_task_marker_dag.py
[2024-10-16T12:54:42.549+0000] {logging_mixin.py:190} INFO - [2024-10-16T12:54:42.548+0000] {dag.py:3239} INFO - Sync 2 DAGs
[2024-10-16T12:54:42.565+0000] {logging_mixin.py:190} INFO - [2024-10-16T12:54:42.564+0000] {dag.py:4180} INFO - Setting next_dagrun for example_external_task_marker_child to None, run_after=None
[2024-10-16T12:54:42.569+0000] {logging_mixin.py:190} INFO - [2024-10-16T12:54:42.569+0000] {dag.py:4180} INFO - Setting next_dagrun for example_external_task_marker_parent to None, run_after=None
[2024-10-16T12:54:42.588+0000] {processor.py:208} INFO - Processing /home/airflow/.local/lib/python3.12/site-packages/airflow/example_dags/example_external_task_marker_dag.py took 0.078 seconds
[2024-10-16T12:55:13.317+0000] {processor.py:186} INFO - Started process (PID=676) to work on /home/airflow/.local/lib/python3.12/site-packages/airflow/example_dags/example_external_task_marker_dag.py
[2024-10-16T12:55:13.325+0000] {processor.py:914} INFO - Processing file /home/airflow/.local/lib/python3.12/site-packages/airflow/example_dags/example_external_task_marker_dag.py for tasks to queue
[2024-10-16T12:55:13.329+0000] {logging_mixin.py:190} INFO - [2024-10-16T12:55:13.328+0000] {dagbag.py:588} INFO - Filling up the DagBag from /home/airflow/.local/lib/python3.12/site-packages/airflow/example_dags/example_external_task_marker_dag.py
[2024-10-16T12:55:13.339+0000] {processor.py:925} INFO - DAG(s) 'example_external_task_marker_child', 'example_external_task_marker_parent' retrieved from /home/airflow/.local/lib/python3.12/site-packages/airflow/example_dags/example_external_task_marker_dag.py
[2024-10-16T12:55:13.372+0000] {logging_mixin.py:190} INFO - [2024-10-16T12:55:13.371+0000] {dag.py:3239} INFO - Sync 2 DAGs
[2024-10-16T12:55:13.389+0000] {logging_mixin.py:190} INFO - [2024-10-16T12:55:13.389+0000] {dag.py:4180} INFO - Setting next_dagrun for example_external_task_marker_child to None, run_after=None
[2024-10-16T12:55:13.431+0000] {logging_mixin.py:190} INFO - [2024-10-16T12:55:13.431+0000] {dag.py:4180} INFO - Setting next_dagrun for example_external_task_marker_parent to None, run_after=None
[2024-10-16T12:55:13.467+0000] {processor.py:208} INFO - Processing /home/airflow/.local/lib/python3.12/site-packages/airflow/example_dags/example_external_task_marker_dag.py took 0.163 seconds
[2024-10-16T12:55:43.516+0000] {processor.py:186} INFO - Started process (PID=738) to work on /home/airflow/.local/lib/python3.12/site-packages/airflow/example_dags/example_external_task_marker_dag.py
[2024-10-16T12:55:43.517+0000] {processor.py:914} INFO - Processing file /home/airflow/.local/lib/python3.12/site-packages/airflow/example_dags/example_external_task_marker_dag.py for tasks to queue
[2024-10-16T12:55:43.519+0000] {logging_mixin.py:190} INFO - [2024-10-16T12:55:43.519+0000] {dagbag.py:588} INFO - Filling up the DagBag from /home/airflow/.local/lib/python3.12/site-packages/airflow/example_dags/example_external_task_marker_dag.py
[2024-10-16T12:55:43.525+0000] {processor.py:925} INFO - DAG(s) 'example_external_task_marker_child', 'example_external_task_marker_parent' retrieved from /home/airflow/.local/lib/python3.12/site-packages/airflow/example_dags/example_external_task_marker_dag.py
[2024-10-16T12:55:43.551+0000] {logging_mixin.py:190} INFO - [2024-10-16T12:55:43.551+0000] {dag.py:3239} INFO - Sync 2 DAGs
[2024-10-16T12:55:43.565+0000] {logging_mixin.py:190} INFO - [2024-10-16T12:55:43.565+0000] {dag.py:4180} INFO - Setting next_dagrun for example_external_task_marker_child to None, run_after=None
[2024-10-16T12:55:43.568+0000] {logging_mixin.py:190} INFO - [2024-10-16T12:55:43.568+0000] {dag.py:4180} INFO - Setting next_dagrun for example_external_task_marker_parent to None, run_after=None
[2024-10-16T12:55:43.587+0000] {processor.py:208} INFO - Processing /home/airflow/.local/lib/python3.12/site-packages/airflow/example_dags/example_external_task_marker_dag.py took 0.076 seconds
[2024-10-16T12:56:14.010+0000] {processor.py:186} INFO - Started process (PID=800) to work on /home/airflow/.local/lib/python3.12/site-packages/airflow/example_dags/example_external_task_marker_dag.py
[2024-10-16T12:56:14.011+0000] {processor.py:914} INFO - Processing file /home/airflow/.local/lib/python3.12/site-packages/airflow/example_dags/example_external_task_marker_dag.py for tasks to queue
[2024-10-16T12:56:14.017+0000] {logging_mixin.py:190} INFO - [2024-10-16T12:56:14.017+0000] {dagbag.py:588} INFO - Filling up the DagBag from /home/airflow/.local/lib/python3.12/site-packages/airflow/example_dags/example_external_task_marker_dag.py
[2024-10-16T12:56:14.030+0000] {processor.py:925} INFO - DAG(s) 'example_external_task_marker_parent', 'example_external_task_marker_child' retrieved from /home/airflow/.local/lib/python3.12/site-packages/airflow/example_dags/example_external_task_marker_dag.py
[2024-10-16T12:56:14.066+0000] {logging_mixin.py:190} INFO - [2024-10-16T12:56:14.066+0000] {dag.py:3239} INFO - Sync 2 DAGs
[2024-10-16T12:56:14.088+0000] {logging_mixin.py:190} INFO - [2024-10-16T12:56:14.087+0000] {dag.py:4180} INFO - Setting next_dagrun for example_external_task_marker_child to None, run_after=None
[2024-10-16T12:56:14.103+0000] {logging_mixin.py:190} INFO - [2024-10-16T12:56:14.103+0000] {dag.py:4180} INFO - Setting next_dagrun for example_external_task_marker_parent to None, run_after=None
[2024-10-16T12:56:14.132+0000] {processor.py:208} INFO - Processing /home/airflow/.local/lib/python3.12/site-packages/airflow/example_dags/example_external_task_marker_dag.py took 0.129 seconds
[2024-10-16T12:56:44.743+0000] {processor.py:186} INFO - Started process (PID=862) to work on /home/airflow/.local/lib/python3.12/site-packages/airflow/example_dags/example_external_task_marker_dag.py
[2024-10-16T12:56:44.744+0000] {processor.py:914} INFO - Processing file /home/airflow/.local/lib/python3.12/site-packages/airflow/example_dags/example_external_task_marker_dag.py for tasks to queue
[2024-10-16T12:56:44.746+0000] {logging_mixin.py:190} INFO - [2024-10-16T12:56:44.746+0000] {dagbag.py:588} INFO - Filling up the DagBag from /home/airflow/.local/lib/python3.12/site-packages/airflow/example_dags/example_external_task_marker_dag.py
[2024-10-16T12:56:44.753+0000] {processor.py:925} INFO - DAG(s) 'example_external_task_marker_parent', 'example_external_task_marker_child' retrieved from /home/airflow/.local/lib/python3.12/site-packages/airflow/example_dags/example_external_task_marker_dag.py
[2024-10-16T12:56:44.842+0000] {logging_mixin.py:190} INFO - [2024-10-16T12:56:44.842+0000] {dag.py:3239} INFO - Sync 2 DAGs
[2024-10-16T12:56:44.855+0000] {logging_mixin.py:190} INFO - [2024-10-16T12:56:44.854+0000] {dag.py:4180} INFO - Setting next_dagrun for example_external_task_marker_child to None, run_after=None
[2024-10-16T12:56:44.861+0000] {logging_mixin.py:190} INFO - [2024-10-16T12:56:44.861+0000] {dag.py:4180} INFO - Setting next_dagrun for example_external_task_marker_parent to None, run_after=None
[2024-10-16T12:56:44.888+0000] {processor.py:208} INFO - Processing /home/airflow/.local/lib/python3.12/site-packages/airflow/example_dags/example_external_task_marker_dag.py took 0.152 seconds
[2024-10-16T12:57:16.482+0000] {processor.py:186} INFO - Started process (PID=925) to work on /home/airflow/.local/lib/python3.12/site-packages/airflow/example_dags/example_external_task_marker_dag.py
[2024-10-16T12:57:16.483+0000] {processor.py:914} INFO - Processing file /home/airflow/.local/lib/python3.12/site-packages/airflow/example_dags/example_external_task_marker_dag.py for tasks to queue
[2024-10-16T12:57:16.486+0000] {logging_mixin.py:190} INFO - [2024-10-16T12:57:16.485+0000] {dagbag.py:588} INFO - Filling up the DagBag from /home/airflow/.local/lib/python3.12/site-packages/airflow/example_dags/example_external_task_marker_dag.py
[2024-10-16T12:57:16.494+0000] {processor.py:925} INFO - DAG(s) 'example_external_task_marker_parent', 'example_external_task_marker_child' retrieved from /home/airflow/.local/lib/python3.12/site-packages/airflow/example_dags/example_external_task_marker_dag.py
[2024-10-16T12:57:16.511+0000] {logging_mixin.py:190} INFO - [2024-10-16T12:57:16.511+0000] {dag.py:3239} INFO - Sync 2 DAGs
[2024-10-16T12:57:16.521+0000] {logging_mixin.py:190} INFO - [2024-10-16T12:57:16.521+0000] {dag.py:4180} INFO - Setting next_dagrun for example_external_task_marker_child to None, run_after=None
[2024-10-16T12:57:16.525+0000] {logging_mixin.py:190} INFO - [2024-10-16T12:57:16.525+0000] {dag.py:4180} INFO - Setting next_dagrun for example_external_task_marker_parent to None, run_after=None
[2024-10-16T12:57:16.548+0000] {processor.py:208} INFO - Processing /home/airflow/.local/lib/python3.12/site-packages/airflow/example_dags/example_external_task_marker_dag.py took 0.070 seconds
[2024-10-16T12:57:47.316+0000] {processor.py:186} INFO - Started process (PID=987) to work on /home/airflow/.local/lib/python3.12/site-packages/airflow/example_dags/example_external_task_marker_dag.py
[2024-10-16T12:57:47.317+0000] {processor.py:914} INFO - Processing file /home/airflow/.local/lib/python3.12/site-packages/airflow/example_dags/example_external_task_marker_dag.py for tasks to queue
[2024-10-16T12:57:47.322+0000] {logging_mixin.py:190} INFO - [2024-10-16T12:57:47.321+0000] {dagbag.py:588} INFO - Filling up the DagBag from /home/airflow/.local/lib/python3.12/site-packages/airflow/example_dags/example_external_task_marker_dag.py
[2024-10-16T12:57:47.331+0000] {processor.py:925} INFO - DAG(s) 'example_external_task_marker_parent', 'example_external_task_marker_child' retrieved from /home/airflow/.local/lib/python3.12/site-packages/airflow/example_dags/example_external_task_marker_dag.py
[2024-10-16T12:57:47.366+0000] {logging_mixin.py:190} INFO - [2024-10-16T12:57:47.366+0000] {dag.py:3239} INFO - Sync 2 DAGs
[2024-10-16T12:57:47.395+0000] {logging_mixin.py:190} INFO - [2024-10-16T12:57:47.394+0000] {dag.py:4180} INFO - Setting next_dagrun for example_external_task_marker_child to None, run_after=None
[2024-10-16T12:57:47.399+0000] {logging_mixin.py:190} INFO - [2024-10-16T12:57:47.399+0000] {dag.py:4180} INFO - Setting next_dagrun for example_external_task_marker_parent to None, run_after=None
[2024-10-16T12:57:47.429+0000] {processor.py:208} INFO - Processing /home/airflow/.local/lib/python3.12/site-packages/airflow/example_dags/example_external_task_marker_dag.py took 0.120 seconds
[2024-10-16T12:58:17.657+0000] {processor.py:186} INFO - Started process (PID=1050) to work on /home/airflow/.local/lib/python3.12/site-packages/airflow/example_dags/example_external_task_marker_dag.py
[2024-10-16T12:58:17.658+0000] {processor.py:914} INFO - Processing file /home/airflow/.local/lib/python3.12/site-packages/airflow/example_dags/example_external_task_marker_dag.py for tasks to queue
[2024-10-16T12:58:17.661+0000] {logging_mixin.py:190} INFO - [2024-10-16T12:58:17.661+0000] {dagbag.py:588} INFO - Filling up the DagBag from /home/airflow/.local/lib/python3.12/site-packages/airflow/example_dags/example_external_task_marker_dag.py
[2024-10-16T12:58:17.670+0000] {processor.py:925} INFO - DAG(s) 'example_external_task_marker_parent', 'example_external_task_marker_child' retrieved from /home/airflow/.local/lib/python3.12/site-packages/airflow/example_dags/example_external_task_marker_dag.py
[2024-10-16T12:58:17.697+0000] {logging_mixin.py:190} INFO - [2024-10-16T12:58:17.697+0000] {dag.py:3239} INFO - Sync 2 DAGs
[2024-10-16T12:58:17.719+0000] {logging_mixin.py:190} INFO - [2024-10-16T12:58:17.718+0000] {dag.py:4180} INFO - Setting next_dagrun for example_external_task_marker_child to None, run_after=None
[2024-10-16T12:58:17.724+0000] {logging_mixin.py:190} INFO - [2024-10-16T12:58:17.724+0000] {dag.py:4180} INFO - Setting next_dagrun for example_external_task_marker_parent to None, run_after=None
[2024-10-16T12:58:17.753+0000] {processor.py:208} INFO - Processing /home/airflow/.local/lib/python3.12/site-packages/airflow/example_dags/example_external_task_marker_dag.py took 0.103 seconds
[2024-10-16T12:58:48.011+0000] {processor.py:186} INFO - Started process (PID=1118) to work on /home/airflow/.local/lib/python3.12/site-packages/airflow/example_dags/example_external_task_marker_dag.py
[2024-10-16T12:58:48.012+0000] {processor.py:914} INFO - Processing file /home/airflow/.local/lib/python3.12/site-packages/airflow/example_dags/example_external_task_marker_dag.py for tasks to queue
[2024-10-16T12:58:48.015+0000] {logging_mixin.py:190} INFO - [2024-10-16T12:58:48.015+0000] {dagbag.py:588} INFO - Filling up the DagBag from /home/airflow/.local/lib/python3.12/site-packages/airflow/example_dags/example_external_task_marker_dag.py
[2024-10-16T12:58:48.027+0000] {processor.py:925} INFO - DAG(s) 'example_external_task_marker_child', 'example_external_task_marker_parent' retrieved from /home/airflow/.local/lib/python3.12/site-packages/airflow/example_dags/example_external_task_marker_dag.py
[2024-10-16T12:58:48.106+0000] {logging_mixin.py:190} INFO - [2024-10-16T12:58:48.106+0000] {dag.py:3239} INFO - Sync 2 DAGs
[2024-10-16T12:58:48.126+0000] {logging_mixin.py:190} INFO - [2024-10-16T12:58:48.125+0000] {dag.py:4180} INFO - Setting next_dagrun for example_external_task_marker_child to None, run_after=None
[2024-10-16T12:58:48.131+0000] {logging_mixin.py:190} INFO - [2024-10-16T12:58:48.131+0000] {dag.py:4180} INFO - Setting next_dagrun for example_external_task_marker_parent to None, run_after=None
[2024-10-16T12:58:48.161+0000] {processor.py:208} INFO - Processing /home/airflow/.local/lib/python3.12/site-packages/airflow/example_dags/example_external_task_marker_dag.py took 0.157 seconds
[2024-10-16T12:59:19.046+0000] {processor.py:186} INFO - Started process (PID=1180) to work on /home/airflow/.local/lib/python3.12/site-packages/airflow/example_dags/example_external_task_marker_dag.py
[2024-10-16T12:59:19.047+0000] {processor.py:914} INFO - Processing file /home/airflow/.local/lib/python3.12/site-packages/airflow/example_dags/example_external_task_marker_dag.py for tasks to queue
[2024-10-16T12:59:19.050+0000] {logging_mixin.py:190} INFO - [2024-10-16T12:59:19.050+0000] {dagbag.py:588} INFO - Filling up the DagBag from /home/airflow/.local/lib/python3.12/site-packages/airflow/example_dags/example_external_task_marker_dag.py
[2024-10-16T12:59:19.061+0000] {processor.py:925} INFO - DAG(s) 'example_external_task_marker_child', 'example_external_task_marker_parent' retrieved from /home/airflow/.local/lib/python3.12/site-packages/airflow/example_dags/example_external_task_marker_dag.py
[2024-10-16T12:59:19.089+0000] {logging_mixin.py:190} INFO - [2024-10-16T12:59:19.088+0000] {dag.py:3239} INFO - Sync 2 DAGs
[2024-10-16T12:59:19.110+0000] {logging_mixin.py:190} INFO - [2024-10-16T12:59:19.110+0000] {dag.py:4180} INFO - Setting next_dagrun for example_external_task_marker_child to None, run_after=None
[2024-10-16T12:59:19.125+0000] {logging_mixin.py:190} INFO - [2024-10-16T12:59:19.125+0000] {dag.py:4180} INFO - Setting next_dagrun for example_external_task_marker_parent to None, run_after=None
[2024-10-16T12:59:19.153+0000] {processor.py:208} INFO - Processing /home/airflow/.local/lib/python3.12/site-packages/airflow/example_dags/example_external_task_marker_dag.py took 0.115 seconds
[2024-10-16T12:59:49.385+0000] {processor.py:186} INFO - Started process (PID=1242) to work on /home/airflow/.local/lib/python3.12/site-packages/airflow/example_dags/example_external_task_marker_dag.py
[2024-10-16T12:59:49.387+0000] {processor.py:914} INFO - Processing file /home/airflow/.local/lib/python3.12/site-packages/airflow/example_dags/example_external_task_marker_dag.py for tasks to queue
[2024-10-16T12:59:49.391+0000] {logging_mixin.py:190} INFO - [2024-10-16T12:59:49.391+0000] {dagbag.py:588} INFO - Filling up the DagBag from /home/airflow/.local/lib/python3.12/site-packages/airflow/example_dags/example_external_task_marker_dag.py
[2024-10-16T12:59:49.404+0000] {processor.py:925} INFO - DAG(s) 'example_external_task_marker_child', 'example_external_task_marker_parent' retrieved from /home/airflow/.local/lib/python3.12/site-packages/airflow/example_dags/example_external_task_marker_dag.py
[2024-10-16T12:59:49.442+0000] {logging_mixin.py:190} INFO - [2024-10-16T12:59:49.441+0000] {dag.py:3239} INFO - Sync 2 DAGs
[2024-10-16T12:59:49.462+0000] {logging_mixin.py:190} INFO - [2024-10-16T12:59:49.462+0000] {dag.py:4180} INFO - Setting next_dagrun for example_external_task_marker_child to None, run_after=None
[2024-10-16T12:59:49.468+0000] {logging_mixin.py:190} INFO - [2024-10-16T12:59:49.468+0000] {dag.py:4180} INFO - Setting next_dagrun for example_external_task_marker_parent to None, run_after=None
[2024-10-16T12:59:49.493+0000] {processor.py:208} INFO - Processing /home/airflow/.local/lib/python3.12/site-packages/airflow/example_dags/example_external_task_marker_dag.py took 0.115 seconds
[2024-10-16T13:00:19.834+0000] {processor.py:186} INFO - Started process (PID=1305) to work on /home/airflow/.local/lib/python3.12/site-packages/airflow/example_dags/example_external_task_marker_dag.py
[2024-10-16T13:00:19.835+0000] {processor.py:914} INFO - Processing file /home/airflow/.local/lib/python3.12/site-packages/airflow/example_dags/example_external_task_marker_dag.py for tasks to queue
[2024-10-16T13:00:19.837+0000] {logging_mixin.py:190} INFO - [2024-10-16T13:00:19.837+0000] {dagbag.py:588} INFO - Filling up the DagBag from /home/airflow/.local/lib/python3.12/site-packages/airflow/example_dags/example_external_task_marker_dag.py
[2024-10-16T13:00:19.848+0000] {processor.py:925} INFO - DAG(s) 'example_external_task_marker_child', 'example_external_task_marker_parent' retrieved from /home/airflow/.local/lib/python3.12/site-packages/airflow/example_dags/example_external_task_marker_dag.py
[2024-10-16T13:00:19.870+0000] {logging_mixin.py:190} INFO - [2024-10-16T13:00:19.870+0000] {dag.py:3239} INFO - Sync 2 DAGs
[2024-10-16T13:00:19.881+0000] {logging_mixin.py:190} INFO - [2024-10-16T13:00:19.881+0000] {dag.py:4180} INFO - Setting next_dagrun for example_external_task_marker_child to None, run_after=None
[2024-10-16T13:00:19.884+0000] {logging_mixin.py:190} INFO - [2024-10-16T13:00:19.884+0000] {dag.py:4180} INFO - Setting next_dagrun for example_external_task_marker_parent to None, run_after=None
[2024-10-16T13:00:19.902+0000] {processor.py:208} INFO - Processing /home/airflow/.local/lib/python3.12/site-packages/airflow/example_dags/example_external_task_marker_dag.py took 0.073 seconds
[2024-10-16T13:00:50.279+0000] {processor.py:186} INFO - Started process (PID=1367) to work on /home/airflow/.local/lib/python3.12/site-packages/airflow/example_dags/example_external_task_marker_dag.py
[2024-10-16T13:00:50.281+0000] {processor.py:914} INFO - Processing file /home/airflow/.local/lib/python3.12/site-packages/airflow/example_dags/example_external_task_marker_dag.py for tasks to queue
[2024-10-16T13:00:50.285+0000] {logging_mixin.py:190} INFO - [2024-10-16T13:00:50.285+0000] {dagbag.py:588} INFO - Filling up the DagBag from /home/airflow/.local/lib/python3.12/site-packages/airflow/example_dags/example_external_task_marker_dag.py
[2024-10-16T13:00:50.295+0000] {processor.py:925} INFO - DAG(s) 'example_external_task_marker_child', 'example_external_task_marker_parent' retrieved from /home/airflow/.local/lib/python3.12/site-packages/airflow/example_dags/example_external_task_marker_dag.py
[2024-10-16T13:00:50.334+0000] {logging_mixin.py:190} INFO - [2024-10-16T13:00:50.333+0000] {dag.py:3239} INFO - Sync 2 DAGs
[2024-10-16T13:00:50.360+0000] {logging_mixin.py:190} INFO - [2024-10-16T13:00:50.360+0000] {dag.py:4180} INFO - Setting next_dagrun for example_external_task_marker_child to None, run_after=None
[2024-10-16T13:00:50.367+0000] {logging_mixin.py:190} INFO - [2024-10-16T13:00:50.367+0000] {dag.py:4180} INFO - Setting next_dagrun for example_external_task_marker_parent to None, run_after=None
[2024-10-16T13:00:50.402+0000] {processor.py:208} INFO - Processing /home/airflow/.local/lib/python3.12/site-packages/airflow/example_dags/example_external_task_marker_dag.py took 0.131 seconds
[2024-10-16T13:01:21.267+0000] {processor.py:186} INFO - Started process (PID=1429) to work on /home/airflow/.local/lib/python3.12/site-packages/airflow/example_dags/example_external_task_marker_dag.py
[2024-10-16T13:01:21.268+0000] {processor.py:914} INFO - Processing file /home/airflow/.local/lib/python3.12/site-packages/airflow/example_dags/example_external_task_marker_dag.py for tasks to queue
[2024-10-16T13:01:21.270+0000] {logging_mixin.py:190} INFO - [2024-10-16T13:01:21.270+0000] {dagbag.py:588} INFO - Filling up the DagBag from /home/airflow/.local/lib/python3.12/site-packages/airflow/example_dags/example_external_task_marker_dag.py
[2024-10-16T13:01:21.278+0000] {processor.py:925} INFO - DAG(s) 'example_external_task_marker_child', 'example_external_task_marker_parent' retrieved from /home/airflow/.local/lib/python3.12/site-packages/airflow/example_dags/example_external_task_marker_dag.py
[2024-10-16T13:01:21.303+0000] {logging_mixin.py:190} INFO - [2024-10-16T13:01:21.303+0000] {dag.py:3239} INFO - Sync 2 DAGs
[2024-10-16T13:01:21.321+0000] {logging_mixin.py:190} INFO - [2024-10-16T13:01:21.320+0000] {dag.py:4180} INFO - Setting next_dagrun for example_external_task_marker_child to None, run_after=None
[2024-10-16T13:01:21.325+0000] {logging_mixin.py:190} INFO - [2024-10-16T13:01:21.324+0000] {dag.py:4180} INFO - Setting next_dagrun for example_external_task_marker_parent to None, run_after=None
[2024-10-16T13:01:21.341+0000] {processor.py:208} INFO - Processing /home/airflow/.local/lib/python3.12/site-packages/airflow/example_dags/example_external_task_marker_dag.py took 0.080 seconds
[2024-10-16T13:01:51.694+0000] {processor.py:186} INFO - Started process (PID=1490) to work on /home/airflow/.local/lib/python3.12/site-packages/airflow/example_dags/example_external_task_marker_dag.py
[2024-10-16T13:01:51.695+0000] {processor.py:914} INFO - Processing file /home/airflow/.local/lib/python3.12/site-packages/airflow/example_dags/example_external_task_marker_dag.py for tasks to queue
[2024-10-16T13:01:51.699+0000] {logging_mixin.py:190} INFO - [2024-10-16T13:01:51.698+0000] {dagbag.py:588} INFO - Filling up the DagBag from /home/airflow/.local/lib/python3.12/site-packages/airflow/example_dags/example_external_task_marker_dag.py
[2024-10-16T13:01:51.709+0000] {processor.py:925} INFO - DAG(s) 'example_external_task_marker_child', 'example_external_task_marker_parent' retrieved from /home/airflow/.local/lib/python3.12/site-packages/airflow/example_dags/example_external_task_marker_dag.py
[2024-10-16T13:01:51.741+0000] {logging_mixin.py:190} INFO - [2024-10-16T13:01:51.740+0000] {dag.py:3239} INFO - Sync 2 DAGs
[2024-10-16T13:01:51.761+0000] {logging_mixin.py:190} INFO - [2024-10-16T13:01:51.761+0000] {dag.py:4180} INFO - Setting next_dagrun for example_external_task_marker_child to None, run_after=None
[2024-10-16T13:01:51.767+0000] {logging_mixin.py:190} INFO - [2024-10-16T13:01:51.767+0000] {dag.py:4180} INFO - Setting next_dagrun for example_external_task_marker_parent to None, run_after=None
[2024-10-16T13:01:51.795+0000] {processor.py:208} INFO - Processing /home/airflow/.local/lib/python3.12/site-packages/airflow/example_dags/example_external_task_marker_dag.py took 0.108 seconds
[2024-10-16T13:02:22.763+0000] {processor.py:186} INFO - Started process (PID=1552) to work on /home/airflow/.local/lib/python3.12/site-packages/airflow/example_dags/example_external_task_marker_dag.py
[2024-10-16T13:02:22.766+0000] {processor.py:914} INFO - Processing file /home/airflow/.local/lib/python3.12/site-packages/airflow/example_dags/example_external_task_marker_dag.py for tasks to queue
[2024-10-16T13:02:22.770+0000] {logging_mixin.py:190} INFO - [2024-10-16T13:02:22.769+0000] {dagbag.py:588} INFO - Filling up the DagBag from /home/airflow/.local/lib/python3.12/site-packages/airflow/example_dags/example_external_task_marker_dag.py
[2024-10-16T13:02:22.784+0000] {processor.py:925} INFO - DAG(s) 'example_external_task_marker_child', 'example_external_task_marker_parent' retrieved from /home/airflow/.local/lib/python3.12/site-packages/airflow/example_dags/example_external_task_marker_dag.py
[2024-10-16T13:02:22.815+0000] {logging_mixin.py:190} INFO - [2024-10-16T13:02:22.815+0000] {dag.py:3239} INFO - Sync 2 DAGs
[2024-10-16T13:02:22.841+0000] {logging_mixin.py:190} INFO - [2024-10-16T13:02:22.841+0000] {dag.py:4180} INFO - Setting next_dagrun for example_external_task_marker_child to None, run_after=None
[2024-10-16T13:02:22.848+0000] {logging_mixin.py:190} INFO - [2024-10-16T13:02:22.848+0000] {dag.py:4180} INFO - Setting next_dagrun for example_external_task_marker_parent to None, run_after=None
[2024-10-16T13:02:22.877+0000] {processor.py:208} INFO - Processing /home/airflow/.local/lib/python3.12/site-packages/airflow/example_dags/example_external_task_marker_dag.py took 0.125 seconds
[2024-10-16T13:02:53.392+0000] {processor.py:186} INFO - Started process (PID=1614) to work on /home/airflow/.local/lib/python3.12/site-packages/airflow/example_dags/example_external_task_marker_dag.py
[2024-10-16T13:02:53.394+0000] {processor.py:914} INFO - Processing file /home/airflow/.local/lib/python3.12/site-packages/airflow/example_dags/example_external_task_marker_dag.py for tasks to queue
[2024-10-16T13:02:53.399+0000] {logging_mixin.py:190} INFO - [2024-10-16T13:02:53.398+0000] {dagbag.py:588} INFO - Filling up the DagBag from /home/airflow/.local/lib/python3.12/site-packages/airflow/example_dags/example_external_task_marker_dag.py
[2024-10-16T13:02:53.412+0000] {processor.py:925} INFO - DAG(s) 'example_external_task_marker_parent', 'example_external_task_marker_child' retrieved from /home/airflow/.local/lib/python3.12/site-packages/airflow/example_dags/example_external_task_marker_dag.py
[2024-10-16T13:02:53.444+0000] {logging_mixin.py:190} INFO - [2024-10-16T13:02:53.444+0000] {dag.py:3239} INFO - Sync 2 DAGs
[2024-10-16T13:02:53.464+0000] {logging_mixin.py:190} INFO - [2024-10-16T13:02:53.464+0000] {dag.py:4180} INFO - Setting next_dagrun for example_external_task_marker_child to None, run_after=None
[2024-10-16T13:02:53.470+0000] {logging_mixin.py:190} INFO - [2024-10-16T13:02:53.470+0000] {dag.py:4180} INFO - Setting next_dagrun for example_external_task_marker_parent to None, run_after=None
[2024-10-16T13:02:53.502+0000] {processor.py:208} INFO - Processing /home/airflow/.local/lib/python3.12/site-packages/airflow/example_dags/example_external_task_marker_dag.py took 0.120 seconds
[2024-10-16T13:03:23.598+0000] {processor.py:186} INFO - Started process (PID=1677) to work on /home/airflow/.local/lib/python3.12/site-packages/airflow/example_dags/example_external_task_marker_dag.py
[2024-10-16T13:03:23.603+0000] {processor.py:914} INFO - Processing file /home/airflow/.local/lib/python3.12/site-packages/airflow/example_dags/example_external_task_marker_dag.py for tasks to queue
[2024-10-16T13:03:23.606+0000] {logging_mixin.py:190} INFO - [2024-10-16T13:03:23.606+0000] {dagbag.py:588} INFO - Filling up the DagBag from /home/airflow/.local/lib/python3.12/site-packages/airflow/example_dags/example_external_task_marker_dag.py
[2024-10-16T13:03:23.615+0000] {processor.py:925} INFO - DAG(s) 'example_external_task_marker_parent', 'example_external_task_marker_child' retrieved from /home/airflow/.local/lib/python3.12/site-packages/airflow/example_dags/example_external_task_marker_dag.py
[2024-10-16T13:03:23.644+0000] {logging_mixin.py:190} INFO - [2024-10-16T13:03:23.643+0000] {dag.py:3239} INFO - Sync 2 DAGs
[2024-10-16T13:03:23.663+0000] {logging_mixin.py:190} INFO - [2024-10-16T13:03:23.663+0000] {dag.py:4180} INFO - Setting next_dagrun for example_external_task_marker_child to None, run_after=None
[2024-10-16T13:03:23.669+0000] {logging_mixin.py:190} INFO - [2024-10-16T13:03:23.669+0000] {dag.py:4180} INFO - Setting next_dagrun for example_external_task_marker_parent to None, run_after=None
[2024-10-16T13:03:23.690+0000] {processor.py:208} INFO - Processing /home/airflow/.local/lib/python3.12/site-packages/airflow/example_dags/example_external_task_marker_dag.py took 0.100 seconds
[2024-10-16T13:03:54.484+0000] {processor.py:186} INFO - Started process (PID=1739) to work on /home/airflow/.local/lib/python3.12/site-packages/airflow/example_dags/example_external_task_marker_dag.py
[2024-10-16T13:03:54.485+0000] {processor.py:914} INFO - Processing file /home/airflow/.local/lib/python3.12/site-packages/airflow/example_dags/example_external_task_marker_dag.py for tasks to queue
[2024-10-16T13:03:54.488+0000] {logging_mixin.py:190} INFO - [2024-10-16T13:03:54.488+0000] {dagbag.py:588} INFO - Filling up the DagBag from /home/airflow/.local/lib/python3.12/site-packages/airflow/example_dags/example_external_task_marker_dag.py
[2024-10-16T13:03:54.499+0000] {processor.py:925} INFO - DAG(s) 'example_external_task_marker_child', 'example_external_task_marker_parent' retrieved from /home/airflow/.local/lib/python3.12/site-packages/airflow/example_dags/example_external_task_marker_dag.py
[2024-10-16T13:03:54.535+0000] {logging_mixin.py:190} INFO - [2024-10-16T13:03:54.534+0000] {dag.py:3239} INFO - Sync 2 DAGs
[2024-10-16T13:03:54.552+0000] {logging_mixin.py:190} INFO - [2024-10-16T13:03:54.552+0000] {dag.py:4180} INFO - Setting next_dagrun for example_external_task_marker_child to None, run_after=None
[2024-10-16T13:03:54.557+0000] {logging_mixin.py:190} INFO - [2024-10-16T13:03:54.557+0000] {dag.py:4180} INFO - Setting next_dagrun for example_external_task_marker_parent to None, run_after=None
[2024-10-16T13:03:54.589+0000] {processor.py:208} INFO - Processing /home/airflow/.local/lib/python3.12/site-packages/airflow/example_dags/example_external_task_marker_dag.py took 0.113 seconds
[2024-10-16T13:04:24.943+0000] {processor.py:186} INFO - Started process (PID=1801) to work on /home/airflow/.local/lib/python3.12/site-packages/airflow/example_dags/example_external_task_marker_dag.py
[2024-10-16T13:04:24.945+0000] {processor.py:914} INFO - Processing file /home/airflow/.local/lib/python3.12/site-packages/airflow/example_dags/example_external_task_marker_dag.py for tasks to queue
[2024-10-16T13:04:24.948+0000] {logging_mixin.py:190} INFO - [2024-10-16T13:04:24.948+0000] {dagbag.py:588} INFO - Filling up the DagBag from /home/airflow/.local/lib/python3.12/site-packages/airflow/example_dags/example_external_task_marker_dag.py
[2024-10-16T13:04:24.958+0000] {processor.py:925} INFO - DAG(s) 'example_external_task_marker_child', 'example_external_task_marker_parent' retrieved from /home/airflow/.local/lib/python3.12/site-packages/airflow/example_dags/example_external_task_marker_dag.py
[2024-10-16T13:04:24.996+0000] {logging_mixin.py:190} INFO - [2024-10-16T13:04:24.995+0000] {dag.py:3239} INFO - Sync 2 DAGs
[2024-10-16T13:04:25.036+0000] {logging_mixin.py:190} INFO - [2024-10-16T13:04:25.036+0000] {dag.py:4180} INFO - Setting next_dagrun for example_external_task_marker_child to None, run_after=None
[2024-10-16T13:04:25.047+0000] {logging_mixin.py:190} INFO - [2024-10-16T13:04:25.046+0000] {dag.py:4180} INFO - Setting next_dagrun for example_external_task_marker_parent to None, run_after=None
[2024-10-16T13:04:25.088+0000] {processor.py:208} INFO - Processing /home/airflow/.local/lib/python3.12/site-packages/airflow/example_dags/example_external_task_marker_dag.py took 0.154 seconds
[2024-10-16T13:08:09.972+0000] {processor.py:186} INFO - Started process (PID=117) to work on /home/airflow/.local/lib/python3.12/site-packages/airflow/example_dags/example_external_task_marker_dag.py
[2024-10-16T13:08:09.973+0000] {processor.py:914} INFO - Processing file /home/airflow/.local/lib/python3.12/site-packages/airflow/example_dags/example_external_task_marker_dag.py for tasks to queue
[2024-10-16T13:08:09.976+0000] {logging_mixin.py:190} INFO - [2024-10-16T13:08:09.975+0000] {dagbag.py:588} INFO - Filling up the DagBag from /home/airflow/.local/lib/python3.12/site-packages/airflow/example_dags/example_external_task_marker_dag.py
[2024-10-16T13:08:09.985+0000] {processor.py:925} INFO - DAG(s) 'example_external_task_marker_child', 'example_external_task_marker_parent' retrieved from /home/airflow/.local/lib/python3.12/site-packages/airflow/example_dags/example_external_task_marker_dag.py
[2024-10-16T13:08:10.082+0000] {logging_mixin.py:190} INFO - [2024-10-16T13:08:10.082+0000] {override.py:1900} INFO - Created Permission View: can read on DAG:example_external_task_marker_child
[2024-10-16T13:08:10.092+0000] {logging_mixin.py:190} INFO - [2024-10-16T13:08:10.092+0000] {override.py:1900} INFO - Created Permission View: can delete on DAG:example_external_task_marker_child
[2024-10-16T13:08:10.099+0000] {logging_mixin.py:190} INFO - [2024-10-16T13:08:10.099+0000] {override.py:1900} INFO - Created Permission View: can edit on DAG:example_external_task_marker_child
[2024-10-16T13:08:10.108+0000] {logging_mixin.py:190} INFO - [2024-10-16T13:08:10.108+0000] {override.py:1900} INFO - Created Permission View: can create on DAG Run:example_external_task_marker_child
[2024-10-16T13:08:10.115+0000] {logging_mixin.py:190} INFO - [2024-10-16T13:08:10.115+0000] {override.py:1900} INFO - Created Permission View: menu access on DAG Run:example_external_task_marker_child
[2024-10-16T13:08:10.121+0000] {logging_mixin.py:190} INFO - [2024-10-16T13:08:10.121+0000] {override.py:1900} INFO - Created Permission View: can read on DAG Run:example_external_task_marker_child
[2024-10-16T13:08:10.128+0000] {logging_mixin.py:190} INFO - [2024-10-16T13:08:10.127+0000] {override.py:1900} INFO - Created Permission View: can delete on DAG Run:example_external_task_marker_child
[2024-10-16T13:08:10.138+0000] {logging_mixin.py:190} INFO - [2024-10-16T13:08:10.138+0000] {override.py:1900} INFO - Created Permission View: can read on DAG:example_external_task_marker_parent
[2024-10-16T13:08:10.148+0000] {logging_mixin.py:190} INFO - [2024-10-16T13:08:10.147+0000] {override.py:1900} INFO - Created Permission View: can delete on DAG:example_external_task_marker_parent
[2024-10-16T13:08:10.154+0000] {logging_mixin.py:190} INFO - [2024-10-16T13:08:10.153+0000] {override.py:1900} INFO - Created Permission View: can edit on DAG:example_external_task_marker_parent
[2024-10-16T13:08:10.166+0000] {logging_mixin.py:190} INFO - [2024-10-16T13:08:10.166+0000] {override.py:1900} INFO - Created Permission View: can create on DAG Run:example_external_task_marker_parent
[2024-10-16T13:08:10.198+0000] {logging_mixin.py:190} INFO - [2024-10-16T13:08:10.197+0000] {override.py:1900} INFO - Created Permission View: menu access on DAG Run:example_external_task_marker_parent
[2024-10-16T13:08:10.207+0000] {logging_mixin.py:190} INFO - [2024-10-16T13:08:10.206+0000] {override.py:1900} INFO - Created Permission View: can read on DAG Run:example_external_task_marker_parent
[2024-10-16T13:08:10.214+0000] {logging_mixin.py:190} INFO - [2024-10-16T13:08:10.214+0000] {override.py:1900} INFO - Created Permission View: can delete on DAG Run:example_external_task_marker_parent
[2024-10-16T13:08:10.215+0000] {logging_mixin.py:190} INFO - [2024-10-16T13:08:10.215+0000] {dag.py:3239} INFO - Sync 2 DAGs
[2024-10-16T13:08:10.227+0000] {logging_mixin.py:190} INFO - [2024-10-16T13:08:10.226+0000] {dag.py:3262} INFO - Creating ORM DAG for example_external_task_marker_parent
[2024-10-16T13:08:10.228+0000] {logging_mixin.py:190} INFO - [2024-10-16T13:08:10.228+0000] {dag.py:3262} INFO - Creating ORM DAG for example_external_task_marker_child
[2024-10-16T13:08:10.229+0000] {logging_mixin.py:190} INFO - [2024-10-16T13:08:10.229+0000] {dag.py:4180} INFO - Setting next_dagrun for example_external_task_marker_child to None, run_after=None
[2024-10-16T13:08:10.230+0000] {logging_mixin.py:190} INFO - [2024-10-16T13:08:10.230+0000] {dag.py:4180} INFO - Setting next_dagrun for example_external_task_marker_parent to None, run_after=None
[2024-10-16T13:08:10.253+0000] {processor.py:208} INFO - Processing /home/airflow/.local/lib/python3.12/site-packages/airflow/example_dags/example_external_task_marker_dag.py took 0.287 seconds
[2024-10-16T13:08:40.567+0000] {processor.py:186} INFO - Started process (PID=180) to work on /home/airflow/.local/lib/python3.12/site-packages/airflow/example_dags/example_external_task_marker_dag.py
[2024-10-16T13:08:40.569+0000] {processor.py:914} INFO - Processing file /home/airflow/.local/lib/python3.12/site-packages/airflow/example_dags/example_external_task_marker_dag.py for tasks to queue
[2024-10-16T13:08:40.573+0000] {logging_mixin.py:190} INFO - [2024-10-16T13:08:40.572+0000] {dagbag.py:588} INFO - Filling up the DagBag from /home/airflow/.local/lib/python3.12/site-packages/airflow/example_dags/example_external_task_marker_dag.py
[2024-10-16T13:08:40.583+0000] {processor.py:925} INFO - DAG(s) 'example_external_task_marker_child', 'example_external_task_marker_parent' retrieved from /home/airflow/.local/lib/python3.12/site-packages/airflow/example_dags/example_external_task_marker_dag.py
[2024-10-16T13:08:40.615+0000] {logging_mixin.py:190} INFO - [2024-10-16T13:08:40.614+0000] {dag.py:3239} INFO - Sync 2 DAGs
[2024-10-16T13:08:40.640+0000] {logging_mixin.py:190} INFO - [2024-10-16T13:08:40.639+0000] {dag.py:4180} INFO - Setting next_dagrun for example_external_task_marker_child to None, run_after=None
[2024-10-16T13:08:40.644+0000] {logging_mixin.py:190} INFO - [2024-10-16T13:08:40.644+0000] {dag.py:4180} INFO - Setting next_dagrun for example_external_task_marker_parent to None, run_after=None
[2024-10-16T13:08:40.670+0000] {processor.py:208} INFO - Processing /home/airflow/.local/lib/python3.12/site-packages/airflow/example_dags/example_external_task_marker_dag.py took 0.111 seconds
[2024-10-16T13:09:11.311+0000] {processor.py:186} INFO - Started process (PID=243) to work on /home/airflow/.local/lib/python3.12/site-packages/airflow/example_dags/example_external_task_marker_dag.py
[2024-10-16T13:09:11.314+0000] {processor.py:914} INFO - Processing file /home/airflow/.local/lib/python3.12/site-packages/airflow/example_dags/example_external_task_marker_dag.py for tasks to queue
[2024-10-16T13:09:11.324+0000] {logging_mixin.py:190} INFO - [2024-10-16T13:09:11.323+0000] {dagbag.py:588} INFO - Filling up the DagBag from /home/airflow/.local/lib/python3.12/site-packages/airflow/example_dags/example_external_task_marker_dag.py
[2024-10-16T13:09:11.335+0000] {processor.py:925} INFO - DAG(s) 'example_external_task_marker_parent', 'example_external_task_marker_child' retrieved from /home/airflow/.local/lib/python3.12/site-packages/airflow/example_dags/example_external_task_marker_dag.py
[2024-10-16T13:09:11.363+0000] {logging_mixin.py:190} INFO - [2024-10-16T13:09:11.363+0000] {dag.py:3239} INFO - Sync 2 DAGs
[2024-10-16T13:09:11.381+0000] {logging_mixin.py:190} INFO - [2024-10-16T13:09:11.380+0000] {dag.py:4180} INFO - Setting next_dagrun for example_external_task_marker_child to None, run_after=None
[2024-10-16T13:09:11.386+0000] {logging_mixin.py:190} INFO - [2024-10-16T13:09:11.386+0000] {dag.py:4180} INFO - Setting next_dagrun for example_external_task_marker_parent to None, run_after=None
[2024-10-16T13:09:11.404+0000] {processor.py:208} INFO - Processing /home/airflow/.local/lib/python3.12/site-packages/airflow/example_dags/example_external_task_marker_dag.py took 0.110 seconds
[2024-10-16T13:09:42.160+0000] {processor.py:186} INFO - Started process (PID=306) to work on /home/airflow/.local/lib/python3.12/site-packages/airflow/example_dags/example_external_task_marker_dag.py
[2024-10-16T13:09:42.161+0000] {processor.py:914} INFO - Processing file /home/airflow/.local/lib/python3.12/site-packages/airflow/example_dags/example_external_task_marker_dag.py for tasks to queue
[2024-10-16T13:09:42.163+0000] {logging_mixin.py:190} INFO - [2024-10-16T13:09:42.163+0000] {dagbag.py:588} INFO - Filling up the DagBag from /home/airflow/.local/lib/python3.12/site-packages/airflow/example_dags/example_external_task_marker_dag.py
[2024-10-16T13:09:42.172+0000] {processor.py:925} INFO - DAG(s) 'example_external_task_marker_parent', 'example_external_task_marker_child' retrieved from /home/airflow/.local/lib/python3.12/site-packages/airflow/example_dags/example_external_task_marker_dag.py
[2024-10-16T13:09:42.203+0000] {logging_mixin.py:190} INFO - [2024-10-16T13:09:42.202+0000] {dag.py:3239} INFO - Sync 2 DAGs
[2024-10-16T13:09:42.220+0000] {logging_mixin.py:190} INFO - [2024-10-16T13:09:42.219+0000] {dag.py:4180} INFO - Setting next_dagrun for example_external_task_marker_child to None, run_after=None
[2024-10-16T13:09:42.224+0000] {logging_mixin.py:190} INFO - [2024-10-16T13:09:42.224+0000] {dag.py:4180} INFO - Setting next_dagrun for example_external_task_marker_parent to None, run_after=None
[2024-10-16T13:09:42.245+0000] {processor.py:208} INFO - Processing /home/airflow/.local/lib/python3.12/site-packages/airflow/example_dags/example_external_task_marker_dag.py took 0.089 seconds
[2024-10-16T13:10:13.037+0000] {processor.py:186} INFO - Started process (PID=369) to work on /home/airflow/.local/lib/python3.12/site-packages/airflow/example_dags/example_external_task_marker_dag.py
[2024-10-16T13:10:13.038+0000] {processor.py:914} INFO - Processing file /home/airflow/.local/lib/python3.12/site-packages/airflow/example_dags/example_external_task_marker_dag.py for tasks to queue
[2024-10-16T13:10:13.040+0000] {logging_mixin.py:190} INFO - [2024-10-16T13:10:13.040+0000] {dagbag.py:588} INFO - Filling up the DagBag from /home/airflow/.local/lib/python3.12/site-packages/airflow/example_dags/example_external_task_marker_dag.py
[2024-10-16T13:10:13.046+0000] {processor.py:925} INFO - DAG(s) 'example_external_task_marker_child', 'example_external_task_marker_parent' retrieved from /home/airflow/.local/lib/python3.12/site-packages/airflow/example_dags/example_external_task_marker_dag.py
[2024-10-16T13:10:13.065+0000] {logging_mixin.py:190} INFO - [2024-10-16T13:10:13.065+0000] {dag.py:3239} INFO - Sync 2 DAGs
[2024-10-16T13:10:13.083+0000] {logging_mixin.py:190} INFO - [2024-10-16T13:10:13.082+0000] {dag.py:4180} INFO - Setting next_dagrun for example_external_task_marker_child to None, run_after=None
[2024-10-16T13:10:13.088+0000] {logging_mixin.py:190} INFO - [2024-10-16T13:10:13.088+0000] {dag.py:4180} INFO - Setting next_dagrun for example_external_task_marker_parent to None, run_after=None
[2024-10-16T13:10:13.117+0000] {processor.py:208} INFO - Processing /home/airflow/.local/lib/python3.12/site-packages/airflow/example_dags/example_external_task_marker_dag.py took 0.084 seconds
[2024-10-16T13:10:44.007+0000] {processor.py:186} INFO - Started process (PID=432) to work on /home/airflow/.local/lib/python3.12/site-packages/airflow/example_dags/example_external_task_marker_dag.py
[2024-10-16T13:10:44.008+0000] {processor.py:914} INFO - Processing file /home/airflow/.local/lib/python3.12/site-packages/airflow/example_dags/example_external_task_marker_dag.py for tasks to queue
[2024-10-16T13:10:44.011+0000] {logging_mixin.py:190} INFO - [2024-10-16T13:10:44.011+0000] {dagbag.py:588} INFO - Filling up the DagBag from /home/airflow/.local/lib/python3.12/site-packages/airflow/example_dags/example_external_task_marker_dag.py
[2024-10-16T13:10:44.019+0000] {processor.py:925} INFO - DAG(s) 'example_external_task_marker_parent', 'example_external_task_marker_child' retrieved from /home/airflow/.local/lib/python3.12/site-packages/airflow/example_dags/example_external_task_marker_dag.py
[2024-10-16T13:10:44.051+0000] {logging_mixin.py:190} INFO - [2024-10-16T13:10:44.051+0000] {dag.py:3239} INFO - Sync 2 DAGs
[2024-10-16T13:10:44.073+0000] {logging_mixin.py:190} INFO - [2024-10-16T13:10:44.073+0000] {dag.py:4180} INFO - Setting next_dagrun for example_external_task_marker_child to None, run_after=None
[2024-10-16T13:10:44.079+0000] {logging_mixin.py:190} INFO - [2024-10-16T13:10:44.079+0000] {dag.py:4180} INFO - Setting next_dagrun for example_external_task_marker_parent to None, run_after=None
[2024-10-16T13:10:44.103+0000] {processor.py:208} INFO - Processing /home/airflow/.local/lib/python3.12/site-packages/airflow/example_dags/example_external_task_marker_dag.py took 0.103 seconds
[2024-10-16T13:11:14.966+0000] {processor.py:186} INFO - Started process (PID=495) to work on /home/airflow/.local/lib/python3.12/site-packages/airflow/example_dags/example_external_task_marker_dag.py
[2024-10-16T13:11:14.968+0000] {processor.py:914} INFO - Processing file /home/airflow/.local/lib/python3.12/site-packages/airflow/example_dags/example_external_task_marker_dag.py for tasks to queue
[2024-10-16T13:11:14.974+0000] {logging_mixin.py:190} INFO - [2024-10-16T13:11:14.973+0000] {dagbag.py:588} INFO - Filling up the DagBag from /home/airflow/.local/lib/python3.12/site-packages/airflow/example_dags/example_external_task_marker_dag.py
[2024-10-16T13:11:14.985+0000] {processor.py:925} INFO - DAG(s) 'example_external_task_marker_parent', 'example_external_task_marker_child' retrieved from /home/airflow/.local/lib/python3.12/site-packages/airflow/example_dags/example_external_task_marker_dag.py
[2024-10-16T13:11:15.020+0000] {logging_mixin.py:190} INFO - [2024-10-16T13:11:15.020+0000] {dag.py:3239} INFO - Sync 2 DAGs
[2024-10-16T13:11:15.051+0000] {logging_mixin.py:190} INFO - [2024-10-16T13:11:15.050+0000] {dag.py:4180} INFO - Setting next_dagrun for example_external_task_marker_child to None, run_after=None
[2024-10-16T13:11:15.059+0000] {logging_mixin.py:190} INFO - [2024-10-16T13:11:15.059+0000] {dag.py:4180} INFO - Setting next_dagrun for example_external_task_marker_parent to None, run_after=None
[2024-10-16T13:11:15.090+0000] {processor.py:208} INFO - Processing /home/airflow/.local/lib/python3.12/site-packages/airflow/example_dags/example_external_task_marker_dag.py took 0.131 seconds
[2024-10-16T13:12:49.804+0000] {processor.py:186} INFO - Started process (PID=116) to work on /home/airflow/.local/lib/python3.12/site-packages/airflow/example_dags/example_external_task_marker_dag.py
[2024-10-16T13:12:49.805+0000] {processor.py:914} INFO - Processing file /home/airflow/.local/lib/python3.12/site-packages/airflow/example_dags/example_external_task_marker_dag.py for tasks to queue
[2024-10-16T13:12:49.809+0000] {logging_mixin.py:190} INFO - [2024-10-16T13:12:49.808+0000] {dagbag.py:588} INFO - Filling up the DagBag from /home/airflow/.local/lib/python3.12/site-packages/airflow/example_dags/example_external_task_marker_dag.py
[2024-10-16T13:12:49.816+0000] {processor.py:925} INFO - DAG(s) 'example_external_task_marker_child', 'example_external_task_marker_parent' retrieved from /home/airflow/.local/lib/python3.12/site-packages/airflow/example_dags/example_external_task_marker_dag.py
[2024-10-16T13:12:49.959+0000] {logging_mixin.py:190} INFO - [2024-10-16T13:12:49.958+0000] {override.py:1900} INFO - Created Permission View: can read on DAG:example_external_task_marker_child
[2024-10-16T13:12:49.974+0000] {logging_mixin.py:190} INFO - [2024-10-16T13:12:49.974+0000] {override.py:1900} INFO - Created Permission View: can edit on DAG:example_external_task_marker_child
[2024-10-16T13:12:49.983+0000] {logging_mixin.py:190} INFO - [2024-10-16T13:12:49.983+0000] {override.py:1900} INFO - Created Permission View: can delete on DAG:example_external_task_marker_child
[2024-10-16T13:12:49.993+0000] {logging_mixin.py:190} INFO - [2024-10-16T13:12:49.993+0000] {override.py:1900} INFO - Created Permission View: can read on DAG Run:example_external_task_marker_child
[2024-10-16T13:12:50.001+0000] {logging_mixin.py:190} INFO - [2024-10-16T13:12:50.000+0000] {override.py:1900} INFO - Created Permission View: menu access on DAG Run:example_external_task_marker_child
[2024-10-16T13:12:50.011+0000] {logging_mixin.py:190} INFO - [2024-10-16T13:12:50.011+0000] {override.py:1900} INFO - Created Permission View: can delete on DAG Run:example_external_task_marker_child
[2024-10-16T13:12:50.020+0000] {logging_mixin.py:190} INFO - [2024-10-16T13:12:50.020+0000] {override.py:1900} INFO - Created Permission View: can create on DAG Run:example_external_task_marker_child
[2024-10-16T13:12:50.039+0000] {logging_mixin.py:190} INFO - [2024-10-16T13:12:50.038+0000] {override.py:1900} INFO - Created Permission View: can read on DAG:example_external_task_marker_parent
[2024-10-16T13:12:50.046+0000] {logging_mixin.py:190} INFO - [2024-10-16T13:12:50.046+0000] {override.py:1900} INFO - Created Permission View: can edit on DAG:example_external_task_marker_parent
[2024-10-16T13:12:50.054+0000] {logging_mixin.py:190} INFO - [2024-10-16T13:12:50.053+0000] {override.py:1900} INFO - Created Permission View: can delete on DAG:example_external_task_marker_parent
[2024-10-16T13:12:50.065+0000] {logging_mixin.py:190} INFO - [2024-10-16T13:12:50.064+0000] {override.py:1900} INFO - Created Permission View: can read on DAG Run:example_external_task_marker_parent
[2024-10-16T13:12:50.073+0000] {logging_mixin.py:190} INFO - [2024-10-16T13:12:50.073+0000] {override.py:1900} INFO - Created Permission View: menu access on DAG Run:example_external_task_marker_parent
[2024-10-16T13:12:50.082+0000] {logging_mixin.py:190} INFO - [2024-10-16T13:12:50.081+0000] {override.py:1900} INFO - Created Permission View: can delete on DAG Run:example_external_task_marker_parent
[2024-10-16T13:12:50.090+0000] {logging_mixin.py:190} INFO - [2024-10-16T13:12:50.089+0000] {override.py:1900} INFO - Created Permission View: can create on DAG Run:example_external_task_marker_parent
[2024-10-16T13:12:50.091+0000] {logging_mixin.py:190} INFO - [2024-10-16T13:12:50.091+0000] {dag.py:3239} INFO - Sync 2 DAGs
[2024-10-16T13:12:50.107+0000] {logging_mixin.py:190} INFO - [2024-10-16T13:12:50.106+0000] {dag.py:3262} INFO - Creating ORM DAG for example_external_task_marker_child
[2024-10-16T13:12:50.109+0000] {logging_mixin.py:190} INFO - [2024-10-16T13:12:50.109+0000] {dag.py:3262} INFO - Creating ORM DAG for example_external_task_marker_parent
[2024-10-16T13:12:50.112+0000] {logging_mixin.py:190} INFO - [2024-10-16T13:12:50.111+0000] {dag.py:4180} INFO - Setting next_dagrun for example_external_task_marker_child to None, run_after=None
[2024-10-16T13:12:50.113+0000] {logging_mixin.py:190} INFO - [2024-10-16T13:12:50.112+0000] {dag.py:4180} INFO - Setting next_dagrun for example_external_task_marker_parent to None, run_after=None
[2024-10-16T13:12:50.131+0000] {processor.py:208} INFO - Processing /home/airflow/.local/lib/python3.12/site-packages/airflow/example_dags/example_external_task_marker_dag.py took 0.332 seconds
[2024-10-16T13:13:20.897+0000] {processor.py:186} INFO - Started process (PID=183) to work on /home/airflow/.local/lib/python3.12/site-packages/airflow/example_dags/example_external_task_marker_dag.py
[2024-10-16T13:13:20.908+0000] {processor.py:914} INFO - Processing file /home/airflow/.local/lib/python3.12/site-packages/airflow/example_dags/example_external_task_marker_dag.py for tasks to queue
[2024-10-16T13:13:20.911+0000] {logging_mixin.py:190} INFO - [2024-10-16T13:13:20.911+0000] {dagbag.py:588} INFO - Filling up the DagBag from /home/airflow/.local/lib/python3.12/site-packages/airflow/example_dags/example_external_task_marker_dag.py
[2024-10-16T13:13:20.922+0000] {processor.py:925} INFO - DAG(s) 'example_external_task_marker_child', 'example_external_task_marker_parent' retrieved from /home/airflow/.local/lib/python3.12/site-packages/airflow/example_dags/example_external_task_marker_dag.py
[2024-10-16T13:13:20.980+0000] {logging_mixin.py:190} INFO - [2024-10-16T13:13:20.980+0000] {dag.py:3239} INFO - Sync 2 DAGs
[2024-10-16T13:13:21.007+0000] {logging_mixin.py:190} INFO - [2024-10-16T13:13:21.007+0000] {dag.py:4180} INFO - Setting next_dagrun for example_external_task_marker_child to None, run_after=None
[2024-10-16T13:13:21.013+0000] {logging_mixin.py:190} INFO - [2024-10-16T13:13:21.013+0000] {dag.py:4180} INFO - Setting next_dagrun for example_external_task_marker_parent to None, run_after=None
[2024-10-16T13:13:21.049+0000] {processor.py:208} INFO - Processing /home/airflow/.local/lib/python3.12/site-packages/airflow/example_dags/example_external_task_marker_dag.py took 0.159 seconds
[2024-10-16T13:14:51.136+0000] {processor.py:186} INFO - Started process (PID=118) to work on /home/airflow/.local/lib/python3.12/site-packages/airflow/example_dags/example_external_task_marker_dag.py
[2024-10-16T13:14:51.137+0000] {processor.py:914} INFO - Processing file /home/airflow/.local/lib/python3.12/site-packages/airflow/example_dags/example_external_task_marker_dag.py for tasks to queue
[2024-10-16T13:14:51.141+0000] {logging_mixin.py:190} INFO - [2024-10-16T13:14:51.141+0000] {dagbag.py:588} INFO - Filling up the DagBag from /home/airflow/.local/lib/python3.12/site-packages/airflow/example_dags/example_external_task_marker_dag.py
[2024-10-16T13:14:51.148+0000] {processor.py:925} INFO - DAG(s) 'example_external_task_marker_child', 'example_external_task_marker_parent' retrieved from /home/airflow/.local/lib/python3.12/site-packages/airflow/example_dags/example_external_task_marker_dag.py
[2024-10-16T13:14:51.228+0000] {logging_mixin.py:190} INFO - [2024-10-16T13:14:51.227+0000] {override.py:1900} INFO - Created Permission View: can read on DAG:example_external_task_marker_child
[2024-10-16T13:14:51.246+0000] {logging_mixin.py:190} INFO - [2024-10-16T13:14:51.246+0000] {override.py:1900} INFO - Created Permission View: can delete on DAG:example_external_task_marker_child
[2024-10-16T13:14:51.261+0000] {logging_mixin.py:190} INFO - [2024-10-16T13:14:51.261+0000] {override.py:1900} INFO - Created Permission View: can edit on DAG:example_external_task_marker_child
[2024-10-16T13:14:51.276+0000] {logging_mixin.py:190} INFO - [2024-10-16T13:14:51.275+0000] {override.py:1900} INFO - Created Permission View: can read on DAG Run:example_external_task_marker_child
[2024-10-16T13:14:51.286+0000] {logging_mixin.py:190} INFO - [2024-10-16T13:14:51.286+0000] {override.py:1900} INFO - Created Permission View: can create on DAG Run:example_external_task_marker_child
[2024-10-16T13:14:51.296+0000] {logging_mixin.py:190} INFO - [2024-10-16T13:14:51.295+0000] {override.py:1900} INFO - Created Permission View: can delete on DAG Run:example_external_task_marker_child
[2024-10-16T13:14:51.309+0000] {logging_mixin.py:190} INFO - [2024-10-16T13:14:51.309+0000] {override.py:1900} INFO - Created Permission View: menu access on DAG Run:example_external_task_marker_child
[2024-10-16T13:14:51.338+0000] {logging_mixin.py:190} INFO - [2024-10-16T13:14:51.338+0000] {override.py:1900} INFO - Created Permission View: can read on DAG:example_external_task_marker_parent
[2024-10-16T13:14:51.355+0000] {logging_mixin.py:190} INFO - [2024-10-16T13:14:51.354+0000] {override.py:1900} INFO - Created Permission View: can delete on DAG:example_external_task_marker_parent
[2024-10-16T13:14:51.377+0000] {logging_mixin.py:190} INFO - [2024-10-16T13:14:51.375+0000] {override.py:1900} INFO - Created Permission View: can edit on DAG:example_external_task_marker_parent
[2024-10-16T13:14:51.391+0000] {logging_mixin.py:190} INFO - [2024-10-16T13:14:51.390+0000] {override.py:1900} INFO - Created Permission View: can read on DAG Run:example_external_task_marker_parent
[2024-10-16T13:14:51.412+0000] {logging_mixin.py:190} INFO - [2024-10-16T13:14:51.410+0000] {override.py:1900} INFO - Created Permission View: can create on DAG Run:example_external_task_marker_parent
[2024-10-16T13:14:51.431+0000] {logging_mixin.py:190} INFO - [2024-10-16T13:14:51.430+0000] {override.py:1900} INFO - Created Permission View: can delete on DAG Run:example_external_task_marker_parent
[2024-10-16T13:14:51.443+0000] {logging_mixin.py:190} INFO - [2024-10-16T13:14:51.443+0000] {override.py:1900} INFO - Created Permission View: menu access on DAG Run:example_external_task_marker_parent
[2024-10-16T13:14:51.446+0000] {logging_mixin.py:190} INFO - [2024-10-16T13:14:51.445+0000] {dag.py:3239} INFO - Sync 2 DAGs
[2024-10-16T13:14:51.463+0000] {logging_mixin.py:190} INFO - [2024-10-16T13:14:51.462+0000] {dag.py:3262} INFO - Creating ORM DAG for example_external_task_marker_child
[2024-10-16T13:14:51.467+0000] {logging_mixin.py:190} INFO - [2024-10-16T13:14:51.466+0000] {dag.py:3262} INFO - Creating ORM DAG for example_external_task_marker_parent
[2024-10-16T13:14:51.468+0000] {logging_mixin.py:190} INFO - [2024-10-16T13:14:51.468+0000] {dag.py:4180} INFO - Setting next_dagrun for example_external_task_marker_child to None, run_after=None
[2024-10-16T13:14:51.470+0000] {logging_mixin.py:190} INFO - [2024-10-16T13:14:51.470+0000] {dag.py:4180} INFO - Setting next_dagrun for example_external_task_marker_parent to None, run_after=None
[2024-10-16T13:14:51.497+0000] {processor.py:208} INFO - Processing /home/airflow/.local/lib/python3.12/site-packages/airflow/example_dags/example_external_task_marker_dag.py took 0.367 seconds
[2024-10-16T13:16:20.688+0000] {processor.py:186} INFO - Started process (PID=117) to work on /home/airflow/.local/lib/python3.12/site-packages/airflow/example_dags/example_external_task_marker_dag.py
[2024-10-16T13:16:20.689+0000] {processor.py:914} INFO - Processing file /home/airflow/.local/lib/python3.12/site-packages/airflow/example_dags/example_external_task_marker_dag.py for tasks to queue
[2024-10-16T13:16:20.691+0000] {logging_mixin.py:190} INFO - [2024-10-16T13:16:20.691+0000] {dagbag.py:588} INFO - Filling up the DagBag from /home/airflow/.local/lib/python3.12/site-packages/airflow/example_dags/example_external_task_marker_dag.py
[2024-10-16T13:16:20.699+0000] {processor.py:925} INFO - DAG(s) 'example_external_task_marker_child', 'example_external_task_marker_parent' retrieved from /home/airflow/.local/lib/python3.12/site-packages/airflow/example_dags/example_external_task_marker_dag.py
[2024-10-16T13:16:20.796+0000] {logging_mixin.py:190} INFO - [2024-10-16T13:16:20.795+0000] {override.py:1900} INFO - Created Permission View: can edit on DAG:example_external_task_marker_child
[2024-10-16T13:16:20.808+0000] {logging_mixin.py:190} INFO - [2024-10-16T13:16:20.808+0000] {override.py:1900} INFO - Created Permission View: can read on DAG:example_external_task_marker_child
[2024-10-16T13:16:20.816+0000] {logging_mixin.py:190} INFO - [2024-10-16T13:16:20.816+0000] {override.py:1900} INFO - Created Permission View: can delete on DAG:example_external_task_marker_child
[2024-10-16T13:16:20.826+0000] {logging_mixin.py:190} INFO - [2024-10-16T13:16:20.826+0000] {override.py:1900} INFO - Created Permission View: menu access on DAG Run:example_external_task_marker_child
[2024-10-16T13:16:20.834+0000] {logging_mixin.py:190} INFO - [2024-10-16T13:16:20.834+0000] {override.py:1900} INFO - Created Permission View: can read on DAG Run:example_external_task_marker_child
[2024-10-16T13:16:20.841+0000] {logging_mixin.py:190} INFO - [2024-10-16T13:16:20.841+0000] {override.py:1900} INFO - Created Permission View: can create on DAG Run:example_external_task_marker_child
[2024-10-16T13:16:20.847+0000] {logging_mixin.py:190} INFO - [2024-10-16T13:16:20.847+0000] {override.py:1900} INFO - Created Permission View: can delete on DAG Run:example_external_task_marker_child
[2024-10-16T13:16:20.861+0000] {logging_mixin.py:190} INFO - [2024-10-16T13:16:20.861+0000] {override.py:1900} INFO - Created Permission View: can edit on DAG:example_external_task_marker_parent
[2024-10-16T13:16:20.870+0000] {logging_mixin.py:190} INFO - [2024-10-16T13:16:20.870+0000] {override.py:1900} INFO - Created Permission View: can read on DAG:example_external_task_marker_parent
[2024-10-16T13:16:20.877+0000] {logging_mixin.py:190} INFO - [2024-10-16T13:16:20.877+0000] {override.py:1900} INFO - Created Permission View: can delete on DAG:example_external_task_marker_parent
[2024-10-16T13:16:20.884+0000] {logging_mixin.py:190} INFO - [2024-10-16T13:16:20.884+0000] {override.py:1900} INFO - Created Permission View: menu access on DAG Run:example_external_task_marker_parent
[2024-10-16T13:16:20.891+0000] {logging_mixin.py:190} INFO - [2024-10-16T13:16:20.890+0000] {override.py:1900} INFO - Created Permission View: can read on DAG Run:example_external_task_marker_parent
[2024-10-16T13:16:20.897+0000] {logging_mixin.py:190} INFO - [2024-10-16T13:16:20.897+0000] {override.py:1900} INFO - Created Permission View: can create on DAG Run:example_external_task_marker_parent
[2024-10-16T13:16:20.904+0000] {logging_mixin.py:190} INFO - [2024-10-16T13:16:20.904+0000] {override.py:1900} INFO - Created Permission View: can delete on DAG Run:example_external_task_marker_parent
[2024-10-16T13:16:20.905+0000] {logging_mixin.py:190} INFO - [2024-10-16T13:16:20.904+0000] {dag.py:3239} INFO - Sync 2 DAGs
[2024-10-16T13:16:20.917+0000] {logging_mixin.py:190} INFO - [2024-10-16T13:16:20.917+0000] {dag.py:3262} INFO - Creating ORM DAG for example_external_task_marker_parent
[2024-10-16T13:16:20.918+0000] {logging_mixin.py:190} INFO - [2024-10-16T13:16:20.917+0000] {dag.py:3262} INFO - Creating ORM DAG for example_external_task_marker_child
[2024-10-16T13:16:20.918+0000] {logging_mixin.py:190} INFO - [2024-10-16T13:16:20.918+0000] {dag.py:4180} INFO - Setting next_dagrun for example_external_task_marker_child to None, run_after=None
[2024-10-16T13:16:20.919+0000] {logging_mixin.py:190} INFO - [2024-10-16T13:16:20.919+0000] {dag.py:4180} INFO - Setting next_dagrun for example_external_task_marker_parent to None, run_after=None
[2024-10-16T13:16:20.936+0000] {processor.py:208} INFO - Processing /home/airflow/.local/lib/python3.12/site-packages/airflow/example_dags/example_external_task_marker_dag.py took 0.253 seconds
[2024-10-16T13:16:51.392+0000] {processor.py:186} INFO - Started process (PID=180) to work on /home/airflow/.local/lib/python3.12/site-packages/airflow/example_dags/example_external_task_marker_dag.py
[2024-10-16T13:16:51.394+0000] {processor.py:914} INFO - Processing file /home/airflow/.local/lib/python3.12/site-packages/airflow/example_dags/example_external_task_marker_dag.py for tasks to queue
[2024-10-16T13:16:51.397+0000] {logging_mixin.py:190} INFO - [2024-10-16T13:16:51.397+0000] {dagbag.py:588} INFO - Filling up the DagBag from /home/airflow/.local/lib/python3.12/site-packages/airflow/example_dags/example_external_task_marker_dag.py
[2024-10-16T13:16:51.406+0000] {processor.py:925} INFO - DAG(s) 'example_external_task_marker_parent', 'example_external_task_marker_child' retrieved from /home/airflow/.local/lib/python3.12/site-packages/airflow/example_dags/example_external_task_marker_dag.py
[2024-10-16T13:16:51.432+0000] {logging_mixin.py:190} INFO - [2024-10-16T13:16:51.432+0000] {dag.py:3239} INFO - Sync 2 DAGs
[2024-10-16T13:16:51.449+0000] {logging_mixin.py:190} INFO - [2024-10-16T13:16:51.449+0000] {dag.py:4180} INFO - Setting next_dagrun for example_external_task_marker_child to None, run_after=None
[2024-10-16T13:16:51.453+0000] {logging_mixin.py:190} INFO - [2024-10-16T13:16:51.453+0000] {dag.py:4180} INFO - Setting next_dagrun for example_external_task_marker_parent to None, run_after=None
[2024-10-16T13:16:51.480+0000] {processor.py:208} INFO - Processing /home/airflow/.local/lib/python3.12/site-packages/airflow/example_dags/example_external_task_marker_dag.py took 0.100 seconds
[2024-10-16T13:17:21.686+0000] {processor.py:186} INFO - Started process (PID=243) to work on /home/airflow/.local/lib/python3.12/site-packages/airflow/example_dags/example_external_task_marker_dag.py
[2024-10-16T13:17:21.688+0000] {processor.py:914} INFO - Processing file /home/airflow/.local/lib/python3.12/site-packages/airflow/example_dags/example_external_task_marker_dag.py for tasks to queue
[2024-10-16T13:17:21.692+0000] {logging_mixin.py:190} INFO - [2024-10-16T13:17:21.692+0000] {dagbag.py:588} INFO - Filling up the DagBag from /home/airflow/.local/lib/python3.12/site-packages/airflow/example_dags/example_external_task_marker_dag.py
[2024-10-16T13:17:21.701+0000] {processor.py:925} INFO - DAG(s) 'example_external_task_marker_parent', 'example_external_task_marker_child' retrieved from /home/airflow/.local/lib/python3.12/site-packages/airflow/example_dags/example_external_task_marker_dag.py
[2024-10-16T13:17:21.727+0000] {logging_mixin.py:190} INFO - [2024-10-16T13:17:21.727+0000] {dag.py:3239} INFO - Sync 2 DAGs
[2024-10-16T13:17:21.749+0000] {logging_mixin.py:190} INFO - [2024-10-16T13:17:21.749+0000] {dag.py:4180} INFO - Setting next_dagrun for example_external_task_marker_child to None, run_after=None
[2024-10-16T13:17:21.765+0000] {logging_mixin.py:190} INFO - [2024-10-16T13:17:21.765+0000] {dag.py:4180} INFO - Setting next_dagrun for example_external_task_marker_parent to None, run_after=None
[2024-10-16T13:17:21.805+0000] {processor.py:208} INFO - Processing /home/airflow/.local/lib/python3.12/site-packages/airflow/example_dags/example_external_task_marker_dag.py took 0.125 seconds
[2024-10-16T13:17:52.474+0000] {processor.py:186} INFO - Started process (PID=306) to work on /home/airflow/.local/lib/python3.12/site-packages/airflow/example_dags/example_external_task_marker_dag.py
[2024-10-16T13:17:52.476+0000] {processor.py:914} INFO - Processing file /home/airflow/.local/lib/python3.12/site-packages/airflow/example_dags/example_external_task_marker_dag.py for tasks to queue
[2024-10-16T13:17:52.480+0000] {logging_mixin.py:190} INFO - [2024-10-16T13:17:52.479+0000] {dagbag.py:588} INFO - Filling up the DagBag from /home/airflow/.local/lib/python3.12/site-packages/airflow/example_dags/example_external_task_marker_dag.py
[2024-10-16T13:17:52.490+0000] {processor.py:925} INFO - DAG(s) 'example_external_task_marker_parent', 'example_external_task_marker_child' retrieved from /home/airflow/.local/lib/python3.12/site-packages/airflow/example_dags/example_external_task_marker_dag.py
[2024-10-16T13:17:52.518+0000] {logging_mixin.py:190} INFO - [2024-10-16T13:17:52.518+0000] {dag.py:3239} INFO - Sync 2 DAGs
[2024-10-16T13:17:52.536+0000] {logging_mixin.py:190} INFO - [2024-10-16T13:17:52.536+0000] {dag.py:4180} INFO - Setting next_dagrun for example_external_task_marker_child to None, run_after=None
[2024-10-16T13:17:52.540+0000] {logging_mixin.py:190} INFO - [2024-10-16T13:17:52.540+0000] {dag.py:4180} INFO - Setting next_dagrun for example_external_task_marker_parent to None, run_after=None
[2024-10-16T13:17:52.568+0000] {processor.py:208} INFO - Processing /home/airflow/.local/lib/python3.12/site-packages/airflow/example_dags/example_external_task_marker_dag.py took 0.101 seconds
[2024-10-16T13:18:23.223+0000] {processor.py:186} INFO - Started process (PID=369) to work on /home/airflow/.local/lib/python3.12/site-packages/airflow/example_dags/example_external_task_marker_dag.py
[2024-10-16T13:18:23.224+0000] {processor.py:914} INFO - Processing file /home/airflow/.local/lib/python3.12/site-packages/airflow/example_dags/example_external_task_marker_dag.py for tasks to queue
[2024-10-16T13:18:23.226+0000] {logging_mixin.py:190} INFO - [2024-10-16T13:18:23.226+0000] {dagbag.py:588} INFO - Filling up the DagBag from /home/airflow/.local/lib/python3.12/site-packages/airflow/example_dags/example_external_task_marker_dag.py
[2024-10-16T13:18:23.233+0000] {processor.py:925} INFO - DAG(s) 'example_external_task_marker_parent', 'example_external_task_marker_child' retrieved from /home/airflow/.local/lib/python3.12/site-packages/airflow/example_dags/example_external_task_marker_dag.py
[2024-10-16T13:18:23.257+0000] {logging_mixin.py:190} INFO - [2024-10-16T13:18:23.257+0000] {dag.py:3239} INFO - Sync 2 DAGs
[2024-10-16T13:18:23.274+0000] {logging_mixin.py:190} INFO - [2024-10-16T13:18:23.274+0000] {dag.py:4180} INFO - Setting next_dagrun for example_external_task_marker_child to None, run_after=None
[2024-10-16T13:18:23.278+0000] {logging_mixin.py:190} INFO - [2024-10-16T13:18:23.278+0000] {dag.py:4180} INFO - Setting next_dagrun for example_external_task_marker_parent to None, run_after=None
[2024-10-16T13:18:23.303+0000] {processor.py:208} INFO - Processing /home/airflow/.local/lib/python3.12/site-packages/airflow/example_dags/example_external_task_marker_dag.py took 0.085 seconds
[2024-10-16T13:18:54.051+0000] {processor.py:186} INFO - Started process (PID=432) to work on /home/airflow/.local/lib/python3.12/site-packages/airflow/example_dags/example_external_task_marker_dag.py
[2024-10-16T13:18:54.051+0000] {processor.py:914} INFO - Processing file /home/airflow/.local/lib/python3.12/site-packages/airflow/example_dags/example_external_task_marker_dag.py for tasks to queue
[2024-10-16T13:18:54.054+0000] {logging_mixin.py:190} INFO - [2024-10-16T13:18:54.054+0000] {dagbag.py:588} INFO - Filling up the DagBag from /home/airflow/.local/lib/python3.12/site-packages/airflow/example_dags/example_external_task_marker_dag.py
[2024-10-16T13:18:54.065+0000] {processor.py:925} INFO - DAG(s) 'example_external_task_marker_parent', 'example_external_task_marker_child' retrieved from /home/airflow/.local/lib/python3.12/site-packages/airflow/example_dags/example_external_task_marker_dag.py
[2024-10-16T13:18:54.094+0000] {logging_mixin.py:190} INFO - [2024-10-16T13:18:54.094+0000] {dag.py:3239} INFO - Sync 2 DAGs
[2024-10-16T13:18:54.109+0000] {logging_mixin.py:190} INFO - [2024-10-16T13:18:54.109+0000] {dag.py:4180} INFO - Setting next_dagrun for example_external_task_marker_child to None, run_after=None
[2024-10-16T13:18:54.115+0000] {logging_mixin.py:190} INFO - [2024-10-16T13:18:54.114+0000] {dag.py:4180} INFO - Setting next_dagrun for example_external_task_marker_parent to None, run_after=None
[2024-10-16T13:18:54.140+0000] {processor.py:208} INFO - Processing /home/airflow/.local/lib/python3.12/site-packages/airflow/example_dags/example_external_task_marker_dag.py took 0.095 seconds
[2024-10-16T13:19:25.154+0000] {processor.py:186} INFO - Started process (PID=495) to work on /home/airflow/.local/lib/python3.12/site-packages/airflow/example_dags/example_external_task_marker_dag.py
[2024-10-16T13:19:25.159+0000] {processor.py:914} INFO - Processing file /home/airflow/.local/lib/python3.12/site-packages/airflow/example_dags/example_external_task_marker_dag.py for tasks to queue
[2024-10-16T13:19:25.163+0000] {logging_mixin.py:190} INFO - [2024-10-16T13:19:25.163+0000] {dagbag.py:588} INFO - Filling up the DagBag from /home/airflow/.local/lib/python3.12/site-packages/airflow/example_dags/example_external_task_marker_dag.py
[2024-10-16T13:19:25.173+0000] {processor.py:925} INFO - DAG(s) 'example_external_task_marker_parent', 'example_external_task_marker_child' retrieved from /home/airflow/.local/lib/python3.12/site-packages/airflow/example_dags/example_external_task_marker_dag.py
[2024-10-16T13:19:25.214+0000] {logging_mixin.py:190} INFO - [2024-10-16T13:19:25.213+0000] {dag.py:3239} INFO - Sync 2 DAGs
[2024-10-16T13:19:25.253+0000] {logging_mixin.py:190} INFO - [2024-10-16T13:19:25.253+0000] {dag.py:4180} INFO - Setting next_dagrun for example_external_task_marker_child to None, run_after=None
[2024-10-16T13:19:25.259+0000] {logging_mixin.py:190} INFO - [2024-10-16T13:19:25.258+0000] {dag.py:4180} INFO - Setting next_dagrun for example_external_task_marker_parent to None, run_after=None
[2024-10-16T13:19:25.281+0000] {processor.py:208} INFO - Processing /home/airflow/.local/lib/python3.12/site-packages/airflow/example_dags/example_external_task_marker_dag.py took 0.134 seconds
[2024-10-16T13:19:55.454+0000] {processor.py:186} INFO - Started process (PID=558) to work on /home/airflow/.local/lib/python3.12/site-packages/airflow/example_dags/example_external_task_marker_dag.py
[2024-10-16T13:19:55.455+0000] {processor.py:914} INFO - Processing file /home/airflow/.local/lib/python3.12/site-packages/airflow/example_dags/example_external_task_marker_dag.py for tasks to queue
[2024-10-16T13:19:55.458+0000] {logging_mixin.py:190} INFO - [2024-10-16T13:19:55.457+0000] {dagbag.py:588} INFO - Filling up the DagBag from /home/airflow/.local/lib/python3.12/site-packages/airflow/example_dags/example_external_task_marker_dag.py
[2024-10-16T13:19:55.464+0000] {processor.py:925} INFO - DAG(s) 'example_external_task_marker_child', 'example_external_task_marker_parent' retrieved from /home/airflow/.local/lib/python3.12/site-packages/airflow/example_dags/example_external_task_marker_dag.py
[2024-10-16T13:19:55.485+0000] {logging_mixin.py:190} INFO - [2024-10-16T13:19:55.485+0000] {dag.py:3239} INFO - Sync 2 DAGs
[2024-10-16T13:19:55.498+0000] {logging_mixin.py:190} INFO - [2024-10-16T13:19:55.498+0000] {dag.py:4180} INFO - Setting next_dagrun for example_external_task_marker_child to None, run_after=None
[2024-10-16T13:19:55.524+0000] {logging_mixin.py:190} INFO - [2024-10-16T13:19:55.524+0000] {dag.py:4180} INFO - Setting next_dagrun for example_external_task_marker_parent to None, run_after=None
[2024-10-16T13:19:55.549+0000] {processor.py:208} INFO - Processing /home/airflow/.local/lib/python3.12/site-packages/airflow/example_dags/example_external_task_marker_dag.py took 0.100 seconds
[2024-10-16T13:20:26.051+0000] {processor.py:186} INFO - Started process (PID=621) to work on /home/airflow/.local/lib/python3.12/site-packages/airflow/example_dags/example_external_task_marker_dag.py
[2024-10-16T13:20:26.053+0000] {processor.py:914} INFO - Processing file /home/airflow/.local/lib/python3.12/site-packages/airflow/example_dags/example_external_task_marker_dag.py for tasks to queue
[2024-10-16T13:20:26.056+0000] {logging_mixin.py:190} INFO - [2024-10-16T13:20:26.056+0000] {dagbag.py:588} INFO - Filling up the DagBag from /home/airflow/.local/lib/python3.12/site-packages/airflow/example_dags/example_external_task_marker_dag.py
[2024-10-16T13:20:26.066+0000] {processor.py:925} INFO - DAG(s) 'example_external_task_marker_parent', 'example_external_task_marker_child' retrieved from /home/airflow/.local/lib/python3.12/site-packages/airflow/example_dags/example_external_task_marker_dag.py
[2024-10-16T13:20:26.093+0000] {logging_mixin.py:190} INFO - [2024-10-16T13:20:26.092+0000] {dag.py:3239} INFO - Sync 2 DAGs
[2024-10-16T13:20:26.110+0000] {logging_mixin.py:190} INFO - [2024-10-16T13:20:26.110+0000] {dag.py:4180} INFO - Setting next_dagrun for example_external_task_marker_child to None, run_after=None
[2024-10-16T13:20:26.113+0000] {logging_mixin.py:190} INFO - [2024-10-16T13:20:26.113+0000] {dag.py:4180} INFO - Setting next_dagrun for example_external_task_marker_parent to None, run_after=None
[2024-10-16T13:20:26.135+0000] {processor.py:208} INFO - Processing /home/airflow/.local/lib/python3.12/site-packages/airflow/example_dags/example_external_task_marker_dag.py took 0.089 seconds
[2024-10-16T13:22:05.503+0000] {processor.py:186} INFO - Started process (PID=116) to work on /home/airflow/.local/lib/python3.12/site-packages/airflow/example_dags/example_external_task_marker_dag.py
[2024-10-16T13:22:05.504+0000] {processor.py:914} INFO - Processing file /home/airflow/.local/lib/python3.12/site-packages/airflow/example_dags/example_external_task_marker_dag.py for tasks to queue
[2024-10-16T13:22:05.505+0000] {logging_mixin.py:190} INFO - [2024-10-16T13:22:05.505+0000] {dagbag.py:588} INFO - Filling up the DagBag from /home/airflow/.local/lib/python3.12/site-packages/airflow/example_dags/example_external_task_marker_dag.py
[2024-10-16T13:22:05.512+0000] {processor.py:925} INFO - DAG(s) 'example_external_task_marker_parent', 'example_external_task_marker_child' retrieved from /home/airflow/.local/lib/python3.12/site-packages/airflow/example_dags/example_external_task_marker_dag.py
[2024-10-16T13:22:05.607+0000] {logging_mixin.py:190} INFO - [2024-10-16T13:22:05.606+0000] {override.py:1900} INFO - Created Permission View: can edit on DAG:example_external_task_marker_parent
[2024-10-16T13:22:05.615+0000] {logging_mixin.py:190} INFO - [2024-10-16T13:22:05.615+0000] {override.py:1900} INFO - Created Permission View: can read on DAG:example_external_task_marker_parent
[2024-10-16T13:22:05.621+0000] {logging_mixin.py:190} INFO - [2024-10-16T13:22:05.621+0000] {override.py:1900} INFO - Created Permission View: can delete on DAG:example_external_task_marker_parent
[2024-10-16T13:22:05.627+0000] {logging_mixin.py:190} INFO - [2024-10-16T13:22:05.626+0000] {override.py:1900} INFO - Created Permission View: can delete on DAG Run:example_external_task_marker_parent
[2024-10-16T13:22:05.632+0000] {logging_mixin.py:190} INFO - [2024-10-16T13:22:05.632+0000] {override.py:1900} INFO - Created Permission View: can read on DAG Run:example_external_task_marker_parent
[2024-10-16T13:22:05.639+0000] {logging_mixin.py:190} INFO - [2024-10-16T13:22:05.638+0000] {override.py:1900} INFO - Created Permission View: menu access on DAG Run:example_external_task_marker_parent
[2024-10-16T13:22:05.644+0000] {logging_mixin.py:190} INFO - [2024-10-16T13:22:05.644+0000] {override.py:1900} INFO - Created Permission View: can create on DAG Run:example_external_task_marker_parent
[2024-10-16T13:22:05.656+0000] {logging_mixin.py:190} INFO - [2024-10-16T13:22:05.656+0000] {override.py:1900} INFO - Created Permission View: can edit on DAG:example_external_task_marker_child
[2024-10-16T13:22:05.662+0000] {logging_mixin.py:190} INFO - [2024-10-16T13:22:05.662+0000] {override.py:1900} INFO - Created Permission View: can read on DAG:example_external_task_marker_child
[2024-10-16T13:22:05.670+0000] {logging_mixin.py:190} INFO - [2024-10-16T13:22:05.669+0000] {override.py:1900} INFO - Created Permission View: can delete on DAG:example_external_task_marker_child
[2024-10-16T13:22:05.675+0000] {logging_mixin.py:190} INFO - [2024-10-16T13:22:05.675+0000] {override.py:1900} INFO - Created Permission View: can delete on DAG Run:example_external_task_marker_child
[2024-10-16T13:22:05.679+0000] {logging_mixin.py:190} INFO - [2024-10-16T13:22:05.679+0000] {override.py:1900} INFO - Created Permission View: can read on DAG Run:example_external_task_marker_child
[2024-10-16T13:22:05.686+0000] {logging_mixin.py:190} INFO - [2024-10-16T13:22:05.685+0000] {override.py:1900} INFO - Created Permission View: menu access on DAG Run:example_external_task_marker_child
[2024-10-16T13:22:05.691+0000] {logging_mixin.py:190} INFO - [2024-10-16T13:22:05.690+0000] {override.py:1900} INFO - Created Permission View: can create on DAG Run:example_external_task_marker_child
[2024-10-16T13:22:05.691+0000] {logging_mixin.py:190} INFO - [2024-10-16T13:22:05.691+0000] {dag.py:3239} INFO - Sync 2 DAGs
[2024-10-16T13:22:05.704+0000] {logging_mixin.py:190} INFO - [2024-10-16T13:22:05.703+0000] {dag.py:3262} INFO - Creating ORM DAG for example_external_task_marker_parent
[2024-10-16T13:22:05.705+0000] {logging_mixin.py:190} INFO - [2024-10-16T13:22:05.705+0000] {dag.py:3262} INFO - Creating ORM DAG for example_external_task_marker_child
[2024-10-16T13:22:05.705+0000] {logging_mixin.py:190} INFO - [2024-10-16T13:22:05.705+0000] {dag.py:4180} INFO - Setting next_dagrun for example_external_task_marker_child to None, run_after=None
[2024-10-16T13:22:05.706+0000] {logging_mixin.py:190} INFO - [2024-10-16T13:22:05.706+0000] {dag.py:4180} INFO - Setting next_dagrun for example_external_task_marker_parent to None, run_after=None
[2024-10-16T13:22:05.737+0000] {processor.py:208} INFO - Processing /home/airflow/.local/lib/python3.12/site-packages/airflow/example_dags/example_external_task_marker_dag.py took 0.239 seconds
[2024-10-16T13:22:36.445+0000] {processor.py:186} INFO - Started process (PID=179) to work on /home/airflow/.local/lib/python3.12/site-packages/airflow/example_dags/example_external_task_marker_dag.py
[2024-10-16T13:22:36.446+0000] {processor.py:914} INFO - Processing file /home/airflow/.local/lib/python3.12/site-packages/airflow/example_dags/example_external_task_marker_dag.py for tasks to queue
[2024-10-16T13:22:36.449+0000] {logging_mixin.py:190} INFO - [2024-10-16T13:22:36.449+0000] {dagbag.py:588} INFO - Filling up the DagBag from /home/airflow/.local/lib/python3.12/site-packages/airflow/example_dags/example_external_task_marker_dag.py
[2024-10-16T13:22:36.459+0000] {processor.py:925} INFO - DAG(s) 'example_external_task_marker_parent', 'example_external_task_marker_child' retrieved from /home/airflow/.local/lib/python3.12/site-packages/airflow/example_dags/example_external_task_marker_dag.py
[2024-10-16T13:22:36.500+0000] {logging_mixin.py:190} INFO - [2024-10-16T13:22:36.498+0000] {dag.py:3239} INFO - Sync 2 DAGs
[2024-10-16T13:22:36.535+0000] {logging_mixin.py:190} INFO - [2024-10-16T13:22:36.534+0000] {dag.py:4180} INFO - Setting next_dagrun for example_external_task_marker_child to None, run_after=None
[2024-10-16T13:22:36.546+0000] {logging_mixin.py:190} INFO - [2024-10-16T13:22:36.546+0000] {dag.py:4180} INFO - Setting next_dagrun for example_external_task_marker_parent to None, run_after=None
[2024-10-16T13:22:36.569+0000] {processor.py:208} INFO - Processing /home/airflow/.local/lib/python3.12/site-packages/airflow/example_dags/example_external_task_marker_dag.py took 0.129 seconds
[2024-10-16T13:23:07.234+0000] {processor.py:186} INFO - Started process (PID=242) to work on /home/airflow/.local/lib/python3.12/site-packages/airflow/example_dags/example_external_task_marker_dag.py
[2024-10-16T13:23:07.242+0000] {processor.py:914} INFO - Processing file /home/airflow/.local/lib/python3.12/site-packages/airflow/example_dags/example_external_task_marker_dag.py for tasks to queue
[2024-10-16T13:23:07.246+0000] {logging_mixin.py:190} INFO - [2024-10-16T13:23:07.245+0000] {dagbag.py:588} INFO - Filling up the DagBag from /home/airflow/.local/lib/python3.12/site-packages/airflow/example_dags/example_external_task_marker_dag.py
[2024-10-16T13:23:07.255+0000] {processor.py:925} INFO - DAG(s) 'example_external_task_marker_child', 'example_external_task_marker_parent' retrieved from /home/airflow/.local/lib/python3.12/site-packages/airflow/example_dags/example_external_task_marker_dag.py
[2024-10-16T13:23:07.290+0000] {logging_mixin.py:190} INFO - [2024-10-16T13:23:07.290+0000] {dag.py:3239} INFO - Sync 2 DAGs
[2024-10-16T13:23:07.313+0000] {logging_mixin.py:190} INFO - [2024-10-16T13:23:07.313+0000] {dag.py:4180} INFO - Setting next_dagrun for example_external_task_marker_child to None, run_after=None
[2024-10-16T13:23:07.318+0000] {logging_mixin.py:190} INFO - [2024-10-16T13:23:07.318+0000] {dag.py:4180} INFO - Setting next_dagrun for example_external_task_marker_parent to None, run_after=None
[2024-10-16T13:23:07.346+0000] {processor.py:208} INFO - Processing /home/airflow/.local/lib/python3.12/site-packages/airflow/example_dags/example_external_task_marker_dag.py took 0.119 seconds
