[2024-10-16T12:50:28.271+0000] {processor.py:186} INFO - Started process (PID=68) to work on /home/airflow/.local/lib/python3.12/site-packages/airflow/example_dags/example_params_ui_tutorial.py
[2024-10-16T12:50:28.272+0000] {processor.py:914} INFO - Processing file /home/airflow/.local/lib/python3.12/site-packages/airflow/example_dags/example_params_ui_tutorial.py for tasks to queue
[2024-10-16T12:50:28.274+0000] {logging_mixin.py:190} INFO - [2024-10-16T12:50:28.274+0000] {dagbag.py:588} INFO - Filling up the DagBag from /home/airflow/.local/lib/python3.12/site-packages/airflow/example_dags/example_params_ui_tutorial.py
[2024-10-16T12:50:28.289+0000] {processor.py:925} INFO - DAG(s) 'example_params_ui_tutorial' retrieved from /home/airflow/.local/lib/python3.12/site-packages/airflow/example_dags/example_params_ui_tutorial.py
[2024-10-16T12:50:28.462+0000] {logging_mixin.py:190} INFO - [2024-10-16T12:50:28.461+0000] {override.py:1900} INFO - Created Permission View: can edit on DAG:example_params_ui_tutorial
[2024-10-16T12:50:28.476+0000] {logging_mixin.py:190} INFO - [2024-10-16T12:50:28.476+0000] {override.py:1900} INFO - Created Permission View: can read on DAG:example_params_ui_tutorial
[2024-10-16T12:50:28.485+0000] {logging_mixin.py:190} INFO - [2024-10-16T12:50:28.485+0000] {override.py:1900} INFO - Created Permission View: can delete on DAG:example_params_ui_tutorial
[2024-10-16T12:50:28.495+0000] {logging_mixin.py:190} INFO - [2024-10-16T12:50:28.495+0000] {override.py:1900} INFO - Created Permission View: can delete on DAG Run:example_params_ui_tutorial
[2024-10-16T12:50:28.509+0000] {logging_mixin.py:190} INFO - [2024-10-16T12:50:28.508+0000] {override.py:1900} INFO - Created Permission View: menu access on DAG Run:example_params_ui_tutorial
[2024-10-16T12:50:28.519+0000] {logging_mixin.py:190} INFO - [2024-10-16T12:50:28.519+0000] {override.py:1900} INFO - Created Permission View: can create on DAG Run:example_params_ui_tutorial
[2024-10-16T12:50:28.532+0000] {logging_mixin.py:190} INFO - [2024-10-16T12:50:28.532+0000] {override.py:1900} INFO - Created Permission View: can read on DAG Run:example_params_ui_tutorial
[2024-10-16T12:50:28.533+0000] {logging_mixin.py:190} INFO - [2024-10-16T12:50:28.533+0000] {dag.py:3239} INFO - Sync 1 DAGs
[2024-10-16T12:50:28.571+0000] {logging_mixin.py:190} INFO - [2024-10-16T12:50:28.571+0000] {dag.py:3262} INFO - Creating ORM DAG for example_params_ui_tutorial
[2024-10-16T12:50:28.577+0000] {logging_mixin.py:190} INFO - [2024-10-16T12:50:28.576+0000] {dag.py:4180} INFO - Setting next_dagrun for example_params_ui_tutorial to None, run_after=None
[2024-10-16T12:50:28.614+0000] {processor.py:208} INFO - Processing /home/airflow/.local/lib/python3.12/site-packages/airflow/example_dags/example_params_ui_tutorial.py took 0.352 seconds
[2024-10-16T12:50:59.046+0000] {processor.py:186} INFO - Started process (PID=130) to work on /home/airflow/.local/lib/python3.12/site-packages/airflow/example_dags/example_params_ui_tutorial.py
[2024-10-16T12:50:59.047+0000] {processor.py:914} INFO - Processing file /home/airflow/.local/lib/python3.12/site-packages/airflow/example_dags/example_params_ui_tutorial.py for tasks to queue
[2024-10-16T12:50:59.049+0000] {logging_mixin.py:190} INFO - [2024-10-16T12:50:59.048+0000] {dagbag.py:588} INFO - Filling up the DagBag from /home/airflow/.local/lib/python3.12/site-packages/airflow/example_dags/example_params_ui_tutorial.py
[2024-10-16T12:50:59.056+0000] {processor.py:925} INFO - DAG(s) 'example_params_ui_tutorial' retrieved from /home/airflow/.local/lib/python3.12/site-packages/airflow/example_dags/example_params_ui_tutorial.py
[2024-10-16T12:50:59.094+0000] {logging_mixin.py:190} INFO - [2024-10-16T12:50:59.094+0000] {dag.py:3239} INFO - Sync 1 DAGs
[2024-10-16T12:50:59.108+0000] {logging_mixin.py:190} INFO - [2024-10-16T12:50:59.107+0000] {dag.py:4180} INFO - Setting next_dagrun for example_params_ui_tutorial to None, run_after=None
[2024-10-16T12:50:59.134+0000] {processor.py:208} INFO - Processing /home/airflow/.local/lib/python3.12/site-packages/airflow/example_dags/example_params_ui_tutorial.py took 0.095 seconds
[2024-10-16T12:51:30.466+0000] {processor.py:186} INFO - Started process (PID=198) to work on /home/airflow/.local/lib/python3.12/site-packages/airflow/example_dags/example_params_ui_tutorial.py
[2024-10-16T12:51:30.469+0000] {processor.py:914} INFO - Processing file /home/airflow/.local/lib/python3.12/site-packages/airflow/example_dags/example_params_ui_tutorial.py for tasks to queue
[2024-10-16T12:51:30.471+0000] {logging_mixin.py:190} INFO - [2024-10-16T12:51:30.471+0000] {dagbag.py:588} INFO - Filling up the DagBag from /home/airflow/.local/lib/python3.12/site-packages/airflow/example_dags/example_params_ui_tutorial.py
[2024-10-16T12:51:30.481+0000] {processor.py:925} INFO - DAG(s) 'example_params_ui_tutorial' retrieved from /home/airflow/.local/lib/python3.12/site-packages/airflow/example_dags/example_params_ui_tutorial.py
[2024-10-16T12:51:30.531+0000] {logging_mixin.py:190} INFO - [2024-10-16T12:51:30.531+0000] {dag.py:3239} INFO - Sync 1 DAGs
[2024-10-16T12:51:30.547+0000] {logging_mixin.py:190} INFO - [2024-10-16T12:51:30.547+0000] {dag.py:4180} INFO - Setting next_dagrun for example_params_ui_tutorial to None, run_after=None
[2024-10-16T12:51:30.576+0000] {processor.py:208} INFO - Processing /home/airflow/.local/lib/python3.12/site-packages/airflow/example_dags/example_params_ui_tutorial.py took 0.116 seconds
[2024-10-16T12:52:00.960+0000] {processor.py:186} INFO - Started process (PID=260) to work on /home/airflow/.local/lib/python3.12/site-packages/airflow/example_dags/example_params_ui_tutorial.py
[2024-10-16T12:52:00.962+0000] {processor.py:914} INFO - Processing file /home/airflow/.local/lib/python3.12/site-packages/airflow/example_dags/example_params_ui_tutorial.py for tasks to queue
[2024-10-16T12:52:00.965+0000] {logging_mixin.py:190} INFO - [2024-10-16T12:52:00.965+0000] {dagbag.py:588} INFO - Filling up the DagBag from /home/airflow/.local/lib/python3.12/site-packages/airflow/example_dags/example_params_ui_tutorial.py
[2024-10-16T12:52:00.982+0000] {processor.py:925} INFO - DAG(s) 'example_params_ui_tutorial' retrieved from /home/airflow/.local/lib/python3.12/site-packages/airflow/example_dags/example_params_ui_tutorial.py
[2024-10-16T12:52:01.045+0000] {logging_mixin.py:190} INFO - [2024-10-16T12:52:01.044+0000] {dag.py:3239} INFO - Sync 1 DAGs
[2024-10-16T12:52:01.065+0000] {logging_mixin.py:190} INFO - [2024-10-16T12:52:01.065+0000] {dag.py:4180} INFO - Setting next_dagrun for example_params_ui_tutorial to None, run_after=None
[2024-10-16T12:52:01.092+0000] {processor.py:208} INFO - Processing /home/airflow/.local/lib/python3.12/site-packages/airflow/example_dags/example_params_ui_tutorial.py took 0.140 seconds
[2024-10-16T12:52:31.839+0000] {processor.py:186} INFO - Started process (PID=323) to work on /home/airflow/.local/lib/python3.12/site-packages/airflow/example_dags/example_params_ui_tutorial.py
[2024-10-16T12:52:31.841+0000] {processor.py:914} INFO - Processing file /home/airflow/.local/lib/python3.12/site-packages/airflow/example_dags/example_params_ui_tutorial.py for tasks to queue
[2024-10-16T12:52:31.844+0000] {logging_mixin.py:190} INFO - [2024-10-16T12:52:31.843+0000] {dagbag.py:588} INFO - Filling up the DagBag from /home/airflow/.local/lib/python3.12/site-packages/airflow/example_dags/example_params_ui_tutorial.py
[2024-10-16T12:52:31.852+0000] {processor.py:925} INFO - DAG(s) 'example_params_ui_tutorial' retrieved from /home/airflow/.local/lib/python3.12/site-packages/airflow/example_dags/example_params_ui_tutorial.py
[2024-10-16T12:52:31.901+0000] {logging_mixin.py:190} INFO - [2024-10-16T12:52:31.901+0000] {dag.py:3239} INFO - Sync 1 DAGs
[2024-10-16T12:52:31.916+0000] {logging_mixin.py:190} INFO - [2024-10-16T12:52:31.915+0000] {dag.py:4180} INFO - Setting next_dagrun for example_params_ui_tutorial to None, run_after=None
[2024-10-16T12:52:31.943+0000] {processor.py:208} INFO - Processing /home/airflow/.local/lib/python3.12/site-packages/airflow/example_dags/example_params_ui_tutorial.py took 0.110 seconds
[2024-10-16T12:53:02.601+0000] {processor.py:186} INFO - Started process (PID=385) to work on /home/airflow/.local/lib/python3.12/site-packages/airflow/example_dags/example_params_ui_tutorial.py
[2024-10-16T12:53:02.603+0000] {processor.py:914} INFO - Processing file /home/airflow/.local/lib/python3.12/site-packages/airflow/example_dags/example_params_ui_tutorial.py for tasks to queue
[2024-10-16T12:53:02.606+0000] {logging_mixin.py:190} INFO - [2024-10-16T12:53:02.606+0000] {dagbag.py:588} INFO - Filling up the DagBag from /home/airflow/.local/lib/python3.12/site-packages/airflow/example_dags/example_params_ui_tutorial.py
[2024-10-16T12:53:02.621+0000] {processor.py:925} INFO - DAG(s) 'example_params_ui_tutorial' retrieved from /home/airflow/.local/lib/python3.12/site-packages/airflow/example_dags/example_params_ui_tutorial.py
[2024-10-16T12:53:02.697+0000] {logging_mixin.py:190} INFO - [2024-10-16T12:53:02.697+0000] {dag.py:3239} INFO - Sync 1 DAGs
[2024-10-16T12:53:02.865+0000] {logging_mixin.py:190} INFO - [2024-10-16T12:53:02.865+0000] {dag.py:4180} INFO - Setting next_dagrun for example_params_ui_tutorial to None, run_after=None
[2024-10-16T12:53:02.936+0000] {processor.py:208} INFO - Processing /home/airflow/.local/lib/python3.12/site-packages/airflow/example_dags/example_params_ui_tutorial.py took 0.346 seconds
[2024-10-16T12:53:33.062+0000] {processor.py:186} INFO - Started process (PID=447) to work on /home/airflow/.local/lib/python3.12/site-packages/airflow/example_dags/example_params_ui_tutorial.py
[2024-10-16T12:53:33.063+0000] {processor.py:914} INFO - Processing file /home/airflow/.local/lib/python3.12/site-packages/airflow/example_dags/example_params_ui_tutorial.py for tasks to queue
[2024-10-16T12:53:33.066+0000] {logging_mixin.py:190} INFO - [2024-10-16T12:53:33.066+0000] {dagbag.py:588} INFO - Filling up the DagBag from /home/airflow/.local/lib/python3.12/site-packages/airflow/example_dags/example_params_ui_tutorial.py
[2024-10-16T12:53:33.078+0000] {processor.py:925} INFO - DAG(s) 'example_params_ui_tutorial' retrieved from /home/airflow/.local/lib/python3.12/site-packages/airflow/example_dags/example_params_ui_tutorial.py
[2024-10-16T12:53:33.126+0000] {logging_mixin.py:190} INFO - [2024-10-16T12:53:33.126+0000] {dag.py:3239} INFO - Sync 1 DAGs
[2024-10-16T12:53:33.140+0000] {logging_mixin.py:190} INFO - [2024-10-16T12:53:33.140+0000] {dag.py:4180} INFO - Setting next_dagrun for example_params_ui_tutorial to None, run_after=None
[2024-10-16T12:53:33.167+0000] {processor.py:208} INFO - Processing /home/airflow/.local/lib/python3.12/site-packages/airflow/example_dags/example_params_ui_tutorial.py took 0.111 seconds
[2024-10-16T12:54:03.976+0000] {processor.py:186} INFO - Started process (PID=509) to work on /home/airflow/.local/lib/python3.12/site-packages/airflow/example_dags/example_params_ui_tutorial.py
[2024-10-16T12:54:03.978+0000] {processor.py:914} INFO - Processing file /home/airflow/.local/lib/python3.12/site-packages/airflow/example_dags/example_params_ui_tutorial.py for tasks to queue
[2024-10-16T12:54:03.981+0000] {logging_mixin.py:190} INFO - [2024-10-16T12:54:03.980+0000] {dagbag.py:588} INFO - Filling up the DagBag from /home/airflow/.local/lib/python3.12/site-packages/airflow/example_dags/example_params_ui_tutorial.py
[2024-10-16T12:54:03.991+0000] {processor.py:925} INFO - DAG(s) 'example_params_ui_tutorial' retrieved from /home/airflow/.local/lib/python3.12/site-packages/airflow/example_dags/example_params_ui_tutorial.py
[2024-10-16T12:54:04.045+0000] {logging_mixin.py:190} INFO - [2024-10-16T12:54:04.045+0000] {dag.py:3239} INFO - Sync 1 DAGs
[2024-10-16T12:54:04.064+0000] {logging_mixin.py:190} INFO - [2024-10-16T12:54:04.064+0000] {dag.py:4180} INFO - Setting next_dagrun for example_params_ui_tutorial to None, run_after=None
[2024-10-16T12:54:04.094+0000] {processor.py:208} INFO - Processing /home/airflow/.local/lib/python3.12/site-packages/airflow/example_dags/example_params_ui_tutorial.py took 0.124 seconds
[2024-10-16T12:54:34.202+0000] {processor.py:186} INFO - Started process (PID=571) to work on /home/airflow/.local/lib/python3.12/site-packages/airflow/example_dags/example_params_ui_tutorial.py
[2024-10-16T12:54:34.203+0000] {processor.py:914} INFO - Processing file /home/airflow/.local/lib/python3.12/site-packages/airflow/example_dags/example_params_ui_tutorial.py for tasks to queue
[2024-10-16T12:54:34.205+0000] {logging_mixin.py:190} INFO - [2024-10-16T12:54:34.205+0000] {dagbag.py:588} INFO - Filling up the DagBag from /home/airflow/.local/lib/python3.12/site-packages/airflow/example_dags/example_params_ui_tutorial.py
[2024-10-16T12:54:34.215+0000] {processor.py:925} INFO - DAG(s) 'example_params_ui_tutorial' retrieved from /home/airflow/.local/lib/python3.12/site-packages/airflow/example_dags/example_params_ui_tutorial.py
[2024-10-16T12:54:34.252+0000] {logging_mixin.py:190} INFO - [2024-10-16T12:54:34.251+0000] {dag.py:3239} INFO - Sync 1 DAGs
[2024-10-16T12:54:34.265+0000] {logging_mixin.py:190} INFO - [2024-10-16T12:54:34.265+0000] {dag.py:4180} INFO - Setting next_dagrun for example_params_ui_tutorial to None, run_after=None
[2024-10-16T12:54:34.292+0000] {processor.py:208} INFO - Processing /home/airflow/.local/lib/python3.12/site-packages/airflow/example_dags/example_params_ui_tutorial.py took 0.095 seconds
[2024-10-16T12:55:04.928+0000] {processor.py:186} INFO - Started process (PID=634) to work on /home/airflow/.local/lib/python3.12/site-packages/airflow/example_dags/example_params_ui_tutorial.py
[2024-10-16T12:55:04.929+0000] {processor.py:914} INFO - Processing file /home/airflow/.local/lib/python3.12/site-packages/airflow/example_dags/example_params_ui_tutorial.py for tasks to queue
[2024-10-16T12:55:04.932+0000] {logging_mixin.py:190} INFO - [2024-10-16T12:55:04.931+0000] {dagbag.py:588} INFO - Filling up the DagBag from /home/airflow/.local/lib/python3.12/site-packages/airflow/example_dags/example_params_ui_tutorial.py
[2024-10-16T12:55:04.940+0000] {processor.py:925} INFO - DAG(s) 'example_params_ui_tutorial' retrieved from /home/airflow/.local/lib/python3.12/site-packages/airflow/example_dags/example_params_ui_tutorial.py
[2024-10-16T12:55:04.988+0000] {logging_mixin.py:190} INFO - [2024-10-16T12:55:04.987+0000] {dag.py:3239} INFO - Sync 1 DAGs
[2024-10-16T12:55:05.009+0000] {logging_mixin.py:190} INFO - [2024-10-16T12:55:05.009+0000] {dag.py:4180} INFO - Setting next_dagrun for example_params_ui_tutorial to None, run_after=None
[2024-10-16T12:55:05.048+0000] {processor.py:208} INFO - Processing /home/airflow/.local/lib/python3.12/site-packages/airflow/example_dags/example_params_ui_tutorial.py took 0.126 seconds
[2024-10-16T12:55:35.568+0000] {processor.py:186} INFO - Started process (PID=696) to work on /home/airflow/.local/lib/python3.12/site-packages/airflow/example_dags/example_params_ui_tutorial.py
[2024-10-16T12:55:35.570+0000] {processor.py:914} INFO - Processing file /home/airflow/.local/lib/python3.12/site-packages/airflow/example_dags/example_params_ui_tutorial.py for tasks to queue
[2024-10-16T12:55:35.573+0000] {logging_mixin.py:190} INFO - [2024-10-16T12:55:35.573+0000] {dagbag.py:588} INFO - Filling up the DagBag from /home/airflow/.local/lib/python3.12/site-packages/airflow/example_dags/example_params_ui_tutorial.py
[2024-10-16T12:55:35.584+0000] {processor.py:925} INFO - DAG(s) 'example_params_ui_tutorial' retrieved from /home/airflow/.local/lib/python3.12/site-packages/airflow/example_dags/example_params_ui_tutorial.py
[2024-10-16T12:55:35.625+0000] {logging_mixin.py:190} INFO - [2024-10-16T12:55:35.625+0000] {dag.py:3239} INFO - Sync 1 DAGs
[2024-10-16T12:55:35.701+0000] {logging_mixin.py:190} INFO - [2024-10-16T12:55:35.701+0000] {dag.py:4180} INFO - Setting next_dagrun for example_params_ui_tutorial to None, run_after=None
[2024-10-16T12:55:35.736+0000] {processor.py:208} INFO - Processing /home/airflow/.local/lib/python3.12/site-packages/airflow/example_dags/example_params_ui_tutorial.py took 0.175 seconds
[2024-10-16T12:56:05.848+0000] {processor.py:186} INFO - Started process (PID=758) to work on /home/airflow/.local/lib/python3.12/site-packages/airflow/example_dags/example_params_ui_tutorial.py
[2024-10-16T12:56:05.849+0000] {processor.py:914} INFO - Processing file /home/airflow/.local/lib/python3.12/site-packages/airflow/example_dags/example_params_ui_tutorial.py for tasks to queue
[2024-10-16T12:56:05.851+0000] {logging_mixin.py:190} INFO - [2024-10-16T12:56:05.850+0000] {dagbag.py:588} INFO - Filling up the DagBag from /home/airflow/.local/lib/python3.12/site-packages/airflow/example_dags/example_params_ui_tutorial.py
[2024-10-16T12:56:05.857+0000] {processor.py:925} INFO - DAG(s) 'example_params_ui_tutorial' retrieved from /home/airflow/.local/lib/python3.12/site-packages/airflow/example_dags/example_params_ui_tutorial.py
[2024-10-16T12:56:05.892+0000] {logging_mixin.py:190} INFO - [2024-10-16T12:56:05.892+0000] {dag.py:3239} INFO - Sync 1 DAGs
[2024-10-16T12:56:05.904+0000] {logging_mixin.py:190} INFO - [2024-10-16T12:56:05.903+0000] {dag.py:4180} INFO - Setting next_dagrun for example_params_ui_tutorial to None, run_after=None
[2024-10-16T12:56:05.921+0000] {processor.py:208} INFO - Processing /home/airflow/.local/lib/python3.12/site-packages/airflow/example_dags/example_params_ui_tutorial.py took 0.077 seconds
[2024-10-16T12:56:36.646+0000] {processor.py:186} INFO - Started process (PID=820) to work on /home/airflow/.local/lib/python3.12/site-packages/airflow/example_dags/example_params_ui_tutorial.py
[2024-10-16T12:56:36.647+0000] {processor.py:914} INFO - Processing file /home/airflow/.local/lib/python3.12/site-packages/airflow/example_dags/example_params_ui_tutorial.py for tasks to queue
[2024-10-16T12:56:36.650+0000] {logging_mixin.py:190} INFO - [2024-10-16T12:56:36.650+0000] {dagbag.py:588} INFO - Filling up the DagBag from /home/airflow/.local/lib/python3.12/site-packages/airflow/example_dags/example_params_ui_tutorial.py
[2024-10-16T12:56:36.660+0000] {processor.py:925} INFO - DAG(s) 'example_params_ui_tutorial' retrieved from /home/airflow/.local/lib/python3.12/site-packages/airflow/example_dags/example_params_ui_tutorial.py
[2024-10-16T12:56:36.706+0000] {logging_mixin.py:190} INFO - [2024-10-16T12:56:36.705+0000] {dag.py:3239} INFO - Sync 1 DAGs
[2024-10-16T12:56:36.719+0000] {logging_mixin.py:190} INFO - [2024-10-16T12:56:36.718+0000] {dag.py:4180} INFO - Setting next_dagrun for example_params_ui_tutorial to None, run_after=None
[2024-10-16T12:56:36.737+0000] {processor.py:208} INFO - Processing /home/airflow/.local/lib/python3.12/site-packages/airflow/example_dags/example_params_ui_tutorial.py took 0.099 seconds
[2024-10-16T12:57:07.775+0000] {processor.py:186} INFO - Started process (PID=882) to work on /home/airflow/.local/lib/python3.12/site-packages/airflow/example_dags/example_params_ui_tutorial.py
[2024-10-16T12:57:07.813+0000] {processor.py:914} INFO - Processing file /home/airflow/.local/lib/python3.12/site-packages/airflow/example_dags/example_params_ui_tutorial.py for tasks to queue
[2024-10-16T12:57:07.827+0000] {logging_mixin.py:190} INFO - [2024-10-16T12:57:07.826+0000] {dagbag.py:588} INFO - Filling up the DagBag from /home/airflow/.local/lib/python3.12/site-packages/airflow/example_dags/example_params_ui_tutorial.py
[2024-10-16T12:57:07.840+0000] {processor.py:925} INFO - DAG(s) 'example_params_ui_tutorial' retrieved from /home/airflow/.local/lib/python3.12/site-packages/airflow/example_dags/example_params_ui_tutorial.py
[2024-10-16T12:57:07.898+0000] {logging_mixin.py:190} INFO - [2024-10-16T12:57:07.897+0000] {dag.py:3239} INFO - Sync 1 DAGs
[2024-10-16T12:57:07.917+0000] {logging_mixin.py:190} INFO - [2024-10-16T12:57:07.916+0000] {dag.py:4180} INFO - Setting next_dagrun for example_params_ui_tutorial to None, run_after=None
[2024-10-16T12:57:07.947+0000] {processor.py:208} INFO - Processing /home/airflow/.local/lib/python3.12/site-packages/airflow/example_dags/example_params_ui_tutorial.py took 0.180 seconds
[2024-10-16T12:57:38.566+0000] {processor.py:186} INFO - Started process (PID=944) to work on /home/airflow/.local/lib/python3.12/site-packages/airflow/example_dags/example_params_ui_tutorial.py
[2024-10-16T12:57:38.567+0000] {processor.py:914} INFO - Processing file /home/airflow/.local/lib/python3.12/site-packages/airflow/example_dags/example_params_ui_tutorial.py for tasks to queue
[2024-10-16T12:57:38.568+0000] {logging_mixin.py:190} INFO - [2024-10-16T12:57:38.568+0000] {dagbag.py:588} INFO - Filling up the DagBag from /home/airflow/.local/lib/python3.12/site-packages/airflow/example_dags/example_params_ui_tutorial.py
[2024-10-16T12:57:38.575+0000] {processor.py:925} INFO - DAG(s) 'example_params_ui_tutorial' retrieved from /home/airflow/.local/lib/python3.12/site-packages/airflow/example_dags/example_params_ui_tutorial.py
[2024-10-16T12:57:38.606+0000] {logging_mixin.py:190} INFO - [2024-10-16T12:57:38.606+0000] {dag.py:3239} INFO - Sync 1 DAGs
[2024-10-16T12:57:38.693+0000] {logging_mixin.py:190} INFO - [2024-10-16T12:57:38.693+0000] {dag.py:4180} INFO - Setting next_dagrun for example_params_ui_tutorial to None, run_after=None
[2024-10-16T12:57:38.723+0000] {processor.py:208} INFO - Processing /home/airflow/.local/lib/python3.12/site-packages/airflow/example_dags/example_params_ui_tutorial.py took 0.161 seconds
[2024-10-16T12:58:09.670+0000] {processor.py:186} INFO - Started process (PID=1007) to work on /home/airflow/.local/lib/python3.12/site-packages/airflow/example_dags/example_params_ui_tutorial.py
[2024-10-16T12:58:09.671+0000] {processor.py:914} INFO - Processing file /home/airflow/.local/lib/python3.12/site-packages/airflow/example_dags/example_params_ui_tutorial.py for tasks to queue
[2024-10-16T12:58:09.674+0000] {logging_mixin.py:190} INFO - [2024-10-16T12:58:09.673+0000] {dagbag.py:588} INFO - Filling up the DagBag from /home/airflow/.local/lib/python3.12/site-packages/airflow/example_dags/example_params_ui_tutorial.py
[2024-10-16T12:58:09.684+0000] {processor.py:925} INFO - DAG(s) 'example_params_ui_tutorial' retrieved from /home/airflow/.local/lib/python3.12/site-packages/airflow/example_dags/example_params_ui_tutorial.py
[2024-10-16T12:58:09.721+0000] {logging_mixin.py:190} INFO - [2024-10-16T12:58:09.721+0000] {dag.py:3239} INFO - Sync 1 DAGs
[2024-10-16T12:58:09.733+0000] {logging_mixin.py:190} INFO - [2024-10-16T12:58:09.733+0000] {dag.py:4180} INFO - Setting next_dagrun for example_params_ui_tutorial to None, run_after=None
[2024-10-16T12:58:09.762+0000] {processor.py:208} INFO - Processing /home/airflow/.local/lib/python3.12/site-packages/airflow/example_dags/example_params_ui_tutorial.py took 0.099 seconds
[2024-10-16T12:58:40.548+0000] {processor.py:186} INFO - Started process (PID=1069) to work on /home/airflow/.local/lib/python3.12/site-packages/airflow/example_dags/example_params_ui_tutorial.py
[2024-10-16T12:58:40.549+0000] {processor.py:914} INFO - Processing file /home/airflow/.local/lib/python3.12/site-packages/airflow/example_dags/example_params_ui_tutorial.py for tasks to queue
[2024-10-16T12:58:40.553+0000] {logging_mixin.py:190} INFO - [2024-10-16T12:58:40.552+0000] {dagbag.py:588} INFO - Filling up the DagBag from /home/airflow/.local/lib/python3.12/site-packages/airflow/example_dags/example_params_ui_tutorial.py
[2024-10-16T12:58:40.564+0000] {processor.py:925} INFO - DAG(s) 'example_params_ui_tutorial' retrieved from /home/airflow/.local/lib/python3.12/site-packages/airflow/example_dags/example_params_ui_tutorial.py
[2024-10-16T12:58:40.636+0000] {logging_mixin.py:190} INFO - [2024-10-16T12:58:40.636+0000] {dag.py:3239} INFO - Sync 1 DAGs
[2024-10-16T12:58:40.658+0000] {logging_mixin.py:190} INFO - [2024-10-16T12:58:40.658+0000] {dag.py:4180} INFO - Setting next_dagrun for example_params_ui_tutorial to None, run_after=None
[2024-10-16T12:58:40.688+0000] {processor.py:208} INFO - Processing /home/airflow/.local/lib/python3.12/site-packages/airflow/example_dags/example_params_ui_tutorial.py took 0.149 seconds
[2024-10-16T12:59:11.764+0000] {processor.py:186} INFO - Started process (PID=1131) to work on /home/airflow/.local/lib/python3.12/site-packages/airflow/example_dags/example_params_ui_tutorial.py
[2024-10-16T12:59:11.766+0000] {processor.py:914} INFO - Processing file /home/airflow/.local/lib/python3.12/site-packages/airflow/example_dags/example_params_ui_tutorial.py for tasks to queue
[2024-10-16T12:59:11.797+0000] {logging_mixin.py:190} INFO - [2024-10-16T12:59:11.797+0000] {dagbag.py:588} INFO - Filling up the DagBag from /home/airflow/.local/lib/python3.12/site-packages/airflow/example_dags/example_params_ui_tutorial.py
[2024-10-16T12:59:11.817+0000] {processor.py:925} INFO - DAG(s) 'example_params_ui_tutorial' retrieved from /home/airflow/.local/lib/python3.12/site-packages/airflow/example_dags/example_params_ui_tutorial.py
[2024-10-16T12:59:11.978+0000] {logging_mixin.py:190} INFO - [2024-10-16T12:59:11.978+0000] {dag.py:3239} INFO - Sync 1 DAGs
[2024-10-16T12:59:12.002+0000] {logging_mixin.py:190} INFO - [2024-10-16T12:59:12.001+0000] {dag.py:4180} INFO - Setting next_dagrun for example_params_ui_tutorial to None, run_after=None
[2024-10-16T12:59:12.021+0000] {processor.py:208} INFO - Processing /home/airflow/.local/lib/python3.12/site-packages/airflow/example_dags/example_params_ui_tutorial.py took 0.266 seconds
[2024-10-16T12:59:42.487+0000] {processor.py:186} INFO - Started process (PID=1193) to work on /home/airflow/.local/lib/python3.12/site-packages/airflow/example_dags/example_params_ui_tutorial.py
[2024-10-16T12:59:42.489+0000] {processor.py:914} INFO - Processing file /home/airflow/.local/lib/python3.12/site-packages/airflow/example_dags/example_params_ui_tutorial.py for tasks to queue
[2024-10-16T12:59:42.492+0000] {logging_mixin.py:190} INFO - [2024-10-16T12:59:42.492+0000] {dagbag.py:588} INFO - Filling up the DagBag from /home/airflow/.local/lib/python3.12/site-packages/airflow/example_dags/example_params_ui_tutorial.py
[2024-10-16T12:59:42.504+0000] {processor.py:925} INFO - DAG(s) 'example_params_ui_tutorial' retrieved from /home/airflow/.local/lib/python3.12/site-packages/airflow/example_dags/example_params_ui_tutorial.py
[2024-10-16T12:59:42.561+0000] {logging_mixin.py:190} INFO - [2024-10-16T12:59:42.561+0000] {dag.py:3239} INFO - Sync 1 DAGs
[2024-10-16T12:59:42.580+0000] {logging_mixin.py:190} INFO - [2024-10-16T12:59:42.579+0000] {dag.py:4180} INFO - Setting next_dagrun for example_params_ui_tutorial to None, run_after=None
[2024-10-16T12:59:42.617+0000] {processor.py:208} INFO - Processing /home/airflow/.local/lib/python3.12/site-packages/airflow/example_dags/example_params_ui_tutorial.py took 0.137 seconds
[2024-10-16T13:00:12.976+0000] {processor.py:186} INFO - Started process (PID=1255) to work on /home/airflow/.local/lib/python3.12/site-packages/airflow/example_dags/example_params_ui_tutorial.py
[2024-10-16T13:00:12.977+0000] {processor.py:914} INFO - Processing file /home/airflow/.local/lib/python3.12/site-packages/airflow/example_dags/example_params_ui_tutorial.py for tasks to queue
[2024-10-16T13:00:12.980+0000] {logging_mixin.py:190} INFO - [2024-10-16T13:00:12.980+0000] {dagbag.py:588} INFO - Filling up the DagBag from /home/airflow/.local/lib/python3.12/site-packages/airflow/example_dags/example_params_ui_tutorial.py
[2024-10-16T13:00:12.993+0000] {processor.py:925} INFO - DAG(s) 'example_params_ui_tutorial' retrieved from /home/airflow/.local/lib/python3.12/site-packages/airflow/example_dags/example_params_ui_tutorial.py
[2024-10-16T13:00:13.055+0000] {logging_mixin.py:190} INFO - [2024-10-16T13:00:13.055+0000] {dag.py:3239} INFO - Sync 1 DAGs
[2024-10-16T13:00:13.071+0000] {logging_mixin.py:190} INFO - [2024-10-16T13:00:13.070+0000] {dag.py:4180} INFO - Setting next_dagrun for example_params_ui_tutorial to None, run_after=None
[2024-10-16T13:00:13.103+0000] {processor.py:208} INFO - Processing /home/airflow/.local/lib/python3.12/site-packages/airflow/example_dags/example_params_ui_tutorial.py took 0.135 seconds
[2024-10-16T13:00:43.659+0000] {processor.py:186} INFO - Started process (PID=1318) to work on /home/airflow/.local/lib/python3.12/site-packages/airflow/example_dags/example_params_ui_tutorial.py
[2024-10-16T13:00:43.660+0000] {processor.py:914} INFO - Processing file /home/airflow/.local/lib/python3.12/site-packages/airflow/example_dags/example_params_ui_tutorial.py for tasks to queue
[2024-10-16T13:00:43.662+0000] {logging_mixin.py:190} INFO - [2024-10-16T13:00:43.662+0000] {dagbag.py:588} INFO - Filling up the DagBag from /home/airflow/.local/lib/python3.12/site-packages/airflow/example_dags/example_params_ui_tutorial.py
[2024-10-16T13:00:43.671+0000] {processor.py:925} INFO - DAG(s) 'example_params_ui_tutorial' retrieved from /home/airflow/.local/lib/python3.12/site-packages/airflow/example_dags/example_params_ui_tutorial.py
[2024-10-16T13:00:43.710+0000] {logging_mixin.py:190} INFO - [2024-10-16T13:00:43.710+0000] {dag.py:3239} INFO - Sync 1 DAGs
[2024-10-16T13:00:43.727+0000] {logging_mixin.py:190} INFO - [2024-10-16T13:00:43.727+0000] {dag.py:4180} INFO - Setting next_dagrun for example_params_ui_tutorial to None, run_after=None
[2024-10-16T13:00:43.746+0000] {processor.py:208} INFO - Processing /home/airflow/.local/lib/python3.12/site-packages/airflow/example_dags/example_params_ui_tutorial.py took 0.093 seconds
[2024-10-16T13:01:14.541+0000] {processor.py:186} INFO - Started process (PID=1386) to work on /home/airflow/.local/lib/python3.12/site-packages/airflow/example_dags/example_params_ui_tutorial.py
[2024-10-16T13:01:14.542+0000] {processor.py:914} INFO - Processing file /home/airflow/.local/lib/python3.12/site-packages/airflow/example_dags/example_params_ui_tutorial.py for tasks to queue
[2024-10-16T13:01:14.546+0000] {logging_mixin.py:190} INFO - [2024-10-16T13:01:14.545+0000] {dagbag.py:588} INFO - Filling up the DagBag from /home/airflow/.local/lib/python3.12/site-packages/airflow/example_dags/example_params_ui_tutorial.py
[2024-10-16T13:01:14.553+0000] {processor.py:925} INFO - DAG(s) 'example_params_ui_tutorial' retrieved from /home/airflow/.local/lib/python3.12/site-packages/airflow/example_dags/example_params_ui_tutorial.py
[2024-10-16T13:01:14.605+0000] {logging_mixin.py:190} INFO - [2024-10-16T13:01:14.604+0000] {dag.py:3239} INFO - Sync 1 DAGs
[2024-10-16T13:01:14.617+0000] {logging_mixin.py:190} INFO - [2024-10-16T13:01:14.616+0000] {dag.py:4180} INFO - Setting next_dagrun for example_params_ui_tutorial to None, run_after=None
[2024-10-16T13:01:14.642+0000] {processor.py:208} INFO - Processing /home/airflow/.local/lib/python3.12/site-packages/airflow/example_dags/example_params_ui_tutorial.py took 0.107 seconds
[2024-10-16T13:01:45.142+0000] {processor.py:186} INFO - Started process (PID=1447) to work on /home/airflow/.local/lib/python3.12/site-packages/airflow/example_dags/example_params_ui_tutorial.py
[2024-10-16T13:01:45.143+0000] {processor.py:914} INFO - Processing file /home/airflow/.local/lib/python3.12/site-packages/airflow/example_dags/example_params_ui_tutorial.py for tasks to queue
[2024-10-16T13:01:45.146+0000] {logging_mixin.py:190} INFO - [2024-10-16T13:01:45.145+0000] {dagbag.py:588} INFO - Filling up the DagBag from /home/airflow/.local/lib/python3.12/site-packages/airflow/example_dags/example_params_ui_tutorial.py
[2024-10-16T13:01:45.153+0000] {processor.py:925} INFO - DAG(s) 'example_params_ui_tutorial' retrieved from /home/airflow/.local/lib/python3.12/site-packages/airflow/example_dags/example_params_ui_tutorial.py
[2024-10-16T13:01:45.195+0000] {logging_mixin.py:190} INFO - [2024-10-16T13:01:45.195+0000] {dag.py:3239} INFO - Sync 1 DAGs
[2024-10-16T13:01:45.207+0000] {logging_mixin.py:190} INFO - [2024-10-16T13:01:45.206+0000] {dag.py:4180} INFO - Setting next_dagrun for example_params_ui_tutorial to None, run_after=None
[2024-10-16T13:01:45.232+0000] {processor.py:208} INFO - Processing /home/airflow/.local/lib/python3.12/site-packages/airflow/example_dags/example_params_ui_tutorial.py took 0.095 seconds
[2024-10-16T13:02:16.135+0000] {processor.py:186} INFO - Started process (PID=1510) to work on /home/airflow/.local/lib/python3.12/site-packages/airflow/example_dags/example_params_ui_tutorial.py
[2024-10-16T13:02:16.136+0000] {processor.py:914} INFO - Processing file /home/airflow/.local/lib/python3.12/site-packages/airflow/example_dags/example_params_ui_tutorial.py for tasks to queue
[2024-10-16T13:02:16.139+0000] {logging_mixin.py:190} INFO - [2024-10-16T13:02:16.138+0000] {dagbag.py:588} INFO - Filling up the DagBag from /home/airflow/.local/lib/python3.12/site-packages/airflow/example_dags/example_params_ui_tutorial.py
[2024-10-16T13:02:16.151+0000] {processor.py:925} INFO - DAG(s) 'example_params_ui_tutorial' retrieved from /home/airflow/.local/lib/python3.12/site-packages/airflow/example_dags/example_params_ui_tutorial.py
[2024-10-16T13:02:16.212+0000] {logging_mixin.py:190} INFO - [2024-10-16T13:02:16.212+0000] {dag.py:3239} INFO - Sync 1 DAGs
[2024-10-16T13:02:16.230+0000] {logging_mixin.py:190} INFO - [2024-10-16T13:02:16.230+0000] {dag.py:4180} INFO - Setting next_dagrun for example_params_ui_tutorial to None, run_after=None
[2024-10-16T13:02:16.267+0000] {processor.py:208} INFO - Processing /home/airflow/.local/lib/python3.12/site-packages/airflow/example_dags/example_params_ui_tutorial.py took 0.140 seconds
[2024-10-16T13:02:47.090+0000] {processor.py:186} INFO - Started process (PID=1572) to work on /home/airflow/.local/lib/python3.12/site-packages/airflow/example_dags/example_params_ui_tutorial.py
[2024-10-16T13:02:47.093+0000] {processor.py:914} INFO - Processing file /home/airflow/.local/lib/python3.12/site-packages/airflow/example_dags/example_params_ui_tutorial.py for tasks to queue
[2024-10-16T13:02:47.098+0000] {logging_mixin.py:190} INFO - [2024-10-16T13:02:47.097+0000] {dagbag.py:588} INFO - Filling up the DagBag from /home/airflow/.local/lib/python3.12/site-packages/airflow/example_dags/example_params_ui_tutorial.py
[2024-10-16T13:02:47.117+0000] {processor.py:925} INFO - DAG(s) 'example_params_ui_tutorial' retrieved from /home/airflow/.local/lib/python3.12/site-packages/airflow/example_dags/example_params_ui_tutorial.py
[2024-10-16T13:02:47.185+0000] {logging_mixin.py:190} INFO - [2024-10-16T13:02:47.184+0000] {dag.py:3239} INFO - Sync 1 DAGs
[2024-10-16T13:02:47.208+0000] {logging_mixin.py:190} INFO - [2024-10-16T13:02:47.208+0000] {dag.py:4180} INFO - Setting next_dagrun for example_params_ui_tutorial to None, run_after=None
[2024-10-16T13:02:47.247+0000] {processor.py:208} INFO - Processing /home/airflow/.local/lib/python3.12/site-packages/airflow/example_dags/example_params_ui_tutorial.py took 0.165 seconds
[2024-10-16T13:03:17.321+0000] {processor.py:186} INFO - Started process (PID=1634) to work on /home/airflow/.local/lib/python3.12/site-packages/airflow/example_dags/example_params_ui_tutorial.py
[2024-10-16T13:03:17.323+0000] {processor.py:914} INFO - Processing file /home/airflow/.local/lib/python3.12/site-packages/airflow/example_dags/example_params_ui_tutorial.py for tasks to queue
[2024-10-16T13:03:17.325+0000] {logging_mixin.py:190} INFO - [2024-10-16T13:03:17.325+0000] {dagbag.py:588} INFO - Filling up the DagBag from /home/airflow/.local/lib/python3.12/site-packages/airflow/example_dags/example_params_ui_tutorial.py
[2024-10-16T13:03:17.333+0000] {processor.py:925} INFO - DAG(s) 'example_params_ui_tutorial' retrieved from /home/airflow/.local/lib/python3.12/site-packages/airflow/example_dags/example_params_ui_tutorial.py
[2024-10-16T13:03:17.370+0000] {logging_mixin.py:190} INFO - [2024-10-16T13:03:17.370+0000] {dag.py:3239} INFO - Sync 1 DAGs
[2024-10-16T13:03:17.392+0000] {logging_mixin.py:190} INFO - [2024-10-16T13:03:17.391+0000] {dag.py:4180} INFO - Setting next_dagrun for example_params_ui_tutorial to None, run_after=None
[2024-10-16T13:03:17.418+0000] {processor.py:208} INFO - Processing /home/airflow/.local/lib/python3.12/site-packages/airflow/example_dags/example_params_ui_tutorial.py took 0.103 seconds
[2024-10-16T13:03:48.218+0000] {processor.py:186} INFO - Started process (PID=1696) to work on /home/airflow/.local/lib/python3.12/site-packages/airflow/example_dags/example_params_ui_tutorial.py
[2024-10-16T13:03:48.228+0000] {processor.py:914} INFO - Processing file /home/airflow/.local/lib/python3.12/site-packages/airflow/example_dags/example_params_ui_tutorial.py for tasks to queue
[2024-10-16T13:03:48.231+0000] {logging_mixin.py:190} INFO - [2024-10-16T13:03:48.231+0000] {dagbag.py:588} INFO - Filling up the DagBag from /home/airflow/.local/lib/python3.12/site-packages/airflow/example_dags/example_params_ui_tutorial.py
[2024-10-16T13:03:48.243+0000] {processor.py:925} INFO - DAG(s) 'example_params_ui_tutorial' retrieved from /home/airflow/.local/lib/python3.12/site-packages/airflow/example_dags/example_params_ui_tutorial.py
[2024-10-16T13:03:48.300+0000] {logging_mixin.py:190} INFO - [2024-10-16T13:03:48.300+0000] {dag.py:3239} INFO - Sync 1 DAGs
[2024-10-16T13:03:48.329+0000] {logging_mixin.py:190} INFO - [2024-10-16T13:03:48.329+0000] {dag.py:4180} INFO - Setting next_dagrun for example_params_ui_tutorial to None, run_after=None
[2024-10-16T13:03:48.359+0000] {processor.py:208} INFO - Processing /home/airflow/.local/lib/python3.12/site-packages/airflow/example_dags/example_params_ui_tutorial.py took 0.148 seconds
[2024-10-16T13:04:19.006+0000] {processor.py:186} INFO - Started process (PID=1758) to work on /home/airflow/.local/lib/python3.12/site-packages/airflow/example_dags/example_params_ui_tutorial.py
[2024-10-16T13:04:19.007+0000] {processor.py:914} INFO - Processing file /home/airflow/.local/lib/python3.12/site-packages/airflow/example_dags/example_params_ui_tutorial.py for tasks to queue
[2024-10-16T13:04:19.010+0000] {logging_mixin.py:190} INFO - [2024-10-16T13:04:19.009+0000] {dagbag.py:588} INFO - Filling up the DagBag from /home/airflow/.local/lib/python3.12/site-packages/airflow/example_dags/example_params_ui_tutorial.py
[2024-10-16T13:04:19.024+0000] {processor.py:925} INFO - DAG(s) 'example_params_ui_tutorial' retrieved from /home/airflow/.local/lib/python3.12/site-packages/airflow/example_dags/example_params_ui_tutorial.py
[2024-10-16T13:04:19.078+0000] {logging_mixin.py:190} INFO - [2024-10-16T13:04:19.078+0000] {dag.py:3239} INFO - Sync 1 DAGs
[2024-10-16T13:04:19.099+0000] {logging_mixin.py:190} INFO - [2024-10-16T13:04:19.099+0000] {dag.py:4180} INFO - Setting next_dagrun for example_params_ui_tutorial to None, run_after=None
[2024-10-16T13:04:19.130+0000] {processor.py:208} INFO - Processing /home/airflow/.local/lib/python3.12/site-packages/airflow/example_dags/example_params_ui_tutorial.py took 0.131 seconds
[2024-10-16T13:04:49.656+0000] {processor.py:186} INFO - Started process (PID=1820) to work on /home/airflow/.local/lib/python3.12/site-packages/airflow/example_dags/example_params_ui_tutorial.py
[2024-10-16T13:04:49.659+0000] {processor.py:914} INFO - Processing file /home/airflow/.local/lib/python3.12/site-packages/airflow/example_dags/example_params_ui_tutorial.py for tasks to queue
[2024-10-16T13:04:49.668+0000] {logging_mixin.py:190} INFO - [2024-10-16T13:04:49.667+0000] {dagbag.py:588} INFO - Filling up the DagBag from /home/airflow/.local/lib/python3.12/site-packages/airflow/example_dags/example_params_ui_tutorial.py
[2024-10-16T13:04:49.695+0000] {processor.py:925} INFO - DAG(s) 'example_params_ui_tutorial' retrieved from /home/airflow/.local/lib/python3.12/site-packages/airflow/example_dags/example_params_ui_tutorial.py
[2024-10-16T13:04:49.784+0000] {logging_mixin.py:190} INFO - [2024-10-16T13:04:49.784+0000] {dag.py:3239} INFO - Sync 1 DAGs
[2024-10-16T13:04:49.800+0000] {logging_mixin.py:190} INFO - [2024-10-16T13:04:49.800+0000] {dag.py:4180} INFO - Setting next_dagrun for example_params_ui_tutorial to None, run_after=None
[2024-10-16T13:04:49.831+0000] {processor.py:208} INFO - Processing /home/airflow/.local/lib/python3.12/site-packages/airflow/example_dags/example_params_ui_tutorial.py took 0.205 seconds
[2024-10-16T13:08:02.880+0000] {processor.py:186} INFO - Started process (PID=69) to work on /home/airflow/.local/lib/python3.12/site-packages/airflow/example_dags/example_params_ui_tutorial.py
[2024-10-16T13:08:02.883+0000] {processor.py:914} INFO - Processing file /home/airflow/.local/lib/python3.12/site-packages/airflow/example_dags/example_params_ui_tutorial.py for tasks to queue
[2024-10-16T13:08:02.888+0000] {logging_mixin.py:190} INFO - [2024-10-16T13:08:02.887+0000] {dagbag.py:588} INFO - Filling up the DagBag from /home/airflow/.local/lib/python3.12/site-packages/airflow/example_dags/example_params_ui_tutorial.py
[2024-10-16T13:08:02.911+0000] {processor.py:925} INFO - DAG(s) 'example_params_ui_tutorial' retrieved from /home/airflow/.local/lib/python3.12/site-packages/airflow/example_dags/example_params_ui_tutorial.py
[2024-10-16T13:08:03.052+0000] {logging_mixin.py:190} INFO - [2024-10-16T13:08:03.051+0000] {override.py:1900} INFO - Created Permission View: can read on DAG:example_params_ui_tutorial
[2024-10-16T13:08:03.064+0000] {logging_mixin.py:190} INFO - [2024-10-16T13:08:03.064+0000] {override.py:1900} INFO - Created Permission View: can delete on DAG:example_params_ui_tutorial
[2024-10-16T13:08:03.072+0000] {logging_mixin.py:190} INFO - [2024-10-16T13:08:03.071+0000] {override.py:1900} INFO - Created Permission View: can edit on DAG:example_params_ui_tutorial
[2024-10-16T13:08:03.081+0000] {logging_mixin.py:190} INFO - [2024-10-16T13:08:03.080+0000] {override.py:1900} INFO - Created Permission View: can create on DAG Run:example_params_ui_tutorial
[2024-10-16T13:08:03.088+0000] {logging_mixin.py:190} INFO - [2024-10-16T13:08:03.088+0000] {override.py:1900} INFO - Created Permission View: menu access on DAG Run:example_params_ui_tutorial
[2024-10-16T13:08:03.097+0000] {logging_mixin.py:190} INFO - [2024-10-16T13:08:03.096+0000] {override.py:1900} INFO - Created Permission View: can read on DAG Run:example_params_ui_tutorial
[2024-10-16T13:08:03.105+0000] {logging_mixin.py:190} INFO - [2024-10-16T13:08:03.104+0000] {override.py:1900} INFO - Created Permission View: can delete on DAG Run:example_params_ui_tutorial
[2024-10-16T13:08:03.106+0000] {logging_mixin.py:190} INFO - [2024-10-16T13:08:03.106+0000] {dag.py:3239} INFO - Sync 1 DAGs
[2024-10-16T13:08:03.123+0000] {logging_mixin.py:190} INFO - [2024-10-16T13:08:03.123+0000] {dag.py:3262} INFO - Creating ORM DAG for example_params_ui_tutorial
[2024-10-16T13:08:03.125+0000] {logging_mixin.py:190} INFO - [2024-10-16T13:08:03.124+0000] {dag.py:4180} INFO - Setting next_dagrun for example_params_ui_tutorial to None, run_after=None
[2024-10-16T13:08:03.147+0000] {processor.py:208} INFO - Processing /home/airflow/.local/lib/python3.12/site-packages/airflow/example_dags/example_params_ui_tutorial.py took 0.275 seconds
[2024-10-16T13:08:33.303+0000] {processor.py:186} INFO - Started process (PID=132) to work on /home/airflow/.local/lib/python3.12/site-packages/airflow/example_dags/example_params_ui_tutorial.py
[2024-10-16T13:08:33.304+0000] {processor.py:914} INFO - Processing file /home/airflow/.local/lib/python3.12/site-packages/airflow/example_dags/example_params_ui_tutorial.py for tasks to queue
[2024-10-16T13:08:33.307+0000] {logging_mixin.py:190} INFO - [2024-10-16T13:08:33.307+0000] {dagbag.py:588} INFO - Filling up the DagBag from /home/airflow/.local/lib/python3.12/site-packages/airflow/example_dags/example_params_ui_tutorial.py
[2024-10-16T13:08:33.315+0000] {processor.py:925} INFO - DAG(s) 'example_params_ui_tutorial' retrieved from /home/airflow/.local/lib/python3.12/site-packages/airflow/example_dags/example_params_ui_tutorial.py
[2024-10-16T13:08:33.351+0000] {logging_mixin.py:190} INFO - [2024-10-16T13:08:33.350+0000] {dag.py:3239} INFO - Sync 1 DAGs
[2024-10-16T13:08:33.367+0000] {logging_mixin.py:190} INFO - [2024-10-16T13:08:33.367+0000] {dag.py:4180} INFO - Setting next_dagrun for example_params_ui_tutorial to None, run_after=None
[2024-10-16T13:08:33.391+0000] {processor.py:208} INFO - Processing /home/airflow/.local/lib/python3.12/site-packages/airflow/example_dags/example_params_ui_tutorial.py took 0.094 seconds
[2024-10-16T13:09:03.690+0000] {processor.py:186} INFO - Started process (PID=201) to work on /home/airflow/.local/lib/python3.12/site-packages/airflow/example_dags/example_params_ui_tutorial.py
[2024-10-16T13:09:03.691+0000] {processor.py:914} INFO - Processing file /home/airflow/.local/lib/python3.12/site-packages/airflow/example_dags/example_params_ui_tutorial.py for tasks to queue
[2024-10-16T13:09:03.694+0000] {logging_mixin.py:190} INFO - [2024-10-16T13:09:03.694+0000] {dagbag.py:588} INFO - Filling up the DagBag from /home/airflow/.local/lib/python3.12/site-packages/airflow/example_dags/example_params_ui_tutorial.py
[2024-10-16T13:09:03.706+0000] {processor.py:925} INFO - DAG(s) 'example_params_ui_tutorial' retrieved from /home/airflow/.local/lib/python3.12/site-packages/airflow/example_dags/example_params_ui_tutorial.py
[2024-10-16T13:09:03.760+0000] {logging_mixin.py:190} INFO - [2024-10-16T13:09:03.760+0000] {dag.py:3239} INFO - Sync 1 DAGs
[2024-10-16T13:09:03.780+0000] {logging_mixin.py:190} INFO - [2024-10-16T13:09:03.779+0000] {dag.py:4180} INFO - Setting next_dagrun for example_params_ui_tutorial to None, run_after=None
[2024-10-16T13:09:03.813+0000] {processor.py:208} INFO - Processing /home/airflow/.local/lib/python3.12/site-packages/airflow/example_dags/example_params_ui_tutorial.py took 0.130 seconds
[2024-10-16T13:09:34.876+0000] {processor.py:186} INFO - Started process (PID=264) to work on /home/airflow/.local/lib/python3.12/site-packages/airflow/example_dags/example_params_ui_tutorial.py
[2024-10-16T13:09:34.877+0000] {processor.py:914} INFO - Processing file /home/airflow/.local/lib/python3.12/site-packages/airflow/example_dags/example_params_ui_tutorial.py for tasks to queue
[2024-10-16T13:09:34.881+0000] {logging_mixin.py:190} INFO - [2024-10-16T13:09:34.881+0000] {dagbag.py:588} INFO - Filling up the DagBag from /home/airflow/.local/lib/python3.12/site-packages/airflow/example_dags/example_params_ui_tutorial.py
[2024-10-16T13:09:34.893+0000] {processor.py:925} INFO - DAG(s) 'example_params_ui_tutorial' retrieved from /home/airflow/.local/lib/python3.12/site-packages/airflow/example_dags/example_params_ui_tutorial.py
[2024-10-16T13:09:34.943+0000] {logging_mixin.py:190} INFO - [2024-10-16T13:09:34.942+0000] {dag.py:3239} INFO - Sync 1 DAGs
[2024-10-16T13:09:34.965+0000] {logging_mixin.py:190} INFO - [2024-10-16T13:09:34.965+0000] {dag.py:4180} INFO - Setting next_dagrun for example_params_ui_tutorial to None, run_after=None
[2024-10-16T13:09:34.998+0000] {processor.py:208} INFO - Processing /home/airflow/.local/lib/python3.12/site-packages/airflow/example_dags/example_params_ui_tutorial.py took 0.138 seconds
[2024-10-16T13:10:05.767+0000] {processor.py:186} INFO - Started process (PID=327) to work on /home/airflow/.local/lib/python3.12/site-packages/airflow/example_dags/example_params_ui_tutorial.py
[2024-10-16T13:10:05.769+0000] {processor.py:914} INFO - Processing file /home/airflow/.local/lib/python3.12/site-packages/airflow/example_dags/example_params_ui_tutorial.py for tasks to queue
[2024-10-16T13:10:05.772+0000] {logging_mixin.py:190} INFO - [2024-10-16T13:10:05.772+0000] {dagbag.py:588} INFO - Filling up the DagBag from /home/airflow/.local/lib/python3.12/site-packages/airflow/example_dags/example_params_ui_tutorial.py
[2024-10-16T13:10:05.782+0000] {processor.py:925} INFO - DAG(s) 'example_params_ui_tutorial' retrieved from /home/airflow/.local/lib/python3.12/site-packages/airflow/example_dags/example_params_ui_tutorial.py
[2024-10-16T13:10:05.835+0000] {logging_mixin.py:190} INFO - [2024-10-16T13:10:05.835+0000] {dag.py:3239} INFO - Sync 1 DAGs
[2024-10-16T13:10:05.854+0000] {logging_mixin.py:190} INFO - [2024-10-16T13:10:05.854+0000] {dag.py:4180} INFO - Setting next_dagrun for example_params_ui_tutorial to None, run_after=None
[2024-10-16T13:10:05.874+0000] {processor.py:208} INFO - Processing /home/airflow/.local/lib/python3.12/site-packages/airflow/example_dags/example_params_ui_tutorial.py took 0.114 seconds
[2024-10-16T13:10:36.745+0000] {processor.py:186} INFO - Started process (PID=390) to work on /home/airflow/.local/lib/python3.12/site-packages/airflow/example_dags/example_params_ui_tutorial.py
[2024-10-16T13:10:36.746+0000] {processor.py:914} INFO - Processing file /home/airflow/.local/lib/python3.12/site-packages/airflow/example_dags/example_params_ui_tutorial.py for tasks to queue
[2024-10-16T13:10:36.750+0000] {logging_mixin.py:190} INFO - [2024-10-16T13:10:36.750+0000] {dagbag.py:588} INFO - Filling up the DagBag from /home/airflow/.local/lib/python3.12/site-packages/airflow/example_dags/example_params_ui_tutorial.py
[2024-10-16T13:10:36.761+0000] {processor.py:925} INFO - DAG(s) 'example_params_ui_tutorial' retrieved from /home/airflow/.local/lib/python3.12/site-packages/airflow/example_dags/example_params_ui_tutorial.py
[2024-10-16T13:10:36.819+0000] {logging_mixin.py:190} INFO - [2024-10-16T13:10:36.819+0000] {dag.py:3239} INFO - Sync 1 DAGs
[2024-10-16T13:10:36.841+0000] {logging_mixin.py:190} INFO - [2024-10-16T13:10:36.840+0000] {dag.py:4180} INFO - Setting next_dagrun for example_params_ui_tutorial to None, run_after=None
[2024-10-16T13:10:36.877+0000] {processor.py:208} INFO - Processing /home/airflow/.local/lib/python3.12/site-packages/airflow/example_dags/example_params_ui_tutorial.py took 0.140 seconds
[2024-10-16T13:11:06.999+0000] {processor.py:186} INFO - Started process (PID=453) to work on /home/airflow/.local/lib/python3.12/site-packages/airflow/example_dags/example_params_ui_tutorial.py
[2024-10-16T13:11:07.001+0000] {processor.py:914} INFO - Processing file /home/airflow/.local/lib/python3.12/site-packages/airflow/example_dags/example_params_ui_tutorial.py for tasks to queue
[2024-10-16T13:11:07.004+0000] {logging_mixin.py:190} INFO - [2024-10-16T13:11:07.004+0000] {dagbag.py:588} INFO - Filling up the DagBag from /home/airflow/.local/lib/python3.12/site-packages/airflow/example_dags/example_params_ui_tutorial.py
[2024-10-16T13:11:07.014+0000] {processor.py:925} INFO - DAG(s) 'example_params_ui_tutorial' retrieved from /home/airflow/.local/lib/python3.12/site-packages/airflow/example_dags/example_params_ui_tutorial.py
[2024-10-16T13:11:07.064+0000] {logging_mixin.py:190} INFO - [2024-10-16T13:11:07.064+0000] {dag.py:3239} INFO - Sync 1 DAGs
[2024-10-16T13:11:07.079+0000] {logging_mixin.py:190} INFO - [2024-10-16T13:11:07.078+0000] {dag.py:4180} INFO - Setting next_dagrun for example_params_ui_tutorial to None, run_after=None
[2024-10-16T13:11:07.098+0000] {processor.py:208} INFO - Processing /home/airflow/.local/lib/python3.12/site-packages/airflow/example_dags/example_params_ui_tutorial.py took 0.105 seconds
[2024-10-16T13:12:42.679+0000] {processor.py:186} INFO - Started process (PID=68) to work on /home/airflow/.local/lib/python3.12/site-packages/airflow/example_dags/example_params_ui_tutorial.py
[2024-10-16T13:12:42.682+0000] {processor.py:914} INFO - Processing file /home/airflow/.local/lib/python3.12/site-packages/airflow/example_dags/example_params_ui_tutorial.py for tasks to queue
[2024-10-16T13:12:42.692+0000] {logging_mixin.py:190} INFO - [2024-10-16T13:12:42.691+0000] {dagbag.py:588} INFO - Filling up the DagBag from /home/airflow/.local/lib/python3.12/site-packages/airflow/example_dags/example_params_ui_tutorial.py
[2024-10-16T13:12:42.733+0000] {processor.py:925} INFO - DAG(s) 'example_params_ui_tutorial' retrieved from /home/airflow/.local/lib/python3.12/site-packages/airflow/example_dags/example_params_ui_tutorial.py
[2024-10-16T13:12:42.956+0000] {logging_mixin.py:190} INFO - [2024-10-16T13:12:42.954+0000] {override.py:1900} INFO - Created Permission View: can read on DAG:example_params_ui_tutorial
[2024-10-16T13:12:42.970+0000] {logging_mixin.py:190} INFO - [2024-10-16T13:12:42.970+0000] {override.py:1900} INFO - Created Permission View: can edit on DAG:example_params_ui_tutorial
[2024-10-16T13:12:42.983+0000] {logging_mixin.py:190} INFO - [2024-10-16T13:12:42.982+0000] {override.py:1900} INFO - Created Permission View: can delete on DAG:example_params_ui_tutorial
[2024-10-16T13:12:42.995+0000] {logging_mixin.py:190} INFO - [2024-10-16T13:12:42.995+0000] {override.py:1900} INFO - Created Permission View: can read on DAG Run:example_params_ui_tutorial
[2024-10-16T13:12:43.005+0000] {logging_mixin.py:190} INFO - [2024-10-16T13:12:43.004+0000] {override.py:1900} INFO - Created Permission View: menu access on DAG Run:example_params_ui_tutorial
[2024-10-16T13:12:43.020+0000] {logging_mixin.py:190} INFO - [2024-10-16T13:12:43.019+0000] {override.py:1900} INFO - Created Permission View: can delete on DAG Run:example_params_ui_tutorial
[2024-10-16T13:12:43.048+0000] {logging_mixin.py:190} INFO - [2024-10-16T13:12:43.047+0000] {override.py:1900} INFO - Created Permission View: can create on DAG Run:example_params_ui_tutorial
[2024-10-16T13:12:43.050+0000] {logging_mixin.py:190} INFO - [2024-10-16T13:12:43.049+0000] {dag.py:3239} INFO - Sync 1 DAGs
[2024-10-16T13:12:43.075+0000] {logging_mixin.py:190} INFO - [2024-10-16T13:12:43.075+0000] {dag.py:3262} INFO - Creating ORM DAG for example_params_ui_tutorial
[2024-10-16T13:12:43.078+0000] {logging_mixin.py:190} INFO - [2024-10-16T13:12:43.078+0000] {dag.py:4180} INFO - Setting next_dagrun for example_params_ui_tutorial to None, run_after=None
[2024-10-16T13:12:43.115+0000] {processor.py:208} INFO - Processing /home/airflow/.local/lib/python3.12/site-packages/airflow/example_dags/example_params_ui_tutorial.py took 0.446 seconds
[2024-10-16T13:13:13.817+0000] {processor.py:186} INFO - Started process (PID=137) to work on /home/airflow/.local/lib/python3.12/site-packages/airflow/example_dags/example_params_ui_tutorial.py
[2024-10-16T13:13:13.819+0000] {processor.py:914} INFO - Processing file /home/airflow/.local/lib/python3.12/site-packages/airflow/example_dags/example_params_ui_tutorial.py for tasks to queue
[2024-10-16T13:13:13.823+0000] {logging_mixin.py:190} INFO - [2024-10-16T13:13:13.823+0000] {dagbag.py:588} INFO - Filling up the DagBag from /home/airflow/.local/lib/python3.12/site-packages/airflow/example_dags/example_params_ui_tutorial.py
[2024-10-16T13:13:13.838+0000] {processor.py:925} INFO - DAG(s) 'example_params_ui_tutorial' retrieved from /home/airflow/.local/lib/python3.12/site-packages/airflow/example_dags/example_params_ui_tutorial.py
[2024-10-16T13:13:13.900+0000] {logging_mixin.py:190} INFO - [2024-10-16T13:13:13.899+0000] {dag.py:3239} INFO - Sync 1 DAGs
[2024-10-16T13:13:13.918+0000] {logging_mixin.py:190} INFO - [2024-10-16T13:13:13.918+0000] {dag.py:4180} INFO - Setting next_dagrun for example_params_ui_tutorial to None, run_after=None
[2024-10-16T13:13:13.949+0000] {processor.py:208} INFO - Processing /home/airflow/.local/lib/python3.12/site-packages/airflow/example_dags/example_params_ui_tutorial.py took 0.140 seconds
[2024-10-16T13:14:44.620+0000] {processor.py:186} INFO - Started process (PID=70) to work on /home/airflow/.local/lib/python3.12/site-packages/airflow/example_dags/example_params_ui_tutorial.py
[2024-10-16T13:14:44.621+0000] {processor.py:914} INFO - Processing file /home/airflow/.local/lib/python3.12/site-packages/airflow/example_dags/example_params_ui_tutorial.py for tasks to queue
[2024-10-16T13:14:44.625+0000] {logging_mixin.py:190} INFO - [2024-10-16T13:14:44.624+0000] {dagbag.py:588} INFO - Filling up the DagBag from /home/airflow/.local/lib/python3.12/site-packages/airflow/example_dags/example_params_ui_tutorial.py
[2024-10-16T13:14:44.645+0000] {processor.py:925} INFO - DAG(s) 'example_params_ui_tutorial' retrieved from /home/airflow/.local/lib/python3.12/site-packages/airflow/example_dags/example_params_ui_tutorial.py
[2024-10-16T13:14:44.861+0000] {logging_mixin.py:190} INFO - [2024-10-16T13:14:44.860+0000] {override.py:1900} INFO - Created Permission View: can read on DAG:example_params_ui_tutorial
[2024-10-16T13:14:44.875+0000] {logging_mixin.py:190} INFO - [2024-10-16T13:14:44.875+0000] {override.py:1900} INFO - Created Permission View: can delete on DAG:example_params_ui_tutorial
[2024-10-16T13:14:44.886+0000] {logging_mixin.py:190} INFO - [2024-10-16T13:14:44.886+0000] {override.py:1900} INFO - Created Permission View: can edit on DAG:example_params_ui_tutorial
[2024-10-16T13:14:44.913+0000] {logging_mixin.py:190} INFO - [2024-10-16T13:14:44.913+0000] {override.py:1900} INFO - Created Permission View: can read on DAG Run:example_params_ui_tutorial
[2024-10-16T13:14:44.924+0000] {logging_mixin.py:190} INFO - [2024-10-16T13:14:44.924+0000] {override.py:1900} INFO - Created Permission View: can create on DAG Run:example_params_ui_tutorial
[2024-10-16T13:14:44.936+0000] {logging_mixin.py:190} INFO - [2024-10-16T13:14:44.935+0000] {override.py:1900} INFO - Created Permission View: can delete on DAG Run:example_params_ui_tutorial
[2024-10-16T13:14:44.946+0000] {logging_mixin.py:190} INFO - [2024-10-16T13:14:44.945+0000] {override.py:1900} INFO - Created Permission View: menu access on DAG Run:example_params_ui_tutorial
[2024-10-16T13:14:44.947+0000] {logging_mixin.py:190} INFO - [2024-10-16T13:14:44.946+0000] {dag.py:3239} INFO - Sync 1 DAGs
[2024-10-16T13:14:44.960+0000] {logging_mixin.py:190} INFO - [2024-10-16T13:14:44.960+0000] {dag.py:3262} INFO - Creating ORM DAG for example_params_ui_tutorial
[2024-10-16T13:14:44.961+0000] {logging_mixin.py:190} INFO - [2024-10-16T13:14:44.961+0000] {dag.py:4180} INFO - Setting next_dagrun for example_params_ui_tutorial to None, run_after=None
[2024-10-16T13:14:44.987+0000] {processor.py:208} INFO - Processing /home/airflow/.local/lib/python3.12/site-packages/airflow/example_dags/example_params_ui_tutorial.py took 0.375 seconds
[2024-10-16T13:16:13.358+0000] {processor.py:186} INFO - Started process (PID=69) to work on /home/airflow/.local/lib/python3.12/site-packages/airflow/example_dags/example_params_ui_tutorial.py
[2024-10-16T13:16:13.360+0000] {processor.py:914} INFO - Processing file /home/airflow/.local/lib/python3.12/site-packages/airflow/example_dags/example_params_ui_tutorial.py for tasks to queue
[2024-10-16T13:16:13.364+0000] {logging_mixin.py:190} INFO - [2024-10-16T13:16:13.363+0000] {dagbag.py:588} INFO - Filling up the DagBag from /home/airflow/.local/lib/python3.12/site-packages/airflow/example_dags/example_params_ui_tutorial.py
[2024-10-16T13:16:13.379+0000] {processor.py:925} INFO - DAG(s) 'example_params_ui_tutorial' retrieved from /home/airflow/.local/lib/python3.12/site-packages/airflow/example_dags/example_params_ui_tutorial.py
[2024-10-16T13:16:13.555+0000] {logging_mixin.py:190} INFO - [2024-10-16T13:16:13.554+0000] {override.py:1900} INFO - Created Permission View: can edit on DAG:example_params_ui_tutorial
[2024-10-16T13:16:13.581+0000] {logging_mixin.py:190} INFO - [2024-10-16T13:16:13.580+0000] {override.py:1900} INFO - Created Permission View: can read on DAG:example_params_ui_tutorial
[2024-10-16T13:16:13.597+0000] {logging_mixin.py:190} INFO - [2024-10-16T13:16:13.596+0000] {override.py:1900} INFO - Created Permission View: can delete on DAG:example_params_ui_tutorial
[2024-10-16T13:16:13.608+0000] {logging_mixin.py:190} INFO - [2024-10-16T13:16:13.607+0000] {override.py:1900} INFO - Created Permission View: menu access on DAG Run:example_params_ui_tutorial
[2024-10-16T13:16:13.618+0000] {logging_mixin.py:190} INFO - [2024-10-16T13:16:13.617+0000] {override.py:1900} INFO - Created Permission View: can read on DAG Run:example_params_ui_tutorial
[2024-10-16T13:16:13.626+0000] {logging_mixin.py:190} INFO - [2024-10-16T13:16:13.625+0000] {override.py:1900} INFO - Created Permission View: can create on DAG Run:example_params_ui_tutorial
[2024-10-16T13:16:13.633+0000] {logging_mixin.py:190} INFO - [2024-10-16T13:16:13.632+0000] {override.py:1900} INFO - Created Permission View: can delete on DAG Run:example_params_ui_tutorial
[2024-10-16T13:16:13.634+0000] {logging_mixin.py:190} INFO - [2024-10-16T13:16:13.634+0000] {dag.py:3239} INFO - Sync 1 DAGs
[2024-10-16T13:16:13.645+0000] {logging_mixin.py:190} INFO - [2024-10-16T13:16:13.645+0000] {dag.py:3262} INFO - Creating ORM DAG for example_params_ui_tutorial
[2024-10-16T13:16:13.647+0000] {logging_mixin.py:190} INFO - [2024-10-16T13:16:13.647+0000] {dag.py:4180} INFO - Setting next_dagrun for example_params_ui_tutorial to None, run_after=None
[2024-10-16T13:16:13.669+0000] {processor.py:208} INFO - Processing /home/airflow/.local/lib/python3.12/site-packages/airflow/example_dags/example_params_ui_tutorial.py took 0.317 seconds
[2024-10-16T13:16:44.218+0000] {processor.py:186} INFO - Started process (PID=138) to work on /home/airflow/.local/lib/python3.12/site-packages/airflow/example_dags/example_params_ui_tutorial.py
[2024-10-16T13:16:44.219+0000] {processor.py:914} INFO - Processing file /home/airflow/.local/lib/python3.12/site-packages/airflow/example_dags/example_params_ui_tutorial.py for tasks to queue
[2024-10-16T13:16:44.222+0000] {logging_mixin.py:190} INFO - [2024-10-16T13:16:44.222+0000] {dagbag.py:588} INFO - Filling up the DagBag from /home/airflow/.local/lib/python3.12/site-packages/airflow/example_dags/example_params_ui_tutorial.py
[2024-10-16T13:16:44.232+0000] {processor.py:925} INFO - DAG(s) 'example_params_ui_tutorial' retrieved from /home/airflow/.local/lib/python3.12/site-packages/airflow/example_dags/example_params_ui_tutorial.py
[2024-10-16T13:16:44.290+0000] {logging_mixin.py:190} INFO - [2024-10-16T13:16:44.289+0000] {dag.py:3239} INFO - Sync 1 DAGs
[2024-10-16T13:16:44.308+0000] {logging_mixin.py:190} INFO - [2024-10-16T13:16:44.307+0000] {dag.py:4180} INFO - Setting next_dagrun for example_params_ui_tutorial to None, run_after=None
[2024-10-16T13:16:44.336+0000] {processor.py:208} INFO - Processing /home/airflow/.local/lib/python3.12/site-packages/airflow/example_dags/example_params_ui_tutorial.py took 0.126 seconds
[2024-10-16T13:17:14.503+0000] {processor.py:186} INFO - Started process (PID=201) to work on /home/airflow/.local/lib/python3.12/site-packages/airflow/example_dags/example_params_ui_tutorial.py
[2024-10-16T13:17:14.504+0000] {processor.py:914} INFO - Processing file /home/airflow/.local/lib/python3.12/site-packages/airflow/example_dags/example_params_ui_tutorial.py for tasks to queue
[2024-10-16T13:17:14.508+0000] {logging_mixin.py:190} INFO - [2024-10-16T13:17:14.507+0000] {dagbag.py:588} INFO - Filling up the DagBag from /home/airflow/.local/lib/python3.12/site-packages/airflow/example_dags/example_params_ui_tutorial.py
[2024-10-16T13:17:14.520+0000] {processor.py:925} INFO - DAG(s) 'example_params_ui_tutorial' retrieved from /home/airflow/.local/lib/python3.12/site-packages/airflow/example_dags/example_params_ui_tutorial.py
[2024-10-16T13:17:14.579+0000] {logging_mixin.py:190} INFO - [2024-10-16T13:17:14.578+0000] {dag.py:3239} INFO - Sync 1 DAGs
[2024-10-16T13:17:14.603+0000] {logging_mixin.py:190} INFO - [2024-10-16T13:17:14.603+0000] {dag.py:4180} INFO - Setting next_dagrun for example_params_ui_tutorial to None, run_after=None
[2024-10-16T13:17:14.636+0000] {processor.py:208} INFO - Processing /home/airflow/.local/lib/python3.12/site-packages/airflow/example_dags/example_params_ui_tutorial.py took 0.143 seconds
[2024-10-16T13:17:45.791+0000] {processor.py:186} INFO - Started process (PID=264) to work on /home/airflow/.local/lib/python3.12/site-packages/airflow/example_dags/example_params_ui_tutorial.py
[2024-10-16T13:17:45.793+0000] {processor.py:914} INFO - Processing file /home/airflow/.local/lib/python3.12/site-packages/airflow/example_dags/example_params_ui_tutorial.py for tasks to queue
[2024-10-16T13:17:45.799+0000] {logging_mixin.py:190} INFO - [2024-10-16T13:17:45.799+0000] {dagbag.py:588} INFO - Filling up the DagBag from /home/airflow/.local/lib/python3.12/site-packages/airflow/example_dags/example_params_ui_tutorial.py
[2024-10-16T13:17:45.811+0000] {processor.py:925} INFO - DAG(s) 'example_params_ui_tutorial' retrieved from /home/airflow/.local/lib/python3.12/site-packages/airflow/example_dags/example_params_ui_tutorial.py
[2024-10-16T13:17:45.871+0000] {logging_mixin.py:190} INFO - [2024-10-16T13:17:45.870+0000] {dag.py:3239} INFO - Sync 1 DAGs
[2024-10-16T13:17:45.888+0000] {logging_mixin.py:190} INFO - [2024-10-16T13:17:45.887+0000] {dag.py:4180} INFO - Setting next_dagrun for example_params_ui_tutorial to None, run_after=None
[2024-10-16T13:17:45.911+0000] {processor.py:208} INFO - Processing /home/airflow/.local/lib/python3.12/site-packages/airflow/example_dags/example_params_ui_tutorial.py took 0.127 seconds
[2024-10-16T13:18:16.369+0000] {processor.py:186} INFO - Started process (PID=327) to work on /home/airflow/.local/lib/python3.12/site-packages/airflow/example_dags/example_params_ui_tutorial.py
[2024-10-16T13:18:16.370+0000] {processor.py:914} INFO - Processing file /home/airflow/.local/lib/python3.12/site-packages/airflow/example_dags/example_params_ui_tutorial.py for tasks to queue
[2024-10-16T13:18:16.372+0000] {logging_mixin.py:190} INFO - [2024-10-16T13:18:16.372+0000] {dagbag.py:588} INFO - Filling up the DagBag from /home/airflow/.local/lib/python3.12/site-packages/airflow/example_dags/example_params_ui_tutorial.py
[2024-10-16T13:18:16.381+0000] {processor.py:925} INFO - DAG(s) 'example_params_ui_tutorial' retrieved from /home/airflow/.local/lib/python3.12/site-packages/airflow/example_dags/example_params_ui_tutorial.py
[2024-10-16T13:18:16.424+0000] {logging_mixin.py:190} INFO - [2024-10-16T13:18:16.424+0000] {dag.py:3239} INFO - Sync 1 DAGs
[2024-10-16T13:18:16.440+0000] {logging_mixin.py:190} INFO - [2024-10-16T13:18:16.439+0000] {dag.py:4180} INFO - Setting next_dagrun for example_params_ui_tutorial to None, run_after=None
[2024-10-16T13:18:16.487+0000] {processor.py:208} INFO - Processing /home/airflow/.local/lib/python3.12/site-packages/airflow/example_dags/example_params_ui_tutorial.py took 0.123 seconds
[2024-10-16T13:18:46.983+0000] {processor.py:186} INFO - Started process (PID=390) to work on /home/airflow/.local/lib/python3.12/site-packages/airflow/example_dags/example_params_ui_tutorial.py
[2024-10-16T13:18:46.984+0000] {processor.py:914} INFO - Processing file /home/airflow/.local/lib/python3.12/site-packages/airflow/example_dags/example_params_ui_tutorial.py for tasks to queue
[2024-10-16T13:18:46.987+0000] {logging_mixin.py:190} INFO - [2024-10-16T13:18:46.987+0000] {dagbag.py:588} INFO - Filling up the DagBag from /home/airflow/.local/lib/python3.12/site-packages/airflow/example_dags/example_params_ui_tutorial.py
[2024-10-16T13:18:47.002+0000] {processor.py:925} INFO - DAG(s) 'example_params_ui_tutorial' retrieved from /home/airflow/.local/lib/python3.12/site-packages/airflow/example_dags/example_params_ui_tutorial.py
[2024-10-16T13:18:47.068+0000] {logging_mixin.py:190} INFO - [2024-10-16T13:18:47.067+0000] {dag.py:3239} INFO - Sync 1 DAGs
[2024-10-16T13:18:47.087+0000] {logging_mixin.py:190} INFO - [2024-10-16T13:18:47.087+0000] {dag.py:4180} INFO - Setting next_dagrun for example_params_ui_tutorial to None, run_after=None
[2024-10-16T13:18:47.121+0000] {processor.py:208} INFO - Processing /home/airflow/.local/lib/python3.12/site-packages/airflow/example_dags/example_params_ui_tutorial.py took 0.147 seconds
[2024-10-16T13:19:17.387+0000] {processor.py:186} INFO - Started process (PID=453) to work on /home/airflow/.local/lib/python3.12/site-packages/airflow/example_dags/example_params_ui_tutorial.py
[2024-10-16T13:19:17.388+0000] {processor.py:914} INFO - Processing file /home/airflow/.local/lib/python3.12/site-packages/airflow/example_dags/example_params_ui_tutorial.py for tasks to queue
[2024-10-16T13:19:17.392+0000] {logging_mixin.py:190} INFO - [2024-10-16T13:19:17.391+0000] {dagbag.py:588} INFO - Filling up the DagBag from /home/airflow/.local/lib/python3.12/site-packages/airflow/example_dags/example_params_ui_tutorial.py
[2024-10-16T13:19:17.402+0000] {processor.py:925} INFO - DAG(s) 'example_params_ui_tutorial' retrieved from /home/airflow/.local/lib/python3.12/site-packages/airflow/example_dags/example_params_ui_tutorial.py
[2024-10-16T13:19:17.450+0000] {logging_mixin.py:190} INFO - [2024-10-16T13:19:17.450+0000] {dag.py:3239} INFO - Sync 1 DAGs
[2024-10-16T13:19:17.464+0000] {logging_mixin.py:190} INFO - [2024-10-16T13:19:17.464+0000] {dag.py:4180} INFO - Setting next_dagrun for example_params_ui_tutorial to None, run_after=None
[2024-10-16T13:19:17.488+0000] {processor.py:208} INFO - Processing /home/airflow/.local/lib/python3.12/site-packages/airflow/example_dags/example_params_ui_tutorial.py took 0.109 seconds
[2024-10-16T13:19:48.208+0000] {processor.py:186} INFO - Started process (PID=516) to work on /home/airflow/.local/lib/python3.12/site-packages/airflow/example_dags/example_params_ui_tutorial.py
[2024-10-16T13:19:48.209+0000] {processor.py:914} INFO - Processing file /home/airflow/.local/lib/python3.12/site-packages/airflow/example_dags/example_params_ui_tutorial.py for tasks to queue
[2024-10-16T13:19:48.212+0000] {logging_mixin.py:190} INFO - [2024-10-16T13:19:48.212+0000] {dagbag.py:588} INFO - Filling up the DagBag from /home/airflow/.local/lib/python3.12/site-packages/airflow/example_dags/example_params_ui_tutorial.py
[2024-10-16T13:19:48.224+0000] {processor.py:925} INFO - DAG(s) 'example_params_ui_tutorial' retrieved from /home/airflow/.local/lib/python3.12/site-packages/airflow/example_dags/example_params_ui_tutorial.py
[2024-10-16T13:19:48.272+0000] {logging_mixin.py:190} INFO - [2024-10-16T13:19:48.271+0000] {dag.py:3239} INFO - Sync 1 DAGs
[2024-10-16T13:19:48.289+0000] {logging_mixin.py:190} INFO - [2024-10-16T13:19:48.289+0000] {dag.py:4180} INFO - Setting next_dagrun for example_params_ui_tutorial to None, run_after=None
[2024-10-16T13:19:48.316+0000] {processor.py:208} INFO - Processing /home/airflow/.local/lib/python3.12/site-packages/airflow/example_dags/example_params_ui_tutorial.py took 0.117 seconds
[2024-10-16T13:20:19.580+0000] {processor.py:186} INFO - Started process (PID=579) to work on /home/airflow/.local/lib/python3.12/site-packages/airflow/example_dags/example_params_ui_tutorial.py
[2024-10-16T13:20:19.584+0000] {processor.py:914} INFO - Processing file /home/airflow/.local/lib/python3.12/site-packages/airflow/example_dags/example_params_ui_tutorial.py for tasks to queue
[2024-10-16T13:20:19.587+0000] {logging_mixin.py:190} INFO - [2024-10-16T13:20:19.587+0000] {dagbag.py:588} INFO - Filling up the DagBag from /home/airflow/.local/lib/python3.12/site-packages/airflow/example_dags/example_params_ui_tutorial.py
[2024-10-16T13:20:19.597+0000] {processor.py:925} INFO - DAG(s) 'example_params_ui_tutorial' retrieved from /home/airflow/.local/lib/python3.12/site-packages/airflow/example_dags/example_params_ui_tutorial.py
[2024-10-16T13:20:19.666+0000] {logging_mixin.py:190} INFO - [2024-10-16T13:20:19.666+0000] {dag.py:3239} INFO - Sync 1 DAGs
[2024-10-16T13:20:19.681+0000] {logging_mixin.py:190} INFO - [2024-10-16T13:20:19.681+0000] {dag.py:4180} INFO - Setting next_dagrun for example_params_ui_tutorial to None, run_after=None
[2024-10-16T13:20:19.698+0000] {processor.py:208} INFO - Processing /home/airflow/.local/lib/python3.12/site-packages/airflow/example_dags/example_params_ui_tutorial.py took 0.129 seconds
[2024-10-16T13:20:49.901+0000] {processor.py:186} INFO - Started process (PID=643) to work on /home/airflow/.local/lib/python3.12/site-packages/airflow/example_dags/example_params_ui_tutorial.py
[2024-10-16T13:20:49.902+0000] {processor.py:914} INFO - Processing file /home/airflow/.local/lib/python3.12/site-packages/airflow/example_dags/example_params_ui_tutorial.py for tasks to queue
[2024-10-16T13:20:49.905+0000] {logging_mixin.py:190} INFO - [2024-10-16T13:20:49.905+0000] {dagbag.py:588} INFO - Filling up the DagBag from /home/airflow/.local/lib/python3.12/site-packages/airflow/example_dags/example_params_ui_tutorial.py
[2024-10-16T13:20:49.916+0000] {processor.py:925} INFO - DAG(s) 'example_params_ui_tutorial' retrieved from /home/airflow/.local/lib/python3.12/site-packages/airflow/example_dags/example_params_ui_tutorial.py
[2024-10-16T13:20:49.991+0000] {logging_mixin.py:190} INFO - [2024-10-16T13:20:49.989+0000] {dag.py:3239} INFO - Sync 1 DAGs
[2024-10-16T13:20:50.021+0000] {logging_mixin.py:190} INFO - [2024-10-16T13:20:50.020+0000] {dag.py:4180} INFO - Setting next_dagrun for example_params_ui_tutorial to None, run_after=None
[2024-10-16T13:20:50.057+0000] {processor.py:208} INFO - Processing /home/airflow/.local/lib/python3.12/site-packages/airflow/example_dags/example_params_ui_tutorial.py took 0.163 seconds
[2024-10-16T13:21:59.507+0000] {processor.py:186} INFO - Started process (PID=68) to work on /home/airflow/.local/lib/python3.12/site-packages/airflow/example_dags/example_params_ui_tutorial.py
[2024-10-16T13:21:59.509+0000] {processor.py:914} INFO - Processing file /home/airflow/.local/lib/python3.12/site-packages/airflow/example_dags/example_params_ui_tutorial.py for tasks to queue
[2024-10-16T13:21:59.511+0000] {logging_mixin.py:190} INFO - [2024-10-16T13:21:59.511+0000] {dagbag.py:588} INFO - Filling up the DagBag from /home/airflow/.local/lib/python3.12/site-packages/airflow/example_dags/example_params_ui_tutorial.py
[2024-10-16T13:21:59.529+0000] {processor.py:925} INFO - DAG(s) 'example_params_ui_tutorial' retrieved from /home/airflow/.local/lib/python3.12/site-packages/airflow/example_dags/example_params_ui_tutorial.py
[2024-10-16T13:21:59.665+0000] {logging_mixin.py:190} INFO - [2024-10-16T13:21:59.664+0000] {override.py:1900} INFO - Created Permission View: can edit on DAG:example_params_ui_tutorial
[2024-10-16T13:21:59.675+0000] {logging_mixin.py:190} INFO - [2024-10-16T13:21:59.674+0000] {override.py:1900} INFO - Created Permission View: can read on DAG:example_params_ui_tutorial
[2024-10-16T13:21:59.683+0000] {logging_mixin.py:190} INFO - [2024-10-16T13:21:59.682+0000] {override.py:1900} INFO - Created Permission View: can delete on DAG:example_params_ui_tutorial
[2024-10-16T13:21:59.690+0000] {logging_mixin.py:190} INFO - [2024-10-16T13:21:59.690+0000] {override.py:1900} INFO - Created Permission View: can delete on DAG Run:example_params_ui_tutorial
[2024-10-16T13:21:59.696+0000] {logging_mixin.py:190} INFO - [2024-10-16T13:21:59.696+0000] {override.py:1900} INFO - Created Permission View: can read on DAG Run:example_params_ui_tutorial
[2024-10-16T13:21:59.702+0000] {logging_mixin.py:190} INFO - [2024-10-16T13:21:59.702+0000] {override.py:1900} INFO - Created Permission View: menu access on DAG Run:example_params_ui_tutorial
[2024-10-16T13:21:59.709+0000] {logging_mixin.py:190} INFO - [2024-10-16T13:21:59.708+0000] {override.py:1900} INFO - Created Permission View: can create on DAG Run:example_params_ui_tutorial
[2024-10-16T13:21:59.709+0000] {logging_mixin.py:190} INFO - [2024-10-16T13:21:59.709+0000] {dag.py:3239} INFO - Sync 1 DAGs
[2024-10-16T13:21:59.720+0000] {logging_mixin.py:190} INFO - [2024-10-16T13:21:59.720+0000] {dag.py:3262} INFO - Creating ORM DAG for example_params_ui_tutorial
[2024-10-16T13:21:59.721+0000] {logging_mixin.py:190} INFO - [2024-10-16T13:21:59.721+0000] {dag.py:4180} INFO - Setting next_dagrun for example_params_ui_tutorial to None, run_after=None
[2024-10-16T13:21:59.746+0000] {processor.py:208} INFO - Processing /home/airflow/.local/lib/python3.12/site-packages/airflow/example_dags/example_params_ui_tutorial.py took 0.244 seconds
[2024-10-16T13:22:30.309+0000] {processor.py:186} INFO - Started process (PID=137) to work on /home/airflow/.local/lib/python3.12/site-packages/airflow/example_dags/example_params_ui_tutorial.py
[2024-10-16T13:22:30.311+0000] {processor.py:914} INFO - Processing file /home/airflow/.local/lib/python3.12/site-packages/airflow/example_dags/example_params_ui_tutorial.py for tasks to queue
[2024-10-16T13:22:30.313+0000] {logging_mixin.py:190} INFO - [2024-10-16T13:22:30.313+0000] {dagbag.py:588} INFO - Filling up the DagBag from /home/airflow/.local/lib/python3.12/site-packages/airflow/example_dags/example_params_ui_tutorial.py
[2024-10-16T13:22:30.324+0000] {processor.py:925} INFO - DAG(s) 'example_params_ui_tutorial' retrieved from /home/airflow/.local/lib/python3.12/site-packages/airflow/example_dags/example_params_ui_tutorial.py
[2024-10-16T13:22:30.379+0000] {logging_mixin.py:190} INFO - [2024-10-16T13:22:30.378+0000] {dag.py:3239} INFO - Sync 1 DAGs
[2024-10-16T13:22:30.400+0000] {logging_mixin.py:190} INFO - [2024-10-16T13:22:30.400+0000] {dag.py:4180} INFO - Setting next_dagrun for example_params_ui_tutorial to None, run_after=None
[2024-10-16T13:22:30.434+0000] {processor.py:208} INFO - Processing /home/airflow/.local/lib/python3.12/site-packages/airflow/example_dags/example_params_ui_tutorial.py took 0.131 seconds
[2024-10-16T13:23:01.053+0000] {processor.py:186} INFO - Started process (PID=200) to work on /home/airflow/.local/lib/python3.12/site-packages/airflow/example_dags/example_params_ui_tutorial.py
[2024-10-16T13:23:01.054+0000] {processor.py:914} INFO - Processing file /home/airflow/.local/lib/python3.12/site-packages/airflow/example_dags/example_params_ui_tutorial.py for tasks to queue
[2024-10-16T13:23:01.057+0000] {logging_mixin.py:190} INFO - [2024-10-16T13:23:01.056+0000] {dagbag.py:588} INFO - Filling up the DagBag from /home/airflow/.local/lib/python3.12/site-packages/airflow/example_dags/example_params_ui_tutorial.py
[2024-10-16T13:23:01.068+0000] {processor.py:925} INFO - DAG(s) 'example_params_ui_tutorial' retrieved from /home/airflow/.local/lib/python3.12/site-packages/airflow/example_dags/example_params_ui_tutorial.py
[2024-10-16T13:23:01.132+0000] {logging_mixin.py:190} INFO - [2024-10-16T13:23:01.131+0000] {dag.py:3239} INFO - Sync 1 DAGs
[2024-10-16T13:23:01.143+0000] {logging_mixin.py:190} INFO - [2024-10-16T13:23:01.143+0000] {dag.py:4180} INFO - Setting next_dagrun for example_params_ui_tutorial to None, run_after=None
[2024-10-16T13:23:01.164+0000] {processor.py:208} INFO - Processing /home/airflow/.local/lib/python3.12/site-packages/airflow/example_dags/example_params_ui_tutorial.py took 0.119 seconds
[2024-10-16T13:23:31.922+0000] {processor.py:186} INFO - Started process (PID=264) to work on /home/airflow/.local/lib/python3.12/site-packages/airflow/example_dags/example_params_ui_tutorial.py
[2024-10-16T13:23:31.925+0000] {processor.py:914} INFO - Processing file /home/airflow/.local/lib/python3.12/site-packages/airflow/example_dags/example_params_ui_tutorial.py for tasks to queue
[2024-10-16T13:23:31.929+0000] {logging_mixin.py:190} INFO - [2024-10-16T13:23:31.928+0000] {dagbag.py:588} INFO - Filling up the DagBag from /home/airflow/.local/lib/python3.12/site-packages/airflow/example_dags/example_params_ui_tutorial.py
[2024-10-16T13:23:31.947+0000] {processor.py:925} INFO - DAG(s) 'example_params_ui_tutorial' retrieved from /home/airflow/.local/lib/python3.12/site-packages/airflow/example_dags/example_params_ui_tutorial.py
[2024-10-16T13:23:32.018+0000] {logging_mixin.py:190} INFO - [2024-10-16T13:23:32.018+0000] {dag.py:3239} INFO - Sync 1 DAGs
[2024-10-16T13:23:32.036+0000] {logging_mixin.py:190} INFO - [2024-10-16T13:23:32.035+0000] {dag.py:4180} INFO - Setting next_dagrun for example_params_ui_tutorial to None, run_after=None
[2024-10-16T13:23:32.070+0000] {processor.py:208} INFO - Processing /home/airflow/.local/lib/python3.12/site-packages/airflow/example_dags/example_params_ui_tutorial.py took 0.157 seconds
