[2024-10-16T12:50:33.865+0000] {processor.py:186} INFO - Started process (PID=103) to work on /home/airflow/.local/lib/python3.12/site-packages/airflow/example_dags/example_nested_branch_dag.py
[2024-10-16T12:50:33.867+0000] {processor.py:914} INFO - Processing file /home/airflow/.local/lib/python3.12/site-packages/airflow/example_dags/example_nested_branch_dag.py for tasks to queue
[2024-10-16T12:50:33.870+0000] {logging_mixin.py:190} INFO - [2024-10-16T12:50:33.870+0000] {dagbag.py:588} INFO - Filling up the DagBag from /home/airflow/.local/lib/python3.12/site-packages/airflow/example_dags/example_nested_branch_dag.py
[2024-10-16T12:50:33.880+0000] {processor.py:925} INFO - DAG(s) 'example_nested_branch_dag' retrieved from /home/airflow/.local/lib/python3.12/site-packages/airflow/example_dags/example_nested_branch_dag.py
[2024-10-16T12:50:33.989+0000] {logging_mixin.py:190} INFO - [2024-10-16T12:50:33.989+0000] {override.py:1900} INFO - Created Permission View: can edit on DAG:example_nested_branch_dag
[2024-10-16T12:50:33.999+0000] {logging_mixin.py:190} INFO - [2024-10-16T12:50:33.998+0000] {override.py:1900} INFO - Created Permission View: can read on DAG:example_nested_branch_dag
[2024-10-16T12:50:34.005+0000] {logging_mixin.py:190} INFO - [2024-10-16T12:50:34.004+0000] {override.py:1900} INFO - Created Permission View: can delete on DAG:example_nested_branch_dag
[2024-10-16T12:50:34.013+0000] {logging_mixin.py:190} INFO - [2024-10-16T12:50:34.012+0000] {override.py:1900} INFO - Created Permission View: can delete on DAG Run:example_nested_branch_dag
[2024-10-16T12:50:34.018+0000] {logging_mixin.py:190} INFO - [2024-10-16T12:50:34.018+0000] {override.py:1900} INFO - Created Permission View: menu access on DAG Run:example_nested_branch_dag
[2024-10-16T12:50:34.027+0000] {logging_mixin.py:190} INFO - [2024-10-16T12:50:34.026+0000] {override.py:1900} INFO - Created Permission View: can create on DAG Run:example_nested_branch_dag
[2024-10-16T12:50:34.036+0000] {logging_mixin.py:190} INFO - [2024-10-16T12:50:34.035+0000] {override.py:1900} INFO - Created Permission View: can read on DAG Run:example_nested_branch_dag
[2024-10-16T12:50:34.037+0000] {logging_mixin.py:190} INFO - [2024-10-16T12:50:34.036+0000] {dag.py:3239} INFO - Sync 1 DAGs
[2024-10-16T12:50:34.050+0000] {logging_mixin.py:190} INFO - [2024-10-16T12:50:34.049+0000] {dag.py:3262} INFO - Creating ORM DAG for example_nested_branch_dag
[2024-10-16T12:50:34.059+0000] {logging_mixin.py:190} INFO - [2024-10-16T12:50:34.059+0000] {dag.py:4180} INFO - Setting next_dagrun for example_nested_branch_dag to 2024-10-15 00:00:00+00:00, run_after=2024-10-16 00:00:00+00:00
[2024-10-16T12:50:34.084+0000] {processor.py:208} INFO - Processing /home/airflow/.local/lib/python3.12/site-packages/airflow/example_dags/example_nested_branch_dag.py took 0.225 seconds
[2024-10-16T12:51:04.951+0000] {processor.py:186} INFO - Started process (PID=165) to work on /home/airflow/.local/lib/python3.12/site-packages/airflow/example_dags/example_nested_branch_dag.py
[2024-10-16T12:51:04.955+0000] {processor.py:914} INFO - Processing file /home/airflow/.local/lib/python3.12/site-packages/airflow/example_dags/example_nested_branch_dag.py for tasks to queue
[2024-10-16T12:51:04.959+0000] {logging_mixin.py:190} INFO - [2024-10-16T12:51:04.959+0000] {dagbag.py:588} INFO - Filling up the DagBag from /home/airflow/.local/lib/python3.12/site-packages/airflow/example_dags/example_nested_branch_dag.py
[2024-10-16T12:51:04.975+0000] {processor.py:925} INFO - DAG(s) 'example_nested_branch_dag' retrieved from /home/airflow/.local/lib/python3.12/site-packages/airflow/example_dags/example_nested_branch_dag.py
[2024-10-16T12:51:05.003+0000] {logging_mixin.py:190} INFO - [2024-10-16T12:51:05.002+0000] {dag.py:3239} INFO - Sync 1 DAGs
[2024-10-16T12:51:05.034+0000] {logging_mixin.py:190} INFO - [2024-10-16T12:51:05.034+0000] {dag.py:4180} INFO - Setting next_dagrun for example_nested_branch_dag to 2024-10-15 00:00:00+00:00, run_after=2024-10-16 00:00:00+00:00
[2024-10-16T12:51:05.061+0000] {processor.py:208} INFO - Processing /home/airflow/.local/lib/python3.12/site-packages/airflow/example_dags/example_nested_branch_dag.py took 0.118 seconds
[2024-10-16T12:51:35.456+0000] {processor.py:186} INFO - Started process (PID=227) to work on /home/airflow/.local/lib/python3.12/site-packages/airflow/example_dags/example_nested_branch_dag.py
[2024-10-16T12:51:35.457+0000] {processor.py:914} INFO - Processing file /home/airflow/.local/lib/python3.12/site-packages/airflow/example_dags/example_nested_branch_dag.py for tasks to queue
[2024-10-16T12:51:35.460+0000] {logging_mixin.py:190} INFO - [2024-10-16T12:51:35.459+0000] {dagbag.py:588} INFO - Filling up the DagBag from /home/airflow/.local/lib/python3.12/site-packages/airflow/example_dags/example_nested_branch_dag.py
[2024-10-16T12:51:35.469+0000] {processor.py:925} INFO - DAG(s) 'example_nested_branch_dag' retrieved from /home/airflow/.local/lib/python3.12/site-packages/airflow/example_dags/example_nested_branch_dag.py
[2024-10-16T12:51:35.496+0000] {logging_mixin.py:190} INFO - [2024-10-16T12:51:35.495+0000] {dag.py:3239} INFO - Sync 1 DAGs
[2024-10-16T12:51:35.514+0000] {logging_mixin.py:190} INFO - [2024-10-16T12:51:35.513+0000] {dag.py:4180} INFO - Setting next_dagrun for example_nested_branch_dag to 2024-10-15 00:00:00+00:00, run_after=2024-10-16 00:00:00+00:00
[2024-10-16T12:51:35.549+0000] {processor.py:208} INFO - Processing /home/airflow/.local/lib/python3.12/site-packages/airflow/example_dags/example_nested_branch_dag.py took 0.097 seconds
[2024-10-16T12:52:05.844+0000] {processor.py:186} INFO - Started process (PID=289) to work on /home/airflow/.local/lib/python3.12/site-packages/airflow/example_dags/example_nested_branch_dag.py
[2024-10-16T12:52:05.845+0000] {processor.py:914} INFO - Processing file /home/airflow/.local/lib/python3.12/site-packages/airflow/example_dags/example_nested_branch_dag.py for tasks to queue
[2024-10-16T12:52:05.847+0000] {logging_mixin.py:190} INFO - [2024-10-16T12:52:05.847+0000] {dagbag.py:588} INFO - Filling up the DagBag from /home/airflow/.local/lib/python3.12/site-packages/airflow/example_dags/example_nested_branch_dag.py
[2024-10-16T12:52:05.858+0000] {processor.py:925} INFO - DAG(s) 'example_nested_branch_dag' retrieved from /home/airflow/.local/lib/python3.12/site-packages/airflow/example_dags/example_nested_branch_dag.py
[2024-10-16T12:52:05.881+0000] {logging_mixin.py:190} INFO - [2024-10-16T12:52:05.880+0000] {dag.py:3239} INFO - Sync 1 DAGs
[2024-10-16T12:52:05.906+0000] {logging_mixin.py:190} INFO - [2024-10-16T12:52:05.906+0000] {dag.py:4180} INFO - Setting next_dagrun for example_nested_branch_dag to 2024-10-15 00:00:00+00:00, run_after=2024-10-16 00:00:00+00:00
[2024-10-16T12:52:05.933+0000] {processor.py:208} INFO - Processing /home/airflow/.local/lib/python3.12/site-packages/airflow/example_dags/example_nested_branch_dag.py took 0.095 seconds
[2024-10-16T12:52:36.375+0000] {processor.py:186} INFO - Started process (PID=352) to work on /home/airflow/.local/lib/python3.12/site-packages/airflow/example_dags/example_nested_branch_dag.py
[2024-10-16T12:52:36.376+0000] {processor.py:914} INFO - Processing file /home/airflow/.local/lib/python3.12/site-packages/airflow/example_dags/example_nested_branch_dag.py for tasks to queue
[2024-10-16T12:52:36.379+0000] {logging_mixin.py:190} INFO - [2024-10-16T12:52:36.379+0000] {dagbag.py:588} INFO - Filling up the DagBag from /home/airflow/.local/lib/python3.12/site-packages/airflow/example_dags/example_nested_branch_dag.py
[2024-10-16T12:52:36.390+0000] {processor.py:925} INFO - DAG(s) 'example_nested_branch_dag' retrieved from /home/airflow/.local/lib/python3.12/site-packages/airflow/example_dags/example_nested_branch_dag.py
[2024-10-16T12:52:36.413+0000] {logging_mixin.py:190} INFO - [2024-10-16T12:52:36.413+0000] {dag.py:3239} INFO - Sync 1 DAGs
[2024-10-16T12:52:36.437+0000] {logging_mixin.py:190} INFO - [2024-10-16T12:52:36.437+0000] {dag.py:4180} INFO - Setting next_dagrun for example_nested_branch_dag to 2024-10-15 00:00:00+00:00, run_after=2024-10-16 00:00:00+00:00
[2024-10-16T12:52:36.459+0000] {processor.py:208} INFO - Processing /home/airflow/.local/lib/python3.12/site-packages/airflow/example_dags/example_nested_branch_dag.py took 0.089 seconds
[2024-10-16T12:53:07.242+0000] {processor.py:186} INFO - Started process (PID=414) to work on /home/airflow/.local/lib/python3.12/site-packages/airflow/example_dags/example_nested_branch_dag.py
[2024-10-16T12:53:07.248+0000] {processor.py:914} INFO - Processing file /home/airflow/.local/lib/python3.12/site-packages/airflow/example_dags/example_nested_branch_dag.py for tasks to queue
[2024-10-16T12:53:07.257+0000] {logging_mixin.py:190} INFO - [2024-10-16T12:53:07.256+0000] {dagbag.py:588} INFO - Filling up the DagBag from /home/airflow/.local/lib/python3.12/site-packages/airflow/example_dags/example_nested_branch_dag.py
[2024-10-16T12:53:07.279+0000] {processor.py:925} INFO - DAG(s) 'example_nested_branch_dag' retrieved from /home/airflow/.local/lib/python3.12/site-packages/airflow/example_dags/example_nested_branch_dag.py
[2024-10-16T12:53:07.320+0000] {logging_mixin.py:190} INFO - [2024-10-16T12:53:07.319+0000] {dag.py:3239} INFO - Sync 1 DAGs
[2024-10-16T12:53:07.353+0000] {logging_mixin.py:190} INFO - [2024-10-16T12:53:07.352+0000] {dag.py:4180} INFO - Setting next_dagrun for example_nested_branch_dag to 2024-10-15 00:00:00+00:00, run_after=2024-10-16 00:00:00+00:00
[2024-10-16T12:53:07.379+0000] {processor.py:208} INFO - Processing /home/airflow/.local/lib/python3.12/site-packages/airflow/example_dags/example_nested_branch_dag.py took 0.149 seconds
[2024-10-16T12:53:38.003+0000] {processor.py:186} INFO - Started process (PID=476) to work on /home/airflow/.local/lib/python3.12/site-packages/airflow/example_dags/example_nested_branch_dag.py
[2024-10-16T12:53:38.004+0000] {processor.py:914} INFO - Processing file /home/airflow/.local/lib/python3.12/site-packages/airflow/example_dags/example_nested_branch_dag.py for tasks to queue
[2024-10-16T12:53:38.007+0000] {logging_mixin.py:190} INFO - [2024-10-16T12:53:38.006+0000] {dagbag.py:588} INFO - Filling up the DagBag from /home/airflow/.local/lib/python3.12/site-packages/airflow/example_dags/example_nested_branch_dag.py
[2024-10-16T12:53:38.018+0000] {processor.py:925} INFO - DAG(s) 'example_nested_branch_dag' retrieved from /home/airflow/.local/lib/python3.12/site-packages/airflow/example_dags/example_nested_branch_dag.py
[2024-10-16T12:53:38.036+0000] {logging_mixin.py:190} INFO - [2024-10-16T12:53:38.036+0000] {dag.py:3239} INFO - Sync 1 DAGs
[2024-10-16T12:53:38.059+0000] {logging_mixin.py:190} INFO - [2024-10-16T12:53:38.058+0000] {dag.py:4180} INFO - Setting next_dagrun for example_nested_branch_dag to 2024-10-15 00:00:00+00:00, run_after=2024-10-16 00:00:00+00:00
[2024-10-16T12:53:38.076+0000] {processor.py:208} INFO - Processing /home/airflow/.local/lib/python3.12/site-packages/airflow/example_dags/example_nested_branch_dag.py took 0.078 seconds
[2024-10-16T12:54:08.796+0000] {processor.py:186} INFO - Started process (PID=538) to work on /home/airflow/.local/lib/python3.12/site-packages/airflow/example_dags/example_nested_branch_dag.py
[2024-10-16T12:54:08.798+0000] {processor.py:914} INFO - Processing file /home/airflow/.local/lib/python3.12/site-packages/airflow/example_dags/example_nested_branch_dag.py for tasks to queue
[2024-10-16T12:54:08.801+0000] {logging_mixin.py:190} INFO - [2024-10-16T12:54:08.801+0000] {dagbag.py:588} INFO - Filling up the DagBag from /home/airflow/.local/lib/python3.12/site-packages/airflow/example_dags/example_nested_branch_dag.py
[2024-10-16T12:54:08.821+0000] {processor.py:925} INFO - DAG(s) 'example_nested_branch_dag' retrieved from /home/airflow/.local/lib/python3.12/site-packages/airflow/example_dags/example_nested_branch_dag.py
[2024-10-16T12:54:08.842+0000] {logging_mixin.py:190} INFO - [2024-10-16T12:54:08.842+0000] {dag.py:3239} INFO - Sync 1 DAGs
[2024-10-16T12:54:08.866+0000] {logging_mixin.py:190} INFO - [2024-10-16T12:54:08.865+0000] {dag.py:4180} INFO - Setting next_dagrun for example_nested_branch_dag to 2024-10-15 00:00:00+00:00, run_after=2024-10-16 00:00:00+00:00
[2024-10-16T12:54:08.893+0000] {processor.py:208} INFO - Processing /home/airflow/.local/lib/python3.12/site-packages/airflow/example_dags/example_nested_branch_dag.py took 0.102 seconds
[2024-10-16T12:54:41.071+0000] {processor.py:186} INFO - Started process (PID=600) to work on /home/airflow/.local/lib/python3.12/site-packages/airflow/example_dags/example_nested_branch_dag.py
[2024-10-16T12:54:41.072+0000] {processor.py:914} INFO - Processing file /home/airflow/.local/lib/python3.12/site-packages/airflow/example_dags/example_nested_branch_dag.py for tasks to queue
[2024-10-16T12:54:41.082+0000] {logging_mixin.py:190} INFO - [2024-10-16T12:54:41.082+0000] {dagbag.py:588} INFO - Filling up the DagBag from /home/airflow/.local/lib/python3.12/site-packages/airflow/example_dags/example_nested_branch_dag.py
[2024-10-16T12:54:41.108+0000] {processor.py:925} INFO - DAG(s) 'example_nested_branch_dag' retrieved from /home/airflow/.local/lib/python3.12/site-packages/airflow/example_dags/example_nested_branch_dag.py
[2024-10-16T12:54:41.139+0000] {logging_mixin.py:190} INFO - [2024-10-16T12:54:41.138+0000] {dag.py:3239} INFO - Sync 1 DAGs
[2024-10-16T12:54:41.243+0000] {logging_mixin.py:190} INFO - [2024-10-16T12:54:41.242+0000] {dag.py:4180} INFO - Setting next_dagrun for example_nested_branch_dag to 2024-10-15 00:00:00+00:00, run_after=2024-10-16 00:00:00+00:00
[2024-10-16T12:54:41.274+0000] {processor.py:208} INFO - Processing /home/airflow/.local/lib/python3.12/site-packages/airflow/example_dags/example_nested_branch_dag.py took 0.211 seconds
[2024-10-16T12:55:11.697+0000] {processor.py:186} INFO - Started process (PID=663) to work on /home/airflow/.local/lib/python3.12/site-packages/airflow/example_dags/example_nested_branch_dag.py
[2024-10-16T12:55:11.699+0000] {processor.py:914} INFO - Processing file /home/airflow/.local/lib/python3.12/site-packages/airflow/example_dags/example_nested_branch_dag.py for tasks to queue
[2024-10-16T12:55:11.735+0000] {logging_mixin.py:190} INFO - [2024-10-16T12:55:11.734+0000] {dagbag.py:588} INFO - Filling up the DagBag from /home/airflow/.local/lib/python3.12/site-packages/airflow/example_dags/example_nested_branch_dag.py
[2024-10-16T12:55:11.755+0000] {processor.py:925} INFO - DAG(s) 'example_nested_branch_dag' retrieved from /home/airflow/.local/lib/python3.12/site-packages/airflow/example_dags/example_nested_branch_dag.py
[2024-10-16T12:55:11.790+0000] {logging_mixin.py:190} INFO - [2024-10-16T12:55:11.789+0000] {dag.py:3239} INFO - Sync 1 DAGs
[2024-10-16T12:55:11.821+0000] {logging_mixin.py:190} INFO - [2024-10-16T12:55:11.821+0000] {dag.py:4180} INFO - Setting next_dagrun for example_nested_branch_dag to 2024-10-15 00:00:00+00:00, run_after=2024-10-16 00:00:00+00:00
[2024-10-16T12:55:11.845+0000] {processor.py:208} INFO - Processing /home/airflow/.local/lib/python3.12/site-packages/airflow/example_dags/example_nested_branch_dag.py took 0.158 seconds
[2024-10-16T12:55:42.146+0000] {processor.py:186} INFO - Started process (PID=725) to work on /home/airflow/.local/lib/python3.12/site-packages/airflow/example_dags/example_nested_branch_dag.py
[2024-10-16T12:55:42.147+0000] {processor.py:914} INFO - Processing file /home/airflow/.local/lib/python3.12/site-packages/airflow/example_dags/example_nested_branch_dag.py for tasks to queue
[2024-10-16T12:55:42.150+0000] {logging_mixin.py:190} INFO - [2024-10-16T12:55:42.149+0000] {dagbag.py:588} INFO - Filling up the DagBag from /home/airflow/.local/lib/python3.12/site-packages/airflow/example_dags/example_nested_branch_dag.py
[2024-10-16T12:55:42.162+0000] {processor.py:925} INFO - DAG(s) 'example_nested_branch_dag' retrieved from /home/airflow/.local/lib/python3.12/site-packages/airflow/example_dags/example_nested_branch_dag.py
[2024-10-16T12:55:42.186+0000] {logging_mixin.py:190} INFO - [2024-10-16T12:55:42.186+0000] {dag.py:3239} INFO - Sync 1 DAGs
[2024-10-16T12:55:42.212+0000] {logging_mixin.py:190} INFO - [2024-10-16T12:55:42.211+0000] {dag.py:4180} INFO - Setting next_dagrun for example_nested_branch_dag to 2024-10-15 00:00:00+00:00, run_after=2024-10-16 00:00:00+00:00
[2024-10-16T12:55:42.237+0000] {processor.py:208} INFO - Processing /home/airflow/.local/lib/python3.12/site-packages/airflow/example_dags/example_nested_branch_dag.py took 0.096 seconds
[2024-10-16T12:56:13.015+0000] {processor.py:186} INFO - Started process (PID=787) to work on /home/airflow/.local/lib/python3.12/site-packages/airflow/example_dags/example_nested_branch_dag.py
[2024-10-16T12:56:13.016+0000] {processor.py:914} INFO - Processing file /home/airflow/.local/lib/python3.12/site-packages/airflow/example_dags/example_nested_branch_dag.py for tasks to queue
[2024-10-16T12:56:13.017+0000] {logging_mixin.py:190} INFO - [2024-10-16T12:56:13.017+0000] {dagbag.py:588} INFO - Filling up the DagBag from /home/airflow/.local/lib/python3.12/site-packages/airflow/example_dags/example_nested_branch_dag.py
[2024-10-16T12:56:13.026+0000] {processor.py:925} INFO - DAG(s) 'example_nested_branch_dag' retrieved from /home/airflow/.local/lib/python3.12/site-packages/airflow/example_dags/example_nested_branch_dag.py
[2024-10-16T12:56:13.043+0000] {logging_mixin.py:190} INFO - [2024-10-16T12:56:13.043+0000] {dag.py:3239} INFO - Sync 1 DAGs
[2024-10-16T12:56:13.061+0000] {logging_mixin.py:190} INFO - [2024-10-16T12:56:13.061+0000] {dag.py:4180} INFO - Setting next_dagrun for example_nested_branch_dag to 2024-10-15 00:00:00+00:00, run_after=2024-10-16 00:00:00+00:00
[2024-10-16T12:56:13.082+0000] {processor.py:208} INFO - Processing /home/airflow/.local/lib/python3.12/site-packages/airflow/example_dags/example_nested_branch_dag.py took 0.073 seconds
[2024-10-16T12:56:43.423+0000] {processor.py:186} INFO - Started process (PID=849) to work on /home/airflow/.local/lib/python3.12/site-packages/airflow/example_dags/example_nested_branch_dag.py
[2024-10-16T12:56:43.426+0000] {processor.py:914} INFO - Processing file /home/airflow/.local/lib/python3.12/site-packages/airflow/example_dags/example_nested_branch_dag.py for tasks to queue
[2024-10-16T12:56:43.429+0000] {logging_mixin.py:190} INFO - [2024-10-16T12:56:43.428+0000] {dagbag.py:588} INFO - Filling up the DagBag from /home/airflow/.local/lib/python3.12/site-packages/airflow/example_dags/example_nested_branch_dag.py
[2024-10-16T12:56:43.437+0000] {processor.py:925} INFO - DAG(s) 'example_nested_branch_dag' retrieved from /home/airflow/.local/lib/python3.12/site-packages/airflow/example_dags/example_nested_branch_dag.py
[2024-10-16T12:56:43.455+0000] {logging_mixin.py:190} INFO - [2024-10-16T12:56:43.455+0000] {dag.py:3239} INFO - Sync 1 DAGs
[2024-10-16T12:56:43.476+0000] {logging_mixin.py:190} INFO - [2024-10-16T12:56:43.476+0000] {dag.py:4180} INFO - Setting next_dagrun for example_nested_branch_dag to 2024-10-15 00:00:00+00:00, run_after=2024-10-16 00:00:00+00:00
[2024-10-16T12:56:43.498+0000] {processor.py:208} INFO - Processing /home/airflow/.local/lib/python3.12/site-packages/airflow/example_dags/example_nested_branch_dag.py took 0.080 seconds
[2024-10-16T12:57:14.629+0000] {processor.py:186} INFO - Started process (PID=911) to work on /home/airflow/.local/lib/python3.12/site-packages/airflow/example_dags/example_nested_branch_dag.py
[2024-10-16T12:57:14.653+0000] {processor.py:914} INFO - Processing file /home/airflow/.local/lib/python3.12/site-packages/airflow/example_dags/example_nested_branch_dag.py for tasks to queue
[2024-10-16T12:57:14.661+0000] {logging_mixin.py:190} INFO - [2024-10-16T12:57:14.660+0000] {dagbag.py:588} INFO - Filling up the DagBag from /home/airflow/.local/lib/python3.12/site-packages/airflow/example_dags/example_nested_branch_dag.py
[2024-10-16T12:57:14.687+0000] {processor.py:925} INFO - DAG(s) 'example_nested_branch_dag' retrieved from /home/airflow/.local/lib/python3.12/site-packages/airflow/example_dags/example_nested_branch_dag.py
[2024-10-16T12:57:14.775+0000] {logging_mixin.py:190} INFO - [2024-10-16T12:57:14.774+0000] {dag.py:3239} INFO - Sync 1 DAGs
[2024-10-16T12:57:14.821+0000] {logging_mixin.py:190} INFO - [2024-10-16T12:57:14.821+0000] {dag.py:4180} INFO - Setting next_dagrun for example_nested_branch_dag to 2024-10-15 00:00:00+00:00, run_after=2024-10-16 00:00:00+00:00
[2024-10-16T12:57:14.867+0000] {processor.py:208} INFO - Processing /home/airflow/.local/lib/python3.12/site-packages/airflow/example_dags/example_nested_branch_dag.py took 0.246 seconds
[2024-10-16T12:57:44.923+0000] {processor.py:186} INFO - Started process (PID=973) to work on /home/airflow/.local/lib/python3.12/site-packages/airflow/example_dags/example_nested_branch_dag.py
[2024-10-16T12:57:44.925+0000] {processor.py:914} INFO - Processing file /home/airflow/.local/lib/python3.12/site-packages/airflow/example_dags/example_nested_branch_dag.py for tasks to queue
[2024-10-16T12:57:44.927+0000] {logging_mixin.py:190} INFO - [2024-10-16T12:57:44.927+0000] {dagbag.py:588} INFO - Filling up the DagBag from /home/airflow/.local/lib/python3.12/site-packages/airflow/example_dags/example_nested_branch_dag.py
[2024-10-16T12:57:44.935+0000] {processor.py:925} INFO - DAG(s) 'example_nested_branch_dag' retrieved from /home/airflow/.local/lib/python3.12/site-packages/airflow/example_dags/example_nested_branch_dag.py
[2024-10-16T12:57:44.955+0000] {logging_mixin.py:190} INFO - [2024-10-16T12:57:44.955+0000] {dag.py:3239} INFO - Sync 1 DAGs
[2024-10-16T12:57:44.978+0000] {logging_mixin.py:190} INFO - [2024-10-16T12:57:44.978+0000] {dag.py:4180} INFO - Setting next_dagrun for example_nested_branch_dag to 2024-10-15 00:00:00+00:00, run_after=2024-10-16 00:00:00+00:00
[2024-10-16T12:57:45.055+0000] {processor.py:208} INFO - Processing /home/airflow/.local/lib/python3.12/site-packages/airflow/example_dags/example_nested_branch_dag.py took 0.137 seconds
[2024-10-16T12:58:15.942+0000] {processor.py:186} INFO - Started process (PID=1036) to work on /home/airflow/.local/lib/python3.12/site-packages/airflow/example_dags/example_nested_branch_dag.py
[2024-10-16T12:58:15.943+0000] {processor.py:914} INFO - Processing file /home/airflow/.local/lib/python3.12/site-packages/airflow/example_dags/example_nested_branch_dag.py for tasks to queue
[2024-10-16T12:58:15.946+0000] {logging_mixin.py:190} INFO - [2024-10-16T12:58:15.945+0000] {dagbag.py:588} INFO - Filling up the DagBag from /home/airflow/.local/lib/python3.12/site-packages/airflow/example_dags/example_nested_branch_dag.py
[2024-10-16T12:58:15.960+0000] {processor.py:925} INFO - DAG(s) 'example_nested_branch_dag' retrieved from /home/airflow/.local/lib/python3.12/site-packages/airflow/example_dags/example_nested_branch_dag.py
[2024-10-16T12:58:16.039+0000] {logging_mixin.py:190} INFO - [2024-10-16T12:58:16.039+0000] {dag.py:3239} INFO - Sync 1 DAGs
[2024-10-16T12:58:16.066+0000] {logging_mixin.py:190} INFO - [2024-10-16T12:58:16.066+0000] {dag.py:4180} INFO - Setting next_dagrun for example_nested_branch_dag to 2024-10-15 00:00:00+00:00, run_after=2024-10-16 00:00:00+00:00
[2024-10-16T12:58:16.102+0000] {processor.py:208} INFO - Processing /home/airflow/.local/lib/python3.12/site-packages/airflow/example_dags/example_nested_branch_dag.py took 0.167 seconds
[2024-10-16T12:58:46.485+0000] {processor.py:186} INFO - Started process (PID=1098) to work on /home/airflow/.local/lib/python3.12/site-packages/airflow/example_dags/example_nested_branch_dag.py
[2024-10-16T12:58:46.506+0000] {processor.py:914} INFO - Processing file /home/airflow/.local/lib/python3.12/site-packages/airflow/example_dags/example_nested_branch_dag.py for tasks to queue
[2024-10-16T12:58:46.511+0000] {logging_mixin.py:190} INFO - [2024-10-16T12:58:46.511+0000] {dagbag.py:588} INFO - Filling up the DagBag from /home/airflow/.local/lib/python3.12/site-packages/airflow/example_dags/example_nested_branch_dag.py
[2024-10-16T12:58:46.528+0000] {processor.py:925} INFO - DAG(s) 'example_nested_branch_dag' retrieved from /home/airflow/.local/lib/python3.12/site-packages/airflow/example_dags/example_nested_branch_dag.py
[2024-10-16T12:58:46.553+0000] {logging_mixin.py:190} INFO - [2024-10-16T12:58:46.552+0000] {dag.py:3239} INFO - Sync 1 DAGs
[2024-10-16T12:58:46.585+0000] {logging_mixin.py:190} INFO - [2024-10-16T12:58:46.585+0000] {dag.py:4180} INFO - Setting next_dagrun for example_nested_branch_dag to 2024-10-15 00:00:00+00:00, run_after=2024-10-16 00:00:00+00:00
[2024-10-16T12:58:46.611+0000] {processor.py:208} INFO - Processing /home/airflow/.local/lib/python3.12/site-packages/airflow/example_dags/example_nested_branch_dag.py took 0.133 seconds
[2024-10-16T12:59:16.820+0000] {processor.py:186} INFO - Started process (PID=1160) to work on /home/airflow/.local/lib/python3.12/site-packages/airflow/example_dags/example_nested_branch_dag.py
[2024-10-16T12:59:16.821+0000] {processor.py:914} INFO - Processing file /home/airflow/.local/lib/python3.12/site-packages/airflow/example_dags/example_nested_branch_dag.py for tasks to queue
[2024-10-16T12:59:16.823+0000] {logging_mixin.py:190} INFO - [2024-10-16T12:59:16.822+0000] {dagbag.py:588} INFO - Filling up the DagBag from /home/airflow/.local/lib/python3.12/site-packages/airflow/example_dags/example_nested_branch_dag.py
[2024-10-16T12:59:16.831+0000] {processor.py:925} INFO - DAG(s) 'example_nested_branch_dag' retrieved from /home/airflow/.local/lib/python3.12/site-packages/airflow/example_dags/example_nested_branch_dag.py
[2024-10-16T12:59:16.847+0000] {logging_mixin.py:190} INFO - [2024-10-16T12:59:16.847+0000] {dag.py:3239} INFO - Sync 1 DAGs
[2024-10-16T12:59:16.864+0000] {logging_mixin.py:190} INFO - [2024-10-16T12:59:16.864+0000] {dag.py:4180} INFO - Setting next_dagrun for example_nested_branch_dag to 2024-10-15 00:00:00+00:00, run_after=2024-10-16 00:00:00+00:00
[2024-10-16T12:59:16.895+0000] {processor.py:208} INFO - Processing /home/airflow/.local/lib/python3.12/site-packages/airflow/example_dags/example_nested_branch_dag.py took 0.080 seconds
[2024-10-16T12:59:47.073+0000] {processor.py:186} INFO - Started process (PID=1228) to work on /home/airflow/.local/lib/python3.12/site-packages/airflow/example_dags/example_nested_branch_dag.py
[2024-10-16T12:59:47.075+0000] {processor.py:914} INFO - Processing file /home/airflow/.local/lib/python3.12/site-packages/airflow/example_dags/example_nested_branch_dag.py for tasks to queue
[2024-10-16T12:59:47.078+0000] {logging_mixin.py:190} INFO - [2024-10-16T12:59:47.078+0000] {dagbag.py:588} INFO - Filling up the DagBag from /home/airflow/.local/lib/python3.12/site-packages/airflow/example_dags/example_nested_branch_dag.py
[2024-10-16T12:59:47.091+0000] {processor.py:925} INFO - DAG(s) 'example_nested_branch_dag' retrieved from /home/airflow/.local/lib/python3.12/site-packages/airflow/example_dags/example_nested_branch_dag.py
[2024-10-16T12:59:47.115+0000] {logging_mixin.py:190} INFO - [2024-10-16T12:59:47.114+0000] {dag.py:3239} INFO - Sync 1 DAGs
[2024-10-16T12:59:47.162+0000] {logging_mixin.py:190} INFO - [2024-10-16T12:59:47.162+0000] {dag.py:4180} INFO - Setting next_dagrun for example_nested_branch_dag to 2024-10-15 00:00:00+00:00, run_after=2024-10-16 00:00:00+00:00
[2024-10-16T12:59:47.204+0000] {processor.py:208} INFO - Processing /home/airflow/.local/lib/python3.12/site-packages/airflow/example_dags/example_nested_branch_dag.py took 0.137 seconds
[2024-10-16T13:00:17.584+0000] {processor.py:186} INFO - Started process (PID=1291) to work on /home/airflow/.local/lib/python3.12/site-packages/airflow/example_dags/example_nested_branch_dag.py
[2024-10-16T13:00:17.598+0000] {processor.py:914} INFO - Processing file /home/airflow/.local/lib/python3.12/site-packages/airflow/example_dags/example_nested_branch_dag.py for tasks to queue
[2024-10-16T13:00:17.601+0000] {logging_mixin.py:190} INFO - [2024-10-16T13:00:17.600+0000] {dagbag.py:588} INFO - Filling up the DagBag from /home/airflow/.local/lib/python3.12/site-packages/airflow/example_dags/example_nested_branch_dag.py
[2024-10-16T13:00:17.612+0000] {processor.py:925} INFO - DAG(s) 'example_nested_branch_dag' retrieved from /home/airflow/.local/lib/python3.12/site-packages/airflow/example_dags/example_nested_branch_dag.py
[2024-10-16T13:00:17.633+0000] {logging_mixin.py:190} INFO - [2024-10-16T13:00:17.632+0000] {dag.py:3239} INFO - Sync 1 DAGs
[2024-10-16T13:00:17.659+0000] {logging_mixin.py:190} INFO - [2024-10-16T13:00:17.658+0000] {dag.py:4180} INFO - Setting next_dagrun for example_nested_branch_dag to 2024-10-15 00:00:00+00:00, run_after=2024-10-16 00:00:00+00:00
[2024-10-16T13:00:17.691+0000] {processor.py:208} INFO - Processing /home/airflow/.local/lib/python3.12/site-packages/airflow/example_dags/example_nested_branch_dag.py took 0.114 seconds
[2024-10-16T13:00:48.581+0000] {processor.py:186} INFO - Started process (PID=1353) to work on /home/airflow/.local/lib/python3.12/site-packages/airflow/example_dags/example_nested_branch_dag.py
[2024-10-16T13:00:48.582+0000] {processor.py:914} INFO - Processing file /home/airflow/.local/lib/python3.12/site-packages/airflow/example_dags/example_nested_branch_dag.py for tasks to queue
[2024-10-16T13:00:48.585+0000] {logging_mixin.py:190} INFO - [2024-10-16T13:00:48.584+0000] {dagbag.py:588} INFO - Filling up the DagBag from /home/airflow/.local/lib/python3.12/site-packages/airflow/example_dags/example_nested_branch_dag.py
[2024-10-16T13:00:48.597+0000] {processor.py:925} INFO - DAG(s) 'example_nested_branch_dag' retrieved from /home/airflow/.local/lib/python3.12/site-packages/airflow/example_dags/example_nested_branch_dag.py
[2024-10-16T13:00:48.623+0000] {logging_mixin.py:190} INFO - [2024-10-16T13:00:48.623+0000] {dag.py:3239} INFO - Sync 1 DAGs
[2024-10-16T13:00:48.651+0000] {logging_mixin.py:190} INFO - [2024-10-16T13:00:48.650+0000] {dag.py:4180} INFO - Setting next_dagrun for example_nested_branch_dag to 2024-10-15 00:00:00+00:00, run_after=2024-10-16 00:00:00+00:00
[2024-10-16T13:00:48.672+0000] {processor.py:208} INFO - Processing /home/airflow/.local/lib/python3.12/site-packages/airflow/example_dags/example_nested_branch_dag.py took 0.098 seconds
[2024-10-16T13:01:18.993+0000] {processor.py:186} INFO - Started process (PID=1415) to work on /home/airflow/.local/lib/python3.12/site-packages/airflow/example_dags/example_nested_branch_dag.py
[2024-10-16T13:01:18.995+0000] {processor.py:914} INFO - Processing file /home/airflow/.local/lib/python3.12/site-packages/airflow/example_dags/example_nested_branch_dag.py for tasks to queue
[2024-10-16T13:01:18.997+0000] {logging_mixin.py:190} INFO - [2024-10-16T13:01:18.997+0000] {dagbag.py:588} INFO - Filling up the DagBag from /home/airflow/.local/lib/python3.12/site-packages/airflow/example_dags/example_nested_branch_dag.py
[2024-10-16T13:01:19.019+0000] {processor.py:925} INFO - DAG(s) 'example_nested_branch_dag' retrieved from /home/airflow/.local/lib/python3.12/site-packages/airflow/example_dags/example_nested_branch_dag.py
[2024-10-16T13:01:19.041+0000] {logging_mixin.py:190} INFO - [2024-10-16T13:01:19.040+0000] {dag.py:3239} INFO - Sync 1 DAGs
[2024-10-16T13:01:19.062+0000] {logging_mixin.py:190} INFO - [2024-10-16T13:01:19.062+0000] {dag.py:4180} INFO - Setting next_dagrun for example_nested_branch_dag to 2024-10-15 00:00:00+00:00, run_after=2024-10-16 00:00:00+00:00
[2024-10-16T13:01:19.086+0000] {processor.py:208} INFO - Processing /home/airflow/.local/lib/python3.12/site-packages/airflow/example_dags/example_nested_branch_dag.py took 0.109 seconds
[2024-10-16T13:01:49.626+0000] {processor.py:186} INFO - Started process (PID=1476) to work on /home/airflow/.local/lib/python3.12/site-packages/airflow/example_dags/example_nested_branch_dag.py
[2024-10-16T13:01:49.627+0000] {processor.py:914} INFO - Processing file /home/airflow/.local/lib/python3.12/site-packages/airflow/example_dags/example_nested_branch_dag.py for tasks to queue
[2024-10-16T13:01:49.629+0000] {logging_mixin.py:190} INFO - [2024-10-16T13:01:49.629+0000] {dagbag.py:588} INFO - Filling up the DagBag from /home/airflow/.local/lib/python3.12/site-packages/airflow/example_dags/example_nested_branch_dag.py
[2024-10-16T13:01:49.640+0000] {processor.py:925} INFO - DAG(s) 'example_nested_branch_dag' retrieved from /home/airflow/.local/lib/python3.12/site-packages/airflow/example_dags/example_nested_branch_dag.py
[2024-10-16T13:01:49.661+0000] {logging_mixin.py:190} INFO - [2024-10-16T13:01:49.661+0000] {dag.py:3239} INFO - Sync 1 DAGs
[2024-10-16T13:01:49.691+0000] {logging_mixin.py:190} INFO - [2024-10-16T13:01:49.691+0000] {dag.py:4180} INFO - Setting next_dagrun for example_nested_branch_dag to 2024-10-15 00:00:00+00:00, run_after=2024-10-16 00:00:00+00:00
[2024-10-16T13:01:49.715+0000] {processor.py:208} INFO - Processing /home/airflow/.local/lib/python3.12/site-packages/airflow/example_dags/example_nested_branch_dag.py took 0.096 seconds
[2024-10-16T13:02:20.998+0000] {processor.py:186} INFO - Started process (PID=1539) to work on /home/airflow/.local/lib/python3.12/site-packages/airflow/example_dags/example_nested_branch_dag.py
[2024-10-16T13:02:21.000+0000] {processor.py:914} INFO - Processing file /home/airflow/.local/lib/python3.12/site-packages/airflow/example_dags/example_nested_branch_dag.py for tasks to queue
[2024-10-16T13:02:21.004+0000] {logging_mixin.py:190} INFO - [2024-10-16T13:02:21.004+0000] {dagbag.py:588} INFO - Filling up the DagBag from /home/airflow/.local/lib/python3.12/site-packages/airflow/example_dags/example_nested_branch_dag.py
[2024-10-16T13:02:21.022+0000] {processor.py:925} INFO - DAG(s) 'example_nested_branch_dag' retrieved from /home/airflow/.local/lib/python3.12/site-packages/airflow/example_dags/example_nested_branch_dag.py
[2024-10-16T13:02:21.062+0000] {logging_mixin.py:190} INFO - [2024-10-16T13:02:21.061+0000] {dag.py:3239} INFO - Sync 1 DAGs
[2024-10-16T13:02:21.105+0000] {logging_mixin.py:190} INFO - [2024-10-16T13:02:21.104+0000] {dag.py:4180} INFO - Setting next_dagrun for example_nested_branch_dag to 2024-10-15 00:00:00+00:00, run_after=2024-10-16 00:00:00+00:00
[2024-10-16T13:02:21.144+0000] {processor.py:208} INFO - Processing /home/airflow/.local/lib/python3.12/site-packages/airflow/example_dags/example_nested_branch_dag.py took 0.154 seconds
[2024-10-16T13:02:51.418+0000] {processor.py:186} INFO - Started process (PID=1601) to work on /home/airflow/.local/lib/python3.12/site-packages/airflow/example_dags/example_nested_branch_dag.py
[2024-10-16T13:02:51.420+0000] {processor.py:914} INFO - Processing file /home/airflow/.local/lib/python3.12/site-packages/airflow/example_dags/example_nested_branch_dag.py for tasks to queue
[2024-10-16T13:02:51.424+0000] {logging_mixin.py:190} INFO - [2024-10-16T13:02:51.423+0000] {dagbag.py:588} INFO - Filling up the DagBag from /home/airflow/.local/lib/python3.12/site-packages/airflow/example_dags/example_nested_branch_dag.py
[2024-10-16T13:02:51.445+0000] {processor.py:925} INFO - DAG(s) 'example_nested_branch_dag' retrieved from /home/airflow/.local/lib/python3.12/site-packages/airflow/example_dags/example_nested_branch_dag.py
[2024-10-16T13:02:51.513+0000] {logging_mixin.py:190} INFO - [2024-10-16T13:02:51.512+0000] {dag.py:3239} INFO - Sync 1 DAGs
[2024-10-16T13:02:51.561+0000] {logging_mixin.py:190} INFO - [2024-10-16T13:02:51.560+0000] {dag.py:4180} INFO - Setting next_dagrun for example_nested_branch_dag to 2024-10-15 00:00:00+00:00, run_after=2024-10-16 00:00:00+00:00
[2024-10-16T13:02:51.602+0000] {processor.py:208} INFO - Processing /home/airflow/.local/lib/python3.12/site-packages/airflow/example_dags/example_nested_branch_dag.py took 0.196 seconds
[2024-10-16T13:03:21.893+0000] {processor.py:186} INFO - Started process (PID=1664) to work on /home/airflow/.local/lib/python3.12/site-packages/airflow/example_dags/example_nested_branch_dag.py
[2024-10-16T13:03:21.894+0000] {processor.py:914} INFO - Processing file /home/airflow/.local/lib/python3.12/site-packages/airflow/example_dags/example_nested_branch_dag.py for tasks to queue
[2024-10-16T13:03:21.898+0000] {logging_mixin.py:190} INFO - [2024-10-16T13:03:21.897+0000] {dagbag.py:588} INFO - Filling up the DagBag from /home/airflow/.local/lib/python3.12/site-packages/airflow/example_dags/example_nested_branch_dag.py
[2024-10-16T13:03:21.919+0000] {processor.py:925} INFO - DAG(s) 'example_nested_branch_dag' retrieved from /home/airflow/.local/lib/python3.12/site-packages/airflow/example_dags/example_nested_branch_dag.py
[2024-10-16T13:03:21.964+0000] {logging_mixin.py:190} INFO - [2024-10-16T13:03:21.964+0000] {dag.py:3239} INFO - Sync 1 DAGs
[2024-10-16T13:03:21.996+0000] {logging_mixin.py:190} INFO - [2024-10-16T13:03:21.996+0000] {dag.py:4180} INFO - Setting next_dagrun for example_nested_branch_dag to 2024-10-15 00:00:00+00:00, run_after=2024-10-16 00:00:00+00:00
[2024-10-16T13:03:22.018+0000] {processor.py:208} INFO - Processing /home/airflow/.local/lib/python3.12/site-packages/airflow/example_dags/example_nested_branch_dag.py took 0.133 seconds
[2024-10-16T13:03:52.772+0000] {processor.py:186} INFO - Started process (PID=1726) to work on /home/airflow/.local/lib/python3.12/site-packages/airflow/example_dags/example_nested_branch_dag.py
[2024-10-16T13:03:52.773+0000] {processor.py:914} INFO - Processing file /home/airflow/.local/lib/python3.12/site-packages/airflow/example_dags/example_nested_branch_dag.py for tasks to queue
[2024-10-16T13:03:52.775+0000] {logging_mixin.py:190} INFO - [2024-10-16T13:03:52.775+0000] {dagbag.py:588} INFO - Filling up the DagBag from /home/airflow/.local/lib/python3.12/site-packages/airflow/example_dags/example_nested_branch_dag.py
[2024-10-16T13:03:52.788+0000] {processor.py:925} INFO - DAG(s) 'example_nested_branch_dag' retrieved from /home/airflow/.local/lib/python3.12/site-packages/airflow/example_dags/example_nested_branch_dag.py
[2024-10-16T13:03:52.822+0000] {logging_mixin.py:190} INFO - [2024-10-16T13:03:52.821+0000] {dag.py:3239} INFO - Sync 1 DAGs
[2024-10-16T13:03:52.847+0000] {logging_mixin.py:190} INFO - [2024-10-16T13:03:52.846+0000] {dag.py:4180} INFO - Setting next_dagrun for example_nested_branch_dag to 2024-10-15 00:00:00+00:00, run_after=2024-10-16 00:00:00+00:00
[2024-10-16T13:03:52.875+0000] {processor.py:208} INFO - Processing /home/airflow/.local/lib/python3.12/site-packages/airflow/example_dags/example_nested_branch_dag.py took 0.108 seconds
[2024-10-16T13:04:23.069+0000] {processor.py:186} INFO - Started process (PID=1787) to work on /home/airflow/.local/lib/python3.12/site-packages/airflow/example_dags/example_nested_branch_dag.py
[2024-10-16T13:04:23.070+0000] {processor.py:914} INFO - Processing file /home/airflow/.local/lib/python3.12/site-packages/airflow/example_dags/example_nested_branch_dag.py for tasks to queue
[2024-10-16T13:04:23.073+0000] {logging_mixin.py:190} INFO - [2024-10-16T13:04:23.073+0000] {dagbag.py:588} INFO - Filling up the DagBag from /home/airflow/.local/lib/python3.12/site-packages/airflow/example_dags/example_nested_branch_dag.py
[2024-10-16T13:04:23.086+0000] {processor.py:925} INFO - DAG(s) 'example_nested_branch_dag' retrieved from /home/airflow/.local/lib/python3.12/site-packages/airflow/example_dags/example_nested_branch_dag.py
[2024-10-16T13:04:23.115+0000] {logging_mixin.py:190} INFO - [2024-10-16T13:04:23.115+0000] {dag.py:3239} INFO - Sync 1 DAGs
[2024-10-16T13:04:23.149+0000] {logging_mixin.py:190} INFO - [2024-10-16T13:04:23.149+0000] {dag.py:4180} INFO - Setting next_dagrun for example_nested_branch_dag to 2024-10-15 00:00:00+00:00, run_after=2024-10-16 00:00:00+00:00
[2024-10-16T13:04:23.172+0000] {processor.py:208} INFO - Processing /home/airflow/.local/lib/python3.12/site-packages/airflow/example_dags/example_nested_branch_dag.py took 0.110 seconds
[2024-10-16T13:08:07.884+0000] {processor.py:186} INFO - Started process (PID=104) to work on /home/airflow/.local/lib/python3.12/site-packages/airflow/example_dags/example_nested_branch_dag.py
[2024-10-16T13:08:07.885+0000] {processor.py:914} INFO - Processing file /home/airflow/.local/lib/python3.12/site-packages/airflow/example_dags/example_nested_branch_dag.py for tasks to queue
[2024-10-16T13:08:07.887+0000] {logging_mixin.py:190} INFO - [2024-10-16T13:08:07.887+0000] {dagbag.py:588} INFO - Filling up the DagBag from /home/airflow/.local/lib/python3.12/site-packages/airflow/example_dags/example_nested_branch_dag.py
[2024-10-16T13:08:07.896+0000] {processor.py:925} INFO - DAG(s) 'example_nested_branch_dag' retrieved from /home/airflow/.local/lib/python3.12/site-packages/airflow/example_dags/example_nested_branch_dag.py
[2024-10-16T13:08:08.025+0000] {logging_mixin.py:190} INFO - [2024-10-16T13:08:08.024+0000] {override.py:1900} INFO - Created Permission View: can read on DAG:example_nested_branch_dag
[2024-10-16T13:08:08.034+0000] {logging_mixin.py:190} INFO - [2024-10-16T13:08:08.034+0000] {override.py:1900} INFO - Created Permission View: can delete on DAG:example_nested_branch_dag
[2024-10-16T13:08:08.042+0000] {logging_mixin.py:190} INFO - [2024-10-16T13:08:08.041+0000] {override.py:1900} INFO - Created Permission View: can edit on DAG:example_nested_branch_dag
[2024-10-16T13:08:08.050+0000] {logging_mixin.py:190} INFO - [2024-10-16T13:08:08.050+0000] {override.py:1900} INFO - Created Permission View: can create on DAG Run:example_nested_branch_dag
[2024-10-16T13:08:08.057+0000] {logging_mixin.py:190} INFO - [2024-10-16T13:08:08.057+0000] {override.py:1900} INFO - Created Permission View: menu access on DAG Run:example_nested_branch_dag
[2024-10-16T13:08:08.064+0000] {logging_mixin.py:190} INFO - [2024-10-16T13:08:08.063+0000] {override.py:1900} INFO - Created Permission View: can read on DAG Run:example_nested_branch_dag
[2024-10-16T13:08:08.071+0000] {logging_mixin.py:190} INFO - [2024-10-16T13:08:08.071+0000] {override.py:1900} INFO - Created Permission View: can delete on DAG Run:example_nested_branch_dag
[2024-10-16T13:08:08.072+0000] {logging_mixin.py:190} INFO - [2024-10-16T13:08:08.072+0000] {dag.py:3239} INFO - Sync 1 DAGs
[2024-10-16T13:08:08.084+0000] {logging_mixin.py:190} INFO - [2024-10-16T13:08:08.084+0000] {dag.py:3262} INFO - Creating ORM DAG for example_nested_branch_dag
[2024-10-16T13:08:08.093+0000] {logging_mixin.py:190} INFO - [2024-10-16T13:08:08.093+0000] {dag.py:4180} INFO - Setting next_dagrun for example_nested_branch_dag to 2024-10-15 00:00:00+00:00, run_after=2024-10-16 00:00:00+00:00
[2024-10-16T13:08:08.131+0000] {processor.py:208} INFO - Processing /home/airflow/.local/lib/python3.12/site-packages/airflow/example_dags/example_nested_branch_dag.py took 0.254 seconds
[2024-10-16T13:08:38.847+0000] {processor.py:186} INFO - Started process (PID=167) to work on /home/airflow/.local/lib/python3.12/site-packages/airflow/example_dags/example_nested_branch_dag.py
[2024-10-16T13:08:38.848+0000] {processor.py:914} INFO - Processing file /home/airflow/.local/lib/python3.12/site-packages/airflow/example_dags/example_nested_branch_dag.py for tasks to queue
[2024-10-16T13:08:38.852+0000] {logging_mixin.py:190} INFO - [2024-10-16T13:08:38.851+0000] {dagbag.py:588} INFO - Filling up the DagBag from /home/airflow/.local/lib/python3.12/site-packages/airflow/example_dags/example_nested_branch_dag.py
[2024-10-16T13:08:38.862+0000] {processor.py:925} INFO - DAG(s) 'example_nested_branch_dag' retrieved from /home/airflow/.local/lib/python3.12/site-packages/airflow/example_dags/example_nested_branch_dag.py
[2024-10-16T13:08:38.885+0000] {logging_mixin.py:190} INFO - [2024-10-16T13:08:38.884+0000] {dag.py:3239} INFO - Sync 1 DAGs
[2024-10-16T13:08:38.911+0000] {logging_mixin.py:190} INFO - [2024-10-16T13:08:38.911+0000] {dag.py:4180} INFO - Setting next_dagrun for example_nested_branch_dag to 2024-10-15 00:00:00+00:00, run_after=2024-10-16 00:00:00+00:00
[2024-10-16T13:08:38.936+0000] {processor.py:208} INFO - Processing /home/airflow/.local/lib/python3.12/site-packages/airflow/example_dags/example_nested_branch_dag.py took 0.094 seconds
[2024-10-16T13:09:09.275+0000] {processor.py:186} INFO - Started process (PID=230) to work on /home/airflow/.local/lib/python3.12/site-packages/airflow/example_dags/example_nested_branch_dag.py
[2024-10-16T13:09:09.276+0000] {processor.py:914} INFO - Processing file /home/airflow/.local/lib/python3.12/site-packages/airflow/example_dags/example_nested_branch_dag.py for tasks to queue
[2024-10-16T13:09:09.278+0000] {logging_mixin.py:190} INFO - [2024-10-16T13:09:09.278+0000] {dagbag.py:588} INFO - Filling up the DagBag from /home/airflow/.local/lib/python3.12/site-packages/airflow/example_dags/example_nested_branch_dag.py
[2024-10-16T13:09:09.288+0000] {processor.py:925} INFO - DAG(s) 'example_nested_branch_dag' retrieved from /home/airflow/.local/lib/python3.12/site-packages/airflow/example_dags/example_nested_branch_dag.py
[2024-10-16T13:09:09.314+0000] {logging_mixin.py:190} INFO - [2024-10-16T13:09:09.313+0000] {dag.py:3239} INFO - Sync 1 DAGs
[2024-10-16T13:09:09.345+0000] {logging_mixin.py:190} INFO - [2024-10-16T13:09:09.345+0000] {dag.py:4180} INFO - Setting next_dagrun for example_nested_branch_dag to 2024-10-15 00:00:00+00:00, run_after=2024-10-16 00:00:00+00:00
[2024-10-16T13:09:09.371+0000] {processor.py:208} INFO - Processing /home/airflow/.local/lib/python3.12/site-packages/airflow/example_dags/example_nested_branch_dag.py took 0.100 seconds
[2024-10-16T13:09:39.524+0000] {processor.py:186} INFO - Started process (PID=293) to work on /home/airflow/.local/lib/python3.12/site-packages/airflow/example_dags/example_nested_branch_dag.py
[2024-10-16T13:09:39.526+0000] {processor.py:914} INFO - Processing file /home/airflow/.local/lib/python3.12/site-packages/airflow/example_dags/example_nested_branch_dag.py for tasks to queue
[2024-10-16T13:09:39.528+0000] {logging_mixin.py:190} INFO - [2024-10-16T13:09:39.528+0000] {dagbag.py:588} INFO - Filling up the DagBag from /home/airflow/.local/lib/python3.12/site-packages/airflow/example_dags/example_nested_branch_dag.py
[2024-10-16T13:09:39.544+0000] {processor.py:925} INFO - DAG(s) 'example_nested_branch_dag' retrieved from /home/airflow/.local/lib/python3.12/site-packages/airflow/example_dags/example_nested_branch_dag.py
[2024-10-16T13:09:39.573+0000] {logging_mixin.py:190} INFO - [2024-10-16T13:09:39.573+0000] {dag.py:3239} INFO - Sync 1 DAGs
[2024-10-16T13:09:39.599+0000] {logging_mixin.py:190} INFO - [2024-10-16T13:09:39.599+0000] {dag.py:4180} INFO - Setting next_dagrun for example_nested_branch_dag to 2024-10-15 00:00:00+00:00, run_after=2024-10-16 00:00:00+00:00
[2024-10-16T13:09:39.634+0000] {processor.py:208} INFO - Processing /home/airflow/.local/lib/python3.12/site-packages/airflow/example_dags/example_nested_branch_dag.py took 0.118 seconds
[2024-10-16T13:10:09.846+0000] {processor.py:186} INFO - Started process (PID=356) to work on /home/airflow/.local/lib/python3.12/site-packages/airflow/example_dags/example_nested_branch_dag.py
[2024-10-16T13:10:09.848+0000] {processor.py:914} INFO - Processing file /home/airflow/.local/lib/python3.12/site-packages/airflow/example_dags/example_nested_branch_dag.py for tasks to queue
[2024-10-16T13:10:09.852+0000] {logging_mixin.py:190} INFO - [2024-10-16T13:10:09.852+0000] {dagbag.py:588} INFO - Filling up the DagBag from /home/airflow/.local/lib/python3.12/site-packages/airflow/example_dags/example_nested_branch_dag.py
[2024-10-16T13:10:09.870+0000] {processor.py:925} INFO - DAG(s) 'example_nested_branch_dag' retrieved from /home/airflow/.local/lib/python3.12/site-packages/airflow/example_dags/example_nested_branch_dag.py
[2024-10-16T13:10:09.911+0000] {logging_mixin.py:190} INFO - [2024-10-16T13:10:09.910+0000] {dag.py:3239} INFO - Sync 1 DAGs
[2024-10-16T13:10:09.949+0000] {logging_mixin.py:190} INFO - [2024-10-16T13:10:09.949+0000] {dag.py:4180} INFO - Setting next_dagrun for example_nested_branch_dag to 2024-10-15 00:00:00+00:00, run_after=2024-10-16 00:00:00+00:00
[2024-10-16T13:10:09.981+0000] {processor.py:208} INFO - Processing /home/airflow/.local/lib/python3.12/site-packages/airflow/example_dags/example_nested_branch_dag.py took 0.144 seconds
[2024-10-16T13:10:40.966+0000] {processor.py:186} INFO - Started process (PID=419) to work on /home/airflow/.local/lib/python3.12/site-packages/airflow/example_dags/example_nested_branch_dag.py
[2024-10-16T13:10:40.967+0000] {processor.py:914} INFO - Processing file /home/airflow/.local/lib/python3.12/site-packages/airflow/example_dags/example_nested_branch_dag.py for tasks to queue
[2024-10-16T13:10:40.970+0000] {logging_mixin.py:190} INFO - [2024-10-16T13:10:40.970+0000] {dagbag.py:588} INFO - Filling up the DagBag from /home/airflow/.local/lib/python3.12/site-packages/airflow/example_dags/example_nested_branch_dag.py
[2024-10-16T13:10:40.980+0000] {processor.py:925} INFO - DAG(s) 'example_nested_branch_dag' retrieved from /home/airflow/.local/lib/python3.12/site-packages/airflow/example_dags/example_nested_branch_dag.py
[2024-10-16T13:10:40.999+0000] {logging_mixin.py:190} INFO - [2024-10-16T13:10:40.998+0000] {dag.py:3239} INFO - Sync 1 DAGs
[2024-10-16T13:10:41.018+0000] {logging_mixin.py:190} INFO - [2024-10-16T13:10:41.018+0000] {dag.py:4180} INFO - Setting next_dagrun for example_nested_branch_dag to 2024-10-15 00:00:00+00:00, run_after=2024-10-16 00:00:00+00:00
[2024-10-16T13:10:41.039+0000] {processor.py:208} INFO - Processing /home/airflow/.local/lib/python3.12/site-packages/airflow/example_dags/example_nested_branch_dag.py took 0.078 seconds
[2024-10-16T13:11:11.635+0000] {processor.py:186} INFO - Started process (PID=482) to work on /home/airflow/.local/lib/python3.12/site-packages/airflow/example_dags/example_nested_branch_dag.py
[2024-10-16T13:11:11.636+0000] {processor.py:914} INFO - Processing file /home/airflow/.local/lib/python3.12/site-packages/airflow/example_dags/example_nested_branch_dag.py for tasks to queue
[2024-10-16T13:11:11.639+0000] {logging_mixin.py:190} INFO - [2024-10-16T13:11:11.638+0000] {dagbag.py:588} INFO - Filling up the DagBag from /home/airflow/.local/lib/python3.12/site-packages/airflow/example_dags/example_nested_branch_dag.py
[2024-10-16T13:11:11.649+0000] {processor.py:925} INFO - DAG(s) 'example_nested_branch_dag' retrieved from /home/airflow/.local/lib/python3.12/site-packages/airflow/example_dags/example_nested_branch_dag.py
[2024-10-16T13:11:11.670+0000] {logging_mixin.py:190} INFO - [2024-10-16T13:11:11.670+0000] {dag.py:3239} INFO - Sync 1 DAGs
[2024-10-16T13:11:11.704+0000] {logging_mixin.py:190} INFO - [2024-10-16T13:11:11.704+0000] {dag.py:4180} INFO - Setting next_dagrun for example_nested_branch_dag to 2024-10-15 00:00:00+00:00, run_after=2024-10-16 00:00:00+00:00
[2024-10-16T13:11:11.735+0000] {processor.py:208} INFO - Processing /home/airflow/.local/lib/python3.12/site-packages/airflow/example_dags/example_nested_branch_dag.py took 0.105 seconds
[2024-10-16T13:12:47.806+0000] {processor.py:186} INFO - Started process (PID=103) to work on /home/airflow/.local/lib/python3.12/site-packages/airflow/example_dags/example_nested_branch_dag.py
[2024-10-16T13:12:47.807+0000] {processor.py:914} INFO - Processing file /home/airflow/.local/lib/python3.12/site-packages/airflow/example_dags/example_nested_branch_dag.py for tasks to queue
[2024-10-16T13:12:47.810+0000] {logging_mixin.py:190} INFO - [2024-10-16T13:12:47.810+0000] {dagbag.py:588} INFO - Filling up the DagBag from /home/airflow/.local/lib/python3.12/site-packages/airflow/example_dags/example_nested_branch_dag.py
[2024-10-16T13:12:47.820+0000] {processor.py:925} INFO - DAG(s) 'example_nested_branch_dag' retrieved from /home/airflow/.local/lib/python3.12/site-packages/airflow/example_dags/example_nested_branch_dag.py
[2024-10-16T13:12:47.931+0000] {logging_mixin.py:190} INFO - [2024-10-16T13:12:47.930+0000] {override.py:1900} INFO - Created Permission View: can read on DAG:example_nested_branch_dag
[2024-10-16T13:12:47.941+0000] {logging_mixin.py:190} INFO - [2024-10-16T13:12:47.941+0000] {override.py:1900} INFO - Created Permission View: can edit on DAG:example_nested_branch_dag
[2024-10-16T13:12:47.953+0000] {logging_mixin.py:190} INFO - [2024-10-16T13:12:47.953+0000] {override.py:1900} INFO - Created Permission View: can delete on DAG:example_nested_branch_dag
[2024-10-16T13:12:47.962+0000] {logging_mixin.py:190} INFO - [2024-10-16T13:12:47.962+0000] {override.py:1900} INFO - Created Permission View: can read on DAG Run:example_nested_branch_dag
[2024-10-16T13:12:47.971+0000] {logging_mixin.py:190} INFO - [2024-10-16T13:12:47.970+0000] {override.py:1900} INFO - Created Permission View: menu access on DAG Run:example_nested_branch_dag
[2024-10-16T13:12:47.978+0000] {logging_mixin.py:190} INFO - [2024-10-16T13:12:47.977+0000] {override.py:1900} INFO - Created Permission View: can delete on DAG Run:example_nested_branch_dag
[2024-10-16T13:12:47.987+0000] {logging_mixin.py:190} INFO - [2024-10-16T13:12:47.987+0000] {override.py:1900} INFO - Created Permission View: can create on DAG Run:example_nested_branch_dag
[2024-10-16T13:12:47.988+0000] {logging_mixin.py:190} INFO - [2024-10-16T13:12:47.988+0000] {dag.py:3239} INFO - Sync 1 DAGs
[2024-10-16T13:12:48.003+0000] {logging_mixin.py:190} INFO - [2024-10-16T13:12:48.003+0000] {dag.py:3262} INFO - Creating ORM DAG for example_nested_branch_dag
[2024-10-16T13:12:48.014+0000] {logging_mixin.py:190} INFO - [2024-10-16T13:12:48.014+0000] {dag.py:4180} INFO - Setting next_dagrun for example_nested_branch_dag to 2024-10-15 00:00:00+00:00, run_after=2024-10-16 00:00:00+00:00
[2024-10-16T13:12:48.045+0000] {processor.py:208} INFO - Processing /home/airflow/.local/lib/python3.12/site-packages/airflow/example_dags/example_nested_branch_dag.py took 0.249 seconds
[2024-10-16T13:13:18.638+0000] {processor.py:186} INFO - Started process (PID=166) to work on /home/airflow/.local/lib/python3.12/site-packages/airflow/example_dags/example_nested_branch_dag.py
[2024-10-16T13:13:18.639+0000] {processor.py:914} INFO - Processing file /home/airflow/.local/lib/python3.12/site-packages/airflow/example_dags/example_nested_branch_dag.py for tasks to queue
[2024-10-16T13:13:18.641+0000] {logging_mixin.py:190} INFO - [2024-10-16T13:13:18.641+0000] {dagbag.py:588} INFO - Filling up the DagBag from /home/airflow/.local/lib/python3.12/site-packages/airflow/example_dags/example_nested_branch_dag.py
[2024-10-16T13:13:18.655+0000] {processor.py:925} INFO - DAG(s) 'example_nested_branch_dag' retrieved from /home/airflow/.local/lib/python3.12/site-packages/airflow/example_dags/example_nested_branch_dag.py
[2024-10-16T13:13:18.682+0000] {logging_mixin.py:190} INFO - [2024-10-16T13:13:18.682+0000] {dag.py:3239} INFO - Sync 1 DAGs
[2024-10-16T13:13:18.713+0000] {logging_mixin.py:190} INFO - [2024-10-16T13:13:18.713+0000] {dag.py:4180} INFO - Setting next_dagrun for example_nested_branch_dag to 2024-10-15 00:00:00+00:00, run_after=2024-10-16 00:00:00+00:00
[2024-10-16T13:13:18.739+0000] {processor.py:208} INFO - Processing /home/airflow/.local/lib/python3.12/site-packages/airflow/example_dags/example_nested_branch_dag.py took 0.110 seconds
[2024-10-16T13:14:48.982+0000] {processor.py:186} INFO - Started process (PID=105) to work on /home/airflow/.local/lib/python3.12/site-packages/airflow/example_dags/example_nested_branch_dag.py
[2024-10-16T13:14:48.983+0000] {processor.py:914} INFO - Processing file /home/airflow/.local/lib/python3.12/site-packages/airflow/example_dags/example_nested_branch_dag.py for tasks to queue
[2024-10-16T13:14:48.986+0000] {logging_mixin.py:190} INFO - [2024-10-16T13:14:48.986+0000] {dagbag.py:588} INFO - Filling up the DagBag from /home/airflow/.local/lib/python3.12/site-packages/airflow/example_dags/example_nested_branch_dag.py
[2024-10-16T13:14:48.995+0000] {processor.py:925} INFO - DAG(s) 'example_nested_branch_dag' retrieved from /home/airflow/.local/lib/python3.12/site-packages/airflow/example_dags/example_nested_branch_dag.py
[2024-10-16T13:14:49.114+0000] {logging_mixin.py:190} INFO - [2024-10-16T13:14:49.113+0000] {override.py:1900} INFO - Created Permission View: can read on DAG:example_nested_branch_dag
[2024-10-16T13:14:49.128+0000] {logging_mixin.py:190} INFO - [2024-10-16T13:14:49.128+0000] {override.py:1900} INFO - Created Permission View: can delete on DAG:example_nested_branch_dag
[2024-10-16T13:14:49.136+0000] {logging_mixin.py:190} INFO - [2024-10-16T13:14:49.136+0000] {override.py:1900} INFO - Created Permission View: can edit on DAG:example_nested_branch_dag
[2024-10-16T13:14:49.145+0000] {logging_mixin.py:190} INFO - [2024-10-16T13:14:49.144+0000] {override.py:1900} INFO - Created Permission View: can read on DAG Run:example_nested_branch_dag
[2024-10-16T13:14:49.155+0000] {logging_mixin.py:190} INFO - [2024-10-16T13:14:49.155+0000] {override.py:1900} INFO - Created Permission View: can create on DAG Run:example_nested_branch_dag
[2024-10-16T13:14:49.169+0000] {logging_mixin.py:190} INFO - [2024-10-16T13:14:49.168+0000] {override.py:1900} INFO - Created Permission View: can delete on DAG Run:example_nested_branch_dag
[2024-10-16T13:14:49.180+0000] {logging_mixin.py:190} INFO - [2024-10-16T13:14:49.179+0000] {override.py:1900} INFO - Created Permission View: menu access on DAG Run:example_nested_branch_dag
[2024-10-16T13:14:49.181+0000] {logging_mixin.py:190} INFO - [2024-10-16T13:14:49.181+0000] {dag.py:3239} INFO - Sync 1 DAGs
[2024-10-16T13:14:49.202+0000] {logging_mixin.py:190} INFO - [2024-10-16T13:14:49.201+0000] {dag.py:3262} INFO - Creating ORM DAG for example_nested_branch_dag
[2024-10-16T13:14:49.215+0000] {logging_mixin.py:190} INFO - [2024-10-16T13:14:49.214+0000] {dag.py:4180} INFO - Setting next_dagrun for example_nested_branch_dag to 2024-10-15 00:00:00+00:00, run_after=2024-10-16 00:00:00+00:00
[2024-10-16T13:14:49.245+0000] {processor.py:208} INFO - Processing /home/airflow/.local/lib/python3.12/site-packages/airflow/example_dags/example_nested_branch_dag.py took 0.265 seconds
[2024-10-16T13:16:18.523+0000] {processor.py:186} INFO - Started process (PID=104) to work on /home/airflow/.local/lib/python3.12/site-packages/airflow/example_dags/example_nested_branch_dag.py
[2024-10-16T13:16:18.524+0000] {processor.py:914} INFO - Processing file /home/airflow/.local/lib/python3.12/site-packages/airflow/example_dags/example_nested_branch_dag.py for tasks to queue
[2024-10-16T13:16:18.526+0000] {logging_mixin.py:190} INFO - [2024-10-16T13:16:18.526+0000] {dagbag.py:588} INFO - Filling up the DagBag from /home/airflow/.local/lib/python3.12/site-packages/airflow/example_dags/example_nested_branch_dag.py
[2024-10-16T13:16:18.538+0000] {processor.py:925} INFO - DAG(s) 'example_nested_branch_dag' retrieved from /home/airflow/.local/lib/python3.12/site-packages/airflow/example_dags/example_nested_branch_dag.py
[2024-10-16T13:16:18.628+0000] {logging_mixin.py:190} INFO - [2024-10-16T13:16:18.628+0000] {override.py:1900} INFO - Created Permission View: can edit on DAG:example_nested_branch_dag
[2024-10-16T13:16:18.638+0000] {logging_mixin.py:190} INFO - [2024-10-16T13:16:18.637+0000] {override.py:1900} INFO - Created Permission View: can read on DAG:example_nested_branch_dag
[2024-10-16T13:16:18.643+0000] {logging_mixin.py:190} INFO - [2024-10-16T13:16:18.643+0000] {override.py:1900} INFO - Created Permission View: can delete on DAG:example_nested_branch_dag
[2024-10-16T13:16:18.649+0000] {logging_mixin.py:190} INFO - [2024-10-16T13:16:18.649+0000] {override.py:1900} INFO - Created Permission View: menu access on DAG Run:example_nested_branch_dag
[2024-10-16T13:16:18.655+0000] {logging_mixin.py:190} INFO - [2024-10-16T13:16:18.655+0000] {override.py:1900} INFO - Created Permission View: can read on DAG Run:example_nested_branch_dag
[2024-10-16T13:16:18.661+0000] {logging_mixin.py:190} INFO - [2024-10-16T13:16:18.661+0000] {override.py:1900} INFO - Created Permission View: can create on DAG Run:example_nested_branch_dag
[2024-10-16T13:16:18.666+0000] {logging_mixin.py:190} INFO - [2024-10-16T13:16:18.665+0000] {override.py:1900} INFO - Created Permission View: can delete on DAG Run:example_nested_branch_dag
[2024-10-16T13:16:18.666+0000] {logging_mixin.py:190} INFO - [2024-10-16T13:16:18.666+0000] {dag.py:3239} INFO - Sync 1 DAGs
[2024-10-16T13:16:18.678+0000] {logging_mixin.py:190} INFO - [2024-10-16T13:16:18.678+0000] {dag.py:3262} INFO - Creating ORM DAG for example_nested_branch_dag
[2024-10-16T13:16:18.687+0000] {logging_mixin.py:190} INFO - [2024-10-16T13:16:18.687+0000] {dag.py:4180} INFO - Setting next_dagrun for example_nested_branch_dag to 2024-10-15 00:00:00+00:00, run_after=2024-10-16 00:00:00+00:00
[2024-10-16T13:16:18.700+0000] {processor.py:208} INFO - Processing /home/airflow/.local/lib/python3.12/site-packages/airflow/example_dags/example_nested_branch_dag.py took 0.182 seconds
[2024-10-16T13:16:49.034+0000] {processor.py:186} INFO - Started process (PID=167) to work on /home/airflow/.local/lib/python3.12/site-packages/airflow/example_dags/example_nested_branch_dag.py
[2024-10-16T13:16:49.035+0000] {processor.py:914} INFO - Processing file /home/airflow/.local/lib/python3.12/site-packages/airflow/example_dags/example_nested_branch_dag.py for tasks to queue
[2024-10-16T13:16:49.038+0000] {logging_mixin.py:190} INFO - [2024-10-16T13:16:49.037+0000] {dagbag.py:588} INFO - Filling up the DagBag from /home/airflow/.local/lib/python3.12/site-packages/airflow/example_dags/example_nested_branch_dag.py
[2024-10-16T13:16:49.048+0000] {processor.py:925} INFO - DAG(s) 'example_nested_branch_dag' retrieved from /home/airflow/.local/lib/python3.12/site-packages/airflow/example_dags/example_nested_branch_dag.py
[2024-10-16T13:16:49.073+0000] {logging_mixin.py:190} INFO - [2024-10-16T13:16:49.073+0000] {dag.py:3239} INFO - Sync 1 DAGs
[2024-10-16T13:16:49.098+0000] {logging_mixin.py:190} INFO - [2024-10-16T13:16:49.098+0000] {dag.py:4180} INFO - Setting next_dagrun for example_nested_branch_dag to 2024-10-15 00:00:00+00:00, run_after=2024-10-16 00:00:00+00:00
[2024-10-16T13:16:49.116+0000] {processor.py:208} INFO - Processing /home/airflow/.local/lib/python3.12/site-packages/airflow/example_dags/example_nested_branch_dag.py took 0.088 seconds
[2024-10-16T13:17:19.522+0000] {processor.py:186} INFO - Started process (PID=230) to work on /home/airflow/.local/lib/python3.12/site-packages/airflow/example_dags/example_nested_branch_dag.py
[2024-10-16T13:17:19.523+0000] {processor.py:914} INFO - Processing file /home/airflow/.local/lib/python3.12/site-packages/airflow/example_dags/example_nested_branch_dag.py for tasks to queue
[2024-10-16T13:17:19.526+0000] {logging_mixin.py:190} INFO - [2024-10-16T13:17:19.525+0000] {dagbag.py:588} INFO - Filling up the DagBag from /home/airflow/.local/lib/python3.12/site-packages/airflow/example_dags/example_nested_branch_dag.py
[2024-10-16T13:17:19.535+0000] {processor.py:925} INFO - DAG(s) 'example_nested_branch_dag' retrieved from /home/airflow/.local/lib/python3.12/site-packages/airflow/example_dags/example_nested_branch_dag.py
[2024-10-16T13:17:19.567+0000] {logging_mixin.py:190} INFO - [2024-10-16T13:17:19.566+0000] {dag.py:3239} INFO - Sync 1 DAGs
[2024-10-16T13:17:19.597+0000] {logging_mixin.py:190} INFO - [2024-10-16T13:17:19.597+0000] {dag.py:4180} INFO - Setting next_dagrun for example_nested_branch_dag to 2024-10-15 00:00:00+00:00, run_after=2024-10-16 00:00:00+00:00
[2024-10-16T13:17:19.641+0000] {processor.py:208} INFO - Processing /home/airflow/.local/lib/python3.12/site-packages/airflow/example_dags/example_nested_branch_dag.py took 0.124 seconds
[2024-10-16T13:17:50.307+0000] {processor.py:186} INFO - Started process (PID=293) to work on /home/airflow/.local/lib/python3.12/site-packages/airflow/example_dags/example_nested_branch_dag.py
[2024-10-16T13:17:50.308+0000] {processor.py:914} INFO - Processing file /home/airflow/.local/lib/python3.12/site-packages/airflow/example_dags/example_nested_branch_dag.py for tasks to queue
[2024-10-16T13:17:50.311+0000] {logging_mixin.py:190} INFO - [2024-10-16T13:17:50.311+0000] {dagbag.py:588} INFO - Filling up the DagBag from /home/airflow/.local/lib/python3.12/site-packages/airflow/example_dags/example_nested_branch_dag.py
[2024-10-16T13:17:50.320+0000] {processor.py:925} INFO - DAG(s) 'example_nested_branch_dag' retrieved from /home/airflow/.local/lib/python3.12/site-packages/airflow/example_dags/example_nested_branch_dag.py
[2024-10-16T13:17:50.341+0000] {logging_mixin.py:190} INFO - [2024-10-16T13:17:50.341+0000] {dag.py:3239} INFO - Sync 1 DAGs
[2024-10-16T13:17:50.360+0000] {logging_mixin.py:190} INFO - [2024-10-16T13:17:50.360+0000] {dag.py:4180} INFO - Setting next_dagrun for example_nested_branch_dag to 2024-10-15 00:00:00+00:00, run_after=2024-10-16 00:00:00+00:00
[2024-10-16T13:17:50.384+0000] {processor.py:208} INFO - Processing /home/airflow/.local/lib/python3.12/site-packages/airflow/example_dags/example_nested_branch_dag.py took 0.082 seconds
[2024-10-16T13:18:20.973+0000] {processor.py:186} INFO - Started process (PID=356) to work on /home/airflow/.local/lib/python3.12/site-packages/airflow/example_dags/example_nested_branch_dag.py
[2024-10-16T13:18:20.974+0000] {processor.py:914} INFO - Processing file /home/airflow/.local/lib/python3.12/site-packages/airflow/example_dags/example_nested_branch_dag.py for tasks to queue
[2024-10-16T13:18:20.977+0000] {logging_mixin.py:190} INFO - [2024-10-16T13:18:20.976+0000] {dagbag.py:588} INFO - Filling up the DagBag from /home/airflow/.local/lib/python3.12/site-packages/airflow/example_dags/example_nested_branch_dag.py
[2024-10-16T13:18:20.990+0000] {processor.py:925} INFO - DAG(s) 'example_nested_branch_dag' retrieved from /home/airflow/.local/lib/python3.12/site-packages/airflow/example_dags/example_nested_branch_dag.py
[2024-10-16T13:18:21.014+0000] {logging_mixin.py:190} INFO - [2024-10-16T13:18:21.014+0000] {dag.py:3239} INFO - Sync 1 DAGs
[2024-10-16T13:18:21.044+0000] {logging_mixin.py:190} INFO - [2024-10-16T13:18:21.044+0000] {dag.py:4180} INFO - Setting next_dagrun for example_nested_branch_dag to 2024-10-15 00:00:00+00:00, run_after=2024-10-16 00:00:00+00:00
[2024-10-16T13:18:21.070+0000] {processor.py:208} INFO - Processing /home/airflow/.local/lib/python3.12/site-packages/airflow/example_dags/example_nested_branch_dag.py took 0.102 seconds
[2024-10-16T13:18:51.486+0000] {processor.py:186} INFO - Started process (PID=419) to work on /home/airflow/.local/lib/python3.12/site-packages/airflow/example_dags/example_nested_branch_dag.py
[2024-10-16T13:18:51.487+0000] {processor.py:914} INFO - Processing file /home/airflow/.local/lib/python3.12/site-packages/airflow/example_dags/example_nested_branch_dag.py for tasks to queue
[2024-10-16T13:18:51.489+0000] {logging_mixin.py:190} INFO - [2024-10-16T13:18:51.488+0000] {dagbag.py:588} INFO - Filling up the DagBag from /home/airflow/.local/lib/python3.12/site-packages/airflow/example_dags/example_nested_branch_dag.py
[2024-10-16T13:18:51.499+0000] {processor.py:925} INFO - DAG(s) 'example_nested_branch_dag' retrieved from /home/airflow/.local/lib/python3.12/site-packages/airflow/example_dags/example_nested_branch_dag.py
[2024-10-16T13:18:51.518+0000] {logging_mixin.py:190} INFO - [2024-10-16T13:18:51.518+0000] {dag.py:3239} INFO - Sync 1 DAGs
[2024-10-16T13:18:51.540+0000] {logging_mixin.py:190} INFO - [2024-10-16T13:18:51.540+0000] {dag.py:4180} INFO - Setting next_dagrun for example_nested_branch_dag to 2024-10-15 00:00:00+00:00, run_after=2024-10-16 00:00:00+00:00
[2024-10-16T13:18:51.563+0000] {processor.py:208} INFO - Processing /home/airflow/.local/lib/python3.12/site-packages/airflow/example_dags/example_nested_branch_dag.py took 0.083 seconds
[2024-10-16T13:19:22.556+0000] {processor.py:186} INFO - Started process (PID=482) to work on /home/airflow/.local/lib/python3.12/site-packages/airflow/example_dags/example_nested_branch_dag.py
[2024-10-16T13:19:22.557+0000] {processor.py:914} INFO - Processing file /home/airflow/.local/lib/python3.12/site-packages/airflow/example_dags/example_nested_branch_dag.py for tasks to queue
[2024-10-16T13:19:22.560+0000] {logging_mixin.py:190} INFO - [2024-10-16T13:19:22.560+0000] {dagbag.py:588} INFO - Filling up the DagBag from /home/airflow/.local/lib/python3.12/site-packages/airflow/example_dags/example_nested_branch_dag.py
[2024-10-16T13:19:22.573+0000] {processor.py:925} INFO - DAG(s) 'example_nested_branch_dag' retrieved from /home/airflow/.local/lib/python3.12/site-packages/airflow/example_dags/example_nested_branch_dag.py
[2024-10-16T13:19:22.601+0000] {logging_mixin.py:190} INFO - [2024-10-16T13:19:22.601+0000] {dag.py:3239} INFO - Sync 1 DAGs
[2024-10-16T13:19:22.628+0000] {logging_mixin.py:190} INFO - [2024-10-16T13:19:22.628+0000] {dag.py:4180} INFO - Setting next_dagrun for example_nested_branch_dag to 2024-10-15 00:00:00+00:00, run_after=2024-10-16 00:00:00+00:00
[2024-10-16T13:19:22.652+0000] {processor.py:208} INFO - Processing /home/airflow/.local/lib/python3.12/site-packages/airflow/example_dags/example_nested_branch_dag.py took 0.105 seconds
[2024-10-16T13:19:52.816+0000] {processor.py:186} INFO - Started process (PID=546) to work on /home/airflow/.local/lib/python3.12/site-packages/airflow/example_dags/example_nested_branch_dag.py
[2024-10-16T13:19:52.818+0000] {processor.py:914} INFO - Processing file /home/airflow/.local/lib/python3.12/site-packages/airflow/example_dags/example_nested_branch_dag.py for tasks to queue
[2024-10-16T13:19:52.820+0000] {logging_mixin.py:190} INFO - [2024-10-16T13:19:52.820+0000] {dagbag.py:588} INFO - Filling up the DagBag from /home/airflow/.local/lib/python3.12/site-packages/airflow/example_dags/example_nested_branch_dag.py
[2024-10-16T13:19:52.828+0000] {processor.py:925} INFO - DAG(s) 'example_nested_branch_dag' retrieved from /home/airflow/.local/lib/python3.12/site-packages/airflow/example_dags/example_nested_branch_dag.py
[2024-10-16T13:19:52.848+0000] {logging_mixin.py:190} INFO - [2024-10-16T13:19:52.848+0000] {dag.py:3239} INFO - Sync 1 DAGs
[2024-10-16T13:19:52.866+0000] {logging_mixin.py:190} INFO - [2024-10-16T13:19:52.866+0000] {dag.py:4180} INFO - Setting next_dagrun for example_nested_branch_dag to 2024-10-15 00:00:00+00:00, run_after=2024-10-16 00:00:00+00:00
[2024-10-16T13:19:52.889+0000] {processor.py:208} INFO - Processing /home/airflow/.local/lib/python3.12/site-packages/airflow/example_dags/example_nested_branch_dag.py took 0.077 seconds
[2024-10-16T13:20:23.819+0000] {processor.py:186} INFO - Started process (PID=608) to work on /home/airflow/.local/lib/python3.12/site-packages/airflow/example_dags/example_nested_branch_dag.py
[2024-10-16T13:20:23.821+0000] {processor.py:914} INFO - Processing file /home/airflow/.local/lib/python3.12/site-packages/airflow/example_dags/example_nested_branch_dag.py for tasks to queue
[2024-10-16T13:20:23.823+0000] {logging_mixin.py:190} INFO - [2024-10-16T13:20:23.823+0000] {dagbag.py:588} INFO - Filling up the DagBag from /home/airflow/.local/lib/python3.12/site-packages/airflow/example_dags/example_nested_branch_dag.py
[2024-10-16T13:20:23.836+0000] {processor.py:925} INFO - DAG(s) 'example_nested_branch_dag' retrieved from /home/airflow/.local/lib/python3.12/site-packages/airflow/example_dags/example_nested_branch_dag.py
[2024-10-16T13:20:23.861+0000] {logging_mixin.py:190} INFO - [2024-10-16T13:20:23.861+0000] {dag.py:3239} INFO - Sync 1 DAGs
[2024-10-16T13:20:23.890+0000] {logging_mixin.py:190} INFO - [2024-10-16T13:20:23.889+0000] {dag.py:4180} INFO - Setting next_dagrun for example_nested_branch_dag to 2024-10-15 00:00:00+00:00, run_after=2024-10-16 00:00:00+00:00
[2024-10-16T13:20:23.913+0000] {processor.py:208} INFO - Processing /home/airflow/.local/lib/python3.12/site-packages/airflow/example_dags/example_nested_branch_dag.py took 0.101 seconds
[2024-10-16T13:22:03.535+0000] {processor.py:186} INFO - Started process (PID=103) to work on /home/airflow/.local/lib/python3.12/site-packages/airflow/example_dags/example_nested_branch_dag.py
[2024-10-16T13:22:03.536+0000] {processor.py:914} INFO - Processing file /home/airflow/.local/lib/python3.12/site-packages/airflow/example_dags/example_nested_branch_dag.py for tasks to queue
[2024-10-16T13:22:03.539+0000] {logging_mixin.py:190} INFO - [2024-10-16T13:22:03.538+0000] {dagbag.py:588} INFO - Filling up the DagBag from /home/airflow/.local/lib/python3.12/site-packages/airflow/example_dags/example_nested_branch_dag.py
[2024-10-16T13:22:03.549+0000] {processor.py:925} INFO - DAG(s) 'example_nested_branch_dag' retrieved from /home/airflow/.local/lib/python3.12/site-packages/airflow/example_dags/example_nested_branch_dag.py
[2024-10-16T13:22:03.637+0000] {logging_mixin.py:190} INFO - [2024-10-16T13:22:03.636+0000] {override.py:1900} INFO - Created Permission View: can edit on DAG:example_nested_branch_dag
[2024-10-16T13:22:03.649+0000] {logging_mixin.py:190} INFO - [2024-10-16T13:22:03.648+0000] {override.py:1900} INFO - Created Permission View: can read on DAG:example_nested_branch_dag
[2024-10-16T13:22:03.655+0000] {logging_mixin.py:190} INFO - [2024-10-16T13:22:03.655+0000] {override.py:1900} INFO - Created Permission View: can delete on DAG:example_nested_branch_dag
[2024-10-16T13:22:03.662+0000] {logging_mixin.py:190} INFO - [2024-10-16T13:22:03.662+0000] {override.py:1900} INFO - Created Permission View: can delete on DAG Run:example_nested_branch_dag
[2024-10-16T13:22:03.669+0000] {logging_mixin.py:190} INFO - [2024-10-16T13:22:03.669+0000] {override.py:1900} INFO - Created Permission View: can read on DAG Run:example_nested_branch_dag
[2024-10-16T13:22:03.676+0000] {logging_mixin.py:190} INFO - [2024-10-16T13:22:03.675+0000] {override.py:1900} INFO - Created Permission View: menu access on DAG Run:example_nested_branch_dag
[2024-10-16T13:22:03.684+0000] {logging_mixin.py:190} INFO - [2024-10-16T13:22:03.684+0000] {override.py:1900} INFO - Created Permission View: can create on DAG Run:example_nested_branch_dag
[2024-10-16T13:22:03.685+0000] {logging_mixin.py:190} INFO - [2024-10-16T13:22:03.685+0000] {dag.py:3239} INFO - Sync 1 DAGs
[2024-10-16T13:22:03.699+0000] {logging_mixin.py:190} INFO - [2024-10-16T13:22:03.699+0000] {dag.py:3262} INFO - Creating ORM DAG for example_nested_branch_dag
[2024-10-16T13:22:03.710+0000] {logging_mixin.py:190} INFO - [2024-10-16T13:22:03.710+0000] {dag.py:4180} INFO - Setting next_dagrun for example_nested_branch_dag to 2024-10-15 00:00:00+00:00, run_after=2024-10-16 00:00:00+00:00
[2024-10-16T13:22:03.735+0000] {processor.py:208} INFO - Processing /home/airflow/.local/lib/python3.12/site-packages/airflow/example_dags/example_nested_branch_dag.py took 0.204 seconds
[2024-10-16T13:22:34.359+0000] {processor.py:186} INFO - Started process (PID=166) to work on /home/airflow/.local/lib/python3.12/site-packages/airflow/example_dags/example_nested_branch_dag.py
[2024-10-16T13:22:34.366+0000] {processor.py:914} INFO - Processing file /home/airflow/.local/lib/python3.12/site-packages/airflow/example_dags/example_nested_branch_dag.py for tasks to queue
[2024-10-16T13:22:34.369+0000] {logging_mixin.py:190} INFO - [2024-10-16T13:22:34.368+0000] {dagbag.py:588} INFO - Filling up the DagBag from /home/airflow/.local/lib/python3.12/site-packages/airflow/example_dags/example_nested_branch_dag.py
[2024-10-16T13:22:34.379+0000] {processor.py:925} INFO - DAG(s) 'example_nested_branch_dag' retrieved from /home/airflow/.local/lib/python3.12/site-packages/airflow/example_dags/example_nested_branch_dag.py
[2024-10-16T13:22:34.399+0000] {logging_mixin.py:190} INFO - [2024-10-16T13:22:34.399+0000] {dag.py:3239} INFO - Sync 1 DAGs
[2024-10-16T13:22:34.432+0000] {logging_mixin.py:190} INFO - [2024-10-16T13:22:34.432+0000] {dag.py:4180} INFO - Setting next_dagrun for example_nested_branch_dag to 2024-10-15 00:00:00+00:00, run_after=2024-10-16 00:00:00+00:00
[2024-10-16T13:22:34.459+0000] {processor.py:208} INFO - Processing /home/airflow/.local/lib/python3.12/site-packages/airflow/example_dags/example_nested_branch_dag.py took 0.105 seconds
[2024-10-16T13:23:04.915+0000] {processor.py:186} INFO - Started process (PID=229) to work on /home/airflow/.local/lib/python3.12/site-packages/airflow/example_dags/example_nested_branch_dag.py
[2024-10-16T13:23:04.927+0000] {processor.py:914} INFO - Processing file /home/airflow/.local/lib/python3.12/site-packages/airflow/example_dags/example_nested_branch_dag.py for tasks to queue
[2024-10-16T13:23:04.930+0000] {logging_mixin.py:190} INFO - [2024-10-16T13:23:04.929+0000] {dagbag.py:588} INFO - Filling up the DagBag from /home/airflow/.local/lib/python3.12/site-packages/airflow/example_dags/example_nested_branch_dag.py
[2024-10-16T13:23:04.941+0000] {processor.py:925} INFO - DAG(s) 'example_nested_branch_dag' retrieved from /home/airflow/.local/lib/python3.12/site-packages/airflow/example_dags/example_nested_branch_dag.py
[2024-10-16T13:23:04.963+0000] {logging_mixin.py:190} INFO - [2024-10-16T13:23:04.963+0000] {dag.py:3239} INFO - Sync 1 DAGs
[2024-10-16T13:23:04.991+0000] {logging_mixin.py:190} INFO - [2024-10-16T13:23:04.991+0000] {dag.py:4180} INFO - Setting next_dagrun for example_nested_branch_dag to 2024-10-15 00:00:00+00:00, run_after=2024-10-16 00:00:00+00:00
[2024-10-16T13:23:05.016+0000] {processor.py:208} INFO - Processing /home/airflow/.local/lib/python3.12/site-packages/airflow/example_dags/example_nested_branch_dag.py took 0.106 seconds
[2024-10-16T13:23:36.073+0000] {processor.py:186} INFO - Started process (PID=292) to work on /home/airflow/.local/lib/python3.12/site-packages/airflow/example_dags/example_nested_branch_dag.py
[2024-10-16T13:23:36.075+0000] {processor.py:914} INFO - Processing file /home/airflow/.local/lib/python3.12/site-packages/airflow/example_dags/example_nested_branch_dag.py for tasks to queue
[2024-10-16T13:23:36.077+0000] {logging_mixin.py:190} INFO - [2024-10-16T13:23:36.077+0000] {dagbag.py:588} INFO - Filling up the DagBag from /home/airflow/.local/lib/python3.12/site-packages/airflow/example_dags/example_nested_branch_dag.py
[2024-10-16T13:23:36.087+0000] {processor.py:925} INFO - DAG(s) 'example_nested_branch_dag' retrieved from /home/airflow/.local/lib/python3.12/site-packages/airflow/example_dags/example_nested_branch_dag.py
[2024-10-16T13:23:36.112+0000] {logging_mixin.py:190} INFO - [2024-10-16T13:23:36.112+0000] {dag.py:3239} INFO - Sync 1 DAGs
[2024-10-16T13:23:36.141+0000] {logging_mixin.py:190} INFO - [2024-10-16T13:23:36.141+0000] {dag.py:4180} INFO - Setting next_dagrun for example_nested_branch_dag to 2024-10-15 00:00:00+00:00, run_after=2024-10-16 00:00:00+00:00
[2024-10-16T13:23:36.172+0000] {processor.py:208} INFO - Processing /home/airflow/.local/lib/python3.12/site-packages/airflow/example_dags/example_nested_branch_dag.py took 0.105 seconds
