[2024-10-16T12:50:33.606+0000] {processor.py:186} INFO - Started process (PID=101) to work on /home/airflow/.local/lib/python3.12/site-packages/airflow/example_dags/example_kubernetes_executor.py
[2024-10-16T12:50:33.607+0000] {processor.py:914} INFO - Processing file /home/airflow/.local/lib/python3.12/site-packages/airflow/example_dags/example_kubernetes_executor.py for tasks to queue
[2024-10-16T12:50:33.609+0000] {logging_mixin.py:190} INFO - [2024-10-16T12:50:33.609+0000] {dagbag.py:588} INFO - Filling up the DagBag from /home/airflow/.local/lib/python3.12/site-packages/airflow/example_dags/example_kubernetes_executor.py
[2024-10-16T12:50:33.625+0000] {processor.py:925} INFO - DAG(s) 'example_kubernetes_executor' retrieved from /home/airflow/.local/lib/python3.12/site-packages/airflow/example_dags/example_kubernetes_executor.py
[2024-10-16T12:50:33.741+0000] {logging_mixin.py:190} INFO - [2024-10-16T12:50:33.740+0000] {override.py:1900} INFO - Created Permission View: can edit on DAG:example_kubernetes_executor
[2024-10-16T12:50:33.755+0000] {logging_mixin.py:190} INFO - [2024-10-16T12:50:33.754+0000] {override.py:1900} INFO - Created Permission View: can read on DAG:example_kubernetes_executor
[2024-10-16T12:50:33.762+0000] {logging_mixin.py:190} INFO - [2024-10-16T12:50:33.762+0000] {override.py:1900} INFO - Created Permission View: can delete on DAG:example_kubernetes_executor
[2024-10-16T12:50:33.770+0000] {logging_mixin.py:190} INFO - [2024-10-16T12:50:33.770+0000] {override.py:1900} INFO - Created Permission View: can delete on DAG Run:example_kubernetes_executor
[2024-10-16T12:50:33.778+0000] {logging_mixin.py:190} INFO - [2024-10-16T12:50:33.777+0000] {override.py:1900} INFO - Created Permission View: menu access on DAG Run:example_kubernetes_executor
[2024-10-16T12:50:33.785+0000] {logging_mixin.py:190} INFO - [2024-10-16T12:50:33.784+0000] {override.py:1900} INFO - Created Permission View: can create on DAG Run:example_kubernetes_executor
[2024-10-16T12:50:33.792+0000] {logging_mixin.py:190} INFO - [2024-10-16T12:50:33.791+0000] {override.py:1900} INFO - Created Permission View: can read on DAG Run:example_kubernetes_executor
[2024-10-16T12:50:33.792+0000] {logging_mixin.py:190} INFO - [2024-10-16T12:50:33.792+0000] {dag.py:3239} INFO - Sync 1 DAGs
[2024-10-16T12:50:33.804+0000] {logging_mixin.py:190} INFO - [2024-10-16T12:50:33.803+0000] {dag.py:3262} INFO - Creating ORM DAG for example_kubernetes_executor
[2024-10-16T12:50:33.805+0000] {logging_mixin.py:190} INFO - [2024-10-16T12:50:33.805+0000] {dag.py:4180} INFO - Setting next_dagrun for example_kubernetes_executor to None, run_after=None
[2024-10-16T12:50:33.819+0000] {processor.py:208} INFO - Processing /home/airflow/.local/lib/python3.12/site-packages/airflow/example_dags/example_kubernetes_executor.py took 0.217 seconds
[2024-10-16T12:51:04.783+0000] {processor.py:186} INFO - Started process (PID=163) to work on /home/airflow/.local/lib/python3.12/site-packages/airflow/example_dags/example_kubernetes_executor.py
[2024-10-16T12:51:04.785+0000] {processor.py:914} INFO - Processing file /home/airflow/.local/lib/python3.12/site-packages/airflow/example_dags/example_kubernetes_executor.py for tasks to queue
[2024-10-16T12:51:04.787+0000] {logging_mixin.py:190} INFO - [2024-10-16T12:51:04.787+0000] {dagbag.py:588} INFO - Filling up the DagBag from /home/airflow/.local/lib/python3.12/site-packages/airflow/example_dags/example_kubernetes_executor.py
[2024-10-16T12:51:04.815+0000] {processor.py:925} INFO - DAG(s) 'example_kubernetes_executor' retrieved from /home/airflow/.local/lib/python3.12/site-packages/airflow/example_dags/example_kubernetes_executor.py
[2024-10-16T12:51:04.859+0000] {logging_mixin.py:190} INFO - [2024-10-16T12:51:04.859+0000] {dag.py:3239} INFO - Sync 1 DAGs
[2024-10-16T12:51:04.875+0000] {logging_mixin.py:190} INFO - [2024-10-16T12:51:04.875+0000] {dag.py:4180} INFO - Setting next_dagrun for example_kubernetes_executor to None, run_after=None
[2024-10-16T12:51:04.899+0000] {processor.py:208} INFO - Processing /home/airflow/.local/lib/python3.12/site-packages/airflow/example_dags/example_kubernetes_executor.py took 0.123 seconds
[2024-10-16T12:51:35.330+0000] {processor.py:186} INFO - Started process (PID=225) to work on /home/airflow/.local/lib/python3.12/site-packages/airflow/example_dags/example_kubernetes_executor.py
[2024-10-16T12:51:35.332+0000] {processor.py:914} INFO - Processing file /home/airflow/.local/lib/python3.12/site-packages/airflow/example_dags/example_kubernetes_executor.py for tasks to queue
[2024-10-16T12:51:35.338+0000] {logging_mixin.py:190} INFO - [2024-10-16T12:51:35.337+0000] {dagbag.py:588} INFO - Filling up the DagBag from /home/airflow/.local/lib/python3.12/site-packages/airflow/example_dags/example_kubernetes_executor.py
[2024-10-16T12:51:35.351+0000] {processor.py:925} INFO - DAG(s) 'example_kubernetes_executor' retrieved from /home/airflow/.local/lib/python3.12/site-packages/airflow/example_dags/example_kubernetes_executor.py
[2024-10-16T12:51:35.386+0000] {logging_mixin.py:190} INFO - [2024-10-16T12:51:35.386+0000] {dag.py:3239} INFO - Sync 1 DAGs
[2024-10-16T12:51:35.398+0000] {logging_mixin.py:190} INFO - [2024-10-16T12:51:35.398+0000] {dag.py:4180} INFO - Setting next_dagrun for example_kubernetes_executor to None, run_after=None
[2024-10-16T12:51:35.425+0000] {processor.py:208} INFO - Processing /home/airflow/.local/lib/python3.12/site-packages/airflow/example_dags/example_kubernetes_executor.py took 0.112 seconds
[2024-10-16T12:52:05.523+0000] {processor.py:186} INFO - Started process (PID=287) to work on /home/airflow/.local/lib/python3.12/site-packages/airflow/example_dags/example_kubernetes_executor.py
[2024-10-16T12:52:05.524+0000] {processor.py:914} INFO - Processing file /home/airflow/.local/lib/python3.12/site-packages/airflow/example_dags/example_kubernetes_executor.py for tasks to queue
[2024-10-16T12:52:05.528+0000] {logging_mixin.py:190} INFO - [2024-10-16T12:52:05.528+0000] {dagbag.py:588} INFO - Filling up the DagBag from /home/airflow/.local/lib/python3.12/site-packages/airflow/example_dags/example_kubernetes_executor.py
[2024-10-16T12:52:05.553+0000] {processor.py:925} INFO - DAG(s) 'example_kubernetes_executor' retrieved from /home/airflow/.local/lib/python3.12/site-packages/airflow/example_dags/example_kubernetes_executor.py
[2024-10-16T12:52:05.628+0000] {logging_mixin.py:190} INFO - [2024-10-16T12:52:05.628+0000] {dag.py:3239} INFO - Sync 1 DAGs
[2024-10-16T12:52:05.652+0000] {logging_mixin.py:190} INFO - [2024-10-16T12:52:05.651+0000] {dag.py:4180} INFO - Setting next_dagrun for example_kubernetes_executor to None, run_after=None
[2024-10-16T12:52:05.683+0000] {processor.py:208} INFO - Processing /home/airflow/.local/lib/python3.12/site-packages/airflow/example_dags/example_kubernetes_executor.py took 0.172 seconds
[2024-10-16T12:52:36.238+0000] {processor.py:186} INFO - Started process (PID=350) to work on /home/airflow/.local/lib/python3.12/site-packages/airflow/example_dags/example_kubernetes_executor.py
[2024-10-16T12:52:36.239+0000] {processor.py:914} INFO - Processing file /home/airflow/.local/lib/python3.12/site-packages/airflow/example_dags/example_kubernetes_executor.py for tasks to queue
[2024-10-16T12:52:36.241+0000] {logging_mixin.py:190} INFO - [2024-10-16T12:52:36.241+0000] {dagbag.py:588} INFO - Filling up the DagBag from /home/airflow/.local/lib/python3.12/site-packages/airflow/example_dags/example_kubernetes_executor.py
[2024-10-16T12:52:36.252+0000] {processor.py:925} INFO - DAG(s) 'example_kubernetes_executor' retrieved from /home/airflow/.local/lib/python3.12/site-packages/airflow/example_dags/example_kubernetes_executor.py
[2024-10-16T12:52:36.289+0000] {logging_mixin.py:190} INFO - [2024-10-16T12:52:36.289+0000] {dag.py:3239} INFO - Sync 1 DAGs
[2024-10-16T12:52:36.306+0000] {logging_mixin.py:190} INFO - [2024-10-16T12:52:36.306+0000] {dag.py:4180} INFO - Setting next_dagrun for example_kubernetes_executor to None, run_after=None
[2024-10-16T12:52:36.329+0000] {processor.py:208} INFO - Processing /home/airflow/.local/lib/python3.12/site-packages/airflow/example_dags/example_kubernetes_executor.py took 0.096 seconds
[2024-10-16T12:53:07.106+0000] {processor.py:186} INFO - Started process (PID=412) to work on /home/airflow/.local/lib/python3.12/site-packages/airflow/example_dags/example_kubernetes_executor.py
[2024-10-16T12:53:07.107+0000] {processor.py:914} INFO - Processing file /home/airflow/.local/lib/python3.12/site-packages/airflow/example_dags/example_kubernetes_executor.py for tasks to queue
[2024-10-16T12:53:07.111+0000] {logging_mixin.py:190} INFO - [2024-10-16T12:53:07.110+0000] {dagbag.py:588} INFO - Filling up the DagBag from /home/airflow/.local/lib/python3.12/site-packages/airflow/example_dags/example_kubernetes_executor.py
[2024-10-16T12:53:07.122+0000] {processor.py:925} INFO - DAG(s) 'example_kubernetes_executor' retrieved from /home/airflow/.local/lib/python3.12/site-packages/airflow/example_dags/example_kubernetes_executor.py
[2024-10-16T12:53:07.158+0000] {logging_mixin.py:190} INFO - [2024-10-16T12:53:07.158+0000] {dag.py:3239} INFO - Sync 1 DAGs
[2024-10-16T12:53:07.175+0000] {logging_mixin.py:190} INFO - [2024-10-16T12:53:07.174+0000] {dag.py:4180} INFO - Setting next_dagrun for example_kubernetes_executor to None, run_after=None
[2024-10-16T12:53:07.201+0000] {processor.py:208} INFO - Processing /home/airflow/.local/lib/python3.12/site-packages/airflow/example_dags/example_kubernetes_executor.py took 0.102 seconds
[2024-10-16T12:53:37.747+0000] {processor.py:186} INFO - Started process (PID=474) to work on /home/airflow/.local/lib/python3.12/site-packages/airflow/example_dags/example_kubernetes_executor.py
[2024-10-16T12:53:37.750+0000] {processor.py:914} INFO - Processing file /home/airflow/.local/lib/python3.12/site-packages/airflow/example_dags/example_kubernetes_executor.py for tasks to queue
[2024-10-16T12:53:37.752+0000] {logging_mixin.py:190} INFO - [2024-10-16T12:53:37.752+0000] {dagbag.py:588} INFO - Filling up the DagBag from /home/airflow/.local/lib/python3.12/site-packages/airflow/example_dags/example_kubernetes_executor.py
[2024-10-16T12:53:37.769+0000] {processor.py:925} INFO - DAG(s) 'example_kubernetes_executor' retrieved from /home/airflow/.local/lib/python3.12/site-packages/airflow/example_dags/example_kubernetes_executor.py
[2024-10-16T12:53:37.815+0000] {logging_mixin.py:190} INFO - [2024-10-16T12:53:37.814+0000] {dag.py:3239} INFO - Sync 1 DAGs
[2024-10-16T12:53:37.825+0000] {logging_mixin.py:190} INFO - [2024-10-16T12:53:37.825+0000] {dag.py:4180} INFO - Setting next_dagrun for example_kubernetes_executor to None, run_after=None
[2024-10-16T12:53:37.854+0000] {processor.py:208} INFO - Processing /home/airflow/.local/lib/python3.12/site-packages/airflow/example_dags/example_kubernetes_executor.py took 0.118 seconds
[2024-10-16T12:54:08.630+0000] {processor.py:186} INFO - Started process (PID=536) to work on /home/airflow/.local/lib/python3.12/site-packages/airflow/example_dags/example_kubernetes_executor.py
[2024-10-16T12:54:08.633+0000] {processor.py:914} INFO - Processing file /home/airflow/.local/lib/python3.12/site-packages/airflow/example_dags/example_kubernetes_executor.py for tasks to queue
[2024-10-16T12:54:08.636+0000] {logging_mixin.py:190} INFO - [2024-10-16T12:54:08.635+0000] {dagbag.py:588} INFO - Filling up the DagBag from /home/airflow/.local/lib/python3.12/site-packages/airflow/example_dags/example_kubernetes_executor.py
[2024-10-16T12:54:08.656+0000] {processor.py:925} INFO - DAG(s) 'example_kubernetes_executor' retrieved from /home/airflow/.local/lib/python3.12/site-packages/airflow/example_dags/example_kubernetes_executor.py
[2024-10-16T12:54:08.703+0000] {logging_mixin.py:190} INFO - [2024-10-16T12:54:08.702+0000] {dag.py:3239} INFO - Sync 1 DAGs
[2024-10-16T12:54:08.725+0000] {logging_mixin.py:190} INFO - [2024-10-16T12:54:08.725+0000] {dag.py:4180} INFO - Setting next_dagrun for example_kubernetes_executor to None, run_after=None
[2024-10-16T12:54:08.758+0000] {processor.py:208} INFO - Processing /home/airflow/.local/lib/python3.12/site-packages/airflow/example_dags/example_kubernetes_executor.py took 0.135 seconds
[2024-10-16T12:54:40.824+0000] {processor.py:186} INFO - Started process (PID=598) to work on /home/airflow/.local/lib/python3.12/site-packages/airflow/example_dags/example_kubernetes_executor.py
[2024-10-16T12:54:40.826+0000] {processor.py:914} INFO - Processing file /home/airflow/.local/lib/python3.12/site-packages/airflow/example_dags/example_kubernetes_executor.py for tasks to queue
[2024-10-16T12:54:40.829+0000] {logging_mixin.py:190} INFO - [2024-10-16T12:54:40.828+0000] {dagbag.py:588} INFO - Filling up the DagBag from /home/airflow/.local/lib/python3.12/site-packages/airflow/example_dags/example_kubernetes_executor.py
[2024-10-16T12:54:40.849+0000] {processor.py:925} INFO - DAG(s) 'example_kubernetes_executor' retrieved from /home/airflow/.local/lib/python3.12/site-packages/airflow/example_dags/example_kubernetes_executor.py
[2024-10-16T12:54:40.898+0000] {logging_mixin.py:190} INFO - [2024-10-16T12:54:40.898+0000] {dag.py:3239} INFO - Sync 1 DAGs
[2024-10-16T12:54:40.923+0000] {logging_mixin.py:190} INFO - [2024-10-16T12:54:40.922+0000] {dag.py:4180} INFO - Setting next_dagrun for example_kubernetes_executor to None, run_after=None
[2024-10-16T12:54:40.952+0000] {processor.py:208} INFO - Processing /home/airflow/.local/lib/python3.12/site-packages/airflow/example_dags/example_kubernetes_executor.py took 0.136 seconds
[2024-10-16T12:55:11.504+0000] {processor.py:186} INFO - Started process (PID=661) to work on /home/airflow/.local/lib/python3.12/site-packages/airflow/example_dags/example_kubernetes_executor.py
[2024-10-16T12:55:11.506+0000] {processor.py:914} INFO - Processing file /home/airflow/.local/lib/python3.12/site-packages/airflow/example_dags/example_kubernetes_executor.py for tasks to queue
[2024-10-16T12:55:11.509+0000] {logging_mixin.py:190} INFO - [2024-10-16T12:55:11.509+0000] {dagbag.py:588} INFO - Filling up the DagBag from /home/airflow/.local/lib/python3.12/site-packages/airflow/example_dags/example_kubernetes_executor.py
[2024-10-16T12:55:11.525+0000] {processor.py:925} INFO - DAG(s) 'example_kubernetes_executor' retrieved from /home/airflow/.local/lib/python3.12/site-packages/airflow/example_dags/example_kubernetes_executor.py
[2024-10-16T12:55:11.567+0000] {logging_mixin.py:190} INFO - [2024-10-16T12:55:11.566+0000] {dag.py:3239} INFO - Sync 1 DAGs
[2024-10-16T12:55:11.584+0000] {logging_mixin.py:190} INFO - [2024-10-16T12:55:11.584+0000] {dag.py:4180} INFO - Setting next_dagrun for example_kubernetes_executor to None, run_after=None
[2024-10-16T12:55:11.610+0000] {processor.py:208} INFO - Processing /home/airflow/.local/lib/python3.12/site-packages/airflow/example_dags/example_kubernetes_executor.py took 0.114 seconds
[2024-10-16T12:55:42.020+0000] {processor.py:186} INFO - Started process (PID=723) to work on /home/airflow/.local/lib/python3.12/site-packages/airflow/example_dags/example_kubernetes_executor.py
[2024-10-16T12:55:42.021+0000] {processor.py:914} INFO - Processing file /home/airflow/.local/lib/python3.12/site-packages/airflow/example_dags/example_kubernetes_executor.py for tasks to queue
[2024-10-16T12:55:42.023+0000] {logging_mixin.py:190} INFO - [2024-10-16T12:55:42.023+0000] {dagbag.py:588} INFO - Filling up the DagBag from /home/airflow/.local/lib/python3.12/site-packages/airflow/example_dags/example_kubernetes_executor.py
[2024-10-16T12:55:42.036+0000] {processor.py:925} INFO - DAG(s) 'example_kubernetes_executor' retrieved from /home/airflow/.local/lib/python3.12/site-packages/airflow/example_dags/example_kubernetes_executor.py
[2024-10-16T12:55:42.075+0000] {logging_mixin.py:190} INFO - [2024-10-16T12:55:42.074+0000] {dag.py:3239} INFO - Sync 1 DAGs
[2024-10-16T12:55:42.087+0000] {logging_mixin.py:190} INFO - [2024-10-16T12:55:42.087+0000] {dag.py:4180} INFO - Setting next_dagrun for example_kubernetes_executor to None, run_after=None
[2024-10-16T12:55:42.112+0000] {processor.py:208} INFO - Processing /home/airflow/.local/lib/python3.12/site-packages/airflow/example_dags/example_kubernetes_executor.py took 0.098 seconds
[2024-10-16T12:56:12.898+0000] {processor.py:186} INFO - Started process (PID=785) to work on /home/airflow/.local/lib/python3.12/site-packages/airflow/example_dags/example_kubernetes_executor.py
[2024-10-16T12:56:12.899+0000] {processor.py:914} INFO - Processing file /home/airflow/.local/lib/python3.12/site-packages/airflow/example_dags/example_kubernetes_executor.py for tasks to queue
[2024-10-16T12:56:12.901+0000] {logging_mixin.py:190} INFO - [2024-10-16T12:56:12.900+0000] {dagbag.py:588} INFO - Filling up the DagBag from /home/airflow/.local/lib/python3.12/site-packages/airflow/example_dags/example_kubernetes_executor.py
[2024-10-16T12:56:12.917+0000] {processor.py:925} INFO - DAG(s) 'example_kubernetes_executor' retrieved from /home/airflow/.local/lib/python3.12/site-packages/airflow/example_dags/example_kubernetes_executor.py
[2024-10-16T12:56:12.950+0000] {logging_mixin.py:190} INFO - [2024-10-16T12:56:12.950+0000] {dag.py:3239} INFO - Sync 1 DAGs
[2024-10-16T12:56:12.963+0000] {logging_mixin.py:190} INFO - [2024-10-16T12:56:12.963+0000] {dag.py:4180} INFO - Setting next_dagrun for example_kubernetes_executor to None, run_after=None
[2024-10-16T12:56:12.984+0000] {processor.py:208} INFO - Processing /home/airflow/.local/lib/python3.12/site-packages/airflow/example_dags/example_kubernetes_executor.py took 0.090 seconds
[2024-10-16T12:56:43.292+0000] {processor.py:186} INFO - Started process (PID=847) to work on /home/airflow/.local/lib/python3.12/site-packages/airflow/example_dags/example_kubernetes_executor.py
[2024-10-16T12:56:43.292+0000] {processor.py:914} INFO - Processing file /home/airflow/.local/lib/python3.12/site-packages/airflow/example_dags/example_kubernetes_executor.py for tasks to queue
[2024-10-16T12:56:43.294+0000] {logging_mixin.py:190} INFO - [2024-10-16T12:56:43.294+0000] {dagbag.py:588} INFO - Filling up the DagBag from /home/airflow/.local/lib/python3.12/site-packages/airflow/example_dags/example_kubernetes_executor.py
[2024-10-16T12:56:43.310+0000] {processor.py:925} INFO - DAG(s) 'example_kubernetes_executor' retrieved from /home/airflow/.local/lib/python3.12/site-packages/airflow/example_dags/example_kubernetes_executor.py
[2024-10-16T12:56:43.356+0000] {logging_mixin.py:190} INFO - [2024-10-16T12:56:43.356+0000] {dag.py:3239} INFO - Sync 1 DAGs
[2024-10-16T12:56:43.375+0000] {logging_mixin.py:190} INFO - [2024-10-16T12:56:43.375+0000] {dag.py:4180} INFO - Setting next_dagrun for example_kubernetes_executor to None, run_after=None
[2024-10-16T12:56:43.393+0000] {processor.py:208} INFO - Processing /home/airflow/.local/lib/python3.12/site-packages/airflow/example_dags/example_kubernetes_executor.py took 0.106 seconds
[2024-10-16T12:57:14.386+0000] {processor.py:186} INFO - Started process (PID=909) to work on /home/airflow/.local/lib/python3.12/site-packages/airflow/example_dags/example_kubernetes_executor.py
[2024-10-16T12:57:14.387+0000] {processor.py:914} INFO - Processing file /home/airflow/.local/lib/python3.12/site-packages/airflow/example_dags/example_kubernetes_executor.py for tasks to queue
[2024-10-16T12:57:14.391+0000] {logging_mixin.py:190} INFO - [2024-10-16T12:57:14.391+0000] {dagbag.py:588} INFO - Filling up the DagBag from /home/airflow/.local/lib/python3.12/site-packages/airflow/example_dags/example_kubernetes_executor.py
[2024-10-16T12:57:14.416+0000] {processor.py:925} INFO - DAG(s) 'example_kubernetes_executor' retrieved from /home/airflow/.local/lib/python3.12/site-packages/airflow/example_dags/example_kubernetes_executor.py
[2024-10-16T12:57:14.534+0000] {logging_mixin.py:190} INFO - [2024-10-16T12:57:14.534+0000] {dag.py:3239} INFO - Sync 1 DAGs
[2024-10-16T12:57:14.575+0000] {logging_mixin.py:190} INFO - [2024-10-16T12:57:14.575+0000] {dag.py:4180} INFO - Setting next_dagrun for example_kubernetes_executor to None, run_after=None
[2024-10-16T12:57:14.608+0000] {processor.py:208} INFO - Processing /home/airflow/.local/lib/python3.12/site-packages/airflow/example_dags/example_kubernetes_executor.py took 0.229 seconds
[2024-10-16T12:57:44.893+0000] {processor.py:186} INFO - Started process (PID=972) to work on /home/airflow/.local/lib/python3.12/site-packages/airflow/example_dags/example_kubernetes_executor.py
[2024-10-16T12:57:44.894+0000] {processor.py:914} INFO - Processing file /home/airflow/.local/lib/python3.12/site-packages/airflow/example_dags/example_kubernetes_executor.py for tasks to queue
[2024-10-16T12:57:44.896+0000] {logging_mixin.py:190} INFO - [2024-10-16T12:57:44.895+0000] {dagbag.py:588} INFO - Filling up the DagBag from /home/airflow/.local/lib/python3.12/site-packages/airflow/example_dags/example_kubernetes_executor.py
[2024-10-16T12:57:44.909+0000] {processor.py:925} INFO - DAG(s) 'example_kubernetes_executor' retrieved from /home/airflow/.local/lib/python3.12/site-packages/airflow/example_dags/example_kubernetes_executor.py
[2024-10-16T12:57:44.938+0000] {logging_mixin.py:190} INFO - [2024-10-16T12:57:44.938+0000] {dag.py:3239} INFO - Sync 1 DAGs
[2024-10-16T12:57:44.949+0000] {logging_mixin.py:190} INFO - [2024-10-16T12:57:44.949+0000] {dag.py:4180} INFO - Setting next_dagrun for example_kubernetes_executor to None, run_after=None
[2024-10-16T12:57:44.977+0000] {processor.py:208} INFO - Processing /home/airflow/.local/lib/python3.12/site-packages/airflow/example_dags/example_kubernetes_executor.py took 0.089 seconds
[2024-10-16T12:58:15.767+0000] {processor.py:186} INFO - Started process (PID=1034) to work on /home/airflow/.local/lib/python3.12/site-packages/airflow/example_dags/example_kubernetes_executor.py
[2024-10-16T12:58:15.769+0000] {processor.py:914} INFO - Processing file /home/airflow/.local/lib/python3.12/site-packages/airflow/example_dags/example_kubernetes_executor.py for tasks to queue
[2024-10-16T12:58:15.772+0000] {logging_mixin.py:190} INFO - [2024-10-16T12:58:15.771+0000] {dagbag.py:588} INFO - Filling up the DagBag from /home/airflow/.local/lib/python3.12/site-packages/airflow/example_dags/example_kubernetes_executor.py
[2024-10-16T12:58:15.788+0000] {processor.py:925} INFO - DAG(s) 'example_kubernetes_executor' retrieved from /home/airflow/.local/lib/python3.12/site-packages/airflow/example_dags/example_kubernetes_executor.py
[2024-10-16T12:58:15.829+0000] {logging_mixin.py:190} INFO - [2024-10-16T12:58:15.828+0000] {dag.py:3239} INFO - Sync 1 DAGs
[2024-10-16T12:58:15.848+0000] {logging_mixin.py:190} INFO - [2024-10-16T12:58:15.848+0000] {dag.py:4180} INFO - Setting next_dagrun for example_kubernetes_executor to None, run_after=None
[2024-10-16T12:58:15.882+0000] {processor.py:208} INFO - Processing /home/airflow/.local/lib/python3.12/site-packages/airflow/example_dags/example_kubernetes_executor.py took 0.122 seconds
[2024-10-16T12:58:46.194+0000] {processor.py:186} INFO - Started process (PID=1096) to work on /home/airflow/.local/lib/python3.12/site-packages/airflow/example_dags/example_kubernetes_executor.py
[2024-10-16T12:58:46.197+0000] {processor.py:914} INFO - Processing file /home/airflow/.local/lib/python3.12/site-packages/airflow/example_dags/example_kubernetes_executor.py for tasks to queue
[2024-10-16T12:58:46.200+0000] {logging_mixin.py:190} INFO - [2024-10-16T12:58:46.199+0000] {dagbag.py:588} INFO - Filling up the DagBag from /home/airflow/.local/lib/python3.12/site-packages/airflow/example_dags/example_kubernetes_executor.py
[2024-10-16T12:58:46.220+0000] {processor.py:925} INFO - DAG(s) 'example_kubernetes_executor' retrieved from /home/airflow/.local/lib/python3.12/site-packages/airflow/example_dags/example_kubernetes_executor.py
[2024-10-16T12:58:46.342+0000] {logging_mixin.py:190} INFO - [2024-10-16T12:58:46.342+0000] {dag.py:3239} INFO - Sync 1 DAGs
[2024-10-16T12:58:46.374+0000] {logging_mixin.py:190} INFO - [2024-10-16T12:58:46.374+0000] {dag.py:4180} INFO - Setting next_dagrun for example_kubernetes_executor to None, run_after=None
[2024-10-16T12:58:46.411+0000] {processor.py:208} INFO - Processing /home/airflow/.local/lib/python3.12/site-packages/airflow/example_dags/example_kubernetes_executor.py took 0.231 seconds
[2024-10-16T12:59:16.656+0000] {processor.py:186} INFO - Started process (PID=1158) to work on /home/airflow/.local/lib/python3.12/site-packages/airflow/example_dags/example_kubernetes_executor.py
[2024-10-16T12:59:16.657+0000] {processor.py:914} INFO - Processing file /home/airflow/.local/lib/python3.12/site-packages/airflow/example_dags/example_kubernetes_executor.py for tasks to queue
[2024-10-16T12:59:16.660+0000] {logging_mixin.py:190} INFO - [2024-10-16T12:59:16.659+0000] {dagbag.py:588} INFO - Filling up the DagBag from /home/airflow/.local/lib/python3.12/site-packages/airflow/example_dags/example_kubernetes_executor.py
[2024-10-16T12:59:16.671+0000] {processor.py:925} INFO - DAG(s) 'example_kubernetes_executor' retrieved from /home/airflow/.local/lib/python3.12/site-packages/airflow/example_dags/example_kubernetes_executor.py
[2024-10-16T12:59:16.701+0000] {logging_mixin.py:190} INFO - [2024-10-16T12:59:16.701+0000] {dag.py:3239} INFO - Sync 1 DAGs
[2024-10-16T12:59:16.712+0000] {logging_mixin.py:190} INFO - [2024-10-16T12:59:16.711+0000] {dag.py:4180} INFO - Setting next_dagrun for example_kubernetes_executor to None, run_after=None
[2024-10-16T12:59:16.727+0000] {processor.py:208} INFO - Processing /home/airflow/.local/lib/python3.12/site-packages/airflow/example_dags/example_kubernetes_executor.py took 0.079 seconds
[2024-10-16T12:59:46.924+0000] {processor.py:186} INFO - Started process (PID=1227) to work on /home/airflow/.local/lib/python3.12/site-packages/airflow/example_dags/example_kubernetes_executor.py
[2024-10-16T12:59:46.926+0000] {processor.py:914} INFO - Processing file /home/airflow/.local/lib/python3.12/site-packages/airflow/example_dags/example_kubernetes_executor.py for tasks to queue
[2024-10-16T12:59:46.928+0000] {logging_mixin.py:190} INFO - [2024-10-16T12:59:46.928+0000] {dagbag.py:588} INFO - Filling up the DagBag from /home/airflow/.local/lib/python3.12/site-packages/airflow/example_dags/example_kubernetes_executor.py
[2024-10-16T12:59:46.944+0000] {processor.py:925} INFO - DAG(s) 'example_kubernetes_executor' retrieved from /home/airflow/.local/lib/python3.12/site-packages/airflow/example_dags/example_kubernetes_executor.py
[2024-10-16T12:59:46.985+0000] {logging_mixin.py:190} INFO - [2024-10-16T12:59:46.984+0000] {dag.py:3239} INFO - Sync 1 DAGs
[2024-10-16T12:59:46.999+0000] {logging_mixin.py:190} INFO - [2024-10-16T12:59:46.999+0000] {dag.py:4180} INFO - Setting next_dagrun for example_kubernetes_executor to None, run_after=None
[2024-10-16T12:59:47.026+0000] {processor.py:208} INFO - Processing /home/airflow/.local/lib/python3.12/site-packages/airflow/example_dags/example_kubernetes_executor.py took 0.109 seconds
[2024-10-16T13:00:17.410+0000] {processor.py:186} INFO - Started process (PID=1290) to work on /home/airflow/.local/lib/python3.12/site-packages/airflow/example_dags/example_kubernetes_executor.py
[2024-10-16T13:00:17.412+0000] {processor.py:914} INFO - Processing file /home/airflow/.local/lib/python3.12/site-packages/airflow/example_dags/example_kubernetes_executor.py for tasks to queue
[2024-10-16T13:00:17.416+0000] {logging_mixin.py:190} INFO - [2024-10-16T13:00:17.415+0000] {dagbag.py:588} INFO - Filling up the DagBag from /home/airflow/.local/lib/python3.12/site-packages/airflow/example_dags/example_kubernetes_executor.py
[2024-10-16T13:00:17.437+0000] {processor.py:925} INFO - DAG(s) 'example_kubernetes_executor' retrieved from /home/airflow/.local/lib/python3.12/site-packages/airflow/example_dags/example_kubernetes_executor.py
[2024-10-16T13:00:17.481+0000] {logging_mixin.py:190} INFO - [2024-10-16T13:00:17.480+0000] {dag.py:3239} INFO - Sync 1 DAGs
[2024-10-16T13:00:17.505+0000] {logging_mixin.py:190} INFO - [2024-10-16T13:00:17.505+0000] {dag.py:4180} INFO - Setting next_dagrun for example_kubernetes_executor to None, run_after=None
[2024-10-16T13:00:17.533+0000] {processor.py:208} INFO - Processing /home/airflow/.local/lib/python3.12/site-packages/airflow/example_dags/example_kubernetes_executor.py took 0.131 seconds
[2024-10-16T13:00:48.332+0000] {processor.py:186} INFO - Started process (PID=1351) to work on /home/airflow/.local/lib/python3.12/site-packages/airflow/example_dags/example_kubernetes_executor.py
[2024-10-16T13:00:48.333+0000] {processor.py:914} INFO - Processing file /home/airflow/.local/lib/python3.12/site-packages/airflow/example_dags/example_kubernetes_executor.py for tasks to queue
[2024-10-16T13:00:48.336+0000] {logging_mixin.py:190} INFO - [2024-10-16T13:00:48.336+0000] {dagbag.py:588} INFO - Filling up the DagBag from /home/airflow/.local/lib/python3.12/site-packages/airflow/example_dags/example_kubernetes_executor.py
[2024-10-16T13:00:48.356+0000] {processor.py:925} INFO - DAG(s) 'example_kubernetes_executor' retrieved from /home/airflow/.local/lib/python3.12/site-packages/airflow/example_dags/example_kubernetes_executor.py
[2024-10-16T13:00:48.406+0000] {logging_mixin.py:190} INFO - [2024-10-16T13:00:48.405+0000] {dag.py:3239} INFO - Sync 1 DAGs
[2024-10-16T13:00:48.425+0000] {logging_mixin.py:190} INFO - [2024-10-16T13:00:48.425+0000] {dag.py:4180} INFO - Setting next_dagrun for example_kubernetes_executor to None, run_after=None
[2024-10-16T13:00:48.449+0000] {processor.py:208} INFO - Processing /home/airflow/.local/lib/python3.12/site-packages/airflow/example_dags/example_kubernetes_executor.py took 0.125 seconds
[2024-10-16T13:01:18.549+0000] {processor.py:186} INFO - Started process (PID=1412) to work on /home/airflow/.local/lib/python3.12/site-packages/airflow/example_dags/example_kubernetes_executor.py
[2024-10-16T13:01:18.551+0000] {processor.py:914} INFO - Processing file /home/airflow/.local/lib/python3.12/site-packages/airflow/example_dags/example_kubernetes_executor.py for tasks to queue
[2024-10-16T13:01:18.555+0000] {logging_mixin.py:190} INFO - [2024-10-16T13:01:18.554+0000] {dagbag.py:588} INFO - Filling up the DagBag from /home/airflow/.local/lib/python3.12/site-packages/airflow/example_dags/example_kubernetes_executor.py
[2024-10-16T13:01:18.576+0000] {processor.py:925} INFO - DAG(s) 'example_kubernetes_executor' retrieved from /home/airflow/.local/lib/python3.12/site-packages/airflow/example_dags/example_kubernetes_executor.py
[2024-10-16T13:01:18.642+0000] {logging_mixin.py:190} INFO - [2024-10-16T13:01:18.642+0000] {dag.py:3239} INFO - Sync 1 DAGs
[2024-10-16T13:01:18.667+0000] {logging_mixin.py:190} INFO - [2024-10-16T13:01:18.667+0000] {dag.py:4180} INFO - Setting next_dagrun for example_kubernetes_executor to None, run_after=None
[2024-10-16T13:01:18.711+0000] {processor.py:208} INFO - Processing /home/airflow/.local/lib/python3.12/site-packages/airflow/example_dags/example_kubernetes_executor.py took 0.169 seconds
[2024-10-16T13:01:49.474+0000] {processor.py:186} INFO - Started process (PID=1474) to work on /home/airflow/.local/lib/python3.12/site-packages/airflow/example_dags/example_kubernetes_executor.py
[2024-10-16T13:01:49.475+0000] {processor.py:914} INFO - Processing file /home/airflow/.local/lib/python3.12/site-packages/airflow/example_dags/example_kubernetes_executor.py for tasks to queue
[2024-10-16T13:01:49.477+0000] {logging_mixin.py:190} INFO - [2024-10-16T13:01:49.476+0000] {dagbag.py:588} INFO - Filling up the DagBag from /home/airflow/.local/lib/python3.12/site-packages/airflow/example_dags/example_kubernetes_executor.py
[2024-10-16T13:01:49.487+0000] {processor.py:925} INFO - DAG(s) 'example_kubernetes_executor' retrieved from /home/airflow/.local/lib/python3.12/site-packages/airflow/example_dags/example_kubernetes_executor.py
[2024-10-16T13:01:49.516+0000] {logging_mixin.py:190} INFO - [2024-10-16T13:01:49.516+0000] {dag.py:3239} INFO - Sync 1 DAGs
[2024-10-16T13:01:49.526+0000] {logging_mixin.py:190} INFO - [2024-10-16T13:01:49.526+0000] {dag.py:4180} INFO - Setting next_dagrun for example_kubernetes_executor to None, run_after=None
[2024-10-16T13:01:49.546+0000] {processor.py:208} INFO - Processing /home/airflow/.local/lib/python3.12/site-packages/airflow/example_dags/example_kubernetes_executor.py took 0.078 seconds
[2024-10-16T13:02:20.547+0000] {processor.py:186} INFO - Started process (PID=1537) to work on /home/airflow/.local/lib/python3.12/site-packages/airflow/example_dags/example_kubernetes_executor.py
[2024-10-16T13:02:20.549+0000] {processor.py:914} INFO - Processing file /home/airflow/.local/lib/python3.12/site-packages/airflow/example_dags/example_kubernetes_executor.py for tasks to queue
[2024-10-16T13:02:20.554+0000] {logging_mixin.py:190} INFO - [2024-10-16T13:02:20.553+0000] {dagbag.py:588} INFO - Filling up the DagBag from /home/airflow/.local/lib/python3.12/site-packages/airflow/example_dags/example_kubernetes_executor.py
[2024-10-16T13:02:20.576+0000] {processor.py:925} INFO - DAG(s) 'example_kubernetes_executor' retrieved from /home/airflow/.local/lib/python3.12/site-packages/airflow/example_dags/example_kubernetes_executor.py
[2024-10-16T13:02:20.706+0000] {logging_mixin.py:190} INFO - [2024-10-16T13:02:20.705+0000] {dag.py:3239} INFO - Sync 1 DAGs
[2024-10-16T13:02:20.742+0000] {logging_mixin.py:190} INFO - [2024-10-16T13:02:20.742+0000] {dag.py:4180} INFO - Setting next_dagrun for example_kubernetes_executor to None, run_after=None
[2024-10-16T13:02:20.795+0000] {processor.py:208} INFO - Processing /home/airflow/.local/lib/python3.12/site-packages/airflow/example_dags/example_kubernetes_executor.py took 0.259 seconds
[2024-10-16T13:02:50.938+0000] {processor.py:186} INFO - Started process (PID=1598) to work on /home/airflow/.local/lib/python3.12/site-packages/airflow/example_dags/example_kubernetes_executor.py
[2024-10-16T13:02:50.941+0000] {processor.py:914} INFO - Processing file /home/airflow/.local/lib/python3.12/site-packages/airflow/example_dags/example_kubernetes_executor.py for tasks to queue
[2024-10-16T13:02:50.945+0000] {logging_mixin.py:190} INFO - [2024-10-16T13:02:50.945+0000] {dagbag.py:588} INFO - Filling up the DagBag from /home/airflow/.local/lib/python3.12/site-packages/airflow/example_dags/example_kubernetes_executor.py
[2024-10-16T13:02:50.970+0000] {processor.py:925} INFO - DAG(s) 'example_kubernetes_executor' retrieved from /home/airflow/.local/lib/python3.12/site-packages/airflow/example_dags/example_kubernetes_executor.py
[2024-10-16T13:02:51.083+0000] {logging_mixin.py:190} INFO - [2024-10-16T13:02:51.082+0000] {dag.py:3239} INFO - Sync 1 DAGs
[2024-10-16T13:02:51.108+0000] {logging_mixin.py:190} INFO - [2024-10-16T13:02:51.108+0000] {dag.py:4180} INFO - Setting next_dagrun for example_kubernetes_executor to None, run_after=None
[2024-10-16T13:02:51.155+0000] {processor.py:208} INFO - Processing /home/airflow/.local/lib/python3.12/site-packages/airflow/example_dags/example_kubernetes_executor.py took 0.227 seconds
[2024-10-16T13:03:21.556+0000] {processor.py:186} INFO - Started process (PID=1661) to work on /home/airflow/.local/lib/python3.12/site-packages/airflow/example_dags/example_kubernetes_executor.py
[2024-10-16T13:03:21.558+0000] {processor.py:914} INFO - Processing file /home/airflow/.local/lib/python3.12/site-packages/airflow/example_dags/example_kubernetes_executor.py for tasks to queue
[2024-10-16T13:03:21.563+0000] {logging_mixin.py:190} INFO - [2024-10-16T13:03:21.562+0000] {dagbag.py:588} INFO - Filling up the DagBag from /home/airflow/.local/lib/python3.12/site-packages/airflow/example_dags/example_kubernetes_executor.py
[2024-10-16T13:03:21.583+0000] {processor.py:925} INFO - DAG(s) 'example_kubernetes_executor' retrieved from /home/airflow/.local/lib/python3.12/site-packages/airflow/example_dags/example_kubernetes_executor.py
[2024-10-16T13:03:21.634+0000] {logging_mixin.py:190} INFO - [2024-10-16T13:03:21.634+0000] {dag.py:3239} INFO - Sync 1 DAGs
[2024-10-16T13:03:21.655+0000] {logging_mixin.py:190} INFO - [2024-10-16T13:03:21.654+0000] {dag.py:4180} INFO - Setting next_dagrun for example_kubernetes_executor to None, run_after=None
[2024-10-16T13:03:21.679+0000] {processor.py:208} INFO - Processing /home/airflow/.local/lib/python3.12/site-packages/airflow/example_dags/example_kubernetes_executor.py took 0.131 seconds
[2024-10-16T13:03:52.483+0000] {processor.py:186} INFO - Started process (PID=1724) to work on /home/airflow/.local/lib/python3.12/site-packages/airflow/example_dags/example_kubernetes_executor.py
[2024-10-16T13:03:52.485+0000] {processor.py:914} INFO - Processing file /home/airflow/.local/lib/python3.12/site-packages/airflow/example_dags/example_kubernetes_executor.py for tasks to queue
[2024-10-16T13:03:52.489+0000] {logging_mixin.py:190} INFO - [2024-10-16T13:03:52.488+0000] {dagbag.py:588} INFO - Filling up the DagBag from /home/airflow/.local/lib/python3.12/site-packages/airflow/example_dags/example_kubernetes_executor.py
[2024-10-16T13:03:52.506+0000] {processor.py:925} INFO - DAG(s) 'example_kubernetes_executor' retrieved from /home/airflow/.local/lib/python3.12/site-packages/airflow/example_dags/example_kubernetes_executor.py
[2024-10-16T13:03:52.555+0000] {logging_mixin.py:190} INFO - [2024-10-16T13:03:52.554+0000] {dag.py:3239} INFO - Sync 1 DAGs
[2024-10-16T13:03:52.573+0000] {logging_mixin.py:190} INFO - [2024-10-16T13:03:52.573+0000] {dag.py:4180} INFO - Setting next_dagrun for example_kubernetes_executor to None, run_after=None
[2024-10-16T13:03:52.604+0000] {processor.py:208} INFO - Processing /home/airflow/.local/lib/python3.12/site-packages/airflow/example_dags/example_kubernetes_executor.py took 0.129 seconds
[2024-10-16T13:04:22.860+0000] {processor.py:186} INFO - Started process (PID=1785) to work on /home/airflow/.local/lib/python3.12/site-packages/airflow/example_dags/example_kubernetes_executor.py
[2024-10-16T13:04:22.865+0000] {processor.py:914} INFO - Processing file /home/airflow/.local/lib/python3.12/site-packages/airflow/example_dags/example_kubernetes_executor.py for tasks to queue
[2024-10-16T13:04:22.871+0000] {logging_mixin.py:190} INFO - [2024-10-16T13:04:22.871+0000] {dagbag.py:588} INFO - Filling up the DagBag from /home/airflow/.local/lib/python3.12/site-packages/airflow/example_dags/example_kubernetes_executor.py
[2024-10-16T13:04:22.894+0000] {processor.py:925} INFO - DAG(s) 'example_kubernetes_executor' retrieved from /home/airflow/.local/lib/python3.12/site-packages/airflow/example_dags/example_kubernetes_executor.py
[2024-10-16T13:04:22.945+0000] {logging_mixin.py:190} INFO - [2024-10-16T13:04:22.944+0000] {dag.py:3239} INFO - Sync 1 DAGs
[2024-10-16T13:04:22.962+0000] {logging_mixin.py:190} INFO - [2024-10-16T13:04:22.962+0000] {dag.py:4180} INFO - Setting next_dagrun for example_kubernetes_executor to None, run_after=None
[2024-10-16T13:04:22.988+0000] {processor.py:208} INFO - Processing /home/airflow/.local/lib/python3.12/site-packages/airflow/example_dags/example_kubernetes_executor.py took 0.137 seconds
[2024-10-16T13:08:07.618+0000] {processor.py:186} INFO - Started process (PID=102) to work on /home/airflow/.local/lib/python3.12/site-packages/airflow/example_dags/example_kubernetes_executor.py
[2024-10-16T13:08:07.619+0000] {processor.py:914} INFO - Processing file /home/airflow/.local/lib/python3.12/site-packages/airflow/example_dags/example_kubernetes_executor.py for tasks to queue
[2024-10-16T13:08:07.621+0000] {logging_mixin.py:190} INFO - [2024-10-16T13:08:07.621+0000] {dagbag.py:588} INFO - Filling up the DagBag from /home/airflow/.local/lib/python3.12/site-packages/airflow/example_dags/example_kubernetes_executor.py
[2024-10-16T13:08:07.635+0000] {processor.py:925} INFO - DAG(s) 'example_kubernetes_executor' retrieved from /home/airflow/.local/lib/python3.12/site-packages/airflow/example_dags/example_kubernetes_executor.py
[2024-10-16T13:08:07.757+0000] {logging_mixin.py:190} INFO - [2024-10-16T13:08:07.757+0000] {override.py:1900} INFO - Created Permission View: can read on DAG:example_kubernetes_executor
[2024-10-16T13:08:07.769+0000] {logging_mixin.py:190} INFO - [2024-10-16T13:08:07.769+0000] {override.py:1900} INFO - Created Permission View: can delete on DAG:example_kubernetes_executor
[2024-10-16T13:08:07.776+0000] {logging_mixin.py:190} INFO - [2024-10-16T13:08:07.776+0000] {override.py:1900} INFO - Created Permission View: can edit on DAG:example_kubernetes_executor
[2024-10-16T13:08:07.783+0000] {logging_mixin.py:190} INFO - [2024-10-16T13:08:07.783+0000] {override.py:1900} INFO - Created Permission View: can create on DAG Run:example_kubernetes_executor
[2024-10-16T13:08:07.789+0000] {logging_mixin.py:190} INFO - [2024-10-16T13:08:07.789+0000] {override.py:1900} INFO - Created Permission View: menu access on DAG Run:example_kubernetes_executor
[2024-10-16T13:08:07.796+0000] {logging_mixin.py:190} INFO - [2024-10-16T13:08:07.796+0000] {override.py:1900} INFO - Created Permission View: can read on DAG Run:example_kubernetes_executor
[2024-10-16T13:08:07.802+0000] {logging_mixin.py:190} INFO - [2024-10-16T13:08:07.802+0000] {override.py:1900} INFO - Created Permission View: can delete on DAG Run:example_kubernetes_executor
[2024-10-16T13:08:07.803+0000] {logging_mixin.py:190} INFO - [2024-10-16T13:08:07.803+0000] {dag.py:3239} INFO - Sync 1 DAGs
[2024-10-16T13:08:07.814+0000] {logging_mixin.py:190} INFO - [2024-10-16T13:08:07.813+0000] {dag.py:3262} INFO - Creating ORM DAG for example_kubernetes_executor
[2024-10-16T13:08:07.815+0000] {logging_mixin.py:190} INFO - [2024-10-16T13:08:07.815+0000] {dag.py:4180} INFO - Setting next_dagrun for example_kubernetes_executor to None, run_after=None
[2024-10-16T13:08:07.834+0000] {processor.py:208} INFO - Processing /home/airflow/.local/lib/python3.12/site-packages/airflow/example_dags/example_kubernetes_executor.py took 0.220 seconds
[2024-10-16T13:08:38.666+0000] {processor.py:186} INFO - Started process (PID=165) to work on /home/airflow/.local/lib/python3.12/site-packages/airflow/example_dags/example_kubernetes_executor.py
[2024-10-16T13:08:38.667+0000] {processor.py:914} INFO - Processing file /home/airflow/.local/lib/python3.12/site-packages/airflow/example_dags/example_kubernetes_executor.py for tasks to queue
[2024-10-16T13:08:38.669+0000] {logging_mixin.py:190} INFO - [2024-10-16T13:08:38.668+0000] {dagbag.py:588} INFO - Filling up the DagBag from /home/airflow/.local/lib/python3.12/site-packages/airflow/example_dags/example_kubernetes_executor.py
[2024-10-16T13:08:38.685+0000] {processor.py:925} INFO - DAG(s) 'example_kubernetes_executor' retrieved from /home/airflow/.local/lib/python3.12/site-packages/airflow/example_dags/example_kubernetes_executor.py
[2024-10-16T13:08:38.749+0000] {logging_mixin.py:190} INFO - [2024-10-16T13:08:38.749+0000] {dag.py:3239} INFO - Sync 1 DAGs
[2024-10-16T13:08:38.773+0000] {logging_mixin.py:190} INFO - [2024-10-16T13:08:38.772+0000] {dag.py:4180} INFO - Setting next_dagrun for example_kubernetes_executor to None, run_after=None
[2024-10-16T13:08:38.808+0000] {processor.py:208} INFO - Processing /home/airflow/.local/lib/python3.12/site-packages/airflow/example_dags/example_kubernetes_executor.py took 0.147 seconds
[2024-10-16T13:09:08.951+0000] {processor.py:186} INFO - Started process (PID=228) to work on /home/airflow/.local/lib/python3.12/site-packages/airflow/example_dags/example_kubernetes_executor.py
[2024-10-16T13:09:08.953+0000] {processor.py:914} INFO - Processing file /home/airflow/.local/lib/python3.12/site-packages/airflow/example_dags/example_kubernetes_executor.py for tasks to queue
[2024-10-16T13:09:08.957+0000] {logging_mixin.py:190} INFO - [2024-10-16T13:09:08.956+0000] {dagbag.py:588} INFO - Filling up the DagBag from /home/airflow/.local/lib/python3.12/site-packages/airflow/example_dags/example_kubernetes_executor.py
[2024-10-16T13:09:08.971+0000] {processor.py:925} INFO - DAG(s) 'example_kubernetes_executor' retrieved from /home/airflow/.local/lib/python3.12/site-packages/airflow/example_dags/example_kubernetes_executor.py
[2024-10-16T13:09:09.012+0000] {logging_mixin.py:190} INFO - [2024-10-16T13:09:09.012+0000] {dag.py:3239} INFO - Sync 1 DAGs
[2024-10-16T13:09:09.036+0000] {logging_mixin.py:190} INFO - [2024-10-16T13:09:09.036+0000] {dag.py:4180} INFO - Setting next_dagrun for example_kubernetes_executor to None, run_after=None
[2024-10-16T13:09:09.087+0000] {processor.py:208} INFO - Processing /home/airflow/.local/lib/python3.12/site-packages/airflow/example_dags/example_kubernetes_executor.py took 0.142 seconds
[2024-10-16T13:09:39.175+0000] {processor.py:186} INFO - Started process (PID=290) to work on /home/airflow/.local/lib/python3.12/site-packages/airflow/example_dags/example_kubernetes_executor.py
[2024-10-16T13:09:39.177+0000] {processor.py:914} INFO - Processing file /home/airflow/.local/lib/python3.12/site-packages/airflow/example_dags/example_kubernetes_executor.py for tasks to queue
[2024-10-16T13:09:39.181+0000] {logging_mixin.py:190} INFO - [2024-10-16T13:09:39.180+0000] {dagbag.py:588} INFO - Filling up the DagBag from /home/airflow/.local/lib/python3.12/site-packages/airflow/example_dags/example_kubernetes_executor.py
[2024-10-16T13:09:39.200+0000] {processor.py:925} INFO - DAG(s) 'example_kubernetes_executor' retrieved from /home/airflow/.local/lib/python3.12/site-packages/airflow/example_dags/example_kubernetes_executor.py
[2024-10-16T13:09:39.260+0000] {logging_mixin.py:190} INFO - [2024-10-16T13:09:39.260+0000] {dag.py:3239} INFO - Sync 1 DAGs
[2024-10-16T13:09:39.279+0000] {logging_mixin.py:190} INFO - [2024-10-16T13:09:39.279+0000] {dag.py:4180} INFO - Setting next_dagrun for example_kubernetes_executor to None, run_after=None
[2024-10-16T13:09:39.303+0000] {processor.py:208} INFO - Processing /home/airflow/.local/lib/python3.12/site-packages/airflow/example_dags/example_kubernetes_executor.py took 0.138 seconds
[2024-10-16T13:10:09.419+0000] {processor.py:186} INFO - Started process (PID=353) to work on /home/airflow/.local/lib/python3.12/site-packages/airflow/example_dags/example_kubernetes_executor.py
[2024-10-16T13:10:09.420+0000] {processor.py:914} INFO - Processing file /home/airflow/.local/lib/python3.12/site-packages/airflow/example_dags/example_kubernetes_executor.py for tasks to queue
[2024-10-16T13:10:09.423+0000] {logging_mixin.py:190} INFO - [2024-10-16T13:10:09.422+0000] {dagbag.py:588} INFO - Filling up the DagBag from /home/airflow/.local/lib/python3.12/site-packages/airflow/example_dags/example_kubernetes_executor.py
[2024-10-16T13:10:09.441+0000] {processor.py:925} INFO - DAG(s) 'example_kubernetes_executor' retrieved from /home/airflow/.local/lib/python3.12/site-packages/airflow/example_dags/example_kubernetes_executor.py
[2024-10-16T13:10:09.493+0000] {logging_mixin.py:190} INFO - [2024-10-16T13:10:09.492+0000] {dag.py:3239} INFO - Sync 1 DAGs
[2024-10-16T13:10:09.517+0000] {logging_mixin.py:190} INFO - [2024-10-16T13:10:09.516+0000] {dag.py:4180} INFO - Setting next_dagrun for example_kubernetes_executor to None, run_after=None
[2024-10-16T13:10:09.548+0000] {processor.py:208} INFO - Processing /home/airflow/.local/lib/python3.12/site-packages/airflow/example_dags/example_kubernetes_executor.py took 0.139 seconds
[2024-10-16T13:10:40.622+0000] {processor.py:186} INFO - Started process (PID=417) to work on /home/airflow/.local/lib/python3.12/site-packages/airflow/example_dags/example_kubernetes_executor.py
[2024-10-16T13:10:40.624+0000] {processor.py:914} INFO - Processing file /home/airflow/.local/lib/python3.12/site-packages/airflow/example_dags/example_kubernetes_executor.py for tasks to queue
[2024-10-16T13:10:40.626+0000] {logging_mixin.py:190} INFO - [2024-10-16T13:10:40.626+0000] {dagbag.py:588} INFO - Filling up the DagBag from /home/airflow/.local/lib/python3.12/site-packages/airflow/example_dags/example_kubernetes_executor.py
[2024-10-16T13:10:40.649+0000] {processor.py:925} INFO - DAG(s) 'example_kubernetes_executor' retrieved from /home/airflow/.local/lib/python3.12/site-packages/airflow/example_dags/example_kubernetes_executor.py
[2024-10-16T13:10:40.702+0000] {logging_mixin.py:190} INFO - [2024-10-16T13:10:40.701+0000] {dag.py:3239} INFO - Sync 1 DAGs
[2024-10-16T13:10:40.727+0000] {logging_mixin.py:190} INFO - [2024-10-16T13:10:40.726+0000] {dag.py:4180} INFO - Setting next_dagrun for example_kubernetes_executor to None, run_after=None
[2024-10-16T13:10:40.776+0000] {processor.py:208} INFO - Processing /home/airflow/.local/lib/python3.12/site-packages/airflow/example_dags/example_kubernetes_executor.py took 0.162 seconds
[2024-10-16T13:11:11.362+0000] {processor.py:186} INFO - Started process (PID=480) to work on /home/airflow/.local/lib/python3.12/site-packages/airflow/example_dags/example_kubernetes_executor.py
[2024-10-16T13:11:11.364+0000] {processor.py:914} INFO - Processing file /home/airflow/.local/lib/python3.12/site-packages/airflow/example_dags/example_kubernetes_executor.py for tasks to queue
[2024-10-16T13:11:11.367+0000] {logging_mixin.py:190} INFO - [2024-10-16T13:11:11.367+0000] {dagbag.py:588} INFO - Filling up the DagBag from /home/airflow/.local/lib/python3.12/site-packages/airflow/example_dags/example_kubernetes_executor.py
[2024-10-16T13:11:11.386+0000] {processor.py:925} INFO - DAG(s) 'example_kubernetes_executor' retrieved from /home/airflow/.local/lib/python3.12/site-packages/airflow/example_dags/example_kubernetes_executor.py
[2024-10-16T13:11:11.434+0000] {logging_mixin.py:190} INFO - [2024-10-16T13:11:11.434+0000] {dag.py:3239} INFO - Sync 1 DAGs
[2024-10-16T13:11:11.454+0000] {logging_mixin.py:190} INFO - [2024-10-16T13:11:11.454+0000] {dag.py:4180} INFO - Setting next_dagrun for example_kubernetes_executor to None, run_after=None
[2024-10-16T13:11:11.483+0000] {processor.py:208} INFO - Processing /home/airflow/.local/lib/python3.12/site-packages/airflow/example_dags/example_kubernetes_executor.py took 0.128 seconds
[2024-10-16T13:12:47.512+0000] {processor.py:186} INFO - Started process (PID=101) to work on /home/airflow/.local/lib/python3.12/site-packages/airflow/example_dags/example_kubernetes_executor.py
[2024-10-16T13:12:47.513+0000] {processor.py:914} INFO - Processing file /home/airflow/.local/lib/python3.12/site-packages/airflow/example_dags/example_kubernetes_executor.py for tasks to queue
[2024-10-16T13:12:47.516+0000] {logging_mixin.py:190} INFO - [2024-10-16T13:12:47.515+0000] {dagbag.py:588} INFO - Filling up the DagBag from /home/airflow/.local/lib/python3.12/site-packages/airflow/example_dags/example_kubernetes_executor.py
[2024-10-16T13:12:47.531+0000] {processor.py:925} INFO - DAG(s) 'example_kubernetes_executor' retrieved from /home/airflow/.local/lib/python3.12/site-packages/airflow/example_dags/example_kubernetes_executor.py
[2024-10-16T13:12:47.668+0000] {logging_mixin.py:190} INFO - [2024-10-16T13:12:47.667+0000] {override.py:1900} INFO - Created Permission View: can read on DAG:example_kubernetes_executor
[2024-10-16T13:12:47.681+0000] {logging_mixin.py:190} INFO - [2024-10-16T13:12:47.680+0000] {override.py:1900} INFO - Created Permission View: can edit on DAG:example_kubernetes_executor
[2024-10-16T13:12:47.692+0000] {logging_mixin.py:190} INFO - [2024-10-16T13:12:47.692+0000] {override.py:1900} INFO - Created Permission View: can delete on DAG:example_kubernetes_executor
[2024-10-16T13:12:47.702+0000] {logging_mixin.py:190} INFO - [2024-10-16T13:12:47.702+0000] {override.py:1900} INFO - Created Permission View: can read on DAG Run:example_kubernetes_executor
[2024-10-16T13:12:47.714+0000] {logging_mixin.py:190} INFO - [2024-10-16T13:12:47.714+0000] {override.py:1900} INFO - Created Permission View: menu access on DAG Run:example_kubernetes_executor
[2024-10-16T13:12:47.722+0000] {logging_mixin.py:190} INFO - [2024-10-16T13:12:47.721+0000] {override.py:1900} INFO - Created Permission View: can delete on DAG Run:example_kubernetes_executor
[2024-10-16T13:12:47.731+0000] {logging_mixin.py:190} INFO - [2024-10-16T13:12:47.731+0000] {override.py:1900} INFO - Created Permission View: can create on DAG Run:example_kubernetes_executor
[2024-10-16T13:12:47.732+0000] {logging_mixin.py:190} INFO - [2024-10-16T13:12:47.731+0000] {dag.py:3239} INFO - Sync 1 DAGs
[2024-10-16T13:12:47.744+0000] {logging_mixin.py:190} INFO - [2024-10-16T13:12:47.744+0000] {dag.py:3262} INFO - Creating ORM DAG for example_kubernetes_executor
[2024-10-16T13:12:47.745+0000] {logging_mixin.py:190} INFO - [2024-10-16T13:12:47.745+0000] {dag.py:4180} INFO - Setting next_dagrun for example_kubernetes_executor to None, run_after=None
[2024-10-16T13:12:47.763+0000] {processor.py:208} INFO - Processing /home/airflow/.local/lib/python3.12/site-packages/airflow/example_dags/example_kubernetes_executor.py took 0.255 seconds
[2024-10-16T13:13:18.459+0000] {processor.py:186} INFO - Started process (PID=164) to work on /home/airflow/.local/lib/python3.12/site-packages/airflow/example_dags/example_kubernetes_executor.py
[2024-10-16T13:13:18.460+0000] {processor.py:914} INFO - Processing file /home/airflow/.local/lib/python3.12/site-packages/airflow/example_dags/example_kubernetes_executor.py for tasks to queue
[2024-10-16T13:13:18.463+0000] {logging_mixin.py:190} INFO - [2024-10-16T13:13:18.462+0000] {dagbag.py:588} INFO - Filling up the DagBag from /home/airflow/.local/lib/python3.12/site-packages/airflow/example_dags/example_kubernetes_executor.py
[2024-10-16T13:13:18.478+0000] {processor.py:925} INFO - DAG(s) 'example_kubernetes_executor' retrieved from /home/airflow/.local/lib/python3.12/site-packages/airflow/example_dags/example_kubernetes_executor.py
[2024-10-16T13:13:18.519+0000] {logging_mixin.py:190} INFO - [2024-10-16T13:13:18.519+0000] {dag.py:3239} INFO - Sync 1 DAGs
[2024-10-16T13:13:18.555+0000] {logging_mixin.py:190} INFO - [2024-10-16T13:13:18.554+0000] {dag.py:4180} INFO - Setting next_dagrun for example_kubernetes_executor to None, run_after=None
[2024-10-16T13:13:18.585+0000] {processor.py:208} INFO - Processing /home/airflow/.local/lib/python3.12/site-packages/airflow/example_dags/example_kubernetes_executor.py took 0.132 seconds
[2024-10-16T13:14:48.725+0000] {processor.py:186} INFO - Started process (PID=103) to work on /home/airflow/.local/lib/python3.12/site-packages/airflow/example_dags/example_kubernetes_executor.py
[2024-10-16T13:14:48.726+0000] {processor.py:914} INFO - Processing file /home/airflow/.local/lib/python3.12/site-packages/airflow/example_dags/example_kubernetes_executor.py for tasks to queue
[2024-10-16T13:14:48.728+0000] {logging_mixin.py:190} INFO - [2024-10-16T13:14:48.727+0000] {dagbag.py:588} INFO - Filling up the DagBag from /home/airflow/.local/lib/python3.12/site-packages/airflow/example_dags/example_kubernetes_executor.py
[2024-10-16T13:14:48.740+0000] {processor.py:925} INFO - DAG(s) 'example_kubernetes_executor' retrieved from /home/airflow/.local/lib/python3.12/site-packages/airflow/example_dags/example_kubernetes_executor.py
[2024-10-16T13:14:48.846+0000] {logging_mixin.py:190} INFO - [2024-10-16T13:14:48.846+0000] {override.py:1900} INFO - Created Permission View: can read on DAG:example_kubernetes_executor
[2024-10-16T13:14:48.859+0000] {logging_mixin.py:190} INFO - [2024-10-16T13:14:48.858+0000] {override.py:1900} INFO - Created Permission View: can delete on DAG:example_kubernetes_executor
[2024-10-16T13:14:48.866+0000] {logging_mixin.py:190} INFO - [2024-10-16T13:14:48.866+0000] {override.py:1900} INFO - Created Permission View: can edit on DAG:example_kubernetes_executor
[2024-10-16T13:14:48.873+0000] {logging_mixin.py:190} INFO - [2024-10-16T13:14:48.873+0000] {override.py:1900} INFO - Created Permission View: can read on DAG Run:example_kubernetes_executor
[2024-10-16T13:14:48.880+0000] {logging_mixin.py:190} INFO - [2024-10-16T13:14:48.879+0000] {override.py:1900} INFO - Created Permission View: can create on DAG Run:example_kubernetes_executor
[2024-10-16T13:14:48.886+0000] {logging_mixin.py:190} INFO - [2024-10-16T13:14:48.885+0000] {override.py:1900} INFO - Created Permission View: can delete on DAG Run:example_kubernetes_executor
[2024-10-16T13:14:48.891+0000] {logging_mixin.py:190} INFO - [2024-10-16T13:14:48.891+0000] {override.py:1900} INFO - Created Permission View: menu access on DAG Run:example_kubernetes_executor
[2024-10-16T13:14:48.893+0000] {logging_mixin.py:190} INFO - [2024-10-16T13:14:48.892+0000] {dag.py:3239} INFO - Sync 1 DAGs
[2024-10-16T13:14:48.903+0000] {logging_mixin.py:190} INFO - [2024-10-16T13:14:48.903+0000] {dag.py:3262} INFO - Creating ORM DAG for example_kubernetes_executor
[2024-10-16T13:14:48.905+0000] {logging_mixin.py:190} INFO - [2024-10-16T13:14:48.904+0000] {dag.py:4180} INFO - Setting next_dagrun for example_kubernetes_executor to None, run_after=None
[2024-10-16T13:14:48.923+0000] {processor.py:208} INFO - Processing /home/airflow/.local/lib/python3.12/site-packages/airflow/example_dags/example_kubernetes_executor.py took 0.204 seconds
[2024-10-16T13:16:18.269+0000] {processor.py:186} INFO - Started process (PID=102) to work on /home/airflow/.local/lib/python3.12/site-packages/airflow/example_dags/example_kubernetes_executor.py
[2024-10-16T13:16:18.270+0000] {processor.py:914} INFO - Processing file /home/airflow/.local/lib/python3.12/site-packages/airflow/example_dags/example_kubernetes_executor.py for tasks to queue
[2024-10-16T13:16:18.273+0000] {logging_mixin.py:190} INFO - [2024-10-16T13:16:18.272+0000] {dagbag.py:588} INFO - Filling up the DagBag from /home/airflow/.local/lib/python3.12/site-packages/airflow/example_dags/example_kubernetes_executor.py
[2024-10-16T13:16:18.293+0000] {processor.py:925} INFO - DAG(s) 'example_kubernetes_executor' retrieved from /home/airflow/.local/lib/python3.12/site-packages/airflow/example_dags/example_kubernetes_executor.py
[2024-10-16T13:16:18.420+0000] {logging_mixin.py:190} INFO - [2024-10-16T13:16:18.420+0000] {override.py:1900} INFO - Created Permission View: can edit on DAG:example_kubernetes_executor
[2024-10-16T13:16:18.431+0000] {logging_mixin.py:190} INFO - [2024-10-16T13:16:18.430+0000] {override.py:1900} INFO - Created Permission View: can read on DAG:example_kubernetes_executor
[2024-10-16T13:16:18.436+0000] {logging_mixin.py:190} INFO - [2024-10-16T13:16:18.436+0000] {override.py:1900} INFO - Created Permission View: can delete on DAG:example_kubernetes_executor
[2024-10-16T13:16:18.442+0000] {logging_mixin.py:190} INFO - [2024-10-16T13:16:18.442+0000] {override.py:1900} INFO - Created Permission View: menu access on DAG Run:example_kubernetes_executor
[2024-10-16T13:16:18.448+0000] {logging_mixin.py:190} INFO - [2024-10-16T13:16:18.447+0000] {override.py:1900} INFO - Created Permission View: can read on DAG Run:example_kubernetes_executor
[2024-10-16T13:16:18.453+0000] {logging_mixin.py:190} INFO - [2024-10-16T13:16:18.452+0000] {override.py:1900} INFO - Created Permission View: can create on DAG Run:example_kubernetes_executor
[2024-10-16T13:16:18.459+0000] {logging_mixin.py:190} INFO - [2024-10-16T13:16:18.459+0000] {override.py:1900} INFO - Created Permission View: can delete on DAG Run:example_kubernetes_executor
[2024-10-16T13:16:18.461+0000] {logging_mixin.py:190} INFO - [2024-10-16T13:16:18.460+0000] {dag.py:3239} INFO - Sync 1 DAGs
[2024-10-16T13:16:18.472+0000] {logging_mixin.py:190} INFO - [2024-10-16T13:16:18.472+0000] {dag.py:3262} INFO - Creating ORM DAG for example_kubernetes_executor
[2024-10-16T13:16:18.473+0000] {logging_mixin.py:190} INFO - [2024-10-16T13:16:18.473+0000] {dag.py:4180} INFO - Setting next_dagrun for example_kubernetes_executor to None, run_after=None
[2024-10-16T13:16:18.487+0000] {processor.py:208} INFO - Processing /home/airflow/.local/lib/python3.12/site-packages/airflow/example_dags/example_kubernetes_executor.py took 0.225 seconds
[2024-10-16T13:16:48.894+0000] {processor.py:186} INFO - Started process (PID=165) to work on /home/airflow/.local/lib/python3.12/site-packages/airflow/example_dags/example_kubernetes_executor.py
[2024-10-16T13:16:48.895+0000] {processor.py:914} INFO - Processing file /home/airflow/.local/lib/python3.12/site-packages/airflow/example_dags/example_kubernetes_executor.py for tasks to queue
[2024-10-16T13:16:48.898+0000] {logging_mixin.py:190} INFO - [2024-10-16T13:16:48.898+0000] {dagbag.py:588} INFO - Filling up the DagBag from /home/airflow/.local/lib/python3.12/site-packages/airflow/example_dags/example_kubernetes_executor.py
[2024-10-16T13:16:48.916+0000] {processor.py:925} INFO - DAG(s) 'example_kubernetes_executor' retrieved from /home/airflow/.local/lib/python3.12/site-packages/airflow/example_dags/example_kubernetes_executor.py
[2024-10-16T13:16:48.958+0000] {logging_mixin.py:190} INFO - [2024-10-16T13:16:48.958+0000] {dag.py:3239} INFO - Sync 1 DAGs
[2024-10-16T13:16:48.974+0000] {logging_mixin.py:190} INFO - [2024-10-16T13:16:48.973+0000] {dag.py:4180} INFO - Setting next_dagrun for example_kubernetes_executor to None, run_after=None
[2024-10-16T13:16:48.997+0000] {processor.py:208} INFO - Processing /home/airflow/.local/lib/python3.12/site-packages/airflow/example_dags/example_kubernetes_executor.py took 0.110 seconds
[2024-10-16T13:17:19.363+0000] {processor.py:186} INFO - Started process (PID=228) to work on /home/airflow/.local/lib/python3.12/site-packages/airflow/example_dags/example_kubernetes_executor.py
[2024-10-16T13:17:19.364+0000] {processor.py:914} INFO - Processing file /home/airflow/.local/lib/python3.12/site-packages/airflow/example_dags/example_kubernetes_executor.py for tasks to queue
[2024-10-16T13:17:19.368+0000] {logging_mixin.py:190} INFO - [2024-10-16T13:17:19.368+0000] {dagbag.py:588} INFO - Filling up the DagBag from /home/airflow/.local/lib/python3.12/site-packages/airflow/example_dags/example_kubernetes_executor.py
[2024-10-16T13:17:19.382+0000] {processor.py:925} INFO - DAG(s) 'example_kubernetes_executor' retrieved from /home/airflow/.local/lib/python3.12/site-packages/airflow/example_dags/example_kubernetes_executor.py
[2024-10-16T13:17:19.420+0000] {logging_mixin.py:190} INFO - [2024-10-16T13:17:19.419+0000] {dag.py:3239} INFO - Sync 1 DAGs
[2024-10-16T13:17:19.436+0000] {logging_mixin.py:190} INFO - [2024-10-16T13:17:19.435+0000] {dag.py:4180} INFO - Setting next_dagrun for example_kubernetes_executor to None, run_after=None
[2024-10-16T13:17:19.459+0000] {processor.py:208} INFO - Processing /home/airflow/.local/lib/python3.12/site-packages/airflow/example_dags/example_kubernetes_executor.py took 0.102 seconds
[2024-10-16T13:17:50.168+0000] {processor.py:186} INFO - Started process (PID=291) to work on /home/airflow/.local/lib/python3.12/site-packages/airflow/example_dags/example_kubernetes_executor.py
[2024-10-16T13:17:50.169+0000] {processor.py:914} INFO - Processing file /home/airflow/.local/lib/python3.12/site-packages/airflow/example_dags/example_kubernetes_executor.py for tasks to queue
[2024-10-16T13:17:50.172+0000] {logging_mixin.py:190} INFO - [2024-10-16T13:17:50.172+0000] {dagbag.py:588} INFO - Filling up the DagBag from /home/airflow/.local/lib/python3.12/site-packages/airflow/example_dags/example_kubernetes_executor.py
[2024-10-16T13:17:50.183+0000] {processor.py:925} INFO - DAG(s) 'example_kubernetes_executor' retrieved from /home/airflow/.local/lib/python3.12/site-packages/airflow/example_dags/example_kubernetes_executor.py
[2024-10-16T13:17:50.216+0000] {logging_mixin.py:190} INFO - [2024-10-16T13:17:50.216+0000] {dag.py:3239} INFO - Sync 1 DAGs
[2024-10-16T13:17:50.229+0000] {logging_mixin.py:190} INFO - [2024-10-16T13:17:50.229+0000] {dag.py:4180} INFO - Setting next_dagrun for example_kubernetes_executor to None, run_after=None
[2024-10-16T13:17:50.256+0000] {processor.py:208} INFO - Processing /home/airflow/.local/lib/python3.12/site-packages/airflow/example_dags/example_kubernetes_executor.py took 0.092 seconds
[2024-10-16T13:18:20.521+0000] {processor.py:186} INFO - Started process (PID=354) to work on /home/airflow/.local/lib/python3.12/site-packages/airflow/example_dags/example_kubernetes_executor.py
[2024-10-16T13:18:20.523+0000] {processor.py:914} INFO - Processing file /home/airflow/.local/lib/python3.12/site-packages/airflow/example_dags/example_kubernetes_executor.py for tasks to queue
[2024-10-16T13:18:20.525+0000] {logging_mixin.py:190} INFO - [2024-10-16T13:18:20.525+0000] {dagbag.py:588} INFO - Filling up the DagBag from /home/airflow/.local/lib/python3.12/site-packages/airflow/example_dags/example_kubernetes_executor.py
[2024-10-16T13:18:20.541+0000] {processor.py:925} INFO - DAG(s) 'example_kubernetes_executor' retrieved from /home/airflow/.local/lib/python3.12/site-packages/airflow/example_dags/example_kubernetes_executor.py
[2024-10-16T13:18:20.591+0000] {logging_mixin.py:190} INFO - [2024-10-16T13:18:20.591+0000] {dag.py:3239} INFO - Sync 1 DAGs
[2024-10-16T13:18:20.610+0000] {logging_mixin.py:190} INFO - [2024-10-16T13:18:20.610+0000] {dag.py:4180} INFO - Setting next_dagrun for example_kubernetes_executor to None, run_after=None
[2024-10-16T13:18:20.642+0000] {processor.py:208} INFO - Processing /home/airflow/.local/lib/python3.12/site-packages/airflow/example_dags/example_kubernetes_executor.py took 0.128 seconds
[2024-10-16T13:18:51.264+0000] {processor.py:186} INFO - Started process (PID=417) to work on /home/airflow/.local/lib/python3.12/site-packages/airflow/example_dags/example_kubernetes_executor.py
[2024-10-16T13:18:51.266+0000] {processor.py:914} INFO - Processing file /home/airflow/.local/lib/python3.12/site-packages/airflow/example_dags/example_kubernetes_executor.py for tasks to queue
[2024-10-16T13:18:51.268+0000] {logging_mixin.py:190} INFO - [2024-10-16T13:18:51.268+0000] {dagbag.py:588} INFO - Filling up the DagBag from /home/airflow/.local/lib/python3.12/site-packages/airflow/example_dags/example_kubernetes_executor.py
[2024-10-16T13:18:51.282+0000] {processor.py:925} INFO - DAG(s) 'example_kubernetes_executor' retrieved from /home/airflow/.local/lib/python3.12/site-packages/airflow/example_dags/example_kubernetes_executor.py
[2024-10-16T13:18:51.323+0000] {logging_mixin.py:190} INFO - [2024-10-16T13:18:51.323+0000] {dag.py:3239} INFO - Sync 1 DAGs
[2024-10-16T13:18:51.340+0000] {logging_mixin.py:190} INFO - [2024-10-16T13:18:51.339+0000] {dag.py:4180} INFO - Setting next_dagrun for example_kubernetes_executor to None, run_after=None
[2024-10-16T13:18:51.366+0000] {processor.py:208} INFO - Processing /home/airflow/.local/lib/python3.12/site-packages/airflow/example_dags/example_kubernetes_executor.py took 0.107 seconds
[2024-10-16T13:19:22.133+0000] {processor.py:186} INFO - Started process (PID=480) to work on /home/airflow/.local/lib/python3.12/site-packages/airflow/example_dags/example_kubernetes_executor.py
[2024-10-16T13:19:22.135+0000] {processor.py:914} INFO - Processing file /home/airflow/.local/lib/python3.12/site-packages/airflow/example_dags/example_kubernetes_executor.py for tasks to queue
[2024-10-16T13:19:22.137+0000] {logging_mixin.py:190} INFO - [2024-10-16T13:19:22.136+0000] {dagbag.py:588} INFO - Filling up the DagBag from /home/airflow/.local/lib/python3.12/site-packages/airflow/example_dags/example_kubernetes_executor.py
[2024-10-16T13:19:22.153+0000] {processor.py:925} INFO - DAG(s) 'example_kubernetes_executor' retrieved from /home/airflow/.local/lib/python3.12/site-packages/airflow/example_dags/example_kubernetes_executor.py
[2024-10-16T13:19:22.212+0000] {logging_mixin.py:190} INFO - [2024-10-16T13:19:22.212+0000] {dag.py:3239} INFO - Sync 1 DAGs
[2024-10-16T13:19:22.248+0000] {logging_mixin.py:190} INFO - [2024-10-16T13:19:22.248+0000] {dag.py:4180} INFO - Setting next_dagrun for example_kubernetes_executor to None, run_after=None
[2024-10-16T13:19:22.280+0000] {processor.py:208} INFO - Processing /home/airflow/.local/lib/python3.12/site-packages/airflow/example_dags/example_kubernetes_executor.py took 0.151 seconds
[2024-10-16T13:19:52.442+0000] {processor.py:186} INFO - Started process (PID=542) to work on /home/airflow/.local/lib/python3.12/site-packages/airflow/example_dags/example_kubernetes_executor.py
[2024-10-16T13:19:52.443+0000] {processor.py:914} INFO - Processing file /home/airflow/.local/lib/python3.12/site-packages/airflow/example_dags/example_kubernetes_executor.py for tasks to queue
[2024-10-16T13:19:52.445+0000] {logging_mixin.py:190} INFO - [2024-10-16T13:19:52.445+0000] {dagbag.py:588} INFO - Filling up the DagBag from /home/airflow/.local/lib/python3.12/site-packages/airflow/example_dags/example_kubernetes_executor.py
[2024-10-16T13:19:52.455+0000] {processor.py:925} INFO - DAG(s) 'example_kubernetes_executor' retrieved from /home/airflow/.local/lib/python3.12/site-packages/airflow/example_dags/example_kubernetes_executor.py
[2024-10-16T13:19:52.486+0000] {logging_mixin.py:190} INFO - [2024-10-16T13:19:52.486+0000] {dag.py:3239} INFO - Sync 1 DAGs
[2024-10-16T13:19:52.496+0000] {logging_mixin.py:190} INFO - [2024-10-16T13:19:52.496+0000] {dag.py:4180} INFO - Setting next_dagrun for example_kubernetes_executor to None, run_after=None
[2024-10-16T13:19:52.511+0000] {processor.py:208} INFO - Processing /home/airflow/.local/lib/python3.12/site-packages/airflow/example_dags/example_kubernetes_executor.py took 0.074 seconds
[2024-10-16T13:20:23.539+0000] {processor.py:186} INFO - Started process (PID=606) to work on /home/airflow/.local/lib/python3.12/site-packages/airflow/example_dags/example_kubernetes_executor.py
[2024-10-16T13:20:23.541+0000] {processor.py:914} INFO - Processing file /home/airflow/.local/lib/python3.12/site-packages/airflow/example_dags/example_kubernetes_executor.py for tasks to queue
[2024-10-16T13:20:23.545+0000] {logging_mixin.py:190} INFO - [2024-10-16T13:20:23.544+0000] {dagbag.py:588} INFO - Filling up the DagBag from /home/airflow/.local/lib/python3.12/site-packages/airflow/example_dags/example_kubernetes_executor.py
[2024-10-16T13:20:23.561+0000] {processor.py:925} INFO - DAG(s) 'example_kubernetes_executor' retrieved from /home/airflow/.local/lib/python3.12/site-packages/airflow/example_dags/example_kubernetes_executor.py
[2024-10-16T13:20:23.606+0000] {logging_mixin.py:190} INFO - [2024-10-16T13:20:23.606+0000] {dag.py:3239} INFO - Sync 1 DAGs
[2024-10-16T13:20:23.624+0000] {logging_mixin.py:190} INFO - [2024-10-16T13:20:23.624+0000] {dag.py:4180} INFO - Setting next_dagrun for example_kubernetes_executor to None, run_after=None
[2024-10-16T13:20:23.647+0000] {processor.py:208} INFO - Processing /home/airflow/.local/lib/python3.12/site-packages/airflow/example_dags/example_kubernetes_executor.py took 0.116 seconds
[2024-10-16T13:22:03.264+0000] {processor.py:186} INFO - Started process (PID=101) to work on /home/airflow/.local/lib/python3.12/site-packages/airflow/example_dags/example_kubernetes_executor.py
[2024-10-16T13:22:03.266+0000] {processor.py:914} INFO - Processing file /home/airflow/.local/lib/python3.12/site-packages/airflow/example_dags/example_kubernetes_executor.py for tasks to queue
[2024-10-16T13:22:03.268+0000] {logging_mixin.py:190} INFO - [2024-10-16T13:22:03.268+0000] {dagbag.py:588} INFO - Filling up the DagBag from /home/airflow/.local/lib/python3.12/site-packages/airflow/example_dags/example_kubernetes_executor.py
[2024-10-16T13:22:03.282+0000] {processor.py:925} INFO - DAG(s) 'example_kubernetes_executor' retrieved from /home/airflow/.local/lib/python3.12/site-packages/airflow/example_dags/example_kubernetes_executor.py
[2024-10-16T13:22:03.401+0000] {logging_mixin.py:190} INFO - [2024-10-16T13:22:03.400+0000] {override.py:1900} INFO - Created Permission View: can edit on DAG:example_kubernetes_executor
[2024-10-16T13:22:03.415+0000] {logging_mixin.py:190} INFO - [2024-10-16T13:22:03.415+0000] {override.py:1900} INFO - Created Permission View: can read on DAG:example_kubernetes_executor
[2024-10-16T13:22:03.421+0000] {logging_mixin.py:190} INFO - [2024-10-16T13:22:03.421+0000] {override.py:1900} INFO - Created Permission View: can delete on DAG:example_kubernetes_executor
[2024-10-16T13:22:03.430+0000] {logging_mixin.py:190} INFO - [2024-10-16T13:22:03.430+0000] {override.py:1900} INFO - Created Permission View: can delete on DAG Run:example_kubernetes_executor
[2024-10-16T13:22:03.438+0000] {logging_mixin.py:190} INFO - [2024-10-16T13:22:03.437+0000] {override.py:1900} INFO - Created Permission View: can read on DAG Run:example_kubernetes_executor
[2024-10-16T13:22:03.447+0000] {logging_mixin.py:190} INFO - [2024-10-16T13:22:03.446+0000] {override.py:1900} INFO - Created Permission View: menu access on DAG Run:example_kubernetes_executor
[2024-10-16T13:22:03.454+0000] {logging_mixin.py:190} INFO - [2024-10-16T13:22:03.453+0000] {override.py:1900} INFO - Created Permission View: can create on DAG Run:example_kubernetes_executor
[2024-10-16T13:22:03.455+0000] {logging_mixin.py:190} INFO - [2024-10-16T13:22:03.455+0000] {dag.py:3239} INFO - Sync 1 DAGs
[2024-10-16T13:22:03.469+0000] {logging_mixin.py:190} INFO - [2024-10-16T13:22:03.468+0000] {dag.py:3262} INFO - Creating ORM DAG for example_kubernetes_executor
[2024-10-16T13:22:03.470+0000] {logging_mixin.py:190} INFO - [2024-10-16T13:22:03.470+0000] {dag.py:4180} INFO - Setting next_dagrun for example_kubernetes_executor to None, run_after=None
[2024-10-16T13:22:03.490+0000] {processor.py:208} INFO - Processing /home/airflow/.local/lib/python3.12/site-packages/airflow/example_dags/example_kubernetes_executor.py took 0.230 seconds
[2024-10-16T13:22:34.131+0000] {processor.py:186} INFO - Started process (PID=164) to work on /home/airflow/.local/lib/python3.12/site-packages/airflow/example_dags/example_kubernetes_executor.py
[2024-10-16T13:22:34.132+0000] {processor.py:914} INFO - Processing file /home/airflow/.local/lib/python3.12/site-packages/airflow/example_dags/example_kubernetes_executor.py for tasks to queue
[2024-10-16T13:22:34.135+0000] {logging_mixin.py:190} INFO - [2024-10-16T13:22:34.135+0000] {dagbag.py:588} INFO - Filling up the DagBag from /home/airflow/.local/lib/python3.12/site-packages/airflow/example_dags/example_kubernetes_executor.py
[2024-10-16T13:22:34.151+0000] {processor.py:925} INFO - DAG(s) 'example_kubernetes_executor' retrieved from /home/airflow/.local/lib/python3.12/site-packages/airflow/example_dags/example_kubernetes_executor.py
[2024-10-16T13:22:34.246+0000] {logging_mixin.py:190} INFO - [2024-10-16T13:22:34.245+0000] {dag.py:3239} INFO - Sync 1 DAGs
[2024-10-16T13:22:34.268+0000] {logging_mixin.py:190} INFO - [2024-10-16T13:22:34.268+0000] {dag.py:4180} INFO - Setting next_dagrun for example_kubernetes_executor to None, run_after=None
[2024-10-16T13:22:34.309+0000] {processor.py:208} INFO - Processing /home/airflow/.local/lib/python3.12/site-packages/airflow/example_dags/example_kubernetes_executor.py took 0.185 seconds
[2024-10-16T13:23:04.803+0000] {processor.py:186} INFO - Started process (PID=227) to work on /home/airflow/.local/lib/python3.12/site-packages/airflow/example_dags/example_kubernetes_executor.py
[2024-10-16T13:23:04.804+0000] {processor.py:914} INFO - Processing file /home/airflow/.local/lib/python3.12/site-packages/airflow/example_dags/example_kubernetes_executor.py for tasks to queue
[2024-10-16T13:23:04.806+0000] {logging_mixin.py:190} INFO - [2024-10-16T13:23:04.805+0000] {dagbag.py:588} INFO - Filling up the DagBag from /home/airflow/.local/lib/python3.12/site-packages/airflow/example_dags/example_kubernetes_executor.py
[2024-10-16T13:23:04.816+0000] {processor.py:925} INFO - DAG(s) 'example_kubernetes_executor' retrieved from /home/airflow/.local/lib/python3.12/site-packages/airflow/example_dags/example_kubernetes_executor.py
[2024-10-16T13:23:04.848+0000] {logging_mixin.py:190} INFO - [2024-10-16T13:23:04.847+0000] {dag.py:3239} INFO - Sync 1 DAGs
[2024-10-16T13:23:04.860+0000] {logging_mixin.py:190} INFO - [2024-10-16T13:23:04.860+0000] {dag.py:4180} INFO - Setting next_dagrun for example_kubernetes_executor to None, run_after=None
[2024-10-16T13:23:04.883+0000] {processor.py:208} INFO - Processing /home/airflow/.local/lib/python3.12/site-packages/airflow/example_dags/example_kubernetes_executor.py took 0.085 seconds
[2024-10-16T13:23:35.930+0000] {processor.py:186} INFO - Started process (PID=290) to work on /home/airflow/.local/lib/python3.12/site-packages/airflow/example_dags/example_kubernetes_executor.py
[2024-10-16T13:23:35.932+0000] {processor.py:914} INFO - Processing file /home/airflow/.local/lib/python3.12/site-packages/airflow/example_dags/example_kubernetes_executor.py for tasks to queue
[2024-10-16T13:23:35.934+0000] {logging_mixin.py:190} INFO - [2024-10-16T13:23:35.934+0000] {dagbag.py:588} INFO - Filling up the DagBag from /home/airflow/.local/lib/python3.12/site-packages/airflow/example_dags/example_kubernetes_executor.py
[2024-10-16T13:23:35.947+0000] {processor.py:925} INFO - DAG(s) 'example_kubernetes_executor' retrieved from /home/airflow/.local/lib/python3.12/site-packages/airflow/example_dags/example_kubernetes_executor.py
[2024-10-16T13:23:35.976+0000] {logging_mixin.py:190} INFO - [2024-10-16T13:23:35.976+0000] {dag.py:3239} INFO - Sync 1 DAGs
[2024-10-16T13:23:35.991+0000] {logging_mixin.py:190} INFO - [2024-10-16T13:23:35.991+0000] {dag.py:4180} INFO - Setting next_dagrun for example_kubernetes_executor to None, run_after=None
[2024-10-16T13:23:36.024+0000] {processor.py:208} INFO - Processing /home/airflow/.local/lib/python3.12/site-packages/airflow/example_dags/example_kubernetes_executor.py took 0.098 seconds
