[2024-10-16T12:50:29.560+0000] {processor.py:186} INFO - Started process (PID=74) to work on /home/airflow/.local/lib/python3.12/site-packages/airflow/example_dags/example_sensors.py
[2024-10-16T12:50:29.561+0000] {processor.py:914} INFO - Processing file /home/airflow/.local/lib/python3.12/site-packages/airflow/example_dags/example_sensors.py for tasks to queue
[2024-10-16T12:50:29.563+0000] {logging_mixin.py:190} INFO - [2024-10-16T12:50:29.563+0000] {dagbag.py:588} INFO - Filling up the DagBag from /home/airflow/.local/lib/python3.12/site-packages/airflow/example_dags/example_sensors.py
[2024-10-16T12:50:29.579+0000] {processor.py:925} INFO - DAG(s) 'example_sensors' retrieved from /home/airflow/.local/lib/python3.12/site-packages/airflow/example_dags/example_sensors.py
[2024-10-16T12:50:29.688+0000] {logging_mixin.py:190} INFO - [2024-10-16T12:50:29.687+0000] {override.py:1900} INFO - Created Permission View: can edit on DAG:example_sensors
[2024-10-16T12:50:29.697+0000] {logging_mixin.py:190} INFO - [2024-10-16T12:50:29.697+0000] {override.py:1900} INFO - Created Permission View: can read on DAG:example_sensors
[2024-10-16T12:50:29.705+0000] {logging_mixin.py:190} INFO - [2024-10-16T12:50:29.704+0000] {override.py:1900} INFO - Created Permission View: can delete on DAG:example_sensors
[2024-10-16T12:50:29.712+0000] {logging_mixin.py:190} INFO - [2024-10-16T12:50:29.712+0000] {override.py:1900} INFO - Created Permission View: can delete on DAG Run:example_sensors
[2024-10-16T12:50:29.719+0000] {logging_mixin.py:190} INFO - [2024-10-16T12:50:29.719+0000] {override.py:1900} INFO - Created Permission View: menu access on DAG Run:example_sensors
[2024-10-16T12:50:29.727+0000] {logging_mixin.py:190} INFO - [2024-10-16T12:50:29.727+0000] {override.py:1900} INFO - Created Permission View: can create on DAG Run:example_sensors
[2024-10-16T12:50:29.734+0000] {logging_mixin.py:190} INFO - [2024-10-16T12:50:29.733+0000] {override.py:1900} INFO - Created Permission View: can read on DAG Run:example_sensors
[2024-10-16T12:50:29.734+0000] {logging_mixin.py:190} INFO - [2024-10-16T12:50:29.734+0000] {dag.py:3239} INFO - Sync 1 DAGs
[2024-10-16T12:50:29.747+0000] {logging_mixin.py:190} INFO - [2024-10-16T12:50:29.747+0000] {dag.py:3262} INFO - Creating ORM DAG for example_sensors
[2024-10-16T12:50:29.748+0000] {logging_mixin.py:190} INFO - [2024-10-16T12:50:29.748+0000] {dag.py:4180} INFO - Setting next_dagrun for example_sensors to None, run_after=None
[2024-10-16T12:50:29.773+0000] {processor.py:208} INFO - Processing /home/airflow/.local/lib/python3.12/site-packages/airflow/example_dags/example_sensors.py took 0.219 seconds
[2024-10-16T12:51:00.595+0000] {processor.py:186} INFO - Started process (PID=142) to work on /home/airflow/.local/lib/python3.12/site-packages/airflow/example_dags/example_sensors.py
[2024-10-16T12:51:00.597+0000] {processor.py:914} INFO - Processing file /home/airflow/.local/lib/python3.12/site-packages/airflow/example_dags/example_sensors.py for tasks to queue
[2024-10-16T12:51:00.600+0000] {logging_mixin.py:190} INFO - [2024-10-16T12:51:00.599+0000] {dagbag.py:588} INFO - Filling up the DagBag from /home/airflow/.local/lib/python3.12/site-packages/airflow/example_dags/example_sensors.py
[2024-10-16T12:51:00.612+0000] {processor.py:925} INFO - DAG(s) 'example_sensors' retrieved from /home/airflow/.local/lib/python3.12/site-packages/airflow/example_dags/example_sensors.py
[2024-10-16T12:51:00.646+0000] {logging_mixin.py:190} INFO - [2024-10-16T12:51:00.645+0000] {dag.py:3239} INFO - Sync 1 DAGs
[2024-10-16T12:51:00.663+0000] {logging_mixin.py:190} INFO - [2024-10-16T12:51:00.662+0000] {dag.py:4180} INFO - Setting next_dagrun for example_sensors to None, run_after=None
[2024-10-16T12:51:00.704+0000] {processor.py:208} INFO - Processing /home/airflow/.local/lib/python3.12/site-packages/airflow/example_dags/example_sensors.py took 0.115 seconds
[2024-10-16T12:51:30.879+0000] {processor.py:186} INFO - Started process (PID=204) to work on /home/airflow/.local/lib/python3.12/site-packages/airflow/example_dags/example_sensors.py
[2024-10-16T12:51:30.880+0000] {processor.py:914} INFO - Processing file /home/airflow/.local/lib/python3.12/site-packages/airflow/example_dags/example_sensors.py for tasks to queue
[2024-10-16T12:51:30.882+0000] {logging_mixin.py:190} INFO - [2024-10-16T12:51:30.882+0000] {dagbag.py:588} INFO - Filling up the DagBag from /home/airflow/.local/lib/python3.12/site-packages/airflow/example_dags/example_sensors.py
[2024-10-16T12:51:30.891+0000] {processor.py:925} INFO - DAG(s) 'example_sensors' retrieved from /home/airflow/.local/lib/python3.12/site-packages/airflow/example_dags/example_sensors.py
[2024-10-16T12:51:30.916+0000] {logging_mixin.py:190} INFO - [2024-10-16T12:51:30.916+0000] {dag.py:3239} INFO - Sync 1 DAGs
[2024-10-16T12:51:30.928+0000] {logging_mixin.py:190} INFO - [2024-10-16T12:51:30.928+0000] {dag.py:4180} INFO - Setting next_dagrun for example_sensors to None, run_after=None
[2024-10-16T12:51:30.944+0000] {processor.py:208} INFO - Processing /home/airflow/.local/lib/python3.12/site-packages/airflow/example_dags/example_sensors.py took 0.071 seconds
[2024-10-16T12:52:01.579+0000] {processor.py:186} INFO - Started process (PID=266) to work on /home/airflow/.local/lib/python3.12/site-packages/airflow/example_dags/example_sensors.py
[2024-10-16T12:52:01.580+0000] {processor.py:914} INFO - Processing file /home/airflow/.local/lib/python3.12/site-packages/airflow/example_dags/example_sensors.py for tasks to queue
[2024-10-16T12:52:01.583+0000] {logging_mixin.py:190} INFO - [2024-10-16T12:52:01.582+0000] {dagbag.py:588} INFO - Filling up the DagBag from /home/airflow/.local/lib/python3.12/site-packages/airflow/example_dags/example_sensors.py
[2024-10-16T12:52:01.598+0000] {processor.py:925} INFO - DAG(s) 'example_sensors' retrieved from /home/airflow/.local/lib/python3.12/site-packages/airflow/example_dags/example_sensors.py
[2024-10-16T12:52:01.626+0000] {logging_mixin.py:190} INFO - [2024-10-16T12:52:01.626+0000] {dag.py:3239} INFO - Sync 1 DAGs
[2024-10-16T12:52:01.640+0000] {logging_mixin.py:190} INFO - [2024-10-16T12:52:01.640+0000] {dag.py:4180} INFO - Setting next_dagrun for example_sensors to None, run_after=None
[2024-10-16T12:52:01.663+0000] {processor.py:208} INFO - Processing /home/airflow/.local/lib/python3.12/site-packages/airflow/example_dags/example_sensors.py took 0.092 seconds
[2024-10-16T12:52:32.512+0000] {processor.py:186} INFO - Started process (PID=329) to work on /home/airflow/.local/lib/python3.12/site-packages/airflow/example_dags/example_sensors.py
[2024-10-16T12:52:32.513+0000] {processor.py:914} INFO - Processing file /home/airflow/.local/lib/python3.12/site-packages/airflow/example_dags/example_sensors.py for tasks to queue
[2024-10-16T12:52:32.515+0000] {logging_mixin.py:190} INFO - [2024-10-16T12:52:32.515+0000] {dagbag.py:588} INFO - Filling up the DagBag from /home/airflow/.local/lib/python3.12/site-packages/airflow/example_dags/example_sensors.py
[2024-10-16T12:52:32.523+0000] {processor.py:925} INFO - DAG(s) 'example_sensors' retrieved from /home/airflow/.local/lib/python3.12/site-packages/airflow/example_dags/example_sensors.py
[2024-10-16T12:52:32.556+0000] {logging_mixin.py:190} INFO - [2024-10-16T12:52:32.556+0000] {dag.py:3239} INFO - Sync 1 DAGs
[2024-10-16T12:52:32.570+0000] {logging_mixin.py:190} INFO - [2024-10-16T12:52:32.570+0000] {dag.py:4180} INFO - Setting next_dagrun for example_sensors to None, run_after=None
[2024-10-16T12:52:32.597+0000] {processor.py:208} INFO - Processing /home/airflow/.local/lib/python3.12/site-packages/airflow/example_dags/example_sensors.py took 0.091 seconds
[2024-10-16T12:53:04.026+0000] {processor.py:186} INFO - Started process (PID=391) to work on /home/airflow/.local/lib/python3.12/site-packages/airflow/example_dags/example_sensors.py
[2024-10-16T12:53:04.027+0000] {processor.py:914} INFO - Processing file /home/airflow/.local/lib/python3.12/site-packages/airflow/example_dags/example_sensors.py for tasks to queue
[2024-10-16T12:53:04.031+0000] {logging_mixin.py:190} INFO - [2024-10-16T12:53:04.030+0000] {dagbag.py:588} INFO - Filling up the DagBag from /home/airflow/.local/lib/python3.12/site-packages/airflow/example_dags/example_sensors.py
[2024-10-16T12:53:04.043+0000] {processor.py:925} INFO - DAG(s) 'example_sensors' retrieved from /home/airflow/.local/lib/python3.12/site-packages/airflow/example_dags/example_sensors.py
[2024-10-16T12:53:04.078+0000] {logging_mixin.py:190} INFO - [2024-10-16T12:53:04.077+0000] {dag.py:3239} INFO - Sync 1 DAGs
[2024-10-16T12:53:04.101+0000] {logging_mixin.py:190} INFO - [2024-10-16T12:53:04.100+0000] {dag.py:4180} INFO - Setting next_dagrun for example_sensors to None, run_after=None
[2024-10-16T12:53:04.133+0000] {processor.py:208} INFO - Processing /home/airflow/.local/lib/python3.12/site-packages/airflow/example_dags/example_sensors.py took 0.116 seconds
[2024-10-16T12:53:34.750+0000] {processor.py:186} INFO - Started process (PID=453) to work on /home/airflow/.local/lib/python3.12/site-packages/airflow/example_dags/example_sensors.py
[2024-10-16T12:53:34.752+0000] {processor.py:914} INFO - Processing file /home/airflow/.local/lib/python3.12/site-packages/airflow/example_dags/example_sensors.py for tasks to queue
[2024-10-16T12:53:34.755+0000] {logging_mixin.py:190} INFO - [2024-10-16T12:53:34.754+0000] {dagbag.py:588} INFO - Filling up the DagBag from /home/airflow/.local/lib/python3.12/site-packages/airflow/example_dags/example_sensors.py
[2024-10-16T12:53:34.766+0000] {processor.py:925} INFO - DAG(s) 'example_sensors' retrieved from /home/airflow/.local/lib/python3.12/site-packages/airflow/example_dags/example_sensors.py
[2024-10-16T12:53:34.801+0000] {logging_mixin.py:190} INFO - [2024-10-16T12:53:34.801+0000] {dag.py:3239} INFO - Sync 1 DAGs
[2024-10-16T12:53:34.826+0000] {logging_mixin.py:190} INFO - [2024-10-16T12:53:34.825+0000] {dag.py:4180} INFO - Setting next_dagrun for example_sensors to None, run_after=None
[2024-10-16T12:53:34.850+0000] {processor.py:208} INFO - Processing /home/airflow/.local/lib/python3.12/site-packages/airflow/example_dags/example_sensors.py took 0.107 seconds
[2024-10-16T12:54:05.658+0000] {processor.py:186} INFO - Started process (PID=515) to work on /home/airflow/.local/lib/python3.12/site-packages/airflow/example_dags/example_sensors.py
[2024-10-16T12:54:05.659+0000] {processor.py:914} INFO - Processing file /home/airflow/.local/lib/python3.12/site-packages/airflow/example_dags/example_sensors.py for tasks to queue
[2024-10-16T12:54:05.661+0000] {logging_mixin.py:190} INFO - [2024-10-16T12:54:05.661+0000] {dagbag.py:588} INFO - Filling up the DagBag from /home/airflow/.local/lib/python3.12/site-packages/airflow/example_dags/example_sensors.py
[2024-10-16T12:54:05.674+0000] {processor.py:925} INFO - DAG(s) 'example_sensors' retrieved from /home/airflow/.local/lib/python3.12/site-packages/airflow/example_dags/example_sensors.py
[2024-10-16T12:54:05.696+0000] {logging_mixin.py:190} INFO - [2024-10-16T12:54:05.696+0000] {dag.py:3239} INFO - Sync 1 DAGs
[2024-10-16T12:54:05.706+0000] {logging_mixin.py:190} INFO - [2024-10-16T12:54:05.706+0000] {dag.py:4180} INFO - Setting next_dagrun for example_sensors to None, run_after=None
[2024-10-16T12:54:05.726+0000] {processor.py:208} INFO - Processing /home/airflow/.local/lib/python3.12/site-packages/airflow/example_dags/example_sensors.py took 0.072 seconds
[2024-10-16T12:54:36.937+0000] {processor.py:186} INFO - Started process (PID=577) to work on /home/airflow/.local/lib/python3.12/site-packages/airflow/example_dags/example_sensors.py
[2024-10-16T12:54:36.957+0000] {processor.py:914} INFO - Processing file /home/airflow/.local/lib/python3.12/site-packages/airflow/example_dags/example_sensors.py for tasks to queue
[2024-10-16T12:54:36.963+0000] {logging_mixin.py:190} INFO - [2024-10-16T12:54:36.962+0000] {dagbag.py:588} INFO - Filling up the DagBag from /home/airflow/.local/lib/python3.12/site-packages/airflow/example_dags/example_sensors.py
[2024-10-16T12:54:36.984+0000] {processor.py:925} INFO - DAG(s) 'example_sensors' retrieved from /home/airflow/.local/lib/python3.12/site-packages/airflow/example_dags/example_sensors.py
[2024-10-16T12:54:37.016+0000] {logging_mixin.py:190} INFO - [2024-10-16T12:54:37.016+0000] {dag.py:3239} INFO - Sync 1 DAGs
[2024-10-16T12:54:37.036+0000] {logging_mixin.py:190} INFO - [2024-10-16T12:54:37.036+0000] {dag.py:4180} INFO - Setting next_dagrun for example_sensors to None, run_after=None
[2024-10-16T12:54:37.069+0000] {processor.py:208} INFO - Processing /home/airflow/.local/lib/python3.12/site-packages/airflow/example_dags/example_sensors.py took 0.140 seconds
[2024-10-16T12:55:07.563+0000] {processor.py:186} INFO - Started process (PID=640) to work on /home/airflow/.local/lib/python3.12/site-packages/airflow/example_dags/example_sensors.py
[2024-10-16T12:55:07.565+0000] {processor.py:914} INFO - Processing file /home/airflow/.local/lib/python3.12/site-packages/airflow/example_dags/example_sensors.py for tasks to queue
[2024-10-16T12:55:07.567+0000] {logging_mixin.py:190} INFO - [2024-10-16T12:55:07.567+0000] {dagbag.py:588} INFO - Filling up the DagBag from /home/airflow/.local/lib/python3.12/site-packages/airflow/example_dags/example_sensors.py
[2024-10-16T12:55:07.578+0000] {processor.py:925} INFO - DAG(s) 'example_sensors' retrieved from /home/airflow/.local/lib/python3.12/site-packages/airflow/example_dags/example_sensors.py
[2024-10-16T12:55:07.612+0000] {logging_mixin.py:190} INFO - [2024-10-16T12:55:07.612+0000] {dag.py:3239} INFO - Sync 1 DAGs
[2024-10-16T12:55:07.628+0000] {logging_mixin.py:190} INFO - [2024-10-16T12:55:07.628+0000] {dag.py:4180} INFO - Setting next_dagrun for example_sensors to None, run_after=None
[2024-10-16T12:55:07.649+0000] {processor.py:208} INFO - Processing /home/airflow/.local/lib/python3.12/site-packages/airflow/example_dags/example_sensors.py took 0.092 seconds
[2024-10-16T12:55:38.483+0000] {processor.py:186} INFO - Started process (PID=702) to work on /home/airflow/.local/lib/python3.12/site-packages/airflow/example_dags/example_sensors.py
[2024-10-16T12:55:38.484+0000] {processor.py:914} INFO - Processing file /home/airflow/.local/lib/python3.12/site-packages/airflow/example_dags/example_sensors.py for tasks to queue
[2024-10-16T12:55:38.487+0000] {logging_mixin.py:190} INFO - [2024-10-16T12:55:38.487+0000] {dagbag.py:588} INFO - Filling up the DagBag from /home/airflow/.local/lib/python3.12/site-packages/airflow/example_dags/example_sensors.py
[2024-10-16T12:55:38.496+0000] {processor.py:925} INFO - DAG(s) 'example_sensors' retrieved from /home/airflow/.local/lib/python3.12/site-packages/airflow/example_dags/example_sensors.py
[2024-10-16T12:55:38.519+0000] {logging_mixin.py:190} INFO - [2024-10-16T12:55:38.519+0000] {dag.py:3239} INFO - Sync 1 DAGs
[2024-10-16T12:55:38.546+0000] {logging_mixin.py:190} INFO - [2024-10-16T12:55:38.546+0000] {dag.py:4180} INFO - Setting next_dagrun for example_sensors to None, run_after=None
[2024-10-16T12:55:38.569+0000] {processor.py:208} INFO - Processing /home/airflow/.local/lib/python3.12/site-packages/airflow/example_dags/example_sensors.py took 0.090 seconds
[2024-10-16T12:56:09.409+0000] {processor.py:186} INFO - Started process (PID=764) to work on /home/airflow/.local/lib/python3.12/site-packages/airflow/example_dags/example_sensors.py
[2024-10-16T12:56:09.411+0000] {processor.py:914} INFO - Processing file /home/airflow/.local/lib/python3.12/site-packages/airflow/example_dags/example_sensors.py for tasks to queue
[2024-10-16T12:56:09.413+0000] {logging_mixin.py:190} INFO - [2024-10-16T12:56:09.413+0000] {dagbag.py:588} INFO - Filling up the DagBag from /home/airflow/.local/lib/python3.12/site-packages/airflow/example_dags/example_sensors.py
[2024-10-16T12:56:09.425+0000] {processor.py:925} INFO - DAG(s) 'example_sensors' retrieved from /home/airflow/.local/lib/python3.12/site-packages/airflow/example_dags/example_sensors.py
[2024-10-16T12:56:09.456+0000] {logging_mixin.py:190} INFO - [2024-10-16T12:56:09.456+0000] {dag.py:3239} INFO - Sync 1 DAGs
[2024-10-16T12:56:09.480+0000] {logging_mixin.py:190} INFO - [2024-10-16T12:56:09.480+0000] {dag.py:4180} INFO - Setting next_dagrun for example_sensors to None, run_after=None
[2024-10-16T12:56:09.515+0000] {processor.py:208} INFO - Processing /home/airflow/.local/lib/python3.12/site-packages/airflow/example_dags/example_sensors.py took 0.112 seconds
[2024-10-16T12:56:40.534+0000] {processor.py:186} INFO - Started process (PID=826) to work on /home/airflow/.local/lib/python3.12/site-packages/airflow/example_dags/example_sensors.py
[2024-10-16T12:56:40.546+0000] {processor.py:914} INFO - Processing file /home/airflow/.local/lib/python3.12/site-packages/airflow/example_dags/example_sensors.py for tasks to queue
[2024-10-16T12:56:40.550+0000] {logging_mixin.py:190} INFO - [2024-10-16T12:56:40.549+0000] {dagbag.py:588} INFO - Filling up the DagBag from /home/airflow/.local/lib/python3.12/site-packages/airflow/example_dags/example_sensors.py
[2024-10-16T12:56:40.571+0000] {processor.py:925} INFO - DAG(s) 'example_sensors' retrieved from /home/airflow/.local/lib/python3.12/site-packages/airflow/example_dags/example_sensors.py
[2024-10-16T12:56:40.606+0000] {logging_mixin.py:190} INFO - [2024-10-16T12:56:40.606+0000] {dag.py:3239} INFO - Sync 1 DAGs
[2024-10-16T12:56:40.622+0000] {logging_mixin.py:190} INFO - [2024-10-16T12:56:40.622+0000] {dag.py:4180} INFO - Setting next_dagrun for example_sensors to None, run_after=None
[2024-10-16T12:56:40.648+0000] {processor.py:208} INFO - Processing /home/airflow/.local/lib/python3.12/site-packages/airflow/example_dags/example_sensors.py took 0.133 seconds
[2024-10-16T12:57:11.505+0000] {processor.py:186} INFO - Started process (PID=888) to work on /home/airflow/.local/lib/python3.12/site-packages/airflow/example_dags/example_sensors.py
[2024-10-16T12:57:11.506+0000] {processor.py:914} INFO - Processing file /home/airflow/.local/lib/python3.12/site-packages/airflow/example_dags/example_sensors.py for tasks to queue
[2024-10-16T12:57:11.509+0000] {logging_mixin.py:190} INFO - [2024-10-16T12:57:11.509+0000] {dagbag.py:588} INFO - Filling up the DagBag from /home/airflow/.local/lib/python3.12/site-packages/airflow/example_dags/example_sensors.py
[2024-10-16T12:57:11.522+0000] {processor.py:925} INFO - DAG(s) 'example_sensors' retrieved from /home/airflow/.local/lib/python3.12/site-packages/airflow/example_dags/example_sensors.py
[2024-10-16T12:57:11.551+0000] {logging_mixin.py:190} INFO - [2024-10-16T12:57:11.551+0000] {dag.py:3239} INFO - Sync 1 DAGs
[2024-10-16T12:57:11.569+0000] {logging_mixin.py:190} INFO - [2024-10-16T12:57:11.568+0000] {dag.py:4180} INFO - Setting next_dagrun for example_sensors to None, run_after=None
[2024-10-16T12:57:11.588+0000] {processor.py:208} INFO - Processing /home/airflow/.local/lib/python3.12/site-packages/airflow/example_dags/example_sensors.py took 0.091 seconds
[2024-10-16T12:57:42.209+0000] {processor.py:186} INFO - Started process (PID=950) to work on /home/airflow/.local/lib/python3.12/site-packages/airflow/example_dags/example_sensors.py
[2024-10-16T12:57:42.210+0000] {processor.py:914} INFO - Processing file /home/airflow/.local/lib/python3.12/site-packages/airflow/example_dags/example_sensors.py for tasks to queue
[2024-10-16T12:57:42.213+0000] {logging_mixin.py:190} INFO - [2024-10-16T12:57:42.213+0000] {dagbag.py:588} INFO - Filling up the DagBag from /home/airflow/.local/lib/python3.12/site-packages/airflow/example_dags/example_sensors.py
[2024-10-16T12:57:42.226+0000] {processor.py:925} INFO - DAG(s) 'example_sensors' retrieved from /home/airflow/.local/lib/python3.12/site-packages/airflow/example_dags/example_sensors.py
[2024-10-16T12:57:42.258+0000] {logging_mixin.py:190} INFO - [2024-10-16T12:57:42.258+0000] {dag.py:3239} INFO - Sync 1 DAGs
[2024-10-16T12:57:42.302+0000] {logging_mixin.py:190} INFO - [2024-10-16T12:57:42.302+0000] {dag.py:4180} INFO - Setting next_dagrun for example_sensors to None, run_after=None
[2024-10-16T12:57:42.328+0000] {processor.py:208} INFO - Processing /home/airflow/.local/lib/python3.12/site-packages/airflow/example_dags/example_sensors.py took 0.127 seconds
[2024-10-16T12:58:12.711+0000] {processor.py:186} INFO - Started process (PID=1013) to work on /home/airflow/.local/lib/python3.12/site-packages/airflow/example_dags/example_sensors.py
[2024-10-16T12:58:12.713+0000] {processor.py:914} INFO - Processing file /home/airflow/.local/lib/python3.12/site-packages/airflow/example_dags/example_sensors.py for tasks to queue
[2024-10-16T12:58:12.715+0000] {logging_mixin.py:190} INFO - [2024-10-16T12:58:12.715+0000] {dagbag.py:588} INFO - Filling up the DagBag from /home/airflow/.local/lib/python3.12/site-packages/airflow/example_dags/example_sensors.py
[2024-10-16T12:58:12.729+0000] {processor.py:925} INFO - DAG(s) 'example_sensors' retrieved from /home/airflow/.local/lib/python3.12/site-packages/airflow/example_dags/example_sensors.py
[2024-10-16T12:58:12.828+0000] {logging_mixin.py:190} INFO - [2024-10-16T12:58:12.827+0000] {dag.py:3239} INFO - Sync 1 DAGs
[2024-10-16T12:58:12.844+0000] {logging_mixin.py:190} INFO - [2024-10-16T12:58:12.844+0000] {dag.py:4180} INFO - Setting next_dagrun for example_sensors to None, run_after=None
[2024-10-16T12:58:12.878+0000] {processor.py:208} INFO - Processing /home/airflow/.local/lib/python3.12/site-packages/airflow/example_dags/example_sensors.py took 0.173 seconds
[2024-10-16T12:58:43.346+0000] {processor.py:186} INFO - Started process (PID=1075) to work on /home/airflow/.local/lib/python3.12/site-packages/airflow/example_dags/example_sensors.py
[2024-10-16T12:58:43.392+0000] {processor.py:914} INFO - Processing file /home/airflow/.local/lib/python3.12/site-packages/airflow/example_dags/example_sensors.py for tasks to queue
[2024-10-16T12:58:43.397+0000] {logging_mixin.py:190} INFO - [2024-10-16T12:58:43.396+0000] {dagbag.py:588} INFO - Filling up the DagBag from /home/airflow/.local/lib/python3.12/site-packages/airflow/example_dags/example_sensors.py
[2024-10-16T12:58:43.412+0000] {processor.py:925} INFO - DAG(s) 'example_sensors' retrieved from /home/airflow/.local/lib/python3.12/site-packages/airflow/example_dags/example_sensors.py
[2024-10-16T12:58:43.444+0000] {logging_mixin.py:190} INFO - [2024-10-16T12:58:43.444+0000] {dag.py:3239} INFO - Sync 1 DAGs
[2024-10-16T12:58:43.460+0000] {logging_mixin.py:190} INFO - [2024-10-16T12:58:43.460+0000] {dag.py:4180} INFO - Setting next_dagrun for example_sensors to None, run_after=None
[2024-10-16T12:58:43.516+0000] {processor.py:208} INFO - Processing /home/airflow/.local/lib/python3.12/site-packages/airflow/example_dags/example_sensors.py took 0.183 seconds
[2024-10-16T12:59:13.616+0000] {processor.py:186} INFO - Started process (PID=1137) to work on /home/airflow/.local/lib/python3.12/site-packages/airflow/example_dags/example_sensors.py
[2024-10-16T12:59:13.617+0000] {processor.py:914} INFO - Processing file /home/airflow/.local/lib/python3.12/site-packages/airflow/example_dags/example_sensors.py for tasks to queue
[2024-10-16T12:59:13.620+0000] {logging_mixin.py:190} INFO - [2024-10-16T12:59:13.620+0000] {dagbag.py:588} INFO - Filling up the DagBag from /home/airflow/.local/lib/python3.12/site-packages/airflow/example_dags/example_sensors.py
[2024-10-16T12:59:13.631+0000] {processor.py:925} INFO - DAG(s) 'example_sensors' retrieved from /home/airflow/.local/lib/python3.12/site-packages/airflow/example_dags/example_sensors.py
[2024-10-16T12:59:13.664+0000] {logging_mixin.py:190} INFO - [2024-10-16T12:59:13.663+0000] {dag.py:3239} INFO - Sync 1 DAGs
[2024-10-16T12:59:13.680+0000] {logging_mixin.py:190} INFO - [2024-10-16T12:59:13.680+0000] {dag.py:4180} INFO - Setting next_dagrun for example_sensors to None, run_after=None
[2024-10-16T12:59:13.702+0000] {processor.py:208} INFO - Processing /home/airflow/.local/lib/python3.12/site-packages/airflow/example_dags/example_sensors.py took 0.093 seconds
[2024-10-16T12:59:44.248+0000] {processor.py:186} INFO - Started process (PID=1199) to work on /home/airflow/.local/lib/python3.12/site-packages/airflow/example_dags/example_sensors.py
[2024-10-16T12:59:44.249+0000] {processor.py:914} INFO - Processing file /home/airflow/.local/lib/python3.12/site-packages/airflow/example_dags/example_sensors.py for tasks to queue
[2024-10-16T12:59:44.253+0000] {logging_mixin.py:190} INFO - [2024-10-16T12:59:44.252+0000] {dagbag.py:588} INFO - Filling up the DagBag from /home/airflow/.local/lib/python3.12/site-packages/airflow/example_dags/example_sensors.py
[2024-10-16T12:59:44.267+0000] {processor.py:925} INFO - DAG(s) 'example_sensors' retrieved from /home/airflow/.local/lib/python3.12/site-packages/airflow/example_dags/example_sensors.py
[2024-10-16T12:59:44.300+0000] {logging_mixin.py:190} INFO - [2024-10-16T12:59:44.300+0000] {dag.py:3239} INFO - Sync 1 DAGs
[2024-10-16T12:59:44.318+0000] {logging_mixin.py:190} INFO - [2024-10-16T12:59:44.318+0000] {dag.py:4180} INFO - Setting next_dagrun for example_sensors to None, run_after=None
[2024-10-16T12:59:44.349+0000] {processor.py:208} INFO - Processing /home/airflow/.local/lib/python3.12/site-packages/airflow/example_dags/example_sensors.py took 0.108 seconds
[2024-10-16T13:00:14.739+0000] {processor.py:186} INFO - Started process (PID=1261) to work on /home/airflow/.local/lib/python3.12/site-packages/airflow/example_dags/example_sensors.py
[2024-10-16T13:00:14.741+0000] {processor.py:914} INFO - Processing file /home/airflow/.local/lib/python3.12/site-packages/airflow/example_dags/example_sensors.py for tasks to queue
[2024-10-16T13:00:14.751+0000] {logging_mixin.py:190} INFO - [2024-10-16T13:00:14.750+0000] {dagbag.py:588} INFO - Filling up the DagBag from /home/airflow/.local/lib/python3.12/site-packages/airflow/example_dags/example_sensors.py
[2024-10-16T13:00:14.769+0000] {processor.py:925} INFO - DAG(s) 'example_sensors' retrieved from /home/airflow/.local/lib/python3.12/site-packages/airflow/example_dags/example_sensors.py
[2024-10-16T13:00:14.806+0000] {logging_mixin.py:190} INFO - [2024-10-16T13:00:14.806+0000] {dag.py:3239} INFO - Sync 1 DAGs
[2024-10-16T13:00:14.828+0000] {logging_mixin.py:190} INFO - [2024-10-16T13:00:14.827+0000] {dag.py:4180} INFO - Setting next_dagrun for example_sensors to None, run_after=None
[2024-10-16T13:00:14.857+0000] {processor.py:208} INFO - Processing /home/airflow/.local/lib/python3.12/site-packages/airflow/example_dags/example_sensors.py took 0.126 seconds
[2024-10-16T13:00:45.099+0000] {processor.py:186} INFO - Started process (PID=1330) to work on /home/airflow/.local/lib/python3.12/site-packages/airflow/example_dags/example_sensors.py
[2024-10-16T13:00:45.100+0000] {processor.py:914} INFO - Processing file /home/airflow/.local/lib/python3.12/site-packages/airflow/example_dags/example_sensors.py for tasks to queue
[2024-10-16T13:00:45.103+0000] {logging_mixin.py:190} INFO - [2024-10-16T13:00:45.102+0000] {dagbag.py:588} INFO - Filling up the DagBag from /home/airflow/.local/lib/python3.12/site-packages/airflow/example_dags/example_sensors.py
[2024-10-16T13:00:45.115+0000] {processor.py:925} INFO - DAG(s) 'example_sensors' retrieved from /home/airflow/.local/lib/python3.12/site-packages/airflow/example_dags/example_sensors.py
[2024-10-16T13:00:45.147+0000] {logging_mixin.py:190} INFO - [2024-10-16T13:00:45.147+0000] {dag.py:3239} INFO - Sync 1 DAGs
[2024-10-16T13:00:45.165+0000] {logging_mixin.py:190} INFO - [2024-10-16T13:00:45.165+0000] {dag.py:4180} INFO - Setting next_dagrun for example_sensors to None, run_after=None
[2024-10-16T13:00:45.195+0000] {processor.py:208} INFO - Processing /home/airflow/.local/lib/python3.12/site-packages/airflow/example_dags/example_sensors.py took 0.103 seconds
[2024-10-16T13:01:16.048+0000] {processor.py:186} INFO - Started process (PID=1392) to work on /home/airflow/.local/lib/python3.12/site-packages/airflow/example_dags/example_sensors.py
[2024-10-16T13:01:16.049+0000] {processor.py:914} INFO - Processing file /home/airflow/.local/lib/python3.12/site-packages/airflow/example_dags/example_sensors.py for tasks to queue
[2024-10-16T13:01:16.056+0000] {logging_mixin.py:190} INFO - [2024-10-16T13:01:16.056+0000] {dagbag.py:588} INFO - Filling up the DagBag from /home/airflow/.local/lib/python3.12/site-packages/airflow/example_dags/example_sensors.py
[2024-10-16T13:01:16.068+0000] {processor.py:925} INFO - DAG(s) 'example_sensors' retrieved from /home/airflow/.local/lib/python3.12/site-packages/airflow/example_dags/example_sensors.py
[2024-10-16T13:01:16.105+0000] {logging_mixin.py:190} INFO - [2024-10-16T13:01:16.104+0000] {dag.py:3239} INFO - Sync 1 DAGs
[2024-10-16T13:01:16.121+0000] {logging_mixin.py:190} INFO - [2024-10-16T13:01:16.120+0000] {dag.py:4180} INFO - Setting next_dagrun for example_sensors to None, run_after=None
[2024-10-16T13:01:16.150+0000] {processor.py:208} INFO - Processing /home/airflow/.local/lib/python3.12/site-packages/airflow/example_dags/example_sensors.py took 0.108 seconds
[2024-10-16T13:01:46.589+0000] {processor.py:186} INFO - Started process (PID=1453) to work on /home/airflow/.local/lib/python3.12/site-packages/airflow/example_dags/example_sensors.py
[2024-10-16T13:01:46.592+0000] {processor.py:914} INFO - Processing file /home/airflow/.local/lib/python3.12/site-packages/airflow/example_dags/example_sensors.py for tasks to queue
[2024-10-16T13:01:46.595+0000] {logging_mixin.py:190} INFO - [2024-10-16T13:01:46.594+0000] {dagbag.py:588} INFO - Filling up the DagBag from /home/airflow/.local/lib/python3.12/site-packages/airflow/example_dags/example_sensors.py
[2024-10-16T13:01:46.603+0000] {processor.py:925} INFO - DAG(s) 'example_sensors' retrieved from /home/airflow/.local/lib/python3.12/site-packages/airflow/example_dags/example_sensors.py
[2024-10-16T13:01:46.632+0000] {logging_mixin.py:190} INFO - [2024-10-16T13:01:46.632+0000] {dag.py:3239} INFO - Sync 1 DAGs
[2024-10-16T13:01:46.647+0000] {logging_mixin.py:190} INFO - [2024-10-16T13:01:46.646+0000] {dag.py:4180} INFO - Setting next_dagrun for example_sensors to None, run_after=None
[2024-10-16T13:01:46.670+0000] {processor.py:208} INFO - Processing /home/airflow/.local/lib/python3.12/site-packages/airflow/example_dags/example_sensors.py took 0.086 seconds
[2024-10-16T13:02:17.142+0000] {processor.py:186} INFO - Started process (PID=1516) to work on /home/airflow/.local/lib/python3.12/site-packages/airflow/example_dags/example_sensors.py
[2024-10-16T13:02:17.143+0000] {processor.py:914} INFO - Processing file /home/airflow/.local/lib/python3.12/site-packages/airflow/example_dags/example_sensors.py for tasks to queue
[2024-10-16T13:02:17.155+0000] {logging_mixin.py:190} INFO - [2024-10-16T13:02:17.154+0000] {dagbag.py:588} INFO - Filling up the DagBag from /home/airflow/.local/lib/python3.12/site-packages/airflow/example_dags/example_sensors.py
[2024-10-16T13:02:17.182+0000] {processor.py:925} INFO - DAG(s) 'example_sensors' retrieved from /home/airflow/.local/lib/python3.12/site-packages/airflow/example_dags/example_sensors.py
[2024-10-16T13:02:17.222+0000] {logging_mixin.py:190} INFO - [2024-10-16T13:02:17.222+0000] {dag.py:3239} INFO - Sync 1 DAGs
[2024-10-16T13:02:17.244+0000] {logging_mixin.py:190} INFO - [2024-10-16T13:02:17.244+0000] {dag.py:4180} INFO - Setting next_dagrun for example_sensors to None, run_after=None
[2024-10-16T13:02:17.282+0000] {processor.py:208} INFO - Processing /home/airflow/.local/lib/python3.12/site-packages/airflow/example_dags/example_sensors.py took 0.148 seconds
[2024-10-16T13:02:47.933+0000] {processor.py:186} INFO - Started process (PID=1578) to work on /home/airflow/.local/lib/python3.12/site-packages/airflow/example_dags/example_sensors.py
[2024-10-16T13:02:47.935+0000] {processor.py:914} INFO - Processing file /home/airflow/.local/lib/python3.12/site-packages/airflow/example_dags/example_sensors.py for tasks to queue
[2024-10-16T13:02:47.939+0000] {logging_mixin.py:190} INFO - [2024-10-16T13:02:47.938+0000] {dagbag.py:588} INFO - Filling up the DagBag from /home/airflow/.local/lib/python3.12/site-packages/airflow/example_dags/example_sensors.py
[2024-10-16T13:02:47.954+0000] {processor.py:925} INFO - DAG(s) 'example_sensors' retrieved from /home/airflow/.local/lib/python3.12/site-packages/airflow/example_dags/example_sensors.py
[2024-10-16T13:02:47.990+0000] {logging_mixin.py:190} INFO - [2024-10-16T13:02:47.989+0000] {dag.py:3239} INFO - Sync 1 DAGs
[2024-10-16T13:02:48.016+0000] {logging_mixin.py:190} INFO - [2024-10-16T13:02:48.015+0000] {dag.py:4180} INFO - Setting next_dagrun for example_sensors to None, run_after=None
[2024-10-16T13:02:48.050+0000] {processor.py:208} INFO - Processing /home/airflow/.local/lib/python3.12/site-packages/airflow/example_dags/example_sensors.py took 0.125 seconds
[2024-10-16T13:03:19.212+0000] {processor.py:186} INFO - Started process (PID=1641) to work on /home/airflow/.local/lib/python3.12/site-packages/airflow/example_dags/example_sensors.py
[2024-10-16T13:03:19.214+0000] {processor.py:914} INFO - Processing file /home/airflow/.local/lib/python3.12/site-packages/airflow/example_dags/example_sensors.py for tasks to queue
[2024-10-16T13:03:19.226+0000] {logging_mixin.py:190} INFO - [2024-10-16T13:03:19.226+0000] {dagbag.py:588} INFO - Filling up the DagBag from /home/airflow/.local/lib/python3.12/site-packages/airflow/example_dags/example_sensors.py
[2024-10-16T13:03:19.252+0000] {processor.py:925} INFO - DAG(s) 'example_sensors' retrieved from /home/airflow/.local/lib/python3.12/site-packages/airflow/example_dags/example_sensors.py
[2024-10-16T13:03:19.298+0000] {logging_mixin.py:190} INFO - [2024-10-16T13:03:19.297+0000] {dag.py:3239} INFO - Sync 1 DAGs
[2024-10-16T13:03:19.316+0000] {logging_mixin.py:190} INFO - [2024-10-16T13:03:19.315+0000] {dag.py:4180} INFO - Setting next_dagrun for example_sensors to None, run_after=None
[2024-10-16T13:03:19.349+0000] {processor.py:208} INFO - Processing /home/airflow/.local/lib/python3.12/site-packages/airflow/example_dags/example_sensors.py took 0.148 seconds
[2024-10-16T13:03:50.062+0000] {processor.py:186} INFO - Started process (PID=1703) to work on /home/airflow/.local/lib/python3.12/site-packages/airflow/example_dags/example_sensors.py
[2024-10-16T13:03:50.063+0000] {processor.py:914} INFO - Processing file /home/airflow/.local/lib/python3.12/site-packages/airflow/example_dags/example_sensors.py for tasks to queue
[2024-10-16T13:03:50.066+0000] {logging_mixin.py:190} INFO - [2024-10-16T13:03:50.066+0000] {dagbag.py:588} INFO - Filling up the DagBag from /home/airflow/.local/lib/python3.12/site-packages/airflow/example_dags/example_sensors.py
[2024-10-16T13:03:50.079+0000] {processor.py:925} INFO - DAG(s) 'example_sensors' retrieved from /home/airflow/.local/lib/python3.12/site-packages/airflow/example_dags/example_sensors.py
[2024-10-16T13:03:50.114+0000] {logging_mixin.py:190} INFO - [2024-10-16T13:03:50.114+0000] {dag.py:3239} INFO - Sync 1 DAGs
[2024-10-16T13:03:50.135+0000] {logging_mixin.py:190} INFO - [2024-10-16T13:03:50.134+0000] {dag.py:4180} INFO - Setting next_dagrun for example_sensors to None, run_after=None
[2024-10-16T13:03:50.173+0000] {processor.py:208} INFO - Processing /home/airflow/.local/lib/python3.12/site-packages/airflow/example_dags/example_sensors.py took 0.120 seconds
[2024-10-16T13:04:20.778+0000] {processor.py:186} INFO - Started process (PID=1765) to work on /home/airflow/.local/lib/python3.12/site-packages/airflow/example_dags/example_sensors.py
[2024-10-16T13:04:20.780+0000] {processor.py:914} INFO - Processing file /home/airflow/.local/lib/python3.12/site-packages/airflow/example_dags/example_sensors.py for tasks to queue
[2024-10-16T13:04:20.782+0000] {logging_mixin.py:190} INFO - [2024-10-16T13:04:20.782+0000] {dagbag.py:588} INFO - Filling up the DagBag from /home/airflow/.local/lib/python3.12/site-packages/airflow/example_dags/example_sensors.py
[2024-10-16T13:04:20.795+0000] {processor.py:925} INFO - DAG(s) 'example_sensors' retrieved from /home/airflow/.local/lib/python3.12/site-packages/airflow/example_dags/example_sensors.py
[2024-10-16T13:04:20.833+0000] {logging_mixin.py:190} INFO - [2024-10-16T13:04:20.833+0000] {dag.py:3239} INFO - Sync 1 DAGs
[2024-10-16T13:04:20.853+0000] {logging_mixin.py:190} INFO - [2024-10-16T13:04:20.852+0000] {dag.py:4180} INFO - Setting next_dagrun for example_sensors to None, run_after=None
[2024-10-16T13:04:20.882+0000] {processor.py:208} INFO - Processing /home/airflow/.local/lib/python3.12/site-packages/airflow/example_dags/example_sensors.py took 0.111 seconds
[2024-10-16T13:08:04.025+0000] {processor.py:186} INFO - Started process (PID=75) to work on /home/airflow/.local/lib/python3.12/site-packages/airflow/example_dags/example_sensors.py
[2024-10-16T13:08:04.027+0000] {processor.py:914} INFO - Processing file /home/airflow/.local/lib/python3.12/site-packages/airflow/example_dags/example_sensors.py for tasks to queue
[2024-10-16T13:08:04.029+0000] {logging_mixin.py:190} INFO - [2024-10-16T13:08:04.029+0000] {dagbag.py:588} INFO - Filling up the DagBag from /home/airflow/.local/lib/python3.12/site-packages/airflow/example_dags/example_sensors.py
[2024-10-16T13:08:04.042+0000] {processor.py:925} INFO - DAG(s) 'example_sensors' retrieved from /home/airflow/.local/lib/python3.12/site-packages/airflow/example_dags/example_sensors.py
[2024-10-16T13:08:04.167+0000] {logging_mixin.py:190} INFO - [2024-10-16T13:08:04.166+0000] {override.py:1900} INFO - Created Permission View: can read on DAG:example_sensors
[2024-10-16T13:08:04.179+0000] {logging_mixin.py:190} INFO - [2024-10-16T13:08:04.179+0000] {override.py:1900} INFO - Created Permission View: can delete on DAG:example_sensors
[2024-10-16T13:08:04.187+0000] {logging_mixin.py:190} INFO - [2024-10-16T13:08:04.187+0000] {override.py:1900} INFO - Created Permission View: can edit on DAG:example_sensors
[2024-10-16T13:08:04.195+0000] {logging_mixin.py:190} INFO - [2024-10-16T13:08:04.194+0000] {override.py:1900} INFO - Created Permission View: can create on DAG Run:example_sensors
[2024-10-16T13:08:04.202+0000] {logging_mixin.py:190} INFO - [2024-10-16T13:08:04.201+0000] {override.py:1900} INFO - Created Permission View: menu access on DAG Run:example_sensors
[2024-10-16T13:08:04.210+0000] {logging_mixin.py:190} INFO - [2024-10-16T13:08:04.209+0000] {override.py:1900} INFO - Created Permission View: can read on DAG Run:example_sensors
[2024-10-16T13:08:04.217+0000] {logging_mixin.py:190} INFO - [2024-10-16T13:08:04.216+0000] {override.py:1900} INFO - Created Permission View: can delete on DAG Run:example_sensors
[2024-10-16T13:08:04.218+0000] {logging_mixin.py:190} INFO - [2024-10-16T13:08:04.217+0000] {dag.py:3239} INFO - Sync 1 DAGs
[2024-10-16T13:08:04.233+0000] {logging_mixin.py:190} INFO - [2024-10-16T13:08:04.232+0000] {dag.py:3262} INFO - Creating ORM DAG for example_sensors
[2024-10-16T13:08:04.234+0000] {logging_mixin.py:190} INFO - [2024-10-16T13:08:04.234+0000] {dag.py:4180} INFO - Setting next_dagrun for example_sensors to None, run_after=None
[2024-10-16T13:08:04.252+0000] {processor.py:208} INFO - Processing /home/airflow/.local/lib/python3.12/site-packages/airflow/example_dags/example_sensors.py took 0.234 seconds
[2024-10-16T13:08:34.889+0000] {processor.py:186} INFO - Started process (PID=144) to work on /home/airflow/.local/lib/python3.12/site-packages/airflow/example_dags/example_sensors.py
[2024-10-16T13:08:34.891+0000] {processor.py:914} INFO - Processing file /home/airflow/.local/lib/python3.12/site-packages/airflow/example_dags/example_sensors.py for tasks to queue
[2024-10-16T13:08:34.894+0000] {logging_mixin.py:190} INFO - [2024-10-16T13:08:34.893+0000] {dagbag.py:588} INFO - Filling up the DagBag from /home/airflow/.local/lib/python3.12/site-packages/airflow/example_dags/example_sensors.py
[2024-10-16T13:08:34.911+0000] {processor.py:925} INFO - DAG(s) 'example_sensors' retrieved from /home/airflow/.local/lib/python3.12/site-packages/airflow/example_dags/example_sensors.py
[2024-10-16T13:08:34.948+0000] {logging_mixin.py:190} INFO - [2024-10-16T13:08:34.948+0000] {dag.py:3239} INFO - Sync 1 DAGs
[2024-10-16T13:08:34.967+0000] {logging_mixin.py:190} INFO - [2024-10-16T13:08:34.966+0000] {dag.py:4180} INFO - Setting next_dagrun for example_sensors to None, run_after=None
[2024-10-16T13:08:34.988+0000] {processor.py:208} INFO - Processing /home/airflow/.local/lib/python3.12/site-packages/airflow/example_dags/example_sensors.py took 0.106 seconds
[2024-10-16T13:09:05.428+0000] {processor.py:186} INFO - Started process (PID=207) to work on /home/airflow/.local/lib/python3.12/site-packages/airflow/example_dags/example_sensors.py
[2024-10-16T13:09:05.431+0000] {processor.py:914} INFO - Processing file /home/airflow/.local/lib/python3.12/site-packages/airflow/example_dags/example_sensors.py for tasks to queue
[2024-10-16T13:09:05.436+0000] {logging_mixin.py:190} INFO - [2024-10-16T13:09:05.435+0000] {dagbag.py:588} INFO - Filling up the DagBag from /home/airflow/.local/lib/python3.12/site-packages/airflow/example_dags/example_sensors.py
[2024-10-16T13:09:05.455+0000] {processor.py:925} INFO - DAG(s) 'example_sensors' retrieved from /home/airflow/.local/lib/python3.12/site-packages/airflow/example_dags/example_sensors.py
[2024-10-16T13:09:05.533+0000] {logging_mixin.py:190} INFO - [2024-10-16T13:09:05.533+0000] {dag.py:3239} INFO - Sync 1 DAGs
[2024-10-16T13:09:05.554+0000] {logging_mixin.py:190} INFO - [2024-10-16T13:09:05.554+0000] {dag.py:4180} INFO - Setting next_dagrun for example_sensors to None, run_after=None
[2024-10-16T13:09:05.591+0000] {processor.py:208} INFO - Processing /home/airflow/.local/lib/python3.12/site-packages/airflow/example_dags/example_sensors.py took 0.172 seconds
[2024-10-16T13:09:36.440+0000] {processor.py:186} INFO - Started process (PID=270) to work on /home/airflow/.local/lib/python3.12/site-packages/airflow/example_dags/example_sensors.py
[2024-10-16T13:09:36.441+0000] {processor.py:914} INFO - Processing file /home/airflow/.local/lib/python3.12/site-packages/airflow/example_dags/example_sensors.py for tasks to queue
[2024-10-16T13:09:36.442+0000] {logging_mixin.py:190} INFO - [2024-10-16T13:09:36.442+0000] {dagbag.py:588} INFO - Filling up the DagBag from /home/airflow/.local/lib/python3.12/site-packages/airflow/example_dags/example_sensors.py
[2024-10-16T13:09:36.450+0000] {processor.py:925} INFO - DAG(s) 'example_sensors' retrieved from /home/airflow/.local/lib/python3.12/site-packages/airflow/example_dags/example_sensors.py
[2024-10-16T13:09:36.473+0000] {logging_mixin.py:190} INFO - [2024-10-16T13:09:36.472+0000] {dag.py:3239} INFO - Sync 1 DAGs
[2024-10-16T13:09:36.488+0000] {logging_mixin.py:190} INFO - [2024-10-16T13:09:36.488+0000] {dag.py:4180} INFO - Setting next_dagrun for example_sensors to None, run_after=None
[2024-10-16T13:09:36.517+0000] {processor.py:208} INFO - Processing /home/airflow/.local/lib/python3.12/site-packages/airflow/example_dags/example_sensors.py took 0.082 seconds
[2024-10-16T13:10:07.126+0000] {processor.py:186} INFO - Started process (PID=333) to work on /home/airflow/.local/lib/python3.12/site-packages/airflow/example_dags/example_sensors.py
[2024-10-16T13:10:07.127+0000] {processor.py:914} INFO - Processing file /home/airflow/.local/lib/python3.12/site-packages/airflow/example_dags/example_sensors.py for tasks to queue
[2024-10-16T13:10:07.130+0000] {logging_mixin.py:190} INFO - [2024-10-16T13:10:07.130+0000] {dagbag.py:588} INFO - Filling up the DagBag from /home/airflow/.local/lib/python3.12/site-packages/airflow/example_dags/example_sensors.py
[2024-10-16T13:10:07.138+0000] {processor.py:925} INFO - DAG(s) 'example_sensors' retrieved from /home/airflow/.local/lib/python3.12/site-packages/airflow/example_dags/example_sensors.py
[2024-10-16T13:10:07.169+0000] {logging_mixin.py:190} INFO - [2024-10-16T13:10:07.169+0000] {dag.py:3239} INFO - Sync 1 DAGs
[2024-10-16T13:10:07.192+0000] {logging_mixin.py:190} INFO - [2024-10-16T13:10:07.191+0000] {dag.py:4180} INFO - Setting next_dagrun for example_sensors to None, run_after=None
[2024-10-16T13:10:07.227+0000] {processor.py:208} INFO - Processing /home/airflow/.local/lib/python3.12/site-packages/airflow/example_dags/example_sensors.py took 0.107 seconds
[2024-10-16T13:10:38.237+0000] {processor.py:186} INFO - Started process (PID=396) to work on /home/airflow/.local/lib/python3.12/site-packages/airflow/example_dags/example_sensors.py
[2024-10-16T13:10:38.238+0000] {processor.py:914} INFO - Processing file /home/airflow/.local/lib/python3.12/site-packages/airflow/example_dags/example_sensors.py for tasks to queue
[2024-10-16T13:10:38.240+0000] {logging_mixin.py:190} INFO - [2024-10-16T13:10:38.240+0000] {dagbag.py:588} INFO - Filling up the DagBag from /home/airflow/.local/lib/python3.12/site-packages/airflow/example_dags/example_sensors.py
[2024-10-16T13:10:38.248+0000] {processor.py:925} INFO - DAG(s) 'example_sensors' retrieved from /home/airflow/.local/lib/python3.12/site-packages/airflow/example_dags/example_sensors.py
[2024-10-16T13:10:38.273+0000] {logging_mixin.py:190} INFO - [2024-10-16T13:10:38.272+0000] {dag.py:3239} INFO - Sync 1 DAGs
[2024-10-16T13:10:38.288+0000] {logging_mixin.py:190} INFO - [2024-10-16T13:10:38.288+0000] {dag.py:4180} INFO - Setting next_dagrun for example_sensors to None, run_after=None
[2024-10-16T13:10:38.307+0000] {processor.py:208} INFO - Processing /home/airflow/.local/lib/python3.12/site-packages/airflow/example_dags/example_sensors.py took 0.075 seconds
[2024-10-16T13:11:08.727+0000] {processor.py:186} INFO - Started process (PID=459) to work on /home/airflow/.local/lib/python3.12/site-packages/airflow/example_dags/example_sensors.py
[2024-10-16T13:11:08.728+0000] {processor.py:914} INFO - Processing file /home/airflow/.local/lib/python3.12/site-packages/airflow/example_dags/example_sensors.py for tasks to queue
[2024-10-16T13:11:08.731+0000] {logging_mixin.py:190} INFO - [2024-10-16T13:11:08.730+0000] {dagbag.py:588} INFO - Filling up the DagBag from /home/airflow/.local/lib/python3.12/site-packages/airflow/example_dags/example_sensors.py
[2024-10-16T13:11:08.743+0000] {processor.py:925} INFO - DAG(s) 'example_sensors' retrieved from /home/airflow/.local/lib/python3.12/site-packages/airflow/example_dags/example_sensors.py
[2024-10-16T13:11:08.774+0000] {logging_mixin.py:190} INFO - [2024-10-16T13:11:08.774+0000] {dag.py:3239} INFO - Sync 1 DAGs
[2024-10-16T13:11:08.793+0000] {logging_mixin.py:190} INFO - [2024-10-16T13:11:08.793+0000] {dag.py:4180} INFO - Setting next_dagrun for example_sensors to None, run_after=None
[2024-10-16T13:11:08.824+0000] {processor.py:208} INFO - Processing /home/airflow/.local/lib/python3.12/site-packages/airflow/example_dags/example_sensors.py took 0.104 seconds
[2024-10-16T13:12:44.155+0000] {processor.py:186} INFO - Started process (PID=80) to work on /home/airflow/.local/lib/python3.12/site-packages/airflow/example_dags/example_sensors.py
[2024-10-16T13:12:44.156+0000] {processor.py:914} INFO - Processing file /home/airflow/.local/lib/python3.12/site-packages/airflow/example_dags/example_sensors.py for tasks to queue
[2024-10-16T13:12:44.158+0000] {logging_mixin.py:190} INFO - [2024-10-16T13:12:44.157+0000] {dagbag.py:588} INFO - Filling up the DagBag from /home/airflow/.local/lib/python3.12/site-packages/airflow/example_dags/example_sensors.py
[2024-10-16T13:12:44.169+0000] {processor.py:925} INFO - DAG(s) 'example_sensors' retrieved from /home/airflow/.local/lib/python3.12/site-packages/airflow/example_dags/example_sensors.py
[2024-10-16T13:12:44.285+0000] {logging_mixin.py:190} INFO - [2024-10-16T13:12:44.283+0000] {override.py:1900} INFO - Created Permission View: can read on DAG:example_sensors
[2024-10-16T13:12:44.297+0000] {logging_mixin.py:190} INFO - [2024-10-16T13:12:44.296+0000] {override.py:1900} INFO - Created Permission View: can edit on DAG:example_sensors
[2024-10-16T13:12:44.304+0000] {logging_mixin.py:190} INFO - [2024-10-16T13:12:44.304+0000] {override.py:1900} INFO - Created Permission View: can delete on DAG:example_sensors
[2024-10-16T13:12:44.312+0000] {logging_mixin.py:190} INFO - [2024-10-16T13:12:44.312+0000] {override.py:1900} INFO - Created Permission View: can read on DAG Run:example_sensors
[2024-10-16T13:12:44.320+0000] {logging_mixin.py:190} INFO - [2024-10-16T13:12:44.320+0000] {override.py:1900} INFO - Created Permission View: menu access on DAG Run:example_sensors
[2024-10-16T13:12:44.327+0000] {logging_mixin.py:190} INFO - [2024-10-16T13:12:44.327+0000] {override.py:1900} INFO - Created Permission View: can delete on DAG Run:example_sensors
[2024-10-16T13:12:44.334+0000] {logging_mixin.py:190} INFO - [2024-10-16T13:12:44.334+0000] {override.py:1900} INFO - Created Permission View: can create on DAG Run:example_sensors
[2024-10-16T13:12:44.335+0000] {logging_mixin.py:190} INFO - [2024-10-16T13:12:44.335+0000] {dag.py:3239} INFO - Sync 1 DAGs
[2024-10-16T13:12:44.350+0000] {logging_mixin.py:190} INFO - [2024-10-16T13:12:44.350+0000] {dag.py:3262} INFO - Creating ORM DAG for example_sensors
[2024-10-16T13:12:44.351+0000] {logging_mixin.py:190} INFO - [2024-10-16T13:12:44.351+0000] {dag.py:4180} INFO - Setting next_dagrun for example_sensors to None, run_after=None
[2024-10-16T13:12:44.368+0000] {processor.py:208} INFO - Processing /home/airflow/.local/lib/python3.12/site-packages/airflow/example_dags/example_sensors.py took 0.222 seconds
[2024-10-16T13:13:15.373+0000] {processor.py:186} INFO - Started process (PID=143) to work on /home/airflow/.local/lib/python3.12/site-packages/airflow/example_dags/example_sensors.py
[2024-10-16T13:13:15.375+0000] {processor.py:914} INFO - Processing file /home/airflow/.local/lib/python3.12/site-packages/airflow/example_dags/example_sensors.py for tasks to queue
[2024-10-16T13:13:15.379+0000] {logging_mixin.py:190} INFO - [2024-10-16T13:13:15.379+0000] {dagbag.py:588} INFO - Filling up the DagBag from /home/airflow/.local/lib/python3.12/site-packages/airflow/example_dags/example_sensors.py
[2024-10-16T13:13:15.402+0000] {processor.py:925} INFO - DAG(s) 'example_sensors' retrieved from /home/airflow/.local/lib/python3.12/site-packages/airflow/example_dags/example_sensors.py
[2024-10-16T13:13:15.442+0000] {logging_mixin.py:190} INFO - [2024-10-16T13:13:15.441+0000] {dag.py:3239} INFO - Sync 1 DAGs
[2024-10-16T13:13:15.458+0000] {logging_mixin.py:190} INFO - [2024-10-16T13:13:15.458+0000] {dag.py:4180} INFO - Setting next_dagrun for example_sensors to None, run_after=None
[2024-10-16T13:13:15.484+0000] {processor.py:208} INFO - Processing /home/airflow/.local/lib/python3.12/site-packages/airflow/example_dags/example_sensors.py took 0.119 seconds
[2024-10-16T13:14:45.746+0000] {processor.py:186} INFO - Started process (PID=82) to work on /home/airflow/.local/lib/python3.12/site-packages/airflow/example_dags/example_sensors.py
[2024-10-16T13:14:45.748+0000] {processor.py:914} INFO - Processing file /home/airflow/.local/lib/python3.12/site-packages/airflow/example_dags/example_sensors.py for tasks to queue
[2024-10-16T13:14:45.749+0000] {logging_mixin.py:190} INFO - [2024-10-16T13:14:45.749+0000] {dagbag.py:588} INFO - Filling up the DagBag from /home/airflow/.local/lib/python3.12/site-packages/airflow/example_dags/example_sensors.py
[2024-10-16T13:14:45.758+0000] {processor.py:925} INFO - DAG(s) 'example_sensors' retrieved from /home/airflow/.local/lib/python3.12/site-packages/airflow/example_dags/example_sensors.py
[2024-10-16T13:14:45.859+0000] {logging_mixin.py:190} INFO - [2024-10-16T13:14:45.858+0000] {override.py:1900} INFO - Created Permission View: can read on DAG:example_sensors
[2024-10-16T13:14:45.868+0000] {logging_mixin.py:190} INFO - [2024-10-16T13:14:45.868+0000] {override.py:1900} INFO - Created Permission View: can delete on DAG:example_sensors
[2024-10-16T13:14:45.875+0000] {logging_mixin.py:190} INFO - [2024-10-16T13:14:45.874+0000] {override.py:1900} INFO - Created Permission View: can edit on DAG:example_sensors
[2024-10-16T13:14:45.882+0000] {logging_mixin.py:190} INFO - [2024-10-16T13:14:45.882+0000] {override.py:1900} INFO - Created Permission View: can read on DAG Run:example_sensors
[2024-10-16T13:14:45.888+0000] {logging_mixin.py:190} INFO - [2024-10-16T13:14:45.888+0000] {override.py:1900} INFO - Created Permission View: can create on DAG Run:example_sensors
[2024-10-16T13:14:45.896+0000] {logging_mixin.py:190} INFO - [2024-10-16T13:14:45.895+0000] {override.py:1900} INFO - Created Permission View: can delete on DAG Run:example_sensors
[2024-10-16T13:14:45.905+0000] {logging_mixin.py:190} INFO - [2024-10-16T13:14:45.905+0000] {override.py:1900} INFO - Created Permission View: menu access on DAG Run:example_sensors
[2024-10-16T13:14:45.906+0000] {logging_mixin.py:190} INFO - [2024-10-16T13:14:45.906+0000] {dag.py:3239} INFO - Sync 1 DAGs
[2024-10-16T13:14:45.921+0000] {logging_mixin.py:190} INFO - [2024-10-16T13:14:45.921+0000] {dag.py:3262} INFO - Creating ORM DAG for example_sensors
[2024-10-16T13:14:45.922+0000] {logging_mixin.py:190} INFO - [2024-10-16T13:14:45.922+0000] {dag.py:4180} INFO - Setting next_dagrun for example_sensors to None, run_after=None
[2024-10-16T13:14:45.942+0000] {processor.py:208} INFO - Processing /home/airflow/.local/lib/python3.12/site-packages/airflow/example_dags/example_sensors.py took 0.204 seconds
[2024-10-16T13:16:14.589+0000] {processor.py:186} INFO - Started process (PID=81) to work on /home/airflow/.local/lib/python3.12/site-packages/airflow/example_dags/example_sensors.py
[2024-10-16T13:16:14.590+0000] {processor.py:914} INFO - Processing file /home/airflow/.local/lib/python3.12/site-packages/airflow/example_dags/example_sensors.py for tasks to queue
[2024-10-16T13:16:14.593+0000] {logging_mixin.py:190} INFO - [2024-10-16T13:16:14.593+0000] {dagbag.py:588} INFO - Filling up the DagBag from /home/airflow/.local/lib/python3.12/site-packages/airflow/example_dags/example_sensors.py
[2024-10-16T13:16:14.604+0000] {processor.py:925} INFO - DAG(s) 'example_sensors' retrieved from /home/airflow/.local/lib/python3.12/site-packages/airflow/example_dags/example_sensors.py
[2024-10-16T13:16:14.737+0000] {logging_mixin.py:190} INFO - [2024-10-16T13:16:14.736+0000] {override.py:1900} INFO - Created Permission View: can edit on DAG:example_sensors
[2024-10-16T13:16:14.749+0000] {logging_mixin.py:190} INFO - [2024-10-16T13:16:14.749+0000] {override.py:1900} INFO - Created Permission View: can read on DAG:example_sensors
[2024-10-16T13:16:14.757+0000] {logging_mixin.py:190} INFO - [2024-10-16T13:16:14.757+0000] {override.py:1900} INFO - Created Permission View: can delete on DAG:example_sensors
[2024-10-16T13:16:14.765+0000] {logging_mixin.py:190} INFO - [2024-10-16T13:16:14.764+0000] {override.py:1900} INFO - Created Permission View: menu access on DAG Run:example_sensors
[2024-10-16T13:16:14.772+0000] {logging_mixin.py:190} INFO - [2024-10-16T13:16:14.771+0000] {override.py:1900} INFO - Created Permission View: can read on DAG Run:example_sensors
[2024-10-16T13:16:14.779+0000] {logging_mixin.py:190} INFO - [2024-10-16T13:16:14.779+0000] {override.py:1900} INFO - Created Permission View: can create on DAG Run:example_sensors
[2024-10-16T13:16:14.786+0000] {logging_mixin.py:190} INFO - [2024-10-16T13:16:14.786+0000] {override.py:1900} INFO - Created Permission View: can delete on DAG Run:example_sensors
[2024-10-16T13:16:14.787+0000] {logging_mixin.py:190} INFO - [2024-10-16T13:16:14.787+0000] {dag.py:3239} INFO - Sync 1 DAGs
[2024-10-16T13:16:14.803+0000] {logging_mixin.py:190} INFO - [2024-10-16T13:16:14.802+0000] {dag.py:3262} INFO - Creating ORM DAG for example_sensors
[2024-10-16T13:16:14.804+0000] {logging_mixin.py:190} INFO - [2024-10-16T13:16:14.804+0000] {dag.py:4180} INFO - Setting next_dagrun for example_sensors to None, run_after=None
[2024-10-16T13:16:14.825+0000] {processor.py:208} INFO - Processing /home/airflow/.local/lib/python3.12/site-packages/airflow/example_dags/example_sensors.py took 0.244 seconds
[2024-10-16T13:16:44.872+0000] {processor.py:186} INFO - Started process (PID=144) to work on /home/airflow/.local/lib/python3.12/site-packages/airflow/example_dags/example_sensors.py
[2024-10-16T13:16:44.874+0000] {processor.py:914} INFO - Processing file /home/airflow/.local/lib/python3.12/site-packages/airflow/example_dags/example_sensors.py for tasks to queue
[2024-10-16T13:16:44.877+0000] {logging_mixin.py:190} INFO - [2024-10-16T13:16:44.877+0000] {dagbag.py:588} INFO - Filling up the DagBag from /home/airflow/.local/lib/python3.12/site-packages/airflow/example_dags/example_sensors.py
[2024-10-16T13:16:44.891+0000] {processor.py:925} INFO - DAG(s) 'example_sensors' retrieved from /home/airflow/.local/lib/python3.12/site-packages/airflow/example_dags/example_sensors.py
[2024-10-16T13:16:44.926+0000] {logging_mixin.py:190} INFO - [2024-10-16T13:16:44.925+0000] {dag.py:3239} INFO - Sync 1 DAGs
[2024-10-16T13:16:44.943+0000] {logging_mixin.py:190} INFO - [2024-10-16T13:16:44.943+0000] {dag.py:4180} INFO - Setting next_dagrun for example_sensors to None, run_after=None
[2024-10-16T13:16:44.973+0000] {processor.py:208} INFO - Processing /home/airflow/.local/lib/python3.12/site-packages/airflow/example_dags/example_sensors.py took 0.109 seconds
[2024-10-16T13:17:15.425+0000] {processor.py:186} INFO - Started process (PID=207) to work on /home/airflow/.local/lib/python3.12/site-packages/airflow/example_dags/example_sensors.py
[2024-10-16T13:17:15.426+0000] {processor.py:914} INFO - Processing file /home/airflow/.local/lib/python3.12/site-packages/airflow/example_dags/example_sensors.py for tasks to queue
[2024-10-16T13:17:15.429+0000] {logging_mixin.py:190} INFO - [2024-10-16T13:17:15.428+0000] {dagbag.py:588} INFO - Filling up the DagBag from /home/airflow/.local/lib/python3.12/site-packages/airflow/example_dags/example_sensors.py
[2024-10-16T13:17:15.443+0000] {processor.py:925} INFO - DAG(s) 'example_sensors' retrieved from /home/airflow/.local/lib/python3.12/site-packages/airflow/example_dags/example_sensors.py
[2024-10-16T13:17:15.476+0000] {logging_mixin.py:190} INFO - [2024-10-16T13:17:15.476+0000] {dag.py:3239} INFO - Sync 1 DAGs
[2024-10-16T13:17:15.495+0000] {logging_mixin.py:190} INFO - [2024-10-16T13:17:15.495+0000] {dag.py:4180} INFO - Setting next_dagrun for example_sensors to None, run_after=None
[2024-10-16T13:17:15.525+0000] {processor.py:208} INFO - Processing /home/airflow/.local/lib/python3.12/site-packages/airflow/example_dags/example_sensors.py took 0.108 seconds
[2024-10-16T13:17:46.662+0000] {processor.py:186} INFO - Started process (PID=270) to work on /home/airflow/.local/lib/python3.12/site-packages/airflow/example_dags/example_sensors.py
[2024-10-16T13:17:46.663+0000] {processor.py:914} INFO - Processing file /home/airflow/.local/lib/python3.12/site-packages/airflow/example_dags/example_sensors.py for tasks to queue
[2024-10-16T13:17:46.666+0000] {logging_mixin.py:190} INFO - [2024-10-16T13:17:46.666+0000] {dagbag.py:588} INFO - Filling up the DagBag from /home/airflow/.local/lib/python3.12/site-packages/airflow/example_dags/example_sensors.py
[2024-10-16T13:17:46.677+0000] {processor.py:925} INFO - DAG(s) 'example_sensors' retrieved from /home/airflow/.local/lib/python3.12/site-packages/airflow/example_dags/example_sensors.py
[2024-10-16T13:17:46.705+0000] {logging_mixin.py:190} INFO - [2024-10-16T13:17:46.705+0000] {dag.py:3239} INFO - Sync 1 DAGs
[2024-10-16T13:17:46.718+0000] {logging_mixin.py:190} INFO - [2024-10-16T13:17:46.718+0000] {dag.py:4180} INFO - Setting next_dagrun for example_sensors to None, run_after=None
[2024-10-16T13:17:46.739+0000] {processor.py:208} INFO - Processing /home/airflow/.local/lib/python3.12/site-packages/airflow/example_dags/example_sensors.py took 0.083 seconds
[2024-10-16T13:18:17.018+0000] {processor.py:186} INFO - Started process (PID=333) to work on /home/airflow/.local/lib/python3.12/site-packages/airflow/example_dags/example_sensors.py
[2024-10-16T13:18:17.019+0000] {processor.py:914} INFO - Processing file /home/airflow/.local/lib/python3.12/site-packages/airflow/example_dags/example_sensors.py for tasks to queue
[2024-10-16T13:18:17.021+0000] {logging_mixin.py:190} INFO - [2024-10-16T13:18:17.021+0000] {dagbag.py:588} INFO - Filling up the DagBag from /home/airflow/.local/lib/python3.12/site-packages/airflow/example_dags/example_sensors.py
[2024-10-16T13:18:17.029+0000] {processor.py:925} INFO - DAG(s) 'example_sensors' retrieved from /home/airflow/.local/lib/python3.12/site-packages/airflow/example_dags/example_sensors.py
[2024-10-16T13:18:17.064+0000] {logging_mixin.py:190} INFO - [2024-10-16T13:18:17.063+0000] {dag.py:3239} INFO - Sync 1 DAGs
[2024-10-16T13:18:17.078+0000] {logging_mixin.py:190} INFO - [2024-10-16T13:18:17.078+0000] {dag.py:4180} INFO - Setting next_dagrun for example_sensors to None, run_after=None
[2024-10-16T13:18:17.103+0000] {processor.py:208} INFO - Processing /home/airflow/.local/lib/python3.12/site-packages/airflow/example_dags/example_sensors.py took 0.091 seconds
[2024-10-16T13:18:47.592+0000] {processor.py:186} INFO - Started process (PID=396) to work on /home/airflow/.local/lib/python3.12/site-packages/airflow/example_dags/example_sensors.py
[2024-10-16T13:18:47.593+0000] {processor.py:914} INFO - Processing file /home/airflow/.local/lib/python3.12/site-packages/airflow/example_dags/example_sensors.py for tasks to queue
[2024-10-16T13:18:47.595+0000] {logging_mixin.py:190} INFO - [2024-10-16T13:18:47.595+0000] {dagbag.py:588} INFO - Filling up the DagBag from /home/airflow/.local/lib/python3.12/site-packages/airflow/example_dags/example_sensors.py
[2024-10-16T13:18:47.606+0000] {processor.py:925} INFO - DAG(s) 'example_sensors' retrieved from /home/airflow/.local/lib/python3.12/site-packages/airflow/example_dags/example_sensors.py
[2024-10-16T13:18:47.638+0000] {logging_mixin.py:190} INFO - [2024-10-16T13:18:47.638+0000] {dag.py:3239} INFO - Sync 1 DAGs
[2024-10-16T13:18:47.653+0000] {logging_mixin.py:190} INFO - [2024-10-16T13:18:47.653+0000] {dag.py:4180} INFO - Setting next_dagrun for example_sensors to None, run_after=None
[2024-10-16T13:18:47.676+0000] {processor.py:208} INFO - Processing /home/airflow/.local/lib/python3.12/site-packages/airflow/example_dags/example_sensors.py took 0.088 seconds
[2024-10-16T13:19:17.942+0000] {processor.py:186} INFO - Started process (PID=459) to work on /home/airflow/.local/lib/python3.12/site-packages/airflow/example_dags/example_sensors.py
[2024-10-16T13:19:17.943+0000] {processor.py:914} INFO - Processing file /home/airflow/.local/lib/python3.12/site-packages/airflow/example_dags/example_sensors.py for tasks to queue
[2024-10-16T13:19:17.946+0000] {logging_mixin.py:190} INFO - [2024-10-16T13:19:17.946+0000] {dagbag.py:588} INFO - Filling up the DagBag from /home/airflow/.local/lib/python3.12/site-packages/airflow/example_dags/example_sensors.py
[2024-10-16T13:19:17.964+0000] {processor.py:925} INFO - DAG(s) 'example_sensors' retrieved from /home/airflow/.local/lib/python3.12/site-packages/airflow/example_dags/example_sensors.py
[2024-10-16T13:19:17.997+0000] {logging_mixin.py:190} INFO - [2024-10-16T13:19:17.996+0000] {dag.py:3239} INFO - Sync 1 DAGs
[2024-10-16T13:19:18.012+0000] {logging_mixin.py:190} INFO - [2024-10-16T13:19:18.012+0000] {dag.py:4180} INFO - Setting next_dagrun for example_sensors to None, run_after=None
[2024-10-16T13:19:18.038+0000] {processor.py:208} INFO - Processing /home/airflow/.local/lib/python3.12/site-packages/airflow/example_dags/example_sensors.py took 0.104 seconds
[2024-10-16T13:19:48.997+0000] {processor.py:186} INFO - Started process (PID=522) to work on /home/airflow/.local/lib/python3.12/site-packages/airflow/example_dags/example_sensors.py
[2024-10-16T13:19:49.001+0000] {processor.py:914} INFO - Processing file /home/airflow/.local/lib/python3.12/site-packages/airflow/example_dags/example_sensors.py for tasks to queue
[2024-10-16T13:19:49.004+0000] {logging_mixin.py:190} INFO - [2024-10-16T13:19:49.004+0000] {dagbag.py:588} INFO - Filling up the DagBag from /home/airflow/.local/lib/python3.12/site-packages/airflow/example_dags/example_sensors.py
[2024-10-16T13:19:49.018+0000] {processor.py:925} INFO - DAG(s) 'example_sensors' retrieved from /home/airflow/.local/lib/python3.12/site-packages/airflow/example_dags/example_sensors.py
[2024-10-16T13:19:49.050+0000] {logging_mixin.py:190} INFO - [2024-10-16T13:19:49.049+0000] {dag.py:3239} INFO - Sync 1 DAGs
[2024-10-16T13:19:49.067+0000] {logging_mixin.py:190} INFO - [2024-10-16T13:19:49.066+0000] {dag.py:4180} INFO - Setting next_dagrun for example_sensors to None, run_after=None
[2024-10-16T13:19:49.100+0000] {processor.py:208} INFO - Processing /home/airflow/.local/lib/python3.12/site-packages/airflow/example_dags/example_sensors.py took 0.114 seconds
[2024-10-16T13:20:20.566+0000] {processor.py:186} INFO - Started process (PID=585) to work on /home/airflow/.local/lib/python3.12/site-packages/airflow/example_dags/example_sensors.py
[2024-10-16T13:20:20.568+0000] {processor.py:914} INFO - Processing file /home/airflow/.local/lib/python3.12/site-packages/airflow/example_dags/example_sensors.py for tasks to queue
[2024-10-16T13:20:20.572+0000] {logging_mixin.py:190} INFO - [2024-10-16T13:20:20.572+0000] {dagbag.py:588} INFO - Filling up the DagBag from /home/airflow/.local/lib/python3.12/site-packages/airflow/example_dags/example_sensors.py
[2024-10-16T13:20:20.586+0000] {processor.py:925} INFO - DAG(s) 'example_sensors' retrieved from /home/airflow/.local/lib/python3.12/site-packages/airflow/example_dags/example_sensors.py
[2024-10-16T13:20:20.621+0000] {logging_mixin.py:190} INFO - [2024-10-16T13:20:20.620+0000] {dag.py:3239} INFO - Sync 1 DAGs
[2024-10-16T13:20:20.640+0000] {logging_mixin.py:190} INFO - [2024-10-16T13:20:20.640+0000] {dag.py:4180} INFO - Setting next_dagrun for example_sensors to None, run_after=None
[2024-10-16T13:20:20.670+0000] {processor.py:208} INFO - Processing /home/airflow/.local/lib/python3.12/site-packages/airflow/example_dags/example_sensors.py took 0.114 seconds
[2024-10-16T13:22:00.636+0000] {processor.py:186} INFO - Started process (PID=80) to work on /home/airflow/.local/lib/python3.12/site-packages/airflow/example_dags/example_sensors.py
[2024-10-16T13:22:00.637+0000] {processor.py:914} INFO - Processing file /home/airflow/.local/lib/python3.12/site-packages/airflow/example_dags/example_sensors.py for tasks to queue
[2024-10-16T13:22:00.639+0000] {logging_mixin.py:190} INFO - [2024-10-16T13:22:00.639+0000] {dagbag.py:588} INFO - Filling up the DagBag from /home/airflow/.local/lib/python3.12/site-packages/airflow/example_dags/example_sensors.py
[2024-10-16T13:22:00.651+0000] {processor.py:925} INFO - DAG(s) 'example_sensors' retrieved from /home/airflow/.local/lib/python3.12/site-packages/airflow/example_dags/example_sensors.py
[2024-10-16T13:22:00.767+0000] {logging_mixin.py:190} INFO - [2024-10-16T13:22:00.766+0000] {override.py:1900} INFO - Created Permission View: can edit on DAG:example_sensors
[2024-10-16T13:22:00.778+0000] {logging_mixin.py:190} INFO - [2024-10-16T13:22:00.777+0000] {override.py:1900} INFO - Created Permission View: can read on DAG:example_sensors
[2024-10-16T13:22:00.785+0000] {logging_mixin.py:190} INFO - [2024-10-16T13:22:00.784+0000] {override.py:1900} INFO - Created Permission View: can delete on DAG:example_sensors
[2024-10-16T13:22:00.794+0000] {logging_mixin.py:190} INFO - [2024-10-16T13:22:00.793+0000] {override.py:1900} INFO - Created Permission View: can delete on DAG Run:example_sensors
[2024-10-16T13:22:00.801+0000] {logging_mixin.py:190} INFO - [2024-10-16T13:22:00.800+0000] {override.py:1900} INFO - Created Permission View: can read on DAG Run:example_sensors
[2024-10-16T13:22:00.808+0000] {logging_mixin.py:190} INFO - [2024-10-16T13:22:00.807+0000] {override.py:1900} INFO - Created Permission View: menu access on DAG Run:example_sensors
[2024-10-16T13:22:00.814+0000] {logging_mixin.py:190} INFO - [2024-10-16T13:22:00.814+0000] {override.py:1900} INFO - Created Permission View: can create on DAG Run:example_sensors
[2024-10-16T13:22:00.815+0000] {logging_mixin.py:190} INFO - [2024-10-16T13:22:00.815+0000] {dag.py:3239} INFO - Sync 1 DAGs
[2024-10-16T13:22:00.827+0000] {logging_mixin.py:190} INFO - [2024-10-16T13:22:00.826+0000] {dag.py:3262} INFO - Creating ORM DAG for example_sensors
[2024-10-16T13:22:00.828+0000] {logging_mixin.py:190} INFO - [2024-10-16T13:22:00.828+0000] {dag.py:4180} INFO - Setting next_dagrun for example_sensors to None, run_after=None
[2024-10-16T13:22:00.846+0000] {processor.py:208} INFO - Processing /home/airflow/.local/lib/python3.12/site-packages/airflow/example_dags/example_sensors.py took 0.215 seconds
[2024-10-16T13:22:31.868+0000] {processor.py:186} INFO - Started process (PID=143) to work on /home/airflow/.local/lib/python3.12/site-packages/airflow/example_dags/example_sensors.py
[2024-10-16T13:22:31.871+0000] {processor.py:914} INFO - Processing file /home/airflow/.local/lib/python3.12/site-packages/airflow/example_dags/example_sensors.py for tasks to queue
[2024-10-16T13:22:31.879+0000] {logging_mixin.py:190} INFO - [2024-10-16T13:22:31.878+0000] {dagbag.py:588} INFO - Filling up the DagBag from /home/airflow/.local/lib/python3.12/site-packages/airflow/example_dags/example_sensors.py
[2024-10-16T13:22:31.891+0000] {processor.py:925} INFO - DAG(s) 'example_sensors' retrieved from /home/airflow/.local/lib/python3.12/site-packages/airflow/example_dags/example_sensors.py
[2024-10-16T13:22:31.932+0000] {logging_mixin.py:190} INFO - [2024-10-16T13:22:31.931+0000] {dag.py:3239} INFO - Sync 1 DAGs
[2024-10-16T13:22:31.950+0000] {logging_mixin.py:190} INFO - [2024-10-16T13:22:31.949+0000] {dag.py:4180} INFO - Setting next_dagrun for example_sensors to None, run_after=None
[2024-10-16T13:22:31.994+0000] {processor.py:208} INFO - Processing /home/airflow/.local/lib/python3.12/site-packages/airflow/example_dags/example_sensors.py took 0.136 seconds
[2024-10-16T13:23:02.844+0000] {processor.py:186} INFO - Started process (PID=207) to work on /home/airflow/.local/lib/python3.12/site-packages/airflow/example_dags/example_sensors.py
[2024-10-16T13:23:02.859+0000] {processor.py:914} INFO - Processing file /home/airflow/.local/lib/python3.12/site-packages/airflow/example_dags/example_sensors.py for tasks to queue
[2024-10-16T13:23:02.864+0000] {logging_mixin.py:190} INFO - [2024-10-16T13:23:02.863+0000] {dagbag.py:588} INFO - Filling up the DagBag from /home/airflow/.local/lib/python3.12/site-packages/airflow/example_dags/example_sensors.py
[2024-10-16T13:23:02.884+0000] {processor.py:925} INFO - DAG(s) 'example_sensors' retrieved from /home/airflow/.local/lib/python3.12/site-packages/airflow/example_dags/example_sensors.py
[2024-10-16T13:23:02.929+0000] {logging_mixin.py:190} INFO - [2024-10-16T13:23:02.929+0000] {dag.py:3239} INFO - Sync 1 DAGs
[2024-10-16T13:23:02.963+0000] {logging_mixin.py:190} INFO - [2024-10-16T13:23:02.963+0000] {dag.py:4180} INFO - Setting next_dagrun for example_sensors to None, run_after=None
[2024-10-16T13:23:02.998+0000] {processor.py:208} INFO - Processing /home/airflow/.local/lib/python3.12/site-packages/airflow/example_dags/example_sensors.py took 0.161 seconds
[2024-10-16T13:23:33.611+0000] {processor.py:186} INFO - Started process (PID=270) to work on /home/airflow/.local/lib/python3.12/site-packages/airflow/example_dags/example_sensors.py
[2024-10-16T13:23:33.612+0000] {processor.py:914} INFO - Processing file /home/airflow/.local/lib/python3.12/site-packages/airflow/example_dags/example_sensors.py for tasks to queue
[2024-10-16T13:23:33.615+0000] {logging_mixin.py:190} INFO - [2024-10-16T13:23:33.614+0000] {dagbag.py:588} INFO - Filling up the DagBag from /home/airflow/.local/lib/python3.12/site-packages/airflow/example_dags/example_sensors.py
[2024-10-16T13:23:33.631+0000] {processor.py:925} INFO - DAG(s) 'example_sensors' retrieved from /home/airflow/.local/lib/python3.12/site-packages/airflow/example_dags/example_sensors.py
[2024-10-16T13:23:33.668+0000] {logging_mixin.py:190} INFO - [2024-10-16T13:23:33.668+0000] {dag.py:3239} INFO - Sync 1 DAGs
[2024-10-16T13:23:33.684+0000] {logging_mixin.py:190} INFO - [2024-10-16T13:23:33.684+0000] {dag.py:4180} INFO - Setting next_dagrun for example_sensors to None, run_after=None
[2024-10-16T13:23:33.734+0000] {processor.py:208} INFO - Processing /home/airflow/.local/lib/python3.12/site-packages/airflow/example_dags/example_sensors.py took 0.131 seconds
