[2024-10-16T12:50:34.395+0000] {processor.py:186} INFO - Started process (PID=105) to work on /home/airflow/.local/lib/python3.12/site-packages/airflow/example_dags/example_workday_timetable.py
[2024-10-16T12:50:34.399+0000] {processor.py:914} INFO - Processing file /home/airflow/.local/lib/python3.12/site-packages/airflow/example_dags/example_workday_timetable.py for tasks to queue
[2024-10-16T12:50:34.402+0000] {logging_mixin.py:190} INFO - [2024-10-16T12:50:34.402+0000] {dagbag.py:588} INFO - Filling up the DagBag from /home/airflow/.local/lib/python3.12/site-packages/airflow/example_dags/example_workday_timetable.py
[2024-10-16T12:50:34.409+0000] {processor.py:925} INFO - DAG(s) 'example_workday_timetable' retrieved from /home/airflow/.local/lib/python3.12/site-packages/airflow/example_dags/example_workday_timetable.py
[2024-10-16T12:50:34.545+0000] {logging_mixin.py:190} INFO - [2024-10-16T12:50:34.544+0000] {override.py:1900} INFO - Created Permission View: can edit on DAG:example_workday_timetable
[2024-10-16T12:50:34.556+0000] {logging_mixin.py:190} INFO - [2024-10-16T12:50:34.556+0000] {override.py:1900} INFO - Created Permission View: can read on DAG:example_workday_timetable
[2024-10-16T12:50:34.565+0000] {logging_mixin.py:190} INFO - [2024-10-16T12:50:34.565+0000] {override.py:1900} INFO - Created Permission View: can delete on DAG:example_workday_timetable
[2024-10-16T12:50:34.573+0000] {logging_mixin.py:190} INFO - [2024-10-16T12:50:34.573+0000] {override.py:1900} INFO - Created Permission View: can delete on DAG Run:example_workday_timetable
[2024-10-16T12:50:34.581+0000] {logging_mixin.py:190} INFO - [2024-10-16T12:50:34.581+0000] {override.py:1900} INFO - Created Permission View: menu access on DAG Run:example_workday_timetable
[2024-10-16T12:50:34.590+0000] {logging_mixin.py:190} INFO - [2024-10-16T12:50:34.589+0000] {override.py:1900} INFO - Created Permission View: can create on DAG Run:example_workday_timetable
[2024-10-16T12:50:34.598+0000] {logging_mixin.py:190} INFO - [2024-10-16T12:50:34.598+0000] {override.py:1900} INFO - Created Permission View: can read on DAG Run:example_workday_timetable
[2024-10-16T12:50:34.599+0000] {logging_mixin.py:190} INFO - [2024-10-16T12:50:34.599+0000] {dag.py:3239} INFO - Sync 1 DAGs
[2024-10-16T12:50:34.613+0000] {logging_mixin.py:190} INFO - [2024-10-16T12:50:34.612+0000] {dag.py:3262} INFO - Creating ORM DAG for example_workday_timetable
[2024-10-16T12:50:34.664+0000] {logging_mixin.py:190} INFO - [2024-10-16T12:50:34.664+0000] {dag.py:4180} INFO - Setting next_dagrun for example_workday_timetable to 2021-01-04 00:00:00+00:00, run_after=2021-01-05 00:00:00+00:00
[2024-10-16T12:50:34.694+0000] {processor.py:208} INFO - Processing /home/airflow/.local/lib/python3.12/site-packages/airflow/example_dags/example_workday_timetable.py took 0.306 seconds
[2024-10-16T12:51:05.096+0000] {processor.py:186} INFO - Started process (PID=167) to work on /home/airflow/.local/lib/python3.12/site-packages/airflow/example_dags/example_workday_timetable.py
[2024-10-16T12:51:05.097+0000] {processor.py:914} INFO - Processing file /home/airflow/.local/lib/python3.12/site-packages/airflow/example_dags/example_workday_timetable.py for tasks to queue
[2024-10-16T12:51:05.100+0000] {logging_mixin.py:190} INFO - [2024-10-16T12:51:05.100+0000] {dagbag.py:588} INFO - Filling up the DagBag from /home/airflow/.local/lib/python3.12/site-packages/airflow/example_dags/example_workday_timetable.py
[2024-10-16T12:51:05.106+0000] {processor.py:925} INFO - DAG(s) 'example_workday_timetable' retrieved from /home/airflow/.local/lib/python3.12/site-packages/airflow/example_dags/example_workday_timetable.py
[2024-10-16T12:51:05.129+0000] {logging_mixin.py:190} INFO - [2024-10-16T12:51:05.129+0000] {dag.py:3239} INFO - Sync 1 DAGs
[2024-10-16T12:51:05.198+0000] {logging_mixin.py:190} INFO - [2024-10-16T12:51:05.197+0000] {dag.py:4180} INFO - Setting next_dagrun for example_workday_timetable to 2021-01-04 00:00:00+00:00, run_after=2021-01-05 00:00:00+00:00
[2024-10-16T12:51:05.218+0000] {processor.py:208} INFO - Processing /home/airflow/.local/lib/python3.12/site-packages/airflow/example_dags/example_workday_timetable.py took 0.129 seconds
[2024-10-16T12:51:35.593+0000] {processor.py:186} INFO - Started process (PID=229) to work on /home/airflow/.local/lib/python3.12/site-packages/airflow/example_dags/example_workday_timetable.py
[2024-10-16T12:51:35.594+0000] {processor.py:914} INFO - Processing file /home/airflow/.local/lib/python3.12/site-packages/airflow/example_dags/example_workday_timetable.py for tasks to queue
[2024-10-16T12:51:35.597+0000] {logging_mixin.py:190} INFO - [2024-10-16T12:51:35.597+0000] {dagbag.py:588} INFO - Filling up the DagBag from /home/airflow/.local/lib/python3.12/site-packages/airflow/example_dags/example_workday_timetable.py
[2024-10-16T12:51:35.601+0000] {processor.py:925} INFO - DAG(s) 'example_workday_timetable' retrieved from /home/airflow/.local/lib/python3.12/site-packages/airflow/example_dags/example_workday_timetable.py
[2024-10-16T12:51:35.620+0000] {logging_mixin.py:190} INFO - [2024-10-16T12:51:35.620+0000] {dag.py:3239} INFO - Sync 1 DAGs
[2024-10-16T12:51:35.663+0000] {logging_mixin.py:190} INFO - [2024-10-16T12:51:35.662+0000] {dag.py:4180} INFO - Setting next_dagrun for example_workday_timetable to 2021-01-04 00:00:00+00:00, run_after=2021-01-05 00:00:00+00:00
[2024-10-16T12:51:35.686+0000] {processor.py:208} INFO - Processing /home/airflow/.local/lib/python3.12/site-packages/airflow/example_dags/example_workday_timetable.py took 0.097 seconds
[2024-10-16T12:52:05.967+0000] {processor.py:186} INFO - Started process (PID=291) to work on /home/airflow/.local/lib/python3.12/site-packages/airflow/example_dags/example_workday_timetable.py
[2024-10-16T12:52:05.968+0000] {processor.py:914} INFO - Processing file /home/airflow/.local/lib/python3.12/site-packages/airflow/example_dags/example_workday_timetable.py for tasks to queue
[2024-10-16T12:52:05.971+0000] {logging_mixin.py:190} INFO - [2024-10-16T12:52:05.970+0000] {dagbag.py:588} INFO - Filling up the DagBag from /home/airflow/.local/lib/python3.12/site-packages/airflow/example_dags/example_workday_timetable.py
[2024-10-16T12:52:05.976+0000] {processor.py:925} INFO - DAG(s) 'example_workday_timetable' retrieved from /home/airflow/.local/lib/python3.12/site-packages/airflow/example_dags/example_workday_timetable.py
[2024-10-16T12:52:05.997+0000] {logging_mixin.py:190} INFO - [2024-10-16T12:52:05.996+0000] {dag.py:3239} INFO - Sync 1 DAGs
[2024-10-16T12:52:06.061+0000] {logging_mixin.py:190} INFO - [2024-10-16T12:52:06.061+0000] {dag.py:4180} INFO - Setting next_dagrun for example_workday_timetable to 2021-01-04 00:00:00+00:00, run_after=2021-01-05 00:00:00+00:00
[2024-10-16T12:52:06.108+0000] {processor.py:208} INFO - Processing /home/airflow/.local/lib/python3.12/site-packages/airflow/example_dags/example_workday_timetable.py took 0.147 seconds
[2024-10-16T12:52:36.497+0000] {processor.py:186} INFO - Started process (PID=354) to work on /home/airflow/.local/lib/python3.12/site-packages/airflow/example_dags/example_workday_timetable.py
[2024-10-16T12:52:36.498+0000] {processor.py:914} INFO - Processing file /home/airflow/.local/lib/python3.12/site-packages/airflow/example_dags/example_workday_timetable.py for tasks to queue
[2024-10-16T12:52:36.500+0000] {logging_mixin.py:190} INFO - [2024-10-16T12:52:36.499+0000] {dagbag.py:588} INFO - Filling up the DagBag from /home/airflow/.local/lib/python3.12/site-packages/airflow/example_dags/example_workday_timetable.py
[2024-10-16T12:52:36.505+0000] {processor.py:925} INFO - DAG(s) 'example_workday_timetable' retrieved from /home/airflow/.local/lib/python3.12/site-packages/airflow/example_dags/example_workday_timetable.py
[2024-10-16T12:52:36.524+0000] {logging_mixin.py:190} INFO - [2024-10-16T12:52:36.523+0000] {dag.py:3239} INFO - Sync 1 DAGs
[2024-10-16T12:52:36.583+0000] {logging_mixin.py:190} INFO - [2024-10-16T12:52:36.583+0000] {dag.py:4180} INFO - Setting next_dagrun for example_workday_timetable to 2021-01-04 00:00:00+00:00, run_after=2021-01-05 00:00:00+00:00
[2024-10-16T12:52:36.610+0000] {processor.py:208} INFO - Processing /home/airflow/.local/lib/python3.12/site-packages/airflow/example_dags/example_workday_timetable.py took 0.118 seconds
[2024-10-16T12:53:07.422+0000] {processor.py:186} INFO - Started process (PID=416) to work on /home/airflow/.local/lib/python3.12/site-packages/airflow/example_dags/example_workday_timetable.py
[2024-10-16T12:53:07.424+0000] {processor.py:914} INFO - Processing file /home/airflow/.local/lib/python3.12/site-packages/airflow/example_dags/example_workday_timetable.py for tasks to queue
[2024-10-16T12:53:07.426+0000] {logging_mixin.py:190} INFO - [2024-10-16T12:53:07.426+0000] {dagbag.py:588} INFO - Filling up the DagBag from /home/airflow/.local/lib/python3.12/site-packages/airflow/example_dags/example_workday_timetable.py
[2024-10-16T12:53:07.431+0000] {processor.py:925} INFO - DAG(s) 'example_workday_timetable' retrieved from /home/airflow/.local/lib/python3.12/site-packages/airflow/example_dags/example_workday_timetable.py
[2024-10-16T12:53:07.449+0000] {logging_mixin.py:190} INFO - [2024-10-16T12:53:07.449+0000] {dag.py:3239} INFO - Sync 1 DAGs
[2024-10-16T12:53:07.508+0000] {logging_mixin.py:190} INFO - [2024-10-16T12:53:07.507+0000] {dag.py:4180} INFO - Setting next_dagrun for example_workday_timetable to 2021-01-04 00:00:00+00:00, run_after=2021-01-05 00:00:00+00:00
[2024-10-16T12:53:07.531+0000] {processor.py:208} INFO - Processing /home/airflow/.local/lib/python3.12/site-packages/airflow/example_dags/example_workday_timetable.py took 0.116 seconds
[2024-10-16T12:53:38.123+0000] {processor.py:186} INFO - Started process (PID=478) to work on /home/airflow/.local/lib/python3.12/site-packages/airflow/example_dags/example_workday_timetable.py
[2024-10-16T12:53:38.124+0000] {processor.py:914} INFO - Processing file /home/airflow/.local/lib/python3.12/site-packages/airflow/example_dags/example_workday_timetable.py for tasks to queue
[2024-10-16T12:53:38.127+0000] {logging_mixin.py:190} INFO - [2024-10-16T12:53:38.126+0000] {dagbag.py:588} INFO - Filling up the DagBag from /home/airflow/.local/lib/python3.12/site-packages/airflow/example_dags/example_workday_timetable.py
[2024-10-16T12:53:38.131+0000] {processor.py:925} INFO - DAG(s) 'example_workday_timetable' retrieved from /home/airflow/.local/lib/python3.12/site-packages/airflow/example_dags/example_workday_timetable.py
[2024-10-16T12:53:38.148+0000] {logging_mixin.py:190} INFO - [2024-10-16T12:53:38.148+0000] {dag.py:3239} INFO - Sync 1 DAGs
[2024-10-16T12:53:38.198+0000] {logging_mixin.py:190} INFO - [2024-10-16T12:53:38.198+0000] {dag.py:4180} INFO - Setting next_dagrun for example_workday_timetable to 2021-01-04 00:00:00+00:00, run_after=2021-01-05 00:00:00+00:00
[2024-10-16T12:53:38.267+0000] {processor.py:208} INFO - Processing /home/airflow/.local/lib/python3.12/site-packages/airflow/example_dags/example_workday_timetable.py took 0.149 seconds
[2024-10-16T12:54:08.941+0000] {processor.py:186} INFO - Started process (PID=540) to work on /home/airflow/.local/lib/python3.12/site-packages/airflow/example_dags/example_workday_timetable.py
[2024-10-16T12:54:08.943+0000] {processor.py:914} INFO - Processing file /home/airflow/.local/lib/python3.12/site-packages/airflow/example_dags/example_workday_timetable.py for tasks to queue
[2024-10-16T12:54:08.946+0000] {logging_mixin.py:190} INFO - [2024-10-16T12:54:08.946+0000] {dagbag.py:588} INFO - Filling up the DagBag from /home/airflow/.local/lib/python3.12/site-packages/airflow/example_dags/example_workday_timetable.py
[2024-10-16T12:54:08.952+0000] {processor.py:925} INFO - DAG(s) 'example_workday_timetable' retrieved from /home/airflow/.local/lib/python3.12/site-packages/airflow/example_dags/example_workday_timetable.py
[2024-10-16T12:54:08.971+0000] {logging_mixin.py:190} INFO - [2024-10-16T12:54:08.971+0000] {dag.py:3239} INFO - Sync 1 DAGs
[2024-10-16T12:54:09.031+0000] {logging_mixin.py:190} INFO - [2024-10-16T12:54:09.031+0000] {dag.py:4180} INFO - Setting next_dagrun for example_workday_timetable to 2021-01-04 00:00:00+00:00, run_after=2021-01-05 00:00:00+00:00
[2024-10-16T12:54:09.050+0000] {processor.py:208} INFO - Processing /home/airflow/.local/lib/python3.12/site-packages/airflow/example_dags/example_workday_timetable.py took 0.115 seconds
[2024-10-16T12:54:41.569+0000] {processor.py:186} INFO - Started process (PID=602) to work on /home/airflow/.local/lib/python3.12/site-packages/airflow/example_dags/example_workday_timetable.py
[2024-10-16T12:54:41.572+0000] {processor.py:914} INFO - Processing file /home/airflow/.local/lib/python3.12/site-packages/airflow/example_dags/example_workday_timetable.py for tasks to queue
[2024-10-16T12:54:41.584+0000] {logging_mixin.py:190} INFO - [2024-10-16T12:54:41.580+0000] {dagbag.py:588} INFO - Filling up the DagBag from /home/airflow/.local/lib/python3.12/site-packages/airflow/example_dags/example_workday_timetable.py
[2024-10-16T12:54:41.592+0000] {processor.py:925} INFO - DAG(s) 'example_workday_timetable' retrieved from /home/airflow/.local/lib/python3.12/site-packages/airflow/example_dags/example_workday_timetable.py
[2024-10-16T12:54:41.634+0000] {logging_mixin.py:190} INFO - [2024-10-16T12:54:41.633+0000] {dag.py:3239} INFO - Sync 1 DAGs
[2024-10-16T12:54:41.804+0000] {logging_mixin.py:190} INFO - [2024-10-16T12:54:41.804+0000] {dag.py:4180} INFO - Setting next_dagrun for example_workday_timetable to 2021-01-04 00:00:00+00:00, run_after=2021-01-05 00:00:00+00:00
[2024-10-16T12:54:41.837+0000] {processor.py:208} INFO - Processing /home/airflow/.local/lib/python3.12/site-packages/airflow/example_dags/example_workday_timetable.py took 0.277 seconds
[2024-10-16T12:55:12.107+0000] {processor.py:186} INFO - Started process (PID=666) to work on /home/airflow/.local/lib/python3.12/site-packages/airflow/example_dags/example_workday_timetable.py
[2024-10-16T12:55:12.109+0000] {processor.py:914} INFO - Processing file /home/airflow/.local/lib/python3.12/site-packages/airflow/example_dags/example_workday_timetable.py for tasks to queue
[2024-10-16T12:55:12.112+0000] {logging_mixin.py:190} INFO - [2024-10-16T12:55:12.112+0000] {dagbag.py:588} INFO - Filling up the DagBag from /home/airflow/.local/lib/python3.12/site-packages/airflow/example_dags/example_workday_timetable.py
[2024-10-16T12:55:12.121+0000] {processor.py:925} INFO - DAG(s) 'example_workday_timetable' retrieved from /home/airflow/.local/lib/python3.12/site-packages/airflow/example_dags/example_workday_timetable.py
[2024-10-16T12:55:12.147+0000] {logging_mixin.py:190} INFO - [2024-10-16T12:55:12.147+0000] {dag.py:3239} INFO - Sync 1 DAGs
[2024-10-16T12:55:12.223+0000] {logging_mixin.py:190} INFO - [2024-10-16T12:55:12.222+0000] {dag.py:4180} INFO - Setting next_dagrun for example_workday_timetable to 2021-01-04 00:00:00+00:00, run_after=2021-01-05 00:00:00+00:00
[2024-10-16T12:55:12.252+0000] {processor.py:208} INFO - Processing /home/airflow/.local/lib/python3.12/site-packages/airflow/example_dags/example_workday_timetable.py took 0.155 seconds
[2024-10-16T12:55:42.321+0000] {processor.py:186} INFO - Started process (PID=728) to work on /home/airflow/.local/lib/python3.12/site-packages/airflow/example_dags/example_workday_timetable.py
[2024-10-16T12:55:42.322+0000] {processor.py:914} INFO - Processing file /home/airflow/.local/lib/python3.12/site-packages/airflow/example_dags/example_workday_timetable.py for tasks to queue
[2024-10-16T12:55:42.325+0000] {logging_mixin.py:190} INFO - [2024-10-16T12:55:42.324+0000] {dagbag.py:588} INFO - Filling up the DagBag from /home/airflow/.local/lib/python3.12/site-packages/airflow/example_dags/example_workday_timetable.py
[2024-10-16T12:55:42.330+0000] {processor.py:925} INFO - DAG(s) 'example_workday_timetable' retrieved from /home/airflow/.local/lib/python3.12/site-packages/airflow/example_dags/example_workday_timetable.py
[2024-10-16T12:55:42.349+0000] {logging_mixin.py:190} INFO - [2024-10-16T12:55:42.349+0000] {dag.py:3239} INFO - Sync 1 DAGs
[2024-10-16T12:55:42.403+0000] {logging_mixin.py:190} INFO - [2024-10-16T12:55:42.403+0000] {dag.py:4180} INFO - Setting next_dagrun for example_workday_timetable to 2021-01-04 00:00:00+00:00, run_after=2021-01-05 00:00:00+00:00
[2024-10-16T12:55:42.439+0000] {processor.py:208} INFO - Processing /home/airflow/.local/lib/python3.12/site-packages/airflow/example_dags/example_workday_timetable.py took 0.124 seconds
[2024-10-16T12:56:13.113+0000] {processor.py:186} INFO - Started process (PID=789) to work on /home/airflow/.local/lib/python3.12/site-packages/airflow/example_dags/example_workday_timetable.py
[2024-10-16T12:56:13.114+0000] {processor.py:914} INFO - Processing file /home/airflow/.local/lib/python3.12/site-packages/airflow/example_dags/example_workday_timetable.py for tasks to queue
[2024-10-16T12:56:13.117+0000] {logging_mixin.py:190} INFO - [2024-10-16T12:56:13.116+0000] {dagbag.py:588} INFO - Filling up the DagBag from /home/airflow/.local/lib/python3.12/site-packages/airflow/example_dags/example_workday_timetable.py
[2024-10-16T12:56:13.121+0000] {processor.py:925} INFO - DAG(s) 'example_workday_timetable' retrieved from /home/airflow/.local/lib/python3.12/site-packages/airflow/example_dags/example_workday_timetable.py
[2024-10-16T12:56:13.136+0000] {logging_mixin.py:190} INFO - [2024-10-16T12:56:13.136+0000] {dag.py:3239} INFO - Sync 1 DAGs
[2024-10-16T12:56:13.185+0000] {logging_mixin.py:190} INFO - [2024-10-16T12:56:13.185+0000] {dag.py:4180} INFO - Setting next_dagrun for example_workday_timetable to 2021-01-04 00:00:00+00:00, run_after=2021-01-05 00:00:00+00:00
[2024-10-16T12:56:13.207+0000] {processor.py:208} INFO - Processing /home/airflow/.local/lib/python3.12/site-packages/airflow/example_dags/example_workday_timetable.py took 0.099 seconds
[2024-10-16T12:56:43.563+0000] {processor.py:186} INFO - Started process (PID=851) to work on /home/airflow/.local/lib/python3.12/site-packages/airflow/example_dags/example_workday_timetable.py
[2024-10-16T12:56:43.564+0000] {processor.py:914} INFO - Processing file /home/airflow/.local/lib/python3.12/site-packages/airflow/example_dags/example_workday_timetable.py for tasks to queue
[2024-10-16T12:56:43.567+0000] {logging_mixin.py:190} INFO - [2024-10-16T12:56:43.566+0000] {dagbag.py:588} INFO - Filling up the DagBag from /home/airflow/.local/lib/python3.12/site-packages/airflow/example_dags/example_workday_timetable.py
[2024-10-16T12:56:43.572+0000] {processor.py:925} INFO - DAG(s) 'example_workday_timetable' retrieved from /home/airflow/.local/lib/python3.12/site-packages/airflow/example_dags/example_workday_timetable.py
[2024-10-16T12:56:43.591+0000] {logging_mixin.py:190} INFO - [2024-10-16T12:56:43.590+0000] {dag.py:3239} INFO - Sync 1 DAGs
[2024-10-16T12:56:43.641+0000] {logging_mixin.py:190} INFO - [2024-10-16T12:56:43.641+0000] {dag.py:4180} INFO - Setting next_dagrun for example_workday_timetable to 2021-01-04 00:00:00+00:00, run_after=2021-01-05 00:00:00+00:00
[2024-10-16T12:56:43.736+0000] {processor.py:208} INFO - Processing /home/airflow/.local/lib/python3.12/site-packages/airflow/example_dags/example_workday_timetable.py took 0.181 seconds
[2024-10-16T12:57:14.959+0000] {processor.py:186} INFO - Started process (PID=913) to work on /home/airflow/.local/lib/python3.12/site-packages/airflow/example_dags/example_workday_timetable.py
[2024-10-16T12:57:14.961+0000] {processor.py:914} INFO - Processing file /home/airflow/.local/lib/python3.12/site-packages/airflow/example_dags/example_workday_timetable.py for tasks to queue
[2024-10-16T12:57:14.966+0000] {logging_mixin.py:190} INFO - [2024-10-16T12:57:14.965+0000] {dagbag.py:588} INFO - Filling up the DagBag from /home/airflow/.local/lib/python3.12/site-packages/airflow/example_dags/example_workday_timetable.py
[2024-10-16T12:57:15.043+0000] {processor.py:925} INFO - DAG(s) 'example_workday_timetable' retrieved from /home/airflow/.local/lib/python3.12/site-packages/airflow/example_dags/example_workday_timetable.py
[2024-10-16T12:57:15.070+0000] {logging_mixin.py:190} INFO - [2024-10-16T12:57:15.070+0000] {dag.py:3239} INFO - Sync 1 DAGs
[2024-10-16T12:57:15.144+0000] {logging_mixin.py:190} INFO - [2024-10-16T12:57:15.143+0000] {dag.py:4180} INFO - Setting next_dagrun for example_workday_timetable to 2021-01-04 00:00:00+00:00, run_after=2021-01-05 00:00:00+00:00
[2024-10-16T12:57:15.179+0000] {processor.py:208} INFO - Processing /home/airflow/.local/lib/python3.12/site-packages/airflow/example_dags/example_workday_timetable.py took 0.230 seconds
[2024-10-16T12:57:46.118+0000] {processor.py:186} INFO - Started process (PID=975) to work on /home/airflow/.local/lib/python3.12/site-packages/airflow/example_dags/example_workday_timetable.py
[2024-10-16T12:57:46.119+0000] {processor.py:914} INFO - Processing file /home/airflow/.local/lib/python3.12/site-packages/airflow/example_dags/example_workday_timetable.py for tasks to queue
[2024-10-16T12:57:46.121+0000] {logging_mixin.py:190} INFO - [2024-10-16T12:57:46.121+0000] {dagbag.py:588} INFO - Filling up the DagBag from /home/airflow/.local/lib/python3.12/site-packages/airflow/example_dags/example_workday_timetable.py
[2024-10-16T12:57:46.126+0000] {processor.py:925} INFO - DAG(s) 'example_workday_timetable' retrieved from /home/airflow/.local/lib/python3.12/site-packages/airflow/example_dags/example_workday_timetable.py
[2024-10-16T12:57:46.147+0000] {logging_mixin.py:190} INFO - [2024-10-16T12:57:46.147+0000] {dag.py:3239} INFO - Sync 1 DAGs
[2024-10-16T12:57:46.194+0000] {logging_mixin.py:190} INFO - [2024-10-16T12:57:46.194+0000] {dag.py:4180} INFO - Setting next_dagrun for example_workday_timetable to 2021-01-04 00:00:00+00:00, run_after=2021-01-05 00:00:00+00:00
[2024-10-16T12:57:46.214+0000] {processor.py:208} INFO - Processing /home/airflow/.local/lib/python3.12/site-packages/airflow/example_dags/example_workday_timetable.py took 0.101 seconds
[2024-10-16T12:58:16.357+0000] {processor.py:186} INFO - Started process (PID=1038) to work on /home/airflow/.local/lib/python3.12/site-packages/airflow/example_dags/example_workday_timetable.py
[2024-10-16T12:58:16.358+0000] {processor.py:914} INFO - Processing file /home/airflow/.local/lib/python3.12/site-packages/airflow/example_dags/example_workday_timetable.py for tasks to queue
[2024-10-16T12:58:16.362+0000] {logging_mixin.py:190} INFO - [2024-10-16T12:58:16.361+0000] {dagbag.py:588} INFO - Filling up the DagBag from /home/airflow/.local/lib/python3.12/site-packages/airflow/example_dags/example_workday_timetable.py
[2024-10-16T12:58:16.369+0000] {processor.py:925} INFO - DAG(s) 'example_workday_timetable' retrieved from /home/airflow/.local/lib/python3.12/site-packages/airflow/example_dags/example_workday_timetable.py
[2024-10-16T12:58:16.392+0000] {logging_mixin.py:190} INFO - [2024-10-16T12:58:16.391+0000] {dag.py:3239} INFO - Sync 1 DAGs
[2024-10-16T12:58:16.469+0000] {logging_mixin.py:190} INFO - [2024-10-16T12:58:16.469+0000] {dag.py:4180} INFO - Setting next_dagrun for example_workday_timetable to 2021-01-04 00:00:00+00:00, run_after=2021-01-05 00:00:00+00:00
[2024-10-16T12:58:16.534+0000] {processor.py:208} INFO - Processing /home/airflow/.local/lib/python3.12/site-packages/airflow/example_dags/example_workday_timetable.py took 0.186 seconds
[2024-10-16T12:58:46.658+0000] {processor.py:186} INFO - Started process (PID=1100) to work on /home/airflow/.local/lib/python3.12/site-packages/airflow/example_dags/example_workday_timetable.py
[2024-10-16T12:58:46.659+0000] {processor.py:914} INFO - Processing file /home/airflow/.local/lib/python3.12/site-packages/airflow/example_dags/example_workday_timetable.py for tasks to queue
[2024-10-16T12:58:46.663+0000] {logging_mixin.py:190} INFO - [2024-10-16T12:58:46.662+0000] {dagbag.py:588} INFO - Filling up the DagBag from /home/airflow/.local/lib/python3.12/site-packages/airflow/example_dags/example_workday_timetable.py
[2024-10-16T12:58:46.673+0000] {processor.py:925} INFO - DAG(s) 'example_workday_timetable' retrieved from /home/airflow/.local/lib/python3.12/site-packages/airflow/example_dags/example_workday_timetable.py
[2024-10-16T12:58:46.701+0000] {logging_mixin.py:190} INFO - [2024-10-16T12:58:46.701+0000] {dag.py:3239} INFO - Sync 1 DAGs
[2024-10-16T12:58:46.771+0000] {logging_mixin.py:190} INFO - [2024-10-16T12:58:46.771+0000] {dag.py:4180} INFO - Setting next_dagrun for example_workday_timetable to 2021-01-04 00:00:00+00:00, run_after=2021-01-05 00:00:00+00:00
[2024-10-16T12:58:46.800+0000] {processor.py:208} INFO - Processing /home/airflow/.local/lib/python3.12/site-packages/airflow/example_dags/example_workday_timetable.py took 0.151 seconds
[2024-10-16T12:59:17.031+0000] {processor.py:186} INFO - Started process (PID=1168) to work on /home/airflow/.local/lib/python3.12/site-packages/airflow/example_dags/example_workday_timetable.py
[2024-10-16T12:59:17.032+0000] {processor.py:914} INFO - Processing file /home/airflow/.local/lib/python3.12/site-packages/airflow/example_dags/example_workday_timetable.py for tasks to queue
[2024-10-16T12:59:17.034+0000] {logging_mixin.py:190} INFO - [2024-10-16T12:59:17.034+0000] {dagbag.py:588} INFO - Filling up the DagBag from /home/airflow/.local/lib/python3.12/site-packages/airflow/example_dags/example_workday_timetable.py
[2024-10-16T12:59:17.038+0000] {processor.py:925} INFO - DAG(s) 'example_workday_timetable' retrieved from /home/airflow/.local/lib/python3.12/site-packages/airflow/example_dags/example_workday_timetable.py
[2024-10-16T12:59:17.054+0000] {logging_mixin.py:190} INFO - [2024-10-16T12:59:17.054+0000] {dag.py:3239} INFO - Sync 1 DAGs
[2024-10-16T12:59:17.098+0000] {logging_mixin.py:190} INFO - [2024-10-16T12:59:17.098+0000] {dag.py:4180} INFO - Setting next_dagrun for example_workday_timetable to 2021-01-04 00:00:00+00:00, run_after=2021-01-05 00:00:00+00:00
[2024-10-16T12:59:17.118+0000] {processor.py:208} INFO - Processing /home/airflow/.local/lib/python3.12/site-packages/airflow/example_dags/example_workday_timetable.py took 0.092 seconds
[2024-10-16T12:59:47.240+0000] {processor.py:186} INFO - Started process (PID=1230) to work on /home/airflow/.local/lib/python3.12/site-packages/airflow/example_dags/example_workday_timetable.py
[2024-10-16T12:59:47.241+0000] {processor.py:914} INFO - Processing file /home/airflow/.local/lib/python3.12/site-packages/airflow/example_dags/example_workday_timetable.py for tasks to queue
[2024-10-16T12:59:47.244+0000] {logging_mixin.py:190} INFO - [2024-10-16T12:59:47.244+0000] {dagbag.py:588} INFO - Filling up the DagBag from /home/airflow/.local/lib/python3.12/site-packages/airflow/example_dags/example_workday_timetable.py
[2024-10-16T12:59:47.251+0000] {processor.py:925} INFO - DAG(s) 'example_workday_timetable' retrieved from /home/airflow/.local/lib/python3.12/site-packages/airflow/example_dags/example_workday_timetable.py
[2024-10-16T12:59:47.271+0000] {logging_mixin.py:190} INFO - [2024-10-16T12:59:47.270+0000] {dag.py:3239} INFO - Sync 1 DAGs
[2024-10-16T12:59:47.327+0000] {logging_mixin.py:190} INFO - [2024-10-16T12:59:47.326+0000] {dag.py:4180} INFO - Setting next_dagrun for example_workday_timetable to 2021-01-04 00:00:00+00:00, run_after=2021-01-05 00:00:00+00:00
[2024-10-16T12:59:47.346+0000] {processor.py:208} INFO - Processing /home/airflow/.local/lib/python3.12/site-packages/airflow/example_dags/example_workday_timetable.py took 0.111 seconds
[2024-10-16T13:00:17.887+0000] {processor.py:186} INFO - Started process (PID=1293) to work on /home/airflow/.local/lib/python3.12/site-packages/airflow/example_dags/example_workday_timetable.py
[2024-10-16T13:00:17.888+0000] {processor.py:914} INFO - Processing file /home/airflow/.local/lib/python3.12/site-packages/airflow/example_dags/example_workday_timetable.py for tasks to queue
[2024-10-16T13:00:17.891+0000] {logging_mixin.py:190} INFO - [2024-10-16T13:00:17.891+0000] {dagbag.py:588} INFO - Filling up the DagBag from /home/airflow/.local/lib/python3.12/site-packages/airflow/example_dags/example_workday_timetable.py
[2024-10-16T13:00:17.900+0000] {processor.py:925} INFO - DAG(s) 'example_workday_timetable' retrieved from /home/airflow/.local/lib/python3.12/site-packages/airflow/example_dags/example_workday_timetable.py
[2024-10-16T13:00:17.927+0000] {logging_mixin.py:190} INFO - [2024-10-16T13:00:17.927+0000] {dag.py:3239} INFO - Sync 1 DAGs
[2024-10-16T13:00:18.005+0000] {logging_mixin.py:190} INFO - [2024-10-16T13:00:18.004+0000] {dag.py:4180} INFO - Setting next_dagrun for example_workday_timetable to 2021-01-04 00:00:00+00:00, run_after=2021-01-05 00:00:00+00:00
[2024-10-16T13:00:18.028+0000] {processor.py:208} INFO - Processing /home/airflow/.local/lib/python3.12/site-packages/airflow/example_dags/example_workday_timetable.py took 0.148 seconds
[2024-10-16T13:00:48.749+0000] {processor.py:186} INFO - Started process (PID=1355) to work on /home/airflow/.local/lib/python3.12/site-packages/airflow/example_dags/example_workday_timetable.py
[2024-10-16T13:00:48.752+0000] {processor.py:914} INFO - Processing file /home/airflow/.local/lib/python3.12/site-packages/airflow/example_dags/example_workday_timetable.py for tasks to queue
[2024-10-16T13:00:48.763+0000] {logging_mixin.py:190} INFO - [2024-10-16T13:00:48.762+0000] {dagbag.py:588} INFO - Filling up the DagBag from /home/airflow/.local/lib/python3.12/site-packages/airflow/example_dags/example_workday_timetable.py
[2024-10-16T13:00:48.769+0000] {processor.py:925} INFO - DAG(s) 'example_workday_timetable' retrieved from /home/airflow/.local/lib/python3.12/site-packages/airflow/example_dags/example_workday_timetable.py
[2024-10-16T13:00:48.800+0000] {logging_mixin.py:190} INFO - [2024-10-16T13:00:48.800+0000] {dag.py:3239} INFO - Sync 1 DAGs
[2024-10-16T13:00:48.856+0000] {logging_mixin.py:190} INFO - [2024-10-16T13:00:48.856+0000] {dag.py:4180} INFO - Setting next_dagrun for example_workday_timetable to 2021-01-04 00:00:00+00:00, run_after=2021-01-05 00:00:00+00:00
[2024-10-16T13:00:48.879+0000] {processor.py:208} INFO - Processing /home/airflow/.local/lib/python3.12/site-packages/airflow/example_dags/example_workday_timetable.py took 0.137 seconds
[2024-10-16T13:01:19.158+0000] {processor.py:186} INFO - Started process (PID=1417) to work on /home/airflow/.local/lib/python3.12/site-packages/airflow/example_dags/example_workday_timetable.py
[2024-10-16T13:01:19.160+0000] {processor.py:914} INFO - Processing file /home/airflow/.local/lib/python3.12/site-packages/airflow/example_dags/example_workday_timetable.py for tasks to queue
[2024-10-16T13:01:19.164+0000] {logging_mixin.py:190} INFO - [2024-10-16T13:01:19.163+0000] {dagbag.py:588} INFO - Filling up the DagBag from /home/airflow/.local/lib/python3.12/site-packages/airflow/example_dags/example_workday_timetable.py
[2024-10-16T13:01:19.170+0000] {processor.py:925} INFO - DAG(s) 'example_workday_timetable' retrieved from /home/airflow/.local/lib/python3.12/site-packages/airflow/example_dags/example_workday_timetable.py
[2024-10-16T13:01:19.189+0000] {logging_mixin.py:190} INFO - [2024-10-16T13:01:19.189+0000] {dag.py:3239} INFO - Sync 1 DAGs
[2024-10-16T13:01:19.246+0000] {logging_mixin.py:190} INFO - [2024-10-16T13:01:19.246+0000] {dag.py:4180} INFO - Setting next_dagrun for example_workday_timetable to 2021-01-04 00:00:00+00:00, run_after=2021-01-05 00:00:00+00:00
[2024-10-16T13:01:19.269+0000] {processor.py:208} INFO - Processing /home/airflow/.local/lib/python3.12/site-packages/airflow/example_dags/example_workday_timetable.py took 0.116 seconds
[2024-10-16T13:01:49.764+0000] {processor.py:186} INFO - Started process (PID=1478) to work on /home/airflow/.local/lib/python3.12/site-packages/airflow/example_dags/example_workday_timetable.py
[2024-10-16T13:01:49.765+0000] {processor.py:914} INFO - Processing file /home/airflow/.local/lib/python3.12/site-packages/airflow/example_dags/example_workday_timetable.py for tasks to queue
[2024-10-16T13:01:49.768+0000] {logging_mixin.py:190} INFO - [2024-10-16T13:01:49.768+0000] {dagbag.py:588} INFO - Filling up the DagBag from /home/airflow/.local/lib/python3.12/site-packages/airflow/example_dags/example_workday_timetable.py
[2024-10-16T13:01:49.773+0000] {processor.py:925} INFO - DAG(s) 'example_workday_timetable' retrieved from /home/airflow/.local/lib/python3.12/site-packages/airflow/example_dags/example_workday_timetable.py
[2024-10-16T13:01:49.792+0000] {logging_mixin.py:190} INFO - [2024-10-16T13:01:49.792+0000] {dag.py:3239} INFO - Sync 1 DAGs
[2024-10-16T13:01:49.846+0000] {logging_mixin.py:190} INFO - [2024-10-16T13:01:49.846+0000] {dag.py:4180} INFO - Setting next_dagrun for example_workday_timetable to 2021-01-04 00:00:00+00:00, run_after=2021-01-05 00:00:00+00:00
[2024-10-16T13:01:49.867+0000] {processor.py:208} INFO - Processing /home/airflow/.local/lib/python3.12/site-packages/airflow/example_dags/example_workday_timetable.py took 0.109 seconds
[2024-10-16T13:02:21.204+0000] {processor.py:186} INFO - Started process (PID=1541) to work on /home/airflow/.local/lib/python3.12/site-packages/airflow/example_dags/example_workday_timetable.py
[2024-10-16T13:02:21.206+0000] {processor.py:914} INFO - Processing file /home/airflow/.local/lib/python3.12/site-packages/airflow/example_dags/example_workday_timetable.py for tasks to queue
[2024-10-16T13:02:21.211+0000] {logging_mixin.py:190} INFO - [2024-10-16T13:02:21.211+0000] {dagbag.py:588} INFO - Filling up the DagBag from /home/airflow/.local/lib/python3.12/site-packages/airflow/example_dags/example_workday_timetable.py
[2024-10-16T13:02:21.220+0000] {processor.py:925} INFO - DAG(s) 'example_workday_timetable' retrieved from /home/airflow/.local/lib/python3.12/site-packages/airflow/example_dags/example_workday_timetable.py
[2024-10-16T13:02:21.254+0000] {logging_mixin.py:190} INFO - [2024-10-16T13:02:21.253+0000] {dag.py:3239} INFO - Sync 1 DAGs
[2024-10-16T13:02:21.356+0000] {logging_mixin.py:190} INFO - [2024-10-16T13:02:21.355+0000] {dag.py:4180} INFO - Setting next_dagrun for example_workday_timetable to 2021-01-04 00:00:00+00:00, run_after=2021-01-05 00:00:00+00:00
[2024-10-16T13:02:21.400+0000] {processor.py:208} INFO - Processing /home/airflow/.local/lib/python3.12/site-packages/airflow/example_dags/example_workday_timetable.py took 0.209 seconds
[2024-10-16T13:02:51.795+0000] {processor.py:186} INFO - Started process (PID=1603) to work on /home/airflow/.local/lib/python3.12/site-packages/airflow/example_dags/example_workday_timetable.py
[2024-10-16T13:02:51.797+0000] {processor.py:914} INFO - Processing file /home/airflow/.local/lib/python3.12/site-packages/airflow/example_dags/example_workday_timetable.py for tasks to queue
[2024-10-16T13:02:51.803+0000] {logging_mixin.py:190} INFO - [2024-10-16T13:02:51.802+0000] {dagbag.py:588} INFO - Filling up the DagBag from /home/airflow/.local/lib/python3.12/site-packages/airflow/example_dags/example_workday_timetable.py
[2024-10-16T13:02:51.813+0000] {processor.py:925} INFO - DAG(s) 'example_workday_timetable' retrieved from /home/airflow/.local/lib/python3.12/site-packages/airflow/example_dags/example_workday_timetable.py
[2024-10-16T13:02:51.848+0000] {logging_mixin.py:190} INFO - [2024-10-16T13:02:51.848+0000] {dag.py:3239} INFO - Sync 1 DAGs
[2024-10-16T13:02:51.955+0000] {logging_mixin.py:190} INFO - [2024-10-16T13:02:51.955+0000] {dag.py:4180} INFO - Setting next_dagrun for example_workday_timetable to 2021-01-04 00:00:00+00:00, run_after=2021-01-05 00:00:00+00:00
[2024-10-16T13:02:51.993+0000] {processor.py:208} INFO - Processing /home/airflow/.local/lib/python3.12/site-packages/airflow/example_dags/example_workday_timetable.py took 0.208 seconds
[2024-10-16T13:03:22.267+0000] {processor.py:186} INFO - Started process (PID=1666) to work on /home/airflow/.local/lib/python3.12/site-packages/airflow/example_dags/example_workday_timetable.py
[2024-10-16T13:03:22.268+0000] {processor.py:914} INFO - Processing file /home/airflow/.local/lib/python3.12/site-packages/airflow/example_dags/example_workday_timetable.py for tasks to queue
[2024-10-16T13:03:22.271+0000] {logging_mixin.py:190} INFO - [2024-10-16T13:03:22.270+0000] {dagbag.py:588} INFO - Filling up the DagBag from /home/airflow/.local/lib/python3.12/site-packages/airflow/example_dags/example_workday_timetable.py
[2024-10-16T13:03:22.277+0000] {processor.py:925} INFO - DAG(s) 'example_workday_timetable' retrieved from /home/airflow/.local/lib/python3.12/site-packages/airflow/example_dags/example_workday_timetable.py
[2024-10-16T13:03:22.296+0000] {logging_mixin.py:190} INFO - [2024-10-16T13:03:22.296+0000] {dag.py:3239} INFO - Sync 1 DAGs
[2024-10-16T13:03:22.354+0000] {logging_mixin.py:190} INFO - [2024-10-16T13:03:22.353+0000] {dag.py:4180} INFO - Setting next_dagrun for example_workday_timetable to 2021-01-04 00:00:00+00:00, run_after=2021-01-05 00:00:00+00:00
[2024-10-16T13:03:22.382+0000] {processor.py:208} INFO - Processing /home/airflow/.local/lib/python3.12/site-packages/airflow/example_dags/example_workday_timetable.py took 0.123 seconds
[2024-10-16T13:03:53.123+0000] {processor.py:186} INFO - Started process (PID=1728) to work on /home/airflow/.local/lib/python3.12/site-packages/airflow/example_dags/example_workday_timetable.py
[2024-10-16T13:03:53.124+0000] {processor.py:914} INFO - Processing file /home/airflow/.local/lib/python3.12/site-packages/airflow/example_dags/example_workday_timetable.py for tasks to queue
[2024-10-16T13:03:53.128+0000] {logging_mixin.py:190} INFO - [2024-10-16T13:03:53.127+0000] {dagbag.py:588} INFO - Filling up the DagBag from /home/airflow/.local/lib/python3.12/site-packages/airflow/example_dags/example_workday_timetable.py
[2024-10-16T13:03:53.135+0000] {processor.py:925} INFO - DAG(s) 'example_workday_timetable' retrieved from /home/airflow/.local/lib/python3.12/site-packages/airflow/example_dags/example_workday_timetable.py
[2024-10-16T13:03:53.160+0000] {logging_mixin.py:190} INFO - [2024-10-16T13:03:53.159+0000] {dag.py:3239} INFO - Sync 1 DAGs
[2024-10-16T13:03:53.248+0000] {logging_mixin.py:190} INFO - [2024-10-16T13:03:53.247+0000] {dag.py:4180} INFO - Setting next_dagrun for example_workday_timetable to 2021-01-04 00:00:00+00:00, run_after=2021-01-05 00:00:00+00:00
[2024-10-16T13:03:53.271+0000] {processor.py:208} INFO - Processing /home/airflow/.local/lib/python3.12/site-packages/airflow/example_dags/example_workday_timetable.py took 0.155 seconds
[2024-10-16T13:04:24.143+0000] {processor.py:186} INFO - Started process (PID=1790) to work on /home/airflow/.local/lib/python3.12/site-packages/airflow/example_dags/example_workday_timetable.py
[2024-10-16T13:04:24.144+0000] {processor.py:914} INFO - Processing file /home/airflow/.local/lib/python3.12/site-packages/airflow/example_dags/example_workday_timetable.py for tasks to queue
[2024-10-16T13:04:24.148+0000] {logging_mixin.py:190} INFO - [2024-10-16T13:04:24.147+0000] {dagbag.py:588} INFO - Filling up the DagBag from /home/airflow/.local/lib/python3.12/site-packages/airflow/example_dags/example_workday_timetable.py
[2024-10-16T13:04:24.154+0000] {processor.py:925} INFO - DAG(s) 'example_workday_timetable' retrieved from /home/airflow/.local/lib/python3.12/site-packages/airflow/example_dags/example_workday_timetable.py
[2024-10-16T13:04:24.179+0000] {logging_mixin.py:190} INFO - [2024-10-16T13:04:24.179+0000] {dag.py:3239} INFO - Sync 1 DAGs
[2024-10-16T13:04:24.258+0000] {logging_mixin.py:190} INFO - [2024-10-16T13:04:24.258+0000] {dag.py:4180} INFO - Setting next_dagrun for example_workday_timetable to 2021-01-04 00:00:00+00:00, run_after=2021-01-05 00:00:00+00:00
[2024-10-16T13:04:24.290+0000] {processor.py:208} INFO - Processing /home/airflow/.local/lib/python3.12/site-packages/airflow/example_dags/example_workday_timetable.py took 0.154 seconds
[2024-10-16T13:08:08.174+0000] {processor.py:186} INFO - Started process (PID=106) to work on /home/airflow/.local/lib/python3.12/site-packages/airflow/example_dags/example_workday_timetable.py
[2024-10-16T13:08:08.179+0000] {processor.py:914} INFO - Processing file /home/airflow/.local/lib/python3.12/site-packages/airflow/example_dags/example_workday_timetable.py for tasks to queue
[2024-10-16T13:08:08.183+0000] {logging_mixin.py:190} INFO - [2024-10-16T13:08:08.182+0000] {dagbag.py:588} INFO - Filling up the DagBag from /home/airflow/.local/lib/python3.12/site-packages/airflow/example_dags/example_workday_timetable.py
[2024-10-16T13:08:08.199+0000] {processor.py:925} INFO - DAG(s) 'example_workday_timetable' retrieved from /home/airflow/.local/lib/python3.12/site-packages/airflow/example_dags/example_workday_timetable.py
[2024-10-16T13:08:08.337+0000] {logging_mixin.py:190} INFO - [2024-10-16T13:08:08.336+0000] {override.py:1900} INFO - Created Permission View: can read on DAG:example_workday_timetable
[2024-10-16T13:08:08.348+0000] {logging_mixin.py:190} INFO - [2024-10-16T13:08:08.348+0000] {override.py:1900} INFO - Created Permission View: can delete on DAG:example_workday_timetable
[2024-10-16T13:08:08.358+0000] {logging_mixin.py:190} INFO - [2024-10-16T13:08:08.358+0000] {override.py:1900} INFO - Created Permission View: can edit on DAG:example_workday_timetable
[2024-10-16T13:08:08.366+0000] {logging_mixin.py:190} INFO - [2024-10-16T13:08:08.366+0000] {override.py:1900} INFO - Created Permission View: can create on DAG Run:example_workday_timetable
[2024-10-16T13:08:08.373+0000] {logging_mixin.py:190} INFO - [2024-10-16T13:08:08.373+0000] {override.py:1900} INFO - Created Permission View: menu access on DAG Run:example_workday_timetable
[2024-10-16T13:08:08.382+0000] {logging_mixin.py:190} INFO - [2024-10-16T13:08:08.382+0000] {override.py:1900} INFO - Created Permission View: can read on DAG Run:example_workday_timetable
[2024-10-16T13:08:08.390+0000] {logging_mixin.py:190} INFO - [2024-10-16T13:08:08.390+0000] {override.py:1900} INFO - Created Permission View: can delete on DAG Run:example_workday_timetable
[2024-10-16T13:08:08.391+0000] {logging_mixin.py:190} INFO - [2024-10-16T13:08:08.391+0000] {dag.py:3239} INFO - Sync 1 DAGs
[2024-10-16T13:08:08.406+0000] {logging_mixin.py:190} INFO - [2024-10-16T13:08:08.406+0000] {dag.py:3262} INFO - Creating ORM DAG for example_workday_timetable
[2024-10-16T13:08:08.461+0000] {logging_mixin.py:190} INFO - [2024-10-16T13:08:08.460+0000] {dag.py:4180} INFO - Setting next_dagrun for example_workday_timetable to 2021-01-04 00:00:00+00:00, run_after=2021-01-05 00:00:00+00:00
[2024-10-16T13:08:08.480+0000] {processor.py:208} INFO - Processing /home/airflow/.local/lib/python3.12/site-packages/airflow/example_dags/example_workday_timetable.py took 0.314 seconds
[2024-10-16T13:08:38.973+0000] {processor.py:186} INFO - Started process (PID=169) to work on /home/airflow/.local/lib/python3.12/site-packages/airflow/example_dags/example_workday_timetable.py
[2024-10-16T13:08:38.974+0000] {processor.py:914} INFO - Processing file /home/airflow/.local/lib/python3.12/site-packages/airflow/example_dags/example_workday_timetable.py for tasks to queue
[2024-10-16T13:08:38.978+0000] {logging_mixin.py:190} INFO - [2024-10-16T13:08:38.977+0000] {dagbag.py:588} INFO - Filling up the DagBag from /home/airflow/.local/lib/python3.12/site-packages/airflow/example_dags/example_workday_timetable.py
[2024-10-16T13:08:38.983+0000] {processor.py:925} INFO - DAG(s) 'example_workday_timetable' retrieved from /home/airflow/.local/lib/python3.12/site-packages/airflow/example_dags/example_workday_timetable.py
[2024-10-16T13:08:39.006+0000] {logging_mixin.py:190} INFO - [2024-10-16T13:08:39.005+0000] {dag.py:3239} INFO - Sync 1 DAGs
[2024-10-16T13:08:39.108+0000] {logging_mixin.py:190} INFO - [2024-10-16T13:08:39.108+0000] {dag.py:4180} INFO - Setting next_dagrun for example_workday_timetable to 2021-01-04 00:00:00+00:00, run_after=2021-01-05 00:00:00+00:00
[2024-10-16T13:08:39.142+0000] {processor.py:208} INFO - Processing /home/airflow/.local/lib/python3.12/site-packages/airflow/example_dags/example_workday_timetable.py took 0.175 seconds
[2024-10-16T13:09:09.404+0000] {processor.py:186} INFO - Started process (PID=232) to work on /home/airflow/.local/lib/python3.12/site-packages/airflow/example_dags/example_workday_timetable.py
[2024-10-16T13:09:09.405+0000] {processor.py:914} INFO - Processing file /home/airflow/.local/lib/python3.12/site-packages/airflow/example_dags/example_workday_timetable.py for tasks to queue
[2024-10-16T13:09:09.407+0000] {logging_mixin.py:190} INFO - [2024-10-16T13:09:09.407+0000] {dagbag.py:588} INFO - Filling up the DagBag from /home/airflow/.local/lib/python3.12/site-packages/airflow/example_dags/example_workday_timetable.py
[2024-10-16T13:09:09.412+0000] {processor.py:925} INFO - DAG(s) 'example_workday_timetable' retrieved from /home/airflow/.local/lib/python3.12/site-packages/airflow/example_dags/example_workday_timetable.py
[2024-10-16T13:09:09.435+0000] {logging_mixin.py:190} INFO - [2024-10-16T13:09:09.435+0000] {dag.py:3239} INFO - Sync 1 DAGs
[2024-10-16T13:09:09.490+0000] {logging_mixin.py:190} INFO - [2024-10-16T13:09:09.489+0000] {dag.py:4180} INFO - Setting next_dagrun for example_workday_timetable to 2021-01-04 00:00:00+00:00, run_after=2021-01-05 00:00:00+00:00
[2024-10-16T13:09:09.505+0000] {processor.py:208} INFO - Processing /home/airflow/.local/lib/python3.12/site-packages/airflow/example_dags/example_workday_timetable.py took 0.106 seconds
[2024-10-16T13:09:39.752+0000] {processor.py:186} INFO - Started process (PID=295) to work on /home/airflow/.local/lib/python3.12/site-packages/airflow/example_dags/example_workday_timetable.py
[2024-10-16T13:09:39.753+0000] {processor.py:914} INFO - Processing file /home/airflow/.local/lib/python3.12/site-packages/airflow/example_dags/example_workday_timetable.py for tasks to queue
[2024-10-16T13:09:39.756+0000] {logging_mixin.py:190} INFO - [2024-10-16T13:09:39.756+0000] {dagbag.py:588} INFO - Filling up the DagBag from /home/airflow/.local/lib/python3.12/site-packages/airflow/example_dags/example_workday_timetable.py
[2024-10-16T13:09:39.772+0000] {processor.py:925} INFO - DAG(s) 'example_workday_timetable' retrieved from /home/airflow/.local/lib/python3.12/site-packages/airflow/example_dags/example_workday_timetable.py
[2024-10-16T13:09:39.810+0000] {logging_mixin.py:190} INFO - [2024-10-16T13:09:39.810+0000] {dag.py:3239} INFO - Sync 1 DAGs
[2024-10-16T13:09:39.862+0000] {logging_mixin.py:190} INFO - [2024-10-16T13:09:39.862+0000] {dag.py:4180} INFO - Setting next_dagrun for example_workday_timetable to 2021-01-04 00:00:00+00:00, run_after=2021-01-05 00:00:00+00:00
[2024-10-16T13:09:39.884+0000] {processor.py:208} INFO - Processing /home/airflow/.local/lib/python3.12/site-packages/airflow/example_dags/example_workday_timetable.py took 0.138 seconds
[2024-10-16T13:10:10.169+0000] {processor.py:186} INFO - Started process (PID=358) to work on /home/airflow/.local/lib/python3.12/site-packages/airflow/example_dags/example_workday_timetable.py
[2024-10-16T13:10:10.171+0000] {processor.py:914} INFO - Processing file /home/airflow/.local/lib/python3.12/site-packages/airflow/example_dags/example_workday_timetable.py for tasks to queue
[2024-10-16T13:10:10.173+0000] {logging_mixin.py:190} INFO - [2024-10-16T13:10:10.173+0000] {dagbag.py:588} INFO - Filling up the DagBag from /home/airflow/.local/lib/python3.12/site-packages/airflow/example_dags/example_workday_timetable.py
[2024-10-16T13:10:10.179+0000] {processor.py:925} INFO - DAG(s) 'example_workday_timetable' retrieved from /home/airflow/.local/lib/python3.12/site-packages/airflow/example_dags/example_workday_timetable.py
[2024-10-16T13:10:10.200+0000] {logging_mixin.py:190} INFO - [2024-10-16T13:10:10.199+0000] {dag.py:3239} INFO - Sync 1 DAGs
[2024-10-16T13:10:10.266+0000] {logging_mixin.py:190} INFO - [2024-10-16T13:10:10.266+0000] {dag.py:4180} INFO - Setting next_dagrun for example_workday_timetable to 2021-01-04 00:00:00+00:00, run_after=2021-01-05 00:00:00+00:00
[2024-10-16T13:10:10.296+0000] {processor.py:208} INFO - Processing /home/airflow/.local/lib/python3.12/site-packages/airflow/example_dags/example_workday_timetable.py took 0.133 seconds
[2024-10-16T13:10:41.070+0000] {processor.py:186} INFO - Started process (PID=421) to work on /home/airflow/.local/lib/python3.12/site-packages/airflow/example_dags/example_workday_timetable.py
[2024-10-16T13:10:41.071+0000] {processor.py:914} INFO - Processing file /home/airflow/.local/lib/python3.12/site-packages/airflow/example_dags/example_workday_timetable.py for tasks to queue
[2024-10-16T13:10:41.073+0000] {logging_mixin.py:190} INFO - [2024-10-16T13:10:41.073+0000] {dagbag.py:588} INFO - Filling up the DagBag from /home/airflow/.local/lib/python3.12/site-packages/airflow/example_dags/example_workday_timetable.py
[2024-10-16T13:10:41.079+0000] {processor.py:925} INFO - DAG(s) 'example_workday_timetable' retrieved from /home/airflow/.local/lib/python3.12/site-packages/airflow/example_dags/example_workday_timetable.py
[2024-10-16T13:10:41.096+0000] {logging_mixin.py:190} INFO - [2024-10-16T13:10:41.096+0000] {dag.py:3239} INFO - Sync 1 DAGs
[2024-10-16T13:10:41.160+0000] {logging_mixin.py:190} INFO - [2024-10-16T13:10:41.160+0000] {dag.py:4180} INFO - Setting next_dagrun for example_workday_timetable to 2021-01-04 00:00:00+00:00, run_after=2021-01-05 00:00:00+00:00
[2024-10-16T13:10:41.183+0000] {processor.py:208} INFO - Processing /home/airflow/.local/lib/python3.12/site-packages/airflow/example_dags/example_workday_timetable.py took 0.118 seconds
[2024-10-16T13:11:11.778+0000] {processor.py:186} INFO - Started process (PID=484) to work on /home/airflow/.local/lib/python3.12/site-packages/airflow/example_dags/example_workday_timetable.py
[2024-10-16T13:11:11.779+0000] {processor.py:914} INFO - Processing file /home/airflow/.local/lib/python3.12/site-packages/airflow/example_dags/example_workday_timetable.py for tasks to queue
[2024-10-16T13:11:11.783+0000] {logging_mixin.py:190} INFO - [2024-10-16T13:11:11.782+0000] {dagbag.py:588} INFO - Filling up the DagBag from /home/airflow/.local/lib/python3.12/site-packages/airflow/example_dags/example_workday_timetable.py
[2024-10-16T13:11:11.788+0000] {processor.py:925} INFO - DAG(s) 'example_workday_timetable' retrieved from /home/airflow/.local/lib/python3.12/site-packages/airflow/example_dags/example_workday_timetable.py
[2024-10-16T13:11:11.808+0000] {logging_mixin.py:190} INFO - [2024-10-16T13:11:11.808+0000] {dag.py:3239} INFO - Sync 1 DAGs
[2024-10-16T13:11:11.884+0000] {logging_mixin.py:190} INFO - [2024-10-16T13:11:11.883+0000] {dag.py:4180} INFO - Setting next_dagrun for example_workday_timetable to 2021-01-04 00:00:00+00:00, run_after=2021-01-05 00:00:00+00:00
[2024-10-16T13:11:11.917+0000] {processor.py:208} INFO - Processing /home/airflow/.local/lib/python3.12/site-packages/airflow/example_dags/example_workday_timetable.py took 0.144 seconds
[2024-10-16T13:12:48.085+0000] {processor.py:186} INFO - Started process (PID=105) to work on /home/airflow/.local/lib/python3.12/site-packages/airflow/example_dags/example_workday_timetable.py
[2024-10-16T13:12:48.086+0000] {processor.py:914} INFO - Processing file /home/airflow/.local/lib/python3.12/site-packages/airflow/example_dags/example_workday_timetable.py for tasks to queue
[2024-10-16T13:12:48.093+0000] {logging_mixin.py:190} INFO - [2024-10-16T13:12:48.091+0000] {dagbag.py:588} INFO - Filling up the DagBag from /home/airflow/.local/lib/python3.12/site-packages/airflow/example_dags/example_workday_timetable.py
[2024-10-16T13:12:48.109+0000] {processor.py:925} INFO - DAG(s) 'example_workday_timetable' retrieved from /home/airflow/.local/lib/python3.12/site-packages/airflow/example_dags/example_workday_timetable.py
[2024-10-16T13:12:48.241+0000] {logging_mixin.py:190} INFO - [2024-10-16T13:12:48.241+0000] {override.py:1900} INFO - Created Permission View: can read on DAG:example_workday_timetable
[2024-10-16T13:12:48.251+0000] {logging_mixin.py:190} INFO - [2024-10-16T13:12:48.251+0000] {override.py:1900} INFO - Created Permission View: can edit on DAG:example_workday_timetable
[2024-10-16T13:12:48.259+0000] {logging_mixin.py:190} INFO - [2024-10-16T13:12:48.259+0000] {override.py:1900} INFO - Created Permission View: can delete on DAG:example_workday_timetable
[2024-10-16T13:12:48.266+0000] {logging_mixin.py:190} INFO - [2024-10-16T13:12:48.266+0000] {override.py:1900} INFO - Created Permission View: can read on DAG Run:example_workday_timetable
[2024-10-16T13:12:48.273+0000] {logging_mixin.py:190} INFO - [2024-10-16T13:12:48.273+0000] {override.py:1900} INFO - Created Permission View: menu access on DAG Run:example_workday_timetable
[2024-10-16T13:12:48.281+0000] {logging_mixin.py:190} INFO - [2024-10-16T13:12:48.281+0000] {override.py:1900} INFO - Created Permission View: can delete on DAG Run:example_workday_timetable
[2024-10-16T13:12:48.289+0000] {logging_mixin.py:190} INFO - [2024-10-16T13:12:48.289+0000] {override.py:1900} INFO - Created Permission View: can create on DAG Run:example_workday_timetable
[2024-10-16T13:12:48.290+0000] {logging_mixin.py:190} INFO - [2024-10-16T13:12:48.290+0000] {dag.py:3239} INFO - Sync 1 DAGs
[2024-10-16T13:12:48.302+0000] {logging_mixin.py:190} INFO - [2024-10-16T13:12:48.302+0000] {dag.py:3262} INFO - Creating ORM DAG for example_workday_timetable
[2024-10-16T13:12:48.353+0000] {logging_mixin.py:190} INFO - [2024-10-16T13:12:48.353+0000] {dag.py:4180} INFO - Setting next_dagrun for example_workday_timetable to 2021-01-04 00:00:00+00:00, run_after=2021-01-05 00:00:00+00:00
[2024-10-16T13:12:48.379+0000] {processor.py:208} INFO - Processing /home/airflow/.local/lib/python3.12/site-packages/airflow/example_dags/example_workday_timetable.py took 0.300 seconds
[2024-10-16T13:13:18.794+0000] {processor.py:186} INFO - Started process (PID=168) to work on /home/airflow/.local/lib/python3.12/site-packages/airflow/example_dags/example_workday_timetable.py
[2024-10-16T13:13:18.795+0000] {processor.py:914} INFO - Processing file /home/airflow/.local/lib/python3.12/site-packages/airflow/example_dags/example_workday_timetable.py for tasks to queue
[2024-10-16T13:13:18.798+0000] {logging_mixin.py:190} INFO - [2024-10-16T13:13:18.797+0000] {dagbag.py:588} INFO - Filling up the DagBag from /home/airflow/.local/lib/python3.12/site-packages/airflow/example_dags/example_workday_timetable.py
[2024-10-16T13:13:18.805+0000] {processor.py:925} INFO - DAG(s) 'example_workday_timetable' retrieved from /home/airflow/.local/lib/python3.12/site-packages/airflow/example_dags/example_workday_timetable.py
[2024-10-16T13:13:18.829+0000] {logging_mixin.py:190} INFO - [2024-10-16T13:13:18.828+0000] {dag.py:3239} INFO - Sync 1 DAGs
[2024-10-16T13:13:18.922+0000] {logging_mixin.py:190} INFO - [2024-10-16T13:13:18.921+0000] {dag.py:4180} INFO - Setting next_dagrun for example_workday_timetable to 2021-01-04 00:00:00+00:00, run_after=2021-01-05 00:00:00+00:00
[2024-10-16T13:13:18.950+0000] {processor.py:208} INFO - Processing /home/airflow/.local/lib/python3.12/site-packages/airflow/example_dags/example_workday_timetable.py took 0.163 seconds
[2024-10-16T13:14:49.343+0000] {processor.py:186} INFO - Started process (PID=107) to work on /home/airflow/.local/lib/python3.12/site-packages/airflow/example_dags/example_workday_timetable.py
[2024-10-16T13:14:49.344+0000] {processor.py:914} INFO - Processing file /home/airflow/.local/lib/python3.12/site-packages/airflow/example_dags/example_workday_timetable.py for tasks to queue
[2024-10-16T13:14:49.346+0000] {logging_mixin.py:190} INFO - [2024-10-16T13:14:49.346+0000] {dagbag.py:588} INFO - Filling up the DagBag from /home/airflow/.local/lib/python3.12/site-packages/airflow/example_dags/example_workday_timetable.py
[2024-10-16T13:14:49.356+0000] {processor.py:925} INFO - DAG(s) 'example_workday_timetable' retrieved from /home/airflow/.local/lib/python3.12/site-packages/airflow/example_dags/example_workday_timetable.py
[2024-10-16T13:14:49.469+0000] {logging_mixin.py:190} INFO - [2024-10-16T13:14:49.468+0000] {override.py:1900} INFO - Created Permission View: can read on DAG:example_workday_timetable
[2024-10-16T13:14:49.487+0000] {logging_mixin.py:190} INFO - [2024-10-16T13:14:49.486+0000] {override.py:1900} INFO - Created Permission View: can delete on DAG:example_workday_timetable
[2024-10-16T13:14:49.496+0000] {logging_mixin.py:190} INFO - [2024-10-16T13:14:49.495+0000] {override.py:1900} INFO - Created Permission View: can edit on DAG:example_workday_timetable
[2024-10-16T13:14:49.505+0000] {logging_mixin.py:190} INFO - [2024-10-16T13:14:49.505+0000] {override.py:1900} INFO - Created Permission View: can read on DAG Run:example_workday_timetable
[2024-10-16T13:14:49.513+0000] {logging_mixin.py:190} INFO - [2024-10-16T13:14:49.513+0000] {override.py:1900} INFO - Created Permission View: can create on DAG Run:example_workday_timetable
[2024-10-16T13:14:49.520+0000] {logging_mixin.py:190} INFO - [2024-10-16T13:14:49.519+0000] {override.py:1900} INFO - Created Permission View: can delete on DAG Run:example_workday_timetable
[2024-10-16T13:14:49.527+0000] {logging_mixin.py:190} INFO - [2024-10-16T13:14:49.527+0000] {override.py:1900} INFO - Created Permission View: menu access on DAG Run:example_workday_timetable
[2024-10-16T13:14:49.528+0000] {logging_mixin.py:190} INFO - [2024-10-16T13:14:49.528+0000] {dag.py:3239} INFO - Sync 1 DAGs
[2024-10-16T13:14:49.542+0000] {logging_mixin.py:190} INFO - [2024-10-16T13:14:49.541+0000] {dag.py:3262} INFO - Creating ORM DAG for example_workday_timetable
[2024-10-16T13:14:49.592+0000] {logging_mixin.py:190} INFO - [2024-10-16T13:14:49.592+0000] {dag.py:4180} INFO - Setting next_dagrun for example_workday_timetable to 2021-01-04 00:00:00+00:00, run_after=2021-01-05 00:00:00+00:00
[2024-10-16T13:14:49.614+0000] {processor.py:208} INFO - Processing /home/airflow/.local/lib/python3.12/site-packages/airflow/example_dags/example_workday_timetable.py took 0.279 seconds
[2024-10-16T13:16:18.732+0000] {processor.py:186} INFO - Started process (PID=106) to work on /home/airflow/.local/lib/python3.12/site-packages/airflow/example_dags/example_workday_timetable.py
[2024-10-16T13:16:18.733+0000] {processor.py:914} INFO - Processing file /home/airflow/.local/lib/python3.12/site-packages/airflow/example_dags/example_workday_timetable.py for tasks to queue
[2024-10-16T13:16:18.735+0000] {logging_mixin.py:190} INFO - [2024-10-16T13:16:18.735+0000] {dagbag.py:588} INFO - Filling up the DagBag from /home/airflow/.local/lib/python3.12/site-packages/airflow/example_dags/example_workday_timetable.py
[2024-10-16T13:16:18.739+0000] {processor.py:925} INFO - DAG(s) 'example_workday_timetable' retrieved from /home/airflow/.local/lib/python3.12/site-packages/airflow/example_dags/example_workday_timetable.py
[2024-10-16T13:16:18.830+0000] {logging_mixin.py:190} INFO - [2024-10-16T13:16:18.830+0000] {override.py:1900} INFO - Created Permission View: can edit on DAG:example_workday_timetable
[2024-10-16T13:16:18.838+0000] {logging_mixin.py:190} INFO - [2024-10-16T13:16:18.838+0000] {override.py:1900} INFO - Created Permission View: can read on DAG:example_workday_timetable
[2024-10-16T13:16:18.844+0000] {logging_mixin.py:190} INFO - [2024-10-16T13:16:18.843+0000] {override.py:1900} INFO - Created Permission View: can delete on DAG:example_workday_timetable
[2024-10-16T13:16:18.850+0000] {logging_mixin.py:190} INFO - [2024-10-16T13:16:18.849+0000] {override.py:1900} INFO - Created Permission View: menu access on DAG Run:example_workday_timetable
[2024-10-16T13:16:18.855+0000] {logging_mixin.py:190} INFO - [2024-10-16T13:16:18.855+0000] {override.py:1900} INFO - Created Permission View: can read on DAG Run:example_workday_timetable
[2024-10-16T13:16:18.860+0000] {logging_mixin.py:190} INFO - [2024-10-16T13:16:18.860+0000] {override.py:1900} INFO - Created Permission View: can create on DAG Run:example_workday_timetable
[2024-10-16T13:16:18.864+0000] {logging_mixin.py:190} INFO - [2024-10-16T13:16:18.864+0000] {override.py:1900} INFO - Created Permission View: can delete on DAG Run:example_workday_timetable
[2024-10-16T13:16:18.865+0000] {logging_mixin.py:190} INFO - [2024-10-16T13:16:18.865+0000] {dag.py:3239} INFO - Sync 1 DAGs
[2024-10-16T13:16:18.875+0000] {logging_mixin.py:190} INFO - [2024-10-16T13:16:18.875+0000] {dag.py:3262} INFO - Creating ORM DAG for example_workday_timetable
[2024-10-16T13:16:18.911+0000] {logging_mixin.py:190} INFO - [2024-10-16T13:16:18.911+0000] {dag.py:4180} INFO - Setting next_dagrun for example_workday_timetable to 2021-01-04 00:00:00+00:00, run_after=2021-01-05 00:00:00+00:00
[2024-10-16T13:16:18.947+0000] {processor.py:208} INFO - Processing /home/airflow/.local/lib/python3.12/site-packages/airflow/example_dags/example_workday_timetable.py took 0.220 seconds
[2024-10-16T13:16:49.153+0000] {processor.py:186} INFO - Started process (PID=169) to work on /home/airflow/.local/lib/python3.12/site-packages/airflow/example_dags/example_workday_timetable.py
[2024-10-16T13:16:49.155+0000] {processor.py:914} INFO - Processing file /home/airflow/.local/lib/python3.12/site-packages/airflow/example_dags/example_workday_timetable.py for tasks to queue
[2024-10-16T13:16:49.158+0000] {logging_mixin.py:190} INFO - [2024-10-16T13:16:49.157+0000] {dagbag.py:588} INFO - Filling up the DagBag from /home/airflow/.local/lib/python3.12/site-packages/airflow/example_dags/example_workday_timetable.py
[2024-10-16T13:16:49.166+0000] {processor.py:925} INFO - DAG(s) 'example_workday_timetable' retrieved from /home/airflow/.local/lib/python3.12/site-packages/airflow/example_dags/example_workday_timetable.py
[2024-10-16T13:16:49.191+0000] {logging_mixin.py:190} INFO - [2024-10-16T13:16:49.190+0000] {dag.py:3239} INFO - Sync 1 DAGs
[2024-10-16T13:16:49.268+0000] {logging_mixin.py:190} INFO - [2024-10-16T13:16:49.268+0000] {dag.py:4180} INFO - Setting next_dagrun for example_workday_timetable to 2021-01-04 00:00:00+00:00, run_after=2021-01-05 00:00:00+00:00
[2024-10-16T13:16:49.302+0000] {processor.py:208} INFO - Processing /home/airflow/.local/lib/python3.12/site-packages/airflow/example_dags/example_workday_timetable.py took 0.155 seconds
[2024-10-16T13:17:19.837+0000] {processor.py:186} INFO - Started process (PID=232) to work on /home/airflow/.local/lib/python3.12/site-packages/airflow/example_dags/example_workday_timetable.py
[2024-10-16T13:17:19.838+0000] {processor.py:914} INFO - Processing file /home/airflow/.local/lib/python3.12/site-packages/airflow/example_dags/example_workday_timetable.py for tasks to queue
[2024-10-16T13:17:19.840+0000] {logging_mixin.py:190} INFO - [2024-10-16T13:17:19.840+0000] {dagbag.py:588} INFO - Filling up the DagBag from /home/airflow/.local/lib/python3.12/site-packages/airflow/example_dags/example_workday_timetable.py
[2024-10-16T13:17:19.845+0000] {processor.py:925} INFO - DAG(s) 'example_workday_timetable' retrieved from /home/airflow/.local/lib/python3.12/site-packages/airflow/example_dags/example_workday_timetable.py
[2024-10-16T13:17:19.866+0000] {logging_mixin.py:190} INFO - [2024-10-16T13:17:19.866+0000] {dag.py:3239} INFO - Sync 1 DAGs
[2024-10-16T13:17:19.930+0000] {logging_mixin.py:190} INFO - [2024-10-16T13:17:19.930+0000] {dag.py:4180} INFO - Setting next_dagrun for example_workday_timetable to 2021-01-04 00:00:00+00:00, run_after=2021-01-05 00:00:00+00:00
[2024-10-16T13:17:19.957+0000] {processor.py:208} INFO - Processing /home/airflow/.local/lib/python3.12/site-packages/airflow/example_dags/example_workday_timetable.py took 0.127 seconds
[2024-10-16T13:17:50.420+0000] {processor.py:186} INFO - Started process (PID=295) to work on /home/airflow/.local/lib/python3.12/site-packages/airflow/example_dags/example_workday_timetable.py
[2024-10-16T13:17:50.421+0000] {processor.py:914} INFO - Processing file /home/airflow/.local/lib/python3.12/site-packages/airflow/example_dags/example_workday_timetable.py for tasks to queue
[2024-10-16T13:17:50.424+0000] {logging_mixin.py:190} INFO - [2024-10-16T13:17:50.424+0000] {dagbag.py:588} INFO - Filling up the DagBag from /home/airflow/.local/lib/python3.12/site-packages/airflow/example_dags/example_workday_timetable.py
[2024-10-16T13:17:50.429+0000] {processor.py:925} INFO - DAG(s) 'example_workday_timetable' retrieved from /home/airflow/.local/lib/python3.12/site-packages/airflow/example_dags/example_workday_timetable.py
[2024-10-16T13:17:50.447+0000] {logging_mixin.py:190} INFO - [2024-10-16T13:17:50.446+0000] {dag.py:3239} INFO - Sync 1 DAGs
[2024-10-16T13:17:50.495+0000] {logging_mixin.py:190} INFO - [2024-10-16T13:17:50.495+0000] {dag.py:4180} INFO - Setting next_dagrun for example_workday_timetable to 2021-01-04 00:00:00+00:00, run_after=2021-01-05 00:00:00+00:00
[2024-10-16T13:17:50.516+0000] {processor.py:208} INFO - Processing /home/airflow/.local/lib/python3.12/site-packages/airflow/example_dags/example_workday_timetable.py took 0.101 seconds
[2024-10-16T13:18:21.269+0000] {processor.py:186} INFO - Started process (PID=358) to work on /home/airflow/.local/lib/python3.12/site-packages/airflow/example_dags/example_workday_timetable.py
[2024-10-16T13:18:21.270+0000] {processor.py:914} INFO - Processing file /home/airflow/.local/lib/python3.12/site-packages/airflow/example_dags/example_workday_timetable.py for tasks to queue
[2024-10-16T13:18:21.272+0000] {logging_mixin.py:190} INFO - [2024-10-16T13:18:21.271+0000] {dagbag.py:588} INFO - Filling up the DagBag from /home/airflow/.local/lib/python3.12/site-packages/airflow/example_dags/example_workday_timetable.py
[2024-10-16T13:18:21.276+0000] {processor.py:925} INFO - DAG(s) 'example_workday_timetable' retrieved from /home/airflow/.local/lib/python3.12/site-packages/airflow/example_dags/example_workday_timetable.py
[2024-10-16T13:18:21.293+0000] {logging_mixin.py:190} INFO - [2024-10-16T13:18:21.293+0000] {dag.py:3239} INFO - Sync 1 DAGs
[2024-10-16T13:18:21.360+0000] {logging_mixin.py:190} INFO - [2024-10-16T13:18:21.360+0000] {dag.py:4180} INFO - Setting next_dagrun for example_workday_timetable to 2021-01-04 00:00:00+00:00, run_after=2021-01-05 00:00:00+00:00
[2024-10-16T13:18:21.386+0000] {processor.py:208} INFO - Processing /home/airflow/.local/lib/python3.12/site-packages/airflow/example_dags/example_workday_timetable.py took 0.122 seconds
[2024-10-16T13:18:51.629+0000] {processor.py:186} INFO - Started process (PID=421) to work on /home/airflow/.local/lib/python3.12/site-packages/airflow/example_dags/example_workday_timetable.py
[2024-10-16T13:18:51.630+0000] {processor.py:914} INFO - Processing file /home/airflow/.local/lib/python3.12/site-packages/airflow/example_dags/example_workday_timetable.py for tasks to queue
[2024-10-16T13:18:51.634+0000] {logging_mixin.py:190} INFO - [2024-10-16T13:18:51.633+0000] {dagbag.py:588} INFO - Filling up the DagBag from /home/airflow/.local/lib/python3.12/site-packages/airflow/example_dags/example_workday_timetable.py
[2024-10-16T13:18:51.641+0000] {processor.py:925} INFO - DAG(s) 'example_workday_timetable' retrieved from /home/airflow/.local/lib/python3.12/site-packages/airflow/example_dags/example_workday_timetable.py
[2024-10-16T13:18:51.664+0000] {logging_mixin.py:190} INFO - [2024-10-16T13:18:51.664+0000] {dag.py:3239} INFO - Sync 1 DAGs
[2024-10-16T13:18:51.752+0000] {logging_mixin.py:190} INFO - [2024-10-16T13:18:51.751+0000] {dag.py:4180} INFO - Setting next_dagrun for example_workday_timetable to 2021-01-04 00:00:00+00:00, run_after=2021-01-05 00:00:00+00:00
[2024-10-16T13:18:51.786+0000] {processor.py:208} INFO - Processing /home/airflow/.local/lib/python3.12/site-packages/airflow/example_dags/example_workday_timetable.py took 0.164 seconds
[2024-10-16T13:19:22.741+0000] {processor.py:186} INFO - Started process (PID=484) to work on /home/airflow/.local/lib/python3.12/site-packages/airflow/example_dags/example_workday_timetable.py
[2024-10-16T13:19:22.743+0000] {processor.py:914} INFO - Processing file /home/airflow/.local/lib/python3.12/site-packages/airflow/example_dags/example_workday_timetable.py for tasks to queue
[2024-10-16T13:19:22.746+0000] {logging_mixin.py:190} INFO - [2024-10-16T13:19:22.746+0000] {dagbag.py:588} INFO - Filling up the DagBag from /home/airflow/.local/lib/python3.12/site-packages/airflow/example_dags/example_workday_timetable.py
[2024-10-16T13:19:22.754+0000] {processor.py:925} INFO - DAG(s) 'example_workday_timetable' retrieved from /home/airflow/.local/lib/python3.12/site-packages/airflow/example_dags/example_workday_timetable.py
[2024-10-16T13:19:22.778+0000] {logging_mixin.py:190} INFO - [2024-10-16T13:19:22.778+0000] {dag.py:3239} INFO - Sync 1 DAGs
[2024-10-16T13:19:22.861+0000] {logging_mixin.py:190} INFO - [2024-10-16T13:19:22.861+0000] {dag.py:4180} INFO - Setting next_dagrun for example_workday_timetable to 2021-01-04 00:00:00+00:00, run_after=2021-01-05 00:00:00+00:00
[2024-10-16T13:19:22.892+0000] {processor.py:208} INFO - Processing /home/airflow/.local/lib/python3.12/site-packages/airflow/example_dags/example_workday_timetable.py took 0.159 seconds
[2024-10-16T13:19:52.960+0000] {processor.py:186} INFO - Started process (PID=547) to work on /home/airflow/.local/lib/python3.12/site-packages/airflow/example_dags/example_workday_timetable.py
[2024-10-16T13:19:52.961+0000] {processor.py:914} INFO - Processing file /home/airflow/.local/lib/python3.12/site-packages/airflow/example_dags/example_workday_timetable.py for tasks to queue
[2024-10-16T13:19:52.964+0000] {logging_mixin.py:190} INFO - [2024-10-16T13:19:52.963+0000] {dagbag.py:588} INFO - Filling up the DagBag from /home/airflow/.local/lib/python3.12/site-packages/airflow/example_dags/example_workday_timetable.py
[2024-10-16T13:19:52.969+0000] {processor.py:925} INFO - DAG(s) 'example_workday_timetable' retrieved from /home/airflow/.local/lib/python3.12/site-packages/airflow/example_dags/example_workday_timetable.py
[2024-10-16T13:19:52.988+0000] {logging_mixin.py:190} INFO - [2024-10-16T13:19:52.987+0000] {dag.py:3239} INFO - Sync 1 DAGs
[2024-10-16T13:19:53.029+0000] {logging_mixin.py:190} INFO - [2024-10-16T13:19:53.029+0000] {dag.py:4180} INFO - Setting next_dagrun for example_workday_timetable to 2021-01-04 00:00:00+00:00, run_after=2021-01-05 00:00:00+00:00
[2024-10-16T13:19:53.052+0000] {processor.py:208} INFO - Processing /home/airflow/.local/lib/python3.12/site-packages/airflow/example_dags/example_workday_timetable.py took 0.097 seconds
[2024-10-16T13:20:23.965+0000] {processor.py:186} INFO - Started process (PID=610) to work on /home/airflow/.local/lib/python3.12/site-packages/airflow/example_dags/example_workday_timetable.py
[2024-10-16T13:20:23.967+0000] {processor.py:914} INFO - Processing file /home/airflow/.local/lib/python3.12/site-packages/airflow/example_dags/example_workday_timetable.py for tasks to queue
[2024-10-16T13:20:23.969+0000] {logging_mixin.py:190} INFO - [2024-10-16T13:20:23.969+0000] {dagbag.py:588} INFO - Filling up the DagBag from /home/airflow/.local/lib/python3.12/site-packages/airflow/example_dags/example_workday_timetable.py
[2024-10-16T13:20:23.975+0000] {processor.py:925} INFO - DAG(s) 'example_workday_timetable' retrieved from /home/airflow/.local/lib/python3.12/site-packages/airflow/example_dags/example_workday_timetable.py
[2024-10-16T13:20:23.997+0000] {logging_mixin.py:190} INFO - [2024-10-16T13:20:23.997+0000] {dag.py:3239} INFO - Sync 1 DAGs
[2024-10-16T13:20:24.087+0000] {logging_mixin.py:190} INFO - [2024-10-16T13:20:24.087+0000] {dag.py:4180} INFO - Setting next_dagrun for example_workday_timetable to 2021-01-04 00:00:00+00:00, run_after=2021-01-05 00:00:00+00:00
[2024-10-16T13:20:24.140+0000] {processor.py:208} INFO - Processing /home/airflow/.local/lib/python3.12/site-packages/airflow/example_dags/example_workday_timetable.py took 0.181 seconds
[2024-10-16T13:22:03.772+0000] {processor.py:186} INFO - Started process (PID=105) to work on /home/airflow/.local/lib/python3.12/site-packages/airflow/example_dags/example_workday_timetable.py
[2024-10-16T13:22:03.773+0000] {processor.py:914} INFO - Processing file /home/airflow/.local/lib/python3.12/site-packages/airflow/example_dags/example_workday_timetable.py for tasks to queue
[2024-10-16T13:22:03.775+0000] {logging_mixin.py:190} INFO - [2024-10-16T13:22:03.775+0000] {dagbag.py:588} INFO - Filling up the DagBag from /home/airflow/.local/lib/python3.12/site-packages/airflow/example_dags/example_workday_timetable.py
[2024-10-16T13:22:03.782+0000] {processor.py:925} INFO - DAG(s) 'example_workday_timetable' retrieved from /home/airflow/.local/lib/python3.12/site-packages/airflow/example_dags/example_workday_timetable.py
[2024-10-16T13:22:03.883+0000] {logging_mixin.py:190} INFO - [2024-10-16T13:22:03.882+0000] {override.py:1900} INFO - Created Permission View: can edit on DAG:example_workday_timetable
[2024-10-16T13:22:03.895+0000] {logging_mixin.py:190} INFO - [2024-10-16T13:22:03.895+0000] {override.py:1900} INFO - Created Permission View: can read on DAG:example_workday_timetable
[2024-10-16T13:22:03.904+0000] {logging_mixin.py:190} INFO - [2024-10-16T13:22:03.903+0000] {override.py:1900} INFO - Created Permission View: can delete on DAG:example_workday_timetable
[2024-10-16T13:22:03.911+0000] {logging_mixin.py:190} INFO - [2024-10-16T13:22:03.910+0000] {override.py:1900} INFO - Created Permission View: can delete on DAG Run:example_workday_timetable
[2024-10-16T13:22:03.919+0000] {logging_mixin.py:190} INFO - [2024-10-16T13:22:03.919+0000] {override.py:1900} INFO - Created Permission View: can read on DAG Run:example_workday_timetable
[2024-10-16T13:22:03.927+0000] {logging_mixin.py:190} INFO - [2024-10-16T13:22:03.927+0000] {override.py:1900} INFO - Created Permission View: menu access on DAG Run:example_workday_timetable
[2024-10-16T13:22:03.934+0000] {logging_mixin.py:190} INFO - [2024-10-16T13:22:03.934+0000] {override.py:1900} INFO - Created Permission View: can create on DAG Run:example_workday_timetable
[2024-10-16T13:22:03.935+0000] {logging_mixin.py:190} INFO - [2024-10-16T13:22:03.935+0000] {dag.py:3239} INFO - Sync 1 DAGs
[2024-10-16T13:22:03.952+0000] {logging_mixin.py:190} INFO - [2024-10-16T13:22:03.952+0000] {dag.py:3262} INFO - Creating ORM DAG for example_workday_timetable
[2024-10-16T13:22:03.995+0000] {logging_mixin.py:190} INFO - [2024-10-16T13:22:03.994+0000] {dag.py:4180} INFO - Setting next_dagrun for example_workday_timetable to 2021-01-04 00:00:00+00:00, run_after=2021-01-05 00:00:00+00:00
[2024-10-16T13:22:04.030+0000] {processor.py:208} INFO - Processing /home/airflow/.local/lib/python3.12/site-packages/airflow/example_dags/example_workday_timetable.py took 0.262 seconds
[2024-10-16T13:22:34.510+0000] {processor.py:186} INFO - Started process (PID=168) to work on /home/airflow/.local/lib/python3.12/site-packages/airflow/example_dags/example_workday_timetable.py
[2024-10-16T13:22:34.511+0000] {processor.py:914} INFO - Processing file /home/airflow/.local/lib/python3.12/site-packages/airflow/example_dags/example_workday_timetable.py for tasks to queue
[2024-10-16T13:22:34.514+0000] {logging_mixin.py:190} INFO - [2024-10-16T13:22:34.513+0000] {dagbag.py:588} INFO - Filling up the DagBag from /home/airflow/.local/lib/python3.12/site-packages/airflow/example_dags/example_workday_timetable.py
[2024-10-16T13:22:34.524+0000] {processor.py:925} INFO - DAG(s) 'example_workday_timetable' retrieved from /home/airflow/.local/lib/python3.12/site-packages/airflow/example_dags/example_workday_timetable.py
[2024-10-16T13:22:34.544+0000] {logging_mixin.py:190} INFO - [2024-10-16T13:22:34.544+0000] {dag.py:3239} INFO - Sync 1 DAGs
[2024-10-16T13:22:34.597+0000] {logging_mixin.py:190} INFO - [2024-10-16T13:22:34.597+0000] {dag.py:4180} INFO - Setting next_dagrun for example_workday_timetable to 2021-01-04 00:00:00+00:00, run_after=2021-01-05 00:00:00+00:00
[2024-10-16T13:22:34.620+0000] {processor.py:208} INFO - Processing /home/airflow/.local/lib/python3.12/site-packages/airflow/example_dags/example_workday_timetable.py took 0.116 seconds
[2024-10-16T13:23:05.052+0000] {processor.py:186} INFO - Started process (PID=231) to work on /home/airflow/.local/lib/python3.12/site-packages/airflow/example_dags/example_workday_timetable.py
[2024-10-16T13:23:05.053+0000] {processor.py:914} INFO - Processing file /home/airflow/.local/lib/python3.12/site-packages/airflow/example_dags/example_workday_timetable.py for tasks to queue
[2024-10-16T13:23:05.055+0000] {logging_mixin.py:190} INFO - [2024-10-16T13:23:05.055+0000] {dagbag.py:588} INFO - Filling up the DagBag from /home/airflow/.local/lib/python3.12/site-packages/airflow/example_dags/example_workday_timetable.py
[2024-10-16T13:23:05.059+0000] {processor.py:925} INFO - DAG(s) 'example_workday_timetable' retrieved from /home/airflow/.local/lib/python3.12/site-packages/airflow/example_dags/example_workday_timetable.py
[2024-10-16T13:23:05.077+0000] {logging_mixin.py:190} INFO - [2024-10-16T13:23:05.076+0000] {dag.py:3239} INFO - Sync 1 DAGs
[2024-10-16T13:23:05.128+0000] {logging_mixin.py:190} INFO - [2024-10-16T13:23:05.128+0000] {dag.py:4180} INFO - Setting next_dagrun for example_workday_timetable to 2021-01-04 00:00:00+00:00, run_after=2021-01-05 00:00:00+00:00
[2024-10-16T13:23:05.154+0000] {processor.py:208} INFO - Processing /home/airflow/.local/lib/python3.12/site-packages/airflow/example_dags/example_workday_timetable.py took 0.108 seconds
[2024-10-16T13:23:36.213+0000] {processor.py:186} INFO - Started process (PID=294) to work on /home/airflow/.local/lib/python3.12/site-packages/airflow/example_dags/example_workday_timetable.py
[2024-10-16T13:23:36.215+0000] {processor.py:914} INFO - Processing file /home/airflow/.local/lib/python3.12/site-packages/airflow/example_dags/example_workday_timetable.py for tasks to queue
[2024-10-16T13:23:36.218+0000] {logging_mixin.py:190} INFO - [2024-10-16T13:23:36.217+0000] {dagbag.py:588} INFO - Filling up the DagBag from /home/airflow/.local/lib/python3.12/site-packages/airflow/example_dags/example_workday_timetable.py
[2024-10-16T13:23:36.224+0000] {processor.py:925} INFO - DAG(s) 'example_workday_timetable' retrieved from /home/airflow/.local/lib/python3.12/site-packages/airflow/example_dags/example_workday_timetable.py
[2024-10-16T13:23:36.247+0000] {logging_mixin.py:190} INFO - [2024-10-16T13:23:36.246+0000] {dag.py:3239} INFO - Sync 1 DAGs
[2024-10-16T13:23:36.305+0000] {logging_mixin.py:190} INFO - [2024-10-16T13:23:36.305+0000] {dag.py:4180} INFO - Setting next_dagrun for example_workday_timetable to 2021-01-04 00:00:00+00:00, run_after=2021-01-05 00:00:00+00:00
[2024-10-16T13:23:36.332+0000] {processor.py:208} INFO - Processing /home/airflow/.local/lib/python3.12/site-packages/airflow/example_dags/example_workday_timetable.py took 0.126 seconds
