[2024-10-16T12:50:35.194+0000] {processor.py:186} INFO - Started process (PID=111) to work on /home/airflow/.local/lib/python3.12/site-packages/airflow/example_dags/example_bash_operator.py
[2024-10-16T12:50:35.196+0000] {processor.py:914} INFO - Processing file /home/airflow/.local/lib/python3.12/site-packages/airflow/example_dags/example_bash_operator.py for tasks to queue
[2024-10-16T12:50:35.198+0000] {logging_mixin.py:190} INFO - [2024-10-16T12:50:35.198+0000] {dagbag.py:588} INFO - Filling up the DagBag from /home/airflow/.local/lib/python3.12/site-packages/airflow/example_dags/example_bash_operator.py
[2024-10-16T12:50:35.209+0000] {processor.py:925} INFO - DAG(s) 'example_bash_operator' retrieved from /home/airflow/.local/lib/python3.12/site-packages/airflow/example_dags/example_bash_operator.py
[2024-10-16T12:50:35.305+0000] {logging_mixin.py:190} INFO - [2024-10-16T12:50:35.304+0000] {override.py:1900} INFO - Created Permission View: can edit on DAG:example_bash_operator
[2024-10-16T12:50:35.315+0000] {logging_mixin.py:190} INFO - [2024-10-16T12:50:35.315+0000] {override.py:1900} INFO - Created Permission View: can read on DAG:example_bash_operator
[2024-10-16T12:50:35.323+0000] {logging_mixin.py:190} INFO - [2024-10-16T12:50:35.322+0000] {override.py:1900} INFO - Created Permission View: can delete on DAG:example_bash_operator
[2024-10-16T12:50:35.332+0000] {logging_mixin.py:190} INFO - [2024-10-16T12:50:35.331+0000] {override.py:1900} INFO - Created Permission View: can delete on DAG Run:example_bash_operator
[2024-10-16T12:50:35.340+0000] {logging_mixin.py:190} INFO - [2024-10-16T12:50:35.339+0000] {override.py:1900} INFO - Created Permission View: menu access on DAG Run:example_bash_operator
[2024-10-16T12:50:35.348+0000] {logging_mixin.py:190} INFO - [2024-10-16T12:50:35.347+0000] {override.py:1900} INFO - Created Permission View: can create on DAG Run:example_bash_operator
[2024-10-16T12:50:35.355+0000] {logging_mixin.py:190} INFO - [2024-10-16T12:50:35.354+0000] {override.py:1900} INFO - Created Permission View: can read on DAG Run:example_bash_operator
[2024-10-16T12:50:35.356+0000] {logging_mixin.py:190} INFO - [2024-10-16T12:50:35.355+0000] {dag.py:3239} INFO - Sync 1 DAGs
[2024-10-16T12:50:35.367+0000] {logging_mixin.py:190} INFO - [2024-10-16T12:50:35.367+0000] {dag.py:3262} INFO - Creating ORM DAG for example_bash_operator
[2024-10-16T12:50:35.379+0000] {logging_mixin.py:190} INFO - [2024-10-16T12:50:35.378+0000] {dag.py:4180} INFO - Setting next_dagrun for example_bash_operator to 2024-10-15 00:00:00+00:00, run_after=2024-10-16 00:00:00+00:00
[2024-10-16T12:50:35.402+0000] {processor.py:208} INFO - Processing /home/airflow/.local/lib/python3.12/site-packages/airflow/example_dags/example_bash_operator.py took 0.212 seconds
[2024-10-16T12:51:05.740+0000] {processor.py:186} INFO - Started process (PID=173) to work on /home/airflow/.local/lib/python3.12/site-packages/airflow/example_dags/example_bash_operator.py
[2024-10-16T12:51:05.741+0000] {processor.py:914} INFO - Processing file /home/airflow/.local/lib/python3.12/site-packages/airflow/example_dags/example_bash_operator.py for tasks to queue
[2024-10-16T12:51:05.746+0000] {logging_mixin.py:190} INFO - [2024-10-16T12:51:05.746+0000] {dagbag.py:588} INFO - Filling up the DagBag from /home/airflow/.local/lib/python3.12/site-packages/airflow/example_dags/example_bash_operator.py
[2024-10-16T12:51:05.764+0000] {processor.py:925} INFO - DAG(s) 'example_bash_operator' retrieved from /home/airflow/.local/lib/python3.12/site-packages/airflow/example_dags/example_bash_operator.py
[2024-10-16T12:51:05.800+0000] {logging_mixin.py:190} INFO - [2024-10-16T12:51:05.799+0000] {dag.py:3239} INFO - Sync 1 DAGs
[2024-10-16T12:51:05.834+0000] {logging_mixin.py:190} INFO - [2024-10-16T12:51:05.834+0000] {dag.py:4180} INFO - Setting next_dagrun for example_bash_operator to 2024-10-15 00:00:00+00:00, run_after=2024-10-16 00:00:00+00:00
[2024-10-16T12:51:05.865+0000] {processor.py:208} INFO - Processing /home/airflow/.local/lib/python3.12/site-packages/airflow/example_dags/example_bash_operator.py took 0.133 seconds
[2024-10-16T12:51:36.050+0000] {processor.py:186} INFO - Started process (PID=235) to work on /home/airflow/.local/lib/python3.12/site-packages/airflow/example_dags/example_bash_operator.py
[2024-10-16T12:51:36.051+0000] {processor.py:914} INFO - Processing file /home/airflow/.local/lib/python3.12/site-packages/airflow/example_dags/example_bash_operator.py for tasks to queue
[2024-10-16T12:51:36.054+0000] {logging_mixin.py:190} INFO - [2024-10-16T12:51:36.054+0000] {dagbag.py:588} INFO - Filling up the DagBag from /home/airflow/.local/lib/python3.12/site-packages/airflow/example_dags/example_bash_operator.py
[2024-10-16T12:51:36.064+0000] {processor.py:925} INFO - DAG(s) 'example_bash_operator' retrieved from /home/airflow/.local/lib/python3.12/site-packages/airflow/example_dags/example_bash_operator.py
[2024-10-16T12:51:36.127+0000] {logging_mixin.py:190} INFO - [2024-10-16T12:51:36.126+0000] {dag.py:3239} INFO - Sync 1 DAGs
[2024-10-16T12:51:36.150+0000] {logging_mixin.py:190} INFO - [2024-10-16T12:51:36.150+0000] {dag.py:4180} INFO - Setting next_dagrun for example_bash_operator to 2024-10-15 00:00:00+00:00, run_after=2024-10-16 00:00:00+00:00
[2024-10-16T12:51:36.168+0000] {processor.py:208} INFO - Processing /home/airflow/.local/lib/python3.12/site-packages/airflow/example_dags/example_bash_operator.py took 0.122 seconds
[2024-10-16T12:52:06.405+0000] {processor.py:186} INFO - Started process (PID=297) to work on /home/airflow/.local/lib/python3.12/site-packages/airflow/example_dags/example_bash_operator.py
[2024-10-16T12:52:06.407+0000] {processor.py:914} INFO - Processing file /home/airflow/.local/lib/python3.12/site-packages/airflow/example_dags/example_bash_operator.py for tasks to queue
[2024-10-16T12:52:06.410+0000] {logging_mixin.py:190} INFO - [2024-10-16T12:52:06.410+0000] {dagbag.py:588} INFO - Filling up the DagBag from /home/airflow/.local/lib/python3.12/site-packages/airflow/example_dags/example_bash_operator.py
[2024-10-16T12:52:06.422+0000] {processor.py:925} INFO - DAG(s) 'example_bash_operator' retrieved from /home/airflow/.local/lib/python3.12/site-packages/airflow/example_dags/example_bash_operator.py
[2024-10-16T12:52:06.448+0000] {logging_mixin.py:190} INFO - [2024-10-16T12:52:06.448+0000] {dag.py:3239} INFO - Sync 1 DAGs
[2024-10-16T12:52:06.466+0000] {logging_mixin.py:190} INFO - [2024-10-16T12:52:06.466+0000] {dag.py:4180} INFO - Setting next_dagrun for example_bash_operator to 2024-10-15 00:00:00+00:00, run_after=2024-10-16 00:00:00+00:00
[2024-10-16T12:52:06.485+0000] {processor.py:208} INFO - Processing /home/airflow/.local/lib/python3.12/site-packages/airflow/example_dags/example_bash_operator.py took 0.085 seconds
[2024-10-16T12:52:36.953+0000] {processor.py:186} INFO - Started process (PID=360) to work on /home/airflow/.local/lib/python3.12/site-packages/airflow/example_dags/example_bash_operator.py
[2024-10-16T12:52:36.954+0000] {processor.py:914} INFO - Processing file /home/airflow/.local/lib/python3.12/site-packages/airflow/example_dags/example_bash_operator.py for tasks to queue
[2024-10-16T12:52:36.956+0000] {logging_mixin.py:190} INFO - [2024-10-16T12:52:36.956+0000] {dagbag.py:588} INFO - Filling up the DagBag from /home/airflow/.local/lib/python3.12/site-packages/airflow/example_dags/example_bash_operator.py
[2024-10-16T12:52:36.971+0000] {processor.py:925} INFO - DAG(s) 'example_bash_operator' retrieved from /home/airflow/.local/lib/python3.12/site-packages/airflow/example_dags/example_bash_operator.py
[2024-10-16T12:52:37.004+0000] {logging_mixin.py:190} INFO - [2024-10-16T12:52:37.004+0000] {dag.py:3239} INFO - Sync 1 DAGs
[2024-10-16T12:52:37.025+0000] {logging_mixin.py:190} INFO - [2024-10-16T12:52:37.025+0000] {dag.py:4180} INFO - Setting next_dagrun for example_bash_operator to 2024-10-15 00:00:00+00:00, run_after=2024-10-16 00:00:00+00:00
[2024-10-16T12:52:37.047+0000] {processor.py:208} INFO - Processing /home/airflow/.local/lib/python3.12/site-packages/airflow/example_dags/example_bash_operator.py took 0.100 seconds
[2024-10-16T12:53:07.797+0000] {processor.py:186} INFO - Started process (PID=422) to work on /home/airflow/.local/lib/python3.12/site-packages/airflow/example_dags/example_bash_operator.py
[2024-10-16T12:53:07.799+0000] {processor.py:914} INFO - Processing file /home/airflow/.local/lib/python3.12/site-packages/airflow/example_dags/example_bash_operator.py for tasks to queue
[2024-10-16T12:53:07.801+0000] {logging_mixin.py:190} INFO - [2024-10-16T12:53:07.801+0000] {dagbag.py:588} INFO - Filling up the DagBag from /home/airflow/.local/lib/python3.12/site-packages/airflow/example_dags/example_bash_operator.py
[2024-10-16T12:53:07.811+0000] {processor.py:925} INFO - DAG(s) 'example_bash_operator' retrieved from /home/airflow/.local/lib/python3.12/site-packages/airflow/example_dags/example_bash_operator.py
[2024-10-16T12:53:07.845+0000] {logging_mixin.py:190} INFO - [2024-10-16T12:53:07.845+0000] {dag.py:3239} INFO - Sync 1 DAGs
[2024-10-16T12:53:07.873+0000] {logging_mixin.py:190} INFO - [2024-10-16T12:53:07.872+0000] {dag.py:4180} INFO - Setting next_dagrun for example_bash_operator to 2024-10-15 00:00:00+00:00, run_after=2024-10-16 00:00:00+00:00
[2024-10-16T12:53:07.902+0000] {processor.py:208} INFO - Processing /home/airflow/.local/lib/python3.12/site-packages/airflow/example_dags/example_bash_operator.py took 0.113 seconds
[2024-10-16T12:53:38.706+0000] {processor.py:186} INFO - Started process (PID=484) to work on /home/airflow/.local/lib/python3.12/site-packages/airflow/example_dags/example_bash_operator.py
[2024-10-16T12:53:38.707+0000] {processor.py:914} INFO - Processing file /home/airflow/.local/lib/python3.12/site-packages/airflow/example_dags/example_bash_operator.py for tasks to queue
[2024-10-16T12:53:38.710+0000] {logging_mixin.py:190} INFO - [2024-10-16T12:53:38.710+0000] {dagbag.py:588} INFO - Filling up the DagBag from /home/airflow/.local/lib/python3.12/site-packages/airflow/example_dags/example_bash_operator.py
[2024-10-16T12:53:38.724+0000] {processor.py:925} INFO - DAG(s) 'example_bash_operator' retrieved from /home/airflow/.local/lib/python3.12/site-packages/airflow/example_dags/example_bash_operator.py
[2024-10-16T12:53:38.751+0000] {logging_mixin.py:190} INFO - [2024-10-16T12:53:38.750+0000] {dag.py:3239} INFO - Sync 1 DAGs
[2024-10-16T12:53:38.771+0000] {logging_mixin.py:190} INFO - [2024-10-16T12:53:38.770+0000] {dag.py:4180} INFO - Setting next_dagrun for example_bash_operator to 2024-10-15 00:00:00+00:00, run_after=2024-10-16 00:00:00+00:00
[2024-10-16T12:53:38.787+0000] {processor.py:208} INFO - Processing /home/airflow/.local/lib/python3.12/site-packages/airflow/example_dags/example_bash_operator.py took 0.087 seconds
[2024-10-16T12:54:09.796+0000] {processor.py:186} INFO - Started process (PID=546) to work on /home/airflow/.local/lib/python3.12/site-packages/airflow/example_dags/example_bash_operator.py
[2024-10-16T12:54:09.797+0000] {processor.py:914} INFO - Processing file /home/airflow/.local/lib/python3.12/site-packages/airflow/example_dags/example_bash_operator.py for tasks to queue
[2024-10-16T12:54:09.800+0000] {logging_mixin.py:190} INFO - [2024-10-16T12:54:09.799+0000] {dagbag.py:588} INFO - Filling up the DagBag from /home/airflow/.local/lib/python3.12/site-packages/airflow/example_dags/example_bash_operator.py
[2024-10-16T12:54:09.819+0000] {processor.py:925} INFO - DAG(s) 'example_bash_operator' retrieved from /home/airflow/.local/lib/python3.12/site-packages/airflow/example_dags/example_bash_operator.py
[2024-10-16T12:54:09.881+0000] {logging_mixin.py:190} INFO - [2024-10-16T12:54:09.881+0000] {dag.py:3239} INFO - Sync 1 DAGs
[2024-10-16T12:54:09.927+0000] {logging_mixin.py:190} INFO - [2024-10-16T12:54:09.927+0000] {dag.py:4180} INFO - Setting next_dagrun for example_bash_operator to 2024-10-15 00:00:00+00:00, run_after=2024-10-16 00:00:00+00:00
[2024-10-16T12:54:09.955+0000] {processor.py:208} INFO - Processing /home/airflow/.local/lib/python3.12/site-packages/airflow/example_dags/example_bash_operator.py took 0.175 seconds
[2024-10-16T12:54:42.166+0000] {processor.py:186} INFO - Started process (PID=608) to work on /home/airflow/.local/lib/python3.12/site-packages/airflow/example_dags/example_bash_operator.py
[2024-10-16T12:54:42.167+0000] {processor.py:914} INFO - Processing file /home/airflow/.local/lib/python3.12/site-packages/airflow/example_dags/example_bash_operator.py for tasks to queue
[2024-10-16T12:54:42.169+0000] {logging_mixin.py:190} INFO - [2024-10-16T12:54:42.169+0000] {dagbag.py:588} INFO - Filling up the DagBag from /home/airflow/.local/lib/python3.12/site-packages/airflow/example_dags/example_bash_operator.py
[2024-10-16T12:54:42.180+0000] {processor.py:925} INFO - DAG(s) 'example_bash_operator' retrieved from /home/airflow/.local/lib/python3.12/site-packages/airflow/example_dags/example_bash_operator.py
[2024-10-16T12:54:42.201+0000] {logging_mixin.py:190} INFO - [2024-10-16T12:54:42.201+0000] {dag.py:3239} INFO - Sync 1 DAGs
[2024-10-16T12:54:42.229+0000] {logging_mixin.py:190} INFO - [2024-10-16T12:54:42.229+0000] {dag.py:4180} INFO - Setting next_dagrun for example_bash_operator to 2024-10-15 00:00:00+00:00, run_after=2024-10-16 00:00:00+00:00
[2024-10-16T12:54:42.255+0000] {processor.py:208} INFO - Processing /home/airflow/.local/lib/python3.12/site-packages/airflow/example_dags/example_bash_operator.py took 0.093 seconds
[2024-10-16T12:55:12.662+0000] {processor.py:186} INFO - Started process (PID=671) to work on /home/airflow/.local/lib/python3.12/site-packages/airflow/example_dags/example_bash_operator.py
[2024-10-16T12:55:12.663+0000] {processor.py:914} INFO - Processing file /home/airflow/.local/lib/python3.12/site-packages/airflow/example_dags/example_bash_operator.py for tasks to queue
[2024-10-16T12:55:12.666+0000] {logging_mixin.py:190} INFO - [2024-10-16T12:55:12.666+0000] {dagbag.py:588} INFO - Filling up the DagBag from /home/airflow/.local/lib/python3.12/site-packages/airflow/example_dags/example_bash_operator.py
[2024-10-16T12:55:12.681+0000] {processor.py:925} INFO - DAG(s) 'example_bash_operator' retrieved from /home/airflow/.local/lib/python3.12/site-packages/airflow/example_dags/example_bash_operator.py
[2024-10-16T12:55:12.757+0000] {logging_mixin.py:190} INFO - [2024-10-16T12:55:12.756+0000] {dag.py:3239} INFO - Sync 1 DAGs
[2024-10-16T12:55:12.789+0000] {logging_mixin.py:190} INFO - [2024-10-16T12:55:12.789+0000] {dag.py:4180} INFO - Setting next_dagrun for example_bash_operator to 2024-10-15 00:00:00+00:00, run_after=2024-10-16 00:00:00+00:00
[2024-10-16T12:55:12.825+0000] {processor.py:208} INFO - Processing /home/airflow/.local/lib/python3.12/site-packages/airflow/example_dags/example_bash_operator.py took 0.170 seconds
[2024-10-16T12:55:43.183+0000] {processor.py:186} INFO - Started process (PID=733) to work on /home/airflow/.local/lib/python3.12/site-packages/airflow/example_dags/example_bash_operator.py
[2024-10-16T12:55:43.184+0000] {processor.py:914} INFO - Processing file /home/airflow/.local/lib/python3.12/site-packages/airflow/example_dags/example_bash_operator.py for tasks to queue
[2024-10-16T12:55:43.186+0000] {logging_mixin.py:190} INFO - [2024-10-16T12:55:43.186+0000] {dagbag.py:588} INFO - Filling up the DagBag from /home/airflow/.local/lib/python3.12/site-packages/airflow/example_dags/example_bash_operator.py
[2024-10-16T12:55:43.195+0000] {processor.py:925} INFO - DAG(s) 'example_bash_operator' retrieved from /home/airflow/.local/lib/python3.12/site-packages/airflow/example_dags/example_bash_operator.py
[2024-10-16T12:55:43.215+0000] {logging_mixin.py:190} INFO - [2024-10-16T12:55:43.215+0000] {dag.py:3239} INFO - Sync 1 DAGs
[2024-10-16T12:55:43.234+0000] {logging_mixin.py:190} INFO - [2024-10-16T12:55:43.233+0000] {dag.py:4180} INFO - Setting next_dagrun for example_bash_operator to 2024-10-15 00:00:00+00:00, run_after=2024-10-16 00:00:00+00:00
[2024-10-16T12:55:43.257+0000] {processor.py:208} INFO - Processing /home/airflow/.local/lib/python3.12/site-packages/airflow/example_dags/example_bash_operator.py took 0.078 seconds
[2024-10-16T12:56:13.634+0000] {processor.py:186} INFO - Started process (PID=795) to work on /home/airflow/.local/lib/python3.12/site-packages/airflow/example_dags/example_bash_operator.py
[2024-10-16T12:56:13.636+0000] {processor.py:914} INFO - Processing file /home/airflow/.local/lib/python3.12/site-packages/airflow/example_dags/example_bash_operator.py for tasks to queue
[2024-10-16T12:56:13.638+0000] {logging_mixin.py:190} INFO - [2024-10-16T12:56:13.638+0000] {dagbag.py:588} INFO - Filling up the DagBag from /home/airflow/.local/lib/python3.12/site-packages/airflow/example_dags/example_bash_operator.py
[2024-10-16T12:56:13.647+0000] {processor.py:925} INFO - DAG(s) 'example_bash_operator' retrieved from /home/airflow/.local/lib/python3.12/site-packages/airflow/example_dags/example_bash_operator.py
[2024-10-16T12:56:13.683+0000] {logging_mixin.py:190} INFO - [2024-10-16T12:56:13.682+0000] {dag.py:3239} INFO - Sync 1 DAGs
[2024-10-16T12:56:13.711+0000] {logging_mixin.py:190} INFO - [2024-10-16T12:56:13.711+0000] {dag.py:4180} INFO - Setting next_dagrun for example_bash_operator to 2024-10-15 00:00:00+00:00, run_after=2024-10-16 00:00:00+00:00
[2024-10-16T12:56:13.732+0000] {processor.py:208} INFO - Processing /home/airflow/.local/lib/python3.12/site-packages/airflow/example_dags/example_bash_operator.py took 0.102 seconds
[2024-10-16T12:56:44.290+0000] {processor.py:186} INFO - Started process (PID=857) to work on /home/airflow/.local/lib/python3.12/site-packages/airflow/example_dags/example_bash_operator.py
[2024-10-16T12:56:44.291+0000] {processor.py:914} INFO - Processing file /home/airflow/.local/lib/python3.12/site-packages/airflow/example_dags/example_bash_operator.py for tasks to queue
[2024-10-16T12:56:44.293+0000] {logging_mixin.py:190} INFO - [2024-10-16T12:56:44.292+0000] {dagbag.py:588} INFO - Filling up the DagBag from /home/airflow/.local/lib/python3.12/site-packages/airflow/example_dags/example_bash_operator.py
[2024-10-16T12:56:44.303+0000] {processor.py:925} INFO - DAG(s) 'example_bash_operator' retrieved from /home/airflow/.local/lib/python3.12/site-packages/airflow/example_dags/example_bash_operator.py
[2024-10-16T12:56:44.323+0000] {logging_mixin.py:190} INFO - [2024-10-16T12:56:44.323+0000] {dag.py:3239} INFO - Sync 1 DAGs
[2024-10-16T12:56:44.344+0000] {logging_mixin.py:190} INFO - [2024-10-16T12:56:44.344+0000] {dag.py:4180} INFO - Setting next_dagrun for example_bash_operator to 2024-10-15 00:00:00+00:00, run_after=2024-10-16 00:00:00+00:00
[2024-10-16T12:56:44.361+0000] {processor.py:208} INFO - Processing /home/airflow/.local/lib/python3.12/site-packages/airflow/example_dags/example_bash_operator.py took 0.075 seconds
[2024-10-16T12:57:15.756+0000] {processor.py:186} INFO - Started process (PID=919) to work on /home/airflow/.local/lib/python3.12/site-packages/airflow/example_dags/example_bash_operator.py
[2024-10-16T12:57:15.758+0000] {processor.py:914} INFO - Processing file /home/airflow/.local/lib/python3.12/site-packages/airflow/example_dags/example_bash_operator.py for tasks to queue
[2024-10-16T12:57:15.760+0000] {logging_mixin.py:190} INFO - [2024-10-16T12:57:15.760+0000] {dagbag.py:588} INFO - Filling up the DagBag from /home/airflow/.local/lib/python3.12/site-packages/airflow/example_dags/example_bash_operator.py
[2024-10-16T12:57:15.776+0000] {processor.py:925} INFO - DAG(s) 'example_bash_operator' retrieved from /home/airflow/.local/lib/python3.12/site-packages/airflow/example_dags/example_bash_operator.py
[2024-10-16T12:57:15.814+0000] {logging_mixin.py:190} INFO - [2024-10-16T12:57:15.813+0000] {dag.py:3239} INFO - Sync 1 DAGs
[2024-10-16T12:57:15.869+0000] {logging_mixin.py:190} INFO - [2024-10-16T12:57:15.868+0000] {dag.py:4180} INFO - Setting next_dagrun for example_bash_operator to 2024-10-15 00:00:00+00:00, run_after=2024-10-16 00:00:00+00:00
[2024-10-16T12:57:15.933+0000] {processor.py:208} INFO - Processing /home/airflow/.local/lib/python3.12/site-packages/airflow/example_dags/example_bash_operator.py took 0.184 seconds
[2024-10-16T12:57:46.444+0000] {processor.py:186} INFO - Started process (PID=981) to work on /home/airflow/.local/lib/python3.12/site-packages/airflow/example_dags/example_bash_operator.py
[2024-10-16T12:57:46.451+0000] {processor.py:914} INFO - Processing file /home/airflow/.local/lib/python3.12/site-packages/airflow/example_dags/example_bash_operator.py for tasks to queue
[2024-10-16T12:57:46.455+0000] {logging_mixin.py:190} INFO - [2024-10-16T12:57:46.454+0000] {dagbag.py:588} INFO - Filling up the DagBag from /home/airflow/.local/lib/python3.12/site-packages/airflow/example_dags/example_bash_operator.py
[2024-10-16T12:57:46.469+0000] {processor.py:925} INFO - DAG(s) 'example_bash_operator' retrieved from /home/airflow/.local/lib/python3.12/site-packages/airflow/example_dags/example_bash_operator.py
[2024-10-16T12:57:46.506+0000] {logging_mixin.py:190} INFO - [2024-10-16T12:57:46.505+0000] {dag.py:3239} INFO - Sync 1 DAGs
[2024-10-16T12:57:46.535+0000] {logging_mixin.py:190} INFO - [2024-10-16T12:57:46.535+0000] {dag.py:4180} INFO - Setting next_dagrun for example_bash_operator to 2024-10-15 00:00:00+00:00, run_after=2024-10-16 00:00:00+00:00
[2024-10-16T12:57:46.567+0000] {processor.py:208} INFO - Processing /home/airflow/.local/lib/python3.12/site-packages/airflow/example_dags/example_bash_operator.py took 0.130 seconds
[2024-10-16T12:58:17.024+0000] {processor.py:186} INFO - Started process (PID=1045) to work on /home/airflow/.local/lib/python3.12/site-packages/airflow/example_dags/example_bash_operator.py
[2024-10-16T12:58:17.027+0000] {processor.py:914} INFO - Processing file /home/airflow/.local/lib/python3.12/site-packages/airflow/example_dags/example_bash_operator.py for tasks to queue
[2024-10-16T12:58:17.030+0000] {logging_mixin.py:190} INFO - [2024-10-16T12:58:17.030+0000] {dagbag.py:588} INFO - Filling up the DagBag from /home/airflow/.local/lib/python3.12/site-packages/airflow/example_dags/example_bash_operator.py
[2024-10-16T12:58:17.046+0000] {processor.py:925} INFO - DAG(s) 'example_bash_operator' retrieved from /home/airflow/.local/lib/python3.12/site-packages/airflow/example_dags/example_bash_operator.py
[2024-10-16T12:58:17.078+0000] {logging_mixin.py:190} INFO - [2024-10-16T12:58:17.078+0000] {dag.py:3239} INFO - Sync 1 DAGs
[2024-10-16T12:58:17.106+0000] {logging_mixin.py:190} INFO - [2024-10-16T12:58:17.105+0000] {dag.py:4180} INFO - Setting next_dagrun for example_bash_operator to 2024-10-15 00:00:00+00:00, run_after=2024-10-16 00:00:00+00:00
[2024-10-16T12:58:17.144+0000] {processor.py:208} INFO - Processing /home/airflow/.local/lib/python3.12/site-packages/airflow/example_dags/example_bash_operator.py took 0.131 seconds
[2024-10-16T12:58:47.346+0000] {processor.py:186} INFO - Started process (PID=1107) to work on /home/airflow/.local/lib/python3.12/site-packages/airflow/example_dags/example_bash_operator.py
[2024-10-16T12:58:47.348+0000] {processor.py:914} INFO - Processing file /home/airflow/.local/lib/python3.12/site-packages/airflow/example_dags/example_bash_operator.py for tasks to queue
[2024-10-16T12:58:47.352+0000] {logging_mixin.py:190} INFO - [2024-10-16T12:58:47.352+0000] {dagbag.py:588} INFO - Filling up the DagBag from /home/airflow/.local/lib/python3.12/site-packages/airflow/example_dags/example_bash_operator.py
[2024-10-16T12:58:47.366+0000] {processor.py:925} INFO - DAG(s) 'example_bash_operator' retrieved from /home/airflow/.local/lib/python3.12/site-packages/airflow/example_dags/example_bash_operator.py
[2024-10-16T12:58:47.404+0000] {logging_mixin.py:190} INFO - [2024-10-16T12:58:47.403+0000] {dag.py:3239} INFO - Sync 1 DAGs
[2024-10-16T12:58:47.432+0000] {logging_mixin.py:190} INFO - [2024-10-16T12:58:47.431+0000] {dag.py:4180} INFO - Setting next_dagrun for example_bash_operator to 2024-10-15 00:00:00+00:00, run_after=2024-10-16 00:00:00+00:00
[2024-10-16T12:58:47.456+0000] {processor.py:208} INFO - Processing /home/airflow/.local/lib/python3.12/site-packages/airflow/example_dags/example_bash_operator.py took 0.118 seconds
[2024-10-16T12:59:17.550+0000] {processor.py:186} INFO - Started process (PID=1175) to work on /home/airflow/.local/lib/python3.12/site-packages/airflow/example_dags/example_bash_operator.py
[2024-10-16T12:59:17.551+0000] {processor.py:914} INFO - Processing file /home/airflow/.local/lib/python3.12/site-packages/airflow/example_dags/example_bash_operator.py for tasks to queue
[2024-10-16T12:59:17.553+0000] {logging_mixin.py:190} INFO - [2024-10-16T12:59:17.553+0000] {dagbag.py:588} INFO - Filling up the DagBag from /home/airflow/.local/lib/python3.12/site-packages/airflow/example_dags/example_bash_operator.py
[2024-10-16T12:59:17.565+0000] {processor.py:925} INFO - DAG(s) 'example_bash_operator' retrieved from /home/airflow/.local/lib/python3.12/site-packages/airflow/example_dags/example_bash_operator.py
[2024-10-16T12:59:17.600+0000] {logging_mixin.py:190} INFO - [2024-10-16T12:59:17.599+0000] {dag.py:3239} INFO - Sync 1 DAGs
[2024-10-16T12:59:17.622+0000] {logging_mixin.py:190} INFO - [2024-10-16T12:59:17.622+0000] {dag.py:4180} INFO - Setting next_dagrun for example_bash_operator to 2024-10-15 00:00:00+00:00, run_after=2024-10-16 00:00:00+00:00
[2024-10-16T12:59:17.647+0000] {processor.py:208} INFO - Processing /home/airflow/.local/lib/python3.12/site-packages/airflow/example_dags/example_bash_operator.py took 0.103 seconds
[2024-10-16T12:59:47.753+0000] {processor.py:186} INFO - Started process (PID=1237) to work on /home/airflow/.local/lib/python3.12/site-packages/airflow/example_dags/example_bash_operator.py
[2024-10-16T12:59:47.754+0000] {processor.py:914} INFO - Processing file /home/airflow/.local/lib/python3.12/site-packages/airflow/example_dags/example_bash_operator.py for tasks to queue
[2024-10-16T12:59:47.757+0000] {logging_mixin.py:190} INFO - [2024-10-16T12:59:47.756+0000] {dagbag.py:588} INFO - Filling up the DagBag from /home/airflow/.local/lib/python3.12/site-packages/airflow/example_dags/example_bash_operator.py
[2024-10-16T12:59:47.768+0000] {processor.py:925} INFO - DAG(s) 'example_bash_operator' retrieved from /home/airflow/.local/lib/python3.12/site-packages/airflow/example_dags/example_bash_operator.py
[2024-10-16T12:59:47.793+0000] {logging_mixin.py:190} INFO - [2024-10-16T12:59:47.793+0000] {dag.py:3239} INFO - Sync 1 DAGs
[2024-10-16T12:59:47.814+0000] {logging_mixin.py:190} INFO - [2024-10-16T12:59:47.813+0000] {dag.py:4180} INFO - Setting next_dagrun for example_bash_operator to 2024-10-15 00:00:00+00:00, run_after=2024-10-16 00:00:00+00:00
[2024-10-16T12:59:47.833+0000] {processor.py:208} INFO - Processing /home/airflow/.local/lib/python3.12/site-packages/airflow/example_dags/example_bash_operator.py took 0.085 seconds
[2024-10-16T13:00:18.320+0000] {processor.py:186} INFO - Started process (PID=1299) to work on /home/airflow/.local/lib/python3.12/site-packages/airflow/example_dags/example_bash_operator.py
[2024-10-16T13:00:18.321+0000] {processor.py:914} INFO - Processing file /home/airflow/.local/lib/python3.12/site-packages/airflow/example_dags/example_bash_operator.py for tasks to queue
[2024-10-16T13:00:18.324+0000] {logging_mixin.py:190} INFO - [2024-10-16T13:00:18.323+0000] {dagbag.py:588} INFO - Filling up the DagBag from /home/airflow/.local/lib/python3.12/site-packages/airflow/example_dags/example_bash_operator.py
[2024-10-16T13:00:18.340+0000] {processor.py:925} INFO - DAG(s) 'example_bash_operator' retrieved from /home/airflow/.local/lib/python3.12/site-packages/airflow/example_dags/example_bash_operator.py
[2024-10-16T13:00:18.373+0000] {logging_mixin.py:190} INFO - [2024-10-16T13:00:18.373+0000] {dag.py:3239} INFO - Sync 1 DAGs
[2024-10-16T13:00:18.405+0000] {logging_mixin.py:190} INFO - [2024-10-16T13:00:18.404+0000] {dag.py:4180} INFO - Setting next_dagrun for example_bash_operator to 2024-10-15 00:00:00+00:00, run_after=2024-10-16 00:00:00+00:00
[2024-10-16T13:00:18.434+0000] {processor.py:208} INFO - Processing /home/airflow/.local/lib/python3.12/site-packages/airflow/example_dags/example_bash_operator.py took 0.122 seconds
[2024-10-16T13:00:49.379+0000] {processor.py:186} INFO - Started process (PID=1361) to work on /home/airflow/.local/lib/python3.12/site-packages/airflow/example_dags/example_bash_operator.py
[2024-10-16T13:00:49.380+0000] {processor.py:914} INFO - Processing file /home/airflow/.local/lib/python3.12/site-packages/airflow/example_dags/example_bash_operator.py for tasks to queue
[2024-10-16T13:00:49.384+0000] {logging_mixin.py:190} INFO - [2024-10-16T13:00:49.383+0000] {dagbag.py:588} INFO - Filling up the DagBag from /home/airflow/.local/lib/python3.12/site-packages/airflow/example_dags/example_bash_operator.py
[2024-10-16T13:00:49.399+0000] {processor.py:925} INFO - DAG(s) 'example_bash_operator' retrieved from /home/airflow/.local/lib/python3.12/site-packages/airflow/example_dags/example_bash_operator.py
[2024-10-16T13:00:49.433+0000] {logging_mixin.py:190} INFO - [2024-10-16T13:00:49.432+0000] {dag.py:3239} INFO - Sync 1 DAGs
[2024-10-16T13:00:49.461+0000] {logging_mixin.py:190} INFO - [2024-10-16T13:00:49.461+0000] {dag.py:4180} INFO - Setting next_dagrun for example_bash_operator to 2024-10-15 00:00:00+00:00, run_after=2024-10-16 00:00:00+00:00
[2024-10-16T13:00:49.487+0000] {processor.py:208} INFO - Processing /home/airflow/.local/lib/python3.12/site-packages/airflow/example_dags/example_bash_operator.py took 0.117 seconds
[2024-10-16T13:01:19.587+0000] {processor.py:186} INFO - Started process (PID=1423) to work on /home/airflow/.local/lib/python3.12/site-packages/airflow/example_dags/example_bash_operator.py
[2024-10-16T13:01:19.589+0000] {processor.py:914} INFO - Processing file /home/airflow/.local/lib/python3.12/site-packages/airflow/example_dags/example_bash_operator.py for tasks to queue
[2024-10-16T13:01:19.594+0000] {logging_mixin.py:190} INFO - [2024-10-16T13:01:19.594+0000] {dagbag.py:588} INFO - Filling up the DagBag from /home/airflow/.local/lib/python3.12/site-packages/airflow/example_dags/example_bash_operator.py
[2024-10-16T13:01:19.611+0000] {processor.py:925} INFO - DAG(s) 'example_bash_operator' retrieved from /home/airflow/.local/lib/python3.12/site-packages/airflow/example_dags/example_bash_operator.py
[2024-10-16T13:01:19.651+0000] {logging_mixin.py:190} INFO - [2024-10-16T13:01:19.651+0000] {dag.py:3239} INFO - Sync 1 DAGs
[2024-10-16T13:01:19.679+0000] {logging_mixin.py:190} INFO - [2024-10-16T13:01:19.679+0000] {dag.py:4180} INFO - Setting next_dagrun for example_bash_operator to 2024-10-15 00:00:00+00:00, run_after=2024-10-16 00:00:00+00:00
[2024-10-16T13:01:19.702+0000] {processor.py:208} INFO - Processing /home/airflow/.local/lib/python3.12/site-packages/airflow/example_dags/example_bash_operator.py took 0.124 seconds
[2024-10-16T13:01:50.199+0000] {processor.py:186} INFO - Started process (PID=1484) to work on /home/airflow/.local/lib/python3.12/site-packages/airflow/example_dags/example_bash_operator.py
[2024-10-16T13:01:50.200+0000] {processor.py:914} INFO - Processing file /home/airflow/.local/lib/python3.12/site-packages/airflow/example_dags/example_bash_operator.py for tasks to queue
[2024-10-16T13:01:50.203+0000] {logging_mixin.py:190} INFO - [2024-10-16T13:01:50.202+0000] {dagbag.py:588} INFO - Filling up the DagBag from /home/airflow/.local/lib/python3.12/site-packages/airflow/example_dags/example_bash_operator.py
[2024-10-16T13:01:50.215+0000] {processor.py:925} INFO - DAG(s) 'example_bash_operator' retrieved from /home/airflow/.local/lib/python3.12/site-packages/airflow/example_dags/example_bash_operator.py
[2024-10-16T13:01:50.238+0000] {logging_mixin.py:190} INFO - [2024-10-16T13:01:50.238+0000] {dag.py:3239} INFO - Sync 1 DAGs
[2024-10-16T13:01:50.259+0000] {logging_mixin.py:190} INFO - [2024-10-16T13:01:50.259+0000] {dag.py:4180} INFO - Setting next_dagrun for example_bash_operator to 2024-10-15 00:00:00+00:00, run_after=2024-10-16 00:00:00+00:00
[2024-10-16T13:01:50.277+0000] {processor.py:208} INFO - Processing /home/airflow/.local/lib/python3.12/site-packages/airflow/example_dags/example_bash_operator.py took 0.087 seconds
[2024-10-16T13:02:22.054+0000] {processor.py:186} INFO - Started process (PID=1547) to work on /home/airflow/.local/lib/python3.12/site-packages/airflow/example_dags/example_bash_operator.py
[2024-10-16T13:02:22.057+0000] {processor.py:914} INFO - Processing file /home/airflow/.local/lib/python3.12/site-packages/airflow/example_dags/example_bash_operator.py for tasks to queue
[2024-10-16T13:02:22.061+0000] {logging_mixin.py:190} INFO - [2024-10-16T13:02:22.061+0000] {dagbag.py:588} INFO - Filling up the DagBag from /home/airflow/.local/lib/python3.12/site-packages/airflow/example_dags/example_bash_operator.py
[2024-10-16T13:02:22.081+0000] {processor.py:925} INFO - DAG(s) 'example_bash_operator' retrieved from /home/airflow/.local/lib/python3.12/site-packages/airflow/example_dags/example_bash_operator.py
[2024-10-16T13:02:22.135+0000] {logging_mixin.py:190} INFO - [2024-10-16T13:02:22.135+0000] {dag.py:3239} INFO - Sync 1 DAGs
[2024-10-16T13:02:22.195+0000] {logging_mixin.py:190} INFO - [2024-10-16T13:02:22.195+0000] {dag.py:4180} INFO - Setting next_dagrun for example_bash_operator to 2024-10-15 00:00:00+00:00, run_after=2024-10-16 00:00:00+00:00
[2024-10-16T13:02:22.237+0000] {processor.py:208} INFO - Processing /home/airflow/.local/lib/python3.12/site-packages/airflow/example_dags/example_bash_operator.py took 0.195 seconds
[2024-10-16T13:02:52.506+0000] {processor.py:186} INFO - Started process (PID=1609) to work on /home/airflow/.local/lib/python3.12/site-packages/airflow/example_dags/example_bash_operator.py
[2024-10-16T13:02:52.508+0000] {processor.py:914} INFO - Processing file /home/airflow/.local/lib/python3.12/site-packages/airflow/example_dags/example_bash_operator.py for tasks to queue
[2024-10-16T13:02:52.514+0000] {logging_mixin.py:190} INFO - [2024-10-16T13:02:52.513+0000] {dagbag.py:588} INFO - Filling up the DagBag from /home/airflow/.local/lib/python3.12/site-packages/airflow/example_dags/example_bash_operator.py
[2024-10-16T13:02:52.538+0000] {processor.py:925} INFO - DAG(s) 'example_bash_operator' retrieved from /home/airflow/.local/lib/python3.12/site-packages/airflow/example_dags/example_bash_operator.py
[2024-10-16T13:02:52.586+0000] {logging_mixin.py:190} INFO - [2024-10-16T13:02:52.585+0000] {dag.py:3239} INFO - Sync 1 DAGs
[2024-10-16T13:02:52.636+0000] {logging_mixin.py:190} INFO - [2024-10-16T13:02:52.635+0000] {dag.py:4180} INFO - Setting next_dagrun for example_bash_operator to 2024-10-15 00:00:00+00:00, run_after=2024-10-16 00:00:00+00:00
[2024-10-16T13:02:52.683+0000] {processor.py:208} INFO - Processing /home/airflow/.local/lib/python3.12/site-packages/airflow/example_dags/example_bash_operator.py took 0.185 seconds
[2024-10-16T13:03:22.878+0000] {processor.py:186} INFO - Started process (PID=1672) to work on /home/airflow/.local/lib/python3.12/site-packages/airflow/example_dags/example_bash_operator.py
[2024-10-16T13:03:22.879+0000] {processor.py:914} INFO - Processing file /home/airflow/.local/lib/python3.12/site-packages/airflow/example_dags/example_bash_operator.py for tasks to queue
[2024-10-16T13:03:22.888+0000] {logging_mixin.py:190} INFO - [2024-10-16T13:03:22.887+0000] {dagbag.py:588} INFO - Filling up the DagBag from /home/airflow/.local/lib/python3.12/site-packages/airflow/example_dags/example_bash_operator.py
[2024-10-16T13:03:22.902+0000] {processor.py:925} INFO - DAG(s) 'example_bash_operator' retrieved from /home/airflow/.local/lib/python3.12/site-packages/airflow/example_dags/example_bash_operator.py
[2024-10-16T13:03:22.934+0000] {logging_mixin.py:190} INFO - [2024-10-16T13:03:22.933+0000] {dag.py:3239} INFO - Sync 1 DAGs
[2024-10-16T13:03:22.960+0000] {logging_mixin.py:190} INFO - [2024-10-16T13:03:22.959+0000] {dag.py:4180} INFO - Setting next_dagrun for example_bash_operator to 2024-10-15 00:00:00+00:00, run_after=2024-10-16 00:00:00+00:00
[2024-10-16T13:03:22.978+0000] {processor.py:208} INFO - Processing /home/airflow/.local/lib/python3.12/site-packages/airflow/example_dags/example_bash_operator.py took 0.108 seconds
[2024-10-16T13:03:53.840+0000] {processor.py:186} INFO - Started process (PID=1734) to work on /home/airflow/.local/lib/python3.12/site-packages/airflow/example_dags/example_bash_operator.py
[2024-10-16T13:03:53.841+0000] {processor.py:914} INFO - Processing file /home/airflow/.local/lib/python3.12/site-packages/airflow/example_dags/example_bash_operator.py for tasks to queue
[2024-10-16T13:03:53.845+0000] {logging_mixin.py:190} INFO - [2024-10-16T13:03:53.844+0000] {dagbag.py:588} INFO - Filling up the DagBag from /home/airflow/.local/lib/python3.12/site-packages/airflow/example_dags/example_bash_operator.py
[2024-10-16T13:03:53.860+0000] {processor.py:925} INFO - DAG(s) 'example_bash_operator' retrieved from /home/airflow/.local/lib/python3.12/site-packages/airflow/example_dags/example_bash_operator.py
[2024-10-16T13:03:53.895+0000] {logging_mixin.py:190} INFO - [2024-10-16T13:03:53.895+0000] {dag.py:3239} INFO - Sync 1 DAGs
[2024-10-16T13:03:53.932+0000] {logging_mixin.py:190} INFO - [2024-10-16T13:03:53.932+0000] {dag.py:4180} INFO - Setting next_dagrun for example_bash_operator to 2024-10-15 00:00:00+00:00, run_after=2024-10-16 00:00:00+00:00
[2024-10-16T13:03:53.955+0000] {processor.py:208} INFO - Processing /home/airflow/.local/lib/python3.12/site-packages/airflow/example_dags/example_bash_operator.py took 0.122 seconds
[2024-10-16T13:04:24.603+0000] {processor.py:186} INFO - Started process (PID=1796) to work on /home/airflow/.local/lib/python3.12/site-packages/airflow/example_dags/example_bash_operator.py
[2024-10-16T13:04:24.604+0000] {processor.py:914} INFO - Processing file /home/airflow/.local/lib/python3.12/site-packages/airflow/example_dags/example_bash_operator.py for tasks to queue
[2024-10-16T13:04:24.607+0000] {logging_mixin.py:190} INFO - [2024-10-16T13:04:24.607+0000] {dagbag.py:588} INFO - Filling up the DagBag from /home/airflow/.local/lib/python3.12/site-packages/airflow/example_dags/example_bash_operator.py
[2024-10-16T13:04:24.623+0000] {processor.py:925} INFO - DAG(s) 'example_bash_operator' retrieved from /home/airflow/.local/lib/python3.12/site-packages/airflow/example_dags/example_bash_operator.py
[2024-10-16T13:04:24.655+0000] {logging_mixin.py:190} INFO - [2024-10-16T13:04:24.655+0000] {dag.py:3239} INFO - Sync 1 DAGs
[2024-10-16T13:04:24.682+0000] {logging_mixin.py:190} INFO - [2024-10-16T13:04:24.681+0000] {dag.py:4180} INFO - Setting next_dagrun for example_bash_operator to 2024-10-15 00:00:00+00:00, run_after=2024-10-16 00:00:00+00:00
[2024-10-16T13:04:24.706+0000] {processor.py:208} INFO - Processing /home/airflow/.local/lib/python3.12/site-packages/airflow/example_dags/example_bash_operator.py took 0.110 seconds
[2024-10-16T13:08:09.060+0000] {processor.py:186} INFO - Started process (PID=112) to work on /home/airflow/.local/lib/python3.12/site-packages/airflow/example_dags/example_bash_operator.py
[2024-10-16T13:08:09.062+0000] {processor.py:914} INFO - Processing file /home/airflow/.local/lib/python3.12/site-packages/airflow/example_dags/example_bash_operator.py for tasks to queue
[2024-10-16T13:08:09.067+0000] {logging_mixin.py:190} INFO - [2024-10-16T13:08:09.066+0000] {dagbag.py:588} INFO - Filling up the DagBag from /home/airflow/.local/lib/python3.12/site-packages/airflow/example_dags/example_bash_operator.py
[2024-10-16T13:08:09.085+0000] {processor.py:925} INFO - DAG(s) 'example_bash_operator' retrieved from /home/airflow/.local/lib/python3.12/site-packages/airflow/example_dags/example_bash_operator.py
[2024-10-16T13:08:09.215+0000] {logging_mixin.py:190} INFO - [2024-10-16T13:08:09.214+0000] {override.py:1900} INFO - Created Permission View: can read on DAG:example_bash_operator
[2024-10-16T13:08:09.226+0000] {logging_mixin.py:190} INFO - [2024-10-16T13:08:09.226+0000] {override.py:1900} INFO - Created Permission View: can delete on DAG:example_bash_operator
[2024-10-16T13:08:09.233+0000] {logging_mixin.py:190} INFO - [2024-10-16T13:08:09.233+0000] {override.py:1900} INFO - Created Permission View: can edit on DAG:example_bash_operator
[2024-10-16T13:08:09.243+0000] {logging_mixin.py:190} INFO - [2024-10-16T13:08:09.243+0000] {override.py:1900} INFO - Created Permission View: can create on DAG Run:example_bash_operator
[2024-10-16T13:08:09.251+0000] {logging_mixin.py:190} INFO - [2024-10-16T13:08:09.250+0000] {override.py:1900} INFO - Created Permission View: menu access on DAG Run:example_bash_operator
[2024-10-16T13:08:09.258+0000] {logging_mixin.py:190} INFO - [2024-10-16T13:08:09.258+0000] {override.py:1900} INFO - Created Permission View: can read on DAG Run:example_bash_operator
[2024-10-16T13:08:09.267+0000] {logging_mixin.py:190} INFO - [2024-10-16T13:08:09.267+0000] {override.py:1900} INFO - Created Permission View: can delete on DAG Run:example_bash_operator
[2024-10-16T13:08:09.268+0000] {logging_mixin.py:190} INFO - [2024-10-16T13:08:09.267+0000] {dag.py:3239} INFO - Sync 1 DAGs
[2024-10-16T13:08:09.277+0000] {logging_mixin.py:190} INFO - [2024-10-16T13:08:09.277+0000] {dag.py:3262} INFO - Creating ORM DAG for example_bash_operator
[2024-10-16T13:08:09.290+0000] {logging_mixin.py:190} INFO - [2024-10-16T13:08:09.290+0000] {dag.py:4180} INFO - Setting next_dagrun for example_bash_operator to 2024-10-15 00:00:00+00:00, run_after=2024-10-16 00:00:00+00:00
[2024-10-16T13:08:09.324+0000] {processor.py:208} INFO - Processing /home/airflow/.local/lib/python3.12/site-packages/airflow/example_dags/example_bash_operator.py took 0.272 seconds
[2024-10-16T13:08:39.601+0000] {processor.py:186} INFO - Started process (PID=175) to work on /home/airflow/.local/lib/python3.12/site-packages/airflow/example_dags/example_bash_operator.py
[2024-10-16T13:08:39.603+0000] {processor.py:914} INFO - Processing file /home/airflow/.local/lib/python3.12/site-packages/airflow/example_dags/example_bash_operator.py for tasks to queue
[2024-10-16T13:08:39.606+0000] {logging_mixin.py:190} INFO - [2024-10-16T13:08:39.606+0000] {dagbag.py:588} INFO - Filling up the DagBag from /home/airflow/.local/lib/python3.12/site-packages/airflow/example_dags/example_bash_operator.py
[2024-10-16T13:08:39.621+0000] {processor.py:925} INFO - DAG(s) 'example_bash_operator' retrieved from /home/airflow/.local/lib/python3.12/site-packages/airflow/example_dags/example_bash_operator.py
[2024-10-16T13:08:39.653+0000] {logging_mixin.py:190} INFO - [2024-10-16T13:08:39.653+0000] {dag.py:3239} INFO - Sync 1 DAGs
[2024-10-16T13:08:39.687+0000] {logging_mixin.py:190} INFO - [2024-10-16T13:08:39.687+0000] {dag.py:4180} INFO - Setting next_dagrun for example_bash_operator to 2024-10-15 00:00:00+00:00, run_after=2024-10-16 00:00:00+00:00
[2024-10-16T13:08:39.718+0000] {processor.py:208} INFO - Processing /home/airflow/.local/lib/python3.12/site-packages/airflow/example_dags/example_bash_operator.py took 0.123 seconds
[2024-10-16T13:09:09.903+0000] {processor.py:186} INFO - Started process (PID=238) to work on /home/airflow/.local/lib/python3.12/site-packages/airflow/example_dags/example_bash_operator.py
[2024-10-16T13:09:09.907+0000] {processor.py:914} INFO - Processing file /home/airflow/.local/lib/python3.12/site-packages/airflow/example_dags/example_bash_operator.py for tasks to queue
[2024-10-16T13:09:09.915+0000] {logging_mixin.py:190} INFO - [2024-10-16T13:09:09.915+0000] {dagbag.py:588} INFO - Filling up the DagBag from /home/airflow/.local/lib/python3.12/site-packages/airflow/example_dags/example_bash_operator.py
[2024-10-16T13:09:09.930+0000] {processor.py:925} INFO - DAG(s) 'example_bash_operator' retrieved from /home/airflow/.local/lib/python3.12/site-packages/airflow/example_dags/example_bash_operator.py
[2024-10-16T13:09:09.983+0000] {logging_mixin.py:190} INFO - [2024-10-16T13:09:09.982+0000] {dag.py:3239} INFO - Sync 1 DAGs
[2024-10-16T13:09:10.004+0000] {logging_mixin.py:190} INFO - [2024-10-16T13:09:10.004+0000] {dag.py:4180} INFO - Setting next_dagrun for example_bash_operator to 2024-10-15 00:00:00+00:00, run_after=2024-10-16 00:00:00+00:00
[2024-10-16T13:09:10.023+0000] {processor.py:208} INFO - Processing /home/airflow/.local/lib/python3.12/site-packages/airflow/example_dags/example_bash_operator.py took 0.129 seconds
[2024-10-16T13:09:40.469+0000] {processor.py:186} INFO - Started process (PID=301) to work on /home/airflow/.local/lib/python3.12/site-packages/airflow/example_dags/example_bash_operator.py
[2024-10-16T13:09:40.470+0000] {processor.py:914} INFO - Processing file /home/airflow/.local/lib/python3.12/site-packages/airflow/example_dags/example_bash_operator.py for tasks to queue
[2024-10-16T13:09:40.474+0000] {logging_mixin.py:190} INFO - [2024-10-16T13:09:40.473+0000] {dagbag.py:588} INFO - Filling up the DagBag from /home/airflow/.local/lib/python3.12/site-packages/airflow/example_dags/example_bash_operator.py
[2024-10-16T13:09:40.495+0000] {processor.py:925} INFO - DAG(s) 'example_bash_operator' retrieved from /home/airflow/.local/lib/python3.12/site-packages/airflow/example_dags/example_bash_operator.py
[2024-10-16T13:09:40.531+0000] {logging_mixin.py:190} INFO - [2024-10-16T13:09:40.530+0000] {dag.py:3239} INFO - Sync 1 DAGs
[2024-10-16T13:09:40.564+0000] {logging_mixin.py:190} INFO - [2024-10-16T13:09:40.564+0000] {dag.py:4180} INFO - Setting next_dagrun for example_bash_operator to 2024-10-15 00:00:00+00:00, run_after=2024-10-16 00:00:00+00:00
[2024-10-16T13:09:40.598+0000] {processor.py:208} INFO - Processing /home/airflow/.local/lib/python3.12/site-packages/airflow/example_dags/example_bash_operator.py took 0.137 seconds
[2024-10-16T13:10:10.646+0000] {processor.py:186} INFO - Started process (PID=364) to work on /home/airflow/.local/lib/python3.12/site-packages/airflow/example_dags/example_bash_operator.py
[2024-10-16T13:10:10.648+0000] {processor.py:914} INFO - Processing file /home/airflow/.local/lib/python3.12/site-packages/airflow/example_dags/example_bash_operator.py for tasks to queue
[2024-10-16T13:10:10.650+0000] {logging_mixin.py:190} INFO - [2024-10-16T13:10:10.650+0000] {dagbag.py:588} INFO - Filling up the DagBag from /home/airflow/.local/lib/python3.12/site-packages/airflow/example_dags/example_bash_operator.py
[2024-10-16T13:10:10.665+0000] {processor.py:925} INFO - DAG(s) 'example_bash_operator' retrieved from /home/airflow/.local/lib/python3.12/site-packages/airflow/example_dags/example_bash_operator.py
[2024-10-16T13:10:10.697+0000] {logging_mixin.py:190} INFO - [2024-10-16T13:10:10.697+0000] {dag.py:3239} INFO - Sync 1 DAGs
[2024-10-16T13:10:10.726+0000] {logging_mixin.py:190} INFO - [2024-10-16T13:10:10.726+0000] {dag.py:4180} INFO - Setting next_dagrun for example_bash_operator to 2024-10-15 00:00:00+00:00, run_after=2024-10-16 00:00:00+00:00
[2024-10-16T13:10:10.755+0000] {processor.py:208} INFO - Processing /home/airflow/.local/lib/python3.12/site-packages/airflow/example_dags/example_bash_operator.py took 0.116 seconds
[2024-10-16T13:10:41.424+0000] {processor.py:186} INFO - Started process (PID=427) to work on /home/airflow/.local/lib/python3.12/site-packages/airflow/example_dags/example_bash_operator.py
[2024-10-16T13:10:41.424+0000] {processor.py:914} INFO - Processing file /home/airflow/.local/lib/python3.12/site-packages/airflow/example_dags/example_bash_operator.py for tasks to queue
[2024-10-16T13:10:41.427+0000] {logging_mixin.py:190} INFO - [2024-10-16T13:10:41.426+0000] {dagbag.py:588} INFO - Filling up the DagBag from /home/airflow/.local/lib/python3.12/site-packages/airflow/example_dags/example_bash_operator.py
[2024-10-16T13:10:41.436+0000] {processor.py:925} INFO - DAG(s) 'example_bash_operator' retrieved from /home/airflow/.local/lib/python3.12/site-packages/airflow/example_dags/example_bash_operator.py
[2024-10-16T13:10:41.458+0000] {logging_mixin.py:190} INFO - [2024-10-16T13:10:41.458+0000] {dag.py:3239} INFO - Sync 1 DAGs
[2024-10-16T13:10:41.479+0000] {logging_mixin.py:190} INFO - [2024-10-16T13:10:41.479+0000] {dag.py:4180} INFO - Setting next_dagrun for example_bash_operator to 2024-10-15 00:00:00+00:00, run_after=2024-10-16 00:00:00+00:00
[2024-10-16T13:10:41.503+0000] {processor.py:208} INFO - Processing /home/airflow/.local/lib/python3.12/site-packages/airflow/example_dags/example_bash_operator.py took 0.084 seconds
[2024-10-16T13:11:12.311+0000] {processor.py:186} INFO - Started process (PID=490) to work on /home/airflow/.local/lib/python3.12/site-packages/airflow/example_dags/example_bash_operator.py
[2024-10-16T13:11:12.312+0000] {processor.py:914} INFO - Processing file /home/airflow/.local/lib/python3.12/site-packages/airflow/example_dags/example_bash_operator.py for tasks to queue
[2024-10-16T13:11:12.315+0000] {logging_mixin.py:190} INFO - [2024-10-16T13:11:12.315+0000] {dagbag.py:588} INFO - Filling up the DagBag from /home/airflow/.local/lib/python3.12/site-packages/airflow/example_dags/example_bash_operator.py
[2024-10-16T13:11:12.335+0000] {processor.py:925} INFO - DAG(s) 'example_bash_operator' retrieved from /home/airflow/.local/lib/python3.12/site-packages/airflow/example_dags/example_bash_operator.py
[2024-10-16T13:11:12.390+0000] {logging_mixin.py:190} INFO - [2024-10-16T13:11:12.390+0000] {dag.py:3239} INFO - Sync 1 DAGs
[2024-10-16T13:11:12.430+0000] {logging_mixin.py:190} INFO - [2024-10-16T13:11:12.430+0000] {dag.py:4180} INFO - Setting next_dagrun for example_bash_operator to 2024-10-15 00:00:00+00:00, run_after=2024-10-16 00:00:00+00:00
[2024-10-16T13:11:12.457+0000] {processor.py:208} INFO - Processing /home/airflow/.local/lib/python3.12/site-packages/airflow/example_dags/example_bash_operator.py took 0.156 seconds
[2024-10-16T13:12:48.951+0000] {processor.py:186} INFO - Started process (PID=111) to work on /home/airflow/.local/lib/python3.12/site-packages/airflow/example_dags/example_bash_operator.py
[2024-10-16T13:12:48.953+0000] {processor.py:914} INFO - Processing file /home/airflow/.local/lib/python3.12/site-packages/airflow/example_dags/example_bash_operator.py for tasks to queue
[2024-10-16T13:12:48.955+0000] {logging_mixin.py:190} INFO - [2024-10-16T13:12:48.955+0000] {dagbag.py:588} INFO - Filling up the DagBag from /home/airflow/.local/lib/python3.12/site-packages/airflow/example_dags/example_bash_operator.py
[2024-10-16T13:12:48.969+0000] {processor.py:925} INFO - DAG(s) 'example_bash_operator' retrieved from /home/airflow/.local/lib/python3.12/site-packages/airflow/example_dags/example_bash_operator.py
[2024-10-16T13:12:49.091+0000] {logging_mixin.py:190} INFO - [2024-10-16T13:12:49.090+0000] {override.py:1900} INFO - Created Permission View: can read on DAG:example_bash_operator
[2024-10-16T13:12:49.106+0000] {logging_mixin.py:190} INFO - [2024-10-16T13:12:49.105+0000] {override.py:1900} INFO - Created Permission View: can edit on DAG:example_bash_operator
[2024-10-16T13:12:49.115+0000] {logging_mixin.py:190} INFO - [2024-10-16T13:12:49.114+0000] {override.py:1900} INFO - Created Permission View: can delete on DAG:example_bash_operator
[2024-10-16T13:12:49.125+0000] {logging_mixin.py:190} INFO - [2024-10-16T13:12:49.125+0000] {override.py:1900} INFO - Created Permission View: can read on DAG Run:example_bash_operator
[2024-10-16T13:12:49.134+0000] {logging_mixin.py:190} INFO - [2024-10-16T13:12:49.134+0000] {override.py:1900} INFO - Created Permission View: menu access on DAG Run:example_bash_operator
[2024-10-16T13:12:49.145+0000] {logging_mixin.py:190} INFO - [2024-10-16T13:12:49.144+0000] {override.py:1900} INFO - Created Permission View: can delete on DAG Run:example_bash_operator
[2024-10-16T13:12:49.154+0000] {logging_mixin.py:190} INFO - [2024-10-16T13:12:49.153+0000] {override.py:1900} INFO - Created Permission View: can create on DAG Run:example_bash_operator
[2024-10-16T13:12:49.155+0000] {logging_mixin.py:190} INFO - [2024-10-16T13:12:49.155+0000] {dag.py:3239} INFO - Sync 1 DAGs
[2024-10-16T13:12:49.175+0000] {logging_mixin.py:190} INFO - [2024-10-16T13:12:49.175+0000] {dag.py:3262} INFO - Creating ORM DAG for example_bash_operator
[2024-10-16T13:12:49.190+0000] {logging_mixin.py:190} INFO - [2024-10-16T13:12:49.190+0000] {dag.py:4180} INFO - Setting next_dagrun for example_bash_operator to 2024-10-15 00:00:00+00:00, run_after=2024-10-16 00:00:00+00:00
[2024-10-16T13:12:49.226+0000] {processor.py:208} INFO - Processing /home/airflow/.local/lib/python3.12/site-packages/airflow/example_dags/example_bash_operator.py took 0.279 seconds
[2024-10-16T13:13:19.498+0000] {processor.py:186} INFO - Started process (PID=174) to work on /home/airflow/.local/lib/python3.12/site-packages/airflow/example_dags/example_bash_operator.py
[2024-10-16T13:13:19.500+0000] {processor.py:914} INFO - Processing file /home/airflow/.local/lib/python3.12/site-packages/airflow/example_dags/example_bash_operator.py for tasks to queue
[2024-10-16T13:13:19.504+0000] {logging_mixin.py:190} INFO - [2024-10-16T13:13:19.503+0000] {dagbag.py:588} INFO - Filling up the DagBag from /home/airflow/.local/lib/python3.12/site-packages/airflow/example_dags/example_bash_operator.py
[2024-10-16T13:13:19.521+0000] {processor.py:925} INFO - DAG(s) 'example_bash_operator' retrieved from /home/airflow/.local/lib/python3.12/site-packages/airflow/example_dags/example_bash_operator.py
[2024-10-16T13:13:19.560+0000] {logging_mixin.py:190} INFO - [2024-10-16T13:13:19.560+0000] {dag.py:3239} INFO - Sync 1 DAGs
[2024-10-16T13:13:19.592+0000] {logging_mixin.py:190} INFO - [2024-10-16T13:13:19.592+0000] {dag.py:4180} INFO - Setting next_dagrun for example_bash_operator to 2024-10-15 00:00:00+00:00, run_after=2024-10-16 00:00:00+00:00
[2024-10-16T13:13:19.627+0000] {processor.py:208} INFO - Processing /home/airflow/.local/lib/python3.12/site-packages/airflow/example_dags/example_bash_operator.py took 0.137 seconds
[2024-10-16T13:14:50.200+0000] {processor.py:186} INFO - Started process (PID=113) to work on /home/airflow/.local/lib/python3.12/site-packages/airflow/example_dags/example_bash_operator.py
[2024-10-16T13:14:50.201+0000] {processor.py:914} INFO - Processing file /home/airflow/.local/lib/python3.12/site-packages/airflow/example_dags/example_bash_operator.py for tasks to queue
[2024-10-16T13:14:50.205+0000] {logging_mixin.py:190} INFO - [2024-10-16T13:14:50.205+0000] {dagbag.py:588} INFO - Filling up the DagBag from /home/airflow/.local/lib/python3.12/site-packages/airflow/example_dags/example_bash_operator.py
[2024-10-16T13:14:50.220+0000] {processor.py:925} INFO - DAG(s) 'example_bash_operator' retrieved from /home/airflow/.local/lib/python3.12/site-packages/airflow/example_dags/example_bash_operator.py
[2024-10-16T13:14:50.330+0000] {logging_mixin.py:190} INFO - [2024-10-16T13:14:50.329+0000] {override.py:1900} INFO - Created Permission View: can read on DAG:example_bash_operator
[2024-10-16T13:14:50.339+0000] {logging_mixin.py:190} INFO - [2024-10-16T13:14:50.338+0000] {override.py:1900} INFO - Created Permission View: can delete on DAG:example_bash_operator
[2024-10-16T13:14:50.346+0000] {logging_mixin.py:190} INFO - [2024-10-16T13:14:50.345+0000] {override.py:1900} INFO - Created Permission View: can edit on DAG:example_bash_operator
[2024-10-16T13:14:50.353+0000] {logging_mixin.py:190} INFO - [2024-10-16T13:14:50.353+0000] {override.py:1900} INFO - Created Permission View: can read on DAG Run:example_bash_operator
[2024-10-16T13:14:50.360+0000] {logging_mixin.py:190} INFO - [2024-10-16T13:14:50.360+0000] {override.py:1900} INFO - Created Permission View: can create on DAG Run:example_bash_operator
[2024-10-16T13:14:50.373+0000] {logging_mixin.py:190} INFO - [2024-10-16T13:14:50.373+0000] {override.py:1900} INFO - Created Permission View: can delete on DAG Run:example_bash_operator
[2024-10-16T13:14:50.383+0000] {logging_mixin.py:190} INFO - [2024-10-16T13:14:50.383+0000] {override.py:1900} INFO - Created Permission View: menu access on DAG Run:example_bash_operator
[2024-10-16T13:14:50.384+0000] {logging_mixin.py:190} INFO - [2024-10-16T13:14:50.384+0000] {dag.py:3239} INFO - Sync 1 DAGs
[2024-10-16T13:14:50.401+0000] {logging_mixin.py:190} INFO - [2024-10-16T13:14:50.401+0000] {dag.py:3262} INFO - Creating ORM DAG for example_bash_operator
[2024-10-16T13:14:50.414+0000] {logging_mixin.py:190} INFO - [2024-10-16T13:14:50.414+0000] {dag.py:4180} INFO - Setting next_dagrun for example_bash_operator to 2024-10-15 00:00:00+00:00, run_after=2024-10-16 00:00:00+00:00
[2024-10-16T13:14:50.441+0000] {processor.py:208} INFO - Processing /home/airflow/.local/lib/python3.12/site-packages/airflow/example_dags/example_bash_operator.py took 0.247 seconds
[2024-10-16T13:16:19.838+0000] {processor.py:186} INFO - Started process (PID=112) to work on /home/airflow/.local/lib/python3.12/site-packages/airflow/example_dags/example_bash_operator.py
[2024-10-16T13:16:19.839+0000] {processor.py:914} INFO - Processing file /home/airflow/.local/lib/python3.12/site-packages/airflow/example_dags/example_bash_operator.py for tasks to queue
[2024-10-16T13:16:19.843+0000] {logging_mixin.py:190} INFO - [2024-10-16T13:16:19.842+0000] {dagbag.py:588} INFO - Filling up the DagBag from /home/airflow/.local/lib/python3.12/site-packages/airflow/example_dags/example_bash_operator.py
[2024-10-16T13:16:19.860+0000] {processor.py:925} INFO - DAG(s) 'example_bash_operator' retrieved from /home/airflow/.local/lib/python3.12/site-packages/airflow/example_dags/example_bash_operator.py
[2024-10-16T13:16:20.034+0000] {logging_mixin.py:190} INFO - [2024-10-16T13:16:20.032+0000] {override.py:1900} INFO - Created Permission View: can edit on DAG:example_bash_operator
[2024-10-16T13:16:20.047+0000] {logging_mixin.py:190} INFO - [2024-10-16T13:16:20.047+0000] {override.py:1900} INFO - Created Permission View: can read on DAG:example_bash_operator
[2024-10-16T13:16:20.058+0000] {logging_mixin.py:190} INFO - [2024-10-16T13:16:20.058+0000] {override.py:1900} INFO - Created Permission View: can delete on DAG:example_bash_operator
[2024-10-16T13:16:20.070+0000] {logging_mixin.py:190} INFO - [2024-10-16T13:16:20.069+0000] {override.py:1900} INFO - Created Permission View: menu access on DAG Run:example_bash_operator
[2024-10-16T13:16:20.076+0000] {logging_mixin.py:190} INFO - [2024-10-16T13:16:20.076+0000] {override.py:1900} INFO - Created Permission View: can read on DAG Run:example_bash_operator
[2024-10-16T13:16:20.085+0000] {logging_mixin.py:190} INFO - [2024-10-16T13:16:20.084+0000] {override.py:1900} INFO - Created Permission View: can create on DAG Run:example_bash_operator
[2024-10-16T13:16:20.097+0000] {logging_mixin.py:190} INFO - [2024-10-16T13:16:20.096+0000] {override.py:1900} INFO - Created Permission View: can delete on DAG Run:example_bash_operator
[2024-10-16T13:16:20.098+0000] {logging_mixin.py:190} INFO - [2024-10-16T13:16:20.098+0000] {dag.py:3239} INFO - Sync 1 DAGs
[2024-10-16T13:16:20.110+0000] {logging_mixin.py:190} INFO - [2024-10-16T13:16:20.109+0000] {dag.py:3262} INFO - Creating ORM DAG for example_bash_operator
[2024-10-16T13:16:20.122+0000] {logging_mixin.py:190} INFO - [2024-10-16T13:16:20.121+0000] {dag.py:4180} INFO - Setting next_dagrun for example_bash_operator to 2024-10-15 00:00:00+00:00, run_after=2024-10-16 00:00:00+00:00
[2024-10-16T13:16:20.140+0000] {processor.py:208} INFO - Processing /home/airflow/.local/lib/python3.12/site-packages/airflow/example_dags/example_bash_operator.py took 0.308 seconds
[2024-10-16T13:16:50.629+0000] {processor.py:186} INFO - Started process (PID=175) to work on /home/airflow/.local/lib/python3.12/site-packages/airflow/example_dags/example_bash_operator.py
[2024-10-16T13:16:50.632+0000] {processor.py:914} INFO - Processing file /home/airflow/.local/lib/python3.12/site-packages/airflow/example_dags/example_bash_operator.py for tasks to queue
[2024-10-16T13:16:50.637+0000] {logging_mixin.py:190} INFO - [2024-10-16T13:16:50.636+0000] {dagbag.py:588} INFO - Filling up the DagBag from /home/airflow/.local/lib/python3.12/site-packages/airflow/example_dags/example_bash_operator.py
[2024-10-16T13:16:50.657+0000] {processor.py:925} INFO - DAG(s) 'example_bash_operator' retrieved from /home/airflow/.local/lib/python3.12/site-packages/airflow/example_dags/example_bash_operator.py
[2024-10-16T13:16:50.695+0000] {logging_mixin.py:190} INFO - [2024-10-16T13:16:50.695+0000] {dag.py:3239} INFO - Sync 1 DAGs
[2024-10-16T13:16:50.724+0000] {logging_mixin.py:190} INFO - [2024-10-16T13:16:50.724+0000] {dag.py:4180} INFO - Setting next_dagrun for example_bash_operator to 2024-10-15 00:00:00+00:00, run_after=2024-10-16 00:00:00+00:00
[2024-10-16T13:16:50.767+0000] {processor.py:208} INFO - Processing /home/airflow/.local/lib/python3.12/site-packages/airflow/example_dags/example_bash_operator.py took 0.144 seconds
[2024-10-16T13:17:21.171+0000] {processor.py:186} INFO - Started process (PID=238) to work on /home/airflow/.local/lib/python3.12/site-packages/airflow/example_dags/example_bash_operator.py
[2024-10-16T13:17:21.172+0000] {processor.py:914} INFO - Processing file /home/airflow/.local/lib/python3.12/site-packages/airflow/example_dags/example_bash_operator.py for tasks to queue
[2024-10-16T13:17:21.176+0000] {logging_mixin.py:190} INFO - [2024-10-16T13:17:21.176+0000] {dagbag.py:588} INFO - Filling up the DagBag from /home/airflow/.local/lib/python3.12/site-packages/airflow/example_dags/example_bash_operator.py
[2024-10-16T13:17:21.201+0000] {processor.py:925} INFO - DAG(s) 'example_bash_operator' retrieved from /home/airflow/.local/lib/python3.12/site-packages/airflow/example_dags/example_bash_operator.py
[2024-10-16T13:17:21.250+0000] {logging_mixin.py:190} INFO - [2024-10-16T13:17:21.250+0000] {dag.py:3239} INFO - Sync 1 DAGs
[2024-10-16T13:17:21.290+0000] {logging_mixin.py:190} INFO - [2024-10-16T13:17:21.289+0000] {dag.py:4180} INFO - Setting next_dagrun for example_bash_operator to 2024-10-15 00:00:00+00:00, run_after=2024-10-16 00:00:00+00:00
[2024-10-16T13:17:21.323+0000] {processor.py:208} INFO - Processing /home/airflow/.local/lib/python3.12/site-packages/airflow/example_dags/example_bash_operator.py took 0.162 seconds
[2024-10-16T13:17:51.833+0000] {processor.py:186} INFO - Started process (PID=301) to work on /home/airflow/.local/lib/python3.12/site-packages/airflow/example_dags/example_bash_operator.py
[2024-10-16T13:17:51.837+0000] {processor.py:914} INFO - Processing file /home/airflow/.local/lib/python3.12/site-packages/airflow/example_dags/example_bash_operator.py for tasks to queue
[2024-10-16T13:17:51.840+0000] {logging_mixin.py:190} INFO - [2024-10-16T13:17:51.839+0000] {dagbag.py:588} INFO - Filling up the DagBag from /home/airflow/.local/lib/python3.12/site-packages/airflow/example_dags/example_bash_operator.py
[2024-10-16T13:17:51.861+0000] {processor.py:925} INFO - DAG(s) 'example_bash_operator' retrieved from /home/airflow/.local/lib/python3.12/site-packages/airflow/example_dags/example_bash_operator.py
[2024-10-16T13:17:51.916+0000] {logging_mixin.py:190} INFO - [2024-10-16T13:17:51.915+0000] {dag.py:3239} INFO - Sync 1 DAGs
[2024-10-16T13:17:51.944+0000] {logging_mixin.py:190} INFO - [2024-10-16T13:17:51.943+0000] {dag.py:4180} INFO - Setting next_dagrun for example_bash_operator to 2024-10-15 00:00:00+00:00, run_after=2024-10-16 00:00:00+00:00
[2024-10-16T13:17:51.973+0000] {processor.py:208} INFO - Processing /home/airflow/.local/lib/python3.12/site-packages/airflow/example_dags/example_bash_operator.py took 0.146 seconds
[2024-10-16T13:18:22.727+0000] {processor.py:186} INFO - Started process (PID=364) to work on /home/airflow/.local/lib/python3.12/site-packages/airflow/example_dags/example_bash_operator.py
[2024-10-16T13:18:22.728+0000] {processor.py:914} INFO - Processing file /home/airflow/.local/lib/python3.12/site-packages/airflow/example_dags/example_bash_operator.py for tasks to queue
[2024-10-16T13:18:22.732+0000] {logging_mixin.py:190} INFO - [2024-10-16T13:18:22.731+0000] {dagbag.py:588} INFO - Filling up the DagBag from /home/airflow/.local/lib/python3.12/site-packages/airflow/example_dags/example_bash_operator.py
[2024-10-16T13:18:22.743+0000] {processor.py:925} INFO - DAG(s) 'example_bash_operator' retrieved from /home/airflow/.local/lib/python3.12/site-packages/airflow/example_dags/example_bash_operator.py
[2024-10-16T13:18:22.767+0000] {logging_mixin.py:190} INFO - [2024-10-16T13:18:22.766+0000] {dag.py:3239} INFO - Sync 1 DAGs
[2024-10-16T13:18:22.787+0000] {logging_mixin.py:190} INFO - [2024-10-16T13:18:22.786+0000] {dag.py:4180} INFO - Setting next_dagrun for example_bash_operator to 2024-10-15 00:00:00+00:00, run_after=2024-10-16 00:00:00+00:00
[2024-10-16T13:18:22.812+0000] {processor.py:208} INFO - Processing /home/airflow/.local/lib/python3.12/site-packages/airflow/example_dags/example_bash_operator.py took 0.089 seconds
[2024-10-16T13:18:53.180+0000] {processor.py:186} INFO - Started process (PID=427) to work on /home/airflow/.local/lib/python3.12/site-packages/airflow/example_dags/example_bash_operator.py
[2024-10-16T13:18:53.182+0000] {processor.py:914} INFO - Processing file /home/airflow/.local/lib/python3.12/site-packages/airflow/example_dags/example_bash_operator.py for tasks to queue
[2024-10-16T13:18:53.188+0000] {logging_mixin.py:190} INFO - [2024-10-16T13:18:53.188+0000] {dagbag.py:588} INFO - Filling up the DagBag from /home/airflow/.local/lib/python3.12/site-packages/airflow/example_dags/example_bash_operator.py
[2024-10-16T13:18:53.211+0000] {processor.py:925} INFO - DAG(s) 'example_bash_operator' retrieved from /home/airflow/.local/lib/python3.12/site-packages/airflow/example_dags/example_bash_operator.py
[2024-10-16T13:18:53.255+0000] {logging_mixin.py:190} INFO - [2024-10-16T13:18:53.255+0000] {dag.py:3239} INFO - Sync 1 DAGs
[2024-10-16T13:18:53.285+0000] {logging_mixin.py:190} INFO - [2024-10-16T13:18:53.285+0000] {dag.py:4180} INFO - Setting next_dagrun for example_bash_operator to 2024-10-15 00:00:00+00:00, run_after=2024-10-16 00:00:00+00:00
[2024-10-16T13:18:53.311+0000] {processor.py:208} INFO - Processing /home/airflow/.local/lib/python3.12/site-packages/airflow/example_dags/example_bash_operator.py took 0.138 seconds
[2024-10-16T13:19:23.458+0000] {processor.py:186} INFO - Started process (PID=490) to work on /home/airflow/.local/lib/python3.12/site-packages/airflow/example_dags/example_bash_operator.py
[2024-10-16T13:19:23.460+0000] {processor.py:914} INFO - Processing file /home/airflow/.local/lib/python3.12/site-packages/airflow/example_dags/example_bash_operator.py for tasks to queue
[2024-10-16T13:19:23.463+0000] {logging_mixin.py:190} INFO - [2024-10-16T13:19:23.462+0000] {dagbag.py:588} INFO - Filling up the DagBag from /home/airflow/.local/lib/python3.12/site-packages/airflow/example_dags/example_bash_operator.py
[2024-10-16T13:19:23.478+0000] {processor.py:925} INFO - DAG(s) 'example_bash_operator' retrieved from /home/airflow/.local/lib/python3.12/site-packages/airflow/example_dags/example_bash_operator.py
[2024-10-16T13:19:23.517+0000] {logging_mixin.py:190} INFO - [2024-10-16T13:19:23.517+0000] {dag.py:3239} INFO - Sync 1 DAGs
[2024-10-16T13:19:23.546+0000] {logging_mixin.py:190} INFO - [2024-10-16T13:19:23.546+0000] {dag.py:4180} INFO - Setting next_dagrun for example_bash_operator to 2024-10-15 00:00:00+00:00, run_after=2024-10-16 00:00:00+00:00
[2024-10-16T13:19:23.569+0000] {processor.py:208} INFO - Processing /home/airflow/.local/lib/python3.12/site-packages/airflow/example_dags/example_bash_operator.py took 0.121 seconds
[2024-10-16T13:19:53.772+0000] {processor.py:186} INFO - Started process (PID=553) to work on /home/airflow/.local/lib/python3.12/site-packages/airflow/example_dags/example_bash_operator.py
[2024-10-16T13:19:53.773+0000] {processor.py:914} INFO - Processing file /home/airflow/.local/lib/python3.12/site-packages/airflow/example_dags/example_bash_operator.py for tasks to queue
[2024-10-16T13:19:53.777+0000] {logging_mixin.py:190} INFO - [2024-10-16T13:19:53.776+0000] {dagbag.py:588} INFO - Filling up the DagBag from /home/airflow/.local/lib/python3.12/site-packages/airflow/example_dags/example_bash_operator.py
[2024-10-16T13:19:53.791+0000] {processor.py:925} INFO - DAG(s) 'example_bash_operator' retrieved from /home/airflow/.local/lib/python3.12/site-packages/airflow/example_dags/example_bash_operator.py
[2024-10-16T13:19:53.829+0000] {logging_mixin.py:190} INFO - [2024-10-16T13:19:53.829+0000] {dag.py:3239} INFO - Sync 1 DAGs
[2024-10-16T13:19:53.862+0000] {logging_mixin.py:190} INFO - [2024-10-16T13:19:53.862+0000] {dag.py:4180} INFO - Setting next_dagrun for example_bash_operator to 2024-10-15 00:00:00+00:00, run_after=2024-10-16 00:00:00+00:00
[2024-10-16T13:19:53.890+0000] {processor.py:208} INFO - Processing /home/airflow/.local/lib/python3.12/site-packages/airflow/example_dags/example_bash_operator.py took 0.124 seconds
[2024-10-16T13:20:24.702+0000] {processor.py:186} INFO - Started process (PID=616) to work on /home/airflow/.local/lib/python3.12/site-packages/airflow/example_dags/example_bash_operator.py
[2024-10-16T13:20:24.703+0000] {processor.py:914} INFO - Processing file /home/airflow/.local/lib/python3.12/site-packages/airflow/example_dags/example_bash_operator.py for tasks to queue
[2024-10-16T13:20:24.706+0000] {logging_mixin.py:190} INFO - [2024-10-16T13:20:24.706+0000] {dagbag.py:588} INFO - Filling up the DagBag from /home/airflow/.local/lib/python3.12/site-packages/airflow/example_dags/example_bash_operator.py
[2024-10-16T13:20:24.717+0000] {processor.py:925} INFO - DAG(s) 'example_bash_operator' retrieved from /home/airflow/.local/lib/python3.12/site-packages/airflow/example_dags/example_bash_operator.py
[2024-10-16T13:20:24.742+0000] {logging_mixin.py:190} INFO - [2024-10-16T13:20:24.741+0000] {dag.py:3239} INFO - Sync 1 DAGs
[2024-10-16T13:20:24.760+0000] {logging_mixin.py:190} INFO - [2024-10-16T13:20:24.759+0000] {dag.py:4180} INFO - Setting next_dagrun for example_bash_operator to 2024-10-15 00:00:00+00:00, run_after=2024-10-16 00:00:00+00:00
[2024-10-16T13:20:24.780+0000] {processor.py:208} INFO - Processing /home/airflow/.local/lib/python3.12/site-packages/airflow/example_dags/example_bash_operator.py took 0.084 seconds
[2024-10-16T13:22:04.664+0000] {processor.py:186} INFO - Started process (PID=111) to work on /home/airflow/.local/lib/python3.12/site-packages/airflow/example_dags/example_bash_operator.py
[2024-10-16T13:22:04.665+0000] {processor.py:914} INFO - Processing file /home/airflow/.local/lib/python3.12/site-packages/airflow/example_dags/example_bash_operator.py for tasks to queue
[2024-10-16T13:22:04.668+0000] {logging_mixin.py:190} INFO - [2024-10-16T13:22:04.667+0000] {dagbag.py:588} INFO - Filling up the DagBag from /home/airflow/.local/lib/python3.12/site-packages/airflow/example_dags/example_bash_operator.py
[2024-10-16T13:22:04.684+0000] {processor.py:925} INFO - DAG(s) 'example_bash_operator' retrieved from /home/airflow/.local/lib/python3.12/site-packages/airflow/example_dags/example_bash_operator.py
[2024-10-16T13:22:04.834+0000] {logging_mixin.py:190} INFO - [2024-10-16T13:22:04.833+0000] {override.py:1900} INFO - Created Permission View: can edit on DAG:example_bash_operator
[2024-10-16T13:22:04.845+0000] {logging_mixin.py:190} INFO - [2024-10-16T13:22:04.845+0000] {override.py:1900} INFO - Created Permission View: can read on DAG:example_bash_operator
[2024-10-16T13:22:04.854+0000] {logging_mixin.py:190} INFO - [2024-10-16T13:22:04.853+0000] {override.py:1900} INFO - Created Permission View: can delete on DAG:example_bash_operator
[2024-10-16T13:22:04.864+0000] {logging_mixin.py:190} INFO - [2024-10-16T13:22:04.864+0000] {override.py:1900} INFO - Created Permission View: can delete on DAG Run:example_bash_operator
[2024-10-16T13:22:04.871+0000] {logging_mixin.py:190} INFO - [2024-10-16T13:22:04.871+0000] {override.py:1900} INFO - Created Permission View: can read on DAG Run:example_bash_operator
[2024-10-16T13:22:04.890+0000] {logging_mixin.py:190} INFO - [2024-10-16T13:22:04.890+0000] {override.py:1900} INFO - Created Permission View: menu access on DAG Run:example_bash_operator
[2024-10-16T13:22:04.937+0000] {logging_mixin.py:190} INFO - [2024-10-16T13:22:04.935+0000] {override.py:1900} INFO - Created Permission View: can create on DAG Run:example_bash_operator
[2024-10-16T13:22:04.951+0000] {logging_mixin.py:190} INFO - [2024-10-16T13:22:04.951+0000] {dag.py:3239} INFO - Sync 1 DAGs
[2024-10-16T13:22:04.962+0000] {logging_mixin.py:190} INFO - [2024-10-16T13:22:04.962+0000] {dag.py:3262} INFO - Creating ORM DAG for example_bash_operator
[2024-10-16T13:22:04.974+0000] {logging_mixin.py:190} INFO - [2024-10-16T13:22:04.974+0000] {dag.py:4180} INFO - Setting next_dagrun for example_bash_operator to 2024-10-15 00:00:00+00:00, run_after=2024-10-16 00:00:00+00:00
[2024-10-16T13:22:05.002+0000] {processor.py:208} INFO - Processing /home/airflow/.local/lib/python3.12/site-packages/airflow/example_dags/example_bash_operator.py took 0.345 seconds
[2024-10-16T13:22:35.875+0000] {processor.py:186} INFO - Started process (PID=174) to work on /home/airflow/.local/lib/python3.12/site-packages/airflow/example_dags/example_bash_operator.py
[2024-10-16T13:22:35.877+0000] {processor.py:914} INFO - Processing file /home/airflow/.local/lib/python3.12/site-packages/airflow/example_dags/example_bash_operator.py for tasks to queue
[2024-10-16T13:22:35.890+0000] {logging_mixin.py:190} INFO - [2024-10-16T13:22:35.890+0000] {dagbag.py:588} INFO - Filling up the DagBag from /home/airflow/.local/lib/python3.12/site-packages/airflow/example_dags/example_bash_operator.py
[2024-10-16T13:22:35.913+0000] {processor.py:925} INFO - DAG(s) 'example_bash_operator' retrieved from /home/airflow/.local/lib/python3.12/site-packages/airflow/example_dags/example_bash_operator.py
[2024-10-16T13:22:35.989+0000] {logging_mixin.py:190} INFO - [2024-10-16T13:22:35.989+0000] {dag.py:3239} INFO - Sync 1 DAGs
[2024-10-16T13:22:36.052+0000] {logging_mixin.py:190} INFO - [2024-10-16T13:22:36.052+0000] {dag.py:4180} INFO - Setting next_dagrun for example_bash_operator to 2024-10-15 00:00:00+00:00, run_after=2024-10-16 00:00:00+00:00
[2024-10-16T13:22:36.078+0000] {processor.py:208} INFO - Processing /home/airflow/.local/lib/python3.12/site-packages/airflow/example_dags/example_bash_operator.py took 0.209 seconds
[2024-10-16T13:23:06.506+0000] {processor.py:186} INFO - Started process (PID=237) to work on /home/airflow/.local/lib/python3.12/site-packages/airflow/example_dags/example_bash_operator.py
[2024-10-16T13:23:06.509+0000] {processor.py:914} INFO - Processing file /home/airflow/.local/lib/python3.12/site-packages/airflow/example_dags/example_bash_operator.py for tasks to queue
[2024-10-16T13:23:06.517+0000] {logging_mixin.py:190} INFO - [2024-10-16T13:23:06.516+0000] {dagbag.py:588} INFO - Filling up the DagBag from /home/airflow/.local/lib/python3.12/site-packages/airflow/example_dags/example_bash_operator.py
[2024-10-16T13:23:06.531+0000] {processor.py:925} INFO - DAG(s) 'example_bash_operator' retrieved from /home/airflow/.local/lib/python3.12/site-packages/airflow/example_dags/example_bash_operator.py
[2024-10-16T13:23:06.569+0000] {logging_mixin.py:190} INFO - [2024-10-16T13:23:06.569+0000] {dag.py:3239} INFO - Sync 1 DAGs
[2024-10-16T13:23:06.608+0000] {logging_mixin.py:190} INFO - [2024-10-16T13:23:06.607+0000] {dag.py:4180} INFO - Setting next_dagrun for example_bash_operator to 2024-10-15 00:00:00+00:00, run_after=2024-10-16 00:00:00+00:00
[2024-10-16T13:23:06.640+0000] {processor.py:208} INFO - Processing /home/airflow/.local/lib/python3.12/site-packages/airflow/example_dags/example_bash_operator.py took 0.143 seconds
[2024-10-16T13:23:37.116+0000] {processor.py:186} INFO - Started process (PID=300) to work on /home/airflow/.local/lib/python3.12/site-packages/airflow/example_dags/example_bash_operator.py
[2024-10-16T13:23:37.122+0000] {processor.py:914} INFO - Processing file /home/airflow/.local/lib/python3.12/site-packages/airflow/example_dags/example_bash_operator.py for tasks to queue
[2024-10-16T13:23:37.134+0000] {logging_mixin.py:190} INFO - [2024-10-16T13:23:37.133+0000] {dagbag.py:588} INFO - Filling up the DagBag from /home/airflow/.local/lib/python3.12/site-packages/airflow/example_dags/example_bash_operator.py
[2024-10-16T13:23:37.188+0000] {processor.py:925} INFO - DAG(s) 'example_bash_operator' retrieved from /home/airflow/.local/lib/python3.12/site-packages/airflow/example_dags/example_bash_operator.py
[2024-10-16T13:23:37.256+0000] {logging_mixin.py:190} INFO - [2024-10-16T13:23:37.256+0000] {dag.py:3239} INFO - Sync 1 DAGs
[2024-10-16T13:23:37.309+0000] {logging_mixin.py:190} INFO - [2024-10-16T13:23:37.308+0000] {dag.py:4180} INFO - Setting next_dagrun for example_bash_operator to 2024-10-15 00:00:00+00:00, run_after=2024-10-16 00:00:00+00:00
[2024-10-16T13:23:37.342+0000] {processor.py:208} INFO - Processing /home/airflow/.local/lib/python3.12/site-packages/airflow/example_dags/example_bash_operator.py took 0.280 seconds
