[2024-10-16T12:50:30.511+0000] {processor.py:186} INFO - Started process (PID=83) to work on /home/airflow/.local/lib/python3.12/site-packages/airflow/example_dags/example_skip_dag.py
[2024-10-16T12:50:30.512+0000] {processor.py:914} INFO - Processing file /home/airflow/.local/lib/python3.12/site-packages/airflow/example_dags/example_skip_dag.py for tasks to queue
[2024-10-16T12:50:30.514+0000] {logging_mixin.py:190} INFO - [2024-10-16T12:50:30.514+0000] {dagbag.py:588} INFO - Filling up the DagBag from /home/airflow/.local/lib/python3.12/site-packages/airflow/example_dags/example_skip_dag.py
[2024-10-16T12:50:30.525+0000] {processor.py:925} INFO - DAG(s) 'example_skip_dag' retrieved from /home/airflow/.local/lib/python3.12/site-packages/airflow/example_dags/example_skip_dag.py
[2024-10-16T12:50:30.658+0000] {logging_mixin.py:190} INFO - [2024-10-16T12:50:30.657+0000] {override.py:1900} INFO - Created Permission View: can edit on DAG:example_skip_dag
[2024-10-16T12:50:30.668+0000] {logging_mixin.py:190} INFO - [2024-10-16T12:50:30.668+0000] {override.py:1900} INFO - Created Permission View: can read on DAG:example_skip_dag
[2024-10-16T12:50:30.678+0000] {logging_mixin.py:190} INFO - [2024-10-16T12:50:30.677+0000] {override.py:1900} INFO - Created Permission View: can delete on DAG:example_skip_dag
[2024-10-16T12:50:30.687+0000] {logging_mixin.py:190} INFO - [2024-10-16T12:50:30.686+0000] {override.py:1900} INFO - Created Permission View: can delete on DAG Run:example_skip_dag
[2024-10-16T12:50:30.695+0000] {logging_mixin.py:190} INFO - [2024-10-16T12:50:30.694+0000] {override.py:1900} INFO - Created Permission View: menu access on DAG Run:example_skip_dag
[2024-10-16T12:50:30.701+0000] {logging_mixin.py:190} INFO - [2024-10-16T12:50:30.701+0000] {override.py:1900} INFO - Created Permission View: can create on DAG Run:example_skip_dag
[2024-10-16T12:50:30.709+0000] {logging_mixin.py:190} INFO - [2024-10-16T12:50:30.709+0000] {override.py:1900} INFO - Created Permission View: can read on DAG Run:example_skip_dag
[2024-10-16T12:50:30.710+0000] {logging_mixin.py:190} INFO - [2024-10-16T12:50:30.710+0000] {dag.py:3239} INFO - Sync 1 DAGs
[2024-10-16T12:50:30.722+0000] {logging_mixin.py:190} INFO - [2024-10-16T12:50:30.721+0000] {dag.py:3262} INFO - Creating ORM DAG for example_skip_dag
[2024-10-16T12:50:30.735+0000] {logging_mixin.py:190} INFO - [2024-10-16T12:50:30.734+0000] {dag.py:4180} INFO - Setting next_dagrun for example_skip_dag to 2024-10-15 00:00:00+00:00, run_after=2024-10-16 00:00:00+00:00
[2024-10-16T12:50:30.755+0000] {processor.py:208} INFO - Processing /home/airflow/.local/lib/python3.12/site-packages/airflow/example_dags/example_skip_dag.py took 0.252 seconds
[2024-10-16T12:51:00.846+0000] {processor.py:186} INFO - Started process (PID=145) to work on /home/airflow/.local/lib/python3.12/site-packages/airflow/example_dags/example_skip_dag.py
[2024-10-16T12:51:00.847+0000] {processor.py:914} INFO - Processing file /home/airflow/.local/lib/python3.12/site-packages/airflow/example_dags/example_skip_dag.py for tasks to queue
[2024-10-16T12:51:00.849+0000] {logging_mixin.py:190} INFO - [2024-10-16T12:51:00.849+0000] {dagbag.py:588} INFO - Filling up the DagBag from /home/airflow/.local/lib/python3.12/site-packages/airflow/example_dags/example_skip_dag.py
[2024-10-16T12:51:00.857+0000] {processor.py:925} INFO - DAG(s) 'example_skip_dag' retrieved from /home/airflow/.local/lib/python3.12/site-packages/airflow/example_dags/example_skip_dag.py
[2024-10-16T12:51:00.878+0000] {logging_mixin.py:190} INFO - [2024-10-16T12:51:00.878+0000] {dag.py:3239} INFO - Sync 1 DAGs
[2024-10-16T12:51:00.898+0000] {logging_mixin.py:190} INFO - [2024-10-16T12:51:00.898+0000] {dag.py:4180} INFO - Setting next_dagrun for example_skip_dag to 2024-10-15 00:00:00+00:00, run_after=2024-10-16 00:00:00+00:00
[2024-10-16T12:51:00.917+0000] {processor.py:208} INFO - Processing /home/airflow/.local/lib/python3.12/site-packages/airflow/example_dags/example_skip_dag.py took 0.076 seconds
[2024-10-16T12:51:30.979+0000] {processor.py:186} INFO - Started process (PID=206) to work on /home/airflow/.local/lib/python3.12/site-packages/airflow/example_dags/example_skip_dag.py
[2024-10-16T12:51:30.980+0000] {processor.py:914} INFO - Processing file /home/airflow/.local/lib/python3.12/site-packages/airflow/example_dags/example_skip_dag.py for tasks to queue
[2024-10-16T12:51:30.983+0000] {logging_mixin.py:190} INFO - [2024-10-16T12:51:30.982+0000] {dagbag.py:588} INFO - Filling up the DagBag from /home/airflow/.local/lib/python3.12/site-packages/airflow/example_dags/example_skip_dag.py
[2024-10-16T12:51:30.990+0000] {processor.py:925} INFO - DAG(s) 'example_skip_dag' retrieved from /home/airflow/.local/lib/python3.12/site-packages/airflow/example_dags/example_skip_dag.py
[2024-10-16T12:51:31.011+0000] {logging_mixin.py:190} INFO - [2024-10-16T12:51:31.011+0000] {dag.py:3239} INFO - Sync 1 DAGs
[2024-10-16T12:51:31.032+0000] {logging_mixin.py:190} INFO - [2024-10-16T12:51:31.032+0000] {dag.py:4180} INFO - Setting next_dagrun for example_skip_dag to 2024-10-15 00:00:00+00:00, run_after=2024-10-16 00:00:00+00:00
[2024-10-16T12:51:31.054+0000] {processor.py:208} INFO - Processing /home/airflow/.local/lib/python3.12/site-packages/airflow/example_dags/example_skip_dag.py took 0.081 seconds
[2024-10-16T12:52:01.838+0000] {processor.py:186} INFO - Started process (PID=269) to work on /home/airflow/.local/lib/python3.12/site-packages/airflow/example_dags/example_skip_dag.py
[2024-10-16T12:52:01.841+0000] {processor.py:914} INFO - Processing file /home/airflow/.local/lib/python3.12/site-packages/airflow/example_dags/example_skip_dag.py for tasks to queue
[2024-10-16T12:52:01.844+0000] {logging_mixin.py:190} INFO - [2024-10-16T12:52:01.843+0000] {dagbag.py:588} INFO - Filling up the DagBag from /home/airflow/.local/lib/python3.12/site-packages/airflow/example_dags/example_skip_dag.py
[2024-10-16T12:52:01.852+0000] {processor.py:925} INFO - DAG(s) 'example_skip_dag' retrieved from /home/airflow/.local/lib/python3.12/site-packages/airflow/example_dags/example_skip_dag.py
[2024-10-16T12:52:01.880+0000] {logging_mixin.py:190} INFO - [2024-10-16T12:52:01.880+0000] {dag.py:3239} INFO - Sync 1 DAGs
[2024-10-16T12:52:01.908+0000] {logging_mixin.py:190} INFO - [2024-10-16T12:52:01.907+0000] {dag.py:4180} INFO - Setting next_dagrun for example_skip_dag to 2024-10-15 00:00:00+00:00, run_after=2024-10-16 00:00:00+00:00
[2024-10-16T12:52:01.932+0000] {processor.py:208} INFO - Processing /home/airflow/.local/lib/python3.12/site-packages/airflow/example_dags/example_skip_dag.py took 0.100 seconds
[2024-10-16T12:52:32.634+0000] {processor.py:186} INFO - Started process (PID=331) to work on /home/airflow/.local/lib/python3.12/site-packages/airflow/example_dags/example_skip_dag.py
[2024-10-16T12:52:32.636+0000] {processor.py:914} INFO - Processing file /home/airflow/.local/lib/python3.12/site-packages/airflow/example_dags/example_skip_dag.py for tasks to queue
[2024-10-16T12:52:32.638+0000] {logging_mixin.py:190} INFO - [2024-10-16T12:52:32.637+0000] {dagbag.py:588} INFO - Filling up the DagBag from /home/airflow/.local/lib/python3.12/site-packages/airflow/example_dags/example_skip_dag.py
[2024-10-16T12:52:32.643+0000] {processor.py:925} INFO - DAG(s) 'example_skip_dag' retrieved from /home/airflow/.local/lib/python3.12/site-packages/airflow/example_dags/example_skip_dag.py
[2024-10-16T12:52:32.661+0000] {logging_mixin.py:190} INFO - [2024-10-16T12:52:32.661+0000] {dag.py:3239} INFO - Sync 1 DAGs
[2024-10-16T12:52:32.680+0000] {logging_mixin.py:190} INFO - [2024-10-16T12:52:32.680+0000] {dag.py:4180} INFO - Setting next_dagrun for example_skip_dag to 2024-10-15 00:00:00+00:00, run_after=2024-10-16 00:00:00+00:00
[2024-10-16T12:52:32.702+0000] {processor.py:208} INFO - Processing /home/airflow/.local/lib/python3.12/site-packages/airflow/example_dags/example_skip_dag.py took 0.074 seconds
[2024-10-16T12:53:04.680+0000] {processor.py:186} INFO - Started process (PID=394) to work on /home/airflow/.local/lib/python3.12/site-packages/airflow/example_dags/example_skip_dag.py
[2024-10-16T12:53:04.682+0000] {processor.py:914} INFO - Processing file /home/airflow/.local/lib/python3.12/site-packages/airflow/example_dags/example_skip_dag.py for tasks to queue
[2024-10-16T12:53:04.685+0000] {logging_mixin.py:190} INFO - [2024-10-16T12:53:04.684+0000] {dagbag.py:588} INFO - Filling up the DagBag from /home/airflow/.local/lib/python3.12/site-packages/airflow/example_dags/example_skip_dag.py
[2024-10-16T12:53:04.693+0000] {processor.py:925} INFO - DAG(s) 'example_skip_dag' retrieved from /home/airflow/.local/lib/python3.12/site-packages/airflow/example_dags/example_skip_dag.py
[2024-10-16T12:53:04.717+0000] {logging_mixin.py:190} INFO - [2024-10-16T12:53:04.717+0000] {dag.py:3239} INFO - Sync 1 DAGs
[2024-10-16T12:53:04.744+0000] {logging_mixin.py:190} INFO - [2024-10-16T12:53:04.744+0000] {dag.py:4180} INFO - Setting next_dagrun for example_skip_dag to 2024-10-15 00:00:00+00:00, run_after=2024-10-16 00:00:00+00:00
[2024-10-16T12:53:04.768+0000] {processor.py:208} INFO - Processing /home/airflow/.local/lib/python3.12/site-packages/airflow/example_dags/example_skip_dag.py took 0.096 seconds
[2024-10-16T12:53:35.179+0000] {processor.py:186} INFO - Started process (PID=456) to work on /home/airflow/.local/lib/python3.12/site-packages/airflow/example_dags/example_skip_dag.py
[2024-10-16T12:53:35.181+0000] {processor.py:914} INFO - Processing file /home/airflow/.local/lib/python3.12/site-packages/airflow/example_dags/example_skip_dag.py for tasks to queue
[2024-10-16T12:53:35.184+0000] {logging_mixin.py:190} INFO - [2024-10-16T12:53:35.184+0000] {dagbag.py:588} INFO - Filling up the DagBag from /home/airflow/.local/lib/python3.12/site-packages/airflow/example_dags/example_skip_dag.py
[2024-10-16T12:53:35.196+0000] {processor.py:925} INFO - DAG(s) 'example_skip_dag' retrieved from /home/airflow/.local/lib/python3.12/site-packages/airflow/example_dags/example_skip_dag.py
[2024-10-16T12:53:35.221+0000] {logging_mixin.py:190} INFO - [2024-10-16T12:53:35.221+0000] {dag.py:3239} INFO - Sync 1 DAGs
[2024-10-16T12:53:35.283+0000] {logging_mixin.py:190} INFO - [2024-10-16T12:53:35.283+0000] {dag.py:4180} INFO - Setting next_dagrun for example_skip_dag to 2024-10-15 00:00:00+00:00, run_after=2024-10-16 00:00:00+00:00
[2024-10-16T12:53:35.307+0000] {processor.py:208} INFO - Processing /home/airflow/.local/lib/python3.12/site-packages/airflow/example_dags/example_skip_dag.py took 0.135 seconds
[2024-10-16T12:54:05.892+0000] {processor.py:186} INFO - Started process (PID=518) to work on /home/airflow/.local/lib/python3.12/site-packages/airflow/example_dags/example_skip_dag.py
[2024-10-16T12:54:05.893+0000] {processor.py:914} INFO - Processing file /home/airflow/.local/lib/python3.12/site-packages/airflow/example_dags/example_skip_dag.py for tasks to queue
[2024-10-16T12:54:05.896+0000] {logging_mixin.py:190} INFO - [2024-10-16T12:54:05.896+0000] {dagbag.py:588} INFO - Filling up the DagBag from /home/airflow/.local/lib/python3.12/site-packages/airflow/example_dags/example_skip_dag.py
[2024-10-16T12:54:05.904+0000] {processor.py:925} INFO - DAG(s) 'example_skip_dag' retrieved from /home/airflow/.local/lib/python3.12/site-packages/airflow/example_dags/example_skip_dag.py
[2024-10-16T12:54:05.932+0000] {logging_mixin.py:190} INFO - [2024-10-16T12:54:05.931+0000] {dag.py:3239} INFO - Sync 1 DAGs
[2024-10-16T12:54:05.961+0000] {logging_mixin.py:190} INFO - [2024-10-16T12:54:05.961+0000] {dag.py:4180} INFO - Setting next_dagrun for example_skip_dag to 2024-10-15 00:00:00+00:00, run_after=2024-10-16 00:00:00+00:00
[2024-10-16T12:54:05.979+0000] {processor.py:208} INFO - Processing /home/airflow/.local/lib/python3.12/site-packages/airflow/example_dags/example_skip_dag.py took 0.090 seconds
[2024-10-16T12:54:37.587+0000] {processor.py:186} INFO - Started process (PID=580) to work on /home/airflow/.local/lib/python3.12/site-packages/airflow/example_dags/example_skip_dag.py
[2024-10-16T12:54:37.590+0000] {processor.py:914} INFO - Processing file /home/airflow/.local/lib/python3.12/site-packages/airflow/example_dags/example_skip_dag.py for tasks to queue
[2024-10-16T12:54:37.596+0000] {logging_mixin.py:190} INFO - [2024-10-16T12:54:37.596+0000] {dagbag.py:588} INFO - Filling up the DagBag from /home/airflow/.local/lib/python3.12/site-packages/airflow/example_dags/example_skip_dag.py
[2024-10-16T12:54:37.606+0000] {processor.py:925} INFO - DAG(s) 'example_skip_dag' retrieved from /home/airflow/.local/lib/python3.12/site-packages/airflow/example_dags/example_skip_dag.py
[2024-10-16T12:54:37.760+0000] {logging_mixin.py:190} INFO - [2024-10-16T12:54:37.760+0000] {dag.py:3239} INFO - Sync 1 DAGs
[2024-10-16T12:54:37.825+0000] {logging_mixin.py:190} INFO - [2024-10-16T12:54:37.825+0000] {dag.py:4180} INFO - Setting next_dagrun for example_skip_dag to 2024-10-15 00:00:00+00:00, run_after=2024-10-16 00:00:00+00:00
[2024-10-16T12:54:38.108+0000] {processor.py:208} INFO - Processing /home/airflow/.local/lib/python3.12/site-packages/airflow/example_dags/example_skip_dag.py took 0.529 seconds
[2024-10-16T12:55:08.740+0000] {processor.py:186} INFO - Started process (PID=643) to work on /home/airflow/.local/lib/python3.12/site-packages/airflow/example_dags/example_skip_dag.py
[2024-10-16T12:55:08.742+0000] {processor.py:914} INFO - Processing file /home/airflow/.local/lib/python3.12/site-packages/airflow/example_dags/example_skip_dag.py for tasks to queue
[2024-10-16T12:55:08.744+0000] {logging_mixin.py:190} INFO - [2024-10-16T12:55:08.744+0000] {dagbag.py:588} INFO - Filling up the DagBag from /home/airflow/.local/lib/python3.12/site-packages/airflow/example_dags/example_skip_dag.py
[2024-10-16T12:55:08.753+0000] {processor.py:925} INFO - DAG(s) 'example_skip_dag' retrieved from /home/airflow/.local/lib/python3.12/site-packages/airflow/example_dags/example_skip_dag.py
[2024-10-16T12:55:08.780+0000] {logging_mixin.py:190} INFO - [2024-10-16T12:55:08.780+0000] {dag.py:3239} INFO - Sync 1 DAGs
[2024-10-16T12:55:08.808+0000] {logging_mixin.py:190} INFO - [2024-10-16T12:55:08.808+0000] {dag.py:4180} INFO - Setting next_dagrun for example_skip_dag to 2024-10-15 00:00:00+00:00, run_after=2024-10-16 00:00:00+00:00
[2024-10-16T12:55:08.837+0000] {processor.py:208} INFO - Processing /home/airflow/.local/lib/python3.12/site-packages/airflow/example_dags/example_skip_dag.py took 0.104 seconds
[2024-10-16T12:55:39.516+0000] {processor.py:186} INFO - Started process (PID=705) to work on /home/airflow/.local/lib/python3.12/site-packages/airflow/example_dags/example_skip_dag.py
[2024-10-16T12:55:39.517+0000] {processor.py:914} INFO - Processing file /home/airflow/.local/lib/python3.12/site-packages/airflow/example_dags/example_skip_dag.py for tasks to queue
[2024-10-16T12:55:39.519+0000] {logging_mixin.py:190} INFO - [2024-10-16T12:55:39.519+0000] {dagbag.py:588} INFO - Filling up the DagBag from /home/airflow/.local/lib/python3.12/site-packages/airflow/example_dags/example_skip_dag.py
[2024-10-16T12:55:39.525+0000] {processor.py:925} INFO - DAG(s) 'example_skip_dag' retrieved from /home/airflow/.local/lib/python3.12/site-packages/airflow/example_dags/example_skip_dag.py
[2024-10-16T12:55:39.546+0000] {logging_mixin.py:190} INFO - [2024-10-16T12:55:39.545+0000] {dag.py:3239} INFO - Sync 1 DAGs
[2024-10-16T12:55:39.566+0000] {logging_mixin.py:190} INFO - [2024-10-16T12:55:39.566+0000] {dag.py:4180} INFO - Setting next_dagrun for example_skip_dag to 2024-10-15 00:00:00+00:00, run_after=2024-10-16 00:00:00+00:00
[2024-10-16T12:55:39.589+0000] {processor.py:208} INFO - Processing /home/airflow/.local/lib/python3.12/site-packages/airflow/example_dags/example_skip_dag.py took 0.078 seconds
[2024-10-16T12:56:09.679+0000] {processor.py:186} INFO - Started process (PID=766) to work on /home/airflow/.local/lib/python3.12/site-packages/airflow/example_dags/example_skip_dag.py
[2024-10-16T12:56:09.680+0000] {processor.py:914} INFO - Processing file /home/airflow/.local/lib/python3.12/site-packages/airflow/example_dags/example_skip_dag.py for tasks to queue
[2024-10-16T12:56:09.683+0000] {logging_mixin.py:190} INFO - [2024-10-16T12:56:09.683+0000] {dagbag.py:588} INFO - Filling up the DagBag from /home/airflow/.local/lib/python3.12/site-packages/airflow/example_dags/example_skip_dag.py
[2024-10-16T12:56:09.694+0000] {processor.py:925} INFO - DAG(s) 'example_skip_dag' retrieved from /home/airflow/.local/lib/python3.12/site-packages/airflow/example_dags/example_skip_dag.py
[2024-10-16T12:56:09.723+0000] {logging_mixin.py:190} INFO - [2024-10-16T12:56:09.722+0000] {dag.py:3239} INFO - Sync 1 DAGs
[2024-10-16T12:56:09.754+0000] {logging_mixin.py:190} INFO - [2024-10-16T12:56:09.754+0000] {dag.py:4180} INFO - Setting next_dagrun for example_skip_dag to 2024-10-15 00:00:00+00:00, run_after=2024-10-16 00:00:00+00:00
[2024-10-16T12:56:09.782+0000] {processor.py:208} INFO - Processing /home/airflow/.local/lib/python3.12/site-packages/airflow/example_dags/example_skip_dag.py took 0.110 seconds
[2024-10-16T12:56:40.719+0000] {processor.py:186} INFO - Started process (PID=828) to work on /home/airflow/.local/lib/python3.12/site-packages/airflow/example_dags/example_skip_dag.py
[2024-10-16T12:56:40.723+0000] {processor.py:914} INFO - Processing file /home/airflow/.local/lib/python3.12/site-packages/airflow/example_dags/example_skip_dag.py for tasks to queue
[2024-10-16T12:56:40.733+0000] {logging_mixin.py:190} INFO - [2024-10-16T12:56:40.732+0000] {dagbag.py:588} INFO - Filling up the DagBag from /home/airflow/.local/lib/python3.12/site-packages/airflow/example_dags/example_skip_dag.py
[2024-10-16T12:56:40.766+0000] {processor.py:925} INFO - DAG(s) 'example_skip_dag' retrieved from /home/airflow/.local/lib/python3.12/site-packages/airflow/example_dags/example_skip_dag.py
[2024-10-16T12:56:40.790+0000] {logging_mixin.py:190} INFO - [2024-10-16T12:56:40.790+0000] {dag.py:3239} INFO - Sync 1 DAGs
[2024-10-16T12:56:40.820+0000] {logging_mixin.py:190} INFO - [2024-10-16T12:56:40.819+0000] {dag.py:4180} INFO - Setting next_dagrun for example_skip_dag to 2024-10-15 00:00:00+00:00, run_after=2024-10-16 00:00:00+00:00
[2024-10-16T12:56:40.849+0000] {processor.py:208} INFO - Processing /home/airflow/.local/lib/python3.12/site-packages/airflow/example_dags/example_skip_dag.py took 0.137 seconds
[2024-10-16T12:57:11.626+0000] {processor.py:186} INFO - Started process (PID=890) to work on /home/airflow/.local/lib/python3.12/site-packages/airflow/example_dags/example_skip_dag.py
[2024-10-16T12:57:11.627+0000] {processor.py:914} INFO - Processing file /home/airflow/.local/lib/python3.12/site-packages/airflow/example_dags/example_skip_dag.py for tasks to queue
[2024-10-16T12:57:11.630+0000] {logging_mixin.py:190} INFO - [2024-10-16T12:57:11.629+0000] {dagbag.py:588} INFO - Filling up the DagBag from /home/airflow/.local/lib/python3.12/site-packages/airflow/example_dags/example_skip_dag.py
[2024-10-16T12:57:11.637+0000] {processor.py:925} INFO - DAG(s) 'example_skip_dag' retrieved from /home/airflow/.local/lib/python3.12/site-packages/airflow/example_dags/example_skip_dag.py
[2024-10-16T12:57:11.661+0000] {logging_mixin.py:190} INFO - [2024-10-16T12:57:11.661+0000] {dag.py:3239} INFO - Sync 1 DAGs
[2024-10-16T12:57:11.686+0000] {logging_mixin.py:190} INFO - [2024-10-16T12:57:11.686+0000] {dag.py:4180} INFO - Setting next_dagrun for example_skip_dag to 2024-10-15 00:00:00+00:00, run_after=2024-10-16 00:00:00+00:00
[2024-10-16T12:57:11.712+0000] {processor.py:208} INFO - Processing /home/airflow/.local/lib/python3.12/site-packages/airflow/example_dags/example_skip_dag.py took 0.093 seconds
[2024-10-16T12:57:42.643+0000] {processor.py:186} INFO - Started process (PID=953) to work on /home/airflow/.local/lib/python3.12/site-packages/airflow/example_dags/example_skip_dag.py
[2024-10-16T12:57:42.645+0000] {processor.py:914} INFO - Processing file /home/airflow/.local/lib/python3.12/site-packages/airflow/example_dags/example_skip_dag.py for tasks to queue
[2024-10-16T12:57:42.648+0000] {logging_mixin.py:190} INFO - [2024-10-16T12:57:42.648+0000] {dagbag.py:588} INFO - Filling up the DagBag from /home/airflow/.local/lib/python3.12/site-packages/airflow/example_dags/example_skip_dag.py
[2024-10-16T12:57:42.665+0000] {processor.py:925} INFO - DAG(s) 'example_skip_dag' retrieved from /home/airflow/.local/lib/python3.12/site-packages/airflow/example_dags/example_skip_dag.py
[2024-10-16T12:57:42.715+0000] {logging_mixin.py:190} INFO - [2024-10-16T12:57:42.715+0000] {dag.py:3239} INFO - Sync 1 DAGs
[2024-10-16T12:57:42.784+0000] {logging_mixin.py:190} INFO - [2024-10-16T12:57:42.784+0000] {dag.py:4180} INFO - Setting next_dagrun for example_skip_dag to 2024-10-15 00:00:00+00:00, run_after=2024-10-16 00:00:00+00:00
[2024-10-16T12:57:42.846+0000] {processor.py:208} INFO - Processing /home/airflow/.local/lib/python3.12/site-packages/airflow/example_dags/example_skip_dag.py took 0.212 seconds
[2024-10-16T12:58:12.944+0000] {processor.py:186} INFO - Started process (PID=1015) to work on /home/airflow/.local/lib/python3.12/site-packages/airflow/example_dags/example_skip_dag.py
[2024-10-16T12:58:12.996+0000] {processor.py:914} INFO - Processing file /home/airflow/.local/lib/python3.12/site-packages/airflow/example_dags/example_skip_dag.py for tasks to queue
[2024-10-16T12:58:13.000+0000] {logging_mixin.py:190} INFO - [2024-10-16T12:58:13.000+0000] {dagbag.py:588} INFO - Filling up the DagBag from /home/airflow/.local/lib/python3.12/site-packages/airflow/example_dags/example_skip_dag.py
[2024-10-16T12:58:13.014+0000] {processor.py:925} INFO - DAG(s) 'example_skip_dag' retrieved from /home/airflow/.local/lib/python3.12/site-packages/airflow/example_dags/example_skip_dag.py
[2024-10-16T12:58:13.045+0000] {logging_mixin.py:190} INFO - [2024-10-16T12:58:13.045+0000] {dag.py:3239} INFO - Sync 1 DAGs
[2024-10-16T12:58:13.077+0000] {logging_mixin.py:190} INFO - [2024-10-16T12:58:13.077+0000] {dag.py:4180} INFO - Setting next_dagrun for example_skip_dag to 2024-10-15 00:00:00+00:00, run_after=2024-10-16 00:00:00+00:00
[2024-10-16T12:58:13.119+0000] {processor.py:208} INFO - Processing /home/airflow/.local/lib/python3.12/site-packages/airflow/example_dags/example_skip_dag.py took 0.183 seconds
[2024-10-16T12:58:44.052+0000] {processor.py:186} INFO - Started process (PID=1078) to work on /home/airflow/.local/lib/python3.12/site-packages/airflow/example_dags/example_skip_dag.py
[2024-10-16T12:58:44.054+0000] {processor.py:914} INFO - Processing file /home/airflow/.local/lib/python3.12/site-packages/airflow/example_dags/example_skip_dag.py for tasks to queue
[2024-10-16T12:58:44.057+0000] {logging_mixin.py:190} INFO - [2024-10-16T12:58:44.057+0000] {dagbag.py:588} INFO - Filling up the DagBag from /home/airflow/.local/lib/python3.12/site-packages/airflow/example_dags/example_skip_dag.py
[2024-10-16T12:58:44.067+0000] {processor.py:925} INFO - DAG(s) 'example_skip_dag' retrieved from /home/airflow/.local/lib/python3.12/site-packages/airflow/example_dags/example_skip_dag.py
[2024-10-16T12:58:44.098+0000] {logging_mixin.py:190} INFO - [2024-10-16T12:58:44.097+0000] {dag.py:3239} INFO - Sync 1 DAGs
[2024-10-16T12:58:44.124+0000] {logging_mixin.py:190} INFO - [2024-10-16T12:58:44.124+0000] {dag.py:4180} INFO - Setting next_dagrun for example_skip_dag to 2024-10-15 00:00:00+00:00, run_after=2024-10-16 00:00:00+00:00
[2024-10-16T12:58:44.153+0000] {processor.py:208} INFO - Processing /home/airflow/.local/lib/python3.12/site-packages/airflow/example_dags/example_skip_dag.py took 0.110 seconds
[2024-10-16T12:59:14.442+0000] {processor.py:186} INFO - Started process (PID=1140) to work on /home/airflow/.local/lib/python3.12/site-packages/airflow/example_dags/example_skip_dag.py
[2024-10-16T12:59:14.444+0000] {processor.py:914} INFO - Processing file /home/airflow/.local/lib/python3.12/site-packages/airflow/example_dags/example_skip_dag.py for tasks to queue
[2024-10-16T12:59:14.448+0000] {logging_mixin.py:190} INFO - [2024-10-16T12:59:14.448+0000] {dagbag.py:588} INFO - Filling up the DagBag from /home/airflow/.local/lib/python3.12/site-packages/airflow/example_dags/example_skip_dag.py
[2024-10-16T12:59:14.457+0000] {processor.py:925} INFO - DAG(s) 'example_skip_dag' retrieved from /home/airflow/.local/lib/python3.12/site-packages/airflow/example_dags/example_skip_dag.py
[2024-10-16T12:59:14.486+0000] {logging_mixin.py:190} INFO - [2024-10-16T12:59:14.486+0000] {dag.py:3239} INFO - Sync 1 DAGs
[2024-10-16T12:59:14.515+0000] {logging_mixin.py:190} INFO - [2024-10-16T12:59:14.514+0000] {dag.py:4180} INFO - Setting next_dagrun for example_skip_dag to 2024-10-15 00:00:00+00:00, run_after=2024-10-16 00:00:00+00:00
[2024-10-16T12:59:14.535+0000] {processor.py:208} INFO - Processing /home/airflow/.local/lib/python3.12/site-packages/airflow/example_dags/example_skip_dag.py took 0.099 seconds
[2024-10-16T12:59:44.819+0000] {processor.py:186} INFO - Started process (PID=1202) to work on /home/airflow/.local/lib/python3.12/site-packages/airflow/example_dags/example_skip_dag.py
[2024-10-16T12:59:44.821+0000] {processor.py:914} INFO - Processing file /home/airflow/.local/lib/python3.12/site-packages/airflow/example_dags/example_skip_dag.py for tasks to queue
[2024-10-16T12:59:44.824+0000] {logging_mixin.py:190} INFO - [2024-10-16T12:59:44.823+0000] {dagbag.py:588} INFO - Filling up the DagBag from /home/airflow/.local/lib/python3.12/site-packages/airflow/example_dags/example_skip_dag.py
[2024-10-16T12:59:44.833+0000] {processor.py:925} INFO - DAG(s) 'example_skip_dag' retrieved from /home/airflow/.local/lib/python3.12/site-packages/airflow/example_dags/example_skip_dag.py
[2024-10-16T12:59:44.860+0000] {logging_mixin.py:190} INFO - [2024-10-16T12:59:44.860+0000] {dag.py:3239} INFO - Sync 1 DAGs
[2024-10-16T12:59:44.892+0000] {logging_mixin.py:190} INFO - [2024-10-16T12:59:44.891+0000] {dag.py:4180} INFO - Setting next_dagrun for example_skip_dag to 2024-10-15 00:00:00+00:00, run_after=2024-10-16 00:00:00+00:00
[2024-10-16T12:59:44.914+0000] {processor.py:208} INFO - Processing /home/airflow/.local/lib/python3.12/site-packages/airflow/example_dags/example_skip_dag.py took 0.103 seconds
[2024-10-16T13:00:15.241+0000] {processor.py:186} INFO - Started process (PID=1264) to work on /home/airflow/.local/lib/python3.12/site-packages/airflow/example_dags/example_skip_dag.py
[2024-10-16T13:00:15.244+0000] {processor.py:914} INFO - Processing file /home/airflow/.local/lib/python3.12/site-packages/airflow/example_dags/example_skip_dag.py for tasks to queue
[2024-10-16T13:00:15.247+0000] {logging_mixin.py:190} INFO - [2024-10-16T13:00:15.247+0000] {dagbag.py:588} INFO - Filling up the DagBag from /home/airflow/.local/lib/python3.12/site-packages/airflow/example_dags/example_skip_dag.py
[2024-10-16T13:00:15.259+0000] {processor.py:925} INFO - DAG(s) 'example_skip_dag' retrieved from /home/airflow/.local/lib/python3.12/site-packages/airflow/example_dags/example_skip_dag.py
[2024-10-16T13:00:15.292+0000] {logging_mixin.py:190} INFO - [2024-10-16T13:00:15.292+0000] {dag.py:3239} INFO - Sync 1 DAGs
[2024-10-16T13:00:15.328+0000] {logging_mixin.py:190} INFO - [2024-10-16T13:00:15.328+0000] {dag.py:4180} INFO - Setting next_dagrun for example_skip_dag to 2024-10-15 00:00:00+00:00, run_after=2024-10-16 00:00:00+00:00
[2024-10-16T13:00:15.357+0000] {processor.py:208} INFO - Processing /home/airflow/.local/lib/python3.12/site-packages/airflow/example_dags/example_skip_dag.py took 0.123 seconds
[2024-10-16T13:00:45.636+0000] {processor.py:186} INFO - Started process (PID=1333) to work on /home/airflow/.local/lib/python3.12/site-packages/airflow/example_dags/example_skip_dag.py
[2024-10-16T13:00:45.638+0000] {processor.py:914} INFO - Processing file /home/airflow/.local/lib/python3.12/site-packages/airflow/example_dags/example_skip_dag.py for tasks to queue
[2024-10-16T13:00:45.642+0000] {logging_mixin.py:190} INFO - [2024-10-16T13:00:45.641+0000] {dagbag.py:588} INFO - Filling up the DagBag from /home/airflow/.local/lib/python3.12/site-packages/airflow/example_dags/example_skip_dag.py
[2024-10-16T13:00:45.652+0000] {processor.py:925} INFO - DAG(s) 'example_skip_dag' retrieved from /home/airflow/.local/lib/python3.12/site-packages/airflow/example_dags/example_skip_dag.py
[2024-10-16T13:00:45.683+0000] {logging_mixin.py:190} INFO - [2024-10-16T13:00:45.682+0000] {dag.py:3239} INFO - Sync 1 DAGs
[2024-10-16T13:00:45.718+0000] {logging_mixin.py:190} INFO - [2024-10-16T13:00:45.717+0000] {dag.py:4180} INFO - Setting next_dagrun for example_skip_dag to 2024-10-15 00:00:00+00:00, run_after=2024-10-16 00:00:00+00:00
[2024-10-16T13:00:45.743+0000] {processor.py:208} INFO - Processing /home/airflow/.local/lib/python3.12/site-packages/airflow/example_dags/example_skip_dag.py took 0.116 seconds
[2024-10-16T13:01:16.213+0000] {processor.py:186} INFO - Started process (PID=1395) to work on /home/airflow/.local/lib/python3.12/site-packages/airflow/example_dags/example_skip_dag.py
[2024-10-16T13:01:16.214+0000] {processor.py:914} INFO - Processing file /home/airflow/.local/lib/python3.12/site-packages/airflow/example_dags/example_skip_dag.py for tasks to queue
[2024-10-16T13:01:16.217+0000] {logging_mixin.py:190} INFO - [2024-10-16T13:01:16.216+0000] {dagbag.py:588} INFO - Filling up the DagBag from /home/airflow/.local/lib/python3.12/site-packages/airflow/example_dags/example_skip_dag.py
[2024-10-16T13:01:16.226+0000] {processor.py:925} INFO - DAG(s) 'example_skip_dag' retrieved from /home/airflow/.local/lib/python3.12/site-packages/airflow/example_dags/example_skip_dag.py
[2024-10-16T13:01:16.255+0000] {logging_mixin.py:190} INFO - [2024-10-16T13:01:16.255+0000] {dag.py:3239} INFO - Sync 1 DAGs
[2024-10-16T13:01:16.279+0000] {logging_mixin.py:190} INFO - [2024-10-16T13:01:16.279+0000] {dag.py:4180} INFO - Setting next_dagrun for example_skip_dag to 2024-10-15 00:00:00+00:00, run_after=2024-10-16 00:00:00+00:00
[2024-10-16T13:01:16.301+0000] {processor.py:208} INFO - Processing /home/airflow/.local/lib/python3.12/site-packages/airflow/example_dags/example_skip_dag.py took 0.095 seconds
[2024-10-16T13:01:46.970+0000] {processor.py:186} INFO - Started process (PID=1456) to work on /home/airflow/.local/lib/python3.12/site-packages/airflow/example_dags/example_skip_dag.py
[2024-10-16T13:01:46.971+0000] {processor.py:914} INFO - Processing file /home/airflow/.local/lib/python3.12/site-packages/airflow/example_dags/example_skip_dag.py for tasks to queue
[2024-10-16T13:01:46.973+0000] {logging_mixin.py:190} INFO - [2024-10-16T13:01:46.973+0000] {dagbag.py:588} INFO - Filling up the DagBag from /home/airflow/.local/lib/python3.12/site-packages/airflow/example_dags/example_skip_dag.py
[2024-10-16T13:01:46.979+0000] {processor.py:925} INFO - DAG(s) 'example_skip_dag' retrieved from /home/airflow/.local/lib/python3.12/site-packages/airflow/example_dags/example_skip_dag.py
[2024-10-16T13:01:46.998+0000] {logging_mixin.py:190} INFO - [2024-10-16T13:01:46.998+0000] {dag.py:3239} INFO - Sync 1 DAGs
[2024-10-16T13:01:47.018+0000] {logging_mixin.py:190} INFO - [2024-10-16T13:01:47.018+0000] {dag.py:4180} INFO - Setting next_dagrun for example_skip_dag to 2024-10-15 00:00:00+00:00, run_after=2024-10-16 00:00:00+00:00
[2024-10-16T13:01:47.038+0000] {processor.py:208} INFO - Processing /home/airflow/.local/lib/python3.12/site-packages/airflow/example_dags/example_skip_dag.py took 0.073 seconds
[2024-10-16T13:02:17.579+0000] {processor.py:186} INFO - Started process (PID=1519) to work on /home/airflow/.local/lib/python3.12/site-packages/airflow/example_dags/example_skip_dag.py
[2024-10-16T13:02:17.581+0000] {processor.py:914} INFO - Processing file /home/airflow/.local/lib/python3.12/site-packages/airflow/example_dags/example_skip_dag.py for tasks to queue
[2024-10-16T13:02:17.585+0000] {logging_mixin.py:190} INFO - [2024-10-16T13:02:17.585+0000] {dagbag.py:588} INFO - Filling up the DagBag from /home/airflow/.local/lib/python3.12/site-packages/airflow/example_dags/example_skip_dag.py
[2024-10-16T13:02:17.599+0000] {processor.py:925} INFO - DAG(s) 'example_skip_dag' retrieved from /home/airflow/.local/lib/python3.12/site-packages/airflow/example_dags/example_skip_dag.py
[2024-10-16T13:02:17.644+0000] {logging_mixin.py:190} INFO - [2024-10-16T13:02:17.644+0000] {dag.py:3239} INFO - Sync 1 DAGs
[2024-10-16T13:02:17.681+0000] {logging_mixin.py:190} INFO - [2024-10-16T13:02:17.680+0000] {dag.py:4180} INFO - Setting next_dagrun for example_skip_dag to 2024-10-15 00:00:00+00:00, run_after=2024-10-16 00:00:00+00:00
[2024-10-16T13:02:17.710+0000] {processor.py:208} INFO - Processing /home/airflow/.local/lib/python3.12/site-packages/airflow/example_dags/example_skip_dag.py took 0.141 seconds
[2024-10-16T13:02:48.193+0000] {processor.py:186} INFO - Started process (PID=1581) to work on /home/airflow/.local/lib/python3.12/site-packages/airflow/example_dags/example_skip_dag.py
[2024-10-16T13:02:48.194+0000] {processor.py:914} INFO - Processing file /home/airflow/.local/lib/python3.12/site-packages/airflow/example_dags/example_skip_dag.py for tasks to queue
[2024-10-16T13:02:48.197+0000] {logging_mixin.py:190} INFO - [2024-10-16T13:02:48.196+0000] {dagbag.py:588} INFO - Filling up the DagBag from /home/airflow/.local/lib/python3.12/site-packages/airflow/example_dags/example_skip_dag.py
[2024-10-16T13:02:48.207+0000] {processor.py:925} INFO - DAG(s) 'example_skip_dag' retrieved from /home/airflow/.local/lib/python3.12/site-packages/airflow/example_dags/example_skip_dag.py
[2024-10-16T13:02:48.236+0000] {logging_mixin.py:190} INFO - [2024-10-16T13:02:48.235+0000] {dag.py:3239} INFO - Sync 1 DAGs
[2024-10-16T13:02:48.266+0000] {logging_mixin.py:190} INFO - [2024-10-16T13:02:48.265+0000] {dag.py:4180} INFO - Setting next_dagrun for example_skip_dag to 2024-10-15 00:00:00+00:00, run_after=2024-10-16 00:00:00+00:00
[2024-10-16T13:02:48.297+0000] {processor.py:208} INFO - Processing /home/airflow/.local/lib/python3.12/site-packages/airflow/example_dags/example_skip_dag.py took 0.111 seconds
[2024-10-16T13:03:19.449+0000] {processor.py:186} INFO - Started process (PID=1643) to work on /home/airflow/.local/lib/python3.12/site-packages/airflow/example_dags/example_skip_dag.py
[2024-10-16T13:03:19.454+0000] {processor.py:914} INFO - Processing file /home/airflow/.local/lib/python3.12/site-packages/airflow/example_dags/example_skip_dag.py for tasks to queue
[2024-10-16T13:03:19.458+0000] {logging_mixin.py:190} INFO - [2024-10-16T13:03:19.457+0000] {dagbag.py:588} INFO - Filling up the DagBag from /home/airflow/.local/lib/python3.12/site-packages/airflow/example_dags/example_skip_dag.py
[2024-10-16T13:03:19.470+0000] {processor.py:925} INFO - DAG(s) 'example_skip_dag' retrieved from /home/airflow/.local/lib/python3.12/site-packages/airflow/example_dags/example_skip_dag.py
[2024-10-16T13:03:19.501+0000] {logging_mixin.py:190} INFO - [2024-10-16T13:03:19.501+0000] {dag.py:3239} INFO - Sync 1 DAGs
[2024-10-16T13:03:19.541+0000] {logging_mixin.py:190} INFO - [2024-10-16T13:03:19.541+0000] {dag.py:4180} INFO - Setting next_dagrun for example_skip_dag to 2024-10-15 00:00:00+00:00, run_after=2024-10-16 00:00:00+00:00
[2024-10-16T13:03:19.569+0000] {processor.py:208} INFO - Processing /home/airflow/.local/lib/python3.12/site-packages/airflow/example_dags/example_skip_dag.py took 0.128 seconds
[2024-10-16T13:03:50.239+0000] {processor.py:186} INFO - Started process (PID=1705) to work on /home/airflow/.local/lib/python3.12/site-packages/airflow/example_dags/example_skip_dag.py
[2024-10-16T13:03:50.240+0000] {processor.py:914} INFO - Processing file /home/airflow/.local/lib/python3.12/site-packages/airflow/example_dags/example_skip_dag.py for tasks to queue
[2024-10-16T13:03:50.243+0000] {logging_mixin.py:190} INFO - [2024-10-16T13:03:50.243+0000] {dagbag.py:588} INFO - Filling up the DagBag from /home/airflow/.local/lib/python3.12/site-packages/airflow/example_dags/example_skip_dag.py
[2024-10-16T13:03:50.253+0000] {processor.py:925} INFO - DAG(s) 'example_skip_dag' retrieved from /home/airflow/.local/lib/python3.12/site-packages/airflow/example_dags/example_skip_dag.py
[2024-10-16T13:03:50.286+0000] {logging_mixin.py:190} INFO - [2024-10-16T13:03:50.286+0000] {dag.py:3239} INFO - Sync 1 DAGs
[2024-10-16T13:03:50.318+0000] {logging_mixin.py:190} INFO - [2024-10-16T13:03:50.318+0000] {dag.py:4180} INFO - Setting next_dagrun for example_skip_dag to 2024-10-15 00:00:00+00:00, run_after=2024-10-16 00:00:00+00:00
[2024-10-16T13:03:50.346+0000] {processor.py:208} INFO - Processing /home/airflow/.local/lib/python3.12/site-packages/airflow/example_dags/example_skip_dag.py took 0.115 seconds
[2024-10-16T13:04:20.944+0000] {processor.py:186} INFO - Started process (PID=1767) to work on /home/airflow/.local/lib/python3.12/site-packages/airflow/example_dags/example_skip_dag.py
[2024-10-16T13:04:20.946+0000] {processor.py:914} INFO - Processing file /home/airflow/.local/lib/python3.12/site-packages/airflow/example_dags/example_skip_dag.py for tasks to queue
[2024-10-16T13:04:20.949+0000] {logging_mixin.py:190} INFO - [2024-10-16T13:04:20.949+0000] {dagbag.py:588} INFO - Filling up the DagBag from /home/airflow/.local/lib/python3.12/site-packages/airflow/example_dags/example_skip_dag.py
[2024-10-16T13:04:20.960+0000] {processor.py:925} INFO - DAG(s) 'example_skip_dag' retrieved from /home/airflow/.local/lib/python3.12/site-packages/airflow/example_dags/example_skip_dag.py
[2024-10-16T13:04:20.989+0000] {logging_mixin.py:190} INFO - [2024-10-16T13:04:20.989+0000] {dag.py:3239} INFO - Sync 1 DAGs
[2024-10-16T13:04:21.015+0000] {logging_mixin.py:190} INFO - [2024-10-16T13:04:21.014+0000] {dag.py:4180} INFO - Setting next_dagrun for example_skip_dag to 2024-10-15 00:00:00+00:00, run_after=2024-10-16 00:00:00+00:00
[2024-10-16T13:04:21.044+0000] {processor.py:208} INFO - Processing /home/airflow/.local/lib/python3.12/site-packages/airflow/example_dags/example_skip_dag.py took 0.108 seconds
[2024-10-16T13:08:04.440+0000] {processor.py:186} INFO - Started process (PID=78) to work on /home/airflow/.local/lib/python3.12/site-packages/airflow/example_dags/example_skip_dag.py
[2024-10-16T13:08:04.447+0000] {processor.py:914} INFO - Processing file /home/airflow/.local/lib/python3.12/site-packages/airflow/example_dags/example_skip_dag.py for tasks to queue
[2024-10-16T13:08:04.451+0000] {logging_mixin.py:190} INFO - [2024-10-16T13:08:04.450+0000] {dagbag.py:588} INFO - Filling up the DagBag from /home/airflow/.local/lib/python3.12/site-packages/airflow/example_dags/example_skip_dag.py
[2024-10-16T13:08:04.481+0000] {processor.py:925} INFO - DAG(s) 'example_skip_dag' retrieved from /home/airflow/.local/lib/python3.12/site-packages/airflow/example_dags/example_skip_dag.py
[2024-10-16T13:08:04.636+0000] {logging_mixin.py:190} INFO - [2024-10-16T13:08:04.635+0000] {override.py:1900} INFO - Created Permission View: can read on DAG:example_skip_dag
[2024-10-16T13:08:04.647+0000] {logging_mixin.py:190} INFO - [2024-10-16T13:08:04.647+0000] {override.py:1900} INFO - Created Permission View: can delete on DAG:example_skip_dag
[2024-10-16T13:08:04.654+0000] {logging_mixin.py:190} INFO - [2024-10-16T13:08:04.654+0000] {override.py:1900} INFO - Created Permission View: can edit on DAG:example_skip_dag
[2024-10-16T13:08:04.663+0000] {logging_mixin.py:190} INFO - [2024-10-16T13:08:04.662+0000] {override.py:1900} INFO - Created Permission View: can create on DAG Run:example_skip_dag
[2024-10-16T13:08:04.670+0000] {logging_mixin.py:190} INFO - [2024-10-16T13:08:04.670+0000] {override.py:1900} INFO - Created Permission View: menu access on DAG Run:example_skip_dag
[2024-10-16T13:08:04.679+0000] {logging_mixin.py:190} INFO - [2024-10-16T13:08:04.679+0000] {override.py:1900} INFO - Created Permission View: can read on DAG Run:example_skip_dag
[2024-10-16T13:08:04.687+0000] {logging_mixin.py:190} INFO - [2024-10-16T13:08:04.686+0000] {override.py:1900} INFO - Created Permission View: can delete on DAG Run:example_skip_dag
[2024-10-16T13:08:04.688+0000] {logging_mixin.py:190} INFO - [2024-10-16T13:08:04.687+0000] {dag.py:3239} INFO - Sync 1 DAGs
[2024-10-16T13:08:04.705+0000] {logging_mixin.py:190} INFO - [2024-10-16T13:08:04.704+0000] {dag.py:3262} INFO - Creating ORM DAG for example_skip_dag
[2024-10-16T13:08:04.717+0000] {logging_mixin.py:190} INFO - [2024-10-16T13:08:04.717+0000] {dag.py:4180} INFO - Setting next_dagrun for example_skip_dag to 2024-10-15 00:00:00+00:00, run_after=2024-10-16 00:00:00+00:00
[2024-10-16T13:08:04.743+0000] {processor.py:208} INFO - Processing /home/airflow/.local/lib/python3.12/site-packages/airflow/example_dags/example_skip_dag.py took 0.316 seconds
[2024-10-16T13:08:35.261+0000] {processor.py:186} INFO - Started process (PID=147) to work on /home/airflow/.local/lib/python3.12/site-packages/airflow/example_dags/example_skip_dag.py
[2024-10-16T13:08:35.262+0000] {processor.py:914} INFO - Processing file /home/airflow/.local/lib/python3.12/site-packages/airflow/example_dags/example_skip_dag.py for tasks to queue
[2024-10-16T13:08:35.265+0000] {logging_mixin.py:190} INFO - [2024-10-16T13:08:35.265+0000] {dagbag.py:588} INFO - Filling up the DagBag from /home/airflow/.local/lib/python3.12/site-packages/airflow/example_dags/example_skip_dag.py
[2024-10-16T13:08:35.274+0000] {processor.py:925} INFO - DAG(s) 'example_skip_dag' retrieved from /home/airflow/.local/lib/python3.12/site-packages/airflow/example_dags/example_skip_dag.py
[2024-10-16T13:08:35.302+0000] {logging_mixin.py:190} INFO - [2024-10-16T13:08:35.301+0000] {dag.py:3239} INFO - Sync 1 DAGs
[2024-10-16T13:08:35.327+0000] {logging_mixin.py:190} INFO - [2024-10-16T13:08:35.326+0000] {dag.py:4180} INFO - Setting next_dagrun for example_skip_dag to 2024-10-15 00:00:00+00:00, run_after=2024-10-16 00:00:00+00:00
[2024-10-16T13:08:35.352+0000] {processor.py:208} INFO - Processing /home/airflow/.local/lib/python3.12/site-packages/airflow/example_dags/example_skip_dag.py took 0.097 seconds
[2024-10-16T13:09:06.023+0000] {processor.py:186} INFO - Started process (PID=210) to work on /home/airflow/.local/lib/python3.12/site-packages/airflow/example_dags/example_skip_dag.py
[2024-10-16T13:09:06.028+0000] {processor.py:914} INFO - Processing file /home/airflow/.local/lib/python3.12/site-packages/airflow/example_dags/example_skip_dag.py for tasks to queue
[2024-10-16T13:09:06.030+0000] {logging_mixin.py:190} INFO - [2024-10-16T13:09:06.030+0000] {dagbag.py:588} INFO - Filling up the DagBag from /home/airflow/.local/lib/python3.12/site-packages/airflow/example_dags/example_skip_dag.py
[2024-10-16T13:09:06.037+0000] {processor.py:925} INFO - DAG(s) 'example_skip_dag' retrieved from /home/airflow/.local/lib/python3.12/site-packages/airflow/example_dags/example_skip_dag.py
[2024-10-16T13:09:06.062+0000] {logging_mixin.py:190} INFO - [2024-10-16T13:09:06.062+0000] {dag.py:3239} INFO - Sync 1 DAGs
[2024-10-16T13:09:06.083+0000] {logging_mixin.py:190} INFO - [2024-10-16T13:09:06.083+0000] {dag.py:4180} INFO - Setting next_dagrun for example_skip_dag to 2024-10-15 00:00:00+00:00, run_after=2024-10-16 00:00:00+00:00
[2024-10-16T13:09:06.105+0000] {processor.py:208} INFO - Processing /home/airflow/.local/lib/python3.12/site-packages/airflow/example_dags/example_skip_dag.py took 0.087 seconds
[2024-10-16T13:09:36.663+0000] {processor.py:186} INFO - Started process (PID=273) to work on /home/airflow/.local/lib/python3.12/site-packages/airflow/example_dags/example_skip_dag.py
[2024-10-16T13:09:36.664+0000] {processor.py:914} INFO - Processing file /home/airflow/.local/lib/python3.12/site-packages/airflow/example_dags/example_skip_dag.py for tasks to queue
[2024-10-16T13:09:36.665+0000] {logging_mixin.py:190} INFO - [2024-10-16T13:09:36.665+0000] {dagbag.py:588} INFO - Filling up the DagBag from /home/airflow/.local/lib/python3.12/site-packages/airflow/example_dags/example_skip_dag.py
[2024-10-16T13:09:36.671+0000] {processor.py:925} INFO - DAG(s) 'example_skip_dag' retrieved from /home/airflow/.local/lib/python3.12/site-packages/airflow/example_dags/example_skip_dag.py
[2024-10-16T13:09:36.689+0000] {logging_mixin.py:190} INFO - [2024-10-16T13:09:36.688+0000] {dag.py:3239} INFO - Sync 1 DAGs
[2024-10-16T13:09:36.716+0000] {logging_mixin.py:190} INFO - [2024-10-16T13:09:36.716+0000] {dag.py:4180} INFO - Setting next_dagrun for example_skip_dag to 2024-10-15 00:00:00+00:00, run_after=2024-10-16 00:00:00+00:00
[2024-10-16T13:09:36.734+0000] {processor.py:208} INFO - Processing /home/airflow/.local/lib/python3.12/site-packages/airflow/example_dags/example_skip_dag.py took 0.075 seconds
[2024-10-16T13:10:07.259+0000] {processor.py:186} INFO - Started process (PID=335) to work on /home/airflow/.local/lib/python3.12/site-packages/airflow/example_dags/example_skip_dag.py
[2024-10-16T13:10:07.260+0000] {processor.py:914} INFO - Processing file /home/airflow/.local/lib/python3.12/site-packages/airflow/example_dags/example_skip_dag.py for tasks to queue
[2024-10-16T13:10:07.263+0000] {logging_mixin.py:190} INFO - [2024-10-16T13:10:07.263+0000] {dagbag.py:588} INFO - Filling up the DagBag from /home/airflow/.local/lib/python3.12/site-packages/airflow/example_dags/example_skip_dag.py
[2024-10-16T13:10:07.270+0000] {processor.py:925} INFO - DAG(s) 'example_skip_dag' retrieved from /home/airflow/.local/lib/python3.12/site-packages/airflow/example_dags/example_skip_dag.py
[2024-10-16T13:10:07.293+0000] {logging_mixin.py:190} INFO - [2024-10-16T13:10:07.292+0000] {dag.py:3239} INFO - Sync 1 DAGs
[2024-10-16T13:10:07.319+0000] {logging_mixin.py:190} INFO - [2024-10-16T13:10:07.319+0000] {dag.py:4180} INFO - Setting next_dagrun for example_skip_dag to 2024-10-15 00:00:00+00:00, run_after=2024-10-16 00:00:00+00:00
[2024-10-16T13:10:07.347+0000] {processor.py:208} INFO - Processing /home/airflow/.local/lib/python3.12/site-packages/airflow/example_dags/example_skip_dag.py took 0.092 seconds
[2024-10-16T13:10:38.402+0000] {processor.py:186} INFO - Started process (PID=399) to work on /home/airflow/.local/lib/python3.12/site-packages/airflow/example_dags/example_skip_dag.py
[2024-10-16T13:10:38.403+0000] {processor.py:914} INFO - Processing file /home/airflow/.local/lib/python3.12/site-packages/airflow/example_dags/example_skip_dag.py for tasks to queue
[2024-10-16T13:10:38.405+0000] {logging_mixin.py:190} INFO - [2024-10-16T13:10:38.405+0000] {dagbag.py:588} INFO - Filling up the DagBag from /home/airflow/.local/lib/python3.12/site-packages/airflow/example_dags/example_skip_dag.py
[2024-10-16T13:10:38.411+0000] {processor.py:925} INFO - DAG(s) 'example_skip_dag' retrieved from /home/airflow/.local/lib/python3.12/site-packages/airflow/example_dags/example_skip_dag.py
[2024-10-16T13:10:38.435+0000] {logging_mixin.py:190} INFO - [2024-10-16T13:10:38.434+0000] {dag.py:3239} INFO - Sync 1 DAGs
[2024-10-16T13:10:38.455+0000] {logging_mixin.py:190} INFO - [2024-10-16T13:10:38.455+0000] {dag.py:4180} INFO - Setting next_dagrun for example_skip_dag to 2024-10-15 00:00:00+00:00, run_after=2024-10-16 00:00:00+00:00
[2024-10-16T13:10:38.479+0000] {processor.py:208} INFO - Processing /home/airflow/.local/lib/python3.12/site-packages/airflow/example_dags/example_skip_dag.py took 0.088 seconds
[2024-10-16T13:11:08.956+0000] {processor.py:186} INFO - Started process (PID=462) to work on /home/airflow/.local/lib/python3.12/site-packages/airflow/example_dags/example_skip_dag.py
[2024-10-16T13:11:08.957+0000] {processor.py:914} INFO - Processing file /home/airflow/.local/lib/python3.12/site-packages/airflow/example_dags/example_skip_dag.py for tasks to queue
[2024-10-16T13:11:08.959+0000] {logging_mixin.py:190} INFO - [2024-10-16T13:11:08.959+0000] {dagbag.py:588} INFO - Filling up the DagBag from /home/airflow/.local/lib/python3.12/site-packages/airflow/example_dags/example_skip_dag.py
[2024-10-16T13:11:08.967+0000] {processor.py:925} INFO - DAG(s) 'example_skip_dag' retrieved from /home/airflow/.local/lib/python3.12/site-packages/airflow/example_dags/example_skip_dag.py
[2024-10-16T13:11:08.987+0000] {logging_mixin.py:190} INFO - [2024-10-16T13:11:08.987+0000] {dag.py:3239} INFO - Sync 1 DAGs
[2024-10-16T13:11:09.005+0000] {logging_mixin.py:190} INFO - [2024-10-16T13:11:09.005+0000] {dag.py:4180} INFO - Setting next_dagrun for example_skip_dag to 2024-10-15 00:00:00+00:00, run_after=2024-10-16 00:00:00+00:00
[2024-10-16T13:11:09.025+0000] {processor.py:208} INFO - Processing /home/airflow/.local/lib/python3.12/site-packages/airflow/example_dags/example_skip_dag.py took 0.077 seconds
[2024-10-16T13:12:44.533+0000] {processor.py:186} INFO - Started process (PID=83) to work on /home/airflow/.local/lib/python3.12/site-packages/airflow/example_dags/example_skip_dag.py
[2024-10-16T13:12:44.534+0000] {processor.py:914} INFO - Processing file /home/airflow/.local/lib/python3.12/site-packages/airflow/example_dags/example_skip_dag.py for tasks to queue
[2024-10-16T13:12:44.537+0000] {logging_mixin.py:190} INFO - [2024-10-16T13:12:44.537+0000] {dagbag.py:588} INFO - Filling up the DagBag from /home/airflow/.local/lib/python3.12/site-packages/airflow/example_dags/example_skip_dag.py
[2024-10-16T13:12:44.549+0000] {processor.py:925} INFO - DAG(s) 'example_skip_dag' retrieved from /home/airflow/.local/lib/python3.12/site-packages/airflow/example_dags/example_skip_dag.py
[2024-10-16T13:12:44.669+0000] {logging_mixin.py:190} INFO - [2024-10-16T13:12:44.668+0000] {override.py:1900} INFO - Created Permission View: can read on DAG:example_skip_dag
[2024-10-16T13:12:44.684+0000] {logging_mixin.py:190} INFO - [2024-10-16T13:12:44.684+0000] {override.py:1900} INFO - Created Permission View: can edit on DAG:example_skip_dag
[2024-10-16T13:12:44.703+0000] {logging_mixin.py:190} INFO - [2024-10-16T13:12:44.702+0000] {override.py:1900} INFO - Created Permission View: can delete on DAG:example_skip_dag
[2024-10-16T13:12:44.712+0000] {logging_mixin.py:190} INFO - [2024-10-16T13:12:44.711+0000] {override.py:1900} INFO - Created Permission View: can read on DAG Run:example_skip_dag
[2024-10-16T13:12:44.720+0000] {logging_mixin.py:190} INFO - [2024-10-16T13:12:44.719+0000] {override.py:1900} INFO - Created Permission View: menu access on DAG Run:example_skip_dag
[2024-10-16T13:12:44.726+0000] {logging_mixin.py:190} INFO - [2024-10-16T13:12:44.726+0000] {override.py:1900} INFO - Created Permission View: can delete on DAG Run:example_skip_dag
[2024-10-16T13:12:44.734+0000] {logging_mixin.py:190} INFO - [2024-10-16T13:12:44.733+0000] {override.py:1900} INFO - Created Permission View: can create on DAG Run:example_skip_dag
[2024-10-16T13:12:44.735+0000] {logging_mixin.py:190} INFO - [2024-10-16T13:12:44.734+0000] {dag.py:3239} INFO - Sync 1 DAGs
[2024-10-16T13:12:44.747+0000] {logging_mixin.py:190} INFO - [2024-10-16T13:12:44.747+0000] {dag.py:3262} INFO - Creating ORM DAG for example_skip_dag
[2024-10-16T13:12:44.760+0000] {logging_mixin.py:190} INFO - [2024-10-16T13:12:44.760+0000] {dag.py:4180} INFO - Setting next_dagrun for example_skip_dag to 2024-10-15 00:00:00+00:00, run_after=2024-10-16 00:00:00+00:00
[2024-10-16T13:12:44.779+0000] {processor.py:208} INFO - Processing /home/airflow/.local/lib/python3.12/site-packages/airflow/example_dags/example_skip_dag.py took 0.252 seconds
[2024-10-16T13:13:15.806+0000] {processor.py:186} INFO - Started process (PID=146) to work on /home/airflow/.local/lib/python3.12/site-packages/airflow/example_dags/example_skip_dag.py
[2024-10-16T13:13:15.807+0000] {processor.py:914} INFO - Processing file /home/airflow/.local/lib/python3.12/site-packages/airflow/example_dags/example_skip_dag.py for tasks to queue
[2024-10-16T13:13:15.810+0000] {logging_mixin.py:190} INFO - [2024-10-16T13:13:15.809+0000] {dagbag.py:588} INFO - Filling up the DagBag from /home/airflow/.local/lib/python3.12/site-packages/airflow/example_dags/example_skip_dag.py
[2024-10-16T13:13:15.817+0000] {processor.py:925} INFO - DAG(s) 'example_skip_dag' retrieved from /home/airflow/.local/lib/python3.12/site-packages/airflow/example_dags/example_skip_dag.py
[2024-10-16T13:13:15.840+0000] {logging_mixin.py:190} INFO - [2024-10-16T13:13:15.839+0000] {dag.py:3239} INFO - Sync 1 DAGs
[2024-10-16T13:13:15.865+0000] {logging_mixin.py:190} INFO - [2024-10-16T13:13:15.864+0000] {dag.py:4180} INFO - Setting next_dagrun for example_skip_dag to 2024-10-15 00:00:00+00:00, run_after=2024-10-16 00:00:00+00:00
[2024-10-16T13:13:15.885+0000] {processor.py:208} INFO - Processing /home/airflow/.local/lib/python3.12/site-packages/airflow/example_dags/example_skip_dag.py took 0.085 seconds
[2024-10-16T13:14:46.218+0000] {processor.py:186} INFO - Started process (PID=85) to work on /home/airflow/.local/lib/python3.12/site-packages/airflow/example_dags/example_skip_dag.py
[2024-10-16T13:14:46.219+0000] {processor.py:914} INFO - Processing file /home/airflow/.local/lib/python3.12/site-packages/airflow/example_dags/example_skip_dag.py for tasks to queue
[2024-10-16T13:14:46.222+0000] {logging_mixin.py:190} INFO - [2024-10-16T13:14:46.222+0000] {dagbag.py:588} INFO - Filling up the DagBag from /home/airflow/.local/lib/python3.12/site-packages/airflow/example_dags/example_skip_dag.py
[2024-10-16T13:14:46.229+0000] {processor.py:925} INFO - DAG(s) 'example_skip_dag' retrieved from /home/airflow/.local/lib/python3.12/site-packages/airflow/example_dags/example_skip_dag.py
[2024-10-16T13:14:46.347+0000] {logging_mixin.py:190} INFO - [2024-10-16T13:14:46.346+0000] {override.py:1900} INFO - Created Permission View: can read on DAG:example_skip_dag
[2024-10-16T13:14:46.359+0000] {logging_mixin.py:190} INFO - [2024-10-16T13:14:46.359+0000] {override.py:1900} INFO - Created Permission View: can delete on DAG:example_skip_dag
[2024-10-16T13:14:46.369+0000] {logging_mixin.py:190} INFO - [2024-10-16T13:14:46.369+0000] {override.py:1900} INFO - Created Permission View: can edit on DAG:example_skip_dag
[2024-10-16T13:14:46.378+0000] {logging_mixin.py:190} INFO - [2024-10-16T13:14:46.377+0000] {override.py:1900} INFO - Created Permission View: can read on DAG Run:example_skip_dag
[2024-10-16T13:14:46.383+0000] {logging_mixin.py:190} INFO - [2024-10-16T13:14:46.383+0000] {override.py:1900} INFO - Created Permission View: can create on DAG Run:example_skip_dag
[2024-10-16T13:14:46.389+0000] {logging_mixin.py:190} INFO - [2024-10-16T13:14:46.389+0000] {override.py:1900} INFO - Created Permission View: can delete on DAG Run:example_skip_dag
[2024-10-16T13:14:46.395+0000] {logging_mixin.py:190} INFO - [2024-10-16T13:14:46.395+0000] {override.py:1900} INFO - Created Permission View: menu access on DAG Run:example_skip_dag
[2024-10-16T13:14:46.396+0000] {logging_mixin.py:190} INFO - [2024-10-16T13:14:46.395+0000] {dag.py:3239} INFO - Sync 1 DAGs
[2024-10-16T13:14:46.408+0000] {logging_mixin.py:190} INFO - [2024-10-16T13:14:46.408+0000] {dag.py:3262} INFO - Creating ORM DAG for example_skip_dag
[2024-10-16T13:14:46.419+0000] {logging_mixin.py:190} INFO - [2024-10-16T13:14:46.419+0000] {dag.py:4180} INFO - Setting next_dagrun for example_skip_dag to 2024-10-15 00:00:00+00:00, run_after=2024-10-16 00:00:00+00:00
[2024-10-16T13:14:46.438+0000] {processor.py:208} INFO - Processing /home/airflow/.local/lib/python3.12/site-packages/airflow/example_dags/example_skip_dag.py took 0.224 seconds
[2024-10-16T13:16:15.029+0000] {processor.py:186} INFO - Started process (PID=84) to work on /home/airflow/.local/lib/python3.12/site-packages/airflow/example_dags/example_skip_dag.py
[2024-10-16T13:16:15.030+0000] {processor.py:914} INFO - Processing file /home/airflow/.local/lib/python3.12/site-packages/airflow/example_dags/example_skip_dag.py for tasks to queue
[2024-10-16T13:16:15.034+0000] {logging_mixin.py:190} INFO - [2024-10-16T13:16:15.033+0000] {dagbag.py:588} INFO - Filling up the DagBag from /home/airflow/.local/lib/python3.12/site-packages/airflow/example_dags/example_skip_dag.py
[2024-10-16T13:16:15.047+0000] {processor.py:925} INFO - DAG(s) 'example_skip_dag' retrieved from /home/airflow/.local/lib/python3.12/site-packages/airflow/example_dags/example_skip_dag.py
[2024-10-16T13:16:15.196+0000] {logging_mixin.py:190} INFO - [2024-10-16T13:16:15.195+0000] {override.py:1900} INFO - Created Permission View: can edit on DAG:example_skip_dag
[2024-10-16T13:16:15.211+0000] {logging_mixin.py:190} INFO - [2024-10-16T13:16:15.210+0000] {override.py:1900} INFO - Created Permission View: can read on DAG:example_skip_dag
[2024-10-16T13:16:15.221+0000] {logging_mixin.py:190} INFO - [2024-10-16T13:16:15.220+0000] {override.py:1900} INFO - Created Permission View: can delete on DAG:example_skip_dag
[2024-10-16T13:16:15.231+0000] {logging_mixin.py:190} INFO - [2024-10-16T13:16:15.231+0000] {override.py:1900} INFO - Created Permission View: menu access on DAG Run:example_skip_dag
[2024-10-16T13:16:15.240+0000] {logging_mixin.py:190} INFO - [2024-10-16T13:16:15.239+0000] {override.py:1900} INFO - Created Permission View: can read on DAG Run:example_skip_dag
[2024-10-16T13:16:15.256+0000] {logging_mixin.py:190} INFO - [2024-10-16T13:16:15.255+0000] {override.py:1900} INFO - Created Permission View: can create on DAG Run:example_skip_dag
[2024-10-16T13:16:15.268+0000] {logging_mixin.py:190} INFO - [2024-10-16T13:16:15.267+0000] {override.py:1900} INFO - Created Permission View: can delete on DAG Run:example_skip_dag
[2024-10-16T13:16:15.269+0000] {logging_mixin.py:190} INFO - [2024-10-16T13:16:15.269+0000] {dag.py:3239} INFO - Sync 1 DAGs
[2024-10-16T13:16:15.285+0000] {logging_mixin.py:190} INFO - [2024-10-16T13:16:15.285+0000] {dag.py:3262} INFO - Creating ORM DAG for example_skip_dag
[2024-10-16T13:16:15.298+0000] {logging_mixin.py:190} INFO - [2024-10-16T13:16:15.298+0000] {dag.py:4180} INFO - Setting next_dagrun for example_skip_dag to 2024-10-15 00:00:00+00:00, run_after=2024-10-16 00:00:00+00:00
[2024-10-16T13:16:15.322+0000] {processor.py:208} INFO - Processing /home/airflow/.local/lib/python3.12/site-packages/airflow/example_dags/example_skip_dag.py took 0.301 seconds
[2024-10-16T13:16:46.063+0000] {processor.py:186} INFO - Started process (PID=147) to work on /home/airflow/.local/lib/python3.12/site-packages/airflow/example_dags/example_skip_dag.py
[2024-10-16T13:16:46.064+0000] {processor.py:914} INFO - Processing file /home/airflow/.local/lib/python3.12/site-packages/airflow/example_dags/example_skip_dag.py for tasks to queue
[2024-10-16T13:16:46.067+0000] {logging_mixin.py:190} INFO - [2024-10-16T13:16:46.066+0000] {dagbag.py:588} INFO - Filling up the DagBag from /home/airflow/.local/lib/python3.12/site-packages/airflow/example_dags/example_skip_dag.py
[2024-10-16T13:16:46.076+0000] {processor.py:925} INFO - DAG(s) 'example_skip_dag' retrieved from /home/airflow/.local/lib/python3.12/site-packages/airflow/example_dags/example_skip_dag.py
[2024-10-16T13:16:46.101+0000] {logging_mixin.py:190} INFO - [2024-10-16T13:16:46.101+0000] {dag.py:3239} INFO - Sync 1 DAGs
[2024-10-16T13:16:46.126+0000] {logging_mixin.py:190} INFO - [2024-10-16T13:16:46.126+0000] {dag.py:4180} INFO - Setting next_dagrun for example_skip_dag to 2024-10-15 00:00:00+00:00, run_after=2024-10-16 00:00:00+00:00
[2024-10-16T13:16:46.152+0000] {processor.py:208} INFO - Processing /home/airflow/.local/lib/python3.12/site-packages/airflow/example_dags/example_skip_dag.py took 0.094 seconds
[2024-10-16T13:17:16.659+0000] {processor.py:186} INFO - Started process (PID=210) to work on /home/airflow/.local/lib/python3.12/site-packages/airflow/example_dags/example_skip_dag.py
[2024-10-16T13:17:16.661+0000] {processor.py:914} INFO - Processing file /home/airflow/.local/lib/python3.12/site-packages/airflow/example_dags/example_skip_dag.py for tasks to queue
[2024-10-16T13:17:16.666+0000] {logging_mixin.py:190} INFO - [2024-10-16T13:17:16.666+0000] {dagbag.py:588} INFO - Filling up the DagBag from /home/airflow/.local/lib/python3.12/site-packages/airflow/example_dags/example_skip_dag.py
[2024-10-16T13:17:16.679+0000] {processor.py:925} INFO - DAG(s) 'example_skip_dag' retrieved from /home/airflow/.local/lib/python3.12/site-packages/airflow/example_dags/example_skip_dag.py
[2024-10-16T13:17:16.725+0000] {logging_mixin.py:190} INFO - [2024-10-16T13:17:16.724+0000] {dag.py:3239} INFO - Sync 1 DAGs
[2024-10-16T13:17:16.761+0000] {logging_mixin.py:190} INFO - [2024-10-16T13:17:16.760+0000] {dag.py:4180} INFO - Setting next_dagrun for example_skip_dag to 2024-10-15 00:00:00+00:00, run_after=2024-10-16 00:00:00+00:00
[2024-10-16T13:17:16.789+0000] {processor.py:208} INFO - Processing /home/airflow/.local/lib/python3.12/site-packages/airflow/example_dags/example_skip_dag.py took 0.138 seconds
[2024-10-16T13:17:46.998+0000] {processor.py:186} INFO - Started process (PID=273) to work on /home/airflow/.local/lib/python3.12/site-packages/airflow/example_dags/example_skip_dag.py
[2024-10-16T13:17:46.999+0000] {processor.py:914} INFO - Processing file /home/airflow/.local/lib/python3.12/site-packages/airflow/example_dags/example_skip_dag.py for tasks to queue
[2024-10-16T13:17:47.003+0000] {logging_mixin.py:190} INFO - [2024-10-16T13:17:47.002+0000] {dagbag.py:588} INFO - Filling up the DagBag from /home/airflow/.local/lib/python3.12/site-packages/airflow/example_dags/example_skip_dag.py
[2024-10-16T13:17:47.013+0000] {processor.py:925} INFO - DAG(s) 'example_skip_dag' retrieved from /home/airflow/.local/lib/python3.12/site-packages/airflow/example_dags/example_skip_dag.py
[2024-10-16T13:17:47.050+0000] {logging_mixin.py:190} INFO - [2024-10-16T13:17:47.050+0000] {dag.py:3239} INFO - Sync 1 DAGs
[2024-10-16T13:17:47.085+0000] {logging_mixin.py:190} INFO - [2024-10-16T13:17:47.085+0000] {dag.py:4180} INFO - Setting next_dagrun for example_skip_dag to 2024-10-15 00:00:00+00:00, run_after=2024-10-16 00:00:00+00:00
[2024-10-16T13:17:47.120+0000] {processor.py:208} INFO - Processing /home/airflow/.local/lib/python3.12/site-packages/airflow/example_dags/example_skip_dag.py took 0.129 seconds
[2024-10-16T13:18:18.053+0000] {processor.py:186} INFO - Started process (PID=336) to work on /home/airflow/.local/lib/python3.12/site-packages/airflow/example_dags/example_skip_dag.py
[2024-10-16T13:18:18.054+0000] {processor.py:914} INFO - Processing file /home/airflow/.local/lib/python3.12/site-packages/airflow/example_dags/example_skip_dag.py for tasks to queue
[2024-10-16T13:18:18.057+0000] {logging_mixin.py:190} INFO - [2024-10-16T13:18:18.057+0000] {dagbag.py:588} INFO - Filling up the DagBag from /home/airflow/.local/lib/python3.12/site-packages/airflow/example_dags/example_skip_dag.py
[2024-10-16T13:18:18.063+0000] {processor.py:925} INFO - DAG(s) 'example_skip_dag' retrieved from /home/airflow/.local/lib/python3.12/site-packages/airflow/example_dags/example_skip_dag.py
[2024-10-16T13:18:18.083+0000] {logging_mixin.py:190} INFO - [2024-10-16T13:18:18.083+0000] {dag.py:3239} INFO - Sync 1 DAGs
[2024-10-16T13:18:18.121+0000] {logging_mixin.py:190} INFO - [2024-10-16T13:18:18.121+0000] {dag.py:4180} INFO - Setting next_dagrun for example_skip_dag to 2024-10-15 00:00:00+00:00, run_after=2024-10-16 00:00:00+00:00
[2024-10-16T13:18:18.144+0000] {processor.py:208} INFO - Processing /home/airflow/.local/lib/python3.12/site-packages/airflow/example_dags/example_skip_dag.py took 0.095 seconds
[2024-10-16T13:18:48.742+0000] {processor.py:186} INFO - Started process (PID=399) to work on /home/airflow/.local/lib/python3.12/site-packages/airflow/example_dags/example_skip_dag.py
[2024-10-16T13:18:48.749+0000] {processor.py:914} INFO - Processing file /home/airflow/.local/lib/python3.12/site-packages/airflow/example_dags/example_skip_dag.py for tasks to queue
[2024-10-16T13:18:48.753+0000] {logging_mixin.py:190} INFO - [2024-10-16T13:18:48.752+0000] {dagbag.py:588} INFO - Filling up the DagBag from /home/airflow/.local/lib/python3.12/site-packages/airflow/example_dags/example_skip_dag.py
[2024-10-16T13:18:48.761+0000] {processor.py:925} INFO - DAG(s) 'example_skip_dag' retrieved from /home/airflow/.local/lib/python3.12/site-packages/airflow/example_dags/example_skip_dag.py
[2024-10-16T13:18:48.790+0000] {logging_mixin.py:190} INFO - [2024-10-16T13:18:48.790+0000] {dag.py:3239} INFO - Sync 1 DAGs
[2024-10-16T13:18:48.818+0000] {logging_mixin.py:190} INFO - [2024-10-16T13:18:48.818+0000] {dag.py:4180} INFO - Setting next_dagrun for example_skip_dag to 2024-10-15 00:00:00+00:00, run_after=2024-10-16 00:00:00+00:00
[2024-10-16T13:18:48.846+0000] {processor.py:208} INFO - Processing /home/airflow/.local/lib/python3.12/site-packages/airflow/example_dags/example_skip_dag.py took 0.109 seconds
[2024-10-16T13:19:19.152+0000] {processor.py:186} INFO - Started process (PID=462) to work on /home/airflow/.local/lib/python3.12/site-packages/airflow/example_dags/example_skip_dag.py
[2024-10-16T13:19:19.154+0000] {processor.py:914} INFO - Processing file /home/airflow/.local/lib/python3.12/site-packages/airflow/example_dags/example_skip_dag.py for tasks to queue
[2024-10-16T13:19:19.158+0000] {logging_mixin.py:190} INFO - [2024-10-16T13:19:19.158+0000] {dagbag.py:588} INFO - Filling up the DagBag from /home/airflow/.local/lib/python3.12/site-packages/airflow/example_dags/example_skip_dag.py
[2024-10-16T13:19:19.170+0000] {processor.py:925} INFO - DAG(s) 'example_skip_dag' retrieved from /home/airflow/.local/lib/python3.12/site-packages/airflow/example_dags/example_skip_dag.py
[2024-10-16T13:19:19.210+0000] {logging_mixin.py:190} INFO - [2024-10-16T13:19:19.210+0000] {dag.py:3239} INFO - Sync 1 DAGs
[2024-10-16T13:19:19.247+0000] {logging_mixin.py:190} INFO - [2024-10-16T13:19:19.247+0000] {dag.py:4180} INFO - Setting next_dagrun for example_skip_dag to 2024-10-15 00:00:00+00:00, run_after=2024-10-16 00:00:00+00:00
[2024-10-16T13:19:19.280+0000] {processor.py:208} INFO - Processing /home/airflow/.local/lib/python3.12/site-packages/airflow/example_dags/example_skip_dag.py took 0.137 seconds
[2024-10-16T13:19:49.420+0000] {processor.py:186} INFO - Started process (PID=524) to work on /home/airflow/.local/lib/python3.12/site-packages/airflow/example_dags/example_skip_dag.py
[2024-10-16T13:19:49.421+0000] {processor.py:914} INFO - Processing file /home/airflow/.local/lib/python3.12/site-packages/airflow/example_dags/example_skip_dag.py for tasks to queue
[2024-10-16T13:19:49.425+0000] {logging_mixin.py:190} INFO - [2024-10-16T13:19:49.424+0000] {dagbag.py:588} INFO - Filling up the DagBag from /home/airflow/.local/lib/python3.12/site-packages/airflow/example_dags/example_skip_dag.py
[2024-10-16T13:19:49.434+0000] {processor.py:925} INFO - DAG(s) 'example_skip_dag' retrieved from /home/airflow/.local/lib/python3.12/site-packages/airflow/example_dags/example_skip_dag.py
[2024-10-16T13:19:49.462+0000] {logging_mixin.py:190} INFO - [2024-10-16T13:19:49.462+0000] {dag.py:3239} INFO - Sync 1 DAGs
[2024-10-16T13:19:49.491+0000] {logging_mixin.py:190} INFO - [2024-10-16T13:19:49.491+0000] {dag.py:4180} INFO - Setting next_dagrun for example_skip_dag to 2024-10-15 00:00:00+00:00, run_after=2024-10-16 00:00:00+00:00
[2024-10-16T13:19:49.520+0000] {processor.py:208} INFO - Processing /home/airflow/.local/lib/python3.12/site-packages/airflow/example_dags/example_skip_dag.py took 0.108 seconds
[2024-10-16T13:20:20.740+0000] {processor.py:186} INFO - Started process (PID=588) to work on /home/airflow/.local/lib/python3.12/site-packages/airflow/example_dags/example_skip_dag.py
[2024-10-16T13:20:20.741+0000] {processor.py:914} INFO - Processing file /home/airflow/.local/lib/python3.12/site-packages/airflow/example_dags/example_skip_dag.py for tasks to queue
[2024-10-16T13:20:20.745+0000] {logging_mixin.py:190} INFO - [2024-10-16T13:20:20.745+0000] {dagbag.py:588} INFO - Filling up the DagBag from /home/airflow/.local/lib/python3.12/site-packages/airflow/example_dags/example_skip_dag.py
[2024-10-16T13:20:20.755+0000] {processor.py:925} INFO - DAG(s) 'example_skip_dag' retrieved from /home/airflow/.local/lib/python3.12/site-packages/airflow/example_dags/example_skip_dag.py
[2024-10-16T13:20:20.785+0000] {logging_mixin.py:190} INFO - [2024-10-16T13:20:20.784+0000] {dag.py:3239} INFO - Sync 1 DAGs
[2024-10-16T13:20:20.818+0000] {logging_mixin.py:190} INFO - [2024-10-16T13:20:20.817+0000] {dag.py:4180} INFO - Setting next_dagrun for example_skip_dag to 2024-10-15 00:00:00+00:00, run_after=2024-10-16 00:00:00+00:00
[2024-10-16T13:20:20.841+0000] {processor.py:208} INFO - Processing /home/airflow/.local/lib/python3.12/site-packages/airflow/example_dags/example_skip_dag.py took 0.109 seconds
[2024-10-16T13:22:00.972+0000] {processor.py:186} INFO - Started process (PID=83) to work on /home/airflow/.local/lib/python3.12/site-packages/airflow/example_dags/example_skip_dag.py
[2024-10-16T13:22:00.974+0000] {processor.py:914} INFO - Processing file /home/airflow/.local/lib/python3.12/site-packages/airflow/example_dags/example_skip_dag.py for tasks to queue
[2024-10-16T13:22:00.976+0000] {logging_mixin.py:190} INFO - [2024-10-16T13:22:00.976+0000] {dagbag.py:588} INFO - Filling up the DagBag from /home/airflow/.local/lib/python3.12/site-packages/airflow/example_dags/example_skip_dag.py
[2024-10-16T13:22:00.984+0000] {processor.py:925} INFO - DAG(s) 'example_skip_dag' retrieved from /home/airflow/.local/lib/python3.12/site-packages/airflow/example_dags/example_skip_dag.py
[2024-10-16T13:22:01.097+0000] {logging_mixin.py:190} INFO - [2024-10-16T13:22:01.097+0000] {override.py:1900} INFO - Created Permission View: can edit on DAG:example_skip_dag
[2024-10-16T13:22:01.107+0000] {logging_mixin.py:190} INFO - [2024-10-16T13:22:01.106+0000] {override.py:1900} INFO - Created Permission View: can read on DAG:example_skip_dag
[2024-10-16T13:22:01.113+0000] {logging_mixin.py:190} INFO - [2024-10-16T13:22:01.113+0000] {override.py:1900} INFO - Created Permission View: can delete on DAG:example_skip_dag
[2024-10-16T13:22:01.121+0000] {logging_mixin.py:190} INFO - [2024-10-16T13:22:01.120+0000] {override.py:1900} INFO - Created Permission View: can delete on DAG Run:example_skip_dag
[2024-10-16T13:22:01.126+0000] {logging_mixin.py:190} INFO - [2024-10-16T13:22:01.126+0000] {override.py:1900} INFO - Created Permission View: can read on DAG Run:example_skip_dag
[2024-10-16T13:22:01.132+0000] {logging_mixin.py:190} INFO - [2024-10-16T13:22:01.132+0000] {override.py:1900} INFO - Created Permission View: menu access on DAG Run:example_skip_dag
[2024-10-16T13:22:01.139+0000] {logging_mixin.py:190} INFO - [2024-10-16T13:22:01.139+0000] {override.py:1900} INFO - Created Permission View: can create on DAG Run:example_skip_dag
[2024-10-16T13:22:01.140+0000] {logging_mixin.py:190} INFO - [2024-10-16T13:22:01.139+0000] {dag.py:3239} INFO - Sync 1 DAGs
[2024-10-16T13:22:01.150+0000] {logging_mixin.py:190} INFO - [2024-10-16T13:22:01.149+0000] {dag.py:3262} INFO - Creating ORM DAG for example_skip_dag
[2024-10-16T13:22:01.160+0000] {logging_mixin.py:190} INFO - [2024-10-16T13:22:01.159+0000] {dag.py:4180} INFO - Setting next_dagrun for example_skip_dag to 2024-10-15 00:00:00+00:00, run_after=2024-10-16 00:00:00+00:00
[2024-10-16T13:22:01.180+0000] {processor.py:208} INFO - Processing /home/airflow/.local/lib/python3.12/site-packages/airflow/example_dags/example_skip_dag.py took 0.213 seconds
[2024-10-16T13:22:32.311+0000] {processor.py:186} INFO - Started process (PID=146) to work on /home/airflow/.local/lib/python3.12/site-packages/airflow/example_dags/example_skip_dag.py
[2024-10-16T13:22:32.313+0000] {processor.py:914} INFO - Processing file /home/airflow/.local/lib/python3.12/site-packages/airflow/example_dags/example_skip_dag.py for tasks to queue
[2024-10-16T13:22:32.315+0000] {logging_mixin.py:190} INFO - [2024-10-16T13:22:32.314+0000] {dagbag.py:588} INFO - Filling up the DagBag from /home/airflow/.local/lib/python3.12/site-packages/airflow/example_dags/example_skip_dag.py
[2024-10-16T13:22:32.322+0000] {processor.py:925} INFO - DAG(s) 'example_skip_dag' retrieved from /home/airflow/.local/lib/python3.12/site-packages/airflow/example_dags/example_skip_dag.py
[2024-10-16T13:22:32.344+0000] {logging_mixin.py:190} INFO - [2024-10-16T13:22:32.343+0000] {dag.py:3239} INFO - Sync 1 DAGs
[2024-10-16T13:22:32.365+0000] {logging_mixin.py:190} INFO - [2024-10-16T13:22:32.365+0000] {dag.py:4180} INFO - Setting next_dagrun for example_skip_dag to 2024-10-15 00:00:00+00:00, run_after=2024-10-16 00:00:00+00:00
[2024-10-16T13:22:32.381+0000] {processor.py:208} INFO - Processing /home/airflow/.local/lib/python3.12/site-packages/airflow/example_dags/example_skip_dag.py took 0.075 seconds
[2024-10-16T13:23:03.088+0000] {processor.py:186} INFO - Started process (PID=210) to work on /home/airflow/.local/lib/python3.12/site-packages/airflow/example_dags/example_skip_dag.py
[2024-10-16T13:23:03.089+0000] {processor.py:914} INFO - Processing file /home/airflow/.local/lib/python3.12/site-packages/airflow/example_dags/example_skip_dag.py for tasks to queue
[2024-10-16T13:23:03.091+0000] {logging_mixin.py:190} INFO - [2024-10-16T13:23:03.090+0000] {dagbag.py:588} INFO - Filling up the DagBag from /home/airflow/.local/lib/python3.12/site-packages/airflow/example_dags/example_skip_dag.py
[2024-10-16T13:23:03.097+0000] {processor.py:925} INFO - DAG(s) 'example_skip_dag' retrieved from /home/airflow/.local/lib/python3.12/site-packages/airflow/example_dags/example_skip_dag.py
[2024-10-16T13:23:03.115+0000] {logging_mixin.py:190} INFO - [2024-10-16T13:23:03.115+0000] {dag.py:3239} INFO - Sync 1 DAGs
[2024-10-16T13:23:03.136+0000] {logging_mixin.py:190} INFO - [2024-10-16T13:23:03.135+0000] {dag.py:4180} INFO - Setting next_dagrun for example_skip_dag to 2024-10-15 00:00:00+00:00, run_after=2024-10-16 00:00:00+00:00
[2024-10-16T13:23:03.164+0000] {processor.py:208} INFO - Processing /home/airflow/.local/lib/python3.12/site-packages/airflow/example_dags/example_skip_dag.py took 0.082 seconds
[2024-10-16T13:23:34.211+0000] {processor.py:186} INFO - Started process (PID=273) to work on /home/airflow/.local/lib/python3.12/site-packages/airflow/example_dags/example_skip_dag.py
[2024-10-16T13:23:34.213+0000] {processor.py:914} INFO - Processing file /home/airflow/.local/lib/python3.12/site-packages/airflow/example_dags/example_skip_dag.py for tasks to queue
[2024-10-16T13:23:34.216+0000] {logging_mixin.py:190} INFO - [2024-10-16T13:23:34.216+0000] {dagbag.py:588} INFO - Filling up the DagBag from /home/airflow/.local/lib/python3.12/site-packages/airflow/example_dags/example_skip_dag.py
[2024-10-16T13:23:34.228+0000] {processor.py:925} INFO - DAG(s) 'example_skip_dag' retrieved from /home/airflow/.local/lib/python3.12/site-packages/airflow/example_dags/example_skip_dag.py
[2024-10-16T13:23:34.275+0000] {logging_mixin.py:190} INFO - [2024-10-16T13:23:34.274+0000] {dag.py:3239} INFO - Sync 1 DAGs
[2024-10-16T13:23:34.308+0000] {logging_mixin.py:190} INFO - [2024-10-16T13:23:34.308+0000] {dag.py:4180} INFO - Setting next_dagrun for example_skip_dag to 2024-10-15 00:00:00+00:00, run_after=2024-10-16 00:00:00+00:00
[2024-10-16T13:23:34.330+0000] {processor.py:208} INFO - Processing /home/airflow/.local/lib/python3.12/site-packages/airflow/example_dags/example_skip_dag.py took 0.128 seconds
