[2024-10-16T12:50:32.325+0000] {processor.py:186} INFO - Started process (PID=95) to work on /home/airflow/.local/lib/python3.12/site-packages/airflow/example_dags/example_python_decorator.py
[2024-10-16T12:50:32.327+0000] {processor.py:914} INFO - Processing file /home/airflow/.local/lib/python3.12/site-packages/airflow/example_dags/example_python_decorator.py for tasks to queue
[2024-10-16T12:50:32.330+0000] {logging_mixin.py:190} INFO - [2024-10-16T12:50:32.329+0000] {dagbag.py:588} INFO - Filling up the DagBag from /home/airflow/.local/lib/python3.12/site-packages/airflow/example_dags/example_python_decorator.py
[2024-10-16T12:50:32.363+0000] {processor.py:925} INFO - DAG(s) 'example_python_decorator' retrieved from /home/airflow/.local/lib/python3.12/site-packages/airflow/example_dags/example_python_decorator.py
[2024-10-16T12:50:32.510+0000] {logging_mixin.py:190} INFO - [2024-10-16T12:50:32.509+0000] {override.py:1900} INFO - Created Permission View: can edit on DAG:example_python_decorator
[2024-10-16T12:50:32.520+0000] {logging_mixin.py:190} INFO - [2024-10-16T12:50:32.519+0000] {override.py:1900} INFO - Created Permission View: can read on DAG:example_python_decorator
[2024-10-16T12:50:32.526+0000] {logging_mixin.py:190} INFO - [2024-10-16T12:50:32.526+0000] {override.py:1900} INFO - Created Permission View: can delete on DAG:example_python_decorator
[2024-10-16T12:50:32.533+0000] {logging_mixin.py:190} INFO - [2024-10-16T12:50:32.532+0000] {override.py:1900} INFO - Created Permission View: can delete on DAG Run:example_python_decorator
[2024-10-16T12:50:32.541+0000] {logging_mixin.py:190} INFO - [2024-10-16T12:50:32.541+0000] {override.py:1900} INFO - Created Permission View: menu access on DAG Run:example_python_decorator
[2024-10-16T12:50:32.547+0000] {logging_mixin.py:190} INFO - [2024-10-16T12:50:32.547+0000] {override.py:1900} INFO - Created Permission View: can create on DAG Run:example_python_decorator
[2024-10-16T12:50:32.559+0000] {logging_mixin.py:190} INFO - [2024-10-16T12:50:32.558+0000] {override.py:1900} INFO - Created Permission View: can read on DAG Run:example_python_decorator
[2024-10-16T12:50:32.560+0000] {logging_mixin.py:190} INFO - [2024-10-16T12:50:32.560+0000] {dag.py:3239} INFO - Sync 1 DAGs
[2024-10-16T12:50:32.576+0000] {logging_mixin.py:190} INFO - [2024-10-16T12:50:32.575+0000] {dag.py:3262} INFO - Creating ORM DAG for example_python_decorator
[2024-10-16T12:50:32.578+0000] {logging_mixin.py:190} INFO - [2024-10-16T12:50:32.578+0000] {dag.py:4180} INFO - Setting next_dagrun for example_python_decorator to None, run_after=None
[2024-10-16T12:50:32.598+0000] {processor.py:208} INFO - Processing /home/airflow/.local/lib/python3.12/site-packages/airflow/example_dags/example_python_decorator.py took 0.281 seconds
[2024-10-16T12:51:02.942+0000] {processor.py:186} INFO - Started process (PID=157) to work on /home/airflow/.local/lib/python3.12/site-packages/airflow/example_dags/example_python_decorator.py
[2024-10-16T12:51:02.943+0000] {processor.py:914} INFO - Processing file /home/airflow/.local/lib/python3.12/site-packages/airflow/example_dags/example_python_decorator.py for tasks to queue
[2024-10-16T12:51:02.946+0000] {logging_mixin.py:190} INFO - [2024-10-16T12:51:02.946+0000] {dagbag.py:588} INFO - Filling up the DagBag from /home/airflow/.local/lib/python3.12/site-packages/airflow/example_dags/example_python_decorator.py
[2024-10-16T12:51:02.957+0000] {processor.py:925} INFO - DAG(s) 'example_python_decorator' retrieved from /home/airflow/.local/lib/python3.12/site-packages/airflow/example_dags/example_python_decorator.py
[2024-10-16T12:51:02.981+0000] {logging_mixin.py:190} INFO - [2024-10-16T12:51:02.981+0000] {dag.py:3239} INFO - Sync 1 DAGs
[2024-10-16T12:51:02.991+0000] {logging_mixin.py:190} INFO - [2024-10-16T12:51:02.991+0000] {dag.py:4180} INFO - Setting next_dagrun for example_python_decorator to None, run_after=None
[2024-10-16T12:51:03.013+0000] {processor.py:208} INFO - Processing /home/airflow/.local/lib/python3.12/site-packages/airflow/example_dags/example_python_decorator.py took 0.075 seconds
[2024-10-16T12:51:33.852+0000] {processor.py:186} INFO - Started process (PID=219) to work on /home/airflow/.local/lib/python3.12/site-packages/airflow/example_dags/example_python_decorator.py
[2024-10-16T12:51:33.853+0000] {processor.py:914} INFO - Processing file /home/airflow/.local/lib/python3.12/site-packages/airflow/example_dags/example_python_decorator.py for tasks to queue
[2024-10-16T12:51:33.856+0000] {logging_mixin.py:190} INFO - [2024-10-16T12:51:33.855+0000] {dagbag.py:588} INFO - Filling up the DagBag from /home/airflow/.local/lib/python3.12/site-packages/airflow/example_dags/example_python_decorator.py
[2024-10-16T12:51:33.871+0000] {processor.py:925} INFO - DAG(s) 'example_python_decorator' retrieved from /home/airflow/.local/lib/python3.12/site-packages/airflow/example_dags/example_python_decorator.py
[2024-10-16T12:51:33.896+0000] {logging_mixin.py:190} INFO - [2024-10-16T12:51:33.895+0000] {dag.py:3239} INFO - Sync 1 DAGs
[2024-10-16T12:51:33.912+0000] {logging_mixin.py:190} INFO - [2024-10-16T12:51:33.912+0000] {dag.py:4180} INFO - Setting next_dagrun for example_python_decorator to None, run_after=None
[2024-10-16T12:51:33.939+0000] {processor.py:208} INFO - Processing /home/airflow/.local/lib/python3.12/site-packages/airflow/example_dags/example_python_decorator.py took 0.095 seconds
[2024-10-16T12:52:04.152+0000] {processor.py:186} INFO - Started process (PID=281) to work on /home/airflow/.local/lib/python3.12/site-packages/airflow/example_dags/example_python_decorator.py
[2024-10-16T12:52:04.154+0000] {processor.py:914} INFO - Processing file /home/airflow/.local/lib/python3.12/site-packages/airflow/example_dags/example_python_decorator.py for tasks to queue
[2024-10-16T12:52:04.156+0000] {logging_mixin.py:190} INFO - [2024-10-16T12:52:04.156+0000] {dagbag.py:588} INFO - Filling up the DagBag from /home/airflow/.local/lib/python3.12/site-packages/airflow/example_dags/example_python_decorator.py
[2024-10-16T12:52:04.175+0000] {processor.py:925} INFO - DAG(s) 'example_python_decorator' retrieved from /home/airflow/.local/lib/python3.12/site-packages/airflow/example_dags/example_python_decorator.py
[2024-10-16T12:52:04.205+0000] {logging_mixin.py:190} INFO - [2024-10-16T12:52:04.204+0000] {dag.py:3239} INFO - Sync 1 DAGs
[2024-10-16T12:52:04.224+0000] {logging_mixin.py:190} INFO - [2024-10-16T12:52:04.224+0000] {dag.py:4180} INFO - Setting next_dagrun for example_python_decorator to None, run_after=None
[2024-10-16T12:52:04.255+0000] {processor.py:208} INFO - Processing /home/airflow/.local/lib/python3.12/site-packages/airflow/example_dags/example_python_decorator.py took 0.111 seconds
[2024-10-16T12:52:34.618+0000] {processor.py:186} INFO - Started process (PID=344) to work on /home/airflow/.local/lib/python3.12/site-packages/airflow/example_dags/example_python_decorator.py
[2024-10-16T12:52:34.619+0000] {processor.py:914} INFO - Processing file /home/airflow/.local/lib/python3.12/site-packages/airflow/example_dags/example_python_decorator.py for tasks to queue
[2024-10-16T12:52:34.621+0000] {logging_mixin.py:190} INFO - [2024-10-16T12:52:34.621+0000] {dagbag.py:588} INFO - Filling up the DagBag from /home/airflow/.local/lib/python3.12/site-packages/airflow/example_dags/example_python_decorator.py
[2024-10-16T12:52:34.634+0000] {processor.py:925} INFO - DAG(s) 'example_python_decorator' retrieved from /home/airflow/.local/lib/python3.12/site-packages/airflow/example_dags/example_python_decorator.py
[2024-10-16T12:52:34.656+0000] {logging_mixin.py:190} INFO - [2024-10-16T12:52:34.656+0000] {dag.py:3239} INFO - Sync 1 DAGs
[2024-10-16T12:52:34.670+0000] {logging_mixin.py:190} INFO - [2024-10-16T12:52:34.670+0000] {dag.py:4180} INFO - Setting next_dagrun for example_python_decorator to None, run_after=None
[2024-10-16T12:52:34.703+0000] {processor.py:208} INFO - Processing /home/airflow/.local/lib/python3.12/site-packages/airflow/example_dags/example_python_decorator.py took 0.091 seconds
[2024-10-16T12:53:05.518+0000] {processor.py:186} INFO - Started process (PID=406) to work on /home/airflow/.local/lib/python3.12/site-packages/airflow/example_dags/example_python_decorator.py
[2024-10-16T12:53:05.519+0000] {processor.py:914} INFO - Processing file /home/airflow/.local/lib/python3.12/site-packages/airflow/example_dags/example_python_decorator.py for tasks to queue
[2024-10-16T12:53:05.521+0000] {logging_mixin.py:190} INFO - [2024-10-16T12:53:05.521+0000] {dagbag.py:588} INFO - Filling up the DagBag from /home/airflow/.local/lib/python3.12/site-packages/airflow/example_dags/example_python_decorator.py
[2024-10-16T12:53:05.538+0000] {processor.py:925} INFO - DAG(s) 'example_python_decorator' retrieved from /home/airflow/.local/lib/python3.12/site-packages/airflow/example_dags/example_python_decorator.py
[2024-10-16T12:53:05.565+0000] {logging_mixin.py:190} INFO - [2024-10-16T12:53:05.564+0000] {dag.py:3239} INFO - Sync 1 DAGs
[2024-10-16T12:53:05.582+0000] {logging_mixin.py:190} INFO - [2024-10-16T12:53:05.582+0000] {dag.py:4180} INFO - Setting next_dagrun for example_python_decorator to None, run_after=None
[2024-10-16T12:53:05.608+0000] {processor.py:208} INFO - Processing /home/airflow/.local/lib/python3.12/site-packages/airflow/example_dags/example_python_decorator.py took 0.096 seconds
[2024-10-16T12:53:36.756+0000] {processor.py:186} INFO - Started process (PID=468) to work on /home/airflow/.local/lib/python3.12/site-packages/airflow/example_dags/example_python_decorator.py
[2024-10-16T12:53:36.762+0000] {processor.py:914} INFO - Processing file /home/airflow/.local/lib/python3.12/site-packages/airflow/example_dags/example_python_decorator.py for tasks to queue
[2024-10-16T12:53:36.765+0000] {logging_mixin.py:190} INFO - [2024-10-16T12:53:36.765+0000] {dagbag.py:588} INFO - Filling up the DagBag from /home/airflow/.local/lib/python3.12/site-packages/airflow/example_dags/example_python_decorator.py
[2024-10-16T12:53:36.782+0000] {processor.py:925} INFO - DAG(s) 'example_python_decorator' retrieved from /home/airflow/.local/lib/python3.12/site-packages/airflow/example_dags/example_python_decorator.py
[2024-10-16T12:53:36.817+0000] {logging_mixin.py:190} INFO - [2024-10-16T12:53:36.817+0000] {dag.py:3239} INFO - Sync 1 DAGs
[2024-10-16T12:53:37.000+0000] {logging_mixin.py:190} INFO - [2024-10-16T12:53:37.000+0000] {dag.py:4180} INFO - Setting next_dagrun for example_python_decorator to None, run_after=None
[2024-10-16T12:53:37.046+0000] {processor.py:208} INFO - Processing /home/airflow/.local/lib/python3.12/site-packages/airflow/example_dags/example_python_decorator.py took 0.299 seconds
[2024-10-16T12:54:07.879+0000] {processor.py:186} INFO - Started process (PID=530) to work on /home/airflow/.local/lib/python3.12/site-packages/airflow/example_dags/example_python_decorator.py
[2024-10-16T12:54:07.880+0000] {processor.py:914} INFO - Processing file /home/airflow/.local/lib/python3.12/site-packages/airflow/example_dags/example_python_decorator.py for tasks to queue
[2024-10-16T12:54:07.883+0000] {logging_mixin.py:190} INFO - [2024-10-16T12:54:07.882+0000] {dagbag.py:588} INFO - Filling up the DagBag from /home/airflow/.local/lib/python3.12/site-packages/airflow/example_dags/example_python_decorator.py
[2024-10-16T12:54:07.907+0000] {processor.py:925} INFO - DAG(s) 'example_python_decorator' retrieved from /home/airflow/.local/lib/python3.12/site-packages/airflow/example_dags/example_python_decorator.py
[2024-10-16T12:54:07.935+0000] {logging_mixin.py:190} INFO - [2024-10-16T12:54:07.935+0000] {dag.py:3239} INFO - Sync 1 DAGs
[2024-10-16T12:54:07.954+0000] {logging_mixin.py:190} INFO - [2024-10-16T12:54:07.954+0000] {dag.py:4180} INFO - Setting next_dagrun for example_python_decorator to None, run_after=None
[2024-10-16T12:54:07.982+0000] {processor.py:208} INFO - Processing /home/airflow/.local/lib/python3.12/site-packages/airflow/example_dags/example_python_decorator.py took 0.111 seconds
[2024-10-16T12:54:39.386+0000] {processor.py:186} INFO - Started process (PID=592) to work on /home/airflow/.local/lib/python3.12/site-packages/airflow/example_dags/example_python_decorator.py
[2024-10-16T12:54:39.427+0000] {processor.py:914} INFO - Processing file /home/airflow/.local/lib/python3.12/site-packages/airflow/example_dags/example_python_decorator.py for tasks to queue
[2024-10-16T12:54:39.433+0000] {logging_mixin.py:190} INFO - [2024-10-16T12:54:39.432+0000] {dagbag.py:588} INFO - Filling up the DagBag from /home/airflow/.local/lib/python3.12/site-packages/airflow/example_dags/example_python_decorator.py
[2024-10-16T12:54:39.463+0000] {processor.py:925} INFO - DAG(s) 'example_python_decorator' retrieved from /home/airflow/.local/lib/python3.12/site-packages/airflow/example_dags/example_python_decorator.py
[2024-10-16T12:54:39.502+0000] {logging_mixin.py:190} INFO - [2024-10-16T12:54:39.502+0000] {dag.py:3239} INFO - Sync 1 DAGs
[2024-10-16T12:54:39.527+0000] {logging_mixin.py:190} INFO - [2024-10-16T12:54:39.527+0000] {dag.py:4180} INFO - Setting next_dagrun for example_python_decorator to None, run_after=None
[2024-10-16T12:54:39.560+0000] {processor.py:208} INFO - Processing /home/airflow/.local/lib/python3.12/site-packages/airflow/example_dags/example_python_decorator.py took 0.185 seconds
[2024-10-16T12:55:09.721+0000] {processor.py:186} INFO - Started process (PID=655) to work on /home/airflow/.local/lib/python3.12/site-packages/airflow/example_dags/example_python_decorator.py
[2024-10-16T12:55:09.722+0000] {processor.py:914} INFO - Processing file /home/airflow/.local/lib/python3.12/site-packages/airflow/example_dags/example_python_decorator.py for tasks to queue
[2024-10-16T12:55:09.724+0000] {logging_mixin.py:190} INFO - [2024-10-16T12:55:09.724+0000] {dagbag.py:588} INFO - Filling up the DagBag from /home/airflow/.local/lib/python3.12/site-packages/airflow/example_dags/example_python_decorator.py
[2024-10-16T12:55:09.737+0000] {processor.py:925} INFO - DAG(s) 'example_python_decorator' retrieved from /home/airflow/.local/lib/python3.12/site-packages/airflow/example_dags/example_python_decorator.py
[2024-10-16T12:55:09.757+0000] {logging_mixin.py:190} INFO - [2024-10-16T12:55:09.757+0000] {dag.py:3239} INFO - Sync 1 DAGs
[2024-10-16T12:55:09.771+0000] {logging_mixin.py:190} INFO - [2024-10-16T12:55:09.771+0000] {dag.py:4180} INFO - Setting next_dagrun for example_python_decorator to None, run_after=None
[2024-10-16T12:55:09.796+0000] {processor.py:208} INFO - Processing /home/airflow/.local/lib/python3.12/site-packages/airflow/example_dags/example_python_decorator.py took 0.080 seconds
[2024-10-16T12:55:40.500+0000] {processor.py:186} INFO - Started process (PID=717) to work on /home/airflow/.local/lib/python3.12/site-packages/airflow/example_dags/example_python_decorator.py
[2024-10-16T12:55:40.502+0000] {processor.py:914} INFO - Processing file /home/airflow/.local/lib/python3.12/site-packages/airflow/example_dags/example_python_decorator.py for tasks to queue
[2024-10-16T12:55:40.505+0000] {logging_mixin.py:190} INFO - [2024-10-16T12:55:40.504+0000] {dagbag.py:588} INFO - Filling up the DagBag from /home/airflow/.local/lib/python3.12/site-packages/airflow/example_dags/example_python_decorator.py
[2024-10-16T12:55:40.522+0000] {processor.py:925} INFO - DAG(s) 'example_python_decorator' retrieved from /home/airflow/.local/lib/python3.12/site-packages/airflow/example_dags/example_python_decorator.py
[2024-10-16T12:55:40.552+0000] {logging_mixin.py:190} INFO - [2024-10-16T12:55:40.551+0000] {dag.py:3239} INFO - Sync 1 DAGs
[2024-10-16T12:55:40.573+0000] {logging_mixin.py:190} INFO - [2024-10-16T12:55:40.572+0000] {dag.py:4180} INFO - Setting next_dagrun for example_python_decorator to None, run_after=None
[2024-10-16T12:55:40.602+0000] {processor.py:208} INFO - Processing /home/airflow/.local/lib/python3.12/site-packages/airflow/example_dags/example_python_decorator.py took 0.108 seconds
[2024-10-16T12:56:11.513+0000] {processor.py:186} INFO - Started process (PID=779) to work on /home/airflow/.local/lib/python3.12/site-packages/airflow/example_dags/example_python_decorator.py
[2024-10-16T12:56:11.515+0000] {processor.py:914} INFO - Processing file /home/airflow/.local/lib/python3.12/site-packages/airflow/example_dags/example_python_decorator.py for tasks to queue
[2024-10-16T12:56:11.517+0000] {logging_mixin.py:190} INFO - [2024-10-16T12:56:11.517+0000] {dagbag.py:588} INFO - Filling up the DagBag from /home/airflow/.local/lib/python3.12/site-packages/airflow/example_dags/example_python_decorator.py
[2024-10-16T12:56:11.534+0000] {processor.py:925} INFO - DAG(s) 'example_python_decorator' retrieved from /home/airflow/.local/lib/python3.12/site-packages/airflow/example_dags/example_python_decorator.py
[2024-10-16T12:56:11.564+0000] {logging_mixin.py:190} INFO - [2024-10-16T12:56:11.564+0000] {dag.py:3239} INFO - Sync 1 DAGs
[2024-10-16T12:56:11.582+0000] {logging_mixin.py:190} INFO - [2024-10-16T12:56:11.582+0000] {dag.py:4180} INFO - Setting next_dagrun for example_python_decorator to None, run_after=None
[2024-10-16T12:56:11.616+0000] {processor.py:208} INFO - Processing /home/airflow/.local/lib/python3.12/site-packages/airflow/example_dags/example_python_decorator.py took 0.110 seconds
[2024-10-16T12:56:42.649+0000] {processor.py:186} INFO - Started process (PID=841) to work on /home/airflow/.local/lib/python3.12/site-packages/airflow/example_dags/example_python_decorator.py
[2024-10-16T12:56:42.650+0000] {processor.py:914} INFO - Processing file /home/airflow/.local/lib/python3.12/site-packages/airflow/example_dags/example_python_decorator.py for tasks to queue
[2024-10-16T12:56:42.653+0000] {logging_mixin.py:190} INFO - [2024-10-16T12:56:42.652+0000] {dagbag.py:588} INFO - Filling up the DagBag from /home/airflow/.local/lib/python3.12/site-packages/airflow/example_dags/example_python_decorator.py
[2024-10-16T12:56:42.669+0000] {processor.py:925} INFO - DAG(s) 'example_python_decorator' retrieved from /home/airflow/.local/lib/python3.12/site-packages/airflow/example_dags/example_python_decorator.py
[2024-10-16T12:56:42.699+0000] {logging_mixin.py:190} INFO - [2024-10-16T12:56:42.698+0000] {dag.py:3239} INFO - Sync 1 DAGs
[2024-10-16T12:56:42.718+0000] {logging_mixin.py:190} INFO - [2024-10-16T12:56:42.718+0000] {dag.py:4180} INFO - Setting next_dagrun for example_python_decorator to None, run_after=None
[2024-10-16T12:56:42.744+0000] {processor.py:208} INFO - Processing /home/airflow/.local/lib/python3.12/site-packages/airflow/example_dags/example_python_decorator.py took 0.103 seconds
[2024-10-16T12:57:13.538+0000] {processor.py:186} INFO - Started process (PID=903) to work on /home/airflow/.local/lib/python3.12/site-packages/airflow/example_dags/example_python_decorator.py
[2024-10-16T12:57:13.540+0000] {processor.py:914} INFO - Processing file /home/airflow/.local/lib/python3.12/site-packages/airflow/example_dags/example_python_decorator.py for tasks to queue
[2024-10-16T12:57:13.547+0000] {logging_mixin.py:190} INFO - [2024-10-16T12:57:13.546+0000] {dagbag.py:588} INFO - Filling up the DagBag from /home/airflow/.local/lib/python3.12/site-packages/airflow/example_dags/example_python_decorator.py
[2024-10-16T12:57:13.589+0000] {processor.py:925} INFO - DAG(s) 'example_python_decorator' retrieved from /home/airflow/.local/lib/python3.12/site-packages/airflow/example_dags/example_python_decorator.py
[2024-10-16T12:57:13.624+0000] {logging_mixin.py:190} INFO - [2024-10-16T12:57:13.624+0000] {dag.py:3239} INFO - Sync 1 DAGs
[2024-10-16T12:57:13.641+0000] {logging_mixin.py:190} INFO - [2024-10-16T12:57:13.641+0000] {dag.py:4180} INFO - Setting next_dagrun for example_python_decorator to None, run_after=None
[2024-10-16T12:57:13.673+0000] {processor.py:208} INFO - Processing /home/airflow/.local/lib/python3.12/site-packages/airflow/example_dags/example_python_decorator.py took 0.146 seconds
[2024-10-16T12:57:44.361+0000] {processor.py:186} INFO - Started process (PID=965) to work on /home/airflow/.local/lib/python3.12/site-packages/airflow/example_dags/example_python_decorator.py
[2024-10-16T12:57:44.362+0000] {processor.py:914} INFO - Processing file /home/airflow/.local/lib/python3.12/site-packages/airflow/example_dags/example_python_decorator.py for tasks to queue
[2024-10-16T12:57:44.364+0000] {logging_mixin.py:190} INFO - [2024-10-16T12:57:44.364+0000] {dagbag.py:588} INFO - Filling up the DagBag from /home/airflow/.local/lib/python3.12/site-packages/airflow/example_dags/example_python_decorator.py
[2024-10-16T12:57:44.377+0000] {processor.py:925} INFO - DAG(s) 'example_python_decorator' retrieved from /home/airflow/.local/lib/python3.12/site-packages/airflow/example_dags/example_python_decorator.py
[2024-10-16T12:57:44.410+0000] {logging_mixin.py:190} INFO - [2024-10-16T12:57:44.410+0000] {dag.py:3239} INFO - Sync 1 DAGs
[2024-10-16T12:57:44.427+0000] {logging_mixin.py:190} INFO - [2024-10-16T12:57:44.426+0000] {dag.py:4180} INFO - Setting next_dagrun for example_python_decorator to None, run_after=None
[2024-10-16T12:57:44.445+0000] {processor.py:208} INFO - Processing /home/airflow/.local/lib/python3.12/site-packages/airflow/example_dags/example_python_decorator.py took 0.092 seconds
[2024-10-16T12:58:14.697+0000] {processor.py:186} INFO - Started process (PID=1028) to work on /home/airflow/.local/lib/python3.12/site-packages/airflow/example_dags/example_python_decorator.py
[2024-10-16T12:58:14.699+0000] {processor.py:914} INFO - Processing file /home/airflow/.local/lib/python3.12/site-packages/airflow/example_dags/example_python_decorator.py for tasks to queue
[2024-10-16T12:58:14.703+0000] {logging_mixin.py:190} INFO - [2024-10-16T12:58:14.703+0000] {dagbag.py:588} INFO - Filling up the DagBag from /home/airflow/.local/lib/python3.12/site-packages/airflow/example_dags/example_python_decorator.py
[2024-10-16T12:58:14.756+0000] {processor.py:925} INFO - DAG(s) 'example_python_decorator' retrieved from /home/airflow/.local/lib/python3.12/site-packages/airflow/example_dags/example_python_decorator.py
[2024-10-16T12:58:14.790+0000] {logging_mixin.py:190} INFO - [2024-10-16T12:58:14.790+0000] {dag.py:3239} INFO - Sync 1 DAGs
[2024-10-16T12:58:14.808+0000] {logging_mixin.py:190} INFO - [2024-10-16T12:58:14.808+0000] {dag.py:4180} INFO - Setting next_dagrun for example_python_decorator to None, run_after=None
[2024-10-16T12:58:14.845+0000] {processor.py:208} INFO - Processing /home/airflow/.local/lib/python3.12/site-packages/airflow/example_dags/example_python_decorator.py took 0.159 seconds
[2024-10-16T12:58:45.374+0000] {processor.py:186} INFO - Started process (PID=1090) to work on /home/airflow/.local/lib/python3.12/site-packages/airflow/example_dags/example_python_decorator.py
[2024-10-16T12:58:45.375+0000] {processor.py:914} INFO - Processing file /home/airflow/.local/lib/python3.12/site-packages/airflow/example_dags/example_python_decorator.py for tasks to queue
[2024-10-16T12:58:45.382+0000] {logging_mixin.py:190} INFO - [2024-10-16T12:58:45.382+0000] {dagbag.py:588} INFO - Filling up the DagBag from /home/airflow/.local/lib/python3.12/site-packages/airflow/example_dags/example_python_decorator.py
[2024-10-16T12:58:45.077+0000] {processor.py:925} INFO - DAG(s) 'example_python_decorator' retrieved from /home/airflow/.local/lib/python3.12/site-packages/airflow/example_dags/example_python_decorator.py
[2024-10-16T12:58:45.106+0000] {logging_mixin.py:190} INFO - [2024-10-16T12:58:45.105+0000] {dag.py:3239} INFO - Sync 1 DAGs
[2024-10-16T12:58:45.127+0000] {logging_mixin.py:190} INFO - [2024-10-16T12:58:45.127+0000] {dag.py:4180} INFO - Setting next_dagrun for example_python_decorator to None, run_after=None
[2024-10-16T12:58:45.154+0000] {processor.py:208} INFO - Processing /home/airflow/.local/lib/python3.12/site-packages/airflow/example_dags/example_python_decorator.py took 0.120 seconds
[2024-10-16T12:59:15.112+0000] {processor.py:186} INFO - Started process (PID=1146) to work on /home/airflow/.local/lib/python3.12/site-packages/airflow/example_dags/example_python_decorator.py
[2024-10-16T12:59:15.113+0000] {processor.py:914} INFO - Processing file /home/airflow/.local/lib/python3.12/site-packages/airflow/example_dags/example_python_decorator.py for tasks to queue
[2024-10-16T12:59:15.116+0000] {logging_mixin.py:190} INFO - [2024-10-16T12:59:15.115+0000] {dagbag.py:588} INFO - Filling up the DagBag from /home/airflow/.local/lib/python3.12/site-packages/airflow/example_dags/example_python_decorator.py
[2024-10-16T12:59:15.130+0000] {processor.py:925} INFO - DAG(s) 'example_python_decorator' retrieved from /home/airflow/.local/lib/python3.12/site-packages/airflow/example_dags/example_python_decorator.py
[2024-10-16T12:59:15.155+0000] {logging_mixin.py:190} INFO - [2024-10-16T12:59:15.154+0000] {dag.py:3239} INFO - Sync 1 DAGs
[2024-10-16T12:59:15.172+0000] {logging_mixin.py:190} INFO - [2024-10-16T12:59:15.172+0000] {dag.py:4180} INFO - Setting next_dagrun for example_python_decorator to None, run_after=None
[2024-10-16T12:59:15.199+0000] {processor.py:208} INFO - Processing /home/airflow/.local/lib/python3.12/site-packages/airflow/example_dags/example_python_decorator.py took 0.095 seconds
[2024-10-16T12:59:45.651+0000] {processor.py:186} INFO - Started process (PID=1210) to work on /home/airflow/.local/lib/python3.12/site-packages/airflow/example_dags/example_python_decorator.py
[2024-10-16T12:59:45.653+0000] {processor.py:914} INFO - Processing file /home/airflow/.local/lib/python3.12/site-packages/airflow/example_dags/example_python_decorator.py for tasks to queue
[2024-10-16T12:59:45.655+0000] {logging_mixin.py:190} INFO - [2024-10-16T12:59:45.655+0000] {dagbag.py:588} INFO - Filling up the DagBag from /home/airflow/.local/lib/python3.12/site-packages/airflow/example_dags/example_python_decorator.py
[2024-10-16T12:59:45.672+0000] {processor.py:925} INFO - DAG(s) 'example_python_decorator' retrieved from /home/airflow/.local/lib/python3.12/site-packages/airflow/example_dags/example_python_decorator.py
[2024-10-16T12:59:45.699+0000] {logging_mixin.py:190} INFO - [2024-10-16T12:59:45.699+0000] {dag.py:3239} INFO - Sync 1 DAGs
[2024-10-16T12:59:45.721+0000] {logging_mixin.py:190} INFO - [2024-10-16T12:59:45.720+0000] {dag.py:4180} INFO - Setting next_dagrun for example_python_decorator to None, run_after=None
[2024-10-16T12:59:45.750+0000] {processor.py:208} INFO - Processing /home/airflow/.local/lib/python3.12/site-packages/airflow/example_dags/example_python_decorator.py took 0.105 seconds
[2024-10-16T13:00:16.400+0000] {processor.py:186} INFO - Started process (PID=1281) to work on /home/airflow/.local/lib/python3.12/site-packages/airflow/example_dags/example_python_decorator.py
[2024-10-16T13:00:16.401+0000] {processor.py:914} INFO - Processing file /home/airflow/.local/lib/python3.12/site-packages/airflow/example_dags/example_python_decorator.py for tasks to queue
[2024-10-16T13:00:16.405+0000] {logging_mixin.py:190} INFO - [2024-10-16T13:00:16.404+0000] {dagbag.py:588} INFO - Filling up the DagBag from /home/airflow/.local/lib/python3.12/site-packages/airflow/example_dags/example_python_decorator.py
[2024-10-16T13:00:16.423+0000] {processor.py:925} INFO - DAG(s) 'example_python_decorator' retrieved from /home/airflow/.local/lib/python3.12/site-packages/airflow/example_dags/example_python_decorator.py
[2024-10-16T13:00:16.455+0000] {logging_mixin.py:190} INFO - [2024-10-16T13:00:16.454+0000] {dag.py:3239} INFO - Sync 1 DAGs
[2024-10-16T13:00:16.474+0000] {logging_mixin.py:190} INFO - [2024-10-16T13:00:16.474+0000] {dag.py:4180} INFO - Setting next_dagrun for example_python_decorator to None, run_after=None
[2024-10-16T13:00:16.507+0000] {processor.py:208} INFO - Processing /home/airflow/.local/lib/python3.12/site-packages/airflow/example_dags/example_python_decorator.py took 0.116 seconds
[2024-10-16T13:00:46.649+0000] {processor.py:186} INFO - Started process (PID=1343) to work on /home/airflow/.local/lib/python3.12/site-packages/airflow/example_dags/example_python_decorator.py
[2024-10-16T13:00:46.650+0000] {processor.py:914} INFO - Processing file /home/airflow/.local/lib/python3.12/site-packages/airflow/example_dags/example_python_decorator.py for tasks to queue
[2024-10-16T13:00:46.653+0000] {logging_mixin.py:190} INFO - [2024-10-16T13:00:46.653+0000] {dagbag.py:588} INFO - Filling up the DagBag from /home/airflow/.local/lib/python3.12/site-packages/airflow/example_dags/example_python_decorator.py
[2024-10-16T13:00:46.671+0000] {processor.py:925} INFO - DAG(s) 'example_python_decorator' retrieved from /home/airflow/.local/lib/python3.12/site-packages/airflow/example_dags/example_python_decorator.py
[2024-10-16T13:00:46.699+0000] {logging_mixin.py:190} INFO - [2024-10-16T13:00:46.699+0000] {dag.py:3239} INFO - Sync 1 DAGs
[2024-10-16T13:00:46.724+0000] {logging_mixin.py:190} INFO - [2024-10-16T13:00:46.723+0000] {dag.py:4180} INFO - Setting next_dagrun for example_python_decorator to None, run_after=None
[2024-10-16T13:00:46.750+0000] {processor.py:208} INFO - Processing /home/airflow/.local/lib/python3.12/site-packages/airflow/example_dags/example_python_decorator.py took 0.109 seconds
[2024-10-16T13:01:17.269+0000] {processor.py:186} INFO - Started process (PID=1407) to work on /home/airflow/.local/lib/python3.12/site-packages/airflow/example_dags/example_python_decorator.py
[2024-10-16T13:01:17.270+0000] {processor.py:914} INFO - Processing file /home/airflow/.local/lib/python3.12/site-packages/airflow/example_dags/example_python_decorator.py for tasks to queue
[2024-10-16T13:01:17.273+0000] {logging_mixin.py:190} INFO - [2024-10-16T13:01:17.273+0000] {dagbag.py:588} INFO - Filling up the DagBag from /home/airflow/.local/lib/python3.12/site-packages/airflow/example_dags/example_python_decorator.py
[2024-10-16T13:01:17.286+0000] {processor.py:925} INFO - DAG(s) 'example_python_decorator' retrieved from /home/airflow/.local/lib/python3.12/site-packages/airflow/example_dags/example_python_decorator.py
[2024-10-16T13:01:17.309+0000] {logging_mixin.py:190} INFO - [2024-10-16T13:01:17.309+0000] {dag.py:3239} INFO - Sync 1 DAGs
[2024-10-16T13:01:17.323+0000] {logging_mixin.py:190} INFO - [2024-10-16T13:01:17.323+0000] {dag.py:4180} INFO - Setting next_dagrun for example_python_decorator to None, run_after=None
[2024-10-16T13:01:17.345+0000] {processor.py:208} INFO - Processing /home/airflow/.local/lib/python3.12/site-packages/airflow/example_dags/example_python_decorator.py took 0.082 seconds
[2024-10-16T13:01:48.059+0000] {processor.py:186} INFO - Started process (PID=1468) to work on /home/airflow/.local/lib/python3.12/site-packages/airflow/example_dags/example_python_decorator.py
[2024-10-16T13:01:48.060+0000] {processor.py:914} INFO - Processing file /home/airflow/.local/lib/python3.12/site-packages/airflow/example_dags/example_python_decorator.py for tasks to queue
[2024-10-16T13:01:48.063+0000] {logging_mixin.py:190} INFO - [2024-10-16T13:01:48.063+0000] {dagbag.py:588} INFO - Filling up the DagBag from /home/airflow/.local/lib/python3.12/site-packages/airflow/example_dags/example_python_decorator.py
[2024-10-16T13:01:48.082+0000] {processor.py:925} INFO - DAG(s) 'example_python_decorator' retrieved from /home/airflow/.local/lib/python3.12/site-packages/airflow/example_dags/example_python_decorator.py
[2024-10-16T13:01:48.103+0000] {logging_mixin.py:190} INFO - [2024-10-16T13:01:48.103+0000] {dag.py:3239} INFO - Sync 1 DAGs
[2024-10-16T13:01:48.118+0000] {logging_mixin.py:190} INFO - [2024-10-16T13:01:48.118+0000] {dag.py:4180} INFO - Setting next_dagrun for example_python_decorator to None, run_after=None
[2024-10-16T13:01:48.143+0000] {processor.py:208} INFO - Processing /home/airflow/.local/lib/python3.12/site-packages/airflow/example_dags/example_python_decorator.py took 0.093 seconds
[2024-10-16T13:02:18.939+0000] {processor.py:186} INFO - Started process (PID=1531) to work on /home/airflow/.local/lib/python3.12/site-packages/airflow/example_dags/example_python_decorator.py
[2024-10-16T13:02:18.941+0000] {processor.py:914} INFO - Processing file /home/airflow/.local/lib/python3.12/site-packages/airflow/example_dags/example_python_decorator.py for tasks to queue
[2024-10-16T13:02:18.944+0000] {logging_mixin.py:190} INFO - [2024-10-16T13:02:18.943+0000] {dagbag.py:588} INFO - Filling up the DagBag from /home/airflow/.local/lib/python3.12/site-packages/airflow/example_dags/example_python_decorator.py
[2024-10-16T13:02:18.964+0000] {processor.py:925} INFO - DAG(s) 'example_python_decorator' retrieved from /home/airflow/.local/lib/python3.12/site-packages/airflow/example_dags/example_python_decorator.py
[2024-10-16T13:02:18.995+0000] {logging_mixin.py:190} INFO - [2024-10-16T13:02:18.994+0000] {dag.py:3239} INFO - Sync 1 DAGs
[2024-10-16T13:02:19.015+0000] {logging_mixin.py:190} INFO - [2024-10-16T13:02:19.015+0000] {dag.py:4180} INFO - Setting next_dagrun for example_python_decorator to None, run_after=None
[2024-10-16T13:02:19.046+0000] {processor.py:208} INFO - Processing /home/airflow/.local/lib/python3.12/site-packages/airflow/example_dags/example_python_decorator.py took 0.116 seconds
[2024-10-16T13:02:49.455+0000] {processor.py:186} INFO - Started process (PID=1593) to work on /home/airflow/.local/lib/python3.12/site-packages/airflow/example_dags/example_python_decorator.py
[2024-10-16T13:02:49.457+0000] {processor.py:914} INFO - Processing file /home/airflow/.local/lib/python3.12/site-packages/airflow/example_dags/example_python_decorator.py for tasks to queue
[2024-10-16T13:02:49.461+0000] {logging_mixin.py:190} INFO - [2024-10-16T13:02:49.461+0000] {dagbag.py:588} INFO - Filling up the DagBag from /home/airflow/.local/lib/python3.12/site-packages/airflow/example_dags/example_python_decorator.py
[2024-10-16T13:02:49.486+0000] {processor.py:925} INFO - DAG(s) 'example_python_decorator' retrieved from /home/airflow/.local/lib/python3.12/site-packages/airflow/example_dags/example_python_decorator.py
[2024-10-16T13:02:49.522+0000] {logging_mixin.py:190} INFO - [2024-10-16T13:02:49.522+0000] {dag.py:3239} INFO - Sync 1 DAGs
[2024-10-16T13:02:49.541+0000] {logging_mixin.py:190} INFO - [2024-10-16T13:02:49.541+0000] {dag.py:4180} INFO - Setting next_dagrun for example_python_decorator to None, run_after=None
[2024-10-16T13:02:49.574+0000] {processor.py:208} INFO - Processing /home/airflow/.local/lib/python3.12/site-packages/airflow/example_dags/example_python_decorator.py took 0.130 seconds
[2024-10-16T13:03:21.151+0000] {processor.py:186} INFO - Started process (PID=1657) to work on /home/airflow/.local/lib/python3.12/site-packages/airflow/example_dags/example_python_decorator.py
[2024-10-16T13:03:21.153+0000] {processor.py:914} INFO - Processing file /home/airflow/.local/lib/python3.12/site-packages/airflow/example_dags/example_python_decorator.py for tasks to queue
[2024-10-16T13:03:21.157+0000] {logging_mixin.py:190} INFO - [2024-10-16T13:03:21.157+0000] {dagbag.py:588} INFO - Filling up the DagBag from /home/airflow/.local/lib/python3.12/site-packages/airflow/example_dags/example_python_decorator.py
[2024-10-16T13:03:21.178+0000] {processor.py:925} INFO - DAG(s) 'example_python_decorator' retrieved from /home/airflow/.local/lib/python3.12/site-packages/airflow/example_dags/example_python_decorator.py
[2024-10-16T13:03:21.208+0000] {logging_mixin.py:190} INFO - [2024-10-16T13:03:21.208+0000] {dag.py:3239} INFO - Sync 1 DAGs
[2024-10-16T13:03:21.228+0000] {logging_mixin.py:190} INFO - [2024-10-16T13:03:21.228+0000] {dag.py:4180} INFO - Setting next_dagrun for example_python_decorator to None, run_after=None
[2024-10-16T13:03:21.298+0000] {processor.py:208} INFO - Processing /home/airflow/.local/lib/python3.12/site-packages/airflow/example_dags/example_python_decorator.py took 0.156 seconds
[2024-10-16T13:03:51.710+0000] {processor.py:186} INFO - Started process (PID=1718) to work on /home/airflow/.local/lib/python3.12/site-packages/airflow/example_dags/example_python_decorator.py
[2024-10-16T13:03:51.711+0000] {processor.py:914} INFO - Processing file /home/airflow/.local/lib/python3.12/site-packages/airflow/example_dags/example_python_decorator.py for tasks to queue
[2024-10-16T13:03:51.715+0000] {logging_mixin.py:190} INFO - [2024-10-16T13:03:51.714+0000] {dagbag.py:588} INFO - Filling up the DagBag from /home/airflow/.local/lib/python3.12/site-packages/airflow/example_dags/example_python_decorator.py
[2024-10-16T13:03:51.731+0000] {processor.py:925} INFO - DAG(s) 'example_python_decorator' retrieved from /home/airflow/.local/lib/python3.12/site-packages/airflow/example_dags/example_python_decorator.py
[2024-10-16T13:03:51.759+0000] {logging_mixin.py:190} INFO - [2024-10-16T13:03:51.759+0000] {dag.py:3239} INFO - Sync 1 DAGs
[2024-10-16T13:03:51.776+0000] {logging_mixin.py:190} INFO - [2024-10-16T13:03:51.775+0000] {dag.py:4180} INFO - Setting next_dagrun for example_python_decorator to None, run_after=None
[2024-10-16T13:03:51.835+0000] {processor.py:208} INFO - Processing /home/airflow/.local/lib/python3.12/site-packages/airflow/example_dags/example_python_decorator.py took 0.133 seconds
[2024-10-16T13:04:22.276+0000] {processor.py:186} INFO - Started process (PID=1780) to work on /home/airflow/.local/lib/python3.12/site-packages/airflow/example_dags/example_python_decorator.py
[2024-10-16T13:04:22.278+0000] {processor.py:914} INFO - Processing file /home/airflow/.local/lib/python3.12/site-packages/airflow/example_dags/example_python_decorator.py for tasks to queue
[2024-10-16T13:04:22.282+0000] {logging_mixin.py:190} INFO - [2024-10-16T13:04:22.282+0000] {dagbag.py:588} INFO - Filling up the DagBag from /home/airflow/.local/lib/python3.12/site-packages/airflow/example_dags/example_python_decorator.py
[2024-10-16T13:04:22.302+0000] {processor.py:925} INFO - DAG(s) 'example_python_decorator' retrieved from /home/airflow/.local/lib/python3.12/site-packages/airflow/example_dags/example_python_decorator.py
[2024-10-16T13:04:22.333+0000] {logging_mixin.py:190} INFO - [2024-10-16T13:04:22.333+0000] {dag.py:3239} INFO - Sync 1 DAGs
[2024-10-16T13:04:22.350+0000] {logging_mixin.py:190} INFO - [2024-10-16T13:04:22.350+0000] {dag.py:4180} INFO - Setting next_dagrun for example_python_decorator to None, run_after=None
[2024-10-16T13:04:22.377+0000] {processor.py:208} INFO - Processing /home/airflow/.local/lib/python3.12/site-packages/airflow/example_dags/example_python_decorator.py took 0.109 seconds
[2024-10-16T13:08:06.362+0000] {processor.py:186} INFO - Started process (PID=96) to work on /home/airflow/.local/lib/python3.12/site-packages/airflow/example_dags/example_python_decorator.py
[2024-10-16T13:08:06.364+0000] {processor.py:914} INFO - Processing file /home/airflow/.local/lib/python3.12/site-packages/airflow/example_dags/example_python_decorator.py for tasks to queue
[2024-10-16T13:08:06.367+0000] {logging_mixin.py:190} INFO - [2024-10-16T13:08:06.367+0000] {dagbag.py:588} INFO - Filling up the DagBag from /home/airflow/.local/lib/python3.12/site-packages/airflow/example_dags/example_python_decorator.py
[2024-10-16T13:08:06.386+0000] {processor.py:925} INFO - DAG(s) 'example_python_decorator' retrieved from /home/airflow/.local/lib/python3.12/site-packages/airflow/example_dags/example_python_decorator.py
[2024-10-16T13:08:06.506+0000] {logging_mixin.py:190} INFO - [2024-10-16T13:08:06.505+0000] {override.py:1900} INFO - Created Permission View: can read on DAG:example_python_decorator
[2024-10-16T13:08:06.518+0000] {logging_mixin.py:190} INFO - [2024-10-16T13:08:06.518+0000] {override.py:1900} INFO - Created Permission View: can delete on DAG:example_python_decorator
[2024-10-16T13:08:06.525+0000] {logging_mixin.py:190} INFO - [2024-10-16T13:08:06.525+0000] {override.py:1900} INFO - Created Permission View: can edit on DAG:example_python_decorator
[2024-10-16T13:08:06.535+0000] {logging_mixin.py:190} INFO - [2024-10-16T13:08:06.535+0000] {override.py:1900} INFO - Created Permission View: can create on DAG Run:example_python_decorator
[2024-10-16T13:08:06.543+0000] {logging_mixin.py:190} INFO - [2024-10-16T13:08:06.543+0000] {override.py:1900} INFO - Created Permission View: menu access on DAG Run:example_python_decorator
[2024-10-16T13:08:06.552+0000] {logging_mixin.py:190} INFO - [2024-10-16T13:08:06.552+0000] {override.py:1900} INFO - Created Permission View: can read on DAG Run:example_python_decorator
[2024-10-16T13:08:06.559+0000] {logging_mixin.py:190} INFO - [2024-10-16T13:08:06.559+0000] {override.py:1900} INFO - Created Permission View: can delete on DAG Run:example_python_decorator
[2024-10-16T13:08:06.560+0000] {logging_mixin.py:190} INFO - [2024-10-16T13:08:06.560+0000] {dag.py:3239} INFO - Sync 1 DAGs
[2024-10-16T13:08:06.574+0000] {logging_mixin.py:190} INFO - [2024-10-16T13:08:06.574+0000] {dag.py:3262} INFO - Creating ORM DAG for example_python_decorator
[2024-10-16T13:08:06.576+0000] {logging_mixin.py:190} INFO - [2024-10-16T13:08:06.575+0000] {dag.py:4180} INFO - Setting next_dagrun for example_python_decorator to None, run_after=None
[2024-10-16T13:08:06.595+0000] {processor.py:208} INFO - Processing /home/airflow/.local/lib/python3.12/site-packages/airflow/example_dags/example_python_decorator.py took 0.240 seconds
[2024-10-16T13:08:36.942+0000] {processor.py:186} INFO - Started process (PID=159) to work on /home/airflow/.local/lib/python3.12/site-packages/airflow/example_dags/example_python_decorator.py
[2024-10-16T13:08:36.943+0000] {processor.py:914} INFO - Processing file /home/airflow/.local/lib/python3.12/site-packages/airflow/example_dags/example_python_decorator.py for tasks to queue
[2024-10-16T13:08:36.946+0000] {logging_mixin.py:190} INFO - [2024-10-16T13:08:36.945+0000] {dagbag.py:588} INFO - Filling up the DagBag from /home/airflow/.local/lib/python3.12/site-packages/airflow/example_dags/example_python_decorator.py
[2024-10-16T13:08:36.958+0000] {processor.py:925} INFO - DAG(s) 'example_python_decorator' retrieved from /home/airflow/.local/lib/python3.12/site-packages/airflow/example_dags/example_python_decorator.py
[2024-10-16T13:08:36.979+0000] {logging_mixin.py:190} INFO - [2024-10-16T13:08:36.979+0000] {dag.py:3239} INFO - Sync 1 DAGs
[2024-10-16T13:08:36.990+0000] {logging_mixin.py:190} INFO - [2024-10-16T13:08:36.990+0000] {dag.py:4180} INFO - Setting next_dagrun for example_python_decorator to None, run_after=None
[2024-10-16T13:08:37.017+0000] {processor.py:208} INFO - Processing /home/airflow/.local/lib/python3.12/site-packages/airflow/example_dags/example_python_decorator.py took 0.081 seconds
[2024-10-16T13:09:07.182+0000] {processor.py:186} INFO - Started process (PID=222) to work on /home/airflow/.local/lib/python3.12/site-packages/airflow/example_dags/example_python_decorator.py
[2024-10-16T13:09:07.184+0000] {processor.py:914} INFO - Processing file /home/airflow/.local/lib/python3.12/site-packages/airflow/example_dags/example_python_decorator.py for tasks to queue
[2024-10-16T13:09:07.185+0000] {logging_mixin.py:190} INFO - [2024-10-16T13:09:07.185+0000] {dagbag.py:588} INFO - Filling up the DagBag from /home/airflow/.local/lib/python3.12/site-packages/airflow/example_dags/example_python_decorator.py
[2024-10-16T13:09:07.199+0000] {processor.py:925} INFO - DAG(s) 'example_python_decorator' retrieved from /home/airflow/.local/lib/python3.12/site-packages/airflow/example_dags/example_python_decorator.py
[2024-10-16T13:09:07.217+0000] {logging_mixin.py:190} INFO - [2024-10-16T13:09:07.217+0000] {dag.py:3239} INFO - Sync 1 DAGs
[2024-10-16T13:09:07.229+0000] {logging_mixin.py:190} INFO - [2024-10-16T13:09:07.229+0000] {dag.py:4180} INFO - Setting next_dagrun for example_python_decorator to None, run_after=None
[2024-10-16T13:09:07.253+0000] {processor.py:208} INFO - Processing /home/airflow/.local/lib/python3.12/site-packages/airflow/example_dags/example_python_decorator.py took 0.076 seconds
[2024-10-16T13:09:37.529+0000] {processor.py:186} INFO - Started process (PID=285) to work on /home/airflow/.local/lib/python3.12/site-packages/airflow/example_dags/example_python_decorator.py
[2024-10-16T13:09:37.536+0000] {processor.py:914} INFO - Processing file /home/airflow/.local/lib/python3.12/site-packages/airflow/example_dags/example_python_decorator.py for tasks to queue
[2024-10-16T13:09:37.541+0000] {logging_mixin.py:190} INFO - [2024-10-16T13:09:37.540+0000] {dagbag.py:588} INFO - Filling up the DagBag from /home/airflow/.local/lib/python3.12/site-packages/airflow/example_dags/example_python_decorator.py
[2024-10-16T13:09:37.564+0000] {processor.py:925} INFO - DAG(s) 'example_python_decorator' retrieved from /home/airflow/.local/lib/python3.12/site-packages/airflow/example_dags/example_python_decorator.py
[2024-10-16T13:09:37.588+0000] {logging_mixin.py:190} INFO - [2024-10-16T13:09:37.588+0000] {dag.py:3239} INFO - Sync 1 DAGs
[2024-10-16T13:09:37.599+0000] {logging_mixin.py:190} INFO - [2024-10-16T13:09:37.599+0000] {dag.py:4180} INFO - Setting next_dagrun for example_python_decorator to None, run_after=None
[2024-10-16T13:09:37.620+0000] {processor.py:208} INFO - Processing /home/airflow/.local/lib/python3.12/site-packages/airflow/example_dags/example_python_decorator.py took 0.106 seconds
[2024-10-16T13:10:08.623+0000] {processor.py:186} INFO - Started process (PID=348) to work on /home/airflow/.local/lib/python3.12/site-packages/airflow/example_dags/example_python_decorator.py
[2024-10-16T13:10:08.624+0000] {processor.py:914} INFO - Processing file /home/airflow/.local/lib/python3.12/site-packages/airflow/example_dags/example_python_decorator.py for tasks to queue
[2024-10-16T13:10:08.627+0000] {logging_mixin.py:190} INFO - [2024-10-16T13:10:08.626+0000] {dagbag.py:588} INFO - Filling up the DagBag from /home/airflow/.local/lib/python3.12/site-packages/airflow/example_dags/example_python_decorator.py
[2024-10-16T13:10:08.644+0000] {processor.py:925} INFO - DAG(s) 'example_python_decorator' retrieved from /home/airflow/.local/lib/python3.12/site-packages/airflow/example_dags/example_python_decorator.py
[2024-10-16T13:10:08.672+0000] {logging_mixin.py:190} INFO - [2024-10-16T13:10:08.671+0000] {dag.py:3239} INFO - Sync 1 DAGs
[2024-10-16T13:10:08.691+0000] {logging_mixin.py:190} INFO - [2024-10-16T13:10:08.691+0000] {dag.py:4180} INFO - Setting next_dagrun for example_python_decorator to None, run_after=None
[2024-10-16T13:10:08.718+0000] {processor.py:208} INFO - Processing /home/airflow/.local/lib/python3.12/site-packages/airflow/example_dags/example_python_decorator.py took 0.101 seconds
[2024-10-16T13:10:39.191+0000] {processor.py:186} INFO - Started process (PID=411) to work on /home/airflow/.local/lib/python3.12/site-packages/airflow/example_dags/example_python_decorator.py
[2024-10-16T13:10:39.192+0000] {processor.py:914} INFO - Processing file /home/airflow/.local/lib/python3.12/site-packages/airflow/example_dags/example_python_decorator.py for tasks to queue
[2024-10-16T13:10:39.194+0000] {logging_mixin.py:190} INFO - [2024-10-16T13:10:39.194+0000] {dagbag.py:588} INFO - Filling up the DagBag from /home/airflow/.local/lib/python3.12/site-packages/airflow/example_dags/example_python_decorator.py
[2024-10-16T13:10:39.205+0000] {processor.py:925} INFO - DAG(s) 'example_python_decorator' retrieved from /home/airflow/.local/lib/python3.12/site-packages/airflow/example_dags/example_python_decorator.py
[2024-10-16T13:10:39.231+0000] {logging_mixin.py:190} INFO - [2024-10-16T13:10:39.229+0000] {dag.py:3239} INFO - Sync 1 DAGs
[2024-10-16T13:10:39.248+0000] {logging_mixin.py:190} INFO - [2024-10-16T13:10:39.248+0000] {dag.py:4180} INFO - Setting next_dagrun for example_python_decorator to None, run_after=None
[2024-10-16T13:10:39.280+0000] {processor.py:208} INFO - Processing /home/airflow/.local/lib/python3.12/site-packages/airflow/example_dags/example_python_decorator.py took 0.093 seconds
[2024-10-16T13:11:10.006+0000] {processor.py:186} INFO - Started process (PID=474) to work on /home/airflow/.local/lib/python3.12/site-packages/airflow/example_dags/example_python_decorator.py
[2024-10-16T13:11:10.007+0000] {processor.py:914} INFO - Processing file /home/airflow/.local/lib/python3.12/site-packages/airflow/example_dags/example_python_decorator.py for tasks to queue
[2024-10-16T13:11:10.010+0000] {logging_mixin.py:190} INFO - [2024-10-16T13:11:10.010+0000] {dagbag.py:588} INFO - Filling up the DagBag from /home/airflow/.local/lib/python3.12/site-packages/airflow/example_dags/example_python_decorator.py
[2024-10-16T13:11:10.021+0000] {processor.py:925} INFO - DAG(s) 'example_python_decorator' retrieved from /home/airflow/.local/lib/python3.12/site-packages/airflow/example_dags/example_python_decorator.py
[2024-10-16T13:11:10.042+0000] {logging_mixin.py:190} INFO - [2024-10-16T13:11:10.042+0000] {dag.py:3239} INFO - Sync 1 DAGs
[2024-10-16T13:11:10.055+0000] {logging_mixin.py:190} INFO - [2024-10-16T13:11:10.054+0000] {dag.py:4180} INFO - Setting next_dagrun for example_python_decorator to None, run_after=None
[2024-10-16T13:11:10.078+0000] {processor.py:208} INFO - Processing /home/airflow/.local/lib/python3.12/site-packages/airflow/example_dags/example_python_decorator.py took 0.078 seconds
[2024-10-16T13:12:46.447+0000] {processor.py:186} INFO - Started process (PID=95) to work on /home/airflow/.local/lib/python3.12/site-packages/airflow/example_dags/example_python_decorator.py
[2024-10-16T13:12:46.448+0000] {processor.py:914} INFO - Processing file /home/airflow/.local/lib/python3.12/site-packages/airflow/example_dags/example_python_decorator.py for tasks to queue
[2024-10-16T13:12:46.450+0000] {logging_mixin.py:190} INFO - [2024-10-16T13:12:46.449+0000] {dagbag.py:588} INFO - Filling up the DagBag from /home/airflow/.local/lib/python3.12/site-packages/airflow/example_dags/example_python_decorator.py
[2024-10-16T13:12:46.461+0000] {processor.py:925} INFO - DAG(s) 'example_python_decorator' retrieved from /home/airflow/.local/lib/python3.12/site-packages/airflow/example_dags/example_python_decorator.py
[2024-10-16T13:12:46.538+0000] {logging_mixin.py:190} INFO - [2024-10-16T13:12:46.538+0000] {override.py:1900} INFO - Created Permission View: can read on DAG:example_python_decorator
[2024-10-16T13:12:46.547+0000] {logging_mixin.py:190} INFO - [2024-10-16T13:12:46.547+0000] {override.py:1900} INFO - Created Permission View: can edit on DAG:example_python_decorator
[2024-10-16T13:12:46.557+0000] {logging_mixin.py:190} INFO - [2024-10-16T13:12:46.556+0000] {override.py:1900} INFO - Created Permission View: can delete on DAG:example_python_decorator
[2024-10-16T13:12:46.566+0000] {logging_mixin.py:190} INFO - [2024-10-16T13:12:46.566+0000] {override.py:1900} INFO - Created Permission View: can read on DAG Run:example_python_decorator
[2024-10-16T13:12:46.578+0000] {logging_mixin.py:190} INFO - [2024-10-16T13:12:46.577+0000] {override.py:1900} INFO - Created Permission View: menu access on DAG Run:example_python_decorator
[2024-10-16T13:12:46.587+0000] {logging_mixin.py:190} INFO - [2024-10-16T13:12:46.586+0000] {override.py:1900} INFO - Created Permission View: can delete on DAG Run:example_python_decorator
[2024-10-16T13:12:46.597+0000] {logging_mixin.py:190} INFO - [2024-10-16T13:12:46.596+0000] {override.py:1900} INFO - Created Permission View: can create on DAG Run:example_python_decorator
[2024-10-16T13:12:46.598+0000] {logging_mixin.py:190} INFO - [2024-10-16T13:12:46.597+0000] {dag.py:3239} INFO - Sync 1 DAGs
[2024-10-16T13:12:46.609+0000] {logging_mixin.py:190} INFO - [2024-10-16T13:12:46.609+0000] {dag.py:3262} INFO - Creating ORM DAG for example_python_decorator
[2024-10-16T13:12:46.610+0000] {logging_mixin.py:190} INFO - [2024-10-16T13:12:46.610+0000] {dag.py:4180} INFO - Setting next_dagrun for example_python_decorator to None, run_after=None
[2024-10-16T13:12:46.631+0000] {processor.py:208} INFO - Processing /home/airflow/.local/lib/python3.12/site-packages/airflow/example_dags/example_python_decorator.py took 0.189 seconds
[2024-10-16T13:13:16.870+0000] {processor.py:186} INFO - Started process (PID=158) to work on /home/airflow/.local/lib/python3.12/site-packages/airflow/example_dags/example_python_decorator.py
[2024-10-16T13:13:16.871+0000] {processor.py:914} INFO - Processing file /home/airflow/.local/lib/python3.12/site-packages/airflow/example_dags/example_python_decorator.py for tasks to queue
[2024-10-16T13:13:16.873+0000] {logging_mixin.py:190} INFO - [2024-10-16T13:13:16.873+0000] {dagbag.py:588} INFO - Filling up the DagBag from /home/airflow/.local/lib/python3.12/site-packages/airflow/example_dags/example_python_decorator.py
[2024-10-16T13:13:16.887+0000] {processor.py:925} INFO - DAG(s) 'example_python_decorator' retrieved from /home/airflow/.local/lib/python3.12/site-packages/airflow/example_dags/example_python_decorator.py
[2024-10-16T13:13:16.909+0000] {logging_mixin.py:190} INFO - [2024-10-16T13:13:16.908+0000] {dag.py:3239} INFO - Sync 1 DAGs
[2024-10-16T13:13:16.922+0000] {logging_mixin.py:190} INFO - [2024-10-16T13:13:16.922+0000] {dag.py:4180} INFO - Setting next_dagrun for example_python_decorator to None, run_after=None
[2024-10-16T13:13:16.949+0000] {processor.py:208} INFO - Processing /home/airflow/.local/lib/python3.12/site-packages/airflow/example_dags/example_python_decorator.py took 0.083 seconds
[2024-10-16T13:14:47.451+0000] {processor.py:186} INFO - Started process (PID=97) to work on /home/airflow/.local/lib/python3.12/site-packages/airflow/example_dags/example_python_decorator.py
[2024-10-16T13:14:47.452+0000] {processor.py:914} INFO - Processing file /home/airflow/.local/lib/python3.12/site-packages/airflow/example_dags/example_python_decorator.py for tasks to queue
[2024-10-16T13:14:47.454+0000] {logging_mixin.py:190} INFO - [2024-10-16T13:14:47.453+0000] {dagbag.py:588} INFO - Filling up the DagBag from /home/airflow/.local/lib/python3.12/site-packages/airflow/example_dags/example_python_decorator.py
[2024-10-16T13:14:47.467+0000] {processor.py:925} INFO - DAG(s) 'example_python_decorator' retrieved from /home/airflow/.local/lib/python3.12/site-packages/airflow/example_dags/example_python_decorator.py
[2024-10-16T13:14:47.582+0000] {logging_mixin.py:190} INFO - [2024-10-16T13:14:47.581+0000] {override.py:1900} INFO - Created Permission View: can read on DAG:example_python_decorator
[2024-10-16T13:14:47.592+0000] {logging_mixin.py:190} INFO - [2024-10-16T13:14:47.592+0000] {override.py:1900} INFO - Created Permission View: can delete on DAG:example_python_decorator
[2024-10-16T13:14:47.598+0000] {logging_mixin.py:190} INFO - [2024-10-16T13:14:47.598+0000] {override.py:1900} INFO - Created Permission View: can edit on DAG:example_python_decorator
[2024-10-16T13:14:47.606+0000] {logging_mixin.py:190} INFO - [2024-10-16T13:14:47.606+0000] {override.py:1900} INFO - Created Permission View: can read on DAG Run:example_python_decorator
[2024-10-16T13:14:47.614+0000] {logging_mixin.py:190} INFO - [2024-10-16T13:14:47.613+0000] {override.py:1900} INFO - Created Permission View: can create on DAG Run:example_python_decorator
[2024-10-16T13:14:47.624+0000] {logging_mixin.py:190} INFO - [2024-10-16T13:14:47.624+0000] {override.py:1900} INFO - Created Permission View: can delete on DAG Run:example_python_decorator
[2024-10-16T13:14:47.644+0000] {logging_mixin.py:190} INFO - [2024-10-16T13:14:47.643+0000] {override.py:1900} INFO - Created Permission View: menu access on DAG Run:example_python_decorator
[2024-10-16T13:14:47.652+0000] {logging_mixin.py:190} INFO - [2024-10-16T13:14:47.651+0000] {dag.py:3239} INFO - Sync 1 DAGs
[2024-10-16T13:14:47.677+0000] {logging_mixin.py:190} INFO - [2024-10-16T13:14:47.677+0000] {dag.py:3262} INFO - Creating ORM DAG for example_python_decorator
[2024-10-16T13:14:47.679+0000] {logging_mixin.py:190} INFO - [2024-10-16T13:14:47.679+0000] {dag.py:4180} INFO - Setting next_dagrun for example_python_decorator to None, run_after=None
[2024-10-16T13:14:47.720+0000] {processor.py:208} INFO - Processing /home/airflow/.local/lib/python3.12/site-packages/airflow/example_dags/example_python_decorator.py took 0.274 seconds
[2024-10-16T13:16:17.136+0000] {processor.py:186} INFO - Started process (PID=96) to work on /home/airflow/.local/lib/python3.12/site-packages/airflow/example_dags/example_python_decorator.py
[2024-10-16T13:16:17.138+0000] {processor.py:914} INFO - Processing file /home/airflow/.local/lib/python3.12/site-packages/airflow/example_dags/example_python_decorator.py for tasks to queue
[2024-10-16T13:16:17.140+0000] {logging_mixin.py:190} INFO - [2024-10-16T13:16:17.140+0000] {dagbag.py:588} INFO - Filling up the DagBag from /home/airflow/.local/lib/python3.12/site-packages/airflow/example_dags/example_python_decorator.py
[2024-10-16T13:16:17.154+0000] {processor.py:925} INFO - DAG(s) 'example_python_decorator' retrieved from /home/airflow/.local/lib/python3.12/site-packages/airflow/example_dags/example_python_decorator.py
[2024-10-16T13:16:17.237+0000] {logging_mixin.py:190} INFO - [2024-10-16T13:16:17.237+0000] {override.py:1900} INFO - Created Permission View: can edit on DAG:example_python_decorator
[2024-10-16T13:16:17.247+0000] {logging_mixin.py:190} INFO - [2024-10-16T13:16:17.246+0000] {override.py:1900} INFO - Created Permission View: can read on DAG:example_python_decorator
[2024-10-16T13:16:17.256+0000] {logging_mixin.py:190} INFO - [2024-10-16T13:16:17.255+0000] {override.py:1900} INFO - Created Permission View: can delete on DAG:example_python_decorator
[2024-10-16T13:16:17.262+0000] {logging_mixin.py:190} INFO - [2024-10-16T13:16:17.262+0000] {override.py:1900} INFO - Created Permission View: menu access on DAG Run:example_python_decorator
[2024-10-16T13:16:17.269+0000] {logging_mixin.py:190} INFO - [2024-10-16T13:16:17.269+0000] {override.py:1900} INFO - Created Permission View: can read on DAG Run:example_python_decorator
[2024-10-16T13:16:17.279+0000] {logging_mixin.py:190} INFO - [2024-10-16T13:16:17.279+0000] {override.py:1900} INFO - Created Permission View: can create on DAG Run:example_python_decorator
[2024-10-16T13:16:17.288+0000] {logging_mixin.py:190} INFO - [2024-10-16T13:16:17.287+0000] {override.py:1900} INFO - Created Permission View: can delete on DAG Run:example_python_decorator
[2024-10-16T13:16:17.288+0000] {logging_mixin.py:190} INFO - [2024-10-16T13:16:17.288+0000] {dag.py:3239} INFO - Sync 1 DAGs
[2024-10-16T13:16:17.313+0000] {logging_mixin.py:190} INFO - [2024-10-16T13:16:17.313+0000] {dag.py:3262} INFO - Creating ORM DAG for example_python_decorator
[2024-10-16T13:16:17.315+0000] {logging_mixin.py:190} INFO - [2024-10-16T13:16:17.314+0000] {dag.py:4180} INFO - Setting next_dagrun for example_python_decorator to None, run_after=None
[2024-10-16T13:16:17.347+0000] {processor.py:208} INFO - Processing /home/airflow/.local/lib/python3.12/site-packages/airflow/example_dags/example_python_decorator.py took 0.220 seconds
[2024-10-16T13:16:48.241+0000] {processor.py:186} INFO - Started process (PID=159) to work on /home/airflow/.local/lib/python3.12/site-packages/airflow/example_dags/example_python_decorator.py
[2024-10-16T13:16:48.243+0000] {processor.py:914} INFO - Processing file /home/airflow/.local/lib/python3.12/site-packages/airflow/example_dags/example_python_decorator.py for tasks to queue
[2024-10-16T13:16:48.250+0000] {logging_mixin.py:190} INFO - [2024-10-16T13:16:48.250+0000] {dagbag.py:588} INFO - Filling up the DagBag from /home/airflow/.local/lib/python3.12/site-packages/airflow/example_dags/example_python_decorator.py
[2024-10-16T13:16:48.269+0000] {processor.py:925} INFO - DAG(s) 'example_python_decorator' retrieved from /home/airflow/.local/lib/python3.12/site-packages/airflow/example_dags/example_python_decorator.py
[2024-10-16T13:16:48.309+0000] {logging_mixin.py:190} INFO - [2024-10-16T13:16:48.308+0000] {dag.py:3239} INFO - Sync 1 DAGs
[2024-10-16T13:16:48.327+0000] {logging_mixin.py:190} INFO - [2024-10-16T13:16:48.327+0000] {dag.py:4180} INFO - Setting next_dagrun for example_python_decorator to None, run_after=None
[2024-10-16T13:16:48.358+0000] {processor.py:208} INFO - Processing /home/airflow/.local/lib/python3.12/site-packages/airflow/example_dags/example_python_decorator.py took 0.134 seconds
[2024-10-16T13:17:18.848+0000] {processor.py:186} INFO - Started process (PID=222) to work on /home/airflow/.local/lib/python3.12/site-packages/airflow/example_dags/example_python_decorator.py
[2024-10-16T13:17:18.850+0000] {processor.py:914} INFO - Processing file /home/airflow/.local/lib/python3.12/site-packages/airflow/example_dags/example_python_decorator.py for tasks to queue
[2024-10-16T13:17:18.853+0000] {logging_mixin.py:190} INFO - [2024-10-16T13:17:18.852+0000] {dagbag.py:588} INFO - Filling up the DagBag from /home/airflow/.local/lib/python3.12/site-packages/airflow/example_dags/example_python_decorator.py
[2024-10-16T13:17:18.870+0000] {processor.py:925} INFO - DAG(s) 'example_python_decorator' retrieved from /home/airflow/.local/lib/python3.12/site-packages/airflow/example_dags/example_python_decorator.py
[2024-10-16T13:17:18.895+0000] {logging_mixin.py:190} INFO - [2024-10-16T13:17:18.894+0000] {dag.py:3239} INFO - Sync 1 DAGs
[2024-10-16T13:17:18.910+0000] {logging_mixin.py:190} INFO - [2024-10-16T13:17:18.910+0000] {dag.py:4180} INFO - Setting next_dagrun for example_python_decorator to None, run_after=None
[2024-10-16T13:17:18.940+0000] {processor.py:208} INFO - Processing /home/airflow/.local/lib/python3.12/site-packages/airflow/example_dags/example_python_decorator.py took 0.099 seconds
[2024-10-16T13:17:49.654+0000] {processor.py:186} INFO - Started process (PID=285) to work on /home/airflow/.local/lib/python3.12/site-packages/airflow/example_dags/example_python_decorator.py
[2024-10-16T13:17:49.656+0000] {processor.py:914} INFO - Processing file /home/airflow/.local/lib/python3.12/site-packages/airflow/example_dags/example_python_decorator.py for tasks to queue
[2024-10-16T13:17:49.660+0000] {logging_mixin.py:190} INFO - [2024-10-16T13:17:49.659+0000] {dagbag.py:588} INFO - Filling up the DagBag from /home/airflow/.local/lib/python3.12/site-packages/airflow/example_dags/example_python_decorator.py
[2024-10-16T13:17:49.678+0000] {processor.py:925} INFO - DAG(s) 'example_python_decorator' retrieved from /home/airflow/.local/lib/python3.12/site-packages/airflow/example_dags/example_python_decorator.py
[2024-10-16T13:17:49.720+0000] {logging_mixin.py:190} INFO - [2024-10-16T13:17:49.719+0000] {dag.py:3239} INFO - Sync 1 DAGs
[2024-10-16T13:17:49.735+0000] {logging_mixin.py:190} INFO - [2024-10-16T13:17:49.735+0000] {dag.py:4180} INFO - Setting next_dagrun for example_python_decorator to None, run_after=None
[2024-10-16T13:17:49.763+0000] {processor.py:208} INFO - Processing /home/airflow/.local/lib/python3.12/site-packages/airflow/example_dags/example_python_decorator.py took 0.120 seconds
[2024-10-16T13:18:19.951+0000] {processor.py:186} INFO - Started process (PID=348) to work on /home/airflow/.local/lib/python3.12/site-packages/airflow/example_dags/example_python_decorator.py
[2024-10-16T13:18:19.952+0000] {processor.py:914} INFO - Processing file /home/airflow/.local/lib/python3.12/site-packages/airflow/example_dags/example_python_decorator.py for tasks to queue
[2024-10-16T13:18:19.955+0000] {logging_mixin.py:190} INFO - [2024-10-16T13:18:19.955+0000] {dagbag.py:588} INFO - Filling up the DagBag from /home/airflow/.local/lib/python3.12/site-packages/airflow/example_dags/example_python_decorator.py
[2024-10-16T13:18:19.984+0000] {processor.py:925} INFO - DAG(s) 'example_python_decorator' retrieved from /home/airflow/.local/lib/python3.12/site-packages/airflow/example_dags/example_python_decorator.py
[2024-10-16T13:18:20.015+0000] {logging_mixin.py:190} INFO - [2024-10-16T13:18:20.015+0000] {dag.py:3239} INFO - Sync 1 DAGs
[2024-10-16T13:18:20.034+0000] {logging_mixin.py:190} INFO - [2024-10-16T13:18:20.033+0000] {dag.py:4180} INFO - Setting next_dagrun for example_python_decorator to None, run_after=None
[2024-10-16T13:18:20.058+0000] {processor.py:208} INFO - Processing /home/airflow/.local/lib/python3.12/site-packages/airflow/example_dags/example_python_decorator.py took 0.115 seconds
[2024-10-16T13:18:50.625+0000] {processor.py:186} INFO - Started process (PID=411) to work on /home/airflow/.local/lib/python3.12/site-packages/airflow/example_dags/example_python_decorator.py
[2024-10-16T13:18:50.627+0000] {processor.py:914} INFO - Processing file /home/airflow/.local/lib/python3.12/site-packages/airflow/example_dags/example_python_decorator.py for tasks to queue
[2024-10-16T13:18:50.629+0000] {logging_mixin.py:190} INFO - [2024-10-16T13:18:50.629+0000] {dagbag.py:588} INFO - Filling up the DagBag from /home/airflow/.local/lib/python3.12/site-packages/airflow/example_dags/example_python_decorator.py
[2024-10-16T13:18:50.647+0000] {processor.py:925} INFO - DAG(s) 'example_python_decorator' retrieved from /home/airflow/.local/lib/python3.12/site-packages/airflow/example_dags/example_python_decorator.py
[2024-10-16T13:18:50.674+0000] {logging_mixin.py:190} INFO - [2024-10-16T13:18:50.674+0000] {dag.py:3239} INFO - Sync 1 DAGs
[2024-10-16T13:18:50.690+0000] {logging_mixin.py:190} INFO - [2024-10-16T13:18:50.690+0000] {dag.py:4180} INFO - Setting next_dagrun for example_python_decorator to None, run_after=None
[2024-10-16T13:18:50.711+0000] {processor.py:208} INFO - Processing /home/airflow/.local/lib/python3.12/site-packages/airflow/example_dags/example_python_decorator.py took 0.093 seconds
[2024-10-16T13:19:21.570+0000] {processor.py:186} INFO - Started process (PID=474) to work on /home/airflow/.local/lib/python3.12/site-packages/airflow/example_dags/example_python_decorator.py
[2024-10-16T13:19:21.571+0000] {processor.py:914} INFO - Processing file /home/airflow/.local/lib/python3.12/site-packages/airflow/example_dags/example_python_decorator.py for tasks to queue
[2024-10-16T13:19:21.574+0000] {logging_mixin.py:190} INFO - [2024-10-16T13:19:21.573+0000] {dagbag.py:588} INFO - Filling up the DagBag from /home/airflow/.local/lib/python3.12/site-packages/airflow/example_dags/example_python_decorator.py
[2024-10-16T13:19:21.607+0000] {processor.py:925} INFO - DAG(s) 'example_python_decorator' retrieved from /home/airflow/.local/lib/python3.12/site-packages/airflow/example_dags/example_python_decorator.py
[2024-10-16T13:19:21.635+0000] {logging_mixin.py:190} INFO - [2024-10-16T13:19:21.635+0000] {dag.py:3239} INFO - Sync 1 DAGs
[2024-10-16T13:19:21.650+0000] {logging_mixin.py:190} INFO - [2024-10-16T13:19:21.650+0000] {dag.py:4180} INFO - Setting next_dagrun for example_python_decorator to None, run_after=None
[2024-10-16T13:19:21.672+0000] {processor.py:208} INFO - Processing /home/airflow/.local/lib/python3.12/site-packages/airflow/example_dags/example_python_decorator.py took 0.111 seconds
[2024-10-16T13:19:52.055+0000] {processor.py:186} INFO - Started process (PID=537) to work on /home/airflow/.local/lib/python3.12/site-packages/airflow/example_dags/example_python_decorator.py
[2024-10-16T13:19:52.057+0000] {processor.py:914} INFO - Processing file /home/airflow/.local/lib/python3.12/site-packages/airflow/example_dags/example_python_decorator.py for tasks to queue
[2024-10-16T13:19:52.061+0000] {logging_mixin.py:190} INFO - [2024-10-16T13:19:52.060+0000] {dagbag.py:588} INFO - Filling up the DagBag from /home/airflow/.local/lib/python3.12/site-packages/airflow/example_dags/example_python_decorator.py
[2024-10-16T13:19:52.074+0000] {processor.py:925} INFO - DAG(s) 'example_python_decorator' retrieved from /home/airflow/.local/lib/python3.12/site-packages/airflow/example_dags/example_python_decorator.py
[2024-10-16T13:19:52.101+0000] {logging_mixin.py:190} INFO - [2024-10-16T13:19:52.101+0000] {dag.py:3239} INFO - Sync 1 DAGs
[2024-10-16T13:19:52.120+0000] {logging_mixin.py:190} INFO - [2024-10-16T13:19:52.120+0000] {dag.py:4180} INFO - Setting next_dagrun for example_python_decorator to None, run_after=None
[2024-10-16T13:19:52.160+0000] {processor.py:208} INFO - Processing /home/airflow/.local/lib/python3.12/site-packages/airflow/example_dags/example_python_decorator.py took 0.112 seconds
[2024-10-16T13:20:22.818+0000] {processor.py:186} INFO - Started process (PID=600) to work on /home/airflow/.local/lib/python3.12/site-packages/airflow/example_dags/example_python_decorator.py
[2024-10-16T13:20:22.820+0000] {processor.py:914} INFO - Processing file /home/airflow/.local/lib/python3.12/site-packages/airflow/example_dags/example_python_decorator.py for tasks to queue
[2024-10-16T13:20:22.823+0000] {logging_mixin.py:190} INFO - [2024-10-16T13:20:22.823+0000] {dagbag.py:588} INFO - Filling up the DagBag from /home/airflow/.local/lib/python3.12/site-packages/airflow/example_dags/example_python_decorator.py
[2024-10-16T13:20:22.841+0000] {processor.py:925} INFO - DAG(s) 'example_python_decorator' retrieved from /home/airflow/.local/lib/python3.12/site-packages/airflow/example_dags/example_python_decorator.py
[2024-10-16T13:20:22.873+0000] {logging_mixin.py:190} INFO - [2024-10-16T13:20:22.873+0000] {dag.py:3239} INFO - Sync 1 DAGs
[2024-10-16T13:20:22.893+0000] {logging_mixin.py:190} INFO - [2024-10-16T13:20:22.892+0000] {dag.py:4180} INFO - Setting next_dagrun for example_python_decorator to None, run_after=None
[2024-10-16T13:20:22.915+0000] {processor.py:208} INFO - Processing /home/airflow/.local/lib/python3.12/site-packages/airflow/example_dags/example_python_decorator.py took 0.104 seconds
[2024-10-16T13:22:02.981+0000] {processor.py:186} INFO - Started process (PID=95) to work on /home/airflow/.local/lib/python3.12/site-packages/airflow/example_dags/example_python_decorator.py
[2024-10-16T13:22:02.982+0000] {processor.py:914} INFO - Processing file /home/airflow/.local/lib/python3.12/site-packages/airflow/example_dags/example_python_decorator.py for tasks to queue
[2024-10-16T13:22:02.984+0000] {logging_mixin.py:190} INFO - [2024-10-16T13:22:02.984+0000] {dagbag.py:588} INFO - Filling up the DagBag from /home/airflow/.local/lib/python3.12/site-packages/airflow/example_dags/example_python_decorator.py
[2024-10-16T13:22:02.999+0000] {processor.py:925} INFO - DAG(s) 'example_python_decorator' retrieved from /home/airflow/.local/lib/python3.12/site-packages/airflow/example_dags/example_python_decorator.py
[2024-10-16T13:22:03.150+0000] {logging_mixin.py:190} INFO - [2024-10-16T13:22:03.149+0000] {override.py:1900} INFO - Created Permission View: can edit on DAG:example_python_decorator
[2024-10-16T13:22:03.166+0000] {logging_mixin.py:190} INFO - [2024-10-16T13:22:03.166+0000] {override.py:1900} INFO - Created Permission View: can read on DAG:example_python_decorator
[2024-10-16T13:22:03.194+0000] {logging_mixin.py:190} INFO - [2024-10-16T13:22:03.194+0000] {override.py:1900} INFO - Created Permission View: can delete on DAG:example_python_decorator
[2024-10-16T13:22:03.219+0000] {logging_mixin.py:190} INFO - [2024-10-16T13:22:03.218+0000] {override.py:1900} INFO - Created Permission View: can delete on DAG Run:example_python_decorator
[2024-10-16T13:22:03.235+0000] {logging_mixin.py:190} INFO - [2024-10-16T13:22:03.235+0000] {override.py:1900} INFO - Created Permission View: can read on DAG Run:example_python_decorator
[2024-10-16T13:22:03.244+0000] {logging_mixin.py:190} INFO - [2024-10-16T13:22:03.244+0000] {override.py:1900} INFO - Created Permission View: menu access on DAG Run:example_python_decorator
[2024-10-16T13:22:03.252+0000] {logging_mixin.py:190} INFO - [2024-10-16T13:22:03.252+0000] {override.py:1900} INFO - Created Permission View: can create on DAG Run:example_python_decorator
[2024-10-16T13:22:03.253+0000] {logging_mixin.py:190} INFO - [2024-10-16T13:22:03.253+0000] {dag.py:3239} INFO - Sync 1 DAGs
[2024-10-16T13:22:03.270+0000] {logging_mixin.py:190} INFO - [2024-10-16T13:22:03.270+0000] {dag.py:3262} INFO - Creating ORM DAG for example_python_decorator
[2024-10-16T13:22:03.277+0000] {logging_mixin.py:190} INFO - [2024-10-16T13:22:03.277+0000] {dag.py:4180} INFO - Setting next_dagrun for example_python_decorator to None, run_after=None
[2024-10-16T13:22:02.909+0000] {processor.py:208} INFO - Processing /home/airflow/.local/lib/python3.12/site-packages/airflow/example_dags/example_python_decorator.py took 0.336 seconds
[2024-10-16T13:22:33.440+0000] {processor.py:186} INFO - Started process (PID=157) to work on /home/airflow/.local/lib/python3.12/site-packages/airflow/example_dags/example_python_decorator.py
[2024-10-16T13:22:33.448+0000] {processor.py:914} INFO - Processing file /home/airflow/.local/lib/python3.12/site-packages/airflow/example_dags/example_python_decorator.py for tasks to queue
[2024-10-16T13:22:33.460+0000] {logging_mixin.py:190} INFO - [2024-10-16T13:22:33.459+0000] {dagbag.py:588} INFO - Filling up the DagBag from /home/airflow/.local/lib/python3.12/site-packages/airflow/example_dags/example_python_decorator.py
[2024-10-16T13:22:33.492+0000] {processor.py:925} INFO - DAG(s) 'example_python_decorator' retrieved from /home/airflow/.local/lib/python3.12/site-packages/airflow/example_dags/example_python_decorator.py
[2024-10-16T13:22:33.558+0000] {logging_mixin.py:190} INFO - [2024-10-16T13:22:33.557+0000] {dag.py:3239} INFO - Sync 1 DAGs
[2024-10-16T13:22:33.587+0000] {logging_mixin.py:190} INFO - [2024-10-16T13:22:33.586+0000] {dag.py:4180} INFO - Setting next_dagrun for example_python_decorator to None, run_after=None
[2024-10-16T13:22:33.624+0000] {processor.py:208} INFO - Processing /home/airflow/.local/lib/python3.12/site-packages/airflow/example_dags/example_python_decorator.py took 0.193 seconds
[2024-10-16T13:23:04.202+0000] {processor.py:186} INFO - Started process (PID=221) to work on /home/airflow/.local/lib/python3.12/site-packages/airflow/example_dags/example_python_decorator.py
[2024-10-16T13:23:04.203+0000] {processor.py:914} INFO - Processing file /home/airflow/.local/lib/python3.12/site-packages/airflow/example_dags/example_python_decorator.py for tasks to queue
[2024-10-16T13:23:04.205+0000] {logging_mixin.py:190} INFO - [2024-10-16T13:23:04.205+0000] {dagbag.py:588} INFO - Filling up the DagBag from /home/airflow/.local/lib/python3.12/site-packages/airflow/example_dags/example_python_decorator.py
[2024-10-16T13:23:04.218+0000] {processor.py:925} INFO - DAG(s) 'example_python_decorator' retrieved from /home/airflow/.local/lib/python3.12/site-packages/airflow/example_dags/example_python_decorator.py
[2024-10-16T13:23:04.239+0000] {logging_mixin.py:190} INFO - [2024-10-16T13:23:04.238+0000] {dag.py:3239} INFO - Sync 1 DAGs
[2024-10-16T13:23:04.251+0000] {logging_mixin.py:190} INFO - [2024-10-16T13:23:04.251+0000] {dag.py:4180} INFO - Setting next_dagrun for example_python_decorator to None, run_after=None
[2024-10-16T13:23:04.271+0000] {processor.py:208} INFO - Processing /home/airflow/.local/lib/python3.12/site-packages/airflow/example_dags/example_python_decorator.py took 0.076 seconds
[2024-10-16T13:23:35.481+0000] {processor.py:186} INFO - Started process (PID=284) to work on /home/airflow/.local/lib/python3.12/site-packages/airflow/example_dags/example_python_decorator.py
[2024-10-16T13:23:35.482+0000] {processor.py:914} INFO - Processing file /home/airflow/.local/lib/python3.12/site-packages/airflow/example_dags/example_python_decorator.py for tasks to queue
[2024-10-16T13:23:35.487+0000] {logging_mixin.py:190} INFO - [2024-10-16T13:23:35.486+0000] {dagbag.py:588} INFO - Filling up the DagBag from /home/airflow/.local/lib/python3.12/site-packages/airflow/example_dags/example_python_decorator.py
[2024-10-16T13:23:35.499+0000] {processor.py:925} INFO - DAG(s) 'example_python_decorator' retrieved from /home/airflow/.local/lib/python3.12/site-packages/airflow/example_dags/example_python_decorator.py
[2024-10-16T13:23:35.524+0000] {logging_mixin.py:190} INFO - [2024-10-16T13:23:35.524+0000] {dag.py:3239} INFO - Sync 1 DAGs
[2024-10-16T13:23:35.537+0000] {logging_mixin.py:190} INFO - [2024-10-16T13:23:35.537+0000] {dag.py:4180} INFO - Setting next_dagrun for example_python_decorator to None, run_after=None
[2024-10-16T13:23:35.558+0000] {processor.py:208} INFO - Processing /home/airflow/.local/lib/python3.12/site-packages/airflow/example_dags/example_python_decorator.py took 0.082 seconds
