[2024-10-16T12:50:28.191+0000] {processor.py:186} INFO - Started process (PID=66) to work on /home/airflow/.local/lib/python3.12/site-packages/airflow/example_dags/example_complex.py
[2024-10-16T12:50:28.192+0000] {processor.py:914} INFO - Processing file /home/airflow/.local/lib/python3.12/site-packages/airflow/example_dags/example_complex.py for tasks to queue
[2024-10-16T12:50:28.194+0000] {logging_mixin.py:190} INFO - [2024-10-16T12:50:28.194+0000] {dagbag.py:588} INFO - Filling up the DagBag from /home/airflow/.local/lib/python3.12/site-packages/airflow/example_dags/example_complex.py
[2024-10-16T12:50:28.221+0000] {processor.py:925} INFO - DAG(s) 'example_complex' retrieved from /home/airflow/.local/lib/python3.12/site-packages/airflow/example_dags/example_complex.py
[2024-10-16T12:50:28.486+0000] {logging_mixin.py:190} INFO - [2024-10-16T12:50:28.486+0000] {override.py:1900} INFO - Created Permission View: can edit on DAG:example_complex
[2024-10-16T12:50:28.501+0000] {logging_mixin.py:190} INFO - [2024-10-16T12:50:28.500+0000] {override.py:1900} INFO - Created Permission View: can read on DAG:example_complex
[2024-10-16T12:50:28.508+0000] {logging_mixin.py:190} INFO - [2024-10-16T12:50:28.508+0000] {override.py:1900} INFO - Created Permission View: can delete on DAG:example_complex
[2024-10-16T12:50:28.517+0000] {logging_mixin.py:190} INFO - [2024-10-16T12:50:28.516+0000] {override.py:1900} INFO - Created Permission View: can delete on DAG Run:example_complex
[2024-10-16T12:50:28.525+0000] {logging_mixin.py:190} INFO - [2024-10-16T12:50:28.525+0000] {override.py:1900} INFO - Created Permission View: menu access on DAG Run:example_complex
[2024-10-16T12:50:28.533+0000] {logging_mixin.py:190} INFO - [2024-10-16T12:50:28.532+0000] {override.py:1900} INFO - Created Permission View: can create on DAG Run:example_complex
[2024-10-16T12:50:28.540+0000] {logging_mixin.py:190} INFO - [2024-10-16T12:50:28.540+0000] {override.py:1900} INFO - Created Permission View: can read on DAG Run:example_complex
[2024-10-16T12:50:28.541+0000] {logging_mixin.py:190} INFO - [2024-10-16T12:50:28.541+0000] {dag.py:3239} INFO - Sync 1 DAGs
[2024-10-16T12:50:28.557+0000] {logging_mixin.py:190} INFO - [2024-10-16T12:50:28.557+0000] {dag.py:3262} INFO - Creating ORM DAG for example_complex
[2024-10-16T12:50:28.558+0000] {logging_mixin.py:190} INFO - [2024-10-16T12:50:28.558+0000] {dag.py:4180} INFO - Setting next_dagrun for example_complex to None, run_after=None
[2024-10-16T12:50:28.589+0000] {processor.py:208} INFO - Processing /home/airflow/.local/lib/python3.12/site-packages/airflow/example_dags/example_complex.py took 0.404 seconds
[2024-10-16T12:50:58.989+0000] {processor.py:186} INFO - Started process (PID=129) to work on /home/airflow/.local/lib/python3.12/site-packages/airflow/example_dags/example_complex.py
[2024-10-16T12:50:58.990+0000] {processor.py:914} INFO - Processing file /home/airflow/.local/lib/python3.12/site-packages/airflow/example_dags/example_complex.py for tasks to queue
[2024-10-16T12:50:58.994+0000] {logging_mixin.py:190} INFO - [2024-10-16T12:50:58.993+0000] {dagbag.py:588} INFO - Filling up the DagBag from /home/airflow/.local/lib/python3.12/site-packages/airflow/example_dags/example_complex.py
[2024-10-16T12:50:59.004+0000] {processor.py:925} INFO - DAG(s) 'example_complex' retrieved from /home/airflow/.local/lib/python3.12/site-packages/airflow/example_dags/example_complex.py
[2024-10-16T12:50:59.035+0000] {logging_mixin.py:190} INFO - [2024-10-16T12:50:59.035+0000] {dag.py:3239} INFO - Sync 1 DAGs
[2024-10-16T12:50:59.050+0000] {logging_mixin.py:190} INFO - [2024-10-16T12:50:59.049+0000] {dag.py:4180} INFO - Setting next_dagrun for example_complex to None, run_after=None
[2024-10-16T12:50:59.071+0000] {processor.py:208} INFO - Processing /home/airflow/.local/lib/python3.12/site-packages/airflow/example_dags/example_complex.py took 0.086 seconds
[2024-10-16T12:51:30.124+0000] {processor.py:186} INFO - Started process (PID=196) to work on /home/airflow/.local/lib/python3.12/site-packages/airflow/example_dags/example_complex.py
[2024-10-16T12:51:30.138+0000] {processor.py:914} INFO - Processing file /home/airflow/.local/lib/python3.12/site-packages/airflow/example_dags/example_complex.py for tasks to queue
[2024-10-16T12:51:30.142+0000] {logging_mixin.py:190} INFO - [2024-10-16T12:51:30.141+0000] {dagbag.py:588} INFO - Filling up the DagBag from /home/airflow/.local/lib/python3.12/site-packages/airflow/example_dags/example_complex.py
[2024-10-16T12:51:30.162+0000] {processor.py:925} INFO - DAG(s) 'example_complex' retrieved from /home/airflow/.local/lib/python3.12/site-packages/airflow/example_dags/example_complex.py
[2024-10-16T12:51:30.214+0000] {logging_mixin.py:190} INFO - [2024-10-16T12:51:30.214+0000] {dag.py:3239} INFO - Sync 1 DAGs
[2024-10-16T12:51:30.240+0000] {logging_mixin.py:190} INFO - [2024-10-16T12:51:30.240+0000] {dag.py:4180} INFO - Setting next_dagrun for example_complex to None, run_after=None
[2024-10-16T12:51:30.285+0000] {processor.py:208} INFO - Processing /home/airflow/.local/lib/python3.12/site-packages/airflow/example_dags/example_complex.py took 0.173 seconds
[2024-10-16T12:52:00.545+0000] {processor.py:186} INFO - Started process (PID=258) to work on /home/airflow/.local/lib/python3.12/site-packages/airflow/example_dags/example_complex.py
[2024-10-16T12:52:00.546+0000] {processor.py:914} INFO - Processing file /home/airflow/.local/lib/python3.12/site-packages/airflow/example_dags/example_complex.py for tasks to queue
[2024-10-16T12:52:00.550+0000] {logging_mixin.py:190} INFO - [2024-10-16T12:52:00.549+0000] {dagbag.py:588} INFO - Filling up the DagBag from /home/airflow/.local/lib/python3.12/site-packages/airflow/example_dags/example_complex.py
[2024-10-16T12:52:00.568+0000] {processor.py:925} INFO - DAG(s) 'example_complex' retrieved from /home/airflow/.local/lib/python3.12/site-packages/airflow/example_dags/example_complex.py
[2024-10-16T12:52:00.606+0000] {logging_mixin.py:190} INFO - [2024-10-16T12:52:00.606+0000] {dag.py:3239} INFO - Sync 1 DAGs
[2024-10-16T12:52:00.631+0000] {logging_mixin.py:190} INFO - [2024-10-16T12:52:00.630+0000] {dag.py:4180} INFO - Setting next_dagrun for example_complex to None, run_after=None
[2024-10-16T12:52:00.668+0000] {processor.py:208} INFO - Processing /home/airflow/.local/lib/python3.12/site-packages/airflow/example_dags/example_complex.py took 0.130 seconds
[2024-10-16T12:52:31.454+0000] {processor.py:186} INFO - Started process (PID=321) to work on /home/airflow/.local/lib/python3.12/site-packages/airflow/example_dags/example_complex.py
[2024-10-16T12:52:31.456+0000] {processor.py:914} INFO - Processing file /home/airflow/.local/lib/python3.12/site-packages/airflow/example_dags/example_complex.py for tasks to queue
[2024-10-16T12:52:31.459+0000] {logging_mixin.py:190} INFO - [2024-10-16T12:52:31.458+0000] {dagbag.py:588} INFO - Filling up the DagBag from /home/airflow/.local/lib/python3.12/site-packages/airflow/example_dags/example_complex.py
[2024-10-16T12:52:31.473+0000] {processor.py:925} INFO - DAG(s) 'example_complex' retrieved from /home/airflow/.local/lib/python3.12/site-packages/airflow/example_dags/example_complex.py
[2024-10-16T12:52:31.515+0000] {logging_mixin.py:190} INFO - [2024-10-16T12:52:31.514+0000] {dag.py:3239} INFO - Sync 1 DAGs
[2024-10-16T12:52:31.537+0000] {logging_mixin.py:190} INFO - [2024-10-16T12:52:31.536+0000] {dag.py:4180} INFO - Setting next_dagrun for example_complex to None, run_after=None
[2024-10-16T12:52:31.578+0000] {processor.py:208} INFO - Processing /home/airflow/.local/lib/python3.12/site-packages/airflow/example_dags/example_complex.py took 0.134 seconds
[2024-10-16T12:53:01.778+0000] {processor.py:186} INFO - Started process (PID=382) to work on /home/airflow/.local/lib/python3.12/site-packages/airflow/example_dags/example_complex.py
[2024-10-16T12:53:01.779+0000] {processor.py:914} INFO - Processing file /home/airflow/.local/lib/python3.12/site-packages/airflow/example_dags/example_complex.py for tasks to queue
[2024-10-16T12:53:01.784+0000] {logging_mixin.py:190} INFO - [2024-10-16T12:53:01.784+0000] {dagbag.py:588} INFO - Filling up the DagBag from /home/airflow/.local/lib/python3.12/site-packages/airflow/example_dags/example_complex.py
[2024-10-16T12:53:01.801+0000] {processor.py:925} INFO - DAG(s) 'example_complex' retrieved from /home/airflow/.local/lib/python3.12/site-packages/airflow/example_dags/example_complex.py
[2024-10-16T12:53:01.846+0000] {logging_mixin.py:190} INFO - [2024-10-16T12:53:01.846+0000] {dag.py:3239} INFO - Sync 1 DAGs
[2024-10-16T12:53:01.871+0000] {logging_mixin.py:190} INFO - [2024-10-16T12:53:01.870+0000] {dag.py:4180} INFO - Setting next_dagrun for example_complex to None, run_after=None
[2024-10-16T12:53:01.903+0000] {processor.py:208} INFO - Processing /home/airflow/.local/lib/python3.12/site-packages/airflow/example_dags/example_complex.py took 0.132 seconds
[2024-10-16T12:53:32.770+0000] {processor.py:186} INFO - Started process (PID=444) to work on /home/airflow/.local/lib/python3.12/site-packages/airflow/example_dags/example_complex.py
[2024-10-16T12:53:32.773+0000] {processor.py:914} INFO - Processing file /home/airflow/.local/lib/python3.12/site-packages/airflow/example_dags/example_complex.py for tasks to queue
[2024-10-16T12:53:32.776+0000] {logging_mixin.py:190} INFO - [2024-10-16T12:53:32.776+0000] {dagbag.py:588} INFO - Filling up the DagBag from /home/airflow/.local/lib/python3.12/site-packages/airflow/example_dags/example_complex.py
[2024-10-16T12:53:32.797+0000] {processor.py:925} INFO - DAG(s) 'example_complex' retrieved from /home/airflow/.local/lib/python3.12/site-packages/airflow/example_dags/example_complex.py
[2024-10-16T12:53:32.852+0000] {logging_mixin.py:190} INFO - [2024-10-16T12:53:32.851+0000] {dag.py:3239} INFO - Sync 1 DAGs
[2024-10-16T12:53:32.872+0000] {logging_mixin.py:190} INFO - [2024-10-16T12:53:32.871+0000] {dag.py:4180} INFO - Setting next_dagrun for example_complex to None, run_after=None
[2024-10-16T12:53:32.904+0000] {processor.py:208} INFO - Processing /home/airflow/.local/lib/python3.12/site-packages/airflow/example_dags/example_complex.py took 0.145 seconds
[2024-10-16T12:54:03.629+0000] {processor.py:186} INFO - Started process (PID=507) to work on /home/airflow/.local/lib/python3.12/site-packages/airflow/example_dags/example_complex.py
[2024-10-16T12:54:03.631+0000] {processor.py:914} INFO - Processing file /home/airflow/.local/lib/python3.12/site-packages/airflow/example_dags/example_complex.py for tasks to queue
[2024-10-16T12:54:03.640+0000] {logging_mixin.py:190} INFO - [2024-10-16T12:54:03.639+0000] {dagbag.py:588} INFO - Filling up the DagBag from /home/airflow/.local/lib/python3.12/site-packages/airflow/example_dags/example_complex.py
[2024-10-16T12:54:03.658+0000] {processor.py:925} INFO - DAG(s) 'example_complex' retrieved from /home/airflow/.local/lib/python3.12/site-packages/airflow/example_dags/example_complex.py
[2024-10-16T12:54:03.702+0000] {logging_mixin.py:190} INFO - [2024-10-16T12:54:03.701+0000] {dag.py:3239} INFO - Sync 1 DAGs
[2024-10-16T12:54:03.720+0000] {logging_mixin.py:190} INFO - [2024-10-16T12:54:03.720+0000] {dag.py:4180} INFO - Setting next_dagrun for example_complex to None, run_after=None
[2024-10-16T12:54:03.752+0000] {processor.py:208} INFO - Processing /home/airflow/.local/lib/python3.12/site-packages/airflow/example_dags/example_complex.py took 0.130 seconds
[2024-10-16T12:54:33.867+0000] {processor.py:186} INFO - Started process (PID=568) to work on /home/airflow/.local/lib/python3.12/site-packages/airflow/example_dags/example_complex.py
[2024-10-16T12:54:33.868+0000] {processor.py:914} INFO - Processing file /home/airflow/.local/lib/python3.12/site-packages/airflow/example_dags/example_complex.py for tasks to queue
[2024-10-16T12:54:33.872+0000] {logging_mixin.py:190} INFO - [2024-10-16T12:54:33.871+0000] {dagbag.py:588} INFO - Filling up the DagBag from /home/airflow/.local/lib/python3.12/site-packages/airflow/example_dags/example_complex.py
[2024-10-16T12:54:33.886+0000] {processor.py:925} INFO - DAG(s) 'example_complex' retrieved from /home/airflow/.local/lib/python3.12/site-packages/airflow/example_dags/example_complex.py
[2024-10-16T12:54:33.924+0000] {logging_mixin.py:190} INFO - [2024-10-16T12:54:33.924+0000] {dag.py:3239} INFO - Sync 1 DAGs
[2024-10-16T12:54:33.942+0000] {logging_mixin.py:190} INFO - [2024-10-16T12:54:33.941+0000] {dag.py:4180} INFO - Setting next_dagrun for example_complex to None, run_after=None
[2024-10-16T12:54:33.973+0000] {processor.py:208} INFO - Processing /home/airflow/.local/lib/python3.12/site-packages/airflow/example_dags/example_complex.py took 0.114 seconds
[2024-10-16T12:55:04.508+0000] {processor.py:186} INFO - Started process (PID=632) to work on /home/airflow/.local/lib/python3.12/site-packages/airflow/example_dags/example_complex.py
[2024-10-16T12:55:04.509+0000] {processor.py:914} INFO - Processing file /home/airflow/.local/lib/python3.12/site-packages/airflow/example_dags/example_complex.py for tasks to queue
[2024-10-16T12:55:04.511+0000] {logging_mixin.py:190} INFO - [2024-10-16T12:55:04.511+0000] {dagbag.py:588} INFO - Filling up the DagBag from /home/airflow/.local/lib/python3.12/site-packages/airflow/example_dags/example_complex.py
[2024-10-16T12:55:04.525+0000] {processor.py:925} INFO - DAG(s) 'example_complex' retrieved from /home/airflow/.local/lib/python3.12/site-packages/airflow/example_dags/example_complex.py
[2024-10-16T12:55:04.566+0000] {logging_mixin.py:190} INFO - [2024-10-16T12:55:04.565+0000] {dag.py:3239} INFO - Sync 1 DAGs
[2024-10-16T12:55:04.587+0000] {logging_mixin.py:190} INFO - [2024-10-16T12:55:04.586+0000] {dag.py:4180} INFO - Setting next_dagrun for example_complex to None, run_after=None
[2024-10-16T12:55:04.620+0000] {processor.py:208} INFO - Processing /home/airflow/.local/lib/python3.12/site-packages/airflow/example_dags/example_complex.py took 0.121 seconds
[2024-10-16T12:55:35.032+0000] {processor.py:186} INFO - Started process (PID=694) to work on /home/airflow/.local/lib/python3.12/site-packages/airflow/example_dags/example_complex.py
[2024-10-16T12:55:35.034+0000] {processor.py:914} INFO - Processing file /home/airflow/.local/lib/python3.12/site-packages/airflow/example_dags/example_complex.py for tasks to queue
[2024-10-16T12:55:35.049+0000] {logging_mixin.py:190} INFO - [2024-10-16T12:55:35.048+0000] {dagbag.py:588} INFO - Filling up the DagBag from /home/airflow/.local/lib/python3.12/site-packages/airflow/example_dags/example_complex.py
[2024-10-16T12:55:35.092+0000] {processor.py:925} INFO - DAG(s) 'example_complex' retrieved from /home/airflow/.local/lib/python3.12/site-packages/airflow/example_dags/example_complex.py
[2024-10-16T12:55:35.140+0000] {logging_mixin.py:190} INFO - [2024-10-16T12:55:35.140+0000] {dag.py:3239} INFO - Sync 1 DAGs
[2024-10-16T12:55:35.166+0000] {logging_mixin.py:190} INFO - [2024-10-16T12:55:35.165+0000] {dag.py:4180} INFO - Setting next_dagrun for example_complex to None, run_after=None
[2024-10-16T12:55:35.203+0000] {processor.py:208} INFO - Processing /home/airflow/.local/lib/python3.12/site-packages/airflow/example_dags/example_complex.py took 0.178 seconds
[2024-10-16T12:56:05.630+0000] {processor.py:186} INFO - Started process (PID=756) to work on /home/airflow/.local/lib/python3.12/site-packages/airflow/example_dags/example_complex.py
[2024-10-16T12:56:05.631+0000] {processor.py:914} INFO - Processing file /home/airflow/.local/lib/python3.12/site-packages/airflow/example_dags/example_complex.py for tasks to queue
[2024-10-16T12:56:05.633+0000] {logging_mixin.py:190} INFO - [2024-10-16T12:56:05.633+0000] {dagbag.py:588} INFO - Filling up the DagBag from /home/airflow/.local/lib/python3.12/site-packages/airflow/example_dags/example_complex.py
[2024-10-16T12:56:05.642+0000] {processor.py:925} INFO - DAG(s) 'example_complex' retrieved from /home/airflow/.local/lib/python3.12/site-packages/airflow/example_dags/example_complex.py
[2024-10-16T12:56:05.668+0000] {logging_mixin.py:190} INFO - [2024-10-16T12:56:05.667+0000] {dag.py:3239} INFO - Sync 1 DAGs
[2024-10-16T12:56:05.678+0000] {logging_mixin.py:190} INFO - [2024-10-16T12:56:05.678+0000] {dag.py:4180} INFO - Setting next_dagrun for example_complex to None, run_after=None
[2024-10-16T12:56:05.697+0000] {processor.py:208} INFO - Processing /home/airflow/.local/lib/python3.12/site-packages/airflow/example_dags/example_complex.py took 0.071 seconds
[2024-10-16T12:56:36.131+0000] {processor.py:186} INFO - Started process (PID=818) to work on /home/airflow/.local/lib/python3.12/site-packages/airflow/example_dags/example_complex.py
[2024-10-16T12:56:36.133+0000] {processor.py:914} INFO - Processing file /home/airflow/.local/lib/python3.12/site-packages/airflow/example_dags/example_complex.py for tasks to queue
[2024-10-16T12:56:36.137+0000] {logging_mixin.py:190} INFO - [2024-10-16T12:56:36.136+0000] {dagbag.py:588} INFO - Filling up the DagBag from /home/airflow/.local/lib/python3.12/site-packages/airflow/example_dags/example_complex.py
[2024-10-16T12:56:36.160+0000] {processor.py:925} INFO - DAG(s) 'example_complex' retrieved from /home/airflow/.local/lib/python3.12/site-packages/airflow/example_dags/example_complex.py
[2024-10-16T12:56:36.202+0000] {logging_mixin.py:190} INFO - [2024-10-16T12:56:36.202+0000] {dag.py:3239} INFO - Sync 1 DAGs
[2024-10-16T12:56:36.220+0000] {logging_mixin.py:190} INFO - [2024-10-16T12:56:36.220+0000] {dag.py:4180} INFO - Setting next_dagrun for example_complex to None, run_after=None
[2024-10-16T12:56:36.253+0000] {processor.py:208} INFO - Processing /home/airflow/.local/lib/python3.12/site-packages/airflow/example_dags/example_complex.py took 0.145 seconds
[2024-10-16T12:57:07.340+0000] {processor.py:186} INFO - Started process (PID=880) to work on /home/airflow/.local/lib/python3.12/site-packages/airflow/example_dags/example_complex.py
[2024-10-16T12:57:07.341+0000] {processor.py:914} INFO - Processing file /home/airflow/.local/lib/python3.12/site-packages/airflow/example_dags/example_complex.py for tasks to queue
[2024-10-16T12:57:07.345+0000] {logging_mixin.py:190} INFO - [2024-10-16T12:57:07.345+0000] {dagbag.py:588} INFO - Filling up the DagBag from /home/airflow/.local/lib/python3.12/site-packages/airflow/example_dags/example_complex.py
[2024-10-16T12:57:07.360+0000] {processor.py:925} INFO - DAG(s) 'example_complex' retrieved from /home/airflow/.local/lib/python3.12/site-packages/airflow/example_dags/example_complex.py
[2024-10-16T12:57:07.402+0000] {logging_mixin.py:190} INFO - [2024-10-16T12:57:07.402+0000] {dag.py:3239} INFO - Sync 1 DAGs
[2024-10-16T12:57:07.438+0000] {logging_mixin.py:190} INFO - [2024-10-16T12:57:07.437+0000] {dag.py:4180} INFO - Setting next_dagrun for example_complex to None, run_after=None
[2024-10-16T12:57:07.462+0000] {processor.py:208} INFO - Processing /home/airflow/.local/lib/python3.12/site-packages/airflow/example_dags/example_complex.py took 0.128 seconds
[2024-10-16T12:57:38.295+0000] {processor.py:186} INFO - Started process (PID=942) to work on /home/airflow/.local/lib/python3.12/site-packages/airflow/example_dags/example_complex.py
[2024-10-16T12:57:38.296+0000] {processor.py:914} INFO - Processing file /home/airflow/.local/lib/python3.12/site-packages/airflow/example_dags/example_complex.py for tasks to queue
[2024-10-16T12:57:38.298+0000] {logging_mixin.py:190} INFO - [2024-10-16T12:57:38.297+0000] {dagbag.py:588} INFO - Filling up the DagBag from /home/airflow/.local/lib/python3.12/site-packages/airflow/example_dags/example_complex.py
[2024-10-16T12:57:38.332+0000] {processor.py:925} INFO - DAG(s) 'example_complex' retrieved from /home/airflow/.local/lib/python3.12/site-packages/airflow/example_dags/example_complex.py
[2024-10-16T12:57:38.385+0000] {logging_mixin.py:190} INFO - [2024-10-16T12:57:38.385+0000] {dag.py:3239} INFO - Sync 1 DAGs
[2024-10-16T12:57:38.397+0000] {logging_mixin.py:190} INFO - [2024-10-16T12:57:38.397+0000] {dag.py:4180} INFO - Setting next_dagrun for example_complex to None, run_after=None
[2024-10-16T12:57:38.419+0000] {processor.py:208} INFO - Processing /home/airflow/.local/lib/python3.12/site-packages/airflow/example_dags/example_complex.py took 0.128 seconds
[2024-10-16T12:58:09.347+0000] {processor.py:186} INFO - Started process (PID=1005) to work on /home/airflow/.local/lib/python3.12/site-packages/airflow/example_dags/example_complex.py
[2024-10-16T12:58:09.348+0000] {processor.py:914} INFO - Processing file /home/airflow/.local/lib/python3.12/site-packages/airflow/example_dags/example_complex.py for tasks to queue
[2024-10-16T12:58:09.352+0000] {logging_mixin.py:190} INFO - [2024-10-16T12:58:09.351+0000] {dagbag.py:588} INFO - Filling up the DagBag from /home/airflow/.local/lib/python3.12/site-packages/airflow/example_dags/example_complex.py
[2024-10-16T12:58:09.370+0000] {processor.py:925} INFO - DAG(s) 'example_complex' retrieved from /home/airflow/.local/lib/python3.12/site-packages/airflow/example_dags/example_complex.py
[2024-10-16T12:58:09.418+0000] {logging_mixin.py:190} INFO - [2024-10-16T12:58:09.418+0000] {dag.py:3239} INFO - Sync 1 DAGs
[2024-10-16T12:58:09.439+0000] {logging_mixin.py:190} INFO - [2024-10-16T12:58:09.438+0000] {dag.py:4180} INFO - Setting next_dagrun for example_complex to None, run_after=None
[2024-10-16T12:58:09.465+0000] {processor.py:208} INFO - Processing /home/airflow/.local/lib/python3.12/site-packages/airflow/example_dags/example_complex.py took 0.125 seconds
[2024-10-16T12:58:40.127+0000] {processor.py:186} INFO - Started process (PID=1067) to work on /home/airflow/.local/lib/python3.12/site-packages/airflow/example_dags/example_complex.py
[2024-10-16T12:58:40.134+0000] {processor.py:914} INFO - Processing file /home/airflow/.local/lib/python3.12/site-packages/airflow/example_dags/example_complex.py for tasks to queue
[2024-10-16T12:58:40.138+0000] {logging_mixin.py:190} INFO - [2024-10-16T12:58:40.137+0000] {dagbag.py:588} INFO - Filling up the DagBag from /home/airflow/.local/lib/python3.12/site-packages/airflow/example_dags/example_complex.py
[2024-10-16T12:58:40.157+0000] {processor.py:925} INFO - DAG(s) 'example_complex' retrieved from /home/airflow/.local/lib/python3.12/site-packages/airflow/example_dags/example_complex.py
[2024-10-16T12:58:40.224+0000] {logging_mixin.py:190} INFO - [2024-10-16T12:58:40.224+0000] {dag.py:3239} INFO - Sync 1 DAGs
[2024-10-16T12:58:40.255+0000] {logging_mixin.py:190} INFO - [2024-10-16T12:58:40.254+0000] {dag.py:4180} INFO - Setting next_dagrun for example_complex to None, run_after=None
[2024-10-16T12:58:40.296+0000] {processor.py:208} INFO - Processing /home/airflow/.local/lib/python3.12/site-packages/airflow/example_dags/example_complex.py took 0.176 seconds
[2024-10-16T12:59:10.413+0000] {processor.py:186} INFO - Started process (PID=1128) to work on /home/airflow/.local/lib/python3.12/site-packages/airflow/example_dags/example_complex.py
[2024-10-16T12:59:10.414+0000] {processor.py:914} INFO - Processing file /home/airflow/.local/lib/python3.12/site-packages/airflow/example_dags/example_complex.py for tasks to queue
[2024-10-16T12:59:10.418+0000] {logging_mixin.py:190} INFO - [2024-10-16T12:59:10.418+0000] {dagbag.py:588} INFO - Filling up the DagBag from /home/airflow/.local/lib/python3.12/site-packages/airflow/example_dags/example_complex.py
[2024-10-16T12:59:10.431+0000] {processor.py:925} INFO - DAG(s) 'example_complex' retrieved from /home/airflow/.local/lib/python3.12/site-packages/airflow/example_dags/example_complex.py
[2024-10-16T12:59:10.473+0000] {logging_mixin.py:190} INFO - [2024-10-16T12:59:10.473+0000] {dag.py:3239} INFO - Sync 1 DAGs
[2024-10-16T12:59:10.493+0000] {logging_mixin.py:190} INFO - [2024-10-16T12:59:10.492+0000] {dag.py:4180} INFO - Setting next_dagrun for example_complex to None, run_after=None
[2024-10-16T12:59:10.525+0000] {processor.py:208} INFO - Processing /home/airflow/.local/lib/python3.12/site-packages/airflow/example_dags/example_complex.py took 0.118 seconds
[2024-10-16T12:59:41.176+0000] {processor.py:186} INFO - Started process (PID=1190) to work on /home/airflow/.local/lib/python3.12/site-packages/airflow/example_dags/example_complex.py
[2024-10-16T12:59:41.179+0000] {processor.py:914} INFO - Processing file /home/airflow/.local/lib/python3.12/site-packages/airflow/example_dags/example_complex.py for tasks to queue
[2024-10-16T12:59:41.183+0000] {logging_mixin.py:190} INFO - [2024-10-16T12:59:41.183+0000] {dagbag.py:588} INFO - Filling up the DagBag from /home/airflow/.local/lib/python3.12/site-packages/airflow/example_dags/example_complex.py
[2024-10-16T12:59:41.203+0000] {processor.py:925} INFO - DAG(s) 'example_complex' retrieved from /home/airflow/.local/lib/python3.12/site-packages/airflow/example_dags/example_complex.py
[2024-10-16T12:59:41.252+0000] {logging_mixin.py:190} INFO - [2024-10-16T12:59:41.251+0000] {dag.py:3239} INFO - Sync 1 DAGs
[2024-10-16T12:59:41.271+0000] {logging_mixin.py:190} INFO - [2024-10-16T12:59:41.271+0000] {dag.py:4180} INFO - Setting next_dagrun for example_complex to None, run_after=None
[2024-10-16T12:59:41.311+0000] {processor.py:208} INFO - Processing /home/airflow/.local/lib/python3.12/site-packages/airflow/example_dags/example_complex.py took 0.144 seconds
[2024-10-16T13:00:11.928+0000] {processor.py:186} INFO - Started process (PID=1252) to work on /home/airflow/.local/lib/python3.12/site-packages/airflow/example_dags/example_complex.py
[2024-10-16T13:00:11.929+0000] {processor.py:914} INFO - Processing file /home/airflow/.local/lib/python3.12/site-packages/airflow/example_dags/example_complex.py for tasks to queue
[2024-10-16T13:00:11.932+0000] {logging_mixin.py:190} INFO - [2024-10-16T13:00:11.932+0000] {dagbag.py:588} INFO - Filling up the DagBag from /home/airflow/.local/lib/python3.12/site-packages/airflow/example_dags/example_complex.py
[2024-10-16T13:00:11.945+0000] {processor.py:925} INFO - DAG(s) 'example_complex' retrieved from /home/airflow/.local/lib/python3.12/site-packages/airflow/example_dags/example_complex.py
[2024-10-16T13:00:11.984+0000] {logging_mixin.py:190} INFO - [2024-10-16T13:00:11.984+0000] {dag.py:3239} INFO - Sync 1 DAGs
[2024-10-16T13:00:11.996+0000] {logging_mixin.py:190} INFO - [2024-10-16T13:00:11.996+0000] {dag.py:4180} INFO - Setting next_dagrun for example_complex to None, run_after=None
[2024-10-16T13:00:12.027+0000] {processor.py:208} INFO - Processing /home/airflow/.local/lib/python3.12/site-packages/airflow/example_dags/example_complex.py took 0.103 seconds
[2024-10-16T13:00:42.392+0000] {processor.py:186} INFO - Started process (PID=1315) to work on /home/airflow/.local/lib/python3.12/site-packages/airflow/example_dags/example_complex.py
[2024-10-16T13:00:42.394+0000] {processor.py:914} INFO - Processing file /home/airflow/.local/lib/python3.12/site-packages/airflow/example_dags/example_complex.py for tasks to queue
[2024-10-16T13:00:42.396+0000] {logging_mixin.py:190} INFO - [2024-10-16T13:00:42.395+0000] {dagbag.py:588} INFO - Filling up the DagBag from /home/airflow/.local/lib/python3.12/site-packages/airflow/example_dags/example_complex.py
[2024-10-16T13:00:42.404+0000] {processor.py:925} INFO - DAG(s) 'example_complex' retrieved from /home/airflow/.local/lib/python3.12/site-packages/airflow/example_dags/example_complex.py
[2024-10-16T13:00:42.438+0000] {logging_mixin.py:190} INFO - [2024-10-16T13:00:42.437+0000] {dag.py:3239} INFO - Sync 1 DAGs
[2024-10-16T13:00:42.459+0000] {logging_mixin.py:190} INFO - [2024-10-16T13:00:42.458+0000] {dag.py:4180} INFO - Setting next_dagrun for example_complex to None, run_after=None
[2024-10-16T13:00:42.482+0000] {processor.py:208} INFO - Processing /home/airflow/.local/lib/python3.12/site-packages/airflow/example_dags/example_complex.py took 0.101 seconds
[2024-10-16T13:01:13.307+0000] {processor.py:186} INFO - Started process (PID=1377) to work on /home/airflow/.local/lib/python3.12/site-packages/airflow/example_dags/example_complex.py
[2024-10-16T13:01:13.309+0000] {processor.py:914} INFO - Processing file /home/airflow/.local/lib/python3.12/site-packages/airflow/example_dags/example_complex.py for tasks to queue
[2024-10-16T13:01:13.311+0000] {logging_mixin.py:190} INFO - [2024-10-16T13:01:13.310+0000] {dagbag.py:588} INFO - Filling up the DagBag from /home/airflow/.local/lib/python3.12/site-packages/airflow/example_dags/example_complex.py
[2024-10-16T13:01:13.323+0000] {processor.py:925} INFO - DAG(s) 'example_complex' retrieved from /home/airflow/.local/lib/python3.12/site-packages/airflow/example_dags/example_complex.py
[2024-10-16T13:01:13.365+0000] {logging_mixin.py:190} INFO - [2024-10-16T13:01:13.365+0000] {dag.py:3239} INFO - Sync 1 DAGs
[2024-10-16T13:01:13.382+0000] {logging_mixin.py:190} INFO - [2024-10-16T13:01:13.382+0000] {dag.py:4180} INFO - Setting next_dagrun for example_complex to None, run_after=None
[2024-10-16T13:01:13.408+0000] {processor.py:208} INFO - Processing /home/airflow/.local/lib/python3.12/site-packages/airflow/example_dags/example_complex.py took 0.108 seconds
[2024-10-16T13:01:44.738+0000] {processor.py:186} INFO - Started process (PID=1444) to work on /home/airflow/.local/lib/python3.12/site-packages/airflow/example_dags/example_complex.py
[2024-10-16T13:01:44.740+0000] {processor.py:914} INFO - Processing file /home/airflow/.local/lib/python3.12/site-packages/airflow/example_dags/example_complex.py for tasks to queue
[2024-10-16T13:01:44.743+0000] {logging_mixin.py:190} INFO - [2024-10-16T13:01:44.742+0000] {dagbag.py:588} INFO - Filling up the DagBag from /home/airflow/.local/lib/python3.12/site-packages/airflow/example_dags/example_complex.py
[2024-10-16T13:01:44.772+0000] {processor.py:925} INFO - DAG(s) 'example_complex' retrieved from /home/airflow/.local/lib/python3.12/site-packages/airflow/example_dags/example_complex.py
[2024-10-16T13:01:44.818+0000] {logging_mixin.py:190} INFO - [2024-10-16T13:01:44.818+0000] {dag.py:3239} INFO - Sync 1 DAGs
[2024-10-16T13:01:44.834+0000] {logging_mixin.py:190} INFO - [2024-10-16T13:01:44.834+0000] {dag.py:4180} INFO - Setting next_dagrun for example_complex to None, run_after=None
[2024-10-16T13:01:44.859+0000] {processor.py:208} INFO - Processing /home/airflow/.local/lib/python3.12/site-packages/airflow/example_dags/example_complex.py took 0.129 seconds
[2024-10-16T13:02:15.712+0000] {processor.py:186} INFO - Started process (PID=1508) to work on /home/airflow/.local/lib/python3.12/site-packages/airflow/example_dags/example_complex.py
[2024-10-16T13:02:15.714+0000] {processor.py:914} INFO - Processing file /home/airflow/.local/lib/python3.12/site-packages/airflow/example_dags/example_complex.py for tasks to queue
[2024-10-16T13:02:15.718+0000] {logging_mixin.py:190} INFO - [2024-10-16T13:02:15.718+0000] {dagbag.py:588} INFO - Filling up the DagBag from /home/airflow/.local/lib/python3.12/site-packages/airflow/example_dags/example_complex.py
[2024-10-16T13:02:15.739+0000] {processor.py:925} INFO - DAG(s) 'example_complex' retrieved from /home/airflow/.local/lib/python3.12/site-packages/airflow/example_dags/example_complex.py
[2024-10-16T13:02:15.782+0000] {logging_mixin.py:190} INFO - [2024-10-16T13:02:15.782+0000] {dag.py:3239} INFO - Sync 1 DAGs
[2024-10-16T13:02:15.808+0000] {logging_mixin.py:190} INFO - [2024-10-16T13:02:15.807+0000] {dag.py:4180} INFO - Setting next_dagrun for example_complex to None, run_after=None
[2024-10-16T13:02:15.838+0000] {processor.py:208} INFO - Processing /home/airflow/.local/lib/python3.12/site-packages/airflow/example_dags/example_complex.py took 0.137 seconds
[2024-10-16T13:02:46.402+0000] {processor.py:186} INFO - Started process (PID=1570) to work on /home/airflow/.local/lib/python3.12/site-packages/airflow/example_dags/example_complex.py
[2024-10-16T13:02:46.404+0000] {processor.py:914} INFO - Processing file /home/airflow/.local/lib/python3.12/site-packages/airflow/example_dags/example_complex.py for tasks to queue
[2024-10-16T13:02:46.408+0000] {logging_mixin.py:190} INFO - [2024-10-16T13:02:46.407+0000] {dagbag.py:588} INFO - Filling up the DagBag from /home/airflow/.local/lib/python3.12/site-packages/airflow/example_dags/example_complex.py
[2024-10-16T13:02:46.430+0000] {processor.py:925} INFO - DAG(s) 'example_complex' retrieved from /home/airflow/.local/lib/python3.12/site-packages/airflow/example_dags/example_complex.py
[2024-10-16T13:02:46.480+0000] {logging_mixin.py:190} INFO - [2024-10-16T13:02:46.480+0000] {dag.py:3239} INFO - Sync 1 DAGs
[2024-10-16T13:02:46.499+0000] {logging_mixin.py:190} INFO - [2024-10-16T13:02:46.499+0000] {dag.py:4180} INFO - Setting next_dagrun for example_complex to None, run_after=None
[2024-10-16T13:02:46.535+0000] {processor.py:208} INFO - Processing /home/airflow/.local/lib/python3.12/site-packages/airflow/example_dags/example_complex.py took 0.143 seconds
[2024-10-16T13:03:17.036+0000] {processor.py:186} INFO - Started process (PID=1632) to work on /home/airflow/.local/lib/python3.12/site-packages/airflow/example_dags/example_complex.py
[2024-10-16T13:03:17.038+0000] {processor.py:914} INFO - Processing file /home/airflow/.local/lib/python3.12/site-packages/airflow/example_dags/example_complex.py for tasks to queue
[2024-10-16T13:03:17.044+0000] {logging_mixin.py:190} INFO - [2024-10-16T13:03:17.044+0000] {dagbag.py:588} INFO - Filling up the DagBag from /home/airflow/.local/lib/python3.12/site-packages/airflow/example_dags/example_complex.py
[2024-10-16T13:03:17.061+0000] {processor.py:925} INFO - DAG(s) 'example_complex' retrieved from /home/airflow/.local/lib/python3.12/site-packages/airflow/example_dags/example_complex.py
[2024-10-16T13:03:17.086+0000] {logging_mixin.py:190} INFO - [2024-10-16T13:03:17.086+0000] {dag.py:3239} INFO - Sync 1 DAGs
[2024-10-16T13:03:17.100+0000] {logging_mixin.py:190} INFO - [2024-10-16T13:03:17.100+0000] {dag.py:4180} INFO - Setting next_dagrun for example_complex to None, run_after=None
[2024-10-16T13:03:17.123+0000] {processor.py:208} INFO - Processing /home/airflow/.local/lib/python3.12/site-packages/airflow/example_dags/example_complex.py took 0.092 seconds
[2024-10-16T13:03:48.037+0000] {processor.py:186} INFO - Started process (PID=1694) to work on /home/airflow/.local/lib/python3.12/site-packages/airflow/example_dags/example_complex.py
[2024-10-16T13:03:48.039+0000] {processor.py:914} INFO - Processing file /home/airflow/.local/lib/python3.12/site-packages/airflow/example_dags/example_complex.py for tasks to queue
[2024-10-16T13:03:48.042+0000] {logging_mixin.py:190} INFO - [2024-10-16T13:03:48.041+0000] {dagbag.py:588} INFO - Filling up the DagBag from /home/airflow/.local/lib/python3.12/site-packages/airflow/example_dags/example_complex.py
[2024-10-16T13:03:48.069+0000] {processor.py:925} INFO - DAG(s) 'example_complex' retrieved from /home/airflow/.local/lib/python3.12/site-packages/airflow/example_dags/example_complex.py
[2024-10-16T13:03:48.110+0000] {logging_mixin.py:190} INFO - [2024-10-16T13:03:48.109+0000] {dag.py:3239} INFO - Sync 1 DAGs
[2024-10-16T13:03:48.126+0000] {logging_mixin.py:190} INFO - [2024-10-16T13:03:48.125+0000] {dag.py:4180} INFO - Setting next_dagrun for example_complex to None, run_after=None
[2024-10-16T13:03:48.156+0000] {processor.py:208} INFO - Processing /home/airflow/.local/lib/python3.12/site-packages/airflow/example_dags/example_complex.py took 0.126 seconds
[2024-10-16T13:04:18.814+0000] {processor.py:186} INFO - Started process (PID=1756) to work on /home/airflow/.local/lib/python3.12/site-packages/airflow/example_dags/example_complex.py
[2024-10-16T13:04:18.817+0000] {processor.py:914} INFO - Processing file /home/airflow/.local/lib/python3.12/site-packages/airflow/example_dags/example_complex.py for tasks to queue
[2024-10-16T13:04:18.820+0000] {logging_mixin.py:190} INFO - [2024-10-16T13:04:18.819+0000] {dagbag.py:588} INFO - Filling up the DagBag from /home/airflow/.local/lib/python3.12/site-packages/airflow/example_dags/example_complex.py
[2024-10-16T13:04:18.833+0000] {processor.py:925} INFO - DAG(s) 'example_complex' retrieved from /home/airflow/.local/lib/python3.12/site-packages/airflow/example_dags/example_complex.py
[2024-10-16T13:04:18.869+0000] {logging_mixin.py:190} INFO - [2024-10-16T13:04:18.868+0000] {dag.py:3239} INFO - Sync 1 DAGs
[2024-10-16T13:04:18.897+0000] {logging_mixin.py:190} INFO - [2024-10-16T13:04:18.895+0000] {dag.py:4180} INFO - Setting next_dagrun for example_complex to None, run_after=None
[2024-10-16T13:04:18.929+0000] {processor.py:208} INFO - Processing /home/airflow/.local/lib/python3.12/site-packages/airflow/example_dags/example_complex.py took 0.123 seconds
[2024-10-16T13:04:49.365+0000] {processor.py:186} INFO - Started process (PID=1818) to work on /home/airflow/.local/lib/python3.12/site-packages/airflow/example_dags/example_complex.py
[2024-10-16T13:04:49.371+0000] {processor.py:914} INFO - Processing file /home/airflow/.local/lib/python3.12/site-packages/airflow/example_dags/example_complex.py for tasks to queue
[2024-10-16T13:04:49.374+0000] {logging_mixin.py:190} INFO - [2024-10-16T13:04:49.373+0000] {dagbag.py:588} INFO - Filling up the DagBag from /home/airflow/.local/lib/python3.12/site-packages/airflow/example_dags/example_complex.py
[2024-10-16T13:04:49.395+0000] {processor.py:925} INFO - DAG(s) 'example_complex' retrieved from /home/airflow/.local/lib/python3.12/site-packages/airflow/example_dags/example_complex.py
[2024-10-16T13:04:49.435+0000] {logging_mixin.py:190} INFO - [2024-10-16T13:04:49.434+0000] {dag.py:3239} INFO - Sync 1 DAGs
[2024-10-16T13:04:49.470+0000] {logging_mixin.py:190} INFO - [2024-10-16T13:04:49.469+0000] {dag.py:4180} INFO - Setting next_dagrun for example_complex to None, run_after=None
[2024-10-16T13:04:49.548+0000] {processor.py:208} INFO - Processing /home/airflow/.local/lib/python3.12/site-packages/airflow/example_dags/example_complex.py took 0.203 seconds
[2024-10-16T13:08:02.167+0000] {processor.py:186} INFO - Started process (PID=67) to work on /home/airflow/.local/lib/python3.12/site-packages/airflow/example_dags/example_complex.py
[2024-10-16T13:08:02.169+0000] {processor.py:914} INFO - Processing file /home/airflow/.local/lib/python3.12/site-packages/airflow/example_dags/example_complex.py for tasks to queue
[2024-10-16T13:08:02.174+0000] {logging_mixin.py:190} INFO - [2024-10-16T13:08:02.173+0000] {dagbag.py:588} INFO - Filling up the DagBag from /home/airflow/.local/lib/python3.12/site-packages/airflow/example_dags/example_complex.py
[2024-10-16T13:08:02.198+0000] {processor.py:925} INFO - DAG(s) 'example_complex' retrieved from /home/airflow/.local/lib/python3.12/site-packages/airflow/example_dags/example_complex.py
[2024-10-16T13:08:02.354+0000] {logging_mixin.py:190} INFO - [2024-10-16T13:08:02.353+0000] {override.py:1900} INFO - Created Permission View: can read on DAG:example_complex
[2024-10-16T13:08:02.369+0000] {logging_mixin.py:190} INFO - [2024-10-16T13:08:02.368+0000] {override.py:1900} INFO - Created Permission View: can delete on DAG:example_complex
[2024-10-16T13:08:02.379+0000] {logging_mixin.py:190} INFO - [2024-10-16T13:08:02.379+0000] {override.py:1900} INFO - Created Permission View: can edit on DAG:example_complex
[2024-10-16T13:08:02.391+0000] {logging_mixin.py:190} INFO - [2024-10-16T13:08:02.391+0000] {override.py:1900} INFO - Created Permission View: can create on DAG Run:example_complex
[2024-10-16T13:08:02.400+0000] {logging_mixin.py:190} INFO - [2024-10-16T13:08:02.399+0000] {override.py:1900} INFO - Created Permission View: menu access on DAG Run:example_complex
[2024-10-16T13:08:02.408+0000] {logging_mixin.py:190} INFO - [2024-10-16T13:08:02.408+0000] {override.py:1900} INFO - Created Permission View: can read on DAG Run:example_complex
[2024-10-16T13:08:02.417+0000] {logging_mixin.py:190} INFO - [2024-10-16T13:08:02.416+0000] {override.py:1900} INFO - Created Permission View: can delete on DAG Run:example_complex
[2024-10-16T13:08:02.418+0000] {logging_mixin.py:190} INFO - [2024-10-16T13:08:02.418+0000] {dag.py:3239} INFO - Sync 1 DAGs
[2024-10-16T13:08:02.432+0000] {logging_mixin.py:190} INFO - [2024-10-16T13:08:02.432+0000] {dag.py:3262} INFO - Creating ORM DAG for example_complex
[2024-10-16T13:08:02.433+0000] {logging_mixin.py:190} INFO - [2024-10-16T13:08:02.433+0000] {dag.py:4180} INFO - Setting next_dagrun for example_complex to None, run_after=None
[2024-10-16T13:08:02.468+0000] {processor.py:208} INFO - Processing /home/airflow/.local/lib/python3.12/site-packages/airflow/example_dags/example_complex.py took 0.309 seconds
[2024-10-16T13:08:32.700+0000] {processor.py:186} INFO - Started process (PID=129) to work on /home/airflow/.local/lib/python3.12/site-packages/airflow/example_dags/example_complex.py
[2024-10-16T13:08:32.701+0000] {processor.py:914} INFO - Processing file /home/airflow/.local/lib/python3.12/site-packages/airflow/example_dags/example_complex.py for tasks to queue
[2024-10-16T13:08:32.706+0000] {logging_mixin.py:190} INFO - [2024-10-16T13:08:32.705+0000] {dagbag.py:588} INFO - Filling up the DagBag from /home/airflow/.local/lib/python3.12/site-packages/airflow/example_dags/example_complex.py
[2024-10-16T13:08:32.719+0000] {processor.py:925} INFO - DAG(s) 'example_complex' retrieved from /home/airflow/.local/lib/python3.12/site-packages/airflow/example_dags/example_complex.py
[2024-10-16T13:08:32.764+0000] {logging_mixin.py:190} INFO - [2024-10-16T13:08:32.763+0000] {dag.py:3239} INFO - Sync 1 DAGs
[2024-10-16T13:08:32.783+0000] {logging_mixin.py:190} INFO - [2024-10-16T13:08:32.783+0000] {dag.py:4180} INFO - Setting next_dagrun for example_complex to None, run_after=None
[2024-10-16T13:08:32.805+0000] {processor.py:208} INFO - Processing /home/airflow/.local/lib/python3.12/site-packages/airflow/example_dags/example_complex.py took 0.111 seconds
[2024-10-16T13:09:03.388+0000] {processor.py:186} INFO - Started process (PID=198) to work on /home/airflow/.local/lib/python3.12/site-packages/airflow/example_dags/example_complex.py
[2024-10-16T13:09:03.389+0000] {processor.py:914} INFO - Processing file /home/airflow/.local/lib/python3.12/site-packages/airflow/example_dags/example_complex.py for tasks to queue
[2024-10-16T13:09:03.394+0000] {logging_mixin.py:190} INFO - [2024-10-16T13:09:03.393+0000] {dagbag.py:588} INFO - Filling up the DagBag from /home/airflow/.local/lib/python3.12/site-packages/airflow/example_dags/example_complex.py
[2024-10-16T13:09:03.409+0000] {processor.py:925} INFO - DAG(s) 'example_complex' retrieved from /home/airflow/.local/lib/python3.12/site-packages/airflow/example_dags/example_complex.py
[2024-10-16T13:09:03.457+0000] {logging_mixin.py:190} INFO - [2024-10-16T13:09:03.456+0000] {dag.py:3239} INFO - Sync 1 DAGs
[2024-10-16T13:09:03.479+0000] {logging_mixin.py:190} INFO - [2024-10-16T13:09:03.479+0000] {dag.py:4180} INFO - Setting next_dagrun for example_complex to None, run_after=None
[2024-10-16T13:09:03.502+0000] {processor.py:208} INFO - Processing /home/airflow/.local/lib/python3.12/site-packages/airflow/example_dags/example_complex.py took 0.125 seconds
[2024-10-16T13:09:34.677+0000] {processor.py:186} INFO - Started process (PID=262) to work on /home/airflow/.local/lib/python3.12/site-packages/airflow/example_dags/example_complex.py
[2024-10-16T13:09:34.679+0000] {processor.py:914} INFO - Processing file /home/airflow/.local/lib/python3.12/site-packages/airflow/example_dags/example_complex.py for tasks to queue
[2024-10-16T13:09:34.682+0000] {logging_mixin.py:190} INFO - [2024-10-16T13:09:34.681+0000] {dagbag.py:588} INFO - Filling up the DagBag from /home/airflow/.local/lib/python3.12/site-packages/airflow/example_dags/example_complex.py
[2024-10-16T13:09:34.693+0000] {processor.py:925} INFO - DAG(s) 'example_complex' retrieved from /home/airflow/.local/lib/python3.12/site-packages/airflow/example_dags/example_complex.py
[2024-10-16T13:09:34.758+0000] {logging_mixin.py:190} INFO - [2024-10-16T13:09:34.758+0000] {dag.py:3239} INFO - Sync 1 DAGs
[2024-10-16T13:09:34.789+0000] {logging_mixin.py:190} INFO - [2024-10-16T13:09:34.789+0000] {dag.py:4180} INFO - Setting next_dagrun for example_complex to None, run_after=None
[2024-10-16T13:09:34.821+0000] {processor.py:208} INFO - Processing /home/airflow/.local/lib/python3.12/site-packages/airflow/example_dags/example_complex.py took 0.150 seconds
[2024-10-16T13:10:05.428+0000] {processor.py:186} INFO - Started process (PID=325) to work on /home/airflow/.local/lib/python3.12/site-packages/airflow/example_dags/example_complex.py
[2024-10-16T13:10:05.429+0000] {processor.py:914} INFO - Processing file /home/airflow/.local/lib/python3.12/site-packages/airflow/example_dags/example_complex.py for tasks to queue
[2024-10-16T13:10:05.432+0000] {logging_mixin.py:190} INFO - [2024-10-16T13:10:05.432+0000] {dagbag.py:588} INFO - Filling up the DagBag from /home/airflow/.local/lib/python3.12/site-packages/airflow/example_dags/example_complex.py
[2024-10-16T13:10:05.442+0000] {processor.py:925} INFO - DAG(s) 'example_complex' retrieved from /home/airflow/.local/lib/python3.12/site-packages/airflow/example_dags/example_complex.py
[2024-10-16T13:10:05.472+0000] {logging_mixin.py:190} INFO - [2024-10-16T13:10:05.472+0000] {dag.py:3239} INFO - Sync 1 DAGs
[2024-10-16T13:10:05.486+0000] {logging_mixin.py:190} INFO - [2024-10-16T13:10:05.485+0000] {dag.py:4180} INFO - Setting next_dagrun for example_complex to None, run_after=None
[2024-10-16T13:10:05.510+0000] {processor.py:208} INFO - Processing /home/airflow/.local/lib/python3.12/site-packages/airflow/example_dags/example_complex.py took 0.089 seconds
[2024-10-16T13:10:36.362+0000] {processor.py:186} INFO - Started process (PID=388) to work on /home/airflow/.local/lib/python3.12/site-packages/airflow/example_dags/example_complex.py
[2024-10-16T13:10:36.364+0000] {processor.py:914} INFO - Processing file /home/airflow/.local/lib/python3.12/site-packages/airflow/example_dags/example_complex.py for tasks to queue
[2024-10-16T13:10:36.367+0000] {logging_mixin.py:190} INFO - [2024-10-16T13:10:36.367+0000] {dagbag.py:588} INFO - Filling up the DagBag from /home/airflow/.local/lib/python3.12/site-packages/airflow/example_dags/example_complex.py
[2024-10-16T13:10:36.382+0000] {processor.py:925} INFO - DAG(s) 'example_complex' retrieved from /home/airflow/.local/lib/python3.12/site-packages/airflow/example_dags/example_complex.py
[2024-10-16T13:10:36.426+0000] {logging_mixin.py:190} INFO - [2024-10-16T13:10:36.425+0000] {dag.py:3239} INFO - Sync 1 DAGs
[2024-10-16T13:10:36.444+0000] {logging_mixin.py:190} INFO - [2024-10-16T13:10:36.444+0000] {dag.py:4180} INFO - Setting next_dagrun for example_complex to None, run_after=None
[2024-10-16T13:10:36.477+0000] {processor.py:208} INFO - Processing /home/airflow/.local/lib/python3.12/site-packages/airflow/example_dags/example_complex.py took 0.122 seconds
[2024-10-16T13:11:06.680+0000] {processor.py:186} INFO - Started process (PID=451) to work on /home/airflow/.local/lib/python3.12/site-packages/airflow/example_dags/example_complex.py
[2024-10-16T13:11:06.684+0000] {processor.py:914} INFO - Processing file /home/airflow/.local/lib/python3.12/site-packages/airflow/example_dags/example_complex.py for tasks to queue
[2024-10-16T13:11:06.687+0000] {logging_mixin.py:190} INFO - [2024-10-16T13:11:06.686+0000] {dagbag.py:588} INFO - Filling up the DagBag from /home/airflow/.local/lib/python3.12/site-packages/airflow/example_dags/example_complex.py
[2024-10-16T13:11:06.704+0000] {processor.py:925} INFO - DAG(s) 'example_complex' retrieved from /home/airflow/.local/lib/python3.12/site-packages/airflow/example_dags/example_complex.py
[2024-10-16T13:11:06.750+0000] {logging_mixin.py:190} INFO - [2024-10-16T13:11:06.749+0000] {dag.py:3239} INFO - Sync 1 DAGs
[2024-10-16T13:11:06.768+0000] {logging_mixin.py:190} INFO - [2024-10-16T13:11:06.767+0000] {dag.py:4180} INFO - Setting next_dagrun for example_complex to None, run_after=None
[2024-10-16T13:11:06.798+0000] {processor.py:208} INFO - Processing /home/airflow/.local/lib/python3.12/site-packages/airflow/example_dags/example_complex.py took 0.132 seconds
[2024-10-16T13:12:41.652+0000] {processor.py:186} INFO - Started process (PID=66) to work on /home/airflow/.local/lib/python3.12/site-packages/airflow/example_dags/example_complex.py
[2024-10-16T13:12:41.654+0000] {processor.py:914} INFO - Processing file /home/airflow/.local/lib/python3.12/site-packages/airflow/example_dags/example_complex.py for tasks to queue
[2024-10-16T13:12:41.658+0000] {logging_mixin.py:190} INFO - [2024-10-16T13:12:41.658+0000] {dagbag.py:588} INFO - Filling up the DagBag from /home/airflow/.local/lib/python3.12/site-packages/airflow/example_dags/example_complex.py
[2024-10-16T13:12:41.689+0000] {processor.py:925} INFO - DAG(s) 'example_complex' retrieved from /home/airflow/.local/lib/python3.12/site-packages/airflow/example_dags/example_complex.py
[2024-10-16T13:12:41.884+0000] {logging_mixin.py:190} INFO - [2024-10-16T13:12:41.884+0000] {override.py:1900} INFO - Created Permission View: can read on DAG:example_complex
[2024-10-16T13:12:41.905+0000] {logging_mixin.py:190} INFO - [2024-10-16T13:12:41.904+0000] {override.py:1900} INFO - Created Permission View: can edit on DAG:example_complex
[2024-10-16T13:12:41.917+0000] {logging_mixin.py:190} INFO - [2024-10-16T13:12:41.916+0000] {override.py:1900} INFO - Created Permission View: can delete on DAG:example_complex
[2024-10-16T13:12:41.950+0000] {logging_mixin.py:190} INFO - [2024-10-16T13:12:41.949+0000] {override.py:1900} INFO - Created Permission View: can read on DAG Run:example_complex
[2024-10-16T13:12:41.963+0000] {logging_mixin.py:190} INFO - [2024-10-16T13:12:41.962+0000] {override.py:1900} INFO - Created Permission View: menu access on DAG Run:example_complex
[2024-10-16T13:12:41.978+0000] {logging_mixin.py:190} INFO - [2024-10-16T13:12:41.977+0000] {override.py:1900} INFO - Created Permission View: can delete on DAG Run:example_complex
[2024-10-16T13:12:41.996+0000] {logging_mixin.py:190} INFO - [2024-10-16T13:12:41.995+0000] {override.py:1900} INFO - Created Permission View: can create on DAG Run:example_complex
[2024-10-16T13:12:41.998+0000] {logging_mixin.py:190} INFO - [2024-10-16T13:12:41.997+0000] {dag.py:3239} INFO - Sync 1 DAGs
[2024-10-16T13:12:42.025+0000] {logging_mixin.py:190} INFO - [2024-10-16T13:12:42.025+0000] {dag.py:3262} INFO - Creating ORM DAG for example_complex
[2024-10-16T13:12:42.032+0000] {logging_mixin.py:190} INFO - [2024-10-16T13:12:42.032+0000] {dag.py:4180} INFO - Setting next_dagrun for example_complex to None, run_after=None
[2024-10-16T13:12:42.086+0000] {processor.py:208} INFO - Processing /home/airflow/.local/lib/python3.12/site-packages/airflow/example_dags/example_complex.py took 0.440 seconds
[2024-10-16T13:13:12.446+0000] {processor.py:186} INFO - Started process (PID=134) to work on /home/airflow/.local/lib/python3.12/site-packages/airflow/example_dags/example_complex.py
[2024-10-16T13:13:12.447+0000] {processor.py:914} INFO - Processing file /home/airflow/.local/lib/python3.12/site-packages/airflow/example_dags/example_complex.py for tasks to queue
[2024-10-16T13:13:12.450+0000] {logging_mixin.py:190} INFO - [2024-10-16T13:13:12.449+0000] {dagbag.py:588} INFO - Filling up the DagBag from /home/airflow/.local/lib/python3.12/site-packages/airflow/example_dags/example_complex.py
[2024-10-16T13:13:12.466+0000] {processor.py:925} INFO - DAG(s) 'example_complex' retrieved from /home/airflow/.local/lib/python3.12/site-packages/airflow/example_dags/example_complex.py
[2024-10-16T13:13:12.542+0000] {logging_mixin.py:190} INFO - [2024-10-16T13:13:12.542+0000] {dag.py:3239} INFO - Sync 1 DAGs
[2024-10-16T13:13:12.560+0000] {logging_mixin.py:190} INFO - [2024-10-16T13:13:12.560+0000] {dag.py:4180} INFO - Setting next_dagrun for example_complex to None, run_after=None
[2024-10-16T13:13:12.590+0000] {processor.py:208} INFO - Processing /home/airflow/.local/lib/python3.12/site-packages/airflow/example_dags/example_complex.py took 0.152 seconds
[2024-10-16T13:14:43.921+0000] {processor.py:186} INFO - Started process (PID=68) to work on /home/airflow/.local/lib/python3.12/site-packages/airflow/example_dags/example_complex.py
[2024-10-16T13:14:43.923+0000] {processor.py:914} INFO - Processing file /home/airflow/.local/lib/python3.12/site-packages/airflow/example_dags/example_complex.py for tasks to queue
[2024-10-16T13:14:43.925+0000] {logging_mixin.py:190} INFO - [2024-10-16T13:14:43.925+0000] {dagbag.py:588} INFO - Filling up the DagBag from /home/airflow/.local/lib/python3.12/site-packages/airflow/example_dags/example_complex.py
[2024-10-16T13:14:43.942+0000] {processor.py:925} INFO - DAG(s) 'example_complex' retrieved from /home/airflow/.local/lib/python3.12/site-packages/airflow/example_dags/example_complex.py
[2024-10-16T13:14:44.107+0000] {logging_mixin.py:190} INFO - [2024-10-16T13:14:44.106+0000] {override.py:1900} INFO - Created Permission View: can read on DAG:example_complex
[2024-10-16T13:14:44.122+0000] {logging_mixin.py:190} INFO - [2024-10-16T13:14:44.121+0000] {override.py:1900} INFO - Created Permission View: can delete on DAG:example_complex
[2024-10-16T13:14:44.129+0000] {logging_mixin.py:190} INFO - [2024-10-16T13:14:44.129+0000] {override.py:1900} INFO - Created Permission View: can edit on DAG:example_complex
[2024-10-16T13:14:44.139+0000] {logging_mixin.py:190} INFO - [2024-10-16T13:14:44.139+0000] {override.py:1900} INFO - Created Permission View: can read on DAG Run:example_complex
[2024-10-16T13:14:44.148+0000] {logging_mixin.py:190} INFO - [2024-10-16T13:14:44.147+0000] {override.py:1900} INFO - Created Permission View: can create on DAG Run:example_complex
[2024-10-16T13:14:44.158+0000] {logging_mixin.py:190} INFO - [2024-10-16T13:14:44.157+0000] {override.py:1900} INFO - Created Permission View: can delete on DAG Run:example_complex
[2024-10-16T13:14:44.168+0000] {logging_mixin.py:190} INFO - [2024-10-16T13:14:44.168+0000] {override.py:1900} INFO - Created Permission View: menu access on DAG Run:example_complex
[2024-10-16T13:14:44.169+0000] {logging_mixin.py:190} INFO - [2024-10-16T13:14:44.169+0000] {dag.py:3239} INFO - Sync 1 DAGs
[2024-10-16T13:14:44.184+0000] {logging_mixin.py:190} INFO - [2024-10-16T13:14:44.183+0000] {dag.py:3262} INFO - Creating ORM DAG for example_complex
[2024-10-16T13:14:44.185+0000] {logging_mixin.py:190} INFO - [2024-10-16T13:14:44.184+0000] {dag.py:4180} INFO - Setting next_dagrun for example_complex to None, run_after=None
[2024-10-16T13:14:44.214+0000] {processor.py:208} INFO - Processing /home/airflow/.local/lib/python3.12/site-packages/airflow/example_dags/example_complex.py took 0.302 seconds
[2024-10-16T13:16:13.608+0000] {processor.py:186} INFO - Started process (PID=67) to work on /home/airflow/.local/lib/python3.12/site-packages/airflow/example_dags/example_complex.py
[2024-10-16T13:16:13.609+0000] {processor.py:914} INFO - Processing file /home/airflow/.local/lib/python3.12/site-packages/airflow/example_dags/example_complex.py for tasks to queue
[2024-10-16T13:16:13.611+0000] {logging_mixin.py:190} INFO - [2024-10-16T13:16:13.611+0000] {dagbag.py:588} INFO - Filling up the DagBag from /home/airflow/.local/lib/python3.12/site-packages/airflow/example_dags/example_complex.py
[2024-10-16T13:16:13.625+0000] {processor.py:925} INFO - DAG(s) 'example_complex' retrieved from /home/airflow/.local/lib/python3.12/site-packages/airflow/example_dags/example_complex.py
[2024-10-16T13:16:13.763+0000] {logging_mixin.py:190} INFO - [2024-10-16T13:16:13.762+0000] {override.py:1900} INFO - Created Permission View: can edit on DAG:example_complex
[2024-10-16T13:16:13.775+0000] {logging_mixin.py:190} INFO - [2024-10-16T13:16:13.775+0000] {override.py:1900} INFO - Created Permission View: can read on DAG:example_complex
[2024-10-16T13:16:13.785+0000] {logging_mixin.py:190} INFO - [2024-10-16T13:16:13.784+0000] {override.py:1900} INFO - Created Permission View: can delete on DAG:example_complex
[2024-10-16T13:16:13.795+0000] {logging_mixin.py:190} INFO - [2024-10-16T13:16:13.795+0000] {override.py:1900} INFO - Created Permission View: menu access on DAG Run:example_complex
[2024-10-16T13:16:13.805+0000] {logging_mixin.py:190} INFO - [2024-10-16T13:16:13.804+0000] {override.py:1900} INFO - Created Permission View: can read on DAG Run:example_complex
[2024-10-16T13:16:13.814+0000] {logging_mixin.py:190} INFO - [2024-10-16T13:16:13.814+0000] {override.py:1900} INFO - Created Permission View: can create on DAG Run:example_complex
[2024-10-16T13:16:13.824+0000] {logging_mixin.py:190} INFO - [2024-10-16T13:16:13.823+0000] {override.py:1900} INFO - Created Permission View: can delete on DAG Run:example_complex
[2024-10-16T13:16:13.825+0000] {logging_mixin.py:190} INFO - [2024-10-16T13:16:13.824+0000] {dag.py:3239} INFO - Sync 1 DAGs
[2024-10-16T13:16:13.840+0000] {logging_mixin.py:190} INFO - [2024-10-16T13:16:13.840+0000] {dag.py:3262} INFO - Creating ORM DAG for example_complex
[2024-10-16T13:16:13.842+0000] {logging_mixin.py:190} INFO - [2024-10-16T13:16:13.841+0000] {dag.py:4180} INFO - Setting next_dagrun for example_complex to None, run_after=None
[2024-10-16T13:16:13.865+0000] {processor.py:208} INFO - Processing /home/airflow/.local/lib/python3.12/site-packages/airflow/example_dags/example_complex.py took 0.263 seconds
[2024-10-16T13:16:44.018+0000] {processor.py:186} INFO - Started process (PID=137) to work on /home/airflow/.local/lib/python3.12/site-packages/airflow/example_dags/example_complex.py
[2024-10-16T13:16:44.019+0000] {processor.py:914} INFO - Processing file /home/airflow/.local/lib/python3.12/site-packages/airflow/example_dags/example_complex.py for tasks to queue
[2024-10-16T13:16:44.023+0000] {logging_mixin.py:190} INFO - [2024-10-16T13:16:44.022+0000] {dagbag.py:588} INFO - Filling up the DagBag from /home/airflow/.local/lib/python3.12/site-packages/airflow/example_dags/example_complex.py
[2024-10-16T13:16:44.039+0000] {processor.py:925} INFO - DAG(s) 'example_complex' retrieved from /home/airflow/.local/lib/python3.12/site-packages/airflow/example_dags/example_complex.py
[2024-10-16T13:16:44.080+0000] {logging_mixin.py:190} INFO - [2024-10-16T13:16:44.079+0000] {dag.py:3239} INFO - Sync 1 DAGs
[2024-10-16T13:16:44.102+0000] {logging_mixin.py:190} INFO - [2024-10-16T13:16:44.102+0000] {dag.py:4180} INFO - Setting next_dagrun for example_complex to None, run_after=None
[2024-10-16T13:16:44.176+0000] {processor.py:208} INFO - Processing /home/airflow/.local/lib/python3.12/site-packages/airflow/example_dags/example_complex.py took 0.166 seconds
[2024-10-16T13:17:14.299+0000] {processor.py:186} INFO - Started process (PID=200) to work on /home/airflow/.local/lib/python3.12/site-packages/airflow/example_dags/example_complex.py
[2024-10-16T13:17:14.301+0000] {processor.py:914} INFO - Processing file /home/airflow/.local/lib/python3.12/site-packages/airflow/example_dags/example_complex.py for tasks to queue
[2024-10-16T13:17:14.304+0000] {logging_mixin.py:190} INFO - [2024-10-16T13:17:14.303+0000] {dagbag.py:588} INFO - Filling up the DagBag from /home/airflow/.local/lib/python3.12/site-packages/airflow/example_dags/example_complex.py
[2024-10-16T13:17:14.315+0000] {processor.py:925} INFO - DAG(s) 'example_complex' retrieved from /home/airflow/.local/lib/python3.12/site-packages/airflow/example_dags/example_complex.py
[2024-10-16T13:17:14.349+0000] {logging_mixin.py:190} INFO - [2024-10-16T13:17:14.349+0000] {dag.py:3239} INFO - Sync 1 DAGs
[2024-10-16T13:17:14.368+0000] {logging_mixin.py:190} INFO - [2024-10-16T13:17:14.367+0000] {dag.py:4180} INFO - Setting next_dagrun for example_complex to None, run_after=None
[2024-10-16T13:17:14.396+0000] {processor.py:208} INFO - Processing /home/airflow/.local/lib/python3.12/site-packages/airflow/example_dags/example_complex.py took 0.104 seconds
[2024-10-16T13:17:45.308+0000] {processor.py:186} INFO - Started process (PID=262) to work on /home/airflow/.local/lib/python3.12/site-packages/airflow/example_dags/example_complex.py
[2024-10-16T13:17:45.312+0000] {processor.py:914} INFO - Processing file /home/airflow/.local/lib/python3.12/site-packages/airflow/example_dags/example_complex.py for tasks to queue
[2024-10-16T13:17:45.325+0000] {logging_mixin.py:190} INFO - [2024-10-16T13:17:45.323+0000] {dagbag.py:588} INFO - Filling up the DagBag from /home/airflow/.local/lib/python3.12/site-packages/airflow/example_dags/example_complex.py
[2024-10-16T13:17:45.350+0000] {processor.py:925} INFO - DAG(s) 'example_complex' retrieved from /home/airflow/.local/lib/python3.12/site-packages/airflow/example_dags/example_complex.py
[2024-10-16T13:17:45.387+0000] {logging_mixin.py:190} INFO - [2024-10-16T13:17:45.386+0000] {dag.py:3239} INFO - Sync 1 DAGs
[2024-10-16T13:17:45.404+0000] {logging_mixin.py:190} INFO - [2024-10-16T13:17:45.403+0000] {dag.py:4180} INFO - Setting next_dagrun for example_complex to None, run_after=None
[2024-10-16T13:17:45.434+0000] {processor.py:208} INFO - Processing /home/airflow/.local/lib/python3.12/site-packages/airflow/example_dags/example_complex.py took 0.152 seconds
[2024-10-16T13:18:15.997+0000] {processor.py:186} INFO - Started process (PID=325) to work on /home/airflow/.local/lib/python3.12/site-packages/airflow/example_dags/example_complex.py
[2024-10-16T13:18:15.998+0000] {processor.py:914} INFO - Processing file /home/airflow/.local/lib/python3.12/site-packages/airflow/example_dags/example_complex.py for tasks to queue
[2024-10-16T13:18:16.000+0000] {logging_mixin.py:190} INFO - [2024-10-16T13:18:16.000+0000] {dagbag.py:588} INFO - Filling up the DagBag from /home/airflow/.local/lib/python3.12/site-packages/airflow/example_dags/example_complex.py
[2024-10-16T13:18:16.013+0000] {processor.py:925} INFO - DAG(s) 'example_complex' retrieved from /home/airflow/.local/lib/python3.12/site-packages/airflow/example_dags/example_complex.py
[2024-10-16T13:18:16.050+0000] {logging_mixin.py:190} INFO - [2024-10-16T13:18:16.050+0000] {dag.py:3239} INFO - Sync 1 DAGs
[2024-10-16T13:18:16.066+0000] {logging_mixin.py:190} INFO - [2024-10-16T13:18:16.066+0000] {dag.py:4180} INFO - Setting next_dagrun for example_complex to None, run_after=None
[2024-10-16T13:18:16.100+0000] {processor.py:208} INFO - Processing /home/airflow/.local/lib/python3.12/site-packages/airflow/example_dags/example_complex.py took 0.108 seconds
[2024-10-16T13:18:46.794+0000] {processor.py:186} INFO - Started process (PID=388) to work on /home/airflow/.local/lib/python3.12/site-packages/airflow/example_dags/example_complex.py
[2024-10-16T13:18:46.795+0000] {processor.py:914} INFO - Processing file /home/airflow/.local/lib/python3.12/site-packages/airflow/example_dags/example_complex.py for tasks to queue
[2024-10-16T13:18:46.799+0000] {logging_mixin.py:190} INFO - [2024-10-16T13:18:46.798+0000] {dagbag.py:588} INFO - Filling up the DagBag from /home/airflow/.local/lib/python3.12/site-packages/airflow/example_dags/example_complex.py
[2024-10-16T13:18:46.815+0000] {processor.py:925} INFO - DAG(s) 'example_complex' retrieved from /home/airflow/.local/lib/python3.12/site-packages/airflow/example_dags/example_complex.py
[2024-10-16T13:18:46.861+0000] {logging_mixin.py:190} INFO - [2024-10-16T13:18:46.861+0000] {dag.py:3239} INFO - Sync 1 DAGs
[2024-10-16T13:18:46.881+0000] {logging_mixin.py:190} INFO - [2024-10-16T13:18:46.881+0000] {dag.py:4180} INFO - Setting next_dagrun for example_complex to None, run_after=None
[2024-10-16T13:18:46.912+0000] {processor.py:208} INFO - Processing /home/airflow/.local/lib/python3.12/site-packages/airflow/example_dags/example_complex.py took 0.126 seconds
[2024-10-16T13:19:17.211+0000] {processor.py:186} INFO - Started process (PID=451) to work on /home/airflow/.local/lib/python3.12/site-packages/airflow/example_dags/example_complex.py
[2024-10-16T13:19:17.213+0000] {processor.py:914} INFO - Processing file /home/airflow/.local/lib/python3.12/site-packages/airflow/example_dags/example_complex.py for tasks to queue
[2024-10-16T13:19:17.215+0000] {logging_mixin.py:190} INFO - [2024-10-16T13:19:17.215+0000] {dagbag.py:588} INFO - Filling up the DagBag from /home/airflow/.local/lib/python3.12/site-packages/airflow/example_dags/example_complex.py
[2024-10-16T13:19:17.231+0000] {processor.py:925} INFO - DAG(s) 'example_complex' retrieved from /home/airflow/.local/lib/python3.12/site-packages/airflow/example_dags/example_complex.py
[2024-10-16T13:19:17.274+0000] {logging_mixin.py:190} INFO - [2024-10-16T13:19:17.274+0000] {dag.py:3239} INFO - Sync 1 DAGs
[2024-10-16T13:19:17.292+0000] {logging_mixin.py:190} INFO - [2024-10-16T13:19:17.291+0000] {dag.py:4180} INFO - Setting next_dagrun for example_complex to None, run_after=None
[2024-10-16T13:19:17.320+0000] {processor.py:208} INFO - Processing /home/airflow/.local/lib/python3.12/site-packages/airflow/example_dags/example_complex.py took 0.116 seconds
[2024-10-16T13:19:48.030+0000] {processor.py:186} INFO - Started process (PID=514) to work on /home/airflow/.local/lib/python3.12/site-packages/airflow/example_dags/example_complex.py
[2024-10-16T13:19:48.031+0000] {processor.py:914} INFO - Processing file /home/airflow/.local/lib/python3.12/site-packages/airflow/example_dags/example_complex.py for tasks to queue
[2024-10-16T13:19:48.034+0000] {logging_mixin.py:190} INFO - [2024-10-16T13:19:48.034+0000] {dagbag.py:588} INFO - Filling up the DagBag from /home/airflow/.local/lib/python3.12/site-packages/airflow/example_dags/example_complex.py
[2024-10-16T13:19:48.054+0000] {processor.py:925} INFO - DAG(s) 'example_complex' retrieved from /home/airflow/.local/lib/python3.12/site-packages/airflow/example_dags/example_complex.py
[2024-10-16T13:19:48.102+0000] {logging_mixin.py:190} INFO - [2024-10-16T13:19:48.102+0000] {dag.py:3239} INFO - Sync 1 DAGs
[2024-10-16T13:19:48.122+0000] {logging_mixin.py:190} INFO - [2024-10-16T13:19:48.121+0000] {dag.py:4180} INFO - Setting next_dagrun for example_complex to None, run_after=None
[2024-10-16T13:19:48.146+0000] {processor.py:208} INFO - Processing /home/airflow/.local/lib/python3.12/site-packages/airflow/example_dags/example_complex.py took 0.123 seconds
[2024-10-16T13:20:19.171+0000] {processor.py:186} INFO - Started process (PID=577) to work on /home/airflow/.local/lib/python3.12/site-packages/airflow/example_dags/example_complex.py
[2024-10-16T13:20:19.174+0000] {processor.py:914} INFO - Processing file /home/airflow/.local/lib/python3.12/site-packages/airflow/example_dags/example_complex.py for tasks to queue
[2024-10-16T13:20:19.177+0000] {logging_mixin.py:190} INFO - [2024-10-16T13:20:19.176+0000] {dagbag.py:588} INFO - Filling up the DagBag from /home/airflow/.local/lib/python3.12/site-packages/airflow/example_dags/example_complex.py
[2024-10-16T13:20:19.189+0000] {processor.py:925} INFO - DAG(s) 'example_complex' retrieved from /home/airflow/.local/lib/python3.12/site-packages/airflow/example_dags/example_complex.py
[2024-10-16T13:20:19.221+0000] {logging_mixin.py:190} INFO - [2024-10-16T13:20:19.221+0000] {dag.py:3239} INFO - Sync 1 DAGs
[2024-10-16T13:20:19.233+0000] {logging_mixin.py:190} INFO - [2024-10-16T13:20:19.233+0000] {dag.py:4180} INFO - Setting next_dagrun for example_complex to None, run_after=None
[2024-10-16T13:20:19.258+0000] {processor.py:208} INFO - Processing /home/airflow/.local/lib/python3.12/site-packages/airflow/example_dags/example_complex.py took 0.093 seconds
[2024-10-16T13:20:49.587+0000] {processor.py:186} INFO - Started process (PID=640) to work on /home/airflow/.local/lib/python3.12/site-packages/airflow/example_dags/example_complex.py
[2024-10-16T13:20:49.589+0000] {processor.py:914} INFO - Processing file /home/airflow/.local/lib/python3.12/site-packages/airflow/example_dags/example_complex.py for tasks to queue
[2024-10-16T13:20:49.592+0000] {logging_mixin.py:190} INFO - [2024-10-16T13:20:49.591+0000] {dagbag.py:588} INFO - Filling up the DagBag from /home/airflow/.local/lib/python3.12/site-packages/airflow/example_dags/example_complex.py
[2024-10-16T13:20:49.605+0000] {processor.py:925} INFO - DAG(s) 'example_complex' retrieved from /home/airflow/.local/lib/python3.12/site-packages/airflow/example_dags/example_complex.py
[2024-10-16T13:20:49.645+0000] {logging_mixin.py:190} INFO - [2024-10-16T13:20:49.645+0000] {dag.py:3239} INFO - Sync 1 DAGs
[2024-10-16T13:20:49.665+0000] {logging_mixin.py:190} INFO - [2024-10-16T13:20:49.665+0000] {dag.py:4180} INFO - Setting next_dagrun for example_complex to None, run_after=None
[2024-10-16T13:20:49.691+0000] {processor.py:208} INFO - Processing /home/airflow/.local/lib/python3.12/site-packages/airflow/example_dags/example_complex.py took 0.110 seconds
[2024-10-16T13:21:58.859+0000] {processor.py:186} INFO - Started process (PID=66) to work on /home/airflow/.local/lib/python3.12/site-packages/airflow/example_dags/example_complex.py
[2024-10-16T13:21:58.860+0000] {processor.py:914} INFO - Processing file /home/airflow/.local/lib/python3.12/site-packages/airflow/example_dags/example_complex.py for tasks to queue
[2024-10-16T13:21:58.864+0000] {logging_mixin.py:190} INFO - [2024-10-16T13:21:58.863+0000] {dagbag.py:588} INFO - Filling up the DagBag from /home/airflow/.local/lib/python3.12/site-packages/airflow/example_dags/example_complex.py
[2024-10-16T13:21:58.885+0000] {processor.py:925} INFO - DAG(s) 'example_complex' retrieved from /home/airflow/.local/lib/python3.12/site-packages/airflow/example_dags/example_complex.py
[2024-10-16T13:21:59.048+0000] {logging_mixin.py:190} INFO - [2024-10-16T13:21:59.047+0000] {override.py:1900} INFO - Created Permission View: can edit on DAG:example_complex
[2024-10-16T13:21:59.066+0000] {logging_mixin.py:190} INFO - [2024-10-16T13:21:59.066+0000] {override.py:1900} INFO - Created Permission View: can read on DAG:example_complex
[2024-10-16T13:21:59.076+0000] {logging_mixin.py:190} INFO - [2024-10-16T13:21:59.075+0000] {override.py:1900} INFO - Created Permission View: can delete on DAG:example_complex
[2024-10-16T13:21:59.087+0000] {logging_mixin.py:190} INFO - [2024-10-16T13:21:59.086+0000] {override.py:1900} INFO - Created Permission View: can delete on DAG Run:example_complex
[2024-10-16T13:21:59.095+0000] {logging_mixin.py:190} INFO - [2024-10-16T13:21:59.094+0000] {override.py:1900} INFO - Created Permission View: can read on DAG Run:example_complex
[2024-10-16T13:21:59.103+0000] {logging_mixin.py:190} INFO - [2024-10-16T13:21:59.103+0000] {override.py:1900} INFO - Created Permission View: menu access on DAG Run:example_complex
[2024-10-16T13:21:59.110+0000] {logging_mixin.py:190} INFO - [2024-10-16T13:21:59.110+0000] {override.py:1900} INFO - Created Permission View: can create on DAG Run:example_complex
[2024-10-16T13:21:59.111+0000] {logging_mixin.py:190} INFO - [2024-10-16T13:21:59.111+0000] {dag.py:3239} INFO - Sync 1 DAGs
[2024-10-16T13:21:59.122+0000] {logging_mixin.py:190} INFO - [2024-10-16T13:21:59.122+0000] {dag.py:3262} INFO - Creating ORM DAG for example_complex
[2024-10-16T13:21:59.124+0000] {logging_mixin.py:190} INFO - [2024-10-16T13:21:59.123+0000] {dag.py:4180} INFO - Setting next_dagrun for example_complex to None, run_after=None
[2024-10-16T13:21:59.149+0000] {processor.py:208} INFO - Processing /home/airflow/.local/lib/python3.12/site-packages/airflow/example_dags/example_complex.py took 0.302 seconds
[2024-10-16T13:22:29.935+0000] {processor.py:186} INFO - Started process (PID=135) to work on /home/airflow/.local/lib/python3.12/site-packages/airflow/example_dags/example_complex.py
[2024-10-16T13:22:29.936+0000] {processor.py:914} INFO - Processing file /home/airflow/.local/lib/python3.12/site-packages/airflow/example_dags/example_complex.py for tasks to queue
[2024-10-16T13:22:29.941+0000] {logging_mixin.py:190} INFO - [2024-10-16T13:22:29.940+0000] {dagbag.py:588} INFO - Filling up the DagBag from /home/airflow/.local/lib/python3.12/site-packages/airflow/example_dags/example_complex.py
[2024-10-16T13:22:29.956+0000] {processor.py:925} INFO - DAG(s) 'example_complex' retrieved from /home/airflow/.local/lib/python3.12/site-packages/airflow/example_dags/example_complex.py
[2024-10-16T13:22:30.003+0000] {logging_mixin.py:190} INFO - [2024-10-16T13:22:30.002+0000] {dag.py:3239} INFO - Sync 1 DAGs
[2024-10-16T13:22:30.022+0000] {logging_mixin.py:190} INFO - [2024-10-16T13:22:30.022+0000] {dag.py:4180} INFO - Setting next_dagrun for example_complex to None, run_after=None
[2024-10-16T13:22:30.059+0000] {processor.py:208} INFO - Processing /home/airflow/.local/lib/python3.12/site-packages/airflow/example_dags/example_complex.py took 0.132 seconds
[2024-10-16T13:23:00.667+0000] {processor.py:186} INFO - Started process (PID=198) to work on /home/airflow/.local/lib/python3.12/site-packages/airflow/example_dags/example_complex.py
[2024-10-16T13:23:00.668+0000] {processor.py:914} INFO - Processing file /home/airflow/.local/lib/python3.12/site-packages/airflow/example_dags/example_complex.py for tasks to queue
[2024-10-16T13:23:00.671+0000] {logging_mixin.py:190} INFO - [2024-10-16T13:23:00.671+0000] {dagbag.py:588} INFO - Filling up the DagBag from /home/airflow/.local/lib/python3.12/site-packages/airflow/example_dags/example_complex.py
[2024-10-16T13:23:00.685+0000] {processor.py:925} INFO - DAG(s) 'example_complex' retrieved from /home/airflow/.local/lib/python3.12/site-packages/airflow/example_dags/example_complex.py
[2024-10-16T13:23:00.727+0000] {logging_mixin.py:190} INFO - [2024-10-16T13:23:00.727+0000] {dag.py:3239} INFO - Sync 1 DAGs
[2024-10-16T13:23:00.745+0000] {logging_mixin.py:190} INFO - [2024-10-16T13:23:00.744+0000] {dag.py:4180} INFO - Setting next_dagrun for example_complex to None, run_after=None
[2024-10-16T13:23:00.788+0000] {processor.py:208} INFO - Processing /home/airflow/.local/lib/python3.12/site-packages/airflow/example_dags/example_complex.py took 0.128 seconds
[2024-10-16T13:23:31.600+0000] {processor.py:186} INFO - Started process (PID=262) to work on /home/airflow/.local/lib/python3.12/site-packages/airflow/example_dags/example_complex.py
[2024-10-16T13:23:31.601+0000] {processor.py:914} INFO - Processing file /home/airflow/.local/lib/python3.12/site-packages/airflow/example_dags/example_complex.py for tasks to queue
[2024-10-16T13:23:31.605+0000] {logging_mixin.py:190} INFO - [2024-10-16T13:23:31.604+0000] {dagbag.py:588} INFO - Filling up the DagBag from /home/airflow/.local/lib/python3.12/site-packages/airflow/example_dags/example_complex.py
[2024-10-16T13:23:31.626+0000] {processor.py:925} INFO - DAG(s) 'example_complex' retrieved from /home/airflow/.local/lib/python3.12/site-packages/airflow/example_dags/example_complex.py
[2024-10-16T13:23:31.681+0000] {logging_mixin.py:190} INFO - [2024-10-16T13:23:31.681+0000] {dag.py:3239} INFO - Sync 1 DAGs
[2024-10-16T13:23:31.701+0000] {logging_mixin.py:190} INFO - [2024-10-16T13:23:31.701+0000] {dag.py:4180} INFO - Setting next_dagrun for example_complex to None, run_after=None
[2024-10-16T13:23:31.772+0000] {processor.py:208} INFO - Processing /home/airflow/.local/lib/python3.12/site-packages/airflow/example_dags/example_complex.py took 0.179 seconds
