[2024-10-16T12:50:30.515+0000] {processor.py:186} INFO - Started process (PID=84) to work on /home/airflow/.local/lib/python3.12/site-packages/airflow/example_dags/example_latest_only_with_trigger.py
[2024-10-16T12:50:30.516+0000] {processor.py:914} INFO - Processing file /home/airflow/.local/lib/python3.12/site-packages/airflow/example_dags/example_latest_only_with_trigger.py for tasks to queue
[2024-10-16T12:50:30.518+0000] {logging_mixin.py:190} INFO - [2024-10-16T12:50:30.518+0000] {dagbag.py:588} INFO - Filling up the DagBag from /home/airflow/.local/lib/python3.12/site-packages/airflow/example_dags/example_latest_only_with_trigger.py
[2024-10-16T12:50:30.528+0000] {processor.py:925} INFO - DAG(s) 'latest_only_with_trigger' retrieved from /home/airflow/.local/lib/python3.12/site-packages/airflow/example_dags/example_latest_only_with_trigger.py
[2024-10-16T12:50:30.657+0000] {logging_mixin.py:190} INFO - [2024-10-16T12:50:30.656+0000] {override.py:1900} INFO - Created Permission View: can edit on DAG:latest_only_with_trigger
[2024-10-16T12:50:30.669+0000] {logging_mixin.py:190} INFO - [2024-10-16T12:50:30.669+0000] {override.py:1900} INFO - Created Permission View: can read on DAG:latest_only_with_trigger
[2024-10-16T12:50:30.679+0000] {logging_mixin.py:190} INFO - [2024-10-16T12:50:30.678+0000] {override.py:1900} INFO - Created Permission View: can delete on DAG:latest_only_with_trigger
[2024-10-16T12:50:30.687+0000] {logging_mixin.py:190} INFO - [2024-10-16T12:50:30.687+0000] {override.py:1900} INFO - Created Permission View: can delete on DAG Run:latest_only_with_trigger
[2024-10-16T12:50:30.696+0000] {logging_mixin.py:190} INFO - [2024-10-16T12:50:30.696+0000] {override.py:1900} INFO - Created Permission View: menu access on DAG Run:latest_only_with_trigger
[2024-10-16T12:50:30.703+0000] {logging_mixin.py:190} INFO - [2024-10-16T12:50:30.703+0000] {override.py:1900} INFO - Created Permission View: can create on DAG Run:latest_only_with_trigger
[2024-10-16T12:50:30.712+0000] {logging_mixin.py:190} INFO - [2024-10-16T12:50:30.711+0000] {override.py:1900} INFO - Created Permission View: can read on DAG Run:latest_only_with_trigger
[2024-10-16T12:50:30.713+0000] {logging_mixin.py:190} INFO - [2024-10-16T12:50:30.712+0000] {dag.py:3239} INFO - Sync 1 DAGs
[2024-10-16T12:50:30.723+0000] {logging_mixin.py:190} INFO - [2024-10-16T12:50:30.723+0000] {dag.py:3262} INFO - Creating ORM DAG for latest_only_with_trigger
[2024-10-16T12:50:30.733+0000] {logging_mixin.py:190} INFO - [2024-10-16T12:50:30.733+0000] {dag.py:4180} INFO - Setting next_dagrun for latest_only_with_trigger to 2024-10-16 08:00:00+00:00, run_after=2024-10-16 12:00:00+00:00
[2024-10-16T12:50:30.758+0000] {processor.py:208} INFO - Processing /home/airflow/.local/lib/python3.12/site-packages/airflow/example_dags/example_latest_only_with_trigger.py took 0.248 seconds
[2024-10-16T12:51:00.967+0000] {processor.py:186} INFO - Started process (PID=146) to work on /home/airflow/.local/lib/python3.12/site-packages/airflow/example_dags/example_latest_only_with_trigger.py
[2024-10-16T12:51:00.968+0000] {processor.py:914} INFO - Processing file /home/airflow/.local/lib/python3.12/site-packages/airflow/example_dags/example_latest_only_with_trigger.py for tasks to queue
[2024-10-16T12:51:00.971+0000] {logging_mixin.py:190} INFO - [2024-10-16T12:51:00.971+0000] {dagbag.py:588} INFO - Filling up the DagBag from /home/airflow/.local/lib/python3.12/site-packages/airflow/example_dags/example_latest_only_with_trigger.py
[2024-10-16T12:51:00.979+0000] {processor.py:925} INFO - DAG(s) 'latest_only_with_trigger' retrieved from /home/airflow/.local/lib/python3.12/site-packages/airflow/example_dags/example_latest_only_with_trigger.py
[2024-10-16T12:51:01.002+0000] {logging_mixin.py:190} INFO - [2024-10-16T12:51:01.001+0000] {dag.py:3239} INFO - Sync 1 DAGs
[2024-10-16T12:51:01.023+0000] {logging_mixin.py:190} INFO - [2024-10-16T12:51:01.023+0000] {dag.py:4180} INFO - Setting next_dagrun for latest_only_with_trigger to 2024-10-16 08:00:00+00:00, run_after=2024-10-16 12:00:00+00:00
[2024-10-16T12:51:01.046+0000] {processor.py:208} INFO - Processing /home/airflow/.local/lib/python3.12/site-packages/airflow/example_dags/example_latest_only_with_trigger.py took 0.091 seconds
[2024-10-16T12:51:31.518+0000] {processor.py:186} INFO - Started process (PID=208) to work on /home/airflow/.local/lib/python3.12/site-packages/airflow/example_dags/example_latest_only_with_trigger.py
[2024-10-16T12:51:31.520+0000] {processor.py:914} INFO - Processing file /home/airflow/.local/lib/python3.12/site-packages/airflow/example_dags/example_latest_only_with_trigger.py for tasks to queue
[2024-10-16T12:51:31.523+0000] {logging_mixin.py:190} INFO - [2024-10-16T12:51:31.523+0000] {dagbag.py:588} INFO - Filling up the DagBag from /home/airflow/.local/lib/python3.12/site-packages/airflow/example_dags/example_latest_only_with_trigger.py
[2024-10-16T12:51:31.534+0000] {processor.py:925} INFO - DAG(s) 'latest_only_with_trigger' retrieved from /home/airflow/.local/lib/python3.12/site-packages/airflow/example_dags/example_latest_only_with_trigger.py
[2024-10-16T12:51:31.561+0000] {logging_mixin.py:190} INFO - [2024-10-16T12:51:31.561+0000] {dag.py:3239} INFO - Sync 1 DAGs
[2024-10-16T12:51:31.589+0000] {logging_mixin.py:190} INFO - [2024-10-16T12:51:31.589+0000] {dag.py:4180} INFO - Setting next_dagrun for latest_only_with_trigger to 2024-10-16 08:00:00+00:00, run_after=2024-10-16 12:00:00+00:00
[2024-10-16T12:51:31.622+0000] {processor.py:208} INFO - Processing /home/airflow/.local/lib/python3.12/site-packages/airflow/example_dags/example_latest_only_with_trigger.py took 0.113 seconds
[2024-10-16T12:52:01.968+0000] {processor.py:186} INFO - Started process (PID=270) to work on /home/airflow/.local/lib/python3.12/site-packages/airflow/example_dags/example_latest_only_with_trigger.py
[2024-10-16T12:52:01.970+0000] {processor.py:914} INFO - Processing file /home/airflow/.local/lib/python3.12/site-packages/airflow/example_dags/example_latest_only_with_trigger.py for tasks to queue
[2024-10-16T12:52:01.972+0000] {logging_mixin.py:190} INFO - [2024-10-16T12:52:01.971+0000] {dagbag.py:588} INFO - Filling up the DagBag from /home/airflow/.local/lib/python3.12/site-packages/airflow/example_dags/example_latest_only_with_trigger.py
[2024-10-16T12:52:01.981+0000] {processor.py:925} INFO - DAG(s) 'latest_only_with_trigger' retrieved from /home/airflow/.local/lib/python3.12/site-packages/airflow/example_dags/example_latest_only_with_trigger.py
[2024-10-16T12:52:02.002+0000] {logging_mixin.py:190} INFO - [2024-10-16T12:52:02.002+0000] {dag.py:3239} INFO - Sync 1 DAGs
[2024-10-16T12:52:02.027+0000] {logging_mixin.py:190} INFO - [2024-10-16T12:52:02.026+0000] {dag.py:4180} INFO - Setting next_dagrun for latest_only_with_trigger to 2024-10-16 08:00:00+00:00, run_after=2024-10-16 12:00:00+00:00
[2024-10-16T12:52:02.051+0000] {processor.py:208} INFO - Processing /home/airflow/.local/lib/python3.12/site-packages/airflow/example_dags/example_latest_only_with_trigger.py took 0.088 seconds
[2024-10-16T12:52:32.743+0000] {processor.py:186} INFO - Started process (PID=333) to work on /home/airflow/.local/lib/python3.12/site-packages/airflow/example_dags/example_latest_only_with_trigger.py
[2024-10-16T12:52:32.744+0000] {processor.py:914} INFO - Processing file /home/airflow/.local/lib/python3.12/site-packages/airflow/example_dags/example_latest_only_with_trigger.py for tasks to queue
[2024-10-16T12:52:32.747+0000] {logging_mixin.py:190} INFO - [2024-10-16T12:52:32.747+0000] {dagbag.py:588} INFO - Filling up the DagBag from /home/airflow/.local/lib/python3.12/site-packages/airflow/example_dags/example_latest_only_with_trigger.py
[2024-10-16T12:52:32.759+0000] {processor.py:925} INFO - DAG(s) 'latest_only_with_trigger' retrieved from /home/airflow/.local/lib/python3.12/site-packages/airflow/example_dags/example_latest_only_with_trigger.py
[2024-10-16T12:52:32.782+0000] {logging_mixin.py:190} INFO - [2024-10-16T12:52:32.781+0000] {dag.py:3239} INFO - Sync 1 DAGs
[2024-10-16T12:52:32.815+0000] {logging_mixin.py:190} INFO - [2024-10-16T12:52:32.815+0000] {dag.py:4180} INFO - Setting next_dagrun for latest_only_with_trigger to 2024-10-16 08:00:00+00:00, run_after=2024-10-16 12:00:00+00:00
[2024-10-16T12:52:32.829+0000] {processor.py:208} INFO - Processing /home/airflow/.local/lib/python3.12/site-packages/airflow/example_dags/example_latest_only_with_trigger.py took 0.091 seconds
[2024-10-16T12:53:04.679+0000] {processor.py:186} INFO - Started process (PID=395) to work on /home/airflow/.local/lib/python3.12/site-packages/airflow/example_dags/example_latest_only_with_trigger.py
[2024-10-16T12:53:04.682+0000] {processor.py:914} INFO - Processing file /home/airflow/.local/lib/python3.12/site-packages/airflow/example_dags/example_latest_only_with_trigger.py for tasks to queue
[2024-10-16T12:53:04.686+0000] {logging_mixin.py:190} INFO - [2024-10-16T12:53:04.685+0000] {dagbag.py:588} INFO - Filling up the DagBag from /home/airflow/.local/lib/python3.12/site-packages/airflow/example_dags/example_latest_only_with_trigger.py
[2024-10-16T12:53:04.696+0000] {processor.py:925} INFO - DAG(s) 'latest_only_with_trigger' retrieved from /home/airflow/.local/lib/python3.12/site-packages/airflow/example_dags/example_latest_only_with_trigger.py
[2024-10-16T12:53:04.721+0000] {logging_mixin.py:190} INFO - [2024-10-16T12:53:04.720+0000] {dag.py:3239} INFO - Sync 1 DAGs
[2024-10-16T12:53:04.746+0000] {logging_mixin.py:190} INFO - [2024-10-16T12:53:04.746+0000] {dag.py:4180} INFO - Setting next_dagrun for latest_only_with_trigger to 2024-10-16 08:00:00+00:00, run_after=2024-10-16 12:00:00+00:00
[2024-10-16T12:53:04.769+0000] {processor.py:208} INFO - Processing /home/airflow/.local/lib/python3.12/site-packages/airflow/example_dags/example_latest_only_with_trigger.py took 0.096 seconds
[2024-10-16T12:53:35.374+0000] {processor.py:186} INFO - Started process (PID=457) to work on /home/airflow/.local/lib/python3.12/site-packages/airflow/example_dags/example_latest_only_with_trigger.py
[2024-10-16T12:53:35.376+0000] {processor.py:914} INFO - Processing file /home/airflow/.local/lib/python3.12/site-packages/airflow/example_dags/example_latest_only_with_trigger.py for tasks to queue
[2024-10-16T12:53:35.378+0000] {logging_mixin.py:190} INFO - [2024-10-16T12:53:35.378+0000] {dagbag.py:588} INFO - Filling up the DagBag from /home/airflow/.local/lib/python3.12/site-packages/airflow/example_dags/example_latest_only_with_trigger.py
[2024-10-16T12:53:35.385+0000] {processor.py:925} INFO - DAG(s) 'latest_only_with_trigger' retrieved from /home/airflow/.local/lib/python3.12/site-packages/airflow/example_dags/example_latest_only_with_trigger.py
[2024-10-16T12:53:35.405+0000] {logging_mixin.py:190} INFO - [2024-10-16T12:53:35.405+0000] {dag.py:3239} INFO - Sync 1 DAGs
[2024-10-16T12:53:35.428+0000] {logging_mixin.py:190} INFO - [2024-10-16T12:53:35.427+0000] {dag.py:4180} INFO - Setting next_dagrun for latest_only_with_trigger to 2024-10-16 08:00:00+00:00, run_after=2024-10-16 12:00:00+00:00
[2024-10-16T12:53:35.449+0000] {processor.py:208} INFO - Processing /home/airflow/.local/lib/python3.12/site-packages/airflow/example_dags/example_latest_only_with_trigger.py took 0.081 seconds
[2024-10-16T12:54:06.010+0000] {processor.py:186} INFO - Started process (PID=519) to work on /home/airflow/.local/lib/python3.12/site-packages/airflow/example_dags/example_latest_only_with_trigger.py
[2024-10-16T12:54:06.011+0000] {processor.py:914} INFO - Processing file /home/airflow/.local/lib/python3.12/site-packages/airflow/example_dags/example_latest_only_with_trigger.py for tasks to queue
[2024-10-16T12:54:06.014+0000] {logging_mixin.py:190} INFO - [2024-10-16T12:54:06.013+0000] {dagbag.py:588} INFO - Filling up the DagBag from /home/airflow/.local/lib/python3.12/site-packages/airflow/example_dags/example_latest_only_with_trigger.py
[2024-10-16T12:54:06.020+0000] {processor.py:925} INFO - DAG(s) 'latest_only_with_trigger' retrieved from /home/airflow/.local/lib/python3.12/site-packages/airflow/example_dags/example_latest_only_with_trigger.py
[2024-10-16T12:54:06.036+0000] {logging_mixin.py:190} INFO - [2024-10-16T12:54:06.036+0000] {dag.py:3239} INFO - Sync 1 DAGs
[2024-10-16T12:54:06.055+0000] {logging_mixin.py:190} INFO - [2024-10-16T12:54:06.055+0000] {dag.py:4180} INFO - Setting next_dagrun for latest_only_with_trigger to 2024-10-16 08:00:00+00:00, run_after=2024-10-16 12:00:00+00:00
[2024-10-16T12:54:06.067+0000] {processor.py:208} INFO - Processing /home/airflow/.local/lib/python3.12/site-packages/airflow/example_dags/example_latest_only_with_trigger.py took 0.062 seconds
[2024-10-16T12:54:38.179+0000] {processor.py:186} INFO - Started process (PID=581) to work on /home/airflow/.local/lib/python3.12/site-packages/airflow/example_dags/example_latest_only_with_trigger.py
[2024-10-16T12:54:38.180+0000] {processor.py:914} INFO - Processing file /home/airflow/.local/lib/python3.12/site-packages/airflow/example_dags/example_latest_only_with_trigger.py for tasks to queue
[2024-10-16T12:54:38.183+0000] {logging_mixin.py:190} INFO - [2024-10-16T12:54:38.183+0000] {dagbag.py:588} INFO - Filling up the DagBag from /home/airflow/.local/lib/python3.12/site-packages/airflow/example_dags/example_latest_only_with_trigger.py
[2024-10-16T12:54:38.193+0000] {processor.py:925} INFO - DAG(s) 'latest_only_with_trigger' retrieved from /home/airflow/.local/lib/python3.12/site-packages/airflow/example_dags/example_latest_only_with_trigger.py
[2024-10-16T12:54:38.217+0000] {logging_mixin.py:190} INFO - [2024-10-16T12:54:38.217+0000] {dag.py:3239} INFO - Sync 1 DAGs
[2024-10-16T12:54:38.249+0000] {logging_mixin.py:190} INFO - [2024-10-16T12:54:38.248+0000] {dag.py:4180} INFO - Setting next_dagrun for latest_only_with_trigger to 2024-10-16 08:00:00+00:00, run_after=2024-10-16 12:00:00+00:00
[2024-10-16T12:54:38.269+0000] {processor.py:208} INFO - Processing /home/airflow/.local/lib/python3.12/site-packages/airflow/example_dags/example_latest_only_with_trigger.py took 0.098 seconds
[2024-10-16T12:55:08.905+0000] {processor.py:186} INFO - Started process (PID=644) to work on /home/airflow/.local/lib/python3.12/site-packages/airflow/example_dags/example_latest_only_with_trigger.py
[2024-10-16T12:55:08.907+0000] {processor.py:914} INFO - Processing file /home/airflow/.local/lib/python3.12/site-packages/airflow/example_dags/example_latest_only_with_trigger.py for tasks to queue
[2024-10-16T12:55:08.910+0000] {logging_mixin.py:190} INFO - [2024-10-16T12:55:08.910+0000] {dagbag.py:588} INFO - Filling up the DagBag from /home/airflow/.local/lib/python3.12/site-packages/airflow/example_dags/example_latest_only_with_trigger.py
[2024-10-16T12:55:08.930+0000] {processor.py:925} INFO - DAG(s) 'latest_only_with_trigger' retrieved from /home/airflow/.local/lib/python3.12/site-packages/airflow/example_dags/example_latest_only_with_trigger.py
[2024-10-16T12:55:08.977+0000] {logging_mixin.py:190} INFO - [2024-10-16T12:55:08.976+0000] {dag.py:3239} INFO - Sync 1 DAGs
[2024-10-16T12:55:09.008+0000] {logging_mixin.py:190} INFO - [2024-10-16T12:55:09.007+0000] {dag.py:4180} INFO - Setting next_dagrun for latest_only_with_trigger to 2024-10-16 08:00:00+00:00, run_after=2024-10-16 12:00:00+00:00
[2024-10-16T12:55:09.066+0000] {processor.py:208} INFO - Processing /home/airflow/.local/lib/python3.12/site-packages/airflow/example_dags/example_latest_only_with_trigger.py took 0.168 seconds
[2024-10-16T12:55:39.622+0000] {processor.py:186} INFO - Started process (PID=706) to work on /home/airflow/.local/lib/python3.12/site-packages/airflow/example_dags/example_latest_only_with_trigger.py
[2024-10-16T12:55:39.623+0000] {processor.py:914} INFO - Processing file /home/airflow/.local/lib/python3.12/site-packages/airflow/example_dags/example_latest_only_with_trigger.py for tasks to queue
[2024-10-16T12:55:39.624+0000] {logging_mixin.py:190} INFO - [2024-10-16T12:55:39.624+0000] {dagbag.py:588} INFO - Filling up the DagBag from /home/airflow/.local/lib/python3.12/site-packages/airflow/example_dags/example_latest_only_with_trigger.py
[2024-10-16T12:55:39.630+0000] {processor.py:925} INFO - DAG(s) 'latest_only_with_trigger' retrieved from /home/airflow/.local/lib/python3.12/site-packages/airflow/example_dags/example_latest_only_with_trigger.py
[2024-10-16T12:55:39.646+0000] {logging_mixin.py:190} INFO - [2024-10-16T12:55:39.646+0000] {dag.py:3239} INFO - Sync 1 DAGs
[2024-10-16T12:55:39.665+0000] {logging_mixin.py:190} INFO - [2024-10-16T12:55:39.665+0000] {dag.py:4180} INFO - Setting next_dagrun for latest_only_with_trigger to 2024-10-16 08:00:00+00:00, run_after=2024-10-16 12:00:00+00:00
[2024-10-16T12:55:39.686+0000] {processor.py:208} INFO - Processing /home/airflow/.local/lib/python3.12/site-packages/airflow/example_dags/example_latest_only_with_trigger.py took 0.069 seconds
[2024-10-16T12:56:09.894+0000] {processor.py:186} INFO - Started process (PID=768) to work on /home/airflow/.local/lib/python3.12/site-packages/airflow/example_dags/example_latest_only_with_trigger.py
[2024-10-16T12:56:09.896+0000] {processor.py:914} INFO - Processing file /home/airflow/.local/lib/python3.12/site-packages/airflow/example_dags/example_latest_only_with_trigger.py for tasks to queue
[2024-10-16T12:56:09.899+0000] {logging_mixin.py:190} INFO - [2024-10-16T12:56:09.899+0000] {dagbag.py:588} INFO - Filling up the DagBag from /home/airflow/.local/lib/python3.12/site-packages/airflow/example_dags/example_latest_only_with_trigger.py
[2024-10-16T12:56:09.908+0000] {processor.py:925} INFO - DAG(s) 'latest_only_with_trigger' retrieved from /home/airflow/.local/lib/python3.12/site-packages/airflow/example_dags/example_latest_only_with_trigger.py
[2024-10-16T12:56:09.932+0000] {logging_mixin.py:190} INFO - [2024-10-16T12:56:09.932+0000] {dag.py:3239} INFO - Sync 1 DAGs
[2024-10-16T12:56:09.959+0000] {logging_mixin.py:190} INFO - [2024-10-16T12:56:09.958+0000] {dag.py:4180} INFO - Setting next_dagrun for latest_only_with_trigger to 2024-10-16 08:00:00+00:00, run_after=2024-10-16 12:00:00+00:00
[2024-10-16T12:56:09.992+0000] {processor.py:208} INFO - Processing /home/airflow/.local/lib/python3.12/site-packages/airflow/example_dags/example_latest_only_with_trigger.py took 0.106 seconds
[2024-10-16T12:56:40.995+0000] {processor.py:186} INFO - Started process (PID=830) to work on /home/airflow/.local/lib/python3.12/site-packages/airflow/example_dags/example_latest_only_with_trigger.py
[2024-10-16T12:56:40.996+0000] {processor.py:914} INFO - Processing file /home/airflow/.local/lib/python3.12/site-packages/airflow/example_dags/example_latest_only_with_trigger.py for tasks to queue
[2024-10-16T12:56:41.003+0000] {logging_mixin.py:190} INFO - [2024-10-16T12:56:41.003+0000] {dagbag.py:588} INFO - Filling up the DagBag from /home/airflow/.local/lib/python3.12/site-packages/airflow/example_dags/example_latest_only_with_trigger.py
[2024-10-16T12:56:41.025+0000] {processor.py:925} INFO - DAG(s) 'latest_only_with_trigger' retrieved from /home/airflow/.local/lib/python3.12/site-packages/airflow/example_dags/example_latest_only_with_trigger.py
[2024-10-16T12:56:41.060+0000] {logging_mixin.py:190} INFO - [2024-10-16T12:56:41.060+0000] {dag.py:3239} INFO - Sync 1 DAGs
[2024-10-16T12:56:41.088+0000] {logging_mixin.py:190} INFO - [2024-10-16T12:56:41.088+0000] {dag.py:4180} INFO - Setting next_dagrun for latest_only_with_trigger to 2024-10-16 08:00:00+00:00, run_after=2024-10-16 12:00:00+00:00
[2024-10-16T12:56:41.115+0000] {processor.py:208} INFO - Processing /home/airflow/.local/lib/python3.12/site-packages/airflow/example_dags/example_latest_only_with_trigger.py took 0.127 seconds
[2024-10-16T12:57:11.758+0000] {processor.py:186} INFO - Started process (PID=892) to work on /home/airflow/.local/lib/python3.12/site-packages/airflow/example_dags/example_latest_only_with_trigger.py
[2024-10-16T12:57:11.760+0000] {processor.py:914} INFO - Processing file /home/airflow/.local/lib/python3.12/site-packages/airflow/example_dags/example_latest_only_with_trigger.py for tasks to queue
[2024-10-16T12:57:11.762+0000] {logging_mixin.py:190} INFO - [2024-10-16T12:57:11.762+0000] {dagbag.py:588} INFO - Filling up the DagBag from /home/airflow/.local/lib/python3.12/site-packages/airflow/example_dags/example_latest_only_with_trigger.py
[2024-10-16T12:57:11.770+0000] {processor.py:925} INFO - DAG(s) 'latest_only_with_trigger' retrieved from /home/airflow/.local/lib/python3.12/site-packages/airflow/example_dags/example_latest_only_with_trigger.py
[2024-10-16T12:57:11.789+0000] {logging_mixin.py:190} INFO - [2024-10-16T12:57:11.789+0000] {dag.py:3239} INFO - Sync 1 DAGs
[2024-10-16T12:57:11.808+0000] {logging_mixin.py:190} INFO - [2024-10-16T12:57:11.808+0000] {dag.py:4180} INFO - Setting next_dagrun for latest_only_with_trigger to 2024-10-16 08:00:00+00:00, run_after=2024-10-16 12:00:00+00:00
[2024-10-16T12:57:11.834+0000] {processor.py:208} INFO - Processing /home/airflow/.local/lib/python3.12/site-packages/airflow/example_dags/example_latest_only_with_trigger.py took 0.083 seconds
[2024-10-16T12:57:42.905+0000] {processor.py:186} INFO - Started process (PID=954) to work on /home/airflow/.local/lib/python3.12/site-packages/airflow/example_dags/example_latest_only_with_trigger.py
[2024-10-16T12:57:42.907+0000] {processor.py:914} INFO - Processing file /home/airflow/.local/lib/python3.12/site-packages/airflow/example_dags/example_latest_only_with_trigger.py for tasks to queue
[2024-10-16T12:57:42.912+0000] {logging_mixin.py:190} INFO - [2024-10-16T12:57:42.911+0000] {dagbag.py:588} INFO - Filling up the DagBag from /home/airflow/.local/lib/python3.12/site-packages/airflow/example_dags/example_latest_only_with_trigger.py
[2024-10-16T12:57:42.918+0000] {processor.py:925} INFO - DAG(s) 'latest_only_with_trigger' retrieved from /home/airflow/.local/lib/python3.12/site-packages/airflow/example_dags/example_latest_only_with_trigger.py
[2024-10-16T12:57:42.942+0000] {logging_mixin.py:190} INFO - [2024-10-16T12:57:42.941+0000] {dag.py:3239} INFO - Sync 1 DAGs
[2024-10-16T12:57:42.969+0000] {logging_mixin.py:190} INFO - [2024-10-16T12:57:42.968+0000] {dag.py:4180} INFO - Setting next_dagrun for latest_only_with_trigger to 2024-10-16 08:00:00+00:00, run_after=2024-10-16 12:00:00+00:00
[2024-10-16T12:57:42.995+0000] {processor.py:208} INFO - Processing /home/airflow/.local/lib/python3.12/site-packages/airflow/example_dags/example_latest_only_with_trigger.py took 0.102 seconds
[2024-10-16T12:58:13.186+0000] {processor.py:186} INFO - Started process (PID=1017) to work on /home/airflow/.local/lib/python3.12/site-packages/airflow/example_dags/example_latest_only_with_trigger.py
[2024-10-16T12:58:13.187+0000] {processor.py:914} INFO - Processing file /home/airflow/.local/lib/python3.12/site-packages/airflow/example_dags/example_latest_only_with_trigger.py for tasks to queue
[2024-10-16T12:58:13.191+0000] {logging_mixin.py:190} INFO - [2024-10-16T12:58:13.191+0000] {dagbag.py:588} INFO - Filling up the DagBag from /home/airflow/.local/lib/python3.12/site-packages/airflow/example_dags/example_latest_only_with_trigger.py
[2024-10-16T12:58:13.200+0000] {processor.py:925} INFO - DAG(s) 'latest_only_with_trigger' retrieved from /home/airflow/.local/lib/python3.12/site-packages/airflow/example_dags/example_latest_only_with_trigger.py
[2024-10-16T12:58:13.227+0000] {logging_mixin.py:190} INFO - [2024-10-16T12:58:13.226+0000] {dag.py:3239} INFO - Sync 1 DAGs
[2024-10-16T12:58:13.286+0000] {logging_mixin.py:190} INFO - [2024-10-16T12:58:13.286+0000] {dag.py:4180} INFO - Setting next_dagrun for latest_only_with_trigger to 2024-10-16 08:00:00+00:00, run_after=2024-10-16 12:00:00+00:00
[2024-10-16T12:58:13.320+0000] {processor.py:208} INFO - Processing /home/airflow/.local/lib/python3.12/site-packages/airflow/example_dags/example_latest_only_with_trigger.py took 0.141 seconds
[2024-10-16T12:58:44.054+0000] {processor.py:186} INFO - Started process (PID=1079) to work on /home/airflow/.local/lib/python3.12/site-packages/airflow/example_dags/example_latest_only_with_trigger.py
[2024-10-16T12:58:44.055+0000] {processor.py:914} INFO - Processing file /home/airflow/.local/lib/python3.12/site-packages/airflow/example_dags/example_latest_only_with_trigger.py for tasks to queue
[2024-10-16T12:58:44.058+0000] {logging_mixin.py:190} INFO - [2024-10-16T12:58:44.058+0000] {dagbag.py:588} INFO - Filling up the DagBag from /home/airflow/.local/lib/python3.12/site-packages/airflow/example_dags/example_latest_only_with_trigger.py
[2024-10-16T12:58:44.067+0000] {processor.py:925} INFO - DAG(s) 'latest_only_with_trigger' retrieved from /home/airflow/.local/lib/python3.12/site-packages/airflow/example_dags/example_latest_only_with_trigger.py
[2024-10-16T12:58:44.097+0000] {logging_mixin.py:190} INFO - [2024-10-16T12:58:44.096+0000] {dag.py:3239} INFO - Sync 1 DAGs
[2024-10-16T12:58:44.125+0000] {logging_mixin.py:190} INFO - [2024-10-16T12:58:44.124+0000] {dag.py:4180} INFO - Setting next_dagrun for latest_only_with_trigger to 2024-10-16 08:00:00+00:00, run_after=2024-10-16 12:00:00+00:00
[2024-10-16T12:58:44.153+0000] {processor.py:208} INFO - Processing /home/airflow/.local/lib/python3.12/site-packages/airflow/example_dags/example_latest_only_with_trigger.py took 0.108 seconds
[2024-10-16T12:59:14.444+0000] {processor.py:186} INFO - Started process (PID=1141) to work on /home/airflow/.local/lib/python3.12/site-packages/airflow/example_dags/example_latest_only_with_trigger.py
[2024-10-16T12:59:14.446+0000] {processor.py:914} INFO - Processing file /home/airflow/.local/lib/python3.12/site-packages/airflow/example_dags/example_latest_only_with_trigger.py for tasks to queue
[2024-10-16T12:59:14.450+0000] {logging_mixin.py:190} INFO - [2024-10-16T12:59:14.449+0000] {dagbag.py:588} INFO - Filling up the DagBag from /home/airflow/.local/lib/python3.12/site-packages/airflow/example_dags/example_latest_only_with_trigger.py
[2024-10-16T12:59:14.459+0000] {processor.py:925} INFO - DAG(s) 'latest_only_with_trigger' retrieved from /home/airflow/.local/lib/python3.12/site-packages/airflow/example_dags/example_latest_only_with_trigger.py
[2024-10-16T12:59:14.483+0000] {logging_mixin.py:190} INFO - [2024-10-16T12:59:14.483+0000] {dag.py:3239} INFO - Sync 1 DAGs
[2024-10-16T12:59:14.513+0000] {logging_mixin.py:190} INFO - [2024-10-16T12:59:14.513+0000] {dag.py:4180} INFO - Setting next_dagrun for latest_only_with_trigger to 2024-10-16 08:00:00+00:00, run_after=2024-10-16 12:00:00+00:00
[2024-10-16T12:59:14.535+0000] {processor.py:208} INFO - Processing /home/airflow/.local/lib/python3.12/site-packages/airflow/example_dags/example_latest_only_with_trigger.py took 0.097 seconds
[2024-10-16T12:59:44.821+0000] {processor.py:186} INFO - Started process (PID=1203) to work on /home/airflow/.local/lib/python3.12/site-packages/airflow/example_dags/example_latest_only_with_trigger.py
[2024-10-16T12:59:44.822+0000] {processor.py:914} INFO - Processing file /home/airflow/.local/lib/python3.12/site-packages/airflow/example_dags/example_latest_only_with_trigger.py for tasks to queue
[2024-10-16T12:59:44.825+0000] {logging_mixin.py:190} INFO - [2024-10-16T12:59:44.824+0000] {dagbag.py:588} INFO - Filling up the DagBag from /home/airflow/.local/lib/python3.12/site-packages/airflow/example_dags/example_latest_only_with_trigger.py
[2024-10-16T12:59:44.833+0000] {processor.py:925} INFO - DAG(s) 'latest_only_with_trigger' retrieved from /home/airflow/.local/lib/python3.12/site-packages/airflow/example_dags/example_latest_only_with_trigger.py
[2024-10-16T12:59:44.858+0000] {logging_mixin.py:190} INFO - [2024-10-16T12:59:44.858+0000] {dag.py:3239} INFO - Sync 1 DAGs
[2024-10-16T12:59:44.891+0000] {logging_mixin.py:190} INFO - [2024-10-16T12:59:44.891+0000] {dag.py:4180} INFO - Setting next_dagrun for latest_only_with_trigger to 2024-10-16 08:00:00+00:00, run_after=2024-10-16 12:00:00+00:00
[2024-10-16T12:59:44.917+0000] {processor.py:208} INFO - Processing /home/airflow/.local/lib/python3.12/site-packages/airflow/example_dags/example_latest_only_with_trigger.py took 0.105 seconds
[2024-10-16T13:00:15.238+0000] {processor.py:186} INFO - Started process (PID=1265) to work on /home/airflow/.local/lib/python3.12/site-packages/airflow/example_dags/example_latest_only_with_trigger.py
[2024-10-16T13:00:15.240+0000] {processor.py:914} INFO - Processing file /home/airflow/.local/lib/python3.12/site-packages/airflow/example_dags/example_latest_only_with_trigger.py for tasks to queue
[2024-10-16T13:00:15.243+0000] {logging_mixin.py:190} INFO - [2024-10-16T13:00:15.243+0000] {dagbag.py:588} INFO - Filling up the DagBag from /home/airflow/.local/lib/python3.12/site-packages/airflow/example_dags/example_latest_only_with_trigger.py
[2024-10-16T13:00:15.257+0000] {processor.py:925} INFO - DAG(s) 'latest_only_with_trigger' retrieved from /home/airflow/.local/lib/python3.12/site-packages/airflow/example_dags/example_latest_only_with_trigger.py
[2024-10-16T13:00:15.289+0000] {logging_mixin.py:190} INFO - [2024-10-16T13:00:15.289+0000] {dag.py:3239} INFO - Sync 1 DAGs
[2024-10-16T13:00:15.318+0000] {logging_mixin.py:190} INFO - [2024-10-16T13:00:15.317+0000] {dag.py:4180} INFO - Setting next_dagrun for latest_only_with_trigger to 2024-10-16 08:00:00+00:00, run_after=2024-10-16 12:00:00+00:00
[2024-10-16T13:00:15.358+0000] {processor.py:208} INFO - Processing /home/airflow/.local/lib/python3.12/site-packages/airflow/example_dags/example_latest_only_with_trigger.py took 0.128 seconds
[2024-10-16T13:00:45.634+0000] {processor.py:186} INFO - Started process (PID=1334) to work on /home/airflow/.local/lib/python3.12/site-packages/airflow/example_dags/example_latest_only_with_trigger.py
[2024-10-16T13:00:45.635+0000] {processor.py:914} INFO - Processing file /home/airflow/.local/lib/python3.12/site-packages/airflow/example_dags/example_latest_only_with_trigger.py for tasks to queue
[2024-10-16T13:00:45.638+0000] {logging_mixin.py:190} INFO - [2024-10-16T13:00:45.638+0000] {dagbag.py:588} INFO - Filling up the DagBag from /home/airflow/.local/lib/python3.12/site-packages/airflow/example_dags/example_latest_only_with_trigger.py
[2024-10-16T13:00:45.646+0000] {processor.py:925} INFO - DAG(s) 'latest_only_with_trigger' retrieved from /home/airflow/.local/lib/python3.12/site-packages/airflow/example_dags/example_latest_only_with_trigger.py
[2024-10-16T13:00:45.673+0000] {logging_mixin.py:190} INFO - [2024-10-16T13:00:45.673+0000] {dag.py:3239} INFO - Sync 1 DAGs
[2024-10-16T13:00:45.709+0000] {logging_mixin.py:190} INFO - [2024-10-16T13:00:45.708+0000] {dag.py:4180} INFO - Setting next_dagrun for latest_only_with_trigger to 2024-10-16 08:00:00+00:00, run_after=2024-10-16 12:00:00+00:00
[2024-10-16T13:00:45.730+0000] {processor.py:208} INFO - Processing /home/airflow/.local/lib/python3.12/site-packages/airflow/example_dags/example_latest_only_with_trigger.py took 0.103 seconds
[2024-10-16T13:01:16.340+0000] {processor.py:186} INFO - Started process (PID=1396) to work on /home/airflow/.local/lib/python3.12/site-packages/airflow/example_dags/example_latest_only_with_trigger.py
[2024-10-16T13:01:16.342+0000] {processor.py:914} INFO - Processing file /home/airflow/.local/lib/python3.12/site-packages/airflow/example_dags/example_latest_only_with_trigger.py for tasks to queue
[2024-10-16T13:01:16.345+0000] {logging_mixin.py:190} INFO - [2024-10-16T13:01:16.345+0000] {dagbag.py:588} INFO - Filling up the DagBag from /home/airflow/.local/lib/python3.12/site-packages/airflow/example_dags/example_latest_only_with_trigger.py
[2024-10-16T13:01:16.351+0000] {processor.py:925} INFO - DAG(s) 'latest_only_with_trigger' retrieved from /home/airflow/.local/lib/python3.12/site-packages/airflow/example_dags/example_latest_only_with_trigger.py
[2024-10-16T13:01:16.371+0000] {logging_mixin.py:190} INFO - [2024-10-16T13:01:16.371+0000] {dag.py:3239} INFO - Sync 1 DAGs
[2024-10-16T13:01:16.392+0000] {logging_mixin.py:190} INFO - [2024-10-16T13:01:16.392+0000] {dag.py:4180} INFO - Setting next_dagrun for latest_only_with_trigger to 2024-10-16 08:00:00+00:00, run_after=2024-10-16 12:00:00+00:00
[2024-10-16T13:01:16.421+0000] {processor.py:208} INFO - Processing /home/airflow/.local/lib/python3.12/site-packages/airflow/example_dags/example_latest_only_with_trigger.py took 0.088 seconds
[2024-10-16T13:01:46.970+0000] {processor.py:186} INFO - Started process (PID=1457) to work on /home/airflow/.local/lib/python3.12/site-packages/airflow/example_dags/example_latest_only_with_trigger.py
[2024-10-16T13:01:46.971+0000] {processor.py:914} INFO - Processing file /home/airflow/.local/lib/python3.12/site-packages/airflow/example_dags/example_latest_only_with_trigger.py for tasks to queue
[2024-10-16T13:01:46.973+0000] {logging_mixin.py:190} INFO - [2024-10-16T13:01:46.973+0000] {dagbag.py:588} INFO - Filling up the DagBag from /home/airflow/.local/lib/python3.12/site-packages/airflow/example_dags/example_latest_only_with_trigger.py
[2024-10-16T13:01:46.979+0000] {processor.py:925} INFO - DAG(s) 'latest_only_with_trigger' retrieved from /home/airflow/.local/lib/python3.12/site-packages/airflow/example_dags/example_latest_only_with_trigger.py
[2024-10-16T13:01:46.998+0000] {logging_mixin.py:190} INFO - [2024-10-16T13:01:46.998+0000] {dag.py:3239} INFO - Sync 1 DAGs
[2024-10-16T13:01:47.017+0000] {logging_mixin.py:190} INFO - [2024-10-16T13:01:47.017+0000] {dag.py:4180} INFO - Setting next_dagrun for latest_only_with_trigger to 2024-10-16 08:00:00+00:00, run_after=2024-10-16 12:00:00+00:00
[2024-10-16T13:01:47.039+0000] {processor.py:208} INFO - Processing /home/airflow/.local/lib/python3.12/site-packages/airflow/example_dags/example_latest_only_with_trigger.py took 0.074 seconds
[2024-10-16T13:02:17.774+0000] {processor.py:186} INFO - Started process (PID=1520) to work on /home/airflow/.local/lib/python3.12/site-packages/airflow/example_dags/example_latest_only_with_trigger.py
[2024-10-16T13:02:17.776+0000] {processor.py:914} INFO - Processing file /home/airflow/.local/lib/python3.12/site-packages/airflow/example_dags/example_latest_only_with_trigger.py for tasks to queue
[2024-10-16T13:02:17.784+0000] {logging_mixin.py:190} INFO - [2024-10-16T13:02:17.783+0000] {dagbag.py:588} INFO - Filling up the DagBag from /home/airflow/.local/lib/python3.12/site-packages/airflow/example_dags/example_latest_only_with_trigger.py
[2024-10-16T13:02:17.797+0000] {processor.py:925} INFO - DAG(s) 'latest_only_with_trigger' retrieved from /home/airflow/.local/lib/python3.12/site-packages/airflow/example_dags/example_latest_only_with_trigger.py
[2024-10-16T13:02:17.845+0000] {logging_mixin.py:190} INFO - [2024-10-16T13:02:17.845+0000] {dag.py:3239} INFO - Sync 1 DAGs
[2024-10-16T13:02:17.881+0000] {logging_mixin.py:190} INFO - [2024-10-16T13:02:17.881+0000] {dag.py:4180} INFO - Setting next_dagrun for latest_only_with_trigger to 2024-10-16 08:00:00+00:00, run_after=2024-10-16 12:00:00+00:00
[2024-10-16T13:02:17.914+0000] {processor.py:208} INFO - Processing /home/airflow/.local/lib/python3.12/site-packages/airflow/example_dags/example_latest_only_with_trigger.py took 0.149 seconds
[2024-10-16T13:02:48.362+0000] {processor.py:186} INFO - Started process (PID=1582) to work on /home/airflow/.local/lib/python3.12/site-packages/airflow/example_dags/example_latest_only_with_trigger.py
[2024-10-16T13:02:48.363+0000] {processor.py:914} INFO - Processing file /home/airflow/.local/lib/python3.12/site-packages/airflow/example_dags/example_latest_only_with_trigger.py for tasks to queue
[2024-10-16T13:02:48.366+0000] {logging_mixin.py:190} INFO - [2024-10-16T13:02:48.366+0000] {dagbag.py:588} INFO - Filling up the DagBag from /home/airflow/.local/lib/python3.12/site-packages/airflow/example_dags/example_latest_only_with_trigger.py
[2024-10-16T13:02:48.376+0000] {processor.py:925} INFO - DAG(s) 'latest_only_with_trigger' retrieved from /home/airflow/.local/lib/python3.12/site-packages/airflow/example_dags/example_latest_only_with_trigger.py
[2024-10-16T13:02:48.402+0000] {logging_mixin.py:190} INFO - [2024-10-16T13:02:48.402+0000] {dag.py:3239} INFO - Sync 1 DAGs
[2024-10-16T13:02:48.436+0000] {logging_mixin.py:190} INFO - [2024-10-16T13:02:48.435+0000] {dag.py:4180} INFO - Setting next_dagrun for latest_only_with_trigger to 2024-10-16 08:00:00+00:00, run_after=2024-10-16 12:00:00+00:00
[2024-10-16T13:02:48.484+0000] {processor.py:208} INFO - Processing /home/airflow/.local/lib/python3.12/site-packages/airflow/example_dags/example_latest_only_with_trigger.py took 0.131 seconds
[2024-10-16T13:03:19.657+0000] {processor.py:186} INFO - Started process (PID=1645) to work on /home/airflow/.local/lib/python3.12/site-packages/airflow/example_dags/example_latest_only_with_trigger.py
[2024-10-16T13:03:19.659+0000] {processor.py:914} INFO - Processing file /home/airflow/.local/lib/python3.12/site-packages/airflow/example_dags/example_latest_only_with_trigger.py for tasks to queue
[2024-10-16T13:03:19.663+0000] {logging_mixin.py:190} INFO - [2024-10-16T13:03:19.663+0000] {dagbag.py:588} INFO - Filling up the DagBag from /home/airflow/.local/lib/python3.12/site-packages/airflow/example_dags/example_latest_only_with_trigger.py
[2024-10-16T13:03:19.677+0000] {processor.py:925} INFO - DAG(s) 'latest_only_with_trigger' retrieved from /home/airflow/.local/lib/python3.12/site-packages/airflow/example_dags/example_latest_only_with_trigger.py
[2024-10-16T13:03:19.707+0000] {logging_mixin.py:190} INFO - [2024-10-16T13:03:19.707+0000] {dag.py:3239} INFO - Sync 1 DAGs
[2024-10-16T13:03:19.748+0000] {logging_mixin.py:190} INFO - [2024-10-16T13:03:19.747+0000] {dag.py:4180} INFO - Setting next_dagrun for latest_only_with_trigger to 2024-10-16 08:00:00+00:00, run_after=2024-10-16 12:00:00+00:00
[2024-10-16T13:03:19.788+0000] {processor.py:208} INFO - Processing /home/airflow/.local/lib/python3.12/site-packages/airflow/example_dags/example_latest_only_with_trigger.py took 0.142 seconds
[2024-10-16T13:03:50.411+0000] {processor.py:186} INFO - Started process (PID=1706) to work on /home/airflow/.local/lib/python3.12/site-packages/airflow/example_dags/example_latest_only_with_trigger.py
[2024-10-16T13:03:50.413+0000] {processor.py:914} INFO - Processing file /home/airflow/.local/lib/python3.12/site-packages/airflow/example_dags/example_latest_only_with_trigger.py for tasks to queue
[2024-10-16T13:03:50.416+0000] {logging_mixin.py:190} INFO - [2024-10-16T13:03:50.415+0000] {dagbag.py:588} INFO - Filling up the DagBag from /home/airflow/.local/lib/python3.12/site-packages/airflow/example_dags/example_latest_only_with_trigger.py
[2024-10-16T13:03:50.431+0000] {processor.py:925} INFO - DAG(s) 'latest_only_with_trigger' retrieved from /home/airflow/.local/lib/python3.12/site-packages/airflow/example_dags/example_latest_only_with_trigger.py
[2024-10-16T13:03:50.468+0000] {logging_mixin.py:190} INFO - [2024-10-16T13:03:50.467+0000] {dag.py:3239} INFO - Sync 1 DAGs
[2024-10-16T13:03:50.509+0000] {logging_mixin.py:190} INFO - [2024-10-16T13:03:50.509+0000] {dag.py:4180} INFO - Setting next_dagrun for latest_only_with_trigger to 2024-10-16 08:00:00+00:00, run_after=2024-10-16 12:00:00+00:00
[2024-10-16T13:03:50.542+0000] {processor.py:208} INFO - Processing /home/airflow/.local/lib/python3.12/site-packages/airflow/example_dags/example_latest_only_with_trigger.py took 0.139 seconds
[2024-10-16T13:04:21.011+0000] {processor.py:186} INFO - Started process (PID=1768) to work on /home/airflow/.local/lib/python3.12/site-packages/airflow/example_dags/example_latest_only_with_trigger.py
[2024-10-16T13:04:21.012+0000] {processor.py:914} INFO - Processing file /home/airflow/.local/lib/python3.12/site-packages/airflow/example_dags/example_latest_only_with_trigger.py for tasks to queue
[2024-10-16T13:04:21.015+0000] {logging_mixin.py:190} INFO - [2024-10-16T13:04:21.015+0000] {dagbag.py:588} INFO - Filling up the DagBag from /home/airflow/.local/lib/python3.12/site-packages/airflow/example_dags/example_latest_only_with_trigger.py
[2024-10-16T13:04:21.026+0000] {processor.py:925} INFO - DAG(s) 'latest_only_with_trigger' retrieved from /home/airflow/.local/lib/python3.12/site-packages/airflow/example_dags/example_latest_only_with_trigger.py
[2024-10-16T13:04:21.050+0000] {logging_mixin.py:190} INFO - [2024-10-16T13:04:21.050+0000] {dag.py:3239} INFO - Sync 1 DAGs
[2024-10-16T13:04:21.076+0000] {logging_mixin.py:190} INFO - [2024-10-16T13:04:21.076+0000] {dag.py:4180} INFO - Setting next_dagrun for latest_only_with_trigger to 2024-10-16 08:00:00+00:00, run_after=2024-10-16 12:00:00+00:00
[2024-10-16T13:04:21.105+0000] {processor.py:208} INFO - Processing /home/airflow/.local/lib/python3.12/site-packages/airflow/example_dags/example_latest_only_with_trigger.py took 0.103 seconds
[2024-10-16T13:08:04.813+0000] {processor.py:186} INFO - Started process (PID=85) to work on /home/airflow/.local/lib/python3.12/site-packages/airflow/example_dags/example_latest_only_with_trigger.py
[2024-10-16T13:08:04.814+0000] {processor.py:914} INFO - Processing file /home/airflow/.local/lib/python3.12/site-packages/airflow/example_dags/example_latest_only_with_trigger.py for tasks to queue
[2024-10-16T13:08:04.820+0000] {logging_mixin.py:190} INFO - [2024-10-16T13:08:04.819+0000] {dagbag.py:588} INFO - Filling up the DagBag from /home/airflow/.local/lib/python3.12/site-packages/airflow/example_dags/example_latest_only_with_trigger.py
[2024-10-16T13:08:04.842+0000] {processor.py:925} INFO - DAG(s) 'latest_only_with_trigger' retrieved from /home/airflow/.local/lib/python3.12/site-packages/airflow/example_dags/example_latest_only_with_trigger.py
[2024-10-16T13:08:04.963+0000] {logging_mixin.py:190} INFO - [2024-10-16T13:08:04.962+0000] {override.py:1900} INFO - Created Permission View: can read on DAG:latest_only_with_trigger
[2024-10-16T13:08:04.978+0000] {logging_mixin.py:190} INFO - [2024-10-16T13:08:04.978+0000] {override.py:1900} INFO - Created Permission View: can delete on DAG:latest_only_with_trigger
[2024-10-16T13:08:04.987+0000] {logging_mixin.py:190} INFO - [2024-10-16T13:08:04.986+0000] {override.py:1900} INFO - Created Permission View: can edit on DAG:latest_only_with_trigger
[2024-10-16T13:08:04.996+0000] {logging_mixin.py:190} INFO - [2024-10-16T13:08:04.996+0000] {override.py:1900} INFO - Created Permission View: can create on DAG Run:latest_only_with_trigger
[2024-10-16T13:08:05.003+0000] {logging_mixin.py:190} INFO - [2024-10-16T13:08:05.003+0000] {override.py:1900} INFO - Created Permission View: menu access on DAG Run:latest_only_with_trigger
[2024-10-16T13:08:05.011+0000] {logging_mixin.py:190} INFO - [2024-10-16T13:08:05.010+0000] {override.py:1900} INFO - Created Permission View: can read on DAG Run:latest_only_with_trigger
[2024-10-16T13:08:05.018+0000] {logging_mixin.py:190} INFO - [2024-10-16T13:08:05.018+0000] {override.py:1900} INFO - Created Permission View: can delete on DAG Run:latest_only_with_trigger
[2024-10-16T13:08:05.019+0000] {logging_mixin.py:190} INFO - [2024-10-16T13:08:05.019+0000] {dag.py:3239} INFO - Sync 1 DAGs
[2024-10-16T13:08:05.031+0000] {logging_mixin.py:190} INFO - [2024-10-16T13:08:05.030+0000] {dag.py:3262} INFO - Creating ORM DAG for latest_only_with_trigger
[2024-10-16T13:08:05.040+0000] {logging_mixin.py:190} INFO - [2024-10-16T13:08:05.040+0000] {dag.py:4180} INFO - Setting next_dagrun for latest_only_with_trigger to 2024-10-16 08:00:00+00:00, run_after=2024-10-16 12:00:00+00:00
[2024-10-16T13:08:05.065+0000] {processor.py:208} INFO - Processing /home/airflow/.local/lib/python3.12/site-packages/airflow/example_dags/example_latest_only_with_trigger.py took 0.258 seconds
[2024-10-16T13:08:35.437+0000] {processor.py:186} INFO - Started process (PID=148) to work on /home/airflow/.local/lib/python3.12/site-packages/airflow/example_dags/example_latest_only_with_trigger.py
[2024-10-16T13:08:35.439+0000] {processor.py:914} INFO - Processing file /home/airflow/.local/lib/python3.12/site-packages/airflow/example_dags/example_latest_only_with_trigger.py for tasks to queue
[2024-10-16T13:08:35.443+0000] {logging_mixin.py:190} INFO - [2024-10-16T13:08:35.443+0000] {dagbag.py:588} INFO - Filling up the DagBag from /home/airflow/.local/lib/python3.12/site-packages/airflow/example_dags/example_latest_only_with_trigger.py
[2024-10-16T13:08:35.452+0000] {processor.py:925} INFO - DAG(s) 'latest_only_with_trigger' retrieved from /home/airflow/.local/lib/python3.12/site-packages/airflow/example_dags/example_latest_only_with_trigger.py
[2024-10-16T13:08:35.482+0000] {logging_mixin.py:190} INFO - [2024-10-16T13:08:35.481+0000] {dag.py:3239} INFO - Sync 1 DAGs
[2024-10-16T13:08:35.513+0000] {logging_mixin.py:190} INFO - [2024-10-16T13:08:35.512+0000] {dag.py:4180} INFO - Setting next_dagrun for latest_only_with_trigger to 2024-10-16 08:00:00+00:00, run_after=2024-10-16 12:00:00+00:00
[2024-10-16T13:08:35.546+0000] {processor.py:208} INFO - Processing /home/airflow/.local/lib/python3.12/site-packages/airflow/example_dags/example_latest_only_with_trigger.py took 0.119 seconds
[2024-10-16T13:09:06.160+0000] {processor.py:186} INFO - Started process (PID=211) to work on /home/airflow/.local/lib/python3.12/site-packages/airflow/example_dags/example_latest_only_with_trigger.py
[2024-10-16T13:09:06.161+0000] {processor.py:914} INFO - Processing file /home/airflow/.local/lib/python3.12/site-packages/airflow/example_dags/example_latest_only_with_trigger.py for tasks to queue
[2024-10-16T13:09:06.164+0000] {logging_mixin.py:190} INFO - [2024-10-16T13:09:06.163+0000] {dagbag.py:588} INFO - Filling up the DagBag from /home/airflow/.local/lib/python3.12/site-packages/airflow/example_dags/example_latest_only_with_trigger.py
[2024-10-16T13:09:06.172+0000] {processor.py:925} INFO - DAG(s) 'latest_only_with_trigger' retrieved from /home/airflow/.local/lib/python3.12/site-packages/airflow/example_dags/example_latest_only_with_trigger.py
[2024-10-16T13:09:06.196+0000] {logging_mixin.py:190} INFO - [2024-10-16T13:09:06.195+0000] {dag.py:3239} INFO - Sync 1 DAGs
[2024-10-16T13:09:06.220+0000] {logging_mixin.py:190} INFO - [2024-10-16T13:09:06.219+0000] {dag.py:4180} INFO - Setting next_dagrun for latest_only_with_trigger to 2024-10-16 08:00:00+00:00, run_after=2024-10-16 12:00:00+00:00
[2024-10-16T13:09:06.238+0000] {processor.py:208} INFO - Processing /home/airflow/.local/lib/python3.12/site-packages/airflow/example_dags/example_latest_only_with_trigger.py took 0.083 seconds
[2024-10-16T13:09:36.769+0000] {processor.py:186} INFO - Started process (PID=274) to work on /home/airflow/.local/lib/python3.12/site-packages/airflow/example_dags/example_latest_only_with_trigger.py
[2024-10-16T13:09:36.770+0000] {processor.py:914} INFO - Processing file /home/airflow/.local/lib/python3.12/site-packages/airflow/example_dags/example_latest_only_with_trigger.py for tasks to queue
[2024-10-16T13:09:36.772+0000] {logging_mixin.py:190} INFO - [2024-10-16T13:09:36.771+0000] {dagbag.py:588} INFO - Filling up the DagBag from /home/airflow/.local/lib/python3.12/site-packages/airflow/example_dags/example_latest_only_with_trigger.py
[2024-10-16T13:09:36.777+0000] {processor.py:925} INFO - DAG(s) 'latest_only_with_trigger' retrieved from /home/airflow/.local/lib/python3.12/site-packages/airflow/example_dags/example_latest_only_with_trigger.py
[2024-10-16T13:09:36.795+0000] {logging_mixin.py:190} INFO - [2024-10-16T13:09:36.795+0000] {dag.py:3239} INFO - Sync 1 DAGs
[2024-10-16T13:09:36.818+0000] {logging_mixin.py:190} INFO - [2024-10-16T13:09:36.818+0000] {dag.py:4180} INFO - Setting next_dagrun for latest_only_with_trigger to 2024-10-16 08:00:00+00:00, run_after=2024-10-16 12:00:00+00:00
[2024-10-16T13:09:36.843+0000] {processor.py:208} INFO - Processing /home/airflow/.local/lib/python3.12/site-packages/airflow/example_dags/example_latest_only_with_trigger.py took 0.078 seconds
[2024-10-16T13:10:07.383+0000] {processor.py:186} INFO - Started process (PID=337) to work on /home/airflow/.local/lib/python3.12/site-packages/airflow/example_dags/example_latest_only_with_trigger.py
[2024-10-16T13:10:07.384+0000] {processor.py:914} INFO - Processing file /home/airflow/.local/lib/python3.12/site-packages/airflow/example_dags/example_latest_only_with_trigger.py for tasks to queue
[2024-10-16T13:10:07.387+0000] {logging_mixin.py:190} INFO - [2024-10-16T13:10:07.387+0000] {dagbag.py:588} INFO - Filling up the DagBag from /home/airflow/.local/lib/python3.12/site-packages/airflow/example_dags/example_latest_only_with_trigger.py
[2024-10-16T13:10:07.394+0000] {processor.py:925} INFO - DAG(s) 'latest_only_with_trigger' retrieved from /home/airflow/.local/lib/python3.12/site-packages/airflow/example_dags/example_latest_only_with_trigger.py
[2024-10-16T13:10:07.417+0000] {logging_mixin.py:190} INFO - [2024-10-16T13:10:07.417+0000] {dag.py:3239} INFO - Sync 1 DAGs
[2024-10-16T13:10:07.440+0000] {logging_mixin.py:190} INFO - [2024-10-16T13:10:07.440+0000] {dag.py:4180} INFO - Setting next_dagrun for latest_only_with_trigger to 2024-10-16 08:00:00+00:00, run_after=2024-10-16 12:00:00+00:00
[2024-10-16T13:10:07.467+0000] {processor.py:208} INFO - Processing /home/airflow/.local/lib/python3.12/site-packages/airflow/example_dags/example_latest_only_with_trigger.py took 0.089 seconds
[2024-10-16T13:10:38.513+0000] {processor.py:186} INFO - Started process (PID=400) to work on /home/airflow/.local/lib/python3.12/site-packages/airflow/example_dags/example_latest_only_with_trigger.py
[2024-10-16T13:10:38.514+0000] {processor.py:914} INFO - Processing file /home/airflow/.local/lib/python3.12/site-packages/airflow/example_dags/example_latest_only_with_trigger.py for tasks to queue
[2024-10-16T13:10:38.516+0000] {logging_mixin.py:190} INFO - [2024-10-16T13:10:38.516+0000] {dagbag.py:588} INFO - Filling up the DagBag from /home/airflow/.local/lib/python3.12/site-packages/airflow/example_dags/example_latest_only_with_trigger.py
[2024-10-16T13:10:38.522+0000] {processor.py:925} INFO - DAG(s) 'latest_only_with_trigger' retrieved from /home/airflow/.local/lib/python3.12/site-packages/airflow/example_dags/example_latest_only_with_trigger.py
[2024-10-16T13:10:38.542+0000] {logging_mixin.py:190} INFO - [2024-10-16T13:10:38.541+0000] {dag.py:3239} INFO - Sync 1 DAGs
[2024-10-16T13:10:38.567+0000] {logging_mixin.py:190} INFO - [2024-10-16T13:10:38.567+0000] {dag.py:4180} INFO - Setting next_dagrun for latest_only_with_trigger to 2024-10-16 08:00:00+00:00, run_after=2024-10-16 12:00:00+00:00
[2024-10-16T13:10:38.594+0000] {processor.py:208} INFO - Processing /home/airflow/.local/lib/python3.12/site-packages/airflow/example_dags/example_latest_only_with_trigger.py took 0.089 seconds
[2024-10-16T13:11:09.074+0000] {processor.py:186} INFO - Started process (PID=463) to work on /home/airflow/.local/lib/python3.12/site-packages/airflow/example_dags/example_latest_only_with_trigger.py
[2024-10-16T13:11:09.075+0000] {processor.py:914} INFO - Processing file /home/airflow/.local/lib/python3.12/site-packages/airflow/example_dags/example_latest_only_with_trigger.py for tasks to queue
[2024-10-16T13:11:09.080+0000] {logging_mixin.py:190} INFO - [2024-10-16T13:11:09.079+0000] {dagbag.py:588} INFO - Filling up the DagBag from /home/airflow/.local/lib/python3.12/site-packages/airflow/example_dags/example_latest_only_with_trigger.py
[2024-10-16T13:11:09.097+0000] {processor.py:925} INFO - DAG(s) 'latest_only_with_trigger' retrieved from /home/airflow/.local/lib/python3.12/site-packages/airflow/example_dags/example_latest_only_with_trigger.py
[2024-10-16T13:11:09.137+0000] {logging_mixin.py:190} INFO - [2024-10-16T13:11:09.137+0000] {dag.py:3239} INFO - Sync 1 DAGs
[2024-10-16T13:11:09.176+0000] {logging_mixin.py:190} INFO - [2024-10-16T13:11:09.176+0000] {dag.py:4180} INFO - Setting next_dagrun for latest_only_with_trigger to 2024-10-16 08:00:00+00:00, run_after=2024-10-16 12:00:00+00:00
[2024-10-16T13:11:09.214+0000] {processor.py:208} INFO - Processing /home/airflow/.local/lib/python3.12/site-packages/airflow/example_dags/example_latest_only_with_trigger.py took 0.147 seconds
[2024-10-16T13:12:44.811+0000] {processor.py:186} INFO - Started process (PID=84) to work on /home/airflow/.local/lib/python3.12/site-packages/airflow/example_dags/example_latest_only_with_trigger.py
[2024-10-16T13:12:44.812+0000] {processor.py:914} INFO - Processing file /home/airflow/.local/lib/python3.12/site-packages/airflow/example_dags/example_latest_only_with_trigger.py for tasks to queue
[2024-10-16T13:12:44.814+0000] {logging_mixin.py:190} INFO - [2024-10-16T13:12:44.814+0000] {dagbag.py:588} INFO - Filling up the DagBag from /home/airflow/.local/lib/python3.12/site-packages/airflow/example_dags/example_latest_only_with_trigger.py
[2024-10-16T13:12:44.825+0000] {processor.py:925} INFO - DAG(s) 'latest_only_with_trigger' retrieved from /home/airflow/.local/lib/python3.12/site-packages/airflow/example_dags/example_latest_only_with_trigger.py
[2024-10-16T13:12:44.952+0000] {logging_mixin.py:190} INFO - [2024-10-16T13:12:44.951+0000] {override.py:1900} INFO - Created Permission View: can read on DAG:latest_only_with_trigger
[2024-10-16T13:12:44.967+0000] {logging_mixin.py:190} INFO - [2024-10-16T13:12:44.966+0000] {override.py:1900} INFO - Created Permission View: can edit on DAG:latest_only_with_trigger
[2024-10-16T13:12:44.978+0000] {logging_mixin.py:190} INFO - [2024-10-16T13:12:44.978+0000] {override.py:1900} INFO - Created Permission View: can delete on DAG:latest_only_with_trigger
[2024-10-16T13:12:44.989+0000] {logging_mixin.py:190} INFO - [2024-10-16T13:12:44.988+0000] {override.py:1900} INFO - Created Permission View: can read on DAG Run:latest_only_with_trigger
[2024-10-16T13:12:44.999+0000] {logging_mixin.py:190} INFO - [2024-10-16T13:12:44.998+0000] {override.py:1900} INFO - Created Permission View: menu access on DAG Run:latest_only_with_trigger
[2024-10-16T13:12:45.006+0000] {logging_mixin.py:190} INFO - [2024-10-16T13:12:45.006+0000] {override.py:1900} INFO - Created Permission View: can delete on DAG Run:latest_only_with_trigger
[2024-10-16T13:12:45.014+0000] {logging_mixin.py:190} INFO - [2024-10-16T13:12:45.014+0000] {override.py:1900} INFO - Created Permission View: can create on DAG Run:latest_only_with_trigger
[2024-10-16T13:12:45.015+0000] {logging_mixin.py:190} INFO - [2024-10-16T13:12:45.015+0000] {dag.py:3239} INFO - Sync 1 DAGs
[2024-10-16T13:12:45.032+0000] {logging_mixin.py:190} INFO - [2024-10-16T13:12:45.031+0000] {dag.py:3262} INFO - Creating ORM DAG for latest_only_with_trigger
[2024-10-16T13:12:45.047+0000] {logging_mixin.py:190} INFO - [2024-10-16T13:12:45.047+0000] {dag.py:4180} INFO - Setting next_dagrun for latest_only_with_trigger to 2024-10-16 08:00:00+00:00, run_after=2024-10-16 12:00:00+00:00
[2024-10-16T13:12:45.081+0000] {processor.py:208} INFO - Processing /home/airflow/.local/lib/python3.12/site-packages/airflow/example_dags/example_latest_only_with_trigger.py took 0.274 seconds
[2024-10-16T13:13:15.805+0000] {processor.py:186} INFO - Started process (PID=147) to work on /home/airflow/.local/lib/python3.12/site-packages/airflow/example_dags/example_latest_only_with_trigger.py
[2024-10-16T13:13:15.806+0000] {processor.py:914} INFO - Processing file /home/airflow/.local/lib/python3.12/site-packages/airflow/example_dags/example_latest_only_with_trigger.py for tasks to queue
[2024-10-16T13:13:15.809+0000] {logging_mixin.py:190} INFO - [2024-10-16T13:13:15.808+0000] {dagbag.py:588} INFO - Filling up the DagBag from /home/airflow/.local/lib/python3.12/site-packages/airflow/example_dags/example_latest_only_with_trigger.py
[2024-10-16T13:13:15.816+0000] {processor.py:925} INFO - DAG(s) 'latest_only_with_trigger' retrieved from /home/airflow/.local/lib/python3.12/site-packages/airflow/example_dags/example_latest_only_with_trigger.py
[2024-10-16T13:13:15.836+0000] {logging_mixin.py:190} INFO - [2024-10-16T13:13:15.836+0000] {dag.py:3239} INFO - Sync 1 DAGs
[2024-10-16T13:13:15.858+0000] {logging_mixin.py:190} INFO - [2024-10-16T13:13:15.857+0000] {dag.py:4180} INFO - Setting next_dagrun for latest_only_with_trigger to 2024-10-16 08:00:00+00:00, run_after=2024-10-16 12:00:00+00:00
[2024-10-16T13:13:15.885+0000] {processor.py:208} INFO - Processing /home/airflow/.local/lib/python3.12/site-packages/airflow/example_dags/example_latest_only_with_trigger.py took 0.086 seconds
[2024-10-16T13:14:46.480+0000] {processor.py:186} INFO - Started process (PID=86) to work on /home/airflow/.local/lib/python3.12/site-packages/airflow/example_dags/example_latest_only_with_trigger.py
[2024-10-16T13:14:46.481+0000] {processor.py:914} INFO - Processing file /home/airflow/.local/lib/python3.12/site-packages/airflow/example_dags/example_latest_only_with_trigger.py for tasks to queue
[2024-10-16T13:14:46.484+0000] {logging_mixin.py:190} INFO - [2024-10-16T13:14:46.483+0000] {dagbag.py:588} INFO - Filling up the DagBag from /home/airflow/.local/lib/python3.12/site-packages/airflow/example_dags/example_latest_only_with_trigger.py
[2024-10-16T13:14:46.490+0000] {processor.py:925} INFO - DAG(s) 'latest_only_with_trigger' retrieved from /home/airflow/.local/lib/python3.12/site-packages/airflow/example_dags/example_latest_only_with_trigger.py
[2024-10-16T13:14:46.613+0000] {logging_mixin.py:190} INFO - [2024-10-16T13:14:46.612+0000] {override.py:1900} INFO - Created Permission View: can read on DAG:latest_only_with_trigger
[2024-10-16T13:14:46.628+0000] {logging_mixin.py:190} INFO - [2024-10-16T13:14:46.627+0000] {override.py:1900} INFO - Created Permission View: can delete on DAG:latest_only_with_trigger
[2024-10-16T13:14:46.641+0000] {logging_mixin.py:190} INFO - [2024-10-16T13:14:46.641+0000] {override.py:1900} INFO - Created Permission View: can edit on DAG:latest_only_with_trigger
[2024-10-16T13:14:46.651+0000] {logging_mixin.py:190} INFO - [2024-10-16T13:14:46.650+0000] {override.py:1900} INFO - Created Permission View: can read on DAG Run:latest_only_with_trigger
[2024-10-16T13:14:46.658+0000] {logging_mixin.py:190} INFO - [2024-10-16T13:14:46.658+0000] {override.py:1900} INFO - Created Permission View: can create on DAG Run:latest_only_with_trigger
[2024-10-16T13:14:46.663+0000] {logging_mixin.py:190} INFO - [2024-10-16T13:14:46.663+0000] {override.py:1900} INFO - Created Permission View: can delete on DAG Run:latest_only_with_trigger
[2024-10-16T13:14:46.669+0000] {logging_mixin.py:190} INFO - [2024-10-16T13:14:46.669+0000] {override.py:1900} INFO - Created Permission View: menu access on DAG Run:latest_only_with_trigger
[2024-10-16T13:14:46.670+0000] {logging_mixin.py:190} INFO - [2024-10-16T13:14:46.670+0000] {dag.py:3239} INFO - Sync 1 DAGs
[2024-10-16T13:14:46.680+0000] {logging_mixin.py:190} INFO - [2024-10-16T13:14:46.680+0000] {dag.py:3262} INFO - Creating ORM DAG for latest_only_with_trigger
[2024-10-16T13:14:46.688+0000] {logging_mixin.py:190} INFO - [2024-10-16T13:14:46.688+0000] {dag.py:4180} INFO - Setting next_dagrun for latest_only_with_trigger to 2024-10-16 08:00:00+00:00, run_after=2024-10-16 12:00:00+00:00
[2024-10-16T13:14:46.705+0000] {processor.py:208} INFO - Processing /home/airflow/.local/lib/python3.12/site-packages/airflow/example_dags/example_latest_only_with_trigger.py took 0.234 seconds
[2024-10-16T13:16:15.367+0000] {processor.py:186} INFO - Started process (PID=85) to work on /home/airflow/.local/lib/python3.12/site-packages/airflow/example_dags/example_latest_only_with_trigger.py
[2024-10-16T13:16:15.369+0000] {processor.py:914} INFO - Processing file /home/airflow/.local/lib/python3.12/site-packages/airflow/example_dags/example_latest_only_with_trigger.py for tasks to queue
[2024-10-16T13:16:15.372+0000] {logging_mixin.py:190} INFO - [2024-10-16T13:16:15.371+0000] {dagbag.py:588} INFO - Filling up the DagBag from /home/airflow/.local/lib/python3.12/site-packages/airflow/example_dags/example_latest_only_with_trigger.py
[2024-10-16T13:16:15.380+0000] {processor.py:925} INFO - DAG(s) 'latest_only_with_trigger' retrieved from /home/airflow/.local/lib/python3.12/site-packages/airflow/example_dags/example_latest_only_with_trigger.py
[2024-10-16T13:16:15.513+0000] {logging_mixin.py:190} INFO - [2024-10-16T13:16:15.511+0000] {override.py:1900} INFO - Created Permission View: can edit on DAG:latest_only_with_trigger
[2024-10-16T13:16:15.529+0000] {logging_mixin.py:190} INFO - [2024-10-16T13:16:15.529+0000] {override.py:1900} INFO - Created Permission View: can read on DAG:latest_only_with_trigger
[2024-10-16T13:16:15.537+0000] {logging_mixin.py:190} INFO - [2024-10-16T13:16:15.537+0000] {override.py:1900} INFO - Created Permission View: can delete on DAG:latest_only_with_trigger
[2024-10-16T13:16:15.547+0000] {logging_mixin.py:190} INFO - [2024-10-16T13:16:15.547+0000] {override.py:1900} INFO - Created Permission View: menu access on DAG Run:latest_only_with_trigger
[2024-10-16T13:16:15.556+0000] {logging_mixin.py:190} INFO - [2024-10-16T13:16:15.556+0000] {override.py:1900} INFO - Created Permission View: can read on DAG Run:latest_only_with_trigger
[2024-10-16T13:16:15.565+0000] {logging_mixin.py:190} INFO - [2024-10-16T13:16:15.565+0000] {override.py:1900} INFO - Created Permission View: can create on DAG Run:latest_only_with_trigger
[2024-10-16T13:16:15.573+0000] {logging_mixin.py:190} INFO - [2024-10-16T13:16:15.572+0000] {override.py:1900} INFO - Created Permission View: can delete on DAG Run:latest_only_with_trigger
[2024-10-16T13:16:15.574+0000] {logging_mixin.py:190} INFO - [2024-10-16T13:16:15.574+0000] {dag.py:3239} INFO - Sync 1 DAGs
[2024-10-16T13:16:15.592+0000] {logging_mixin.py:190} INFO - [2024-10-16T13:16:15.592+0000] {dag.py:3262} INFO - Creating ORM DAG for latest_only_with_trigger
[2024-10-16T13:16:15.604+0000] {logging_mixin.py:190} INFO - [2024-10-16T13:16:15.603+0000] {dag.py:4180} INFO - Setting next_dagrun for latest_only_with_trigger to 2024-10-16 08:00:00+00:00, run_after=2024-10-16 12:00:00+00:00
[2024-10-16T13:16:15.631+0000] {processor.py:208} INFO - Processing /home/airflow/.local/lib/python3.12/site-packages/airflow/example_dags/example_latest_only_with_trigger.py took 0.270 seconds
[2024-10-16T13:16:46.203+0000] {processor.py:186} INFO - Started process (PID=148) to work on /home/airflow/.local/lib/python3.12/site-packages/airflow/example_dags/example_latest_only_with_trigger.py
[2024-10-16T13:16:46.205+0000] {processor.py:914} INFO - Processing file /home/airflow/.local/lib/python3.12/site-packages/airflow/example_dags/example_latest_only_with_trigger.py for tasks to queue
[2024-10-16T13:16:46.207+0000] {logging_mixin.py:190} INFO - [2024-10-16T13:16:46.207+0000] {dagbag.py:588} INFO - Filling up the DagBag from /home/airflow/.local/lib/python3.12/site-packages/airflow/example_dags/example_latest_only_with_trigger.py
[2024-10-16T13:16:46.213+0000] {processor.py:925} INFO - DAG(s) 'latest_only_with_trigger' retrieved from /home/airflow/.local/lib/python3.12/site-packages/airflow/example_dags/example_latest_only_with_trigger.py
[2024-10-16T13:16:46.237+0000] {logging_mixin.py:190} INFO - [2024-10-16T13:16:46.237+0000] {dag.py:3239} INFO - Sync 1 DAGs
[2024-10-16T13:16:46.263+0000] {logging_mixin.py:190} INFO - [2024-10-16T13:16:46.262+0000] {dag.py:4180} INFO - Setting next_dagrun for latest_only_with_trigger to 2024-10-16 08:00:00+00:00, run_after=2024-10-16 12:00:00+00:00
[2024-10-16T13:16:46.292+0000] {processor.py:208} INFO - Processing /home/airflow/.local/lib/python3.12/site-packages/airflow/example_dags/example_latest_only_with_trigger.py took 0.093 seconds
[2024-10-16T13:17:16.850+0000] {processor.py:186} INFO - Started process (PID=211) to work on /home/airflow/.local/lib/python3.12/site-packages/airflow/example_dags/example_latest_only_with_trigger.py
[2024-10-16T13:17:16.851+0000] {processor.py:914} INFO - Processing file /home/airflow/.local/lib/python3.12/site-packages/airflow/example_dags/example_latest_only_with_trigger.py for tasks to queue
[2024-10-16T13:17:16.855+0000] {logging_mixin.py:190} INFO - [2024-10-16T13:17:16.854+0000] {dagbag.py:588} INFO - Filling up the DagBag from /home/airflow/.local/lib/python3.12/site-packages/airflow/example_dags/example_latest_only_with_trigger.py
[2024-10-16T13:17:16.863+0000] {processor.py:925} INFO - DAG(s) 'latest_only_with_trigger' retrieved from /home/airflow/.local/lib/python3.12/site-packages/airflow/example_dags/example_latest_only_with_trigger.py
[2024-10-16T13:17:16.888+0000] {logging_mixin.py:190} INFO - [2024-10-16T13:17:16.888+0000] {dag.py:3239} INFO - Sync 1 DAGs
[2024-10-16T13:17:16.916+0000] {logging_mixin.py:190} INFO - [2024-10-16T13:17:16.916+0000] {dag.py:4180} INFO - Setting next_dagrun for latest_only_with_trigger to 2024-10-16 08:00:00+00:00, run_after=2024-10-16 12:00:00+00:00
[2024-10-16T13:17:16.943+0000] {processor.py:208} INFO - Processing /home/airflow/.local/lib/python3.12/site-packages/airflow/example_dags/example_latest_only_with_trigger.py took 0.099 seconds
[2024-10-16T13:17:47.180+0000] {processor.py:186} INFO - Started process (PID=274) to work on /home/airflow/.local/lib/python3.12/site-packages/airflow/example_dags/example_latest_only_with_trigger.py
[2024-10-16T13:17:47.181+0000] {processor.py:914} INFO - Processing file /home/airflow/.local/lib/python3.12/site-packages/airflow/example_dags/example_latest_only_with_trigger.py for tasks to queue
[2024-10-16T13:17:47.184+0000] {logging_mixin.py:190} INFO - [2024-10-16T13:17:47.184+0000] {dagbag.py:588} INFO - Filling up the DagBag from /home/airflow/.local/lib/python3.12/site-packages/airflow/example_dags/example_latest_only_with_trigger.py
[2024-10-16T13:17:47.192+0000] {processor.py:925} INFO - DAG(s) 'latest_only_with_trigger' retrieved from /home/airflow/.local/lib/python3.12/site-packages/airflow/example_dags/example_latest_only_with_trigger.py
[2024-10-16T13:17:47.217+0000] {logging_mixin.py:190} INFO - [2024-10-16T13:17:47.217+0000] {dag.py:3239} INFO - Sync 1 DAGs
[2024-10-16T13:17:47.241+0000] {logging_mixin.py:190} INFO - [2024-10-16T13:17:47.241+0000] {dag.py:4180} INFO - Setting next_dagrun for latest_only_with_trigger to 2024-10-16 08:00:00+00:00, run_after=2024-10-16 12:00:00+00:00
[2024-10-16T13:17:47.265+0000] {processor.py:208} INFO - Processing /home/airflow/.local/lib/python3.12/site-packages/airflow/example_dags/example_latest_only_with_trigger.py took 0.092 seconds
[2024-10-16T13:18:18.181+0000] {processor.py:186} INFO - Started process (PID=337) to work on /home/airflow/.local/lib/python3.12/site-packages/airflow/example_dags/example_latest_only_with_trigger.py
[2024-10-16T13:18:18.182+0000] {processor.py:914} INFO - Processing file /home/airflow/.local/lib/python3.12/site-packages/airflow/example_dags/example_latest_only_with_trigger.py for tasks to queue
[2024-10-16T13:18:18.185+0000] {logging_mixin.py:190} INFO - [2024-10-16T13:18:18.184+0000] {dagbag.py:588} INFO - Filling up the DagBag from /home/airflow/.local/lib/python3.12/site-packages/airflow/example_dags/example_latest_only_with_trigger.py
[2024-10-16T13:18:18.194+0000] {processor.py:925} INFO - DAG(s) 'latest_only_with_trigger' retrieved from /home/airflow/.local/lib/python3.12/site-packages/airflow/example_dags/example_latest_only_with_trigger.py
[2024-10-16T13:18:18.214+0000] {logging_mixin.py:190} INFO - [2024-10-16T13:18:18.214+0000] {dag.py:3239} INFO - Sync 1 DAGs
[2024-10-16T13:18:18.232+0000] {logging_mixin.py:190} INFO - [2024-10-16T13:18:18.232+0000] {dag.py:4180} INFO - Setting next_dagrun for latest_only_with_trigger to 2024-10-16 08:00:00+00:00, run_after=2024-10-16 12:00:00+00:00
[2024-10-16T13:18:18.250+0000] {processor.py:208} INFO - Processing /home/airflow/.local/lib/python3.12/site-packages/airflow/example_dags/example_latest_only_with_trigger.py took 0.074 seconds
[2024-10-16T13:18:48.895+0000] {processor.py:186} INFO - Started process (PID=400) to work on /home/airflow/.local/lib/python3.12/site-packages/airflow/example_dags/example_latest_only_with_trigger.py
[2024-10-16T13:18:48.896+0000] {processor.py:914} INFO - Processing file /home/airflow/.local/lib/python3.12/site-packages/airflow/example_dags/example_latest_only_with_trigger.py for tasks to queue
[2024-10-16T13:18:48.900+0000] {logging_mixin.py:190} INFO - [2024-10-16T13:18:48.900+0000] {dagbag.py:588} INFO - Filling up the DagBag from /home/airflow/.local/lib/python3.12/site-packages/airflow/example_dags/example_latest_only_with_trigger.py
[2024-10-16T13:18:48.907+0000] {processor.py:925} INFO - DAG(s) 'latest_only_with_trigger' retrieved from /home/airflow/.local/lib/python3.12/site-packages/airflow/example_dags/example_latest_only_with_trigger.py
[2024-10-16T13:18:48.928+0000] {logging_mixin.py:190} INFO - [2024-10-16T13:18:48.928+0000] {dag.py:3239} INFO - Sync 1 DAGs
[2024-10-16T13:18:48.950+0000] {logging_mixin.py:190} INFO - [2024-10-16T13:18:48.950+0000] {dag.py:4180} INFO - Setting next_dagrun for latest_only_with_trigger to 2024-10-16 08:00:00+00:00, run_after=2024-10-16 12:00:00+00:00
[2024-10-16T13:18:48.971+0000] {processor.py:208} INFO - Processing /home/airflow/.local/lib/python3.12/site-packages/airflow/example_dags/example_latest_only_with_trigger.py took 0.080 seconds
[2024-10-16T13:19:19.330+0000] {processor.py:186} INFO - Started process (PID=463) to work on /home/airflow/.local/lib/python3.12/site-packages/airflow/example_dags/example_latest_only_with_trigger.py
[2024-10-16T13:19:19.331+0000] {processor.py:914} INFO - Processing file /home/airflow/.local/lib/python3.12/site-packages/airflow/example_dags/example_latest_only_with_trigger.py for tasks to queue
[2024-10-16T13:19:19.338+0000] {logging_mixin.py:190} INFO - [2024-10-16T13:19:19.338+0000] {dagbag.py:588} INFO - Filling up the DagBag from /home/airflow/.local/lib/python3.12/site-packages/airflow/example_dags/example_latest_only_with_trigger.py
[2024-10-16T13:19:19.348+0000] {processor.py:925} INFO - DAG(s) 'latest_only_with_trigger' retrieved from /home/airflow/.local/lib/python3.12/site-packages/airflow/example_dags/example_latest_only_with_trigger.py
[2024-10-16T13:19:19.419+0000] {logging_mixin.py:190} INFO - [2024-10-16T13:19:19.418+0000] {dag.py:3239} INFO - Sync 1 DAGs
[2024-10-16T13:19:19.481+0000] {logging_mixin.py:190} INFO - [2024-10-16T13:19:19.481+0000] {dag.py:4180} INFO - Setting next_dagrun for latest_only_with_trigger to 2024-10-16 08:00:00+00:00, run_after=2024-10-16 12:00:00+00:00
[2024-10-16T13:19:19.509+0000] {processor.py:208} INFO - Processing /home/airflow/.local/lib/python3.12/site-packages/airflow/example_dags/example_latest_only_with_trigger.py took 0.187 seconds
[2024-10-16T13:19:49.588+0000] {processor.py:186} INFO - Started process (PID=526) to work on /home/airflow/.local/lib/python3.12/site-packages/airflow/example_dags/example_latest_only_with_trigger.py
[2024-10-16T13:19:49.589+0000] {processor.py:914} INFO - Processing file /home/airflow/.local/lib/python3.12/site-packages/airflow/example_dags/example_latest_only_with_trigger.py for tasks to queue
[2024-10-16T13:19:49.592+0000] {logging_mixin.py:190} INFO - [2024-10-16T13:19:49.591+0000] {dagbag.py:588} INFO - Filling up the DagBag from /home/airflow/.local/lib/python3.12/site-packages/airflow/example_dags/example_latest_only_with_trigger.py
[2024-10-16T13:19:49.601+0000] {processor.py:925} INFO - DAG(s) 'latest_only_with_trigger' retrieved from /home/airflow/.local/lib/python3.12/site-packages/airflow/example_dags/example_latest_only_with_trigger.py
[2024-10-16T13:19:49.642+0000] {logging_mixin.py:190} INFO - [2024-10-16T13:19:49.641+0000] {dag.py:3239} INFO - Sync 1 DAGs
[2024-10-16T13:19:49.718+0000] {logging_mixin.py:190} INFO - [2024-10-16T13:19:49.717+0000] {dag.py:4180} INFO - Setting next_dagrun for latest_only_with_trigger to 2024-10-16 08:00:00+00:00, run_after=2024-10-16 12:00:00+00:00
[2024-10-16T13:19:49.781+0000] {processor.py:208} INFO - Processing /home/airflow/.local/lib/python3.12/site-packages/airflow/example_dags/example_latest_only_with_trigger.py took 0.200 seconds
[2024-10-16T13:20:20.886+0000] {processor.py:186} INFO - Started process (PID=589) to work on /home/airflow/.local/lib/python3.12/site-packages/airflow/example_dags/example_latest_only_with_trigger.py
[2024-10-16T13:20:20.887+0000] {processor.py:914} INFO - Processing file /home/airflow/.local/lib/python3.12/site-packages/airflow/example_dags/example_latest_only_with_trigger.py for tasks to queue
[2024-10-16T13:20:20.890+0000] {logging_mixin.py:190} INFO - [2024-10-16T13:20:20.890+0000] {dagbag.py:588} INFO - Filling up the DagBag from /home/airflow/.local/lib/python3.12/site-packages/airflow/example_dags/example_latest_only_with_trigger.py
[2024-10-16T13:20:20.898+0000] {processor.py:925} INFO - DAG(s) 'latest_only_with_trigger' retrieved from /home/airflow/.local/lib/python3.12/site-packages/airflow/example_dags/example_latest_only_with_trigger.py
[2024-10-16T13:20:20.919+0000] {logging_mixin.py:190} INFO - [2024-10-16T13:20:20.919+0000] {dag.py:3239} INFO - Sync 1 DAGs
[2024-10-16T13:20:20.946+0000] {logging_mixin.py:190} INFO - [2024-10-16T13:20:20.946+0000] {dag.py:4180} INFO - Setting next_dagrun for latest_only_with_trigger to 2024-10-16 08:00:00+00:00, run_after=2024-10-16 12:00:00+00:00
[2024-10-16T13:20:20.978+0000] {processor.py:208} INFO - Processing /home/airflow/.local/lib/python3.12/site-packages/airflow/example_dags/example_latest_only_with_trigger.py took 0.098 seconds
[2024-10-16T13:22:01.212+0000] {processor.py:186} INFO - Started process (PID=84) to work on /home/airflow/.local/lib/python3.12/site-packages/airflow/example_dags/example_latest_only_with_trigger.py
[2024-10-16T13:22:01.213+0000] {processor.py:914} INFO - Processing file /home/airflow/.local/lib/python3.12/site-packages/airflow/example_dags/example_latest_only_with_trigger.py for tasks to queue
[2024-10-16T13:22:01.215+0000] {logging_mixin.py:190} INFO - [2024-10-16T13:22:01.215+0000] {dagbag.py:588} INFO - Filling up the DagBag from /home/airflow/.local/lib/python3.12/site-packages/airflow/example_dags/example_latest_only_with_trigger.py
[2024-10-16T13:22:01.222+0000] {processor.py:925} INFO - DAG(s) 'latest_only_with_trigger' retrieved from /home/airflow/.local/lib/python3.12/site-packages/airflow/example_dags/example_latest_only_with_trigger.py
[2024-10-16T13:22:01.344+0000] {logging_mixin.py:190} INFO - [2024-10-16T13:22:01.343+0000] {override.py:1900} INFO - Created Permission View: can edit on DAG:latest_only_with_trigger
[2024-10-16T13:22:01.356+0000] {logging_mixin.py:190} INFO - [2024-10-16T13:22:01.356+0000] {override.py:1900} INFO - Created Permission View: can read on DAG:latest_only_with_trigger
[2024-10-16T13:22:01.367+0000] {logging_mixin.py:190} INFO - [2024-10-16T13:22:01.366+0000] {override.py:1900} INFO - Created Permission View: can delete on DAG:latest_only_with_trigger
[2024-10-16T13:22:01.376+0000] {logging_mixin.py:190} INFO - [2024-10-16T13:22:01.376+0000] {override.py:1900} INFO - Created Permission View: can delete on DAG Run:latest_only_with_trigger
[2024-10-16T13:22:01.386+0000] {logging_mixin.py:190} INFO - [2024-10-16T13:22:01.386+0000] {override.py:1900} INFO - Created Permission View: can read on DAG Run:latest_only_with_trigger
[2024-10-16T13:22:01.395+0000] {logging_mixin.py:190} INFO - [2024-10-16T13:22:01.395+0000] {override.py:1900} INFO - Created Permission View: menu access on DAG Run:latest_only_with_trigger
[2024-10-16T13:22:01.403+0000] {logging_mixin.py:190} INFO - [2024-10-16T13:22:01.403+0000] {override.py:1900} INFO - Created Permission View: can create on DAG Run:latest_only_with_trigger
[2024-10-16T13:22:01.404+0000] {logging_mixin.py:190} INFO - [2024-10-16T13:22:01.404+0000] {dag.py:3239} INFO - Sync 1 DAGs
[2024-10-16T13:22:01.415+0000] {logging_mixin.py:190} INFO - [2024-10-16T13:22:01.415+0000] {dag.py:3262} INFO - Creating ORM DAG for latest_only_with_trigger
[2024-10-16T13:22:01.426+0000] {logging_mixin.py:190} INFO - [2024-10-16T13:22:01.425+0000] {dag.py:4180} INFO - Setting next_dagrun for latest_only_with_trigger to 2024-10-16 08:00:00+00:00, run_after=2024-10-16 12:00:00+00:00
[2024-10-16T13:22:01.449+0000] {processor.py:208} INFO - Processing /home/airflow/.local/lib/python3.12/site-packages/airflow/example_dags/example_latest_only_with_trigger.py took 0.242 seconds
[2024-10-16T13:22:32.311+0000] {processor.py:186} INFO - Started process (PID=147) to work on /home/airflow/.local/lib/python3.12/site-packages/airflow/example_dags/example_latest_only_with_trigger.py
[2024-10-16T13:22:32.313+0000] {processor.py:914} INFO - Processing file /home/airflow/.local/lib/python3.12/site-packages/airflow/example_dags/example_latest_only_with_trigger.py for tasks to queue
[2024-10-16T13:22:32.315+0000] {logging_mixin.py:190} INFO - [2024-10-16T13:22:32.314+0000] {dagbag.py:588} INFO - Filling up the DagBag from /home/airflow/.local/lib/python3.12/site-packages/airflow/example_dags/example_latest_only_with_trigger.py
[2024-10-16T13:22:32.321+0000] {processor.py:925} INFO - DAG(s) 'latest_only_with_trigger' retrieved from /home/airflow/.local/lib/python3.12/site-packages/airflow/example_dags/example_latest_only_with_trigger.py
[2024-10-16T13:22:32.338+0000] {logging_mixin.py:190} INFO - [2024-10-16T13:22:32.338+0000] {dag.py:3239} INFO - Sync 1 DAGs
[2024-10-16T13:22:32.359+0000] {logging_mixin.py:190} INFO - [2024-10-16T13:22:32.359+0000] {dag.py:4180} INFO - Setting next_dagrun for latest_only_with_trigger to 2024-10-16 08:00:00+00:00, run_after=2024-10-16 12:00:00+00:00
[2024-10-16T13:22:32.381+0000] {processor.py:208} INFO - Processing /home/airflow/.local/lib/python3.12/site-packages/airflow/example_dags/example_latest_only_with_trigger.py took 0.074 seconds
[2024-10-16T13:23:03.195+0000] {processor.py:186} INFO - Started process (PID=211) to work on /home/airflow/.local/lib/python3.12/site-packages/airflow/example_dags/example_latest_only_with_trigger.py
[2024-10-16T13:23:03.196+0000] {processor.py:914} INFO - Processing file /home/airflow/.local/lib/python3.12/site-packages/airflow/example_dags/example_latest_only_with_trigger.py for tasks to queue
[2024-10-16T13:23:03.198+0000] {logging_mixin.py:190} INFO - [2024-10-16T13:23:03.197+0000] {dagbag.py:588} INFO - Filling up the DagBag from /home/airflow/.local/lib/python3.12/site-packages/airflow/example_dags/example_latest_only_with_trigger.py
[2024-10-16T13:23:03.204+0000] {processor.py:925} INFO - DAG(s) 'latest_only_with_trigger' retrieved from /home/airflow/.local/lib/python3.12/site-packages/airflow/example_dags/example_latest_only_with_trigger.py
[2024-10-16T13:23:03.231+0000] {logging_mixin.py:190} INFO - [2024-10-16T13:23:03.231+0000] {dag.py:3239} INFO - Sync 1 DAGs
[2024-10-16T13:23:03.251+0000] {logging_mixin.py:190} INFO - [2024-10-16T13:23:03.251+0000] {dag.py:4180} INFO - Setting next_dagrun for latest_only_with_trigger to 2024-10-16 08:00:00+00:00, run_after=2024-10-16 12:00:00+00:00
[2024-10-16T13:23:03.275+0000] {processor.py:208} INFO - Processing /home/airflow/.local/lib/python3.12/site-packages/airflow/example_dags/example_latest_only_with_trigger.py took 0.085 seconds
[2024-10-16T13:23:34.209+0000] {processor.py:186} INFO - Started process (PID=274) to work on /home/airflow/.local/lib/python3.12/site-packages/airflow/example_dags/example_latest_only_with_trigger.py
[2024-10-16T13:23:34.211+0000] {processor.py:914} INFO - Processing file /home/airflow/.local/lib/python3.12/site-packages/airflow/example_dags/example_latest_only_with_trigger.py for tasks to queue
[2024-10-16T13:23:34.214+0000] {logging_mixin.py:190} INFO - [2024-10-16T13:23:34.213+0000] {dagbag.py:588} INFO - Filling up the DagBag from /home/airflow/.local/lib/python3.12/site-packages/airflow/example_dags/example_latest_only_with_trigger.py
[2024-10-16T13:23:34.233+0000] {processor.py:925} INFO - DAG(s) 'latest_only_with_trigger' retrieved from /home/airflow/.local/lib/python3.12/site-packages/airflow/example_dags/example_latest_only_with_trigger.py
[2024-10-16T13:23:34.265+0000] {logging_mixin.py:190} INFO - [2024-10-16T13:23:34.264+0000] {dag.py:3239} INFO - Sync 1 DAGs
[2024-10-16T13:23:34.294+0000] {logging_mixin.py:190} INFO - [2024-10-16T13:23:34.294+0000] {dag.py:4180} INFO - Setting next_dagrun for latest_only_with_trigger to 2024-10-16 08:00:00+00:00, run_after=2024-10-16 12:00:00+00:00
[2024-10-16T13:23:34.324+0000] {processor.py:208} INFO - Processing /home/airflow/.local/lib/python3.12/site-packages/airflow/example_dags/example_latest_only_with_trigger.py took 0.122 seconds
