[2024-10-16T12:50:35.437+0000] {processor.py:186} INFO - Started process (PID=113) to work on /home/airflow/.local/lib/python3.12/site-packages/airflow/example_dags/example_local_kubernetes_executor.py
[2024-10-16T12:50:35.439+0000] {processor.py:914} INFO - Processing file /home/airflow/.local/lib/python3.12/site-packages/airflow/example_dags/example_local_kubernetes_executor.py for tasks to queue
[2024-10-16T12:50:35.442+0000] {logging_mixin.py:190} INFO - [2024-10-16T12:50:35.442+0000] {dagbag.py:588} INFO - Filling up the DagBag from /home/airflow/.local/lib/python3.12/site-packages/airflow/example_dags/example_local_kubernetes_executor.py
[2024-10-16T12:50:35.451+0000] {processor.py:925} INFO - DAG(s) 'example_local_kubernetes_executor' retrieved from /home/airflow/.local/lib/python3.12/site-packages/airflow/example_dags/example_local_kubernetes_executor.py
[2024-10-16T12:50:35.551+0000] {logging_mixin.py:190} INFO - [2024-10-16T12:50:35.551+0000] {override.py:1900} INFO - Created Permission View: can edit on DAG:example_local_kubernetes_executor
[2024-10-16T12:50:35.563+0000] {logging_mixin.py:190} INFO - [2024-10-16T12:50:35.563+0000] {override.py:1900} INFO - Created Permission View: can read on DAG:example_local_kubernetes_executor
[2024-10-16T12:50:35.570+0000] {logging_mixin.py:190} INFO - [2024-10-16T12:50:35.569+0000] {override.py:1900} INFO - Created Permission View: can delete on DAG:example_local_kubernetes_executor
[2024-10-16T12:50:35.577+0000] {logging_mixin.py:190} INFO - [2024-10-16T12:50:35.577+0000] {override.py:1900} INFO - Created Permission View: can delete on DAG Run:example_local_kubernetes_executor
[2024-10-16T12:50:35.582+0000] {logging_mixin.py:190} INFO - [2024-10-16T12:50:35.582+0000] {override.py:1900} INFO - Created Permission View: menu access on DAG Run:example_local_kubernetes_executor
[2024-10-16T12:50:35.588+0000] {logging_mixin.py:190} INFO - [2024-10-16T12:50:35.588+0000] {override.py:1900} INFO - Created Permission View: can create on DAG Run:example_local_kubernetes_executor
[2024-10-16T12:50:35.594+0000] {logging_mixin.py:190} INFO - [2024-10-16T12:50:35.593+0000] {override.py:1900} INFO - Created Permission View: can read on DAG Run:example_local_kubernetes_executor
[2024-10-16T12:50:35.594+0000] {logging_mixin.py:190} INFO - [2024-10-16T12:50:35.594+0000] {dag.py:3239} INFO - Sync 1 DAGs
[2024-10-16T12:50:35.607+0000] {logging_mixin.py:190} INFO - [2024-10-16T12:50:35.607+0000] {dag.py:3262} INFO - Creating ORM DAG for example_local_kubernetes_executor
[2024-10-16T12:50:35.608+0000] {logging_mixin.py:190} INFO - [2024-10-16T12:50:35.608+0000] {dag.py:4180} INFO - Setting next_dagrun for example_local_kubernetes_executor to None, run_after=None
[2024-10-16T12:50:35.622+0000] {processor.py:208} INFO - Processing /home/airflow/.local/lib/python3.12/site-packages/airflow/example_dags/example_local_kubernetes_executor.py took 0.190 seconds
[2024-10-16T12:51:05.740+0000] {processor.py:186} INFO - Started process (PID=174) to work on /home/airflow/.local/lib/python3.12/site-packages/airflow/example_dags/example_local_kubernetes_executor.py
[2024-10-16T12:51:05.744+0000] {processor.py:914} INFO - Processing file /home/airflow/.local/lib/python3.12/site-packages/airflow/example_dags/example_local_kubernetes_executor.py for tasks to queue
[2024-10-16T12:51:05.747+0000] {logging_mixin.py:190} INFO - [2024-10-16T12:51:05.746+0000] {dagbag.py:588} INFO - Filling up the DagBag from /home/airflow/.local/lib/python3.12/site-packages/airflow/example_dags/example_local_kubernetes_executor.py
[2024-10-16T12:51:05.759+0000] {processor.py:925} INFO - DAG(s) 'example_local_kubernetes_executor' retrieved from /home/airflow/.local/lib/python3.12/site-packages/airflow/example_dags/example_local_kubernetes_executor.py
[2024-10-16T12:51:05.803+0000] {logging_mixin.py:190} INFO - [2024-10-16T12:51:05.802+0000] {dag.py:3239} INFO - Sync 1 DAGs
[2024-10-16T12:51:05.822+0000] {logging_mixin.py:190} INFO - [2024-10-16T12:51:05.822+0000] {dag.py:4180} INFO - Setting next_dagrun for example_local_kubernetes_executor to None, run_after=None
[2024-10-16T12:51:05.854+0000] {processor.py:208} INFO - Processing /home/airflow/.local/lib/python3.12/site-packages/airflow/example_dags/example_local_kubernetes_executor.py took 0.121 seconds
[2024-10-16T12:51:36.209+0000] {processor.py:186} INFO - Started process (PID=236) to work on /home/airflow/.local/lib/python3.12/site-packages/airflow/example_dags/example_local_kubernetes_executor.py
[2024-10-16T12:51:36.210+0000] {processor.py:914} INFO - Processing file /home/airflow/.local/lib/python3.12/site-packages/airflow/example_dags/example_local_kubernetes_executor.py for tasks to queue
[2024-10-16T12:51:36.212+0000] {logging_mixin.py:190} INFO - [2024-10-16T12:51:36.212+0000] {dagbag.py:588} INFO - Filling up the DagBag from /home/airflow/.local/lib/python3.12/site-packages/airflow/example_dags/example_local_kubernetes_executor.py
[2024-10-16T12:51:36.220+0000] {processor.py:925} INFO - DAG(s) 'example_local_kubernetes_executor' retrieved from /home/airflow/.local/lib/python3.12/site-packages/airflow/example_dags/example_local_kubernetes_executor.py
[2024-10-16T12:51:36.249+0000] {logging_mixin.py:190} INFO - [2024-10-16T12:51:36.249+0000] {dag.py:3239} INFO - Sync 1 DAGs
[2024-10-16T12:51:36.265+0000] {logging_mixin.py:190} INFO - [2024-10-16T12:51:36.265+0000] {dag.py:4180} INFO - Setting next_dagrun for example_local_kubernetes_executor to None, run_after=None
[2024-10-16T12:51:36.287+0000] {processor.py:208} INFO - Processing /home/airflow/.local/lib/python3.12/site-packages/airflow/example_dags/example_local_kubernetes_executor.py took 0.083 seconds
[2024-10-16T12:52:06.541+0000] {processor.py:186} INFO - Started process (PID=298) to work on /home/airflow/.local/lib/python3.12/site-packages/airflow/example_dags/example_local_kubernetes_executor.py
[2024-10-16T12:52:06.542+0000] {processor.py:914} INFO - Processing file /home/airflow/.local/lib/python3.12/site-packages/airflow/example_dags/example_local_kubernetes_executor.py for tasks to queue
[2024-10-16T12:52:06.544+0000] {logging_mixin.py:190} INFO - [2024-10-16T12:52:06.544+0000] {dagbag.py:588} INFO - Filling up the DagBag from /home/airflow/.local/lib/python3.12/site-packages/airflow/example_dags/example_local_kubernetes_executor.py
[2024-10-16T12:52:06.551+0000] {processor.py:925} INFO - DAG(s) 'example_local_kubernetes_executor' retrieved from /home/airflow/.local/lib/python3.12/site-packages/airflow/example_dags/example_local_kubernetes_executor.py
[2024-10-16T12:52:06.580+0000] {logging_mixin.py:190} INFO - [2024-10-16T12:52:06.580+0000] {dag.py:3239} INFO - Sync 1 DAGs
[2024-10-16T12:52:06.593+0000] {logging_mixin.py:190} INFO - [2024-10-16T12:52:06.593+0000] {dag.py:4180} INFO - Setting next_dagrun for example_local_kubernetes_executor to None, run_after=None
[2024-10-16T12:52:06.614+0000] {processor.py:208} INFO - Processing /home/airflow/.local/lib/python3.12/site-packages/airflow/example_dags/example_local_kubernetes_executor.py took 0.078 seconds
[2024-10-16T12:52:37.078+0000] {processor.py:186} INFO - Started process (PID=361) to work on /home/airflow/.local/lib/python3.12/site-packages/airflow/example_dags/example_local_kubernetes_executor.py
[2024-10-16T12:52:37.079+0000] {processor.py:914} INFO - Processing file /home/airflow/.local/lib/python3.12/site-packages/airflow/example_dags/example_local_kubernetes_executor.py for tasks to queue
[2024-10-16T12:52:37.082+0000] {logging_mixin.py:190} INFO - [2024-10-16T12:52:37.081+0000] {dagbag.py:588} INFO - Filling up the DagBag from /home/airflow/.local/lib/python3.12/site-packages/airflow/example_dags/example_local_kubernetes_executor.py
[2024-10-16T12:52:37.090+0000] {processor.py:925} INFO - DAG(s) 'example_local_kubernetes_executor' retrieved from /home/airflow/.local/lib/python3.12/site-packages/airflow/example_dags/example_local_kubernetes_executor.py
[2024-10-16T12:52:37.126+0000] {logging_mixin.py:190} INFO - [2024-10-16T12:52:37.126+0000] {dag.py:3239} INFO - Sync 1 DAGs
[2024-10-16T12:52:37.143+0000] {logging_mixin.py:190} INFO - [2024-10-16T12:52:37.143+0000] {dag.py:4180} INFO - Setting next_dagrun for example_local_kubernetes_executor to None, run_after=None
[2024-10-16T12:52:37.171+0000] {processor.py:208} INFO - Processing /home/airflow/.local/lib/python3.12/site-packages/airflow/example_dags/example_local_kubernetes_executor.py took 0.097 seconds
[2024-10-16T12:53:07.958+0000] {processor.py:186} INFO - Started process (PID=424) to work on /home/airflow/.local/lib/python3.12/site-packages/airflow/example_dags/example_local_kubernetes_executor.py
[2024-10-16T12:53:07.959+0000] {processor.py:914} INFO - Processing file /home/airflow/.local/lib/python3.12/site-packages/airflow/example_dags/example_local_kubernetes_executor.py for tasks to queue
[2024-10-16T12:53:07.962+0000] {logging_mixin.py:190} INFO - [2024-10-16T12:53:07.962+0000] {dagbag.py:588} INFO - Filling up the DagBag from /home/airflow/.local/lib/python3.12/site-packages/airflow/example_dags/example_local_kubernetes_executor.py
[2024-10-16T12:53:07.975+0000] {processor.py:925} INFO - DAG(s) 'example_local_kubernetes_executor' retrieved from /home/airflow/.local/lib/python3.12/site-packages/airflow/example_dags/example_local_kubernetes_executor.py
[2024-10-16T12:53:08.022+0000] {logging_mixin.py:190} INFO - [2024-10-16T12:53:08.022+0000] {dag.py:3239} INFO - Sync 1 DAGs
[2024-10-16T12:53:08.042+0000] {logging_mixin.py:190} INFO - [2024-10-16T12:53:08.042+0000] {dag.py:4180} INFO - Setting next_dagrun for example_local_kubernetes_executor to None, run_after=None
[2024-10-16T12:53:08.071+0000] {processor.py:208} INFO - Processing /home/airflow/.local/lib/python3.12/site-packages/airflow/example_dags/example_local_kubernetes_executor.py took 0.123 seconds
[2024-10-16T12:53:38.840+0000] {processor.py:186} INFO - Started process (PID=486) to work on /home/airflow/.local/lib/python3.12/site-packages/airflow/example_dags/example_local_kubernetes_executor.py
[2024-10-16T12:53:38.841+0000] {processor.py:914} INFO - Processing file /home/airflow/.local/lib/python3.12/site-packages/airflow/example_dags/example_local_kubernetes_executor.py for tasks to queue
[2024-10-16T12:53:38.844+0000] {logging_mixin.py:190} INFO - [2024-10-16T12:53:38.844+0000] {dagbag.py:588} INFO - Filling up the DagBag from /home/airflow/.local/lib/python3.12/site-packages/airflow/example_dags/example_local_kubernetes_executor.py
[2024-10-16T12:53:38.860+0000] {processor.py:925} INFO - DAG(s) 'example_local_kubernetes_executor' retrieved from /home/airflow/.local/lib/python3.12/site-packages/airflow/example_dags/example_local_kubernetes_executor.py
[2024-10-16T12:53:38.890+0000] {logging_mixin.py:190} INFO - [2024-10-16T12:53:38.890+0000] {dag.py:3239} INFO - Sync 1 DAGs
[2024-10-16T12:53:38.912+0000] {logging_mixin.py:190} INFO - [2024-10-16T12:53:38.912+0000] {dag.py:4180} INFO - Setting next_dagrun for example_local_kubernetes_executor to None, run_after=None
[2024-10-16T12:53:38.954+0000] {processor.py:208} INFO - Processing /home/airflow/.local/lib/python3.12/site-packages/airflow/example_dags/example_local_kubernetes_executor.py took 0.118 seconds
[2024-10-16T12:54:10.035+0000] {processor.py:186} INFO - Started process (PID=548) to work on /home/airflow/.local/lib/python3.12/site-packages/airflow/example_dags/example_local_kubernetes_executor.py
[2024-10-16T12:54:10.037+0000] {processor.py:914} INFO - Processing file /home/airflow/.local/lib/python3.12/site-packages/airflow/example_dags/example_local_kubernetes_executor.py for tasks to queue
[2024-10-16T12:54:10.047+0000] {logging_mixin.py:190} INFO - [2024-10-16T12:54:10.046+0000] {dagbag.py:588} INFO - Filling up the DagBag from /home/airflow/.local/lib/python3.12/site-packages/airflow/example_dags/example_local_kubernetes_executor.py
[2024-10-16T12:54:10.086+0000] {processor.py:925} INFO - DAG(s) 'example_local_kubernetes_executor' retrieved from /home/airflow/.local/lib/python3.12/site-packages/airflow/example_dags/example_local_kubernetes_executor.py
[2024-10-16T12:54:10.158+0000] {logging_mixin.py:190} INFO - [2024-10-16T12:54:10.157+0000] {dag.py:3239} INFO - Sync 1 DAGs
[2024-10-16T12:54:10.187+0000] {logging_mixin.py:190} INFO - [2024-10-16T12:54:10.186+0000] {dag.py:4180} INFO - Setting next_dagrun for example_local_kubernetes_executor to None, run_after=None
[2024-10-16T12:54:10.235+0000] {processor.py:208} INFO - Processing /home/airflow/.local/lib/python3.12/site-packages/airflow/example_dags/example_local_kubernetes_executor.py took 0.208 seconds
[2024-10-16T12:54:42.286+0000] {processor.py:186} INFO - Started process (PID=610) to work on /home/airflow/.local/lib/python3.12/site-packages/airflow/example_dags/example_local_kubernetes_executor.py
[2024-10-16T12:54:42.288+0000] {processor.py:914} INFO - Processing file /home/airflow/.local/lib/python3.12/site-packages/airflow/example_dags/example_local_kubernetes_executor.py for tasks to queue
[2024-10-16T12:54:42.290+0000] {logging_mixin.py:190} INFO - [2024-10-16T12:54:42.290+0000] {dagbag.py:588} INFO - Filling up the DagBag from /home/airflow/.local/lib/python3.12/site-packages/airflow/example_dags/example_local_kubernetes_executor.py
[2024-10-16T12:54:42.298+0000] {processor.py:925} INFO - DAG(s) 'example_local_kubernetes_executor' retrieved from /home/airflow/.local/lib/python3.12/site-packages/airflow/example_dags/example_local_kubernetes_executor.py
[2024-10-16T12:54:42.346+0000] {logging_mixin.py:190} INFO - [2024-10-16T12:54:42.345+0000] {dag.py:3239} INFO - Sync 1 DAGs
[2024-10-16T12:54:42.358+0000] {logging_mixin.py:190} INFO - [2024-10-16T12:54:42.358+0000] {dag.py:4180} INFO - Setting next_dagrun for example_local_kubernetes_executor to None, run_after=None
[2024-10-16T12:54:42.378+0000] {processor.py:208} INFO - Processing /home/airflow/.local/lib/python3.12/site-packages/airflow/example_dags/example_local_kubernetes_executor.py took 0.098 seconds
[2024-10-16T12:55:12.759+0000] {processor.py:186} INFO - Started process (PID=672) to work on /home/airflow/.local/lib/python3.12/site-packages/airflow/example_dags/example_local_kubernetes_executor.py
[2024-10-16T12:55:12.761+0000] {processor.py:914} INFO - Processing file /home/airflow/.local/lib/python3.12/site-packages/airflow/example_dags/example_local_kubernetes_executor.py for tasks to queue
[2024-10-16T12:55:12.764+0000] {logging_mixin.py:190} INFO - [2024-10-16T12:55:12.763+0000] {dagbag.py:588} INFO - Filling up the DagBag from /home/airflow/.local/lib/python3.12/site-packages/airflow/example_dags/example_local_kubernetes_executor.py
[2024-10-16T12:55:12.784+0000] {processor.py:925} INFO - DAG(s) 'example_local_kubernetes_executor' retrieved from /home/airflow/.local/lib/python3.12/site-packages/airflow/example_dags/example_local_kubernetes_executor.py
[2024-10-16T12:55:12.825+0000] {logging_mixin.py:190} INFO - [2024-10-16T12:55:12.825+0000] {dag.py:3239} INFO - Sync 1 DAGs
[2024-10-16T12:55:12.844+0000] {logging_mixin.py:190} INFO - [2024-10-16T12:55:12.843+0000] {dag.py:4180} INFO - Setting next_dagrun for example_local_kubernetes_executor to None, run_after=None
[2024-10-16T12:55:12.887+0000] {processor.py:208} INFO - Processing /home/airflow/.local/lib/python3.12/site-packages/airflow/example_dags/example_local_kubernetes_executor.py took 0.142 seconds
[2024-10-16T12:55:43.184+0000] {processor.py:186} INFO - Started process (PID=734) to work on /home/airflow/.local/lib/python3.12/site-packages/airflow/example_dags/example_local_kubernetes_executor.py
[2024-10-16T12:55:43.185+0000] {processor.py:914} INFO - Processing file /home/airflow/.local/lib/python3.12/site-packages/airflow/example_dags/example_local_kubernetes_executor.py for tasks to queue
[2024-10-16T12:55:43.186+0000] {logging_mixin.py:190} INFO - [2024-10-16T12:55:43.186+0000] {dagbag.py:588} INFO - Filling up the DagBag from /home/airflow/.local/lib/python3.12/site-packages/airflow/example_dags/example_local_kubernetes_executor.py
[2024-10-16T12:55:43.194+0000] {processor.py:925} INFO - DAG(s) 'example_local_kubernetes_executor' retrieved from /home/airflow/.local/lib/python3.12/site-packages/airflow/example_dags/example_local_kubernetes_executor.py
[2024-10-16T12:55:43.220+0000] {logging_mixin.py:190} INFO - [2024-10-16T12:55:43.220+0000] {dag.py:3239} INFO - Sync 1 DAGs
[2024-10-16T12:55:43.231+0000] {logging_mixin.py:190} INFO - [2024-10-16T12:55:43.230+0000] {dag.py:4180} INFO - Setting next_dagrun for example_local_kubernetes_executor to None, run_after=None
[2024-10-16T12:55:43.252+0000] {processor.py:208} INFO - Processing /home/airflow/.local/lib/python3.12/site-packages/airflow/example_dags/example_local_kubernetes_executor.py took 0.072 seconds
[2024-10-16T12:56:13.766+0000] {processor.py:186} INFO - Started process (PID=797) to work on /home/airflow/.local/lib/python3.12/site-packages/airflow/example_dags/example_local_kubernetes_executor.py
[2024-10-16T12:56:13.767+0000] {processor.py:914} INFO - Processing file /home/airflow/.local/lib/python3.12/site-packages/airflow/example_dags/example_local_kubernetes_executor.py for tasks to queue
[2024-10-16T12:56:13.769+0000] {logging_mixin.py:190} INFO - [2024-10-16T12:56:13.769+0000] {dagbag.py:588} INFO - Filling up the DagBag from /home/airflow/.local/lib/python3.12/site-packages/airflow/example_dags/example_local_kubernetes_executor.py
[2024-10-16T12:56:13.776+0000] {processor.py:925} INFO - DAG(s) 'example_local_kubernetes_executor' retrieved from /home/airflow/.local/lib/python3.12/site-packages/airflow/example_dags/example_local_kubernetes_executor.py
[2024-10-16T12:56:13.801+0000] {logging_mixin.py:190} INFO - [2024-10-16T12:56:13.801+0000] {dag.py:3239} INFO - Sync 1 DAGs
[2024-10-16T12:56:13.811+0000] {logging_mixin.py:190} INFO - [2024-10-16T12:56:13.811+0000] {dag.py:4180} INFO - Setting next_dagrun for example_local_kubernetes_executor to None, run_after=None
[2024-10-16T12:56:13.834+0000] {processor.py:208} INFO - Processing /home/airflow/.local/lib/python3.12/site-packages/airflow/example_dags/example_local_kubernetes_executor.py took 0.073 seconds
[2024-10-16T12:56:44.387+0000] {processor.py:186} INFO - Started process (PID=859) to work on /home/airflow/.local/lib/python3.12/site-packages/airflow/example_dags/example_local_kubernetes_executor.py
[2024-10-16T12:56:44.387+0000] {processor.py:914} INFO - Processing file /home/airflow/.local/lib/python3.12/site-packages/airflow/example_dags/example_local_kubernetes_executor.py for tasks to queue
[2024-10-16T12:56:44.389+0000] {logging_mixin.py:190} INFO - [2024-10-16T12:56:44.389+0000] {dagbag.py:588} INFO - Filling up the DagBag from /home/airflow/.local/lib/python3.12/site-packages/airflow/example_dags/example_local_kubernetes_executor.py
[2024-10-16T12:56:44.398+0000] {processor.py:925} INFO - DAG(s) 'example_local_kubernetes_executor' retrieved from /home/airflow/.local/lib/python3.12/site-packages/airflow/example_dags/example_local_kubernetes_executor.py
[2024-10-16T12:56:44.422+0000] {logging_mixin.py:190} INFO - [2024-10-16T12:56:44.422+0000] {dag.py:3239} INFO - Sync 1 DAGs
[2024-10-16T12:56:44.434+0000] {logging_mixin.py:190} INFO - [2024-10-16T12:56:44.434+0000] {dag.py:4180} INFO - Setting next_dagrun for example_local_kubernetes_executor to None, run_after=None
[2024-10-16T12:56:44.456+0000] {processor.py:208} INFO - Processing /home/airflow/.local/lib/python3.12/site-packages/airflow/example_dags/example_local_kubernetes_executor.py took 0.074 seconds
[2024-10-16T12:57:16.007+0000] {processor.py:186} INFO - Started process (PID=921) to work on /home/airflow/.local/lib/python3.12/site-packages/airflow/example_dags/example_local_kubernetes_executor.py
[2024-10-16T12:57:16.016+0000] {processor.py:914} INFO - Processing file /home/airflow/.local/lib/python3.12/site-packages/airflow/example_dags/example_local_kubernetes_executor.py for tasks to queue
[2024-10-16T12:57:16.023+0000] {logging_mixin.py:190} INFO - [2024-10-16T12:57:16.022+0000] {dagbag.py:588} INFO - Filling up the DagBag from /home/airflow/.local/lib/python3.12/site-packages/airflow/example_dags/example_local_kubernetes_executor.py
[2024-10-16T12:57:16.034+0000] {processor.py:925} INFO - DAG(s) 'example_local_kubernetes_executor' retrieved from /home/airflow/.local/lib/python3.12/site-packages/airflow/example_dags/example_local_kubernetes_executor.py
[2024-10-16T12:57:16.104+0000] {logging_mixin.py:190} INFO - [2024-10-16T12:57:16.104+0000] {dag.py:3239} INFO - Sync 1 DAGs
[2024-10-16T12:57:16.118+0000] {logging_mixin.py:190} INFO - [2024-10-16T12:57:16.118+0000] {dag.py:4180} INFO - Setting next_dagrun for example_local_kubernetes_executor to None, run_after=None
[2024-10-16T12:57:16.132+0000] {processor.py:208} INFO - Processing /home/airflow/.local/lib/python3.12/site-packages/airflow/example_dags/example_local_kubernetes_executor.py took 0.135 seconds
[2024-10-16T12:57:46.696+0000] {processor.py:186} INFO - Started process (PID=983) to work on /home/airflow/.local/lib/python3.12/site-packages/airflow/example_dags/example_local_kubernetes_executor.py
[2024-10-16T12:57:46.697+0000] {processor.py:914} INFO - Processing file /home/airflow/.local/lib/python3.12/site-packages/airflow/example_dags/example_local_kubernetes_executor.py for tasks to queue
[2024-10-16T12:57:46.701+0000] {logging_mixin.py:190} INFO - [2024-10-16T12:57:46.701+0000] {dagbag.py:588} INFO - Filling up the DagBag from /home/airflow/.local/lib/python3.12/site-packages/airflow/example_dags/example_local_kubernetes_executor.py
[2024-10-16T12:57:46.715+0000] {processor.py:925} INFO - DAG(s) 'example_local_kubernetes_executor' retrieved from /home/airflow/.local/lib/python3.12/site-packages/airflow/example_dags/example_local_kubernetes_executor.py
[2024-10-16T12:57:46.763+0000] {logging_mixin.py:190} INFO - [2024-10-16T12:57:46.762+0000] {dag.py:3239} INFO - Sync 1 DAGs
[2024-10-16T12:57:46.786+0000] {logging_mixin.py:190} INFO - [2024-10-16T12:57:46.786+0000] {dag.py:4180} INFO - Setting next_dagrun for example_local_kubernetes_executor to None, run_after=None
[2024-10-16T12:57:46.812+0000] {processor.py:208} INFO - Processing /home/airflow/.local/lib/python3.12/site-packages/airflow/example_dags/example_local_kubernetes_executor.py took 0.122 seconds
[2024-10-16T12:58:17.425+0000] {processor.py:186} INFO - Started process (PID=1048) to work on /home/airflow/.local/lib/python3.12/site-packages/airflow/example_dags/example_local_kubernetes_executor.py
[2024-10-16T12:58:17.427+0000] {processor.py:914} INFO - Processing file /home/airflow/.local/lib/python3.12/site-packages/airflow/example_dags/example_local_kubernetes_executor.py for tasks to queue
[2024-10-16T12:58:17.432+0000] {logging_mixin.py:190} INFO - [2024-10-16T12:58:17.431+0000] {dagbag.py:588} INFO - Filling up the DagBag from /home/airflow/.local/lib/python3.12/site-packages/airflow/example_dags/example_local_kubernetes_executor.py
[2024-10-16T12:58:17.444+0000] {processor.py:925} INFO - DAG(s) 'example_local_kubernetes_executor' retrieved from /home/airflow/.local/lib/python3.12/site-packages/airflow/example_dags/example_local_kubernetes_executor.py
[2024-10-16T12:58:17.488+0000] {logging_mixin.py:190} INFO - [2024-10-16T12:58:17.488+0000] {dag.py:3239} INFO - Sync 1 DAGs
[2024-10-16T12:58:17.509+0000] {logging_mixin.py:190} INFO - [2024-10-16T12:58:17.508+0000] {dag.py:4180} INFO - Setting next_dagrun for example_local_kubernetes_executor to None, run_after=None
[2024-10-16T12:58:17.542+0000] {processor.py:208} INFO - Processing /home/airflow/.local/lib/python3.12/site-packages/airflow/example_dags/example_local_kubernetes_executor.py took 0.124 seconds
[2024-10-16T12:58:47.673+0000] {processor.py:186} INFO - Started process (PID=1116) to work on /home/airflow/.local/lib/python3.12/site-packages/airflow/example_dags/example_local_kubernetes_executor.py
[2024-10-16T12:58:47.675+0000] {processor.py:914} INFO - Processing file /home/airflow/.local/lib/python3.12/site-packages/airflow/example_dags/example_local_kubernetes_executor.py for tasks to queue
[2024-10-16T12:58:47.678+0000] {logging_mixin.py:190} INFO - [2024-10-16T12:58:47.678+0000] {dagbag.py:588} INFO - Filling up the DagBag from /home/airflow/.local/lib/python3.12/site-packages/airflow/example_dags/example_local_kubernetes_executor.py
[2024-10-16T12:58:47.689+0000] {processor.py:925} INFO - DAG(s) 'example_local_kubernetes_executor' retrieved from /home/airflow/.local/lib/python3.12/site-packages/airflow/example_dags/example_local_kubernetes_executor.py
[2024-10-16T12:58:47.727+0000] {logging_mixin.py:190} INFO - [2024-10-16T12:58:47.727+0000] {dag.py:3239} INFO - Sync 1 DAGs
[2024-10-16T12:58:47.746+0000] {logging_mixin.py:190} INFO - [2024-10-16T12:58:47.745+0000] {dag.py:4180} INFO - Setting next_dagrun for example_local_kubernetes_executor to None, run_after=None
[2024-10-16T12:58:47.782+0000] {processor.py:208} INFO - Processing /home/airflow/.local/lib/python3.12/site-packages/airflow/example_dags/example_local_kubernetes_executor.py took 0.116 seconds
[2024-10-16T12:59:18.750+0000] {processor.py:186} INFO - Started process (PID=1178) to work on /home/airflow/.local/lib/python3.12/site-packages/airflow/example_dags/example_local_kubernetes_executor.py
[2024-10-16T12:59:18.753+0000] {processor.py:914} INFO - Processing file /home/airflow/.local/lib/python3.12/site-packages/airflow/example_dags/example_local_kubernetes_executor.py for tasks to queue
[2024-10-16T12:59:18.756+0000] {logging_mixin.py:190} INFO - [2024-10-16T12:59:18.756+0000] {dagbag.py:588} INFO - Filling up the DagBag from /home/airflow/.local/lib/python3.12/site-packages/airflow/example_dags/example_local_kubernetes_executor.py
[2024-10-16T12:59:18.767+0000] {processor.py:925} INFO - DAG(s) 'example_local_kubernetes_executor' retrieved from /home/airflow/.local/lib/python3.12/site-packages/airflow/example_dags/example_local_kubernetes_executor.py
[2024-10-16T12:59:18.817+0000] {logging_mixin.py:190} INFO - [2024-10-16T12:59:18.817+0000] {dag.py:3239} INFO - Sync 1 DAGs
[2024-10-16T12:59:18.840+0000] {logging_mixin.py:190} INFO - [2024-10-16T12:59:18.840+0000] {dag.py:4180} INFO - Setting next_dagrun for example_local_kubernetes_executor to None, run_after=None
[2024-10-16T12:59:18.871+0000] {processor.py:208} INFO - Processing /home/airflow/.local/lib/python3.12/site-packages/airflow/example_dags/example_local_kubernetes_executor.py took 0.128 seconds
[2024-10-16T12:59:48.979+0000] {processor.py:186} INFO - Started process (PID=1239) to work on /home/airflow/.local/lib/python3.12/site-packages/airflow/example_dags/example_local_kubernetes_executor.py
[2024-10-16T12:59:48.980+0000] {processor.py:914} INFO - Processing file /home/airflow/.local/lib/python3.12/site-packages/airflow/example_dags/example_local_kubernetes_executor.py for tasks to queue
[2024-10-16T12:59:48.983+0000] {logging_mixin.py:190} INFO - [2024-10-16T12:59:48.983+0000] {dagbag.py:588} INFO - Filling up the DagBag from /home/airflow/.local/lib/python3.12/site-packages/airflow/example_dags/example_local_kubernetes_executor.py
[2024-10-16T12:59:48.993+0000] {processor.py:925} INFO - DAG(s) 'example_local_kubernetes_executor' retrieved from /home/airflow/.local/lib/python3.12/site-packages/airflow/example_dags/example_local_kubernetes_executor.py
[2024-10-16T12:59:49.053+0000] {logging_mixin.py:190} INFO - [2024-10-16T12:59:49.052+0000] {dag.py:3239} INFO - Sync 1 DAGs
[2024-10-16T12:59:49.070+0000] {logging_mixin.py:190} INFO - [2024-10-16T12:59:49.070+0000] {dag.py:4180} INFO - Setting next_dagrun for example_local_kubernetes_executor to None, run_after=None
[2024-10-16T12:59:49.091+0000] {processor.py:208} INFO - Processing /home/airflow/.local/lib/python3.12/site-packages/airflow/example_dags/example_local_kubernetes_executor.py took 0.121 seconds
[2024-10-16T13:00:19.589+0000] {processor.py:186} INFO - Started process (PID=1303) to work on /home/airflow/.local/lib/python3.12/site-packages/airflow/example_dags/example_local_kubernetes_executor.py
[2024-10-16T13:00:19.590+0000] {processor.py:914} INFO - Processing file /home/airflow/.local/lib/python3.12/site-packages/airflow/example_dags/example_local_kubernetes_executor.py for tasks to queue
[2024-10-16T13:00:19.594+0000] {logging_mixin.py:190} INFO - [2024-10-16T13:00:19.594+0000] {dagbag.py:588} INFO - Filling up the DagBag from /home/airflow/.local/lib/python3.12/site-packages/airflow/example_dags/example_local_kubernetes_executor.py
[2024-10-16T13:00:19.608+0000] {processor.py:925} INFO - DAG(s) 'example_local_kubernetes_executor' retrieved from /home/airflow/.local/lib/python3.12/site-packages/airflow/example_dags/example_local_kubernetes_executor.py
[2024-10-16T13:00:19.646+0000] {logging_mixin.py:190} INFO - [2024-10-16T13:00:19.645+0000] {dag.py:3239} INFO - Sync 1 DAGs
[2024-10-16T13:00:19.658+0000] {logging_mixin.py:190} INFO - [2024-10-16T13:00:19.658+0000] {dag.py:4180} INFO - Setting next_dagrun for example_local_kubernetes_executor to None, run_after=None
[2024-10-16T13:00:19.678+0000] {processor.py:208} INFO - Processing /home/airflow/.local/lib/python3.12/site-packages/airflow/example_dags/example_local_kubernetes_executor.py took 0.094 seconds
[2024-10-16T13:00:49.973+0000] {processor.py:186} INFO - Started process (PID=1365) to work on /home/airflow/.local/lib/python3.12/site-packages/airflow/example_dags/example_local_kubernetes_executor.py
[2024-10-16T13:00:49.975+0000] {processor.py:914} INFO - Processing file /home/airflow/.local/lib/python3.12/site-packages/airflow/example_dags/example_local_kubernetes_executor.py for tasks to queue
[2024-10-16T13:00:49.978+0000] {logging_mixin.py:190} INFO - [2024-10-16T13:00:49.977+0000] {dagbag.py:588} INFO - Filling up the DagBag from /home/airflow/.local/lib/python3.12/site-packages/airflow/example_dags/example_local_kubernetes_executor.py
[2024-10-16T13:00:49.989+0000] {processor.py:925} INFO - DAG(s) 'example_local_kubernetes_executor' retrieved from /home/airflow/.local/lib/python3.12/site-packages/airflow/example_dags/example_local_kubernetes_executor.py
[2024-10-16T13:00:50.033+0000] {logging_mixin.py:190} INFO - [2024-10-16T13:00:50.033+0000] {dag.py:3239} INFO - Sync 1 DAGs
[2024-10-16T13:00:50.052+0000] {logging_mixin.py:190} INFO - [2024-10-16T13:00:50.051+0000] {dag.py:4180} INFO - Setting next_dagrun for example_local_kubernetes_executor to None, run_after=None
[2024-10-16T13:00:50.071+0000] {processor.py:208} INFO - Processing /home/airflow/.local/lib/python3.12/site-packages/airflow/example_dags/example_local_kubernetes_executor.py took 0.106 seconds
[2024-10-16T13:01:20.956+0000] {processor.py:186} INFO - Started process (PID=1427) to work on /home/airflow/.local/lib/python3.12/site-packages/airflow/example_dags/example_local_kubernetes_executor.py
[2024-10-16T13:01:20.959+0000] {processor.py:914} INFO - Processing file /home/airflow/.local/lib/python3.12/site-packages/airflow/example_dags/example_local_kubernetes_executor.py for tasks to queue
[2024-10-16T13:01:20.965+0000] {logging_mixin.py:190} INFO - [2024-10-16T13:01:20.964+0000] {dagbag.py:588} INFO - Filling up the DagBag from /home/airflow/.local/lib/python3.12/site-packages/airflow/example_dags/example_local_kubernetes_executor.py
[2024-10-16T13:01:20.976+0000] {processor.py:925} INFO - DAG(s) 'example_local_kubernetes_executor' retrieved from /home/airflow/.local/lib/python3.12/site-packages/airflow/example_dags/example_local_kubernetes_executor.py
[2024-10-16T13:01:21.028+0000] {logging_mixin.py:190} INFO - [2024-10-16T13:01:21.028+0000] {dag.py:3239} INFO - Sync 1 DAGs
[2024-10-16T13:01:21.047+0000] {logging_mixin.py:190} INFO - [2024-10-16T13:01:21.047+0000] {dag.py:4180} INFO - Setting next_dagrun for example_local_kubernetes_executor to None, run_after=None
[2024-10-16T13:01:21.083+0000] {processor.py:208} INFO - Processing /home/airflow/.local/lib/python3.12/site-packages/airflow/example_dags/example_local_kubernetes_executor.py took 0.134 seconds
[2024-10-16T13:01:51.426+0000] {processor.py:186} INFO - Started process (PID=1488) to work on /home/airflow/.local/lib/python3.12/site-packages/airflow/example_dags/example_local_kubernetes_executor.py
[2024-10-16T13:01:51.428+0000] {processor.py:914} INFO - Processing file /home/airflow/.local/lib/python3.12/site-packages/airflow/example_dags/example_local_kubernetes_executor.py for tasks to queue
[2024-10-16T13:01:51.430+0000] {logging_mixin.py:190} INFO - [2024-10-16T13:01:51.430+0000] {dagbag.py:588} INFO - Filling up the DagBag from /home/airflow/.local/lib/python3.12/site-packages/airflow/example_dags/example_local_kubernetes_executor.py
[2024-10-16T13:01:51.437+0000] {processor.py:925} INFO - DAG(s) 'example_local_kubernetes_executor' retrieved from /home/airflow/.local/lib/python3.12/site-packages/airflow/example_dags/example_local_kubernetes_executor.py
[2024-10-16T13:01:51.480+0000] {logging_mixin.py:190} INFO - [2024-10-16T13:01:51.480+0000] {dag.py:3239} INFO - Sync 1 DAGs
[2024-10-16T13:01:51.500+0000] {logging_mixin.py:190} INFO - [2024-10-16T13:01:51.499+0000] {dag.py:4180} INFO - Setting next_dagrun for example_local_kubernetes_executor to None, run_after=None
[2024-10-16T13:01:51.530+0000] {processor.py:208} INFO - Processing /home/airflow/.local/lib/python3.12/site-packages/airflow/example_dags/example_local_kubernetes_executor.py took 0.110 seconds
[2024-10-16T13:02:22.285+0000] {processor.py:186} INFO - Started process (PID=1549) to work on /home/airflow/.local/lib/python3.12/site-packages/airflow/example_dags/example_local_kubernetes_executor.py
[2024-10-16T13:02:22.286+0000] {processor.py:914} INFO - Processing file /home/airflow/.local/lib/python3.12/site-packages/airflow/example_dags/example_local_kubernetes_executor.py for tasks to queue
[2024-10-16T13:02:22.300+0000] {logging_mixin.py:190} INFO - [2024-10-16T13:02:22.300+0000] {dagbag.py:588} INFO - Filling up the DagBag from /home/airflow/.local/lib/python3.12/site-packages/airflow/example_dags/example_local_kubernetes_executor.py
[2024-10-16T13:02:22.327+0000] {processor.py:925} INFO - DAG(s) 'example_local_kubernetes_executor' retrieved from /home/airflow/.local/lib/python3.12/site-packages/airflow/example_dags/example_local_kubernetes_executor.py
[2024-10-16T13:02:22.372+0000] {logging_mixin.py:190} INFO - [2024-10-16T13:02:22.372+0000] {dag.py:3239} INFO - Sync 1 DAGs
[2024-10-16T13:02:22.393+0000] {logging_mixin.py:190} INFO - [2024-10-16T13:02:22.393+0000] {dag.py:4180} INFO - Setting next_dagrun for example_local_kubernetes_executor to None, run_after=None
[2024-10-16T13:02:22.423+0000] {processor.py:208} INFO - Processing /home/airflow/.local/lib/python3.12/site-packages/airflow/example_dags/example_local_kubernetes_executor.py took 0.147 seconds
[2024-10-16T13:02:52.745+0000] {processor.py:186} INFO - Started process (PID=1611) to work on /home/airflow/.local/lib/python3.12/site-packages/airflow/example_dags/example_local_kubernetes_executor.py
[2024-10-16T13:02:52.747+0000] {processor.py:914} INFO - Processing file /home/airflow/.local/lib/python3.12/site-packages/airflow/example_dags/example_local_kubernetes_executor.py for tasks to queue
[2024-10-16T13:02:52.752+0000] {logging_mixin.py:190} INFO - [2024-10-16T13:02:52.751+0000] {dagbag.py:588} INFO - Filling up the DagBag from /home/airflow/.local/lib/python3.12/site-packages/airflow/example_dags/example_local_kubernetes_executor.py
[2024-10-16T13:02:52.765+0000] {processor.py:925} INFO - DAG(s) 'example_local_kubernetes_executor' retrieved from /home/airflow/.local/lib/python3.12/site-packages/airflow/example_dags/example_local_kubernetes_executor.py
[2024-10-16T13:02:52.825+0000] {logging_mixin.py:190} INFO - [2024-10-16T13:02:52.825+0000] {dag.py:3239} INFO - Sync 1 DAGs
[2024-10-16T13:02:52.852+0000] {logging_mixin.py:190} INFO - [2024-10-16T13:02:52.851+0000] {dag.py:4180} INFO - Setting next_dagrun for example_local_kubernetes_executor to None, run_after=None
[2024-10-16T13:02:52.894+0000] {processor.py:208} INFO - Processing /home/airflow/.local/lib/python3.12/site-packages/airflow/example_dags/example_local_kubernetes_executor.py took 0.157 seconds
[2024-10-16T13:03:23.037+0000] {processor.py:186} INFO - Started process (PID=1673) to work on /home/airflow/.local/lib/python3.12/site-packages/airflow/example_dags/example_local_kubernetes_executor.py
[2024-10-16T13:03:23.038+0000] {processor.py:914} INFO - Processing file /home/airflow/.local/lib/python3.12/site-packages/airflow/example_dags/example_local_kubernetes_executor.py for tasks to queue
[2024-10-16T13:03:23.042+0000] {logging_mixin.py:190} INFO - [2024-10-16T13:03:23.041+0000] {dagbag.py:588} INFO - Filling up the DagBag from /home/airflow/.local/lib/python3.12/site-packages/airflow/example_dags/example_local_kubernetes_executor.py
[2024-10-16T13:03:23.055+0000] {processor.py:925} INFO - DAG(s) 'example_local_kubernetes_executor' retrieved from /home/airflow/.local/lib/python3.12/site-packages/airflow/example_dags/example_local_kubernetes_executor.py
[2024-10-16T13:03:23.136+0000] {logging_mixin.py:190} INFO - [2024-10-16T13:03:23.135+0000] {dag.py:3239} INFO - Sync 1 DAGs
[2024-10-16T13:03:23.157+0000] {logging_mixin.py:190} INFO - [2024-10-16T13:03:23.156+0000] {dag.py:4180} INFO - Setting next_dagrun for example_local_kubernetes_executor to None, run_after=None
[2024-10-16T13:03:23.186+0000] {processor.py:208} INFO - Processing /home/airflow/.local/lib/python3.12/site-packages/airflow/example_dags/example_local_kubernetes_executor.py took 0.159 seconds
[2024-10-16T13:03:54.031+0000] {processor.py:186} INFO - Started process (PID=1735) to work on /home/airflow/.local/lib/python3.12/site-packages/airflow/example_dags/example_local_kubernetes_executor.py
[2024-10-16T13:03:54.037+0000] {processor.py:914} INFO - Processing file /home/airflow/.local/lib/python3.12/site-packages/airflow/example_dags/example_local_kubernetes_executor.py for tasks to queue
[2024-10-16T13:03:54.044+0000] {logging_mixin.py:190} INFO - [2024-10-16T13:03:54.043+0000] {dagbag.py:588} INFO - Filling up the DagBag from /home/airflow/.local/lib/python3.12/site-packages/airflow/example_dags/example_local_kubernetes_executor.py
[2024-10-16T13:03:54.057+0000] {processor.py:925} INFO - DAG(s) 'example_local_kubernetes_executor' retrieved from /home/airflow/.local/lib/python3.12/site-packages/airflow/example_dags/example_local_kubernetes_executor.py
[2024-10-16T13:03:54.100+0000] {logging_mixin.py:190} INFO - [2024-10-16T13:03:54.100+0000] {dag.py:3239} INFO - Sync 1 DAGs
[2024-10-16T13:03:54.118+0000] {logging_mixin.py:190} INFO - [2024-10-16T13:03:54.118+0000] {dag.py:4180} INFO - Setting next_dagrun for example_local_kubernetes_executor to None, run_after=None
[2024-10-16T13:03:54.145+0000] {processor.py:208} INFO - Processing /home/airflow/.local/lib/python3.12/site-packages/airflow/example_dags/example_local_kubernetes_executor.py took 0.124 seconds
[2024-10-16T13:04:24.624+0000] {processor.py:186} INFO - Started process (PID=1797) to work on /home/airflow/.local/lib/python3.12/site-packages/airflow/example_dags/example_local_kubernetes_executor.py
[2024-10-16T13:04:24.625+0000] {processor.py:914} INFO - Processing file /home/airflow/.local/lib/python3.12/site-packages/airflow/example_dags/example_local_kubernetes_executor.py for tasks to queue
[2024-10-16T13:04:24.628+0000] {logging_mixin.py:190} INFO - [2024-10-16T13:04:24.627+0000] {dagbag.py:588} INFO - Filling up the DagBag from /home/airflow/.local/lib/python3.12/site-packages/airflow/example_dags/example_local_kubernetes_executor.py
[2024-10-16T13:04:24.638+0000] {processor.py:925} INFO - DAG(s) 'example_local_kubernetes_executor' retrieved from /home/airflow/.local/lib/python3.12/site-packages/airflow/example_dags/example_local_kubernetes_executor.py
[2024-10-16T13:04:24.676+0000] {logging_mixin.py:190} INFO - [2024-10-16T13:04:24.676+0000] {dag.py:3239} INFO - Sync 1 DAGs
[2024-10-16T13:04:24.690+0000] {logging_mixin.py:190} INFO - [2024-10-16T13:04:24.689+0000] {dag.py:4180} INFO - Setting next_dagrun for example_local_kubernetes_executor to None, run_after=None
[2024-10-16T13:04:24.706+0000] {processor.py:208} INFO - Processing /home/airflow/.local/lib/python3.12/site-packages/airflow/example_dags/example_local_kubernetes_executor.py took 0.089 seconds
[2024-10-16T13:08:09.360+0000] {processor.py:186} INFO - Started process (PID=114) to work on /home/airflow/.local/lib/python3.12/site-packages/airflow/example_dags/example_local_kubernetes_executor.py
[2024-10-16T13:08:09.361+0000] {processor.py:914} INFO - Processing file /home/airflow/.local/lib/python3.12/site-packages/airflow/example_dags/example_local_kubernetes_executor.py for tasks to queue
[2024-10-16T13:08:09.364+0000] {logging_mixin.py:190} INFO - [2024-10-16T13:08:09.364+0000] {dagbag.py:588} INFO - Filling up the DagBag from /home/airflow/.local/lib/python3.12/site-packages/airflow/example_dags/example_local_kubernetes_executor.py
[2024-10-16T13:08:09.371+0000] {processor.py:925} INFO - DAG(s) 'example_local_kubernetes_executor' retrieved from /home/airflow/.local/lib/python3.12/site-packages/airflow/example_dags/example_local_kubernetes_executor.py
[2024-10-16T13:08:09.521+0000] {logging_mixin.py:190} INFO - [2024-10-16T13:08:09.520+0000] {override.py:1900} INFO - Created Permission View: can read on DAG:example_local_kubernetes_executor
[2024-10-16T13:08:09.537+0000] {logging_mixin.py:190} INFO - [2024-10-16T13:08:09.536+0000] {override.py:1900} INFO - Created Permission View: can delete on DAG:example_local_kubernetes_executor
[2024-10-16T13:08:09.548+0000] {logging_mixin.py:190} INFO - [2024-10-16T13:08:09.548+0000] {override.py:1900} INFO - Created Permission View: can edit on DAG:example_local_kubernetes_executor
[2024-10-16T13:08:09.557+0000] {logging_mixin.py:190} INFO - [2024-10-16T13:08:09.556+0000] {override.py:1900} INFO - Created Permission View: can create on DAG Run:example_local_kubernetes_executor
[2024-10-16T13:08:09.566+0000] {logging_mixin.py:190} INFO - [2024-10-16T13:08:09.566+0000] {override.py:1900} INFO - Created Permission View: menu access on DAG Run:example_local_kubernetes_executor
[2024-10-16T13:08:09.579+0000] {logging_mixin.py:190} INFO - [2024-10-16T13:08:09.579+0000] {override.py:1900} INFO - Created Permission View: can read on DAG Run:example_local_kubernetes_executor
[2024-10-16T13:08:09.588+0000] {logging_mixin.py:190} INFO - [2024-10-16T13:08:09.588+0000] {override.py:1900} INFO - Created Permission View: can delete on DAG Run:example_local_kubernetes_executor
[2024-10-16T13:08:09.589+0000] {logging_mixin.py:190} INFO - [2024-10-16T13:08:09.589+0000] {dag.py:3239} INFO - Sync 1 DAGs
[2024-10-16T13:08:09.604+0000] {logging_mixin.py:190} INFO - [2024-10-16T13:08:09.603+0000] {dag.py:3262} INFO - Creating ORM DAG for example_local_kubernetes_executor
[2024-10-16T13:08:09.605+0000] {logging_mixin.py:190} INFO - [2024-10-16T13:08:09.605+0000] {dag.py:4180} INFO - Setting next_dagrun for example_local_kubernetes_executor to None, run_after=None
[2024-10-16T13:08:09.626+0000] {processor.py:208} INFO - Processing /home/airflow/.local/lib/python3.12/site-packages/airflow/example_dags/example_local_kubernetes_executor.py took 0.272 seconds
[2024-10-16T13:08:39.797+0000] {processor.py:186} INFO - Started process (PID=176) to work on /home/airflow/.local/lib/python3.12/site-packages/airflow/example_dags/example_local_kubernetes_executor.py
[2024-10-16T13:08:39.798+0000] {processor.py:914} INFO - Processing file /home/airflow/.local/lib/python3.12/site-packages/airflow/example_dags/example_local_kubernetes_executor.py for tasks to queue
[2024-10-16T13:08:39.801+0000] {logging_mixin.py:190} INFO - [2024-10-16T13:08:39.801+0000] {dagbag.py:588} INFO - Filling up the DagBag from /home/airflow/.local/lib/python3.12/site-packages/airflow/example_dags/example_local_kubernetes_executor.py
[2024-10-16T13:08:39.811+0000] {processor.py:925} INFO - DAG(s) 'example_local_kubernetes_executor' retrieved from /home/airflow/.local/lib/python3.12/site-packages/airflow/example_dags/example_local_kubernetes_executor.py
[2024-10-16T13:08:39.858+0000] {logging_mixin.py:190} INFO - [2024-10-16T13:08:39.858+0000] {dag.py:3239} INFO - Sync 1 DAGs
[2024-10-16T13:08:39.879+0000] {logging_mixin.py:190} INFO - [2024-10-16T13:08:39.878+0000] {dag.py:4180} INFO - Setting next_dagrun for example_local_kubernetes_executor to None, run_after=None
[2024-10-16T13:08:39.910+0000] {processor.py:208} INFO - Processing /home/airflow/.local/lib/python3.12/site-packages/airflow/example_dags/example_local_kubernetes_executor.py took 0.120 seconds
[2024-10-16T13:09:10.064+0000] {processor.py:186} INFO - Started process (PID=239) to work on /home/airflow/.local/lib/python3.12/site-packages/airflow/example_dags/example_local_kubernetes_executor.py
[2024-10-16T13:09:10.065+0000] {processor.py:914} INFO - Processing file /home/airflow/.local/lib/python3.12/site-packages/airflow/example_dags/example_local_kubernetes_executor.py for tasks to queue
[2024-10-16T13:09:10.067+0000] {logging_mixin.py:190} INFO - [2024-10-16T13:09:10.067+0000] {dagbag.py:588} INFO - Filling up the DagBag from /home/airflow/.local/lib/python3.12/site-packages/airflow/example_dags/example_local_kubernetes_executor.py
[2024-10-16T13:09:10.078+0000] {processor.py:925} INFO - DAG(s) 'example_local_kubernetes_executor' retrieved from /home/airflow/.local/lib/python3.12/site-packages/airflow/example_dags/example_local_kubernetes_executor.py
[2024-10-16T13:09:10.115+0000] {logging_mixin.py:190} INFO - [2024-10-16T13:09:10.115+0000] {dag.py:3239} INFO - Sync 1 DAGs
[2024-10-16T13:09:10.129+0000] {logging_mixin.py:190} INFO - [2024-10-16T13:09:10.128+0000] {dag.py:4180} INFO - Setting next_dagrun for example_local_kubernetes_executor to None, run_after=None
[2024-10-16T13:09:10.147+0000] {processor.py:208} INFO - Processing /home/airflow/.local/lib/python3.12/site-packages/airflow/example_dags/example_local_kubernetes_executor.py took 0.087 seconds
[2024-10-16T13:09:40.710+0000] {processor.py:186} INFO - Started process (PID=302) to work on /home/airflow/.local/lib/python3.12/site-packages/airflow/example_dags/example_local_kubernetes_executor.py
[2024-10-16T13:09:40.712+0000] {processor.py:914} INFO - Processing file /home/airflow/.local/lib/python3.12/site-packages/airflow/example_dags/example_local_kubernetes_executor.py for tasks to queue
[2024-10-16T13:09:40.716+0000] {logging_mixin.py:190} INFO - [2024-10-16T13:09:40.715+0000] {dagbag.py:588} INFO - Filling up the DagBag from /home/airflow/.local/lib/python3.12/site-packages/airflow/example_dags/example_local_kubernetes_executor.py
[2024-10-16T13:09:40.730+0000] {processor.py:925} INFO - DAG(s) 'example_local_kubernetes_executor' retrieved from /home/airflow/.local/lib/python3.12/site-packages/airflow/example_dags/example_local_kubernetes_executor.py
[2024-10-16T13:09:40.784+0000] {logging_mixin.py:190} INFO - [2024-10-16T13:09:40.784+0000] {dag.py:3239} INFO - Sync 1 DAGs
[2024-10-16T13:09:40.806+0000] {logging_mixin.py:190} INFO - [2024-10-16T13:09:40.805+0000] {dag.py:4180} INFO - Setting next_dagrun for example_local_kubernetes_executor to None, run_after=None
[2024-10-16T13:09:40.840+0000] {processor.py:208} INFO - Processing /home/airflow/.local/lib/python3.12/site-packages/airflow/example_dags/example_local_kubernetes_executor.py took 0.139 seconds
[2024-10-16T13:10:11.732+0000] {processor.py:186} INFO - Started process (PID=365) to work on /home/airflow/.local/lib/python3.12/site-packages/airflow/example_dags/example_local_kubernetes_executor.py
[2024-10-16T13:10:11.733+0000] {processor.py:914} INFO - Processing file /home/airflow/.local/lib/python3.12/site-packages/airflow/example_dags/example_local_kubernetes_executor.py for tasks to queue
[2024-10-16T13:10:11.735+0000] {logging_mixin.py:190} INFO - [2024-10-16T13:10:11.735+0000] {dagbag.py:588} INFO - Filling up the DagBag from /home/airflow/.local/lib/python3.12/site-packages/airflow/example_dags/example_local_kubernetes_executor.py
[2024-10-16T13:10:11.743+0000] {processor.py:925} INFO - DAG(s) 'example_local_kubernetes_executor' retrieved from /home/airflow/.local/lib/python3.12/site-packages/airflow/example_dags/example_local_kubernetes_executor.py
[2024-10-16T13:10:11.790+0000] {logging_mixin.py:190} INFO - [2024-10-16T13:10:11.789+0000] {dag.py:3239} INFO - Sync 1 DAGs
[2024-10-16T13:10:11.809+0000] {logging_mixin.py:190} INFO - [2024-10-16T13:10:11.809+0000] {dag.py:4180} INFO - Setting next_dagrun for example_local_kubernetes_executor to None, run_after=None
[2024-10-16T13:10:11.848+0000] {processor.py:208} INFO - Processing /home/airflow/.local/lib/python3.12/site-packages/airflow/example_dags/example_local_kubernetes_executor.py took 0.123 seconds
[2024-10-16T13:10:42.506+0000] {processor.py:186} INFO - Started process (PID=428) to work on /home/airflow/.local/lib/python3.12/site-packages/airflow/example_dags/example_local_kubernetes_executor.py
[2024-10-16T13:10:42.507+0000] {processor.py:914} INFO - Processing file /home/airflow/.local/lib/python3.12/site-packages/airflow/example_dags/example_local_kubernetes_executor.py for tasks to queue
[2024-10-16T13:10:42.511+0000] {logging_mixin.py:190} INFO - [2024-10-16T13:10:42.510+0000] {dagbag.py:588} INFO - Filling up the DagBag from /home/airflow/.local/lib/python3.12/site-packages/airflow/example_dags/example_local_kubernetes_executor.py
[2024-10-16T13:10:42.523+0000] {processor.py:925} INFO - DAG(s) 'example_local_kubernetes_executor' retrieved from /home/airflow/.local/lib/python3.12/site-packages/airflow/example_dags/example_local_kubernetes_executor.py
[2024-10-16T13:10:42.548+0000] {logging_mixin.py:190} INFO - [2024-10-16T13:10:42.548+0000] {dag.py:3239} INFO - Sync 1 DAGs
[2024-10-16T13:10:42.561+0000] {logging_mixin.py:190} INFO - [2024-10-16T13:10:42.561+0000] {dag.py:4180} INFO - Setting next_dagrun for example_local_kubernetes_executor to None, run_after=None
[2024-10-16T13:10:42.576+0000] {processor.py:208} INFO - Processing /home/airflow/.local/lib/python3.12/site-packages/airflow/example_dags/example_local_kubernetes_executor.py took 0.075 seconds
[2024-10-16T13:11:13.504+0000] {processor.py:186} INFO - Started process (PID=491) to work on /home/airflow/.local/lib/python3.12/site-packages/airflow/example_dags/example_local_kubernetes_executor.py
[2024-10-16T13:11:13.506+0000] {processor.py:914} INFO - Processing file /home/airflow/.local/lib/python3.12/site-packages/airflow/example_dags/example_local_kubernetes_executor.py for tasks to queue
[2024-10-16T13:11:13.510+0000] {logging_mixin.py:190} INFO - [2024-10-16T13:11:13.508+0000] {dagbag.py:588} INFO - Filling up the DagBag from /home/airflow/.local/lib/python3.12/site-packages/airflow/example_dags/example_local_kubernetes_executor.py
[2024-10-16T13:11:13.520+0000] {processor.py:925} INFO - DAG(s) 'example_local_kubernetes_executor' retrieved from /home/airflow/.local/lib/python3.12/site-packages/airflow/example_dags/example_local_kubernetes_executor.py
[2024-10-16T13:11:13.574+0000] {logging_mixin.py:190} INFO - [2024-10-16T13:11:13.574+0000] {dag.py:3239} INFO - Sync 1 DAGs
[2024-10-16T13:11:13.597+0000] {logging_mixin.py:190} INFO - [2024-10-16T13:11:13.597+0000] {dag.py:4180} INFO - Setting next_dagrun for example_local_kubernetes_executor to None, run_after=None
[2024-10-16T13:11:13.630+0000] {processor.py:208} INFO - Processing /home/airflow/.local/lib/python3.12/site-packages/airflow/example_dags/example_local_kubernetes_executor.py took 0.132 seconds
[2024-10-16T13:12:49.272+0000] {processor.py:186} INFO - Started process (PID=113) to work on /home/airflow/.local/lib/python3.12/site-packages/airflow/example_dags/example_local_kubernetes_executor.py
[2024-10-16T13:12:49.274+0000] {processor.py:914} INFO - Processing file /home/airflow/.local/lib/python3.12/site-packages/airflow/example_dags/example_local_kubernetes_executor.py for tasks to queue
[2024-10-16T13:12:49.277+0000] {logging_mixin.py:190} INFO - [2024-10-16T13:12:49.277+0000] {dagbag.py:588} INFO - Filling up the DagBag from /home/airflow/.local/lib/python3.12/site-packages/airflow/example_dags/example_local_kubernetes_executor.py
[2024-10-16T13:12:49.290+0000] {processor.py:925} INFO - DAG(s) 'example_local_kubernetes_executor' retrieved from /home/airflow/.local/lib/python3.12/site-packages/airflow/example_dags/example_local_kubernetes_executor.py
[2024-10-16T13:12:49.431+0000] {logging_mixin.py:190} INFO - [2024-10-16T13:12:49.430+0000] {override.py:1900} INFO - Created Permission View: can read on DAG:example_local_kubernetes_executor
[2024-10-16T13:12:49.444+0000] {logging_mixin.py:190} INFO - [2024-10-16T13:12:49.443+0000] {override.py:1900} INFO - Created Permission View: can edit on DAG:example_local_kubernetes_executor
[2024-10-16T13:12:49.451+0000] {logging_mixin.py:190} INFO - [2024-10-16T13:12:49.450+0000] {override.py:1900} INFO - Created Permission View: can delete on DAG:example_local_kubernetes_executor
[2024-10-16T13:12:49.462+0000] {logging_mixin.py:190} INFO - [2024-10-16T13:12:49.462+0000] {override.py:1900} INFO - Created Permission View: can read on DAG Run:example_local_kubernetes_executor
[2024-10-16T13:12:49.469+0000] {logging_mixin.py:190} INFO - [2024-10-16T13:12:49.469+0000] {override.py:1900} INFO - Created Permission View: menu access on DAG Run:example_local_kubernetes_executor
[2024-10-16T13:12:49.477+0000] {logging_mixin.py:190} INFO - [2024-10-16T13:12:49.476+0000] {override.py:1900} INFO - Created Permission View: can delete on DAG Run:example_local_kubernetes_executor
[2024-10-16T13:12:49.484+0000] {logging_mixin.py:190} INFO - [2024-10-16T13:12:49.484+0000] {override.py:1900} INFO - Created Permission View: can create on DAG Run:example_local_kubernetes_executor
[2024-10-16T13:12:49.485+0000] {logging_mixin.py:190} INFO - [2024-10-16T13:12:49.485+0000] {dag.py:3239} INFO - Sync 1 DAGs
[2024-10-16T13:12:49.498+0000] {logging_mixin.py:190} INFO - [2024-10-16T13:12:49.498+0000] {dag.py:3262} INFO - Creating ORM DAG for example_local_kubernetes_executor
[2024-10-16T13:12:49.499+0000] {logging_mixin.py:190} INFO - [2024-10-16T13:12:49.499+0000] {dag.py:4180} INFO - Setting next_dagrun for example_local_kubernetes_executor to None, run_after=None
[2024-10-16T13:12:49.517+0000] {processor.py:208} INFO - Processing /home/airflow/.local/lib/python3.12/site-packages/airflow/example_dags/example_local_kubernetes_executor.py took 0.254 seconds
[2024-10-16T13:13:19.627+0000] {processor.py:186} INFO - Started process (PID=175) to work on /home/airflow/.local/lib/python3.12/site-packages/airflow/example_dags/example_local_kubernetes_executor.py
[2024-10-16T13:13:19.630+0000] {processor.py:914} INFO - Processing file /home/airflow/.local/lib/python3.12/site-packages/airflow/example_dags/example_local_kubernetes_executor.py for tasks to queue
[2024-10-16T13:13:19.634+0000] {logging_mixin.py:190} INFO - [2024-10-16T13:13:19.634+0000] {dagbag.py:588} INFO - Filling up the DagBag from /home/airflow/.local/lib/python3.12/site-packages/airflow/example_dags/example_local_kubernetes_executor.py
[2024-10-16T13:13:19.647+0000] {processor.py:925} INFO - DAG(s) 'example_local_kubernetes_executor' retrieved from /home/airflow/.local/lib/python3.12/site-packages/airflow/example_dags/example_local_kubernetes_executor.py
[2024-10-16T13:13:19.708+0000] {logging_mixin.py:190} INFO - [2024-10-16T13:13:19.708+0000] {dag.py:3239} INFO - Sync 1 DAGs
[2024-10-16T13:13:19.731+0000] {logging_mixin.py:190} INFO - [2024-10-16T13:13:19.730+0000] {dag.py:4180} INFO - Setting next_dagrun for example_local_kubernetes_executor to None, run_after=None
[2024-10-16T13:13:19.760+0000] {processor.py:208} INFO - Processing /home/airflow/.local/lib/python3.12/site-packages/airflow/example_dags/example_local_kubernetes_executor.py took 0.141 seconds
[2024-10-16T13:14:50.478+0000] {processor.py:186} INFO - Started process (PID=115) to work on /home/airflow/.local/lib/python3.12/site-packages/airflow/example_dags/example_local_kubernetes_executor.py
[2024-10-16T13:14:50.480+0000] {processor.py:914} INFO - Processing file /home/airflow/.local/lib/python3.12/site-packages/airflow/example_dags/example_local_kubernetes_executor.py for tasks to queue
[2024-10-16T13:14:50.483+0000] {logging_mixin.py:190} INFO - [2024-10-16T13:14:50.483+0000] {dagbag.py:588} INFO - Filling up the DagBag from /home/airflow/.local/lib/python3.12/site-packages/airflow/example_dags/example_local_kubernetes_executor.py
[2024-10-16T13:14:50.494+0000] {processor.py:925} INFO - DAG(s) 'example_local_kubernetes_executor' retrieved from /home/airflow/.local/lib/python3.12/site-packages/airflow/example_dags/example_local_kubernetes_executor.py
[2024-10-16T13:14:50.626+0000] {logging_mixin.py:190} INFO - [2024-10-16T13:14:50.625+0000] {override.py:1900} INFO - Created Permission View: can read on DAG:example_local_kubernetes_executor
[2024-10-16T13:14:50.639+0000] {logging_mixin.py:190} INFO - [2024-10-16T13:14:50.638+0000] {override.py:1900} INFO - Created Permission View: can delete on DAG:example_local_kubernetes_executor
[2024-10-16T13:14:50.647+0000] {logging_mixin.py:190} INFO - [2024-10-16T13:14:50.646+0000] {override.py:1900} INFO - Created Permission View: can edit on DAG:example_local_kubernetes_executor
[2024-10-16T13:14:50.656+0000] {logging_mixin.py:190} INFO - [2024-10-16T13:14:50.655+0000] {override.py:1900} INFO - Created Permission View: can read on DAG Run:example_local_kubernetes_executor
[2024-10-16T13:14:50.664+0000] {logging_mixin.py:190} INFO - [2024-10-16T13:14:50.664+0000] {override.py:1900} INFO - Created Permission View: can create on DAG Run:example_local_kubernetes_executor
[2024-10-16T13:14:50.671+0000] {logging_mixin.py:190} INFO - [2024-10-16T13:14:50.671+0000] {override.py:1900} INFO - Created Permission View: can delete on DAG Run:example_local_kubernetes_executor
[2024-10-16T13:14:50.677+0000] {logging_mixin.py:190} INFO - [2024-10-16T13:14:50.677+0000] {override.py:1900} INFO - Created Permission View: menu access on DAG Run:example_local_kubernetes_executor
[2024-10-16T13:14:50.678+0000] {logging_mixin.py:190} INFO - [2024-10-16T13:14:50.678+0000] {dag.py:3239} INFO - Sync 1 DAGs
[2024-10-16T13:14:50.690+0000] {logging_mixin.py:190} INFO - [2024-10-16T13:14:50.690+0000] {dag.py:3262} INFO - Creating ORM DAG for example_local_kubernetes_executor
[2024-10-16T13:14:50.691+0000] {logging_mixin.py:190} INFO - [2024-10-16T13:14:50.691+0000] {dag.py:4180} INFO - Setting next_dagrun for example_local_kubernetes_executor to None, run_after=None
[2024-10-16T13:14:50.712+0000] {processor.py:208} INFO - Processing /home/airflow/.local/lib/python3.12/site-packages/airflow/example_dags/example_local_kubernetes_executor.py took 0.241 seconds
[2024-10-16T13:16:20.184+0000] {processor.py:186} INFO - Started process (PID=114) to work on /home/airflow/.local/lib/python3.12/site-packages/airflow/example_dags/example_local_kubernetes_executor.py
[2024-10-16T13:16:20.185+0000] {processor.py:914} INFO - Processing file /home/airflow/.local/lib/python3.12/site-packages/airflow/example_dags/example_local_kubernetes_executor.py for tasks to queue
[2024-10-16T13:16:20.189+0000] {logging_mixin.py:190} INFO - [2024-10-16T13:16:20.189+0000] {dagbag.py:588} INFO - Filling up the DagBag from /home/airflow/.local/lib/python3.12/site-packages/airflow/example_dags/example_local_kubernetes_executor.py
[2024-10-16T13:16:20.201+0000] {processor.py:925} INFO - DAG(s) 'example_local_kubernetes_executor' retrieved from /home/airflow/.local/lib/python3.12/site-packages/airflow/example_dags/example_local_kubernetes_executor.py
[2024-10-16T13:16:20.307+0000] {logging_mixin.py:190} INFO - [2024-10-16T13:16:20.307+0000] {override.py:1900} INFO - Created Permission View: can edit on DAG:example_local_kubernetes_executor
[2024-10-16T13:16:20.319+0000] {logging_mixin.py:190} INFO - [2024-10-16T13:16:20.318+0000] {override.py:1900} INFO - Created Permission View: can read on DAG:example_local_kubernetes_executor
[2024-10-16T13:16:20.327+0000] {logging_mixin.py:190} INFO - [2024-10-16T13:16:20.326+0000] {override.py:1900} INFO - Created Permission View: can delete on DAG:example_local_kubernetes_executor
[2024-10-16T13:16:20.334+0000] {logging_mixin.py:190} INFO - [2024-10-16T13:16:20.334+0000] {override.py:1900} INFO - Created Permission View: menu access on DAG Run:example_local_kubernetes_executor
[2024-10-16T13:16:20.342+0000] {logging_mixin.py:190} INFO - [2024-10-16T13:16:20.342+0000] {override.py:1900} INFO - Created Permission View: can read on DAG Run:example_local_kubernetes_executor
[2024-10-16T13:16:20.349+0000] {logging_mixin.py:190} INFO - [2024-10-16T13:16:20.349+0000] {override.py:1900} INFO - Created Permission View: can create on DAG Run:example_local_kubernetes_executor
[2024-10-16T13:16:20.356+0000] {logging_mixin.py:190} INFO - [2024-10-16T13:16:20.356+0000] {override.py:1900} INFO - Created Permission View: can delete on DAG Run:example_local_kubernetes_executor
[2024-10-16T13:16:20.357+0000] {logging_mixin.py:190} INFO - [2024-10-16T13:16:20.356+0000] {dag.py:3239} INFO - Sync 1 DAGs
[2024-10-16T13:16:20.369+0000] {logging_mixin.py:190} INFO - [2024-10-16T13:16:20.369+0000] {dag.py:3262} INFO - Creating ORM DAG for example_local_kubernetes_executor
[2024-10-16T13:16:20.370+0000] {logging_mixin.py:190} INFO - [2024-10-16T13:16:20.370+0000] {dag.py:4180} INFO - Setting next_dagrun for example_local_kubernetes_executor to None, run_after=None
[2024-10-16T13:16:20.389+0000] {processor.py:208} INFO - Processing /home/airflow/.local/lib/python3.12/site-packages/airflow/example_dags/example_local_kubernetes_executor.py took 0.212 seconds
[2024-10-16T13:16:50.830+0000] {processor.py:186} INFO - Started process (PID=177) to work on /home/airflow/.local/lib/python3.12/site-packages/airflow/example_dags/example_local_kubernetes_executor.py
[2024-10-16T13:16:50.831+0000] {processor.py:914} INFO - Processing file /home/airflow/.local/lib/python3.12/site-packages/airflow/example_dags/example_local_kubernetes_executor.py for tasks to queue
[2024-10-16T13:16:50.835+0000] {logging_mixin.py:190} INFO - [2024-10-16T13:16:50.834+0000] {dagbag.py:588} INFO - Filling up the DagBag from /home/airflow/.local/lib/python3.12/site-packages/airflow/example_dags/example_local_kubernetes_executor.py
[2024-10-16T13:16:50.845+0000] {processor.py:925} INFO - DAG(s) 'example_local_kubernetes_executor' retrieved from /home/airflow/.local/lib/python3.12/site-packages/airflow/example_dags/example_local_kubernetes_executor.py
[2024-10-16T13:16:50.889+0000] {logging_mixin.py:190} INFO - [2024-10-16T13:16:50.888+0000] {dag.py:3239} INFO - Sync 1 DAGs
[2024-10-16T13:16:50.910+0000] {logging_mixin.py:190} INFO - [2024-10-16T13:16:50.910+0000] {dag.py:4180} INFO - Setting next_dagrun for example_local_kubernetes_executor to None, run_after=None
[2024-10-16T13:16:50.944+0000] {processor.py:208} INFO - Processing /home/airflow/.local/lib/python3.12/site-packages/airflow/example_dags/example_local_kubernetes_executor.py took 0.121 seconds
[2024-10-16T13:17:21.367+0000] {processor.py:186} INFO - Started process (PID=240) to work on /home/airflow/.local/lib/python3.12/site-packages/airflow/example_dags/example_local_kubernetes_executor.py
[2024-10-16T13:17:21.369+0000] {processor.py:914} INFO - Processing file /home/airflow/.local/lib/python3.12/site-packages/airflow/example_dags/example_local_kubernetes_executor.py for tasks to queue
[2024-10-16T13:17:21.372+0000] {logging_mixin.py:190} INFO - [2024-10-16T13:17:21.372+0000] {dagbag.py:588} INFO - Filling up the DagBag from /home/airflow/.local/lib/python3.12/site-packages/airflow/example_dags/example_local_kubernetes_executor.py
[2024-10-16T13:17:21.382+0000] {processor.py:925} INFO - DAG(s) 'example_local_kubernetes_executor' retrieved from /home/airflow/.local/lib/python3.12/site-packages/airflow/example_dags/example_local_kubernetes_executor.py
[2024-10-16T13:17:21.429+0000] {logging_mixin.py:190} INFO - [2024-10-16T13:17:21.429+0000] {dag.py:3239} INFO - Sync 1 DAGs
[2024-10-16T13:17:21.448+0000] {logging_mixin.py:190} INFO - [2024-10-16T13:17:21.448+0000] {dag.py:4180} INFO - Setting next_dagrun for example_local_kubernetes_executor to None, run_after=None
[2024-10-16T13:17:21.474+0000] {processor.py:208} INFO - Processing /home/airflow/.local/lib/python3.12/site-packages/airflow/example_dags/example_local_kubernetes_executor.py took 0.115 seconds
[2024-10-16T13:17:52.011+0000] {processor.py:186} INFO - Started process (PID=303) to work on /home/airflow/.local/lib/python3.12/site-packages/airflow/example_dags/example_local_kubernetes_executor.py
[2024-10-16T13:17:52.013+0000] {processor.py:914} INFO - Processing file /home/airflow/.local/lib/python3.12/site-packages/airflow/example_dags/example_local_kubernetes_executor.py for tasks to queue
[2024-10-16T13:17:52.017+0000] {logging_mixin.py:190} INFO - [2024-10-16T13:17:52.017+0000] {dagbag.py:588} INFO - Filling up the DagBag from /home/airflow/.local/lib/python3.12/site-packages/airflow/example_dags/example_local_kubernetes_executor.py
[2024-10-16T13:17:52.026+0000] {processor.py:925} INFO - DAG(s) 'example_local_kubernetes_executor' retrieved from /home/airflow/.local/lib/python3.12/site-packages/airflow/example_dags/example_local_kubernetes_executor.py
[2024-10-16T13:17:52.107+0000] {logging_mixin.py:190} INFO - [2024-10-16T13:17:52.107+0000] {dag.py:3239} INFO - Sync 1 DAGs
[2024-10-16T13:17:52.125+0000] {logging_mixin.py:190} INFO - [2024-10-16T13:17:52.125+0000] {dag.py:4180} INFO - Setting next_dagrun for example_local_kubernetes_executor to None, run_after=None
[2024-10-16T13:17:52.145+0000] {processor.py:208} INFO - Processing /home/airflow/.local/lib/python3.12/site-packages/airflow/example_dags/example_local_kubernetes_executor.py took 0.140 seconds
[2024-10-16T13:18:22.863+0000] {processor.py:186} INFO - Started process (PID=366) to work on /home/airflow/.local/lib/python3.12/site-packages/airflow/example_dags/example_local_kubernetes_executor.py
[2024-10-16T13:18:22.864+0000] {processor.py:914} INFO - Processing file /home/airflow/.local/lib/python3.12/site-packages/airflow/example_dags/example_local_kubernetes_executor.py for tasks to queue
[2024-10-16T13:18:22.866+0000] {logging_mixin.py:190} INFO - [2024-10-16T13:18:22.866+0000] {dagbag.py:588} INFO - Filling up the DagBag from /home/airflow/.local/lib/python3.12/site-packages/airflow/example_dags/example_local_kubernetes_executor.py
[2024-10-16T13:18:22.875+0000] {processor.py:925} INFO - DAG(s) 'example_local_kubernetes_executor' retrieved from /home/airflow/.local/lib/python3.12/site-packages/airflow/example_dags/example_local_kubernetes_executor.py
[2024-10-16T13:18:22.902+0000] {logging_mixin.py:190} INFO - [2024-10-16T13:18:22.902+0000] {dag.py:3239} INFO - Sync 1 DAGs
[2024-10-16T13:18:22.914+0000] {logging_mixin.py:190} INFO - [2024-10-16T13:18:22.914+0000] {dag.py:4180} INFO - Setting next_dagrun for example_local_kubernetes_executor to None, run_after=None
[2024-10-16T13:18:22.947+0000] {processor.py:208} INFO - Processing /home/airflow/.local/lib/python3.12/site-packages/airflow/example_dags/example_local_kubernetes_executor.py took 0.089 seconds
[2024-10-16T13:18:53.734+0000] {processor.py:186} INFO - Started process (PID=429) to work on /home/airflow/.local/lib/python3.12/site-packages/airflow/example_dags/example_local_kubernetes_executor.py
[2024-10-16T13:18:53.736+0000] {processor.py:914} INFO - Processing file /home/airflow/.local/lib/python3.12/site-packages/airflow/example_dags/example_local_kubernetes_executor.py for tasks to queue
[2024-10-16T13:18:53.739+0000] {logging_mixin.py:190} INFO - [2024-10-16T13:18:53.739+0000] {dagbag.py:588} INFO - Filling up the DagBag from /home/airflow/.local/lib/python3.12/site-packages/airflow/example_dags/example_local_kubernetes_executor.py
[2024-10-16T13:18:53.752+0000] {processor.py:925} INFO - DAG(s) 'example_local_kubernetes_executor' retrieved from /home/airflow/.local/lib/python3.12/site-packages/airflow/example_dags/example_local_kubernetes_executor.py
[2024-10-16T13:18:53.799+0000] {logging_mixin.py:190} INFO - [2024-10-16T13:18:53.799+0000] {dag.py:3239} INFO - Sync 1 DAGs
[2024-10-16T13:18:53.826+0000] {logging_mixin.py:190} INFO - [2024-10-16T13:18:53.825+0000] {dag.py:4180} INFO - Setting next_dagrun for example_local_kubernetes_executor to None, run_after=None
[2024-10-16T13:18:53.870+0000] {processor.py:208} INFO - Processing /home/airflow/.local/lib/python3.12/site-packages/airflow/example_dags/example_local_kubernetes_executor.py took 0.145 seconds
[2024-10-16T13:19:24.631+0000] {processor.py:186} INFO - Started process (PID=492) to work on /home/airflow/.local/lib/python3.12/site-packages/airflow/example_dags/example_local_kubernetes_executor.py
[2024-10-16T13:19:24.632+0000] {processor.py:914} INFO - Processing file /home/airflow/.local/lib/python3.12/site-packages/airflow/example_dags/example_local_kubernetes_executor.py for tasks to queue
[2024-10-16T13:19:24.634+0000] {logging_mixin.py:190} INFO - [2024-10-16T13:19:24.634+0000] {dagbag.py:588} INFO - Filling up the DagBag from /home/airflow/.local/lib/python3.12/site-packages/airflow/example_dags/example_local_kubernetes_executor.py
[2024-10-16T13:19:24.653+0000] {processor.py:925} INFO - DAG(s) 'example_local_kubernetes_executor' retrieved from /home/airflow/.local/lib/python3.12/site-packages/airflow/example_dags/example_local_kubernetes_executor.py
[2024-10-16T13:19:24.716+0000] {logging_mixin.py:190} INFO - [2024-10-16T13:19:24.716+0000] {dag.py:3239} INFO - Sync 1 DAGs
[2024-10-16T13:19:24.737+0000] {logging_mixin.py:190} INFO - [2024-10-16T13:19:24.737+0000] {dag.py:4180} INFO - Setting next_dagrun for example_local_kubernetes_executor to None, run_after=None
[2024-10-16T13:19:24.768+0000] {processor.py:208} INFO - Processing /home/airflow/.local/lib/python3.12/site-packages/airflow/example_dags/example_local_kubernetes_executor.py took 0.144 seconds
[2024-10-16T13:19:54.951+0000] {processor.py:186} INFO - Started process (PID=554) to work on /home/airflow/.local/lib/python3.12/site-packages/airflow/example_dags/example_local_kubernetes_executor.py
[2024-10-16T13:19:54.953+0000] {processor.py:914} INFO - Processing file /home/airflow/.local/lib/python3.12/site-packages/airflow/example_dags/example_local_kubernetes_executor.py for tasks to queue
[2024-10-16T13:19:54.960+0000] {logging_mixin.py:190} INFO - [2024-10-16T13:19:54.959+0000] {dagbag.py:588} INFO - Filling up the DagBag from /home/airflow/.local/lib/python3.12/site-packages/airflow/example_dags/example_local_kubernetes_executor.py
[2024-10-16T13:19:54.979+0000] {processor.py:925} INFO - DAG(s) 'example_local_kubernetes_executor' retrieved from /home/airflow/.local/lib/python3.12/site-packages/airflow/example_dags/example_local_kubernetes_executor.py
[2024-10-16T13:19:55.067+0000] {logging_mixin.py:190} INFO - [2024-10-16T13:19:55.067+0000] {dag.py:3239} INFO - Sync 1 DAGs
[2024-10-16T13:19:55.099+0000] {logging_mixin.py:190} INFO - [2024-10-16T13:19:55.098+0000] {dag.py:4180} INFO - Setting next_dagrun for example_local_kubernetes_executor to None, run_after=None
[2024-10-16T13:19:55.147+0000] {processor.py:208} INFO - Processing /home/airflow/.local/lib/python3.12/site-packages/airflow/example_dags/example_local_kubernetes_executor.py took 0.204 seconds
[2024-10-16T13:20:25.743+0000] {processor.py:186} INFO - Started process (PID=618) to work on /home/airflow/.local/lib/python3.12/site-packages/airflow/example_dags/example_local_kubernetes_executor.py
[2024-10-16T13:20:25.745+0000] {processor.py:914} INFO - Processing file /home/airflow/.local/lib/python3.12/site-packages/airflow/example_dags/example_local_kubernetes_executor.py for tasks to queue
[2024-10-16T13:20:25.747+0000] {logging_mixin.py:190} INFO - [2024-10-16T13:20:25.747+0000] {dagbag.py:588} INFO - Filling up the DagBag from /home/airflow/.local/lib/python3.12/site-packages/airflow/example_dags/example_local_kubernetes_executor.py
[2024-10-16T13:20:25.760+0000] {processor.py:925} INFO - DAG(s) 'example_local_kubernetes_executor' retrieved from /home/airflow/.local/lib/python3.12/site-packages/airflow/example_dags/example_local_kubernetes_executor.py
[2024-10-16T13:20:25.804+0000] {logging_mixin.py:190} INFO - [2024-10-16T13:20:25.804+0000] {dag.py:3239} INFO - Sync 1 DAGs
[2024-10-16T13:20:25.834+0000] {logging_mixin.py:190} INFO - [2024-10-16T13:20:25.833+0000] {dag.py:4180} INFO - Setting next_dagrun for example_local_kubernetes_executor to None, run_after=None
[2024-10-16T13:20:25.871+0000] {processor.py:208} INFO - Processing /home/airflow/.local/lib/python3.12/site-packages/airflow/example_dags/example_local_kubernetes_executor.py took 0.134 seconds
[2024-10-16T13:22:05.035+0000] {processor.py:186} INFO - Started process (PID=113) to work on /home/airflow/.local/lib/python3.12/site-packages/airflow/example_dags/example_local_kubernetes_executor.py
[2024-10-16T13:22:05.036+0000] {processor.py:914} INFO - Processing file /home/airflow/.local/lib/python3.12/site-packages/airflow/example_dags/example_local_kubernetes_executor.py for tasks to queue
[2024-10-16T13:22:05.038+0000] {logging_mixin.py:190} INFO - [2024-10-16T13:22:05.038+0000] {dagbag.py:588} INFO - Filling up the DagBag from /home/airflow/.local/lib/python3.12/site-packages/airflow/example_dags/example_local_kubernetes_executor.py
[2024-10-16T13:22:05.046+0000] {processor.py:925} INFO - DAG(s) 'example_local_kubernetes_executor' retrieved from /home/airflow/.local/lib/python3.12/site-packages/airflow/example_dags/example_local_kubernetes_executor.py
[2024-10-16T13:22:05.152+0000] {logging_mixin.py:190} INFO - [2024-10-16T13:22:05.151+0000] {override.py:1900} INFO - Created Permission View: can edit on DAG:example_local_kubernetes_executor
[2024-10-16T13:22:05.162+0000] {logging_mixin.py:190} INFO - [2024-10-16T13:22:05.161+0000] {override.py:1900} INFO - Created Permission View: can read on DAG:example_local_kubernetes_executor
[2024-10-16T13:22:05.166+0000] {logging_mixin.py:190} INFO - [2024-10-16T13:22:05.166+0000] {override.py:1900} INFO - Created Permission View: can delete on DAG:example_local_kubernetes_executor
[2024-10-16T13:22:05.173+0000] {logging_mixin.py:190} INFO - [2024-10-16T13:22:05.173+0000] {override.py:1900} INFO - Created Permission View: can delete on DAG Run:example_local_kubernetes_executor
[2024-10-16T13:22:05.178+0000] {logging_mixin.py:190} INFO - [2024-10-16T13:22:05.178+0000] {override.py:1900} INFO - Created Permission View: can read on DAG Run:example_local_kubernetes_executor
[2024-10-16T13:22:05.183+0000] {logging_mixin.py:190} INFO - [2024-10-16T13:22:05.183+0000] {override.py:1900} INFO - Created Permission View: menu access on DAG Run:example_local_kubernetes_executor
[2024-10-16T13:22:05.188+0000] {logging_mixin.py:190} INFO - [2024-10-16T13:22:05.188+0000] {override.py:1900} INFO - Created Permission View: can create on DAG Run:example_local_kubernetes_executor
[2024-10-16T13:22:05.189+0000] {logging_mixin.py:190} INFO - [2024-10-16T13:22:05.189+0000] {dag.py:3239} INFO - Sync 1 DAGs
[2024-10-16T13:22:05.199+0000] {logging_mixin.py:190} INFO - [2024-10-16T13:22:05.199+0000] {dag.py:3262} INFO - Creating ORM DAG for example_local_kubernetes_executor
[2024-10-16T13:22:05.200+0000] {logging_mixin.py:190} INFO - [2024-10-16T13:22:05.199+0000] {dag.py:4180} INFO - Setting next_dagrun for example_local_kubernetes_executor to None, run_after=None
[2024-10-16T13:22:05.211+0000] {processor.py:208} INFO - Processing /home/airflow/.local/lib/python3.12/site-packages/airflow/example_dags/example_local_kubernetes_executor.py took 0.181 seconds
[2024-10-16T13:22:36.133+0000] {processor.py:186} INFO - Started process (PID=176) to work on /home/airflow/.local/lib/python3.12/site-packages/airflow/example_dags/example_local_kubernetes_executor.py
[2024-10-16T13:22:36.135+0000] {processor.py:914} INFO - Processing file /home/airflow/.local/lib/python3.12/site-packages/airflow/example_dags/example_local_kubernetes_executor.py for tasks to queue
[2024-10-16T13:22:36.139+0000] {logging_mixin.py:190} INFO - [2024-10-16T13:22:36.139+0000] {dagbag.py:588} INFO - Filling up the DagBag from /home/airflow/.local/lib/python3.12/site-packages/airflow/example_dags/example_local_kubernetes_executor.py
[2024-10-16T13:22:36.152+0000] {processor.py:925} INFO - DAG(s) 'example_local_kubernetes_executor' retrieved from /home/airflow/.local/lib/python3.12/site-packages/airflow/example_dags/example_local_kubernetes_executor.py
[2024-10-16T13:22:36.191+0000] {logging_mixin.py:190} INFO - [2024-10-16T13:22:36.190+0000] {dag.py:3239} INFO - Sync 1 DAGs
[2024-10-16T13:22:36.212+0000] {logging_mixin.py:190} INFO - [2024-10-16T13:22:36.212+0000] {dag.py:4180} INFO - Setting next_dagrun for example_local_kubernetes_executor to None, run_after=None
[2024-10-16T13:22:36.273+0000] {processor.py:208} INFO - Processing /home/airflow/.local/lib/python3.12/site-packages/airflow/example_dags/example_local_kubernetes_executor.py took 0.147 seconds
[2024-10-16T13:23:06.715+0000] {processor.py:186} INFO - Started process (PID=239) to work on /home/airflow/.local/lib/python3.12/site-packages/airflow/example_dags/example_local_kubernetes_executor.py
[2024-10-16T13:23:06.718+0000] {processor.py:914} INFO - Processing file /home/airflow/.local/lib/python3.12/site-packages/airflow/example_dags/example_local_kubernetes_executor.py for tasks to queue
[2024-10-16T13:23:06.722+0000] {logging_mixin.py:190} INFO - [2024-10-16T13:23:06.721+0000] {dagbag.py:588} INFO - Filling up the DagBag from /home/airflow/.local/lib/python3.12/site-packages/airflow/example_dags/example_local_kubernetes_executor.py
[2024-10-16T13:23:06.733+0000] {processor.py:925} INFO - DAG(s) 'example_local_kubernetes_executor' retrieved from /home/airflow/.local/lib/python3.12/site-packages/airflow/example_dags/example_local_kubernetes_executor.py
[2024-10-16T13:23:06.777+0000] {logging_mixin.py:190} INFO - [2024-10-16T13:23:06.776+0000] {dag.py:3239} INFO - Sync 1 DAGs
[2024-10-16T13:23:06.797+0000] {logging_mixin.py:190} INFO - [2024-10-16T13:23:06.796+0000] {dag.py:4180} INFO - Setting next_dagrun for example_local_kubernetes_executor to None, run_after=None
[2024-10-16T13:23:06.821+0000] {processor.py:208} INFO - Processing /home/airflow/.local/lib/python3.12/site-packages/airflow/example_dags/example_local_kubernetes_executor.py took 0.114 seconds
[2024-10-16T13:23:37.395+0000] {processor.py:186} INFO - Started process (PID=302) to work on /home/airflow/.local/lib/python3.12/site-packages/airflow/example_dags/example_local_kubernetes_executor.py
[2024-10-16T13:23:37.396+0000] {processor.py:914} INFO - Processing file /home/airflow/.local/lib/python3.12/site-packages/airflow/example_dags/example_local_kubernetes_executor.py for tasks to queue
[2024-10-16T13:23:37.400+0000] {logging_mixin.py:190} INFO - [2024-10-16T13:23:37.400+0000] {dagbag.py:588} INFO - Filling up the DagBag from /home/airflow/.local/lib/python3.12/site-packages/airflow/example_dags/example_local_kubernetes_executor.py
[2024-10-16T13:23:37.415+0000] {processor.py:925} INFO - DAG(s) 'example_local_kubernetes_executor' retrieved from /home/airflow/.local/lib/python3.12/site-packages/airflow/example_dags/example_local_kubernetes_executor.py
[2024-10-16T13:23:38.847+0000] {logging_mixin.py:190} INFO - [2024-10-16T13:23:38.846+0000] {process_utils.py:266} INFO - Waiting up to 5 seconds for processes to exit...
