[2024-10-16T12:50:31.894+0000] {processor.py:186} INFO - Started process (PID=92) to work on /home/airflow/.local/lib/python3.12/site-packages/airflow/example_dags/example_xcomargs.py
[2024-10-16T12:50:31.896+0000] {processor.py:914} INFO - Processing file /home/airflow/.local/lib/python3.12/site-packages/airflow/example_dags/example_xcomargs.py for tasks to queue
[2024-10-16T12:50:31.899+0000] {logging_mixin.py:190} INFO - [2024-10-16T12:50:31.898+0000] {dagbag.py:588} INFO - Filling up the DagBag from /home/airflow/.local/lib/python3.12/site-packages/airflow/example_dags/example_xcomargs.py
[2024-10-16T12:50:31.913+0000] {processor.py:925} INFO - DAG(s) 'example_xcom_args_with_operators', 'example_xcom_args' retrieved from /home/airflow/.local/lib/python3.12/site-packages/airflow/example_dags/example_xcomargs.py
[2024-10-16T12:50:32.065+0000] {logging_mixin.py:190} INFO - [2024-10-16T12:50:32.063+0000] {override.py:1900} INFO - Created Permission View: can edit on DAG:example_xcom_args_with_operators
[2024-10-16T12:50:32.081+0000] {logging_mixin.py:190} INFO - [2024-10-16T12:50:32.081+0000] {override.py:1900} INFO - Created Permission View: can read on DAG:example_xcom_args_with_operators
[2024-10-16T12:50:32.092+0000] {logging_mixin.py:190} INFO - [2024-10-16T12:50:32.091+0000] {override.py:1900} INFO - Created Permission View: can delete on DAG:example_xcom_args_with_operators
[2024-10-16T12:50:32.105+0000] {logging_mixin.py:190} INFO - [2024-10-16T12:50:32.105+0000] {override.py:1900} INFO - Created Permission View: can delete on DAG Run:example_xcom_args_with_operators
[2024-10-16T12:50:32.114+0000] {logging_mixin.py:190} INFO - [2024-10-16T12:50:32.114+0000] {override.py:1900} INFO - Created Permission View: menu access on DAG Run:example_xcom_args_with_operators
[2024-10-16T12:50:32.123+0000] {logging_mixin.py:190} INFO - [2024-10-16T12:50:32.122+0000] {override.py:1900} INFO - Created Permission View: can create on DAG Run:example_xcom_args_with_operators
[2024-10-16T12:50:32.133+0000] {logging_mixin.py:190} INFO - [2024-10-16T12:50:32.133+0000] {override.py:1900} INFO - Created Permission View: can read on DAG Run:example_xcom_args_with_operators
[2024-10-16T12:50:32.147+0000] {logging_mixin.py:190} INFO - [2024-10-16T12:50:32.147+0000] {override.py:1900} INFO - Created Permission View: can edit on DAG:example_xcom_args
[2024-10-16T12:50:32.155+0000] {logging_mixin.py:190} INFO - [2024-10-16T12:50:32.154+0000] {override.py:1900} INFO - Created Permission View: can read on DAG:example_xcom_args
[2024-10-16T12:50:32.162+0000] {logging_mixin.py:190} INFO - [2024-10-16T12:50:32.162+0000] {override.py:1900} INFO - Created Permission View: can delete on DAG:example_xcom_args
[2024-10-16T12:50:32.170+0000] {logging_mixin.py:190} INFO - [2024-10-16T12:50:32.169+0000] {override.py:1900} INFO - Created Permission View: can delete on DAG Run:example_xcom_args
[2024-10-16T12:50:32.176+0000] {logging_mixin.py:190} INFO - [2024-10-16T12:50:32.176+0000] {override.py:1900} INFO - Created Permission View: menu access on DAG Run:example_xcom_args
[2024-10-16T12:50:32.189+0000] {logging_mixin.py:190} INFO - [2024-10-16T12:50:32.188+0000] {override.py:1900} INFO - Created Permission View: can create on DAG Run:example_xcom_args
[2024-10-16T12:50:32.195+0000] {logging_mixin.py:190} INFO - [2024-10-16T12:50:32.195+0000] {override.py:1900} INFO - Created Permission View: can read on DAG Run:example_xcom_args
[2024-10-16T12:50:32.196+0000] {logging_mixin.py:190} INFO - [2024-10-16T12:50:32.196+0000] {dag.py:3239} INFO - Sync 2 DAGs
[2024-10-16T12:50:32.214+0000] {logging_mixin.py:190} INFO - [2024-10-16T12:50:32.214+0000] {dag.py:3262} INFO - Creating ORM DAG for example_xcom_args_with_operators
[2024-10-16T12:50:32.215+0000] {logging_mixin.py:190} INFO - [2024-10-16T12:50:32.215+0000] {dag.py:3262} INFO - Creating ORM DAG for example_xcom_args
[2024-10-16T12:50:32.216+0000] {logging_mixin.py:190} INFO - [2024-10-16T12:50:32.216+0000] {dag.py:4180} INFO - Setting next_dagrun for example_xcom_args to None, run_after=None
[2024-10-16T12:50:32.217+0000] {logging_mixin.py:190} INFO - [2024-10-16T12:50:32.217+0000] {dag.py:4180} INFO - Setting next_dagrun for example_xcom_args_with_operators to None, run_after=None
[2024-10-16T12:50:32.237+0000] {processor.py:208} INFO - Processing /home/airflow/.local/lib/python3.12/site-packages/airflow/example_dags/example_xcomargs.py took 0.350 seconds
[2024-10-16T12:51:02.717+0000] {processor.py:186} INFO - Started process (PID=154) to work on /home/airflow/.local/lib/python3.12/site-packages/airflow/example_dags/example_xcomargs.py
[2024-10-16T12:51:02.718+0000] {processor.py:914} INFO - Processing file /home/airflow/.local/lib/python3.12/site-packages/airflow/example_dags/example_xcomargs.py for tasks to queue
[2024-10-16T12:51:02.721+0000] {logging_mixin.py:190} INFO - [2024-10-16T12:51:02.721+0000] {dagbag.py:588} INFO - Filling up the DagBag from /home/airflow/.local/lib/python3.12/site-packages/airflow/example_dags/example_xcomargs.py
[2024-10-16T12:51:02.729+0000] {processor.py:925} INFO - DAG(s) 'example_xcom_args', 'example_xcom_args_with_operators' retrieved from /home/airflow/.local/lib/python3.12/site-packages/airflow/example_dags/example_xcomargs.py
[2024-10-16T12:51:02.750+0000] {logging_mixin.py:190} INFO - [2024-10-16T12:51:02.750+0000] {dag.py:3239} INFO - Sync 2 DAGs
[2024-10-16T12:51:02.763+0000] {logging_mixin.py:190} INFO - [2024-10-16T12:51:02.763+0000] {dag.py:4180} INFO - Setting next_dagrun for example_xcom_args to None, run_after=None
[2024-10-16T12:51:02.769+0000] {logging_mixin.py:190} INFO - [2024-10-16T12:51:02.769+0000] {dag.py:4180} INFO - Setting next_dagrun for example_xcom_args_with_operators to None, run_after=None
[2024-10-16T12:51:02.789+0000] {processor.py:208} INFO - Processing /home/airflow/.local/lib/python3.12/site-packages/airflow/example_dags/example_xcomargs.py took 0.076 seconds
[2024-10-16T12:51:33.421+0000] {processor.py:186} INFO - Started process (PID=216) to work on /home/airflow/.local/lib/python3.12/site-packages/airflow/example_dags/example_xcomargs.py
[2024-10-16T12:51:33.424+0000] {processor.py:914} INFO - Processing file /home/airflow/.local/lib/python3.12/site-packages/airflow/example_dags/example_xcomargs.py for tasks to queue
[2024-10-16T12:51:33.427+0000] {logging_mixin.py:190} INFO - [2024-10-16T12:51:33.427+0000] {dagbag.py:588} INFO - Filling up the DagBag from /home/airflow/.local/lib/python3.12/site-packages/airflow/example_dags/example_xcomargs.py
[2024-10-16T12:51:33.448+0000] {processor.py:925} INFO - DAG(s) 'example_xcom_args_with_operators', 'example_xcom_args' retrieved from /home/airflow/.local/lib/python3.12/site-packages/airflow/example_dags/example_xcomargs.py
[2024-10-16T12:51:33.486+0000] {logging_mixin.py:190} INFO - [2024-10-16T12:51:33.486+0000] {dag.py:3239} INFO - Sync 2 DAGs
[2024-10-16T12:51:33.511+0000] {logging_mixin.py:190} INFO - [2024-10-16T12:51:33.510+0000] {dag.py:4180} INFO - Setting next_dagrun for example_xcom_args to None, run_after=None
[2024-10-16T12:51:33.516+0000] {logging_mixin.py:190} INFO - [2024-10-16T12:51:33.515+0000] {dag.py:4180} INFO - Setting next_dagrun for example_xcom_args_with_operators to None, run_after=None
[2024-10-16T12:51:33.556+0000] {processor.py:208} INFO - Processing /home/airflow/.local/lib/python3.12/site-packages/airflow/example_dags/example_xcomargs.py took 0.146 seconds
[2024-10-16T12:52:03.817+0000] {processor.py:186} INFO - Started process (PID=278) to work on /home/airflow/.local/lib/python3.12/site-packages/airflow/example_dags/example_xcomargs.py
[2024-10-16T12:52:03.819+0000] {processor.py:914} INFO - Processing file /home/airflow/.local/lib/python3.12/site-packages/airflow/example_dags/example_xcomargs.py for tasks to queue
[2024-10-16T12:52:03.821+0000] {logging_mixin.py:190} INFO - [2024-10-16T12:52:03.821+0000] {dagbag.py:588} INFO - Filling up the DagBag from /home/airflow/.local/lib/python3.12/site-packages/airflow/example_dags/example_xcomargs.py
[2024-10-16T12:52:03.836+0000] {processor.py:925} INFO - DAG(s) 'example_xcom_args', 'example_xcom_args_with_operators' retrieved from /home/airflow/.local/lib/python3.12/site-packages/airflow/example_dags/example_xcomargs.py
[2024-10-16T12:52:03.871+0000] {logging_mixin.py:190} INFO - [2024-10-16T12:52:03.870+0000] {dag.py:3239} INFO - Sync 2 DAGs
[2024-10-16T12:52:03.891+0000] {logging_mixin.py:190} INFO - [2024-10-16T12:52:03.891+0000] {dag.py:4180} INFO - Setting next_dagrun for example_xcom_args to None, run_after=None
[2024-10-16T12:52:03.900+0000] {logging_mixin.py:190} INFO - [2024-10-16T12:52:03.900+0000] {dag.py:4180} INFO - Setting next_dagrun for example_xcom_args_with_operators to None, run_after=None
[2024-10-16T12:52:03.927+0000] {processor.py:208} INFO - Processing /home/airflow/.local/lib/python3.12/site-packages/airflow/example_dags/example_xcomargs.py took 0.117 seconds
[2024-10-16T12:52:34.347+0000] {processor.py:186} INFO - Started process (PID=341) to work on /home/airflow/.local/lib/python3.12/site-packages/airflow/example_dags/example_xcomargs.py
[2024-10-16T12:52:34.348+0000] {processor.py:914} INFO - Processing file /home/airflow/.local/lib/python3.12/site-packages/airflow/example_dags/example_xcomargs.py for tasks to queue
[2024-10-16T12:52:34.350+0000] {logging_mixin.py:190} INFO - [2024-10-16T12:52:34.350+0000] {dagbag.py:588} INFO - Filling up the DagBag from /home/airflow/.local/lib/python3.12/site-packages/airflow/example_dags/example_xcomargs.py
[2024-10-16T12:52:34.358+0000] {processor.py:925} INFO - DAG(s) 'example_xcom_args_with_operators', 'example_xcom_args' retrieved from /home/airflow/.local/lib/python3.12/site-packages/airflow/example_dags/example_xcomargs.py
[2024-10-16T12:52:34.376+0000] {logging_mixin.py:190} INFO - [2024-10-16T12:52:34.375+0000] {dag.py:3239} INFO - Sync 2 DAGs
[2024-10-16T12:52:34.392+0000] {logging_mixin.py:190} INFO - [2024-10-16T12:52:34.392+0000] {dag.py:4180} INFO - Setting next_dagrun for example_xcom_args to None, run_after=None
[2024-10-16T12:52:34.397+0000] {logging_mixin.py:190} INFO - [2024-10-16T12:52:34.397+0000] {dag.py:4180} INFO - Setting next_dagrun for example_xcom_args_with_operators to None, run_after=None
[2024-10-16T12:52:34.419+0000] {processor.py:208} INFO - Processing /home/airflow/.local/lib/python3.12/site-packages/airflow/example_dags/example_xcomargs.py took 0.076 seconds
[2024-10-16T12:53:05.324+0000] {processor.py:186} INFO - Started process (PID=403) to work on /home/airflow/.local/lib/python3.12/site-packages/airflow/example_dags/example_xcomargs.py
[2024-10-16T12:53:05.326+0000] {processor.py:914} INFO - Processing file /home/airflow/.local/lib/python3.12/site-packages/airflow/example_dags/example_xcomargs.py for tasks to queue
[2024-10-16T12:53:05.328+0000] {logging_mixin.py:190} INFO - [2024-10-16T12:53:05.328+0000] {dagbag.py:588} INFO - Filling up the DagBag from /home/airflow/.local/lib/python3.12/site-packages/airflow/example_dags/example_xcomargs.py
[2024-10-16T12:53:05.340+0000] {processor.py:925} INFO - DAG(s) 'example_xcom_args_with_operators', 'example_xcom_args' retrieved from /home/airflow/.local/lib/python3.12/site-packages/airflow/example_dags/example_xcomargs.py
[2024-10-16T12:53:05.373+0000] {logging_mixin.py:190} INFO - [2024-10-16T12:53:05.373+0000] {dag.py:3239} INFO - Sync 2 DAGs
[2024-10-16T12:53:05.385+0000] {logging_mixin.py:190} INFO - [2024-10-16T12:53:05.385+0000] {dag.py:4180} INFO - Setting next_dagrun for example_xcom_args to None, run_after=None
[2024-10-16T12:53:05.393+0000] {logging_mixin.py:190} INFO - [2024-10-16T12:53:05.393+0000] {dag.py:4180} INFO - Setting next_dagrun for example_xcom_args_with_operators to None, run_after=None
[2024-10-16T12:53:05.416+0000] {processor.py:208} INFO - Processing /home/airflow/.local/lib/python3.12/site-packages/airflow/example_dags/example_xcomargs.py took 0.097 seconds
[2024-10-16T12:53:36.367+0000] {processor.py:186} INFO - Started process (PID=465) to work on /home/airflow/.local/lib/python3.12/site-packages/airflow/example_dags/example_xcomargs.py
[2024-10-16T12:53:36.369+0000] {processor.py:914} INFO - Processing file /home/airflow/.local/lib/python3.12/site-packages/airflow/example_dags/example_xcomargs.py for tasks to queue
[2024-10-16T12:53:36.371+0000] {logging_mixin.py:190} INFO - [2024-10-16T12:53:36.371+0000] {dagbag.py:588} INFO - Filling up the DagBag from /home/airflow/.local/lib/python3.12/site-packages/airflow/example_dags/example_xcomargs.py
[2024-10-16T12:53:36.383+0000] {processor.py:925} INFO - DAG(s) 'example_xcom_args', 'example_xcom_args_with_operators' retrieved from /home/airflow/.local/lib/python3.12/site-packages/airflow/example_dags/example_xcomargs.py
[2024-10-16T12:53:36.416+0000] {logging_mixin.py:190} INFO - [2024-10-16T12:53:36.415+0000] {dag.py:3239} INFO - Sync 2 DAGs
[2024-10-16T12:53:36.435+0000] {logging_mixin.py:190} INFO - [2024-10-16T12:53:36.435+0000] {dag.py:4180} INFO - Setting next_dagrun for example_xcom_args to None, run_after=None
[2024-10-16T12:53:36.440+0000] {logging_mixin.py:190} INFO - [2024-10-16T12:53:36.440+0000] {dag.py:4180} INFO - Setting next_dagrun for example_xcom_args_with_operators to None, run_after=None
[2024-10-16T12:53:36.466+0000] {processor.py:208} INFO - Processing /home/airflow/.local/lib/python3.12/site-packages/airflow/example_dags/example_xcomargs.py took 0.107 seconds
[2024-10-16T12:54:06.522+0000] {processor.py:186} INFO - Started process (PID=526) to work on /home/airflow/.local/lib/python3.12/site-packages/airflow/example_dags/example_xcomargs.py
[2024-10-16T12:54:06.523+0000] {processor.py:914} INFO - Processing file /home/airflow/.local/lib/python3.12/site-packages/airflow/example_dags/example_xcomargs.py for tasks to queue
[2024-10-16T12:54:06.527+0000] {logging_mixin.py:190} INFO - [2024-10-16T12:54:06.526+0000] {dagbag.py:588} INFO - Filling up the DagBag from /home/airflow/.local/lib/python3.12/site-packages/airflow/example_dags/example_xcomargs.py
[2024-10-16T12:54:06.538+0000] {processor.py:925} INFO - DAG(s) 'example_xcom_args', 'example_xcom_args_with_operators' retrieved from /home/airflow/.local/lib/python3.12/site-packages/airflow/example_dags/example_xcomargs.py
[2024-10-16T12:54:06.566+0000] {logging_mixin.py:190} INFO - [2024-10-16T12:54:06.566+0000] {dag.py:3239} INFO - Sync 2 DAGs
[2024-10-16T12:54:06.584+0000] {logging_mixin.py:190} INFO - [2024-10-16T12:54:06.583+0000] {dag.py:4180} INFO - Setting next_dagrun for example_xcom_args to None, run_after=None
[2024-10-16T12:54:06.591+0000] {logging_mixin.py:190} INFO - [2024-10-16T12:54:06.590+0000] {dag.py:4180} INFO - Setting next_dagrun for example_xcom_args_with_operators to None, run_after=None
[2024-10-16T12:54:06.611+0000] {processor.py:208} INFO - Processing /home/airflow/.local/lib/python3.12/site-packages/airflow/example_dags/example_xcomargs.py took 0.094 seconds
[2024-10-16T12:54:39.041+0000] {processor.py:186} INFO - Started process (PID=589) to work on /home/airflow/.local/lib/python3.12/site-packages/airflow/example_dags/example_xcomargs.py
[2024-10-16T12:54:39.043+0000] {processor.py:914} INFO - Processing file /home/airflow/.local/lib/python3.12/site-packages/airflow/example_dags/example_xcomargs.py for tasks to queue
[2024-10-16T12:54:39.048+0000] {logging_mixin.py:190} INFO - [2024-10-16T12:54:39.048+0000] {dagbag.py:588} INFO - Filling up the DagBag from /home/airflow/.local/lib/python3.12/site-packages/airflow/example_dags/example_xcomargs.py
[2024-10-16T12:54:39.064+0000] {processor.py:925} INFO - DAG(s) 'example_xcom_args_with_operators', 'example_xcom_args' retrieved from /home/airflow/.local/lib/python3.12/site-packages/airflow/example_dags/example_xcomargs.py
[2024-10-16T12:54:39.095+0000] {logging_mixin.py:190} INFO - [2024-10-16T12:54:39.094+0000] {dag.py:3239} INFO - Sync 2 DAGs
[2024-10-16T12:54:39.116+0000] {logging_mixin.py:190} INFO - [2024-10-16T12:54:39.116+0000] {dag.py:4180} INFO - Setting next_dagrun for example_xcom_args to None, run_after=None
[2024-10-16T12:54:39.121+0000] {logging_mixin.py:190} INFO - [2024-10-16T12:54:39.121+0000] {dag.py:4180} INFO - Setting next_dagrun for example_xcom_args_with_operators to None, run_after=None
[2024-10-16T12:54:39.147+0000] {processor.py:208} INFO - Processing /home/airflow/.local/lib/python3.12/site-packages/airflow/example_dags/example_xcomargs.py took 0.118 seconds
[2024-10-16T12:55:09.522+0000] {processor.py:186} INFO - Started process (PID=652) to work on /home/airflow/.local/lib/python3.12/site-packages/airflow/example_dags/example_xcomargs.py
[2024-10-16T12:55:09.524+0000] {processor.py:914} INFO - Processing file /home/airflow/.local/lib/python3.12/site-packages/airflow/example_dags/example_xcomargs.py for tasks to queue
[2024-10-16T12:55:09.526+0000] {logging_mixin.py:190} INFO - [2024-10-16T12:55:09.526+0000] {dagbag.py:588} INFO - Filling up the DagBag from /home/airflow/.local/lib/python3.12/site-packages/airflow/example_dags/example_xcomargs.py
[2024-10-16T12:55:09.538+0000] {processor.py:925} INFO - DAG(s) 'example_xcom_args_with_operators', 'example_xcom_args' retrieved from /home/airflow/.local/lib/python3.12/site-packages/airflow/example_dags/example_xcomargs.py
[2024-10-16T12:55:09.563+0000] {logging_mixin.py:190} INFO - [2024-10-16T12:55:09.563+0000] {dag.py:3239} INFO - Sync 2 DAGs
[2024-10-16T12:55:09.575+0000] {logging_mixin.py:190} INFO - [2024-10-16T12:55:09.575+0000] {dag.py:4180} INFO - Setting next_dagrun for example_xcom_args to None, run_after=None
[2024-10-16T12:55:09.579+0000] {logging_mixin.py:190} INFO - [2024-10-16T12:55:09.579+0000] {dag.py:4180} INFO - Setting next_dagrun for example_xcom_args_with_operators to None, run_after=None
[2024-10-16T12:55:09.597+0000] {processor.py:208} INFO - Processing /home/airflow/.local/lib/python3.12/site-packages/airflow/example_dags/example_xcomargs.py took 0.081 seconds
[2024-10-16T12:55:40.168+0000] {processor.py:186} INFO - Started process (PID=714) to work on /home/airflow/.local/lib/python3.12/site-packages/airflow/example_dags/example_xcomargs.py
[2024-10-16T12:55:40.170+0000] {processor.py:914} INFO - Processing file /home/airflow/.local/lib/python3.12/site-packages/airflow/example_dags/example_xcomargs.py for tasks to queue
[2024-10-16T12:55:40.173+0000] {logging_mixin.py:190} INFO - [2024-10-16T12:55:40.173+0000] {dagbag.py:588} INFO - Filling up the DagBag from /home/airflow/.local/lib/python3.12/site-packages/airflow/example_dags/example_xcomargs.py
[2024-10-16T12:55:40.181+0000] {processor.py:925} INFO - DAG(s) 'example_xcom_args_with_operators', 'example_xcom_args' retrieved from /home/airflow/.local/lib/python3.12/site-packages/airflow/example_dags/example_xcomargs.py
[2024-10-16T12:55:40.202+0000] {logging_mixin.py:190} INFO - [2024-10-16T12:55:40.201+0000] {dag.py:3239} INFO - Sync 2 DAGs
[2024-10-16T12:55:40.215+0000] {logging_mixin.py:190} INFO - [2024-10-16T12:55:40.214+0000] {dag.py:4180} INFO - Setting next_dagrun for example_xcom_args to None, run_after=None
[2024-10-16T12:55:40.218+0000] {logging_mixin.py:190} INFO - [2024-10-16T12:55:40.218+0000] {dag.py:4180} INFO - Setting next_dagrun for example_xcom_args_with_operators to None, run_after=None
[2024-10-16T12:55:40.247+0000] {processor.py:208} INFO - Processing /home/airflow/.local/lib/python3.12/site-packages/airflow/example_dags/example_xcomargs.py took 0.084 seconds
[2024-10-16T12:56:11.178+0000] {processor.py:186} INFO - Started process (PID=776) to work on /home/airflow/.local/lib/python3.12/site-packages/airflow/example_dags/example_xcomargs.py
[2024-10-16T12:56:11.180+0000] {processor.py:914} INFO - Processing file /home/airflow/.local/lib/python3.12/site-packages/airflow/example_dags/example_xcomargs.py for tasks to queue
[2024-10-16T12:56:11.185+0000] {logging_mixin.py:190} INFO - [2024-10-16T12:56:11.184+0000] {dagbag.py:588} INFO - Filling up the DagBag from /home/airflow/.local/lib/python3.12/site-packages/airflow/example_dags/example_xcomargs.py
[2024-10-16T12:56:11.199+0000] {processor.py:925} INFO - DAG(s) 'example_xcom_args', 'example_xcom_args_with_operators' retrieved from /home/airflow/.local/lib/python3.12/site-packages/airflow/example_dags/example_xcomargs.py
[2024-10-16T12:56:11.225+0000] {logging_mixin.py:190} INFO - [2024-10-16T12:56:11.224+0000] {dag.py:3239} INFO - Sync 2 DAGs
[2024-10-16T12:56:11.243+0000] {logging_mixin.py:190} INFO - [2024-10-16T12:56:11.243+0000] {dag.py:4180} INFO - Setting next_dagrun for example_xcom_args to None, run_after=None
[2024-10-16T12:56:11.247+0000] {logging_mixin.py:190} INFO - [2024-10-16T12:56:11.247+0000] {dag.py:4180} INFO - Setting next_dagrun for example_xcom_args_with_operators to None, run_after=None
[2024-10-16T12:56:11.278+0000] {processor.py:208} INFO - Processing /home/airflow/.local/lib/python3.12/site-packages/airflow/example_dags/example_xcomargs.py took 0.108 seconds
[2024-10-16T12:56:42.311+0000] {processor.py:186} INFO - Started process (PID=838) to work on /home/airflow/.local/lib/python3.12/site-packages/airflow/example_dags/example_xcomargs.py
[2024-10-16T12:56:42.313+0000] {processor.py:914} INFO - Processing file /home/airflow/.local/lib/python3.12/site-packages/airflow/example_dags/example_xcomargs.py for tasks to queue
[2024-10-16T12:56:42.315+0000] {logging_mixin.py:190} INFO - [2024-10-16T12:56:42.315+0000] {dagbag.py:588} INFO - Filling up the DagBag from /home/airflow/.local/lib/python3.12/site-packages/airflow/example_dags/example_xcomargs.py
[2024-10-16T12:56:42.327+0000] {processor.py:925} INFO - DAG(s) 'example_xcom_args', 'example_xcom_args_with_operators' retrieved from /home/airflow/.local/lib/python3.12/site-packages/airflow/example_dags/example_xcomargs.py
[2024-10-16T12:56:42.366+0000] {logging_mixin.py:190} INFO - [2024-10-16T12:56:42.366+0000] {dag.py:3239} INFO - Sync 2 DAGs
[2024-10-16T12:56:42.392+0000] {logging_mixin.py:190} INFO - [2024-10-16T12:56:42.392+0000] {dag.py:4180} INFO - Setting next_dagrun for example_xcom_args to None, run_after=None
[2024-10-16T12:56:42.398+0000] {logging_mixin.py:190} INFO - [2024-10-16T12:56:42.398+0000] {dag.py:4180} INFO - Setting next_dagrun for example_xcom_args_with_operators to None, run_after=None
[2024-10-16T12:56:42.431+0000] {processor.py:208} INFO - Processing /home/airflow/.local/lib/python3.12/site-packages/airflow/example_dags/example_xcomargs.py took 0.127 seconds
[2024-10-16T12:57:12.997+0000] {processor.py:186} INFO - Started process (PID=900) to work on /home/airflow/.local/lib/python3.12/site-packages/airflow/example_dags/example_xcomargs.py
[2024-10-16T12:57:12.998+0000] {processor.py:914} INFO - Processing file /home/airflow/.local/lib/python3.12/site-packages/airflow/example_dags/example_xcomargs.py for tasks to queue
[2024-10-16T12:57:13.001+0000] {logging_mixin.py:190} INFO - [2024-10-16T12:57:13.000+0000] {dagbag.py:588} INFO - Filling up the DagBag from /home/airflow/.local/lib/python3.12/site-packages/airflow/example_dags/example_xcomargs.py
[2024-10-16T12:57:13.012+0000] {processor.py:925} INFO - DAG(s) 'example_xcom_args_with_operators', 'example_xcom_args' retrieved from /home/airflow/.local/lib/python3.12/site-packages/airflow/example_dags/example_xcomargs.py
[2024-10-16T12:57:13.039+0000] {logging_mixin.py:190} INFO - [2024-10-16T12:57:13.039+0000] {dag.py:3239} INFO - Sync 2 DAGs
[2024-10-16T12:57:13.129+0000] {logging_mixin.py:190} INFO - [2024-10-16T12:57:13.128+0000] {dag.py:4180} INFO - Setting next_dagrun for example_xcom_args to None, run_after=None
[2024-10-16T12:57:13.149+0000] {logging_mixin.py:190} INFO - [2024-10-16T12:57:13.149+0000] {dag.py:4180} INFO - Setting next_dagrun for example_xcom_args_with_operators to None, run_after=None
[2024-10-16T12:57:13.225+0000] {processor.py:208} INFO - Processing /home/airflow/.local/lib/python3.12/site-packages/airflow/example_dags/example_xcomargs.py took 0.235 seconds
[2024-10-16T12:57:43.916+0000] {processor.py:186} INFO - Started process (PID=962) to work on /home/airflow/.local/lib/python3.12/site-packages/airflow/example_dags/example_xcomargs.py
[2024-10-16T12:57:43.918+0000] {processor.py:914} INFO - Processing file /home/airflow/.local/lib/python3.12/site-packages/airflow/example_dags/example_xcomargs.py for tasks to queue
[2024-10-16T12:57:43.921+0000] {logging_mixin.py:190} INFO - [2024-10-16T12:57:43.920+0000] {dagbag.py:588} INFO - Filling up the DagBag from /home/airflow/.local/lib/python3.12/site-packages/airflow/example_dags/example_xcomargs.py
[2024-10-16T12:57:43.948+0000] {processor.py:925} INFO - DAG(s) 'example_xcom_args', 'example_xcom_args_with_operators' retrieved from /home/airflow/.local/lib/python3.12/site-packages/airflow/example_dags/example_xcomargs.py
[2024-10-16T12:57:43.978+0000] {logging_mixin.py:190} INFO - [2024-10-16T12:57:43.978+0000] {dag.py:3239} INFO - Sync 2 DAGs
[2024-10-16T12:57:44.025+0000] {logging_mixin.py:190} INFO - [2024-10-16T12:57:44.025+0000] {dag.py:4180} INFO - Setting next_dagrun for example_xcom_args to None, run_after=None
[2024-10-16T12:57:44.032+0000] {logging_mixin.py:190} INFO - [2024-10-16T12:57:44.032+0000] {dag.py:4180} INFO - Setting next_dagrun for example_xcom_args_with_operators to None, run_after=None
[2024-10-16T12:57:44.059+0000] {processor.py:208} INFO - Processing /home/airflow/.local/lib/python3.12/site-packages/airflow/example_dags/example_xcomargs.py took 0.158 seconds
[2024-10-16T12:58:14.335+0000] {processor.py:186} INFO - Started process (PID=1025) to work on /home/airflow/.local/lib/python3.12/site-packages/airflow/example_dags/example_xcomargs.py
[2024-10-16T12:58:14.336+0000] {processor.py:914} INFO - Processing file /home/airflow/.local/lib/python3.12/site-packages/airflow/example_dags/example_xcomargs.py for tasks to queue
[2024-10-16T12:58:14.339+0000] {logging_mixin.py:190} INFO - [2024-10-16T12:58:14.339+0000] {dagbag.py:588} INFO - Filling up the DagBag from /home/airflow/.local/lib/python3.12/site-packages/airflow/example_dags/example_xcomargs.py
[2024-10-16T12:58:14.353+0000] {processor.py:925} INFO - DAG(s) 'example_xcom_args_with_operators', 'example_xcom_args' retrieved from /home/airflow/.local/lib/python3.12/site-packages/airflow/example_dags/example_xcomargs.py
[2024-10-16T12:58:14.382+0000] {logging_mixin.py:190} INFO - [2024-10-16T12:58:14.382+0000] {dag.py:3239} INFO - Sync 2 DAGs
[2024-10-16T12:58:14.402+0000] {logging_mixin.py:190} INFO - [2024-10-16T12:58:14.402+0000] {dag.py:4180} INFO - Setting next_dagrun for example_xcom_args to None, run_after=None
[2024-10-16T12:58:14.407+0000] {logging_mixin.py:190} INFO - [2024-10-16T12:58:14.407+0000] {dag.py:4180} INFO - Setting next_dagrun for example_xcom_args_with_operators to None, run_after=None
[2024-10-16T12:58:14.436+0000] {processor.py:208} INFO - Processing /home/airflow/.local/lib/python3.12/site-packages/airflow/example_dags/example_xcomargs.py took 0.109 seconds
[2024-10-16T12:58:45.056+0000] {processor.py:186} INFO - Started process (PID=1087) to work on /home/airflow/.local/lib/python3.12/site-packages/airflow/example_dags/example_xcomargs.py
[2024-10-16T12:58:45.103+0000] {processor.py:914} INFO - Processing file /home/airflow/.local/lib/python3.12/site-packages/airflow/example_dags/example_xcomargs.py for tasks to queue
[2024-10-16T12:58:45.122+0000] {logging_mixin.py:190} INFO - [2024-10-16T12:58:45.121+0000] {dagbag.py:588} INFO - Filling up the DagBag from /home/airflow/.local/lib/python3.12/site-packages/airflow/example_dags/example_xcomargs.py
[2024-10-16T12:58:45.155+0000] {processor.py:925} INFO - DAG(s) 'example_xcom_args_with_operators', 'example_xcom_args' retrieved from /home/airflow/.local/lib/python3.12/site-packages/airflow/example_dags/example_xcomargs.py
[2024-10-16T12:58:45.191+0000] {logging_mixin.py:190} INFO - [2024-10-16T12:58:45.191+0000] {dag.py:3239} INFO - Sync 2 DAGs
[2024-10-16T12:58:45.213+0000] {logging_mixin.py:190} INFO - [2024-10-16T12:58:45.213+0000] {dag.py:4180} INFO - Setting next_dagrun for example_xcom_args to None, run_after=None
[2024-10-16T12:58:45.218+0000] {logging_mixin.py:190} INFO - [2024-10-16T12:58:45.218+0000] {dag.py:4180} INFO - Setting next_dagrun for example_xcom_args_with_operators to None, run_after=None
[2024-10-16T12:58:45.260+0000] {processor.py:208} INFO - Processing /home/airflow/.local/lib/python3.12/site-packages/airflow/example_dags/example_xcomargs.py took 0.212 seconds
[2024-10-16T12:59:15.983+0000] {processor.py:186} INFO - Started process (PID=1153) to work on /home/airflow/.local/lib/python3.12/site-packages/airflow/example_dags/example_xcomargs.py
[2024-10-16T12:59:15.989+0000] {processor.py:914} INFO - Processing file /home/airflow/.local/lib/python3.12/site-packages/airflow/example_dags/example_xcomargs.py for tasks to queue
[2024-10-16T12:59:15.992+0000] {logging_mixin.py:190} INFO - [2024-10-16T12:59:15.992+0000] {dagbag.py:588} INFO - Filling up the DagBag from /home/airflow/.local/lib/python3.12/site-packages/airflow/example_dags/example_xcomargs.py
[2024-10-16T12:59:16.004+0000] {processor.py:925} INFO - DAG(s) 'example_xcom_args', 'example_xcom_args_with_operators' retrieved from /home/airflow/.local/lib/python3.12/site-packages/airflow/example_dags/example_xcomargs.py
[2024-10-16T12:59:16.032+0000] {logging_mixin.py:190} INFO - [2024-10-16T12:59:16.032+0000] {dag.py:3239} INFO - Sync 2 DAGs
[2024-10-16T12:59:16.050+0000] {logging_mixin.py:190} INFO - [2024-10-16T12:59:16.050+0000] {dag.py:4180} INFO - Setting next_dagrun for example_xcom_args to None, run_after=None
[2024-10-16T12:59:16.054+0000] {logging_mixin.py:190} INFO - [2024-10-16T12:59:16.054+0000] {dag.py:4180} INFO - Setting next_dagrun for example_xcom_args_with_operators to None, run_after=None
[2024-10-16T12:59:16.080+0000] {processor.py:208} INFO - Processing /home/airflow/.local/lib/python3.12/site-packages/airflow/example_dags/example_xcomargs.py took 0.106 seconds
[2024-10-16T12:59:46.214+0000] {processor.py:186} INFO - Started process (PID=1221) to work on /home/airflow/.local/lib/python3.12/site-packages/airflow/example_dags/example_xcomargs.py
[2024-10-16T12:59:46.215+0000] {processor.py:914} INFO - Processing file /home/airflow/.local/lib/python3.12/site-packages/airflow/example_dags/example_xcomargs.py for tasks to queue
[2024-10-16T12:59:46.218+0000] {logging_mixin.py:190} INFO - [2024-10-16T12:59:46.218+0000] {dagbag.py:588} INFO - Filling up the DagBag from /home/airflow/.local/lib/python3.12/site-packages/airflow/example_dags/example_xcomargs.py
[2024-10-16T12:59:46.229+0000] {processor.py:925} INFO - DAG(s) 'example_xcom_args_with_operators', 'example_xcom_args' retrieved from /home/airflow/.local/lib/python3.12/site-packages/airflow/example_dags/example_xcomargs.py
[2024-10-16T12:59:46.255+0000] {logging_mixin.py:190} INFO - [2024-10-16T12:59:46.255+0000] {dag.py:3239} INFO - Sync 2 DAGs
[2024-10-16T12:59:46.273+0000] {logging_mixin.py:190} INFO - [2024-10-16T12:59:46.273+0000] {dag.py:4180} INFO - Setting next_dagrun for example_xcom_args to None, run_after=None
[2024-10-16T12:59:46.277+0000] {logging_mixin.py:190} INFO - [2024-10-16T12:59:46.277+0000] {dag.py:4180} INFO - Setting next_dagrun for example_xcom_args_with_operators to None, run_after=None
[2024-10-16T12:59:46.300+0000] {processor.py:208} INFO - Processing /home/airflow/.local/lib/python3.12/site-packages/airflow/example_dags/example_xcomargs.py took 0.094 seconds
[2024-10-16T13:00:16.597+0000] {processor.py:186} INFO - Started process (PID=1282) to work on /home/airflow/.local/lib/python3.12/site-packages/airflow/example_dags/example_xcomargs.py
[2024-10-16T13:00:16.599+0000] {processor.py:914} INFO - Processing file /home/airflow/.local/lib/python3.12/site-packages/airflow/example_dags/example_xcomargs.py for tasks to queue
[2024-10-16T13:00:16.602+0000] {logging_mixin.py:190} INFO - [2024-10-16T13:00:16.602+0000] {dagbag.py:588} INFO - Filling up the DagBag from /home/airflow/.local/lib/python3.12/site-packages/airflow/example_dags/example_xcomargs.py
[2024-10-16T13:00:16.614+0000] {processor.py:925} INFO - DAG(s) 'example_xcom_args_with_operators', 'example_xcom_args' retrieved from /home/airflow/.local/lib/python3.12/site-packages/airflow/example_dags/example_xcomargs.py
[2024-10-16T13:00:16.642+0000] {logging_mixin.py:190} INFO - [2024-10-16T13:00:16.642+0000] {dag.py:3239} INFO - Sync 2 DAGs
[2024-10-16T13:00:16.664+0000] {logging_mixin.py:190} INFO - [2024-10-16T13:00:16.663+0000] {dag.py:4180} INFO - Setting next_dagrun for example_xcom_args to None, run_after=None
[2024-10-16T13:00:16.668+0000] {logging_mixin.py:190} INFO - [2024-10-16T13:00:16.668+0000] {dag.py:4180} INFO - Setting next_dagrun for example_xcom_args_with_operators to None, run_after=None
[2024-10-16T13:00:16.695+0000] {processor.py:208} INFO - Processing /home/airflow/.local/lib/python3.12/site-packages/airflow/example_dags/example_xcomargs.py took 0.106 seconds
[2024-10-16T13:00:46.756+0000] {processor.py:186} INFO - Started process (PID=1344) to work on /home/airflow/.local/lib/python3.12/site-packages/airflow/example_dags/example_xcomargs.py
[2024-10-16T13:00:46.758+0000] {processor.py:914} INFO - Processing file /home/airflow/.local/lib/python3.12/site-packages/airflow/example_dags/example_xcomargs.py for tasks to queue
[2024-10-16T13:00:46.761+0000] {logging_mixin.py:190} INFO - [2024-10-16T13:00:46.761+0000] {dagbag.py:588} INFO - Filling up the DagBag from /home/airflow/.local/lib/python3.12/site-packages/airflow/example_dags/example_xcomargs.py
[2024-10-16T13:00:46.775+0000] {processor.py:925} INFO - DAG(s) 'example_xcom_args_with_operators', 'example_xcom_args' retrieved from /home/airflow/.local/lib/python3.12/site-packages/airflow/example_dags/example_xcomargs.py
[2024-10-16T13:00:46.802+0000] {logging_mixin.py:190} INFO - [2024-10-16T13:00:46.801+0000] {dag.py:3239} INFO - Sync 2 DAGs
[2024-10-16T13:00:46.820+0000] {logging_mixin.py:190} INFO - [2024-10-16T13:00:46.819+0000] {dag.py:4180} INFO - Setting next_dagrun for example_xcom_args to None, run_after=None
[2024-10-16T13:00:46.825+0000] {logging_mixin.py:190} INFO - [2024-10-16T13:00:46.825+0000] {dag.py:4180} INFO - Setting next_dagrun for example_xcom_args_with_operators to None, run_after=None
[2024-10-16T13:00:46.848+0000] {processor.py:208} INFO - Processing /home/airflow/.local/lib/python3.12/site-packages/airflow/example_dags/example_xcomargs.py took 0.099 seconds
[2024-10-16T13:01:17.086+0000] {processor.py:186} INFO - Started process (PID=1404) to work on /home/airflow/.local/lib/python3.12/site-packages/airflow/example_dags/example_xcomargs.py
[2024-10-16T13:01:17.087+0000] {processor.py:914} INFO - Processing file /home/airflow/.local/lib/python3.12/site-packages/airflow/example_dags/example_xcomargs.py for tasks to queue
[2024-10-16T13:01:17.090+0000] {logging_mixin.py:190} INFO - [2024-10-16T13:01:17.089+0000] {dagbag.py:588} INFO - Filling up the DagBag from /home/airflow/.local/lib/python3.12/site-packages/airflow/example_dags/example_xcomargs.py
[2024-10-16T13:01:17.102+0000] {processor.py:925} INFO - DAG(s) 'example_xcom_args', 'example_xcom_args_with_operators' retrieved from /home/airflow/.local/lib/python3.12/site-packages/airflow/example_dags/example_xcomargs.py
[2024-10-16T13:01:17.132+0000] {logging_mixin.py:190} INFO - [2024-10-16T13:01:17.132+0000] {dag.py:3239} INFO - Sync 2 DAGs
[2024-10-16T13:01:17.151+0000] {logging_mixin.py:190} INFO - [2024-10-16T13:01:17.151+0000] {dag.py:4180} INFO - Setting next_dagrun for example_xcom_args to None, run_after=None
[2024-10-16T13:01:17.156+0000] {logging_mixin.py:190} INFO - [2024-10-16T13:01:17.156+0000] {dag.py:4180} INFO - Setting next_dagrun for example_xcom_args_with_operators to None, run_after=None
[2024-10-16T13:01:17.181+0000] {processor.py:208} INFO - Processing /home/airflow/.local/lib/python3.12/site-packages/airflow/example_dags/example_xcomargs.py took 0.101 seconds
[2024-10-16T13:01:47.795+0000] {processor.py:186} INFO - Started process (PID=1465) to work on /home/airflow/.local/lib/python3.12/site-packages/airflow/example_dags/example_xcomargs.py
[2024-10-16T13:01:47.796+0000] {processor.py:914} INFO - Processing file /home/airflow/.local/lib/python3.12/site-packages/airflow/example_dags/example_xcomargs.py for tasks to queue
[2024-10-16T13:01:47.799+0000] {logging_mixin.py:190} INFO - [2024-10-16T13:01:47.799+0000] {dagbag.py:588} INFO - Filling up the DagBag from /home/airflow/.local/lib/python3.12/site-packages/airflow/example_dags/example_xcomargs.py
[2024-10-16T13:01:47.806+0000] {processor.py:925} INFO - DAG(s) 'example_xcom_args', 'example_xcom_args_with_operators' retrieved from /home/airflow/.local/lib/python3.12/site-packages/airflow/example_dags/example_xcomargs.py
[2024-10-16T13:01:47.831+0000] {logging_mixin.py:190} INFO - [2024-10-16T13:01:47.831+0000] {dag.py:3239} INFO - Sync 2 DAGs
[2024-10-16T13:01:47.845+0000] {logging_mixin.py:190} INFO - [2024-10-16T13:01:47.845+0000] {dag.py:4180} INFO - Setting next_dagrun for example_xcom_args to None, run_after=None
[2024-10-16T13:01:47.849+0000] {logging_mixin.py:190} INFO - [2024-10-16T13:01:47.849+0000] {dag.py:4180} INFO - Setting next_dagrun for example_xcom_args_with_operators to None, run_after=None
[2024-10-16T13:01:47.871+0000] {processor.py:208} INFO - Processing /home/airflow/.local/lib/python3.12/site-packages/airflow/example_dags/example_xcomargs.py took 0.084 seconds
[2024-10-16T13:02:18.636+0000] {processor.py:186} INFO - Started process (PID=1528) to work on /home/airflow/.local/lib/python3.12/site-packages/airflow/example_dags/example_xcomargs.py
[2024-10-16T13:02:18.638+0000] {processor.py:914} INFO - Processing file /home/airflow/.local/lib/python3.12/site-packages/airflow/example_dags/example_xcomargs.py for tasks to queue
[2024-10-16T13:02:18.643+0000] {logging_mixin.py:190} INFO - [2024-10-16T13:02:18.642+0000] {dagbag.py:588} INFO - Filling up the DagBag from /home/airflow/.local/lib/python3.12/site-packages/airflow/example_dags/example_xcomargs.py
[2024-10-16T13:02:18.658+0000] {processor.py:925} INFO - DAG(s) 'example_xcom_args', 'example_xcom_args_with_operators' retrieved from /home/airflow/.local/lib/python3.12/site-packages/airflow/example_dags/example_xcomargs.py
[2024-10-16T13:02:18.703+0000] {logging_mixin.py:190} INFO - [2024-10-16T13:02:18.702+0000] {dag.py:3239} INFO - Sync 2 DAGs
[2024-10-16T13:02:18.732+0000] {logging_mixin.py:190} INFO - [2024-10-16T13:02:18.731+0000] {dag.py:4180} INFO - Setting next_dagrun for example_xcom_args to None, run_after=None
[2024-10-16T13:02:18.741+0000] {logging_mixin.py:190} INFO - [2024-10-16T13:02:18.740+0000] {dag.py:4180} INFO - Setting next_dagrun for example_xcom_args_with_operators to None, run_after=None
[2024-10-16T13:02:18.779+0000] {processor.py:208} INFO - Processing /home/airflow/.local/lib/python3.12/site-packages/airflow/example_dags/example_xcomargs.py took 0.152 seconds
[2024-10-16T13:02:49.089+0000] {processor.py:186} INFO - Started process (PID=1590) to work on /home/airflow/.local/lib/python3.12/site-packages/airflow/example_dags/example_xcomargs.py
[2024-10-16T13:02:49.090+0000] {processor.py:914} INFO - Processing file /home/airflow/.local/lib/python3.12/site-packages/airflow/example_dags/example_xcomargs.py for tasks to queue
[2024-10-16T13:02:49.093+0000] {logging_mixin.py:190} INFO - [2024-10-16T13:02:49.092+0000] {dagbag.py:588} INFO - Filling up the DagBag from /home/airflow/.local/lib/python3.12/site-packages/airflow/example_dags/example_xcomargs.py
[2024-10-16T13:02:49.106+0000] {processor.py:925} INFO - DAG(s) 'example_xcom_args', 'example_xcom_args_with_operators' retrieved from /home/airflow/.local/lib/python3.12/site-packages/airflow/example_dags/example_xcomargs.py
[2024-10-16T13:02:49.142+0000] {logging_mixin.py:190} INFO - [2024-10-16T13:02:49.142+0000] {dag.py:3239} INFO - Sync 2 DAGs
[2024-10-16T13:02:49.160+0000] {logging_mixin.py:190} INFO - [2024-10-16T13:02:49.160+0000] {dag.py:4180} INFO - Setting next_dagrun for example_xcom_args to None, run_after=None
[2024-10-16T13:02:49.166+0000] {logging_mixin.py:190} INFO - [2024-10-16T13:02:49.165+0000] {dag.py:4180} INFO - Setting next_dagrun for example_xcom_args_with_operators to None, run_after=None
[2024-10-16T13:02:49.189+0000] {processor.py:208} INFO - Processing /home/airflow/.local/lib/python3.12/site-packages/airflow/example_dags/example_xcomargs.py took 0.109 seconds
[2024-10-16T13:03:20.641+0000] {processor.py:186} INFO - Started process (PID=1653) to work on /home/airflow/.local/lib/python3.12/site-packages/airflow/example_dags/example_xcomargs.py
[2024-10-16T13:03:20.643+0000] {processor.py:914} INFO - Processing file /home/airflow/.local/lib/python3.12/site-packages/airflow/example_dags/example_xcomargs.py for tasks to queue
[2024-10-16T13:03:20.646+0000] {logging_mixin.py:190} INFO - [2024-10-16T13:03:20.645+0000] {dagbag.py:588} INFO - Filling up the DagBag from /home/airflow/.local/lib/python3.12/site-packages/airflow/example_dags/example_xcomargs.py
[2024-10-16T13:03:20.658+0000] {processor.py:925} INFO - DAG(s) 'example_xcom_args_with_operators', 'example_xcom_args' retrieved from /home/airflow/.local/lib/python3.12/site-packages/airflow/example_dags/example_xcomargs.py
[2024-10-16T13:03:20.685+0000] {logging_mixin.py:190} INFO - [2024-10-16T13:03:20.685+0000] {dag.py:3239} INFO - Sync 2 DAGs
[2024-10-16T13:03:20.701+0000] {logging_mixin.py:190} INFO - [2024-10-16T13:03:20.701+0000] {dag.py:4180} INFO - Setting next_dagrun for example_xcom_args to None, run_after=None
[2024-10-16T13:03:20.706+0000] {logging_mixin.py:190} INFO - [2024-10-16T13:03:20.705+0000] {dag.py:4180} INFO - Setting next_dagrun for example_xcom_args_with_operators to None, run_after=None
[2024-10-16T13:03:20.748+0000] {processor.py:208} INFO - Processing /home/airflow/.local/lib/python3.12/site-packages/airflow/example_dags/example_xcomargs.py took 0.114 seconds
[2024-10-16T13:03:51.424+0000] {processor.py:186} INFO - Started process (PID=1715) to work on /home/airflow/.local/lib/python3.12/site-packages/airflow/example_dags/example_xcomargs.py
[2024-10-16T13:03:51.426+0000] {processor.py:914} INFO - Processing file /home/airflow/.local/lib/python3.12/site-packages/airflow/example_dags/example_xcomargs.py for tasks to queue
[2024-10-16T13:03:51.429+0000] {logging_mixin.py:190} INFO - [2024-10-16T13:03:51.428+0000] {dagbag.py:588} INFO - Filling up the DagBag from /home/airflow/.local/lib/python3.12/site-packages/airflow/example_dags/example_xcomargs.py
[2024-10-16T13:03:51.439+0000] {processor.py:925} INFO - DAG(s) 'example_xcom_args', 'example_xcom_args_with_operators' retrieved from /home/airflow/.local/lib/python3.12/site-packages/airflow/example_dags/example_xcomargs.py
[2024-10-16T13:03:51.462+0000] {logging_mixin.py:190} INFO - [2024-10-16T13:03:51.462+0000] {dag.py:3239} INFO - Sync 2 DAGs
[2024-10-16T13:03:51.475+0000] {logging_mixin.py:190} INFO - [2024-10-16T13:03:51.475+0000] {dag.py:4180} INFO - Setting next_dagrun for example_xcom_args to None, run_after=None
[2024-10-16T13:03:51.478+0000] {logging_mixin.py:190} INFO - [2024-10-16T13:03:51.478+0000] {dag.py:4180} INFO - Setting next_dagrun for example_xcom_args_with_operators to None, run_after=None
[2024-10-16T13:03:51.499+0000] {processor.py:208} INFO - Processing /home/airflow/.local/lib/python3.12/site-packages/airflow/example_dags/example_xcomargs.py took 0.082 seconds
[2024-10-16T13:04:21.832+0000] {processor.py:186} INFO - Started process (PID=1777) to work on /home/airflow/.local/lib/python3.12/site-packages/airflow/example_dags/example_xcomargs.py
[2024-10-16T13:04:21.835+0000] {processor.py:914} INFO - Processing file /home/airflow/.local/lib/python3.12/site-packages/airflow/example_dags/example_xcomargs.py for tasks to queue
[2024-10-16T13:04:21.839+0000] {logging_mixin.py:190} INFO - [2024-10-16T13:04:21.838+0000] {dagbag.py:588} INFO - Filling up the DagBag from /home/airflow/.local/lib/python3.12/site-packages/airflow/example_dags/example_xcomargs.py
[2024-10-16T13:04:21.851+0000] {processor.py:925} INFO - DAG(s) 'example_xcom_args_with_operators', 'example_xcom_args' retrieved from /home/airflow/.local/lib/python3.12/site-packages/airflow/example_dags/example_xcomargs.py
[2024-10-16T13:04:21.889+0000] {logging_mixin.py:190} INFO - [2024-10-16T13:04:21.888+0000] {dag.py:3239} INFO - Sync 2 DAGs
[2024-10-16T13:04:21.922+0000] {logging_mixin.py:190} INFO - [2024-10-16T13:04:21.922+0000] {dag.py:4180} INFO - Setting next_dagrun for example_xcom_args to None, run_after=None
[2024-10-16T13:04:21.931+0000] {logging_mixin.py:190} INFO - [2024-10-16T13:04:21.930+0000] {dag.py:4180} INFO - Setting next_dagrun for example_xcom_args_with_operators to None, run_after=None
[2024-10-16T13:04:21.953+0000] {processor.py:208} INFO - Processing /home/airflow/.local/lib/python3.12/site-packages/airflow/example_dags/example_xcomargs.py took 0.130 seconds
[2024-10-16T13:08:05.957+0000] {processor.py:186} INFO - Started process (PID=93) to work on /home/airflow/.local/lib/python3.12/site-packages/airflow/example_dags/example_xcomargs.py
[2024-10-16T13:08:05.959+0000] {processor.py:914} INFO - Processing file /home/airflow/.local/lib/python3.12/site-packages/airflow/example_dags/example_xcomargs.py for tasks to queue
[2024-10-16T13:08:05.962+0000] {logging_mixin.py:190} INFO - [2024-10-16T13:08:05.961+0000] {dagbag.py:588} INFO - Filling up the DagBag from /home/airflow/.local/lib/python3.12/site-packages/airflow/example_dags/example_xcomargs.py
[2024-10-16T13:08:05.971+0000] {processor.py:925} INFO - DAG(s) 'example_xcom_args', 'example_xcom_args_with_operators' retrieved from /home/airflow/.local/lib/python3.12/site-packages/airflow/example_dags/example_xcomargs.py
[2024-10-16T13:08:06.088+0000] {logging_mixin.py:190} INFO - [2024-10-16T13:08:06.087+0000] {override.py:1900} INFO - Created Permission View: can read on DAG:example_xcom_args
[2024-10-16T13:08:06.101+0000] {logging_mixin.py:190} INFO - [2024-10-16T13:08:06.101+0000] {override.py:1900} INFO - Created Permission View: can delete on DAG:example_xcom_args
[2024-10-16T13:08:06.110+0000] {logging_mixin.py:190} INFO - [2024-10-16T13:08:06.109+0000] {override.py:1900} INFO - Created Permission View: can edit on DAG:example_xcom_args
[2024-10-16T13:08:06.118+0000] {logging_mixin.py:190} INFO - [2024-10-16T13:08:06.118+0000] {override.py:1900} INFO - Created Permission View: can create on DAG Run:example_xcom_args
[2024-10-16T13:08:06.126+0000] {logging_mixin.py:190} INFO - [2024-10-16T13:08:06.126+0000] {override.py:1900} INFO - Created Permission View: menu access on DAG Run:example_xcom_args
[2024-10-16T13:08:06.134+0000] {logging_mixin.py:190} INFO - [2024-10-16T13:08:06.133+0000] {override.py:1900} INFO - Created Permission View: can read on DAG Run:example_xcom_args
[2024-10-16T13:08:06.140+0000] {logging_mixin.py:190} INFO - [2024-10-16T13:08:06.139+0000] {override.py:1900} INFO - Created Permission View: can delete on DAG Run:example_xcom_args
[2024-10-16T13:08:06.153+0000] {logging_mixin.py:190} INFO - [2024-10-16T13:08:06.152+0000] {override.py:1900} INFO - Created Permission View: can read on DAG:example_xcom_args_with_operators
[2024-10-16T13:08:06.160+0000] {logging_mixin.py:190} INFO - [2024-10-16T13:08:06.160+0000] {override.py:1900} INFO - Created Permission View: can delete on DAG:example_xcom_args_with_operators
[2024-10-16T13:08:06.166+0000] {logging_mixin.py:190} INFO - [2024-10-16T13:08:06.166+0000] {override.py:1900} INFO - Created Permission View: can edit on DAG:example_xcom_args_with_operators
[2024-10-16T13:08:06.174+0000] {logging_mixin.py:190} INFO - [2024-10-16T13:08:06.173+0000] {override.py:1900} INFO - Created Permission View: can create on DAG Run:example_xcom_args_with_operators
[2024-10-16T13:08:06.180+0000] {logging_mixin.py:190} INFO - [2024-10-16T13:08:06.180+0000] {override.py:1900} INFO - Created Permission View: menu access on DAG Run:example_xcom_args_with_operators
[2024-10-16T13:08:06.187+0000] {logging_mixin.py:190} INFO - [2024-10-16T13:08:06.187+0000] {override.py:1900} INFO - Created Permission View: can read on DAG Run:example_xcom_args_with_operators
[2024-10-16T13:08:06.194+0000] {logging_mixin.py:190} INFO - [2024-10-16T13:08:06.194+0000] {override.py:1900} INFO - Created Permission View: can delete on DAG Run:example_xcom_args_with_operators
[2024-10-16T13:08:06.195+0000] {logging_mixin.py:190} INFO - [2024-10-16T13:08:06.194+0000] {dag.py:3239} INFO - Sync 2 DAGs
[2024-10-16T13:08:06.210+0000] {logging_mixin.py:190} INFO - [2024-10-16T13:08:06.210+0000] {dag.py:3262} INFO - Creating ORM DAG for example_xcom_args
[2024-10-16T13:08:06.211+0000] {logging_mixin.py:190} INFO - [2024-10-16T13:08:06.211+0000] {dag.py:3262} INFO - Creating ORM DAG for example_xcom_args_with_operators
[2024-10-16T13:08:06.212+0000] {logging_mixin.py:190} INFO - [2024-10-16T13:08:06.212+0000] {dag.py:4180} INFO - Setting next_dagrun for example_xcom_args to None, run_after=None
[2024-10-16T13:08:06.213+0000] {logging_mixin.py:190} INFO - [2024-10-16T13:08:06.213+0000] {dag.py:4180} INFO - Setting next_dagrun for example_xcom_args_with_operators to None, run_after=None
[2024-10-16T13:08:06.232+0000] {processor.py:208} INFO - Processing /home/airflow/.local/lib/python3.12/site-packages/airflow/example_dags/example_xcomargs.py took 0.281 seconds
[2024-10-16T13:08:36.670+0000] {processor.py:186} INFO - Started process (PID=156) to work on /home/airflow/.local/lib/python3.12/site-packages/airflow/example_dags/example_xcomargs.py
[2024-10-16T13:08:36.672+0000] {processor.py:914} INFO - Processing file /home/airflow/.local/lib/python3.12/site-packages/airflow/example_dags/example_xcomargs.py for tasks to queue
[2024-10-16T13:08:36.676+0000] {logging_mixin.py:190} INFO - [2024-10-16T13:08:36.676+0000] {dagbag.py:588} INFO - Filling up the DagBag from /home/airflow/.local/lib/python3.12/site-packages/airflow/example_dags/example_xcomargs.py
[2024-10-16T13:08:36.689+0000] {processor.py:925} INFO - DAG(s) 'example_xcom_args_with_operators', 'example_xcom_args' retrieved from /home/airflow/.local/lib/python3.12/site-packages/airflow/example_dags/example_xcomargs.py
[2024-10-16T13:08:36.720+0000] {logging_mixin.py:190} INFO - [2024-10-16T13:08:36.720+0000] {dag.py:3239} INFO - Sync 2 DAGs
[2024-10-16T13:08:36.736+0000] {logging_mixin.py:190} INFO - [2024-10-16T13:08:36.736+0000] {dag.py:4180} INFO - Setting next_dagrun for example_xcom_args to None, run_after=None
[2024-10-16T13:08:36.741+0000] {logging_mixin.py:190} INFO - [2024-10-16T13:08:36.741+0000] {dag.py:4180} INFO - Setting next_dagrun for example_xcom_args_with_operators to None, run_after=None
[2024-10-16T13:08:36.767+0000] {processor.py:208} INFO - Processing /home/airflow/.local/lib/python3.12/site-packages/airflow/example_dags/example_xcomargs.py took 0.103 seconds
[2024-10-16T13:09:06.914+0000] {processor.py:186} INFO - Started process (PID=219) to work on /home/airflow/.local/lib/python3.12/site-packages/airflow/example_dags/example_xcomargs.py
[2024-10-16T13:09:06.915+0000] {processor.py:914} INFO - Processing file /home/airflow/.local/lib/python3.12/site-packages/airflow/example_dags/example_xcomargs.py for tasks to queue
[2024-10-16T13:09:06.917+0000] {logging_mixin.py:190} INFO - [2024-10-16T13:09:06.917+0000] {dagbag.py:588} INFO - Filling up the DagBag from /home/airflow/.local/lib/python3.12/site-packages/airflow/example_dags/example_xcomargs.py
[2024-10-16T13:09:06.924+0000] {processor.py:925} INFO - DAG(s) 'example_xcom_args_with_operators', 'example_xcom_args' retrieved from /home/airflow/.local/lib/python3.12/site-packages/airflow/example_dags/example_xcomargs.py
[2024-10-16T13:09:06.944+0000] {logging_mixin.py:190} INFO - [2024-10-16T13:09:06.944+0000] {dag.py:3239} INFO - Sync 2 DAGs
[2024-10-16T13:09:06.956+0000] {logging_mixin.py:190} INFO - [2024-10-16T13:09:06.956+0000] {dag.py:4180} INFO - Setting next_dagrun for example_xcom_args to None, run_after=None
[2024-10-16T13:09:06.961+0000] {logging_mixin.py:190} INFO - [2024-10-16T13:09:06.961+0000] {dag.py:4180} INFO - Setting next_dagrun for example_xcom_args_with_operators to None, run_after=None
[2024-10-16T13:09:06.980+0000] {processor.py:208} INFO - Processing /home/airflow/.local/lib/python3.12/site-packages/airflow/example_dags/example_xcomargs.py took 0.073 seconds
[2024-10-16T13:09:37.254+0000] {processor.py:186} INFO - Started process (PID=282) to work on /home/airflow/.local/lib/python3.12/site-packages/airflow/example_dags/example_xcomargs.py
[2024-10-16T13:09:37.254+0000] {processor.py:914} INFO - Processing file /home/airflow/.local/lib/python3.12/site-packages/airflow/example_dags/example_xcomargs.py for tasks to queue
[2024-10-16T13:09:37.257+0000] {logging_mixin.py:190} INFO - [2024-10-16T13:09:37.256+0000] {dagbag.py:588} INFO - Filling up the DagBag from /home/airflow/.local/lib/python3.12/site-packages/airflow/example_dags/example_xcomargs.py
[2024-10-16T13:09:37.268+0000] {processor.py:925} INFO - DAG(s) 'example_xcom_args', 'example_xcom_args_with_operators' retrieved from /home/airflow/.local/lib/python3.12/site-packages/airflow/example_dags/example_xcomargs.py
[2024-10-16T13:09:37.290+0000] {logging_mixin.py:190} INFO - [2024-10-16T13:09:37.290+0000] {dag.py:3239} INFO - Sync 2 DAGs
[2024-10-16T13:09:37.303+0000] {logging_mixin.py:190} INFO - [2024-10-16T13:09:37.303+0000] {dag.py:4180} INFO - Setting next_dagrun for example_xcom_args to None, run_after=None
[2024-10-16T13:09:37.307+0000] {logging_mixin.py:190} INFO - [2024-10-16T13:09:37.307+0000] {dag.py:4180} INFO - Setting next_dagrun for example_xcom_args_with_operators to None, run_after=None
[2024-10-16T13:09:37.320+0000] {processor.py:208} INFO - Processing /home/airflow/.local/lib/python3.12/site-packages/airflow/example_dags/example_xcomargs.py took 0.070 seconds
[2024-10-16T13:10:08.329+0000] {processor.py:186} INFO - Started process (PID=345) to work on /home/airflow/.local/lib/python3.12/site-packages/airflow/example_dags/example_xcomargs.py
[2024-10-16T13:10:08.331+0000] {processor.py:914} INFO - Processing file /home/airflow/.local/lib/python3.12/site-packages/airflow/example_dags/example_xcomargs.py for tasks to queue
[2024-10-16T13:10:08.334+0000] {logging_mixin.py:190} INFO - [2024-10-16T13:10:08.334+0000] {dagbag.py:588} INFO - Filling up the DagBag from /home/airflow/.local/lib/python3.12/site-packages/airflow/example_dags/example_xcomargs.py
[2024-10-16T13:10:08.348+0000] {processor.py:925} INFO - DAG(s) 'example_xcom_args', 'example_xcom_args_with_operators' retrieved from /home/airflow/.local/lib/python3.12/site-packages/airflow/example_dags/example_xcomargs.py
[2024-10-16T13:10:08.383+0000] {logging_mixin.py:190} INFO - [2024-10-16T13:10:08.382+0000] {dag.py:3239} INFO - Sync 2 DAGs
[2024-10-16T13:10:08.401+0000] {logging_mixin.py:190} INFO - [2024-10-16T13:10:08.401+0000] {dag.py:4180} INFO - Setting next_dagrun for example_xcom_args to None, run_after=None
[2024-10-16T13:10:08.406+0000] {logging_mixin.py:190} INFO - [2024-10-16T13:10:08.406+0000] {dag.py:4180} INFO - Setting next_dagrun for example_xcom_args_with_operators to None, run_after=None
[2024-10-16T13:10:08.437+0000] {processor.py:208} INFO - Processing /home/airflow/.local/lib/python3.12/site-packages/airflow/example_dags/example_xcomargs.py took 0.115 seconds
[2024-10-16T13:10:38.966+0000] {processor.py:186} INFO - Started process (PID=408) to work on /home/airflow/.local/lib/python3.12/site-packages/airflow/example_dags/example_xcomargs.py
[2024-10-16T13:10:38.967+0000] {processor.py:914} INFO - Processing file /home/airflow/.local/lib/python3.12/site-packages/airflow/example_dags/example_xcomargs.py for tasks to queue
[2024-10-16T13:10:38.969+0000] {logging_mixin.py:190} INFO - [2024-10-16T13:10:38.969+0000] {dagbag.py:588} INFO - Filling up the DagBag from /home/airflow/.local/lib/python3.12/site-packages/airflow/example_dags/example_xcomargs.py
[2024-10-16T13:10:38.977+0000] {processor.py:925} INFO - DAG(s) 'example_xcom_args_with_operators', 'example_xcom_args' retrieved from /home/airflow/.local/lib/python3.12/site-packages/airflow/example_dags/example_xcomargs.py
[2024-10-16T13:10:38.999+0000] {logging_mixin.py:190} INFO - [2024-10-16T13:10:38.999+0000] {dag.py:3239} INFO - Sync 2 DAGs
[2024-10-16T13:10:39.013+0000] {logging_mixin.py:190} INFO - [2024-10-16T13:10:39.013+0000] {dag.py:4180} INFO - Setting next_dagrun for example_xcom_args to None, run_after=None
[2024-10-16T13:10:39.016+0000] {logging_mixin.py:190} INFO - [2024-10-16T13:10:39.016+0000] {dag.py:4180} INFO - Setting next_dagrun for example_xcom_args_with_operators to None, run_after=None
[2024-10-16T13:10:39.038+0000] {processor.py:208} INFO - Processing /home/airflow/.local/lib/python3.12/site-packages/airflow/example_dags/example_xcomargs.py took 0.077 seconds
[2024-10-16T13:11:09.772+0000] {processor.py:186} INFO - Started process (PID=471) to work on /home/airflow/.local/lib/python3.12/site-packages/airflow/example_dags/example_xcomargs.py
[2024-10-16T13:11:09.773+0000] {processor.py:914} INFO - Processing file /home/airflow/.local/lib/python3.12/site-packages/airflow/example_dags/example_xcomargs.py for tasks to queue
[2024-10-16T13:11:09.775+0000] {logging_mixin.py:190} INFO - [2024-10-16T13:11:09.775+0000] {dagbag.py:588} INFO - Filling up the DagBag from /home/airflow/.local/lib/python3.12/site-packages/airflow/example_dags/example_xcomargs.py
[2024-10-16T13:11:09.784+0000] {processor.py:925} INFO - DAG(s) 'example_xcom_args_with_operators', 'example_xcom_args' retrieved from /home/airflow/.local/lib/python3.12/site-packages/airflow/example_dags/example_xcomargs.py
[2024-10-16T13:11:09.810+0000] {logging_mixin.py:190} INFO - [2024-10-16T13:11:09.810+0000] {dag.py:3239} INFO - Sync 2 DAGs
[2024-10-16T13:11:09.838+0000] {logging_mixin.py:190} INFO - [2024-10-16T13:11:09.838+0000] {dag.py:4180} INFO - Setting next_dagrun for example_xcom_args to None, run_after=None
[2024-10-16T13:11:09.846+0000] {logging_mixin.py:190} INFO - [2024-10-16T13:11:09.846+0000] {dag.py:4180} INFO - Setting next_dagrun for example_xcom_args_with_operators to None, run_after=None
[2024-10-16T13:11:09.871+0000] {processor.py:208} INFO - Processing /home/airflow/.local/lib/python3.12/site-packages/airflow/example_dags/example_xcomargs.py took 0.103 seconds
[2024-10-16T13:12:45.981+0000] {processor.py:186} INFO - Started process (PID=92) to work on /home/airflow/.local/lib/python3.12/site-packages/airflow/example_dags/example_xcomargs.py
[2024-10-16T13:12:45.982+0000] {processor.py:914} INFO - Processing file /home/airflow/.local/lib/python3.12/site-packages/airflow/example_dags/example_xcomargs.py for tasks to queue
[2024-10-16T13:12:45.985+0000] {logging_mixin.py:190} INFO - [2024-10-16T13:12:45.985+0000] {dagbag.py:588} INFO - Filling up the DagBag from /home/airflow/.local/lib/python3.12/site-packages/airflow/example_dags/example_xcomargs.py
[2024-10-16T13:12:45.998+0000] {processor.py:925} INFO - DAG(s) 'example_xcom_args', 'example_xcom_args_with_operators' retrieved from /home/airflow/.local/lib/python3.12/site-packages/airflow/example_dags/example_xcomargs.py
[2024-10-16T13:12:46.140+0000] {logging_mixin.py:190} INFO - [2024-10-16T13:12:46.139+0000] {override.py:1900} INFO - Created Permission View: can read on DAG:example_xcom_args
[2024-10-16T13:12:46.172+0000] {logging_mixin.py:190} INFO - [2024-10-16T13:12:46.171+0000] {override.py:1900} INFO - Created Permission View: can edit on DAG:example_xcom_args
[2024-10-16T13:12:46.183+0000] {logging_mixin.py:190} INFO - [2024-10-16T13:12:46.183+0000] {override.py:1900} INFO - Created Permission View: can delete on DAG:example_xcom_args
[2024-10-16T13:12:46.190+0000] {logging_mixin.py:190} INFO - [2024-10-16T13:12:46.190+0000] {override.py:1900} INFO - Created Permission View: can read on DAG Run:example_xcom_args
[2024-10-16T13:12:46.197+0000] {logging_mixin.py:190} INFO - [2024-10-16T13:12:46.196+0000] {override.py:1900} INFO - Created Permission View: menu access on DAG Run:example_xcom_args
[2024-10-16T13:12:46.203+0000] {logging_mixin.py:190} INFO - [2024-10-16T13:12:46.202+0000] {override.py:1900} INFO - Created Permission View: can delete on DAG Run:example_xcom_args
[2024-10-16T13:12:46.209+0000] {logging_mixin.py:190} INFO - [2024-10-16T13:12:46.208+0000] {override.py:1900} INFO - Created Permission View: can create on DAG Run:example_xcom_args
[2024-10-16T13:12:46.226+0000] {logging_mixin.py:190} INFO - [2024-10-16T13:12:46.225+0000] {override.py:1900} INFO - Created Permission View: can read on DAG:example_xcom_args_with_operators
[2024-10-16T13:12:46.234+0000] {logging_mixin.py:190} INFO - [2024-10-16T13:12:46.234+0000] {override.py:1900} INFO - Created Permission View: can edit on DAG:example_xcom_args_with_operators
[2024-10-16T13:12:46.242+0000] {logging_mixin.py:190} INFO - [2024-10-16T13:12:46.242+0000] {override.py:1900} INFO - Created Permission View: can delete on DAG:example_xcom_args_with_operators
[2024-10-16T13:12:46.249+0000] {logging_mixin.py:190} INFO - [2024-10-16T13:12:46.249+0000] {override.py:1900} INFO - Created Permission View: can read on DAG Run:example_xcom_args_with_operators
[2024-10-16T13:12:46.256+0000] {logging_mixin.py:190} INFO - [2024-10-16T13:12:46.255+0000] {override.py:1900} INFO - Created Permission View: menu access on DAG Run:example_xcom_args_with_operators
[2024-10-16T13:12:46.263+0000] {logging_mixin.py:190} INFO - [2024-10-16T13:12:46.263+0000] {override.py:1900} INFO - Created Permission View: can delete on DAG Run:example_xcom_args_with_operators
[2024-10-16T13:12:46.270+0000] {logging_mixin.py:190} INFO - [2024-10-16T13:12:46.270+0000] {override.py:1900} INFO - Created Permission View: can create on DAG Run:example_xcom_args_with_operators
[2024-10-16T13:12:46.271+0000] {logging_mixin.py:190} INFO - [2024-10-16T13:12:46.271+0000] {dag.py:3239} INFO - Sync 2 DAGs
[2024-10-16T13:12:46.285+0000] {logging_mixin.py:190} INFO - [2024-10-16T13:12:46.284+0000] {dag.py:3262} INFO - Creating ORM DAG for example_xcom_args_with_operators
[2024-10-16T13:12:46.286+0000] {logging_mixin.py:190} INFO - [2024-10-16T13:12:46.286+0000] {dag.py:3262} INFO - Creating ORM DAG for example_xcom_args
[2024-10-16T13:12:46.287+0000] {logging_mixin.py:190} INFO - [2024-10-16T13:12:46.287+0000] {dag.py:4180} INFO - Setting next_dagrun for example_xcom_args to None, run_after=None
[2024-10-16T13:12:46.288+0000] {logging_mixin.py:190} INFO - [2024-10-16T13:12:46.288+0000] {dag.py:4180} INFO - Setting next_dagrun for example_xcom_args_with_operators to None, run_after=None
[2024-10-16T13:12:46.320+0000] {processor.py:208} INFO - Processing /home/airflow/.local/lib/python3.12/site-packages/airflow/example_dags/example_xcomargs.py took 0.345 seconds
[2024-10-16T13:13:16.604+0000] {processor.py:186} INFO - Started process (PID=155) to work on /home/airflow/.local/lib/python3.12/site-packages/airflow/example_dags/example_xcomargs.py
[2024-10-16T13:13:16.606+0000] {processor.py:914} INFO - Processing file /home/airflow/.local/lib/python3.12/site-packages/airflow/example_dags/example_xcomargs.py for tasks to queue
[2024-10-16T13:13:16.608+0000] {logging_mixin.py:190} INFO - [2024-10-16T13:13:16.608+0000] {dagbag.py:588} INFO - Filling up the DagBag from /home/airflow/.local/lib/python3.12/site-packages/airflow/example_dags/example_xcomargs.py
[2024-10-16T13:13:16.618+0000] {processor.py:925} INFO - DAG(s) 'example_xcom_args_with_operators', 'example_xcom_args' retrieved from /home/airflow/.local/lib/python3.12/site-packages/airflow/example_dags/example_xcomargs.py
[2024-10-16T13:13:16.639+0000] {logging_mixin.py:190} INFO - [2024-10-16T13:13:16.639+0000] {dag.py:3239} INFO - Sync 2 DAGs
[2024-10-16T13:13:16.653+0000] {logging_mixin.py:190} INFO - [2024-10-16T13:13:16.653+0000] {dag.py:4180} INFO - Setting next_dagrun for example_xcom_args to None, run_after=None
[2024-10-16T13:13:16.656+0000] {logging_mixin.py:190} INFO - [2024-10-16T13:13:16.656+0000] {dag.py:4180} INFO - Setting next_dagrun for example_xcom_args_with_operators to None, run_after=None
[2024-10-16T13:13:16.676+0000] {processor.py:208} INFO - Processing /home/airflow/.local/lib/python3.12/site-packages/airflow/example_dags/example_xcomargs.py took 0.076 seconds
[2024-10-16T13:14:46.848+0000] {processor.py:186} INFO - Started process (PID=94) to work on /home/airflow/.local/lib/python3.12/site-packages/airflow/example_dags/example_xcomargs.py
[2024-10-16T13:14:46.849+0000] {processor.py:914} INFO - Processing file /home/airflow/.local/lib/python3.12/site-packages/airflow/example_dags/example_xcomargs.py for tasks to queue
[2024-10-16T13:14:46.852+0000] {logging_mixin.py:190} INFO - [2024-10-16T13:14:46.852+0000] {dagbag.py:588} INFO - Filling up the DagBag from /home/airflow/.local/lib/python3.12/site-packages/airflow/example_dags/example_xcomargs.py
[2024-10-16T13:14:46.865+0000] {processor.py:925} INFO - DAG(s) 'example_xcom_args', 'example_xcom_args_with_operators' retrieved from /home/airflow/.local/lib/python3.12/site-packages/airflow/example_dags/example_xcomargs.py
[2024-10-16T13:14:46.971+0000] {logging_mixin.py:190} INFO - [2024-10-16T13:14:46.970+0000] {override.py:1900} INFO - Created Permission View: can read on DAG:example_xcom_args
[2024-10-16T13:14:46.983+0000] {logging_mixin.py:190} INFO - [2024-10-16T13:14:46.982+0000] {override.py:1900} INFO - Created Permission View: can delete on DAG:example_xcom_args
[2024-10-16T13:14:46.991+0000] {logging_mixin.py:190} INFO - [2024-10-16T13:14:46.991+0000] {override.py:1900} INFO - Created Permission View: can edit on DAG:example_xcom_args
[2024-10-16T13:14:46.999+0000] {logging_mixin.py:190} INFO - [2024-10-16T13:14:46.999+0000] {override.py:1900} INFO - Created Permission View: can read on DAG Run:example_xcom_args
[2024-10-16T13:14:47.008+0000] {logging_mixin.py:190} INFO - [2024-10-16T13:14:47.007+0000] {override.py:1900} INFO - Created Permission View: can create on DAG Run:example_xcom_args
[2024-10-16T13:14:47.014+0000] {logging_mixin.py:190} INFO - [2024-10-16T13:14:47.014+0000] {override.py:1900} INFO - Created Permission View: can delete on DAG Run:example_xcom_args
[2024-10-16T13:14:47.020+0000] {logging_mixin.py:190} INFO - [2024-10-16T13:14:47.020+0000] {override.py:1900} INFO - Created Permission View: menu access on DAG Run:example_xcom_args
[2024-10-16T13:14:47.035+0000] {logging_mixin.py:190} INFO - [2024-10-16T13:14:47.034+0000] {override.py:1900} INFO - Created Permission View: can read on DAG:example_xcom_args_with_operators
[2024-10-16T13:14:47.044+0000] {logging_mixin.py:190} INFO - [2024-10-16T13:14:47.043+0000] {override.py:1900} INFO - Created Permission View: can delete on DAG:example_xcom_args_with_operators
[2024-10-16T13:14:47.051+0000] {logging_mixin.py:190} INFO - [2024-10-16T13:14:47.051+0000] {override.py:1900} INFO - Created Permission View: can edit on DAG:example_xcom_args_with_operators
[2024-10-16T13:14:47.059+0000] {logging_mixin.py:190} INFO - [2024-10-16T13:14:47.058+0000] {override.py:1900} INFO - Created Permission View: can read on DAG Run:example_xcom_args_with_operators
[2024-10-16T13:14:47.066+0000] {logging_mixin.py:190} INFO - [2024-10-16T13:14:47.066+0000] {override.py:1900} INFO - Created Permission View: can create on DAG Run:example_xcom_args_with_operators
[2024-10-16T13:14:47.072+0000] {logging_mixin.py:190} INFO - [2024-10-16T13:14:47.072+0000] {override.py:1900} INFO - Created Permission View: can delete on DAG Run:example_xcom_args_with_operators
[2024-10-16T13:14:47.079+0000] {logging_mixin.py:190} INFO - [2024-10-16T13:14:47.079+0000] {override.py:1900} INFO - Created Permission View: menu access on DAG Run:example_xcom_args_with_operators
[2024-10-16T13:14:47.080+0000] {logging_mixin.py:190} INFO - [2024-10-16T13:14:47.080+0000] {dag.py:3239} INFO - Sync 2 DAGs
[2024-10-16T13:14:47.091+0000] {logging_mixin.py:190} INFO - [2024-10-16T13:14:47.091+0000] {dag.py:3262} INFO - Creating ORM DAG for example_xcom_args_with_operators
[2024-10-16T13:14:47.092+0000] {logging_mixin.py:190} INFO - [2024-10-16T13:14:47.092+0000] {dag.py:3262} INFO - Creating ORM DAG for example_xcom_args
[2024-10-16T13:14:47.093+0000] {logging_mixin.py:190} INFO - [2024-10-16T13:14:47.093+0000] {dag.py:4180} INFO - Setting next_dagrun for example_xcom_args to None, run_after=None
[2024-10-16T13:14:47.094+0000] {logging_mixin.py:190} INFO - [2024-10-16T13:14:47.094+0000] {dag.py:4180} INFO - Setting next_dagrun for example_xcom_args_with_operators to None, run_after=None
[2024-10-16T13:14:47.116+0000] {processor.py:208} INFO - Processing /home/airflow/.local/lib/python3.12/site-packages/airflow/example_dags/example_xcomargs.py took 0.274 seconds
[2024-10-16T13:16:16.602+0000] {processor.py:186} INFO - Started process (PID=93) to work on /home/airflow/.local/lib/python3.12/site-packages/airflow/example_dags/example_xcomargs.py
[2024-10-16T13:16:16.603+0000] {processor.py:914} INFO - Processing file /home/airflow/.local/lib/python3.12/site-packages/airflow/example_dags/example_xcomargs.py for tasks to queue
[2024-10-16T13:16:16.606+0000] {logging_mixin.py:190} INFO - [2024-10-16T13:16:16.605+0000] {dagbag.py:588} INFO - Filling up the DagBag from /home/airflow/.local/lib/python3.12/site-packages/airflow/example_dags/example_xcomargs.py
[2024-10-16T13:16:16.618+0000] {processor.py:925} INFO - DAG(s) 'example_xcom_args_with_operators', 'example_xcom_args' retrieved from /home/airflow/.local/lib/python3.12/site-packages/airflow/example_dags/example_xcomargs.py
[2024-10-16T13:16:16.743+0000] {logging_mixin.py:190} INFO - [2024-10-16T13:16:16.743+0000] {override.py:1900} INFO - Created Permission View: can edit on DAG:example_xcom_args_with_operators
[2024-10-16T13:16:16.757+0000] {logging_mixin.py:190} INFO - [2024-10-16T13:16:16.756+0000] {override.py:1900} INFO - Created Permission View: can read on DAG:example_xcom_args_with_operators
[2024-10-16T13:16:16.764+0000] {logging_mixin.py:190} INFO - [2024-10-16T13:16:16.764+0000] {override.py:1900} INFO - Created Permission View: can delete on DAG:example_xcom_args_with_operators
[2024-10-16T13:16:16.774+0000] {logging_mixin.py:190} INFO - [2024-10-16T13:16:16.774+0000] {override.py:1900} INFO - Created Permission View: menu access on DAG Run:example_xcom_args_with_operators
[2024-10-16T13:16:16.782+0000] {logging_mixin.py:190} INFO - [2024-10-16T13:16:16.781+0000] {override.py:1900} INFO - Created Permission View: can read on DAG Run:example_xcom_args_with_operators
[2024-10-16T13:16:16.788+0000] {logging_mixin.py:190} INFO - [2024-10-16T13:16:16.788+0000] {override.py:1900} INFO - Created Permission View: can create on DAG Run:example_xcom_args_with_operators
[2024-10-16T13:16:16.795+0000] {logging_mixin.py:190} INFO - [2024-10-16T13:16:16.795+0000] {override.py:1900} INFO - Created Permission View: can delete on DAG Run:example_xcom_args_with_operators
[2024-10-16T13:16:16.811+0000] {logging_mixin.py:190} INFO - [2024-10-16T13:16:16.810+0000] {override.py:1900} INFO - Created Permission View: can edit on DAG:example_xcom_args
[2024-10-16T13:16:16.818+0000] {logging_mixin.py:190} INFO - [2024-10-16T13:16:16.817+0000] {override.py:1900} INFO - Created Permission View: can read on DAG:example_xcom_args
[2024-10-16T13:16:16.836+0000] {logging_mixin.py:190} INFO - [2024-10-16T13:16:16.836+0000] {override.py:1900} INFO - Created Permission View: can delete on DAG:example_xcom_args
[2024-10-16T13:16:16.851+0000] {logging_mixin.py:190} INFO - [2024-10-16T13:16:16.851+0000] {override.py:1900} INFO - Created Permission View: menu access on DAG Run:example_xcom_args
[2024-10-16T13:16:16.867+0000] {logging_mixin.py:190} INFO - [2024-10-16T13:16:16.867+0000] {override.py:1900} INFO - Created Permission View: can read on DAG Run:example_xcom_args
[2024-10-16T13:16:16.884+0000] {logging_mixin.py:190} INFO - [2024-10-16T13:16:16.883+0000] {override.py:1900} INFO - Created Permission View: can create on DAG Run:example_xcom_args
[2024-10-16T13:16:16.897+0000] {logging_mixin.py:190} INFO - [2024-10-16T13:16:16.897+0000] {override.py:1900} INFO - Created Permission View: can delete on DAG Run:example_xcom_args
[2024-10-16T13:16:16.898+0000] {logging_mixin.py:190} INFO - [2024-10-16T13:16:16.897+0000] {dag.py:3239} INFO - Sync 2 DAGs
[2024-10-16T13:16:16.916+0000] {logging_mixin.py:190} INFO - [2024-10-16T13:16:16.916+0000] {dag.py:3262} INFO - Creating ORM DAG for example_xcom_args_with_operators
[2024-10-16T13:16:16.917+0000] {logging_mixin.py:190} INFO - [2024-10-16T13:16:16.917+0000] {dag.py:3262} INFO - Creating ORM DAG for example_xcom_args
[2024-10-16T13:16:16.919+0000] {logging_mixin.py:190} INFO - [2024-10-16T13:16:16.918+0000] {dag.py:4180} INFO - Setting next_dagrun for example_xcom_args to None, run_after=None
[2024-10-16T13:16:16.920+0000] {logging_mixin.py:190} INFO - [2024-10-16T13:16:16.919+0000] {dag.py:4180} INFO - Setting next_dagrun for example_xcom_args_with_operators to None, run_after=None
[2024-10-16T13:16:16.949+0000] {processor.py:208} INFO - Processing /home/airflow/.local/lib/python3.12/site-packages/airflow/example_dags/example_xcomargs.py took 0.355 seconds
[2024-10-16T13:16:47.881+0000] {processor.py:186} INFO - Started process (PID=156) to work on /home/airflow/.local/lib/python3.12/site-packages/airflow/example_dags/example_xcomargs.py
[2024-10-16T13:16:47.887+0000] {processor.py:914} INFO - Processing file /home/airflow/.local/lib/python3.12/site-packages/airflow/example_dags/example_xcomargs.py for tasks to queue
[2024-10-16T13:16:47.898+0000] {logging_mixin.py:190} INFO - [2024-10-16T13:16:47.897+0000] {dagbag.py:588} INFO - Filling up the DagBag from /home/airflow/.local/lib/python3.12/site-packages/airflow/example_dags/example_xcomargs.py
[2024-10-16T13:16:47.920+0000] {processor.py:925} INFO - DAG(s) 'example_xcom_args', 'example_xcom_args_with_operators' retrieved from /home/airflow/.local/lib/python3.12/site-packages/airflow/example_dags/example_xcomargs.py
[2024-10-16T13:16:47.970+0000] {logging_mixin.py:190} INFO - [2024-10-16T13:16:47.970+0000] {dag.py:3239} INFO - Sync 2 DAGs
[2024-10-16T13:16:48.004+0000] {logging_mixin.py:190} INFO - [2024-10-16T13:16:48.003+0000] {dag.py:4180} INFO - Setting next_dagrun for example_xcom_args to None, run_after=None
[2024-10-16T13:16:48.012+0000] {logging_mixin.py:190} INFO - [2024-10-16T13:16:48.012+0000] {dag.py:4180} INFO - Setting next_dagrun for example_xcom_args_with_operators to None, run_after=None
[2024-10-16T13:16:48.045+0000] {processor.py:208} INFO - Processing /home/airflow/.local/lib/python3.12/site-packages/airflow/example_dags/example_xcomargs.py took 0.180 seconds
[2024-10-16T13:17:18.664+0000] {processor.py:186} INFO - Started process (PID=219) to work on /home/airflow/.local/lib/python3.12/site-packages/airflow/example_dags/example_xcomargs.py
[2024-10-16T13:17:18.665+0000] {processor.py:914} INFO - Processing file /home/airflow/.local/lib/python3.12/site-packages/airflow/example_dags/example_xcomargs.py for tasks to queue
[2024-10-16T13:17:18.668+0000] {logging_mixin.py:190} INFO - [2024-10-16T13:17:18.668+0000] {dagbag.py:588} INFO - Filling up the DagBag from /home/airflow/.local/lib/python3.12/site-packages/airflow/example_dags/example_xcomargs.py
[2024-10-16T13:17:18.680+0000] {processor.py:925} INFO - DAG(s) 'example_xcom_args', 'example_xcom_args_with_operators' retrieved from /home/airflow/.local/lib/python3.12/site-packages/airflow/example_dags/example_xcomargs.py
[2024-10-16T13:17:18.719+0000] {logging_mixin.py:190} INFO - [2024-10-16T13:17:18.719+0000] {dag.py:3239} INFO - Sync 2 DAGs
[2024-10-16T13:17:18.745+0000] {logging_mixin.py:190} INFO - [2024-10-16T13:17:18.744+0000] {dag.py:4180} INFO - Setting next_dagrun for example_xcom_args to None, run_after=None
[2024-10-16T13:17:18.753+0000] {logging_mixin.py:190} INFO - [2024-10-16T13:17:18.753+0000] {dag.py:4180} INFO - Setting next_dagrun for example_xcom_args_with_operators to None, run_after=None
[2024-10-16T13:17:18.778+0000] {processor.py:208} INFO - Processing /home/airflow/.local/lib/python3.12/site-packages/airflow/example_dags/example_xcomargs.py took 0.122 seconds
[2024-10-16T13:17:49.163+0000] {processor.py:186} INFO - Started process (PID=282) to work on /home/airflow/.local/lib/python3.12/site-packages/airflow/example_dags/example_xcomargs.py
[2024-10-16T13:17:49.169+0000] {processor.py:914} INFO - Processing file /home/airflow/.local/lib/python3.12/site-packages/airflow/example_dags/example_xcomargs.py for tasks to queue
[2024-10-16T13:17:49.172+0000] {logging_mixin.py:190} INFO - [2024-10-16T13:17:49.172+0000] {dagbag.py:588} INFO - Filling up the DagBag from /home/airflow/.local/lib/python3.12/site-packages/airflow/example_dags/example_xcomargs.py
[2024-10-16T13:17:49.195+0000] {processor.py:925} INFO - DAG(s) 'example_xcom_args', 'example_xcom_args_with_operators' retrieved from /home/airflow/.local/lib/python3.12/site-packages/airflow/example_dags/example_xcomargs.py
[2024-10-16T13:17:49.241+0000] {logging_mixin.py:190} INFO - [2024-10-16T13:17:49.241+0000] {dag.py:3239} INFO - Sync 2 DAGs
[2024-10-16T13:17:49.259+0000] {logging_mixin.py:190} INFO - [2024-10-16T13:17:49.259+0000] {dag.py:4180} INFO - Setting next_dagrun for example_xcom_args to None, run_after=None
[2024-10-16T13:17:49.264+0000] {logging_mixin.py:190} INFO - [2024-10-16T13:17:49.263+0000] {dag.py:4180} INFO - Setting next_dagrun for example_xcom_args_with_operators to None, run_after=None
[2024-10-16T13:17:49.288+0000] {processor.py:208} INFO - Processing /home/airflow/.local/lib/python3.12/site-packages/airflow/example_dags/example_xcomargs.py took 0.136 seconds
[2024-10-16T13:18:19.727+0000] {processor.py:186} INFO - Started process (PID=345) to work on /home/airflow/.local/lib/python3.12/site-packages/airflow/example_dags/example_xcomargs.py
[2024-10-16T13:18:19.729+0000] {processor.py:914} INFO - Processing file /home/airflow/.local/lib/python3.12/site-packages/airflow/example_dags/example_xcomargs.py for tasks to queue
[2024-10-16T13:18:19.732+0000] {logging_mixin.py:190} INFO - [2024-10-16T13:18:19.731+0000] {dagbag.py:588} INFO - Filling up the DagBag from /home/airflow/.local/lib/python3.12/site-packages/airflow/example_dags/example_xcomargs.py
[2024-10-16T13:18:19.743+0000] {processor.py:925} INFO - DAG(s) 'example_xcom_args', 'example_xcom_args_with_operators' retrieved from /home/airflow/.local/lib/python3.12/site-packages/airflow/example_dags/example_xcomargs.py
[2024-10-16T13:18:19.792+0000] {logging_mixin.py:190} INFO - [2024-10-16T13:18:19.791+0000] {dag.py:3239} INFO - Sync 2 DAGs
[2024-10-16T13:18:19.821+0000] {logging_mixin.py:190} INFO - [2024-10-16T13:18:19.821+0000] {dag.py:4180} INFO - Setting next_dagrun for example_xcom_args to None, run_after=None
[2024-10-16T13:18:19.828+0000] {logging_mixin.py:190} INFO - [2024-10-16T13:18:19.828+0000] {dag.py:4180} INFO - Setting next_dagrun for example_xcom_args_with_operators to None, run_after=None
[2024-10-16T13:18:19.867+0000] {processor.py:208} INFO - Processing /home/airflow/.local/lib/python3.12/site-packages/airflow/example_dags/example_xcomargs.py took 0.148 seconds
[2024-10-16T13:18:50.471+0000] {processor.py:186} INFO - Started process (PID=408) to work on /home/airflow/.local/lib/python3.12/site-packages/airflow/example_dags/example_xcomargs.py
[2024-10-16T13:18:50.472+0000] {processor.py:914} INFO - Processing file /home/airflow/.local/lib/python3.12/site-packages/airflow/example_dags/example_xcomargs.py for tasks to queue
[2024-10-16T13:18:50.475+0000] {logging_mixin.py:190} INFO - [2024-10-16T13:18:50.475+0000] {dagbag.py:588} INFO - Filling up the DagBag from /home/airflow/.local/lib/python3.12/site-packages/airflow/example_dags/example_xcomargs.py
[2024-10-16T13:18:50.486+0000] {processor.py:925} INFO - DAG(s) 'example_xcom_args', 'example_xcom_args_with_operators' retrieved from /home/airflow/.local/lib/python3.12/site-packages/airflow/example_dags/example_xcomargs.py
[2024-10-16T13:18:50.518+0000] {logging_mixin.py:190} INFO - [2024-10-16T13:18:50.518+0000] {dag.py:3239} INFO - Sync 2 DAGs
[2024-10-16T13:18:50.537+0000] {logging_mixin.py:190} INFO - [2024-10-16T13:18:50.537+0000] {dag.py:4180} INFO - Setting next_dagrun for example_xcom_args to None, run_after=None
[2024-10-16T13:18:50.541+0000] {logging_mixin.py:190} INFO - [2024-10-16T13:18:50.541+0000] {dag.py:4180} INFO - Setting next_dagrun for example_xcom_args_with_operators to None, run_after=None
[2024-10-16T13:18:50.559+0000] {processor.py:208} INFO - Processing /home/airflow/.local/lib/python3.12/site-packages/airflow/example_dags/example_xcomargs.py took 0.097 seconds
[2024-10-16T13:19:21.205+0000] {processor.py:186} INFO - Started process (PID=471) to work on /home/airflow/.local/lib/python3.12/site-packages/airflow/example_dags/example_xcomargs.py
[2024-10-16T13:19:21.206+0000] {processor.py:914} INFO - Processing file /home/airflow/.local/lib/python3.12/site-packages/airflow/example_dags/example_xcomargs.py for tasks to queue
[2024-10-16T13:19:21.210+0000] {logging_mixin.py:190} INFO - [2024-10-16T13:19:21.209+0000] {dagbag.py:588} INFO - Filling up the DagBag from /home/airflow/.local/lib/python3.12/site-packages/airflow/example_dags/example_xcomargs.py
[2024-10-16T13:19:21.230+0000] {processor.py:925} INFO - DAG(s) 'example_xcom_args_with_operators', 'example_xcom_args' retrieved from /home/airflow/.local/lib/python3.12/site-packages/airflow/example_dags/example_xcomargs.py
[2024-10-16T13:19:21.271+0000] {logging_mixin.py:190} INFO - [2024-10-16T13:19:21.270+0000] {dag.py:3239} INFO - Sync 2 DAGs
[2024-10-16T13:19:21.300+0000] {logging_mixin.py:190} INFO - [2024-10-16T13:19:21.300+0000] {dag.py:4180} INFO - Setting next_dagrun for example_xcom_args to None, run_after=None
[2024-10-16T13:19:21.307+0000] {logging_mixin.py:190} INFO - [2024-10-16T13:19:21.307+0000] {dag.py:4180} INFO - Setting next_dagrun for example_xcom_args_with_operators to None, run_after=None
[2024-10-16T13:19:21.336+0000] {processor.py:208} INFO - Processing /home/airflow/.local/lib/python3.12/site-packages/airflow/example_dags/example_xcomargs.py took 0.138 seconds
[2024-10-16T13:19:51.681+0000] {processor.py:186} INFO - Started process (PID=534) to work on /home/airflow/.local/lib/python3.12/site-packages/airflow/example_dags/example_xcomargs.py
[2024-10-16T13:19:51.682+0000] {processor.py:914} INFO - Processing file /home/airflow/.local/lib/python3.12/site-packages/airflow/example_dags/example_xcomargs.py for tasks to queue
[2024-10-16T13:19:51.685+0000] {logging_mixin.py:190} INFO - [2024-10-16T13:19:51.685+0000] {dagbag.py:588} INFO - Filling up the DagBag from /home/airflow/.local/lib/python3.12/site-packages/airflow/example_dags/example_xcomargs.py
[2024-10-16T13:19:51.699+0000] {processor.py:925} INFO - DAG(s) 'example_xcom_args', 'example_xcom_args_with_operators' retrieved from /home/airflow/.local/lib/python3.12/site-packages/airflow/example_dags/example_xcomargs.py
[2024-10-16T13:19:51.732+0000] {logging_mixin.py:190} INFO - [2024-10-16T13:19:51.731+0000] {dag.py:3239} INFO - Sync 2 DAGs
[2024-10-16T13:19:51.757+0000] {logging_mixin.py:190} INFO - [2024-10-16T13:19:51.756+0000] {dag.py:4180} INFO - Setting next_dagrun for example_xcom_args to None, run_after=None
[2024-10-16T13:19:51.764+0000] {logging_mixin.py:190} INFO - [2024-10-16T13:19:51.763+0000] {dag.py:4180} INFO - Setting next_dagrun for example_xcom_args_with_operators to None, run_after=None
[2024-10-16T13:19:51.848+0000] {processor.py:208} INFO - Processing /home/airflow/.local/lib/python3.12/site-packages/airflow/example_dags/example_xcomargs.py took 0.175 seconds
[2024-10-16T13:20:22.472+0000] {processor.py:186} INFO - Started process (PID=597) to work on /home/airflow/.local/lib/python3.12/site-packages/airflow/example_dags/example_xcomargs.py
[2024-10-16T13:20:22.473+0000] {processor.py:914} INFO - Processing file /home/airflow/.local/lib/python3.12/site-packages/airflow/example_dags/example_xcomargs.py for tasks to queue
[2024-10-16T13:20:22.476+0000] {logging_mixin.py:190} INFO - [2024-10-16T13:20:22.476+0000] {dagbag.py:588} INFO - Filling up the DagBag from /home/airflow/.local/lib/python3.12/site-packages/airflow/example_dags/example_xcomargs.py
[2024-10-16T13:20:22.487+0000] {processor.py:925} INFO - DAG(s) 'example_xcom_args_with_operators', 'example_xcom_args' retrieved from /home/airflow/.local/lib/python3.12/site-packages/airflow/example_dags/example_xcomargs.py
[2024-10-16T13:20:22.520+0000] {logging_mixin.py:190} INFO - [2024-10-16T13:20:22.520+0000] {dag.py:3239} INFO - Sync 2 DAGs
[2024-10-16T13:20:22.539+0000] {logging_mixin.py:190} INFO - [2024-10-16T13:20:22.539+0000] {dag.py:4180} INFO - Setting next_dagrun for example_xcom_args to None, run_after=None
[2024-10-16T13:20:22.546+0000] {logging_mixin.py:190} INFO - [2024-10-16T13:20:22.546+0000] {dag.py:4180} INFO - Setting next_dagrun for example_xcom_args_with_operators to None, run_after=None
[2024-10-16T13:20:22.574+0000] {processor.py:208} INFO - Processing /home/airflow/.local/lib/python3.12/site-packages/airflow/example_dags/example_xcomargs.py took 0.110 seconds
[2024-10-16T13:22:02.439+0000] {processor.py:186} INFO - Started process (PID=92) to work on /home/airflow/.local/lib/python3.12/site-packages/airflow/example_dags/example_xcomargs.py
[2024-10-16T13:22:02.442+0000] {processor.py:914} INFO - Processing file /home/airflow/.local/lib/python3.12/site-packages/airflow/example_dags/example_xcomargs.py for tasks to queue
[2024-10-16T13:22:02.447+0000] {logging_mixin.py:190} INFO - [2024-10-16T13:22:02.447+0000] {dagbag.py:588} INFO - Filling up the DagBag from /home/airflow/.local/lib/python3.12/site-packages/airflow/example_dags/example_xcomargs.py
[2024-10-16T13:22:02.463+0000] {processor.py:925} INFO - DAG(s) 'example_xcom_args', 'example_xcom_args_with_operators' retrieved from /home/airflow/.local/lib/python3.12/site-packages/airflow/example_dags/example_xcomargs.py
[2024-10-16T13:22:02.590+0000] {logging_mixin.py:190} INFO - [2024-10-16T13:22:02.588+0000] {override.py:1900} INFO - Created Permission View: can edit on DAG:example_xcom_args
[2024-10-16T13:22:02.606+0000] {logging_mixin.py:190} INFO - [2024-10-16T13:22:02.606+0000] {override.py:1900} INFO - Created Permission View: can read on DAG:example_xcom_args
[2024-10-16T13:22:02.615+0000] {logging_mixin.py:190} INFO - [2024-10-16T13:22:02.615+0000] {override.py:1900} INFO - Created Permission View: can delete on DAG:example_xcom_args
[2024-10-16T13:22:02.624+0000] {logging_mixin.py:190} INFO - [2024-10-16T13:22:02.624+0000] {override.py:1900} INFO - Created Permission View: can delete on DAG Run:example_xcom_args
[2024-10-16T13:22:02.632+0000] {logging_mixin.py:190} INFO - [2024-10-16T13:22:02.631+0000] {override.py:1900} INFO - Created Permission View: can read on DAG Run:example_xcom_args
[2024-10-16T13:22:02.639+0000] {logging_mixin.py:190} INFO - [2024-10-16T13:22:02.638+0000] {override.py:1900} INFO - Created Permission View: menu access on DAG Run:example_xcom_args
[2024-10-16T13:22:02.647+0000] {logging_mixin.py:190} INFO - [2024-10-16T13:22:02.647+0000] {override.py:1900} INFO - Created Permission View: can create on DAG Run:example_xcom_args
[2024-10-16T13:22:02.665+0000] {logging_mixin.py:190} INFO - [2024-10-16T13:22:02.664+0000] {override.py:1900} INFO - Created Permission View: can edit on DAG:example_xcom_args_with_operators
[2024-10-16T13:22:02.673+0000] {logging_mixin.py:190} INFO - [2024-10-16T13:22:02.673+0000] {override.py:1900} INFO - Created Permission View: can read on DAG:example_xcom_args_with_operators
[2024-10-16T13:22:02.682+0000] {logging_mixin.py:190} INFO - [2024-10-16T13:22:02.682+0000] {override.py:1900} INFO - Created Permission View: can delete on DAG:example_xcom_args_with_operators
[2024-10-16T13:22:02.692+0000] {logging_mixin.py:190} INFO - [2024-10-16T13:22:02.691+0000] {override.py:1900} INFO - Created Permission View: can delete on DAG Run:example_xcom_args_with_operators
[2024-10-16T13:22:02.704+0000] {logging_mixin.py:190} INFO - [2024-10-16T13:22:02.703+0000] {override.py:1900} INFO - Created Permission View: can read on DAG Run:example_xcom_args_with_operators
[2024-10-16T13:22:02.713+0000] {logging_mixin.py:190} INFO - [2024-10-16T13:22:02.712+0000] {override.py:1900} INFO - Created Permission View: menu access on DAG Run:example_xcom_args_with_operators
[2024-10-16T13:22:02.721+0000] {logging_mixin.py:190} INFO - [2024-10-16T13:22:02.720+0000] {override.py:1900} INFO - Created Permission View: can create on DAG Run:example_xcom_args_with_operators
[2024-10-16T13:22:02.722+0000] {logging_mixin.py:190} INFO - [2024-10-16T13:22:02.721+0000] {dag.py:3239} INFO - Sync 2 DAGs
[2024-10-16T13:22:02.737+0000] {logging_mixin.py:190} INFO - [2024-10-16T13:22:02.737+0000] {dag.py:3262} INFO - Creating ORM DAG for example_xcom_args
[2024-10-16T13:22:02.739+0000] {logging_mixin.py:190} INFO - [2024-10-16T13:22:02.738+0000] {dag.py:3262} INFO - Creating ORM DAG for example_xcom_args_with_operators
[2024-10-16T13:22:02.740+0000] {logging_mixin.py:190} INFO - [2024-10-16T13:22:02.739+0000] {dag.py:4180} INFO - Setting next_dagrun for example_xcom_args to None, run_after=None
[2024-10-16T13:22:02.741+0000] {logging_mixin.py:190} INFO - [2024-10-16T13:22:02.741+0000] {dag.py:4180} INFO - Setting next_dagrun for example_xcom_args_with_operators to None, run_after=None
[2024-10-16T13:22:02.764+0000] {processor.py:208} INFO - Processing /home/airflow/.local/lib/python3.12/site-packages/airflow/example_dags/example_xcomargs.py took 0.335 seconds
[2024-10-16T13:22:33.179+0000] {processor.py:186} INFO - Started process (PID=155) to work on /home/airflow/.local/lib/python3.12/site-packages/airflow/example_dags/example_xcomargs.py
[2024-10-16T13:22:33.180+0000] {processor.py:914} INFO - Processing file /home/airflow/.local/lib/python3.12/site-packages/airflow/example_dags/example_xcomargs.py for tasks to queue
[2024-10-16T13:22:33.186+0000] {logging_mixin.py:190} INFO - [2024-10-16T13:22:33.186+0000] {dagbag.py:588} INFO - Filling up the DagBag from /home/airflow/.local/lib/python3.12/site-packages/airflow/example_dags/example_xcomargs.py
[2024-10-16T13:22:33.201+0000] {processor.py:925} INFO - DAG(s) 'example_xcom_args', 'example_xcom_args_with_operators' retrieved from /home/airflow/.local/lib/python3.12/site-packages/airflow/example_dags/example_xcomargs.py
[2024-10-16T13:22:33.242+0000] {logging_mixin.py:190} INFO - [2024-10-16T13:22:33.241+0000] {dag.py:3239} INFO - Sync 2 DAGs
[2024-10-16T13:22:33.272+0000] {logging_mixin.py:190} INFO - [2024-10-16T13:22:33.272+0000] {dag.py:4180} INFO - Setting next_dagrun for example_xcom_args to None, run_after=None
[2024-10-16T13:22:33.277+0000] {logging_mixin.py:190} INFO - [2024-10-16T13:22:33.277+0000] {dag.py:4180} INFO - Setting next_dagrun for example_xcom_args_with_operators to None, run_after=None
[2024-10-16T13:22:33.320+0000] {processor.py:208} INFO - Processing /home/airflow/.local/lib/python3.12/site-packages/airflow/example_dags/example_xcomargs.py took 0.149 seconds
[2024-10-16T13:23:03.881+0000] {processor.py:186} INFO - Started process (PID=218) to work on /home/airflow/.local/lib/python3.12/site-packages/airflow/example_dags/example_xcomargs.py
[2024-10-16T13:23:03.883+0000] {processor.py:914} INFO - Processing file /home/airflow/.local/lib/python3.12/site-packages/airflow/example_dags/example_xcomargs.py for tasks to queue
[2024-10-16T13:23:03.885+0000] {logging_mixin.py:190} INFO - [2024-10-16T13:23:03.885+0000] {dagbag.py:588} INFO - Filling up the DagBag from /home/airflow/.local/lib/python3.12/site-packages/airflow/example_dags/example_xcomargs.py
[2024-10-16T13:23:03.915+0000] {processor.py:925} INFO - DAG(s) 'example_xcom_args', 'example_xcom_args_with_operators' retrieved from /home/airflow/.local/lib/python3.12/site-packages/airflow/example_dags/example_xcomargs.py
[2024-10-16T13:23:03.961+0000] {logging_mixin.py:190} INFO - [2024-10-16T13:23:03.961+0000] {dag.py:3239} INFO - Sync 2 DAGs
[2024-10-16T13:23:03.974+0000] {logging_mixin.py:190} INFO - [2024-10-16T13:23:03.974+0000] {dag.py:4180} INFO - Setting next_dagrun for example_xcom_args to None, run_after=None
[2024-10-16T13:23:03.979+0000] {logging_mixin.py:190} INFO - [2024-10-16T13:23:03.979+0000] {dag.py:4180} INFO - Setting next_dagrun for example_xcom_args_with_operators to None, run_after=None
[2024-10-16T13:23:04.008+0000] {processor.py:208} INFO - Processing /home/airflow/.local/lib/python3.12/site-packages/airflow/example_dags/example_xcomargs.py took 0.131 seconds
[2024-10-16T13:23:35.311+0000] {processor.py:186} INFO - Started process (PID=281) to work on /home/airflow/.local/lib/python3.12/site-packages/airflow/example_dags/example_xcomargs.py
[2024-10-16T13:23:35.313+0000] {processor.py:914} INFO - Processing file /home/airflow/.local/lib/python3.12/site-packages/airflow/example_dags/example_xcomargs.py for tasks to queue
[2024-10-16T13:23:35.315+0000] {logging_mixin.py:190} INFO - [2024-10-16T13:23:35.315+0000] {dagbag.py:588} INFO - Filling up the DagBag from /home/airflow/.local/lib/python3.12/site-packages/airflow/example_dags/example_xcomargs.py
[2024-10-16T13:23:35.323+0000] {processor.py:925} INFO - DAG(s) 'example_xcom_args_with_operators', 'example_xcom_args' retrieved from /home/airflow/.local/lib/python3.12/site-packages/airflow/example_dags/example_xcomargs.py
[2024-10-16T13:23:35.349+0000] {logging_mixin.py:190} INFO - [2024-10-16T13:23:35.349+0000] {dag.py:3239} INFO - Sync 2 DAGs
[2024-10-16T13:23:35.365+0000] {logging_mixin.py:190} INFO - [2024-10-16T13:23:35.365+0000] {dag.py:4180} INFO - Setting next_dagrun for example_xcom_args to None, run_after=None
[2024-10-16T13:23:35.369+0000] {logging_mixin.py:190} INFO - [2024-10-16T13:23:35.369+0000] {dag.py:4180} INFO - Setting next_dagrun for example_xcom_args_with_operators to None, run_after=None
[2024-10-16T13:23:35.389+0000] {processor.py:208} INFO - Processing /home/airflow/.local/lib/python3.12/site-packages/airflow/example_dags/example_xcomargs.py took 0.083 seconds
