[2024-10-16T12:50:29.319+0000] {processor.py:186} INFO - Started process (PID=73) to work on /home/airflow/.local/lib/python3.12/site-packages/airflow/example_dags/example_short_circuit_decorator.py
[2024-10-16T12:50:29.321+0000] {processor.py:914} INFO - Processing file /home/airflow/.local/lib/python3.12/site-packages/airflow/example_dags/example_short_circuit_decorator.py for tasks to queue
[2024-10-16T12:50:29.324+0000] {logging_mixin.py:190} INFO - [2024-10-16T12:50:29.324+0000] {dagbag.py:588} INFO - Filling up the DagBag from /home/airflow/.local/lib/python3.12/site-packages/airflow/example_dags/example_short_circuit_decorator.py
[2024-10-16T12:50:29.334+0000] {processor.py:925} INFO - DAG(s) 'example_short_circuit_decorator' retrieved from /home/airflow/.local/lib/python3.12/site-packages/airflow/example_dags/example_short_circuit_decorator.py
[2024-10-16T12:50:29.446+0000] {logging_mixin.py:190} INFO - [2024-10-16T12:50:29.445+0000] {override.py:1900} INFO - Created Permission View: can edit on DAG:example_short_circuit_decorator
[2024-10-16T12:50:29.457+0000] {logging_mixin.py:190} INFO - [2024-10-16T12:50:29.456+0000] {override.py:1900} INFO - Created Permission View: can read on DAG:example_short_circuit_decorator
[2024-10-16T12:50:29.465+0000] {logging_mixin.py:190} INFO - [2024-10-16T12:50:29.464+0000] {override.py:1900} INFO - Created Permission View: can delete on DAG:example_short_circuit_decorator
[2024-10-16T12:50:29.473+0000] {logging_mixin.py:190} INFO - [2024-10-16T12:50:29.472+0000] {override.py:1900} INFO - Created Permission View: can delete on DAG Run:example_short_circuit_decorator
[2024-10-16T12:50:29.480+0000] {logging_mixin.py:190} INFO - [2024-10-16T12:50:29.479+0000] {override.py:1900} INFO - Created Permission View: menu access on DAG Run:example_short_circuit_decorator
[2024-10-16T12:50:29.490+0000] {logging_mixin.py:190} INFO - [2024-10-16T12:50:29.489+0000] {override.py:1900} INFO - Created Permission View: can create on DAG Run:example_short_circuit_decorator
[2024-10-16T12:50:29.500+0000] {logging_mixin.py:190} INFO - [2024-10-16T12:50:29.499+0000] {override.py:1900} INFO - Created Permission View: can read on DAG Run:example_short_circuit_decorator
[2024-10-16T12:50:29.501+0000] {logging_mixin.py:190} INFO - [2024-10-16T12:50:29.500+0000] {dag.py:3239} INFO - Sync 1 DAGs
[2024-10-16T12:50:29.517+0000] {logging_mixin.py:190} INFO - [2024-10-16T12:50:29.517+0000] {dag.py:3262} INFO - Creating ORM DAG for example_short_circuit_decorator
[2024-10-16T12:50:29.519+0000] {logging_mixin.py:190} INFO - [2024-10-16T12:50:29.519+0000] {dag.py:4180} INFO - Setting next_dagrun for example_short_circuit_decorator to None, run_after=None
[2024-10-16T12:50:29.536+0000] {processor.py:208} INFO - Processing /home/airflow/.local/lib/python3.12/site-packages/airflow/example_dags/example_short_circuit_decorator.py took 0.225 seconds
[2024-10-16T12:51:00.565+0000] {processor.py:186} INFO - Started process (PID=141) to work on /home/airflow/.local/lib/python3.12/site-packages/airflow/example_dags/example_short_circuit_decorator.py
[2024-10-16T12:51:00.566+0000] {processor.py:914} INFO - Processing file /home/airflow/.local/lib/python3.12/site-packages/airflow/example_dags/example_short_circuit_decorator.py for tasks to queue
[2024-10-16T12:51:00.569+0000] {logging_mixin.py:190} INFO - [2024-10-16T12:51:00.569+0000] {dagbag.py:588} INFO - Filling up the DagBag from /home/airflow/.local/lib/python3.12/site-packages/airflow/example_dags/example_short_circuit_decorator.py
[2024-10-16T12:51:00.583+0000] {processor.py:925} INFO - DAG(s) 'example_short_circuit_decorator' retrieved from /home/airflow/.local/lib/python3.12/site-packages/airflow/example_dags/example_short_circuit_decorator.py
[2024-10-16T12:51:00.610+0000] {logging_mixin.py:190} INFO - [2024-10-16T12:51:00.609+0000] {dag.py:3239} INFO - Sync 1 DAGs
[2024-10-16T12:51:00.629+0000] {logging_mixin.py:190} INFO - [2024-10-16T12:51:00.629+0000] {dag.py:4180} INFO - Setting next_dagrun for example_short_circuit_decorator to None, run_after=None
[2024-10-16T12:51:00.659+0000] {processor.py:208} INFO - Processing /home/airflow/.local/lib/python3.12/site-packages/airflow/example_dags/example_short_circuit_decorator.py took 0.103 seconds
[2024-10-16T12:51:30.862+0000] {processor.py:186} INFO - Started process (PID=203) to work on /home/airflow/.local/lib/python3.12/site-packages/airflow/example_dags/example_short_circuit_decorator.py
[2024-10-16T12:51:30.864+0000] {processor.py:914} INFO - Processing file /home/airflow/.local/lib/python3.12/site-packages/airflow/example_dags/example_short_circuit_decorator.py for tasks to queue
[2024-10-16T12:51:30.866+0000] {logging_mixin.py:190} INFO - [2024-10-16T12:51:30.866+0000] {dagbag.py:588} INFO - Filling up the DagBag from /home/airflow/.local/lib/python3.12/site-packages/airflow/example_dags/example_short_circuit_decorator.py
[2024-10-16T12:51:30.874+0000] {processor.py:925} INFO - DAG(s) 'example_short_circuit_decorator' retrieved from /home/airflow/.local/lib/python3.12/site-packages/airflow/example_dags/example_short_circuit_decorator.py
[2024-10-16T12:51:30.894+0000] {logging_mixin.py:190} INFO - [2024-10-16T12:51:30.893+0000] {dag.py:3239} INFO - Sync 1 DAGs
[2024-10-16T12:51:30.907+0000] {logging_mixin.py:190} INFO - [2024-10-16T12:51:30.907+0000] {dag.py:4180} INFO - Setting next_dagrun for example_short_circuit_decorator to None, run_after=None
[2024-10-16T12:51:30.930+0000] {processor.py:208} INFO - Processing /home/airflow/.local/lib/python3.12/site-packages/airflow/example_dags/example_short_circuit_decorator.py took 0.073 seconds
[2024-10-16T12:52:01.562+0000] {processor.py:186} INFO - Started process (PID=265) to work on /home/airflow/.local/lib/python3.12/site-packages/airflow/example_dags/example_short_circuit_decorator.py
[2024-10-16T12:52:01.563+0000] {processor.py:914} INFO - Processing file /home/airflow/.local/lib/python3.12/site-packages/airflow/example_dags/example_short_circuit_decorator.py for tasks to queue
[2024-10-16T12:52:01.565+0000] {logging_mixin.py:190} INFO - [2024-10-16T12:52:01.565+0000] {dagbag.py:588} INFO - Filling up the DagBag from /home/airflow/.local/lib/python3.12/site-packages/airflow/example_dags/example_short_circuit_decorator.py
[2024-10-16T12:52:01.574+0000] {processor.py:925} INFO - DAG(s) 'example_short_circuit_decorator' retrieved from /home/airflow/.local/lib/python3.12/site-packages/airflow/example_dags/example_short_circuit_decorator.py
[2024-10-16T12:52:01.601+0000] {logging_mixin.py:190} INFO - [2024-10-16T12:52:01.599+0000] {dag.py:3239} INFO - Sync 1 DAGs
[2024-10-16T12:52:01.619+0000] {logging_mixin.py:190} INFO - [2024-10-16T12:52:01.619+0000] {dag.py:4180} INFO - Setting next_dagrun for example_short_circuit_decorator to None, run_after=None
[2024-10-16T12:52:01.648+0000] {processor.py:208} INFO - Processing /home/airflow/.local/lib/python3.12/site-packages/airflow/example_dags/example_short_circuit_decorator.py took 0.095 seconds
[2024-10-16T12:52:32.447+0000] {processor.py:186} INFO - Started process (PID=328) to work on /home/airflow/.local/lib/python3.12/site-packages/airflow/example_dags/example_short_circuit_decorator.py
[2024-10-16T12:52:32.448+0000] {processor.py:914} INFO - Processing file /home/airflow/.local/lib/python3.12/site-packages/airflow/example_dags/example_short_circuit_decorator.py for tasks to queue
[2024-10-16T12:52:32.452+0000] {logging_mixin.py:190} INFO - [2024-10-16T12:52:32.451+0000] {dagbag.py:588} INFO - Filling up the DagBag from /home/airflow/.local/lib/python3.12/site-packages/airflow/example_dags/example_short_circuit_decorator.py
[2024-10-16T12:52:32.462+0000] {processor.py:925} INFO - DAG(s) 'example_short_circuit_decorator' retrieved from /home/airflow/.local/lib/python3.12/site-packages/airflow/example_dags/example_short_circuit_decorator.py
[2024-10-16T12:52:32.493+0000] {logging_mixin.py:190} INFO - [2024-10-16T12:52:32.493+0000] {dag.py:3239} INFO - Sync 1 DAGs
[2024-10-16T12:52:32.504+0000] {logging_mixin.py:190} INFO - [2024-10-16T12:52:32.504+0000] {dag.py:4180} INFO - Setting next_dagrun for example_short_circuit_decorator to None, run_after=None
[2024-10-16T12:52:32.526+0000] {processor.py:208} INFO - Processing /home/airflow/.local/lib/python3.12/site-packages/airflow/example_dags/example_short_circuit_decorator.py took 0.084 seconds
[2024-10-16T12:53:03.859+0000] {processor.py:186} INFO - Started process (PID=390) to work on /home/airflow/.local/lib/python3.12/site-packages/airflow/example_dags/example_short_circuit_decorator.py
[2024-10-16T12:53:03.861+0000] {processor.py:914} INFO - Processing file /home/airflow/.local/lib/python3.12/site-packages/airflow/example_dags/example_short_circuit_decorator.py for tasks to queue
[2024-10-16T12:53:03.864+0000] {logging_mixin.py:190} INFO - [2024-10-16T12:53:03.863+0000] {dagbag.py:588} INFO - Filling up the DagBag from /home/airflow/.local/lib/python3.12/site-packages/airflow/example_dags/example_short_circuit_decorator.py
[2024-10-16T12:53:03.880+0000] {processor.py:925} INFO - DAG(s) 'example_short_circuit_decorator' retrieved from /home/airflow/.local/lib/python3.12/site-packages/airflow/example_dags/example_short_circuit_decorator.py
[2024-10-16T12:53:03.914+0000] {logging_mixin.py:190} INFO - [2024-10-16T12:53:03.913+0000] {dag.py:3239} INFO - Sync 1 DAGs
[2024-10-16T12:53:03.942+0000] {logging_mixin.py:190} INFO - [2024-10-16T12:53:03.942+0000] {dag.py:4180} INFO - Setting next_dagrun for example_short_circuit_decorator to None, run_after=None
[2024-10-16T12:53:03.972+0000] {processor.py:208} INFO - Processing /home/airflow/.local/lib/python3.12/site-packages/airflow/example_dags/example_short_circuit_decorator.py took 0.121 seconds
[2024-10-16T12:53:34.749+0000] {processor.py:186} INFO - Started process (PID=452) to work on /home/airflow/.local/lib/python3.12/site-packages/airflow/example_dags/example_short_circuit_decorator.py
[2024-10-16T12:53:34.750+0000] {processor.py:914} INFO - Processing file /home/airflow/.local/lib/python3.12/site-packages/airflow/example_dags/example_short_circuit_decorator.py for tasks to queue
[2024-10-16T12:53:34.753+0000] {logging_mixin.py:190} INFO - [2024-10-16T12:53:34.752+0000] {dagbag.py:588} INFO - Filling up the DagBag from /home/airflow/.local/lib/python3.12/site-packages/airflow/example_dags/example_short_circuit_decorator.py
[2024-10-16T12:53:34.764+0000] {processor.py:925} INFO - DAG(s) 'example_short_circuit_decorator' retrieved from /home/airflow/.local/lib/python3.12/site-packages/airflow/example_dags/example_short_circuit_decorator.py
[2024-10-16T12:53:34.797+0000] {logging_mixin.py:190} INFO - [2024-10-16T12:53:34.797+0000] {dag.py:3239} INFO - Sync 1 DAGs
[2024-10-16T12:53:34.818+0000] {logging_mixin.py:190} INFO - [2024-10-16T12:53:34.818+0000] {dag.py:4180} INFO - Setting next_dagrun for example_short_circuit_decorator to None, run_after=None
[2024-10-16T12:53:34.845+0000] {processor.py:208} INFO - Processing /home/airflow/.local/lib/python3.12/site-packages/airflow/example_dags/example_short_circuit_decorator.py took 0.103 seconds
[2024-10-16T12:54:05.658+0000] {processor.py:186} INFO - Started process (PID=514) to work on /home/airflow/.local/lib/python3.12/site-packages/airflow/example_dags/example_short_circuit_decorator.py
[2024-10-16T12:54:05.659+0000] {processor.py:914} INFO - Processing file /home/airflow/.local/lib/python3.12/site-packages/airflow/example_dags/example_short_circuit_decorator.py for tasks to queue
[2024-10-16T12:54:05.661+0000] {logging_mixin.py:190} INFO - [2024-10-16T12:54:05.660+0000] {dagbag.py:588} INFO - Filling up the DagBag from /home/airflow/.local/lib/python3.12/site-packages/airflow/example_dags/example_short_circuit_decorator.py
[2024-10-16T12:54:05.668+0000] {processor.py:925} INFO - DAG(s) 'example_short_circuit_decorator' retrieved from /home/airflow/.local/lib/python3.12/site-packages/airflow/example_dags/example_short_circuit_decorator.py
[2024-10-16T12:54:05.687+0000] {logging_mixin.py:190} INFO - [2024-10-16T12:54:05.687+0000] {dag.py:3239} INFO - Sync 1 DAGs
[2024-10-16T12:54:05.699+0000] {logging_mixin.py:190} INFO - [2024-10-16T12:54:05.699+0000] {dag.py:4180} INFO - Setting next_dagrun for example_short_circuit_decorator to None, run_after=None
[2024-10-16T12:54:05.724+0000] {processor.py:208} INFO - Processing /home/airflow/.local/lib/python3.12/site-packages/airflow/example_dags/example_short_circuit_decorator.py took 0.071 seconds
[2024-10-16T12:54:36.933+0000] {processor.py:186} INFO - Started process (PID=576) to work on /home/airflow/.local/lib/python3.12/site-packages/airflow/example_dags/example_short_circuit_decorator.py
[2024-10-16T12:54:36.936+0000] {processor.py:914} INFO - Processing file /home/airflow/.local/lib/python3.12/site-packages/airflow/example_dags/example_short_circuit_decorator.py for tasks to queue
[2024-10-16T12:54:36.959+0000] {logging_mixin.py:190} INFO - [2024-10-16T12:54:36.958+0000] {dagbag.py:588} INFO - Filling up the DagBag from /home/airflow/.local/lib/python3.12/site-packages/airflow/example_dags/example_short_circuit_decorator.py
[2024-10-16T12:54:36.973+0000] {processor.py:925} INFO - DAG(s) 'example_short_circuit_decorator' retrieved from /home/airflow/.local/lib/python3.12/site-packages/airflow/example_dags/example_short_circuit_decorator.py
[2024-10-16T12:54:37.006+0000] {logging_mixin.py:190} INFO - [2024-10-16T12:54:37.005+0000] {dag.py:3239} INFO - Sync 1 DAGs
[2024-10-16T12:54:37.023+0000] {logging_mixin.py:190} INFO - [2024-10-16T12:54:37.022+0000] {dag.py:4180} INFO - Setting next_dagrun for example_short_circuit_decorator to None, run_after=None
[2024-10-16T12:54:37.071+0000] {processor.py:208} INFO - Processing /home/airflow/.local/lib/python3.12/site-packages/airflow/example_dags/example_short_circuit_decorator.py took 0.148 seconds
[2024-10-16T12:55:07.562+0000] {processor.py:186} INFO - Started process (PID=639) to work on /home/airflow/.local/lib/python3.12/site-packages/airflow/example_dags/example_short_circuit_decorator.py
[2024-10-16T12:55:07.564+0000] {processor.py:914} INFO - Processing file /home/airflow/.local/lib/python3.12/site-packages/airflow/example_dags/example_short_circuit_decorator.py for tasks to queue
[2024-10-16T12:55:07.567+0000] {logging_mixin.py:190} INFO - [2024-10-16T12:55:07.566+0000] {dagbag.py:588} INFO - Filling up the DagBag from /home/airflow/.local/lib/python3.12/site-packages/airflow/example_dags/example_short_circuit_decorator.py
[2024-10-16T12:55:07.577+0000] {processor.py:925} INFO - DAG(s) 'example_short_circuit_decorator' retrieved from /home/airflow/.local/lib/python3.12/site-packages/airflow/example_dags/example_short_circuit_decorator.py
[2024-10-16T12:55:07.605+0000] {logging_mixin.py:190} INFO - [2024-10-16T12:55:07.605+0000] {dag.py:3239} INFO - Sync 1 DAGs
[2024-10-16T12:55:07.622+0000] {logging_mixin.py:190} INFO - [2024-10-16T12:55:07.622+0000] {dag.py:4180} INFO - Setting next_dagrun for example_short_circuit_decorator to None, run_after=None
[2024-10-16T12:55:07.649+0000] {processor.py:208} INFO - Processing /home/airflow/.local/lib/python3.12/site-packages/airflow/example_dags/example_short_circuit_decorator.py took 0.093 seconds
[2024-10-16T12:55:38.350+0000] {processor.py:186} INFO - Started process (PID=701) to work on /home/airflow/.local/lib/python3.12/site-packages/airflow/example_dags/example_short_circuit_decorator.py
[2024-10-16T12:55:38.351+0000] {processor.py:914} INFO - Processing file /home/airflow/.local/lib/python3.12/site-packages/airflow/example_dags/example_short_circuit_decorator.py for tasks to queue
[2024-10-16T12:55:38.353+0000] {logging_mixin.py:190} INFO - [2024-10-16T12:55:38.353+0000] {dagbag.py:588} INFO - Filling up the DagBag from /home/airflow/.local/lib/python3.12/site-packages/airflow/example_dags/example_short_circuit_decorator.py
[2024-10-16T12:55:38.360+0000] {processor.py:925} INFO - DAG(s) 'example_short_circuit_decorator' retrieved from /home/airflow/.local/lib/python3.12/site-packages/airflow/example_dags/example_short_circuit_decorator.py
[2024-10-16T12:55:38.391+0000] {logging_mixin.py:190} INFO - [2024-10-16T12:55:38.391+0000] {dag.py:3239} INFO - Sync 1 DAGs
[2024-10-16T12:55:38.407+0000] {logging_mixin.py:190} INFO - [2024-10-16T12:55:38.406+0000] {dag.py:4180} INFO - Setting next_dagrun for example_short_circuit_decorator to None, run_after=None
[2024-10-16T12:55:38.439+0000] {processor.py:208} INFO - Processing /home/airflow/.local/lib/python3.12/site-packages/airflow/example_dags/example_short_circuit_decorator.py took 0.095 seconds
[2024-10-16T12:56:09.371+0000] {processor.py:186} INFO - Started process (PID=763) to work on /home/airflow/.local/lib/python3.12/site-packages/airflow/example_dags/example_short_circuit_decorator.py
[2024-10-16T12:56:09.373+0000] {processor.py:914} INFO - Processing file /home/airflow/.local/lib/python3.12/site-packages/airflow/example_dags/example_short_circuit_decorator.py for tasks to queue
[2024-10-16T12:56:09.378+0000] {logging_mixin.py:190} INFO - [2024-10-16T12:56:09.377+0000] {dagbag.py:588} INFO - Filling up the DagBag from /home/airflow/.local/lib/python3.12/site-packages/airflow/example_dags/example_short_circuit_decorator.py
[2024-10-16T12:56:09.389+0000] {processor.py:925} INFO - DAG(s) 'example_short_circuit_decorator' retrieved from /home/airflow/.local/lib/python3.12/site-packages/airflow/example_dags/example_short_circuit_decorator.py
[2024-10-16T12:56:09.417+0000] {logging_mixin.py:190} INFO - [2024-10-16T12:56:09.417+0000] {dag.py:3239} INFO - Sync 1 DAGs
[2024-10-16T12:56:09.433+0000] {logging_mixin.py:190} INFO - [2024-10-16T12:56:09.432+0000] {dag.py:4180} INFO - Setting next_dagrun for example_short_circuit_decorator to None, run_after=None
[2024-10-16T12:56:09.459+0000] {processor.py:208} INFO - Processing /home/airflow/.local/lib/python3.12/site-packages/airflow/example_dags/example_short_circuit_decorator.py took 0.095 seconds
[2024-10-16T12:56:40.401+0000] {processor.py:186} INFO - Started process (PID=825) to work on /home/airflow/.local/lib/python3.12/site-packages/airflow/example_dags/example_short_circuit_decorator.py
[2024-10-16T12:56:40.403+0000] {processor.py:914} INFO - Processing file /home/airflow/.local/lib/python3.12/site-packages/airflow/example_dags/example_short_circuit_decorator.py for tasks to queue
[2024-10-16T12:56:40.450+0000] {logging_mixin.py:190} INFO - [2024-10-16T12:56:40.449+0000] {dagbag.py:588} INFO - Filling up the DagBag from /home/airflow/.local/lib/python3.12/site-packages/airflow/example_dags/example_short_circuit_decorator.py
[2024-10-16T12:56:40.468+0000] {processor.py:925} INFO - DAG(s) 'example_short_circuit_decorator' retrieved from /home/airflow/.local/lib/python3.12/site-packages/airflow/example_dags/example_short_circuit_decorator.py
[2024-10-16T12:56:40.497+0000] {logging_mixin.py:190} INFO - [2024-10-16T12:56:40.497+0000] {dag.py:3239} INFO - Sync 1 DAGs
[2024-10-16T12:56:40.523+0000] {logging_mixin.py:190} INFO - [2024-10-16T12:56:40.523+0000] {dag.py:4180} INFO - Setting next_dagrun for example_short_circuit_decorator to None, run_after=None
[2024-10-16T12:56:40.569+0000] {processor.py:208} INFO - Processing /home/airflow/.local/lib/python3.12/site-packages/airflow/example_dags/example_short_circuit_decorator.py took 0.176 seconds
[2024-10-16T12:57:11.447+0000] {processor.py:186} INFO - Started process (PID=887) to work on /home/airflow/.local/lib/python3.12/site-packages/airflow/example_dags/example_short_circuit_decorator.py
[2024-10-16T12:57:11.448+0000] {processor.py:914} INFO - Processing file /home/airflow/.local/lib/python3.12/site-packages/airflow/example_dags/example_short_circuit_decorator.py for tasks to queue
[2024-10-16T12:57:11.451+0000] {logging_mixin.py:190} INFO - [2024-10-16T12:57:11.451+0000] {dagbag.py:588} INFO - Filling up the DagBag from /home/airflow/.local/lib/python3.12/site-packages/airflow/example_dags/example_short_circuit_decorator.py
[2024-10-16T12:57:11.462+0000] {processor.py:925} INFO - DAG(s) 'example_short_circuit_decorator' retrieved from /home/airflow/.local/lib/python3.12/site-packages/airflow/example_dags/example_short_circuit_decorator.py
[2024-10-16T12:57:11.489+0000] {logging_mixin.py:190} INFO - [2024-10-16T12:57:11.489+0000] {dag.py:3239} INFO - Sync 1 DAGs
[2024-10-16T12:57:11.506+0000] {logging_mixin.py:190} INFO - [2024-10-16T12:57:11.506+0000] {dag.py:4180} INFO - Setting next_dagrun for example_short_circuit_decorator to None, run_after=None
[2024-10-16T12:57:11.535+0000] {processor.py:208} INFO - Processing /home/airflow/.local/lib/python3.12/site-packages/airflow/example_dags/example_short_circuit_decorator.py took 0.094 seconds
[2024-10-16T12:57:42.164+0000] {processor.py:186} INFO - Started process (PID=949) to work on /home/airflow/.local/lib/python3.12/site-packages/airflow/example_dags/example_short_circuit_decorator.py
[2024-10-16T12:57:42.180+0000] {processor.py:914} INFO - Processing file /home/airflow/.local/lib/python3.12/site-packages/airflow/example_dags/example_short_circuit_decorator.py for tasks to queue
[2024-10-16T12:57:42.185+0000] {logging_mixin.py:190} INFO - [2024-10-16T12:57:42.184+0000] {dagbag.py:588} INFO - Filling up the DagBag from /home/airflow/.local/lib/python3.12/site-packages/airflow/example_dags/example_short_circuit_decorator.py
[2024-10-16T12:57:42.198+0000] {processor.py:925} INFO - DAG(s) 'example_short_circuit_decorator' retrieved from /home/airflow/.local/lib/python3.12/site-packages/airflow/example_dags/example_short_circuit_decorator.py
[2024-10-16T12:57:42.226+0000] {logging_mixin.py:190} INFO - [2024-10-16T12:57:42.226+0000] {dag.py:3239} INFO - Sync 1 DAGs
[2024-10-16T12:57:42.245+0000] {logging_mixin.py:190} INFO - [2024-10-16T12:57:42.244+0000] {dag.py:4180} INFO - Setting next_dagrun for example_short_circuit_decorator to None, run_after=None
[2024-10-16T12:57:42.312+0000] {processor.py:208} INFO - Processing /home/airflow/.local/lib/python3.12/site-packages/airflow/example_dags/example_short_circuit_decorator.py took 0.158 seconds
[2024-10-16T12:58:12.703+0000] {processor.py:186} INFO - Started process (PID=1012) to work on /home/airflow/.local/lib/python3.12/site-packages/airflow/example_dags/example_short_circuit_decorator.py
[2024-10-16T12:58:12.704+0000] {processor.py:914} INFO - Processing file /home/airflow/.local/lib/python3.12/site-packages/airflow/example_dags/example_short_circuit_decorator.py for tasks to queue
[2024-10-16T12:58:12.708+0000] {logging_mixin.py:190} INFO - [2024-10-16T12:58:12.707+0000] {dagbag.py:588} INFO - Filling up the DagBag from /home/airflow/.local/lib/python3.12/site-packages/airflow/example_dags/example_short_circuit_decorator.py
[2024-10-16T12:58:12.719+0000] {processor.py:925} INFO - DAG(s) 'example_short_circuit_decorator' retrieved from /home/airflow/.local/lib/python3.12/site-packages/airflow/example_dags/example_short_circuit_decorator.py
[2024-10-16T12:58:12.744+0000] {logging_mixin.py:190} INFO - [2024-10-16T12:58:12.744+0000] {dag.py:3239} INFO - Sync 1 DAGs
[2024-10-16T12:58:12.816+0000] {logging_mixin.py:190} INFO - [2024-10-16T12:58:12.816+0000] {dag.py:4180} INFO - Setting next_dagrun for example_short_circuit_decorator to None, run_after=None
[2024-10-16T12:58:12.843+0000] {processor.py:208} INFO - Processing /home/airflow/.local/lib/python3.12/site-packages/airflow/example_dags/example_short_circuit_decorator.py took 0.147 seconds
[2024-10-16T12:58:43.144+0000] {processor.py:186} INFO - Started process (PID=1074) to work on /home/airflow/.local/lib/python3.12/site-packages/airflow/example_dags/example_short_circuit_decorator.py
[2024-10-16T12:58:43.145+0000] {processor.py:914} INFO - Processing file /home/airflow/.local/lib/python3.12/site-packages/airflow/example_dags/example_short_circuit_decorator.py for tasks to queue
[2024-10-16T12:58:43.148+0000] {logging_mixin.py:190} INFO - [2024-10-16T12:58:43.147+0000] {dagbag.py:588} INFO - Filling up the DagBag from /home/airflow/.local/lib/python3.12/site-packages/airflow/example_dags/example_short_circuit_decorator.py
[2024-10-16T12:58:43.158+0000] {processor.py:925} INFO - DAG(s) 'example_short_circuit_decorator' retrieved from /home/airflow/.local/lib/python3.12/site-packages/airflow/example_dags/example_short_circuit_decorator.py
[2024-10-16T12:58:43.189+0000] {logging_mixin.py:190} INFO - [2024-10-16T12:58:43.189+0000] {dag.py:3239} INFO - Sync 1 DAGs
[2024-10-16T12:58:43.214+0000] {logging_mixin.py:190} INFO - [2024-10-16T12:58:43.214+0000] {dag.py:4180} INFO - Setting next_dagrun for example_short_circuit_decorator to None, run_after=None
[2024-10-16T12:58:43.248+0000] {processor.py:208} INFO - Processing /home/airflow/.local/lib/python3.12/site-packages/airflow/example_dags/example_short_circuit_decorator.py took 0.111 seconds
[2024-10-16T12:59:13.468+0000] {processor.py:186} INFO - Started process (PID=1136) to work on /home/airflow/.local/lib/python3.12/site-packages/airflow/example_dags/example_short_circuit_decorator.py
[2024-10-16T12:59:13.469+0000] {processor.py:914} INFO - Processing file /home/airflow/.local/lib/python3.12/site-packages/airflow/example_dags/example_short_circuit_decorator.py for tasks to queue
[2024-10-16T12:59:13.472+0000] {logging_mixin.py:190} INFO - [2024-10-16T12:59:13.472+0000] {dagbag.py:588} INFO - Filling up the DagBag from /home/airflow/.local/lib/python3.12/site-packages/airflow/example_dags/example_short_circuit_decorator.py
[2024-10-16T12:59:13.483+0000] {processor.py:925} INFO - DAG(s) 'example_short_circuit_decorator' retrieved from /home/airflow/.local/lib/python3.12/site-packages/airflow/example_dags/example_short_circuit_decorator.py
[2024-10-16T12:59:13.511+0000] {logging_mixin.py:190} INFO - [2024-10-16T12:59:13.511+0000] {dag.py:3239} INFO - Sync 1 DAGs
[2024-10-16T12:59:13.545+0000] {logging_mixin.py:190} INFO - [2024-10-16T12:59:13.544+0000] {dag.py:4180} INFO - Setting next_dagrun for example_short_circuit_decorator to None, run_after=None
[2024-10-16T12:59:13.567+0000] {processor.py:208} INFO - Processing /home/airflow/.local/lib/python3.12/site-packages/airflow/example_dags/example_short_circuit_decorator.py took 0.105 seconds
[2024-10-16T12:59:43.211+0000] {processor.py:186} INFO - Started process (PID=1198) to work on /home/airflow/.local/lib/python3.12/site-packages/airflow/example_dags/example_short_circuit_decorator.py
[2024-10-16T12:59:43.214+0000] {processor.py:914} INFO - Processing file /home/airflow/.local/lib/python3.12/site-packages/airflow/example_dags/example_short_circuit_decorator.py for tasks to queue
[2024-10-16T12:59:43.217+0000] {logging_mixin.py:190} INFO - [2024-10-16T12:59:43.217+0000] {dagbag.py:588} INFO - Filling up the DagBag from /home/airflow/.local/lib/python3.12/site-packages/airflow/example_dags/example_short_circuit_decorator.py
[2024-10-16T12:59:43.229+0000] {processor.py:925} INFO - DAG(s) 'example_short_circuit_decorator' retrieved from /home/airflow/.local/lib/python3.12/site-packages/airflow/example_dags/example_short_circuit_decorator.py
[2024-10-16T12:59:43.269+0000] {logging_mixin.py:190} INFO - [2024-10-16T12:59:43.268+0000] {dag.py:3239} INFO - Sync 1 DAGs
[2024-10-16T12:59:43.295+0000] {logging_mixin.py:190} INFO - [2024-10-16T12:59:43.294+0000] {dag.py:4180} INFO - Setting next_dagrun for example_short_circuit_decorator to None, run_after=None
[2024-10-16T12:59:43.338+0000] {processor.py:208} INFO - Processing /home/airflow/.local/lib/python3.12/site-packages/airflow/example_dags/example_short_circuit_decorator.py took 0.135 seconds
[2024-10-16T13:00:13.481+0000] {processor.py:186} INFO - Started process (PID=1260) to work on /home/airflow/.local/lib/python3.12/site-packages/airflow/example_dags/example_short_circuit_decorator.py
[2024-10-16T13:00:13.482+0000] {processor.py:914} INFO - Processing file /home/airflow/.local/lib/python3.12/site-packages/airflow/example_dags/example_short_circuit_decorator.py for tasks to queue
[2024-10-16T13:00:13.484+0000] {logging_mixin.py:190} INFO - [2024-10-16T13:00:13.484+0000] {dagbag.py:588} INFO - Filling up the DagBag from /home/airflow/.local/lib/python3.12/site-packages/airflow/example_dags/example_short_circuit_decorator.py
[2024-10-16T13:00:13.492+0000] {processor.py:925} INFO - DAG(s) 'example_short_circuit_decorator' retrieved from /home/airflow/.local/lib/python3.12/site-packages/airflow/example_dags/example_short_circuit_decorator.py
[2024-10-16T13:00:13.516+0000] {logging_mixin.py:190} INFO - [2024-10-16T13:00:13.516+0000] {dag.py:3239} INFO - Sync 1 DAGs
[2024-10-16T13:00:13.529+0000] {logging_mixin.py:190} INFO - [2024-10-16T13:00:13.529+0000] {dag.py:4180} INFO - Setting next_dagrun for example_short_circuit_decorator to None, run_after=None
[2024-10-16T13:00:13.552+0000] {processor.py:208} INFO - Processing /home/airflow/.local/lib/python3.12/site-packages/airflow/example_dags/example_short_circuit_decorator.py took 0.077 seconds
[2024-10-16T13:00:44.051+0000] {processor.py:186} INFO - Started process (PID=1323) to work on /home/airflow/.local/lib/python3.12/site-packages/airflow/example_dags/example_short_circuit_decorator.py
[2024-10-16T13:00:44.052+0000] {processor.py:914} INFO - Processing file /home/airflow/.local/lib/python3.12/site-packages/airflow/example_dags/example_short_circuit_decorator.py for tasks to queue
[2024-10-16T13:00:44.054+0000] {logging_mixin.py:190} INFO - [2024-10-16T13:00:44.053+0000] {dagbag.py:588} INFO - Filling up the DagBag from /home/airflow/.local/lib/python3.12/site-packages/airflow/example_dags/example_short_circuit_decorator.py
[2024-10-16T13:00:44.060+0000] {processor.py:925} INFO - DAG(s) 'example_short_circuit_decorator' retrieved from /home/airflow/.local/lib/python3.12/site-packages/airflow/example_dags/example_short_circuit_decorator.py
[2024-10-16T13:00:44.079+0000] {logging_mixin.py:190} INFO - [2024-10-16T13:00:44.079+0000] {dag.py:3239} INFO - Sync 1 DAGs
[2024-10-16T13:00:44.091+0000] {logging_mixin.py:190} INFO - [2024-10-16T13:00:44.091+0000] {dag.py:4180} INFO - Setting next_dagrun for example_short_circuit_decorator to None, run_after=None
[2024-10-16T13:00:44.119+0000] {processor.py:208} INFO - Processing /home/airflow/.local/lib/python3.12/site-packages/airflow/example_dags/example_short_circuit_decorator.py took 0.074 seconds
[2024-10-16T13:01:14.961+0000] {processor.py:186} INFO - Started process (PID=1391) to work on /home/airflow/.local/lib/python3.12/site-packages/airflow/example_dags/example_short_circuit_decorator.py
[2024-10-16T13:01:14.962+0000] {processor.py:914} INFO - Processing file /home/airflow/.local/lib/python3.12/site-packages/airflow/example_dags/example_short_circuit_decorator.py for tasks to queue
[2024-10-16T13:01:14.965+0000] {logging_mixin.py:190} INFO - [2024-10-16T13:01:14.965+0000] {dagbag.py:588} INFO - Filling up the DagBag from /home/airflow/.local/lib/python3.12/site-packages/airflow/example_dags/example_short_circuit_decorator.py
[2024-10-16T13:01:14.976+0000] {processor.py:925} INFO - DAG(s) 'example_short_circuit_decorator' retrieved from /home/airflow/.local/lib/python3.12/site-packages/airflow/example_dags/example_short_circuit_decorator.py
[2024-10-16T13:01:15.002+0000] {logging_mixin.py:190} INFO - [2024-10-16T13:01:15.002+0000] {dag.py:3239} INFO - Sync 1 DAGs
[2024-10-16T13:01:15.018+0000] {logging_mixin.py:190} INFO - [2024-10-16T13:01:15.018+0000] {dag.py:4180} INFO - Setting next_dagrun for example_short_circuit_decorator to None, run_after=None
[2024-10-16T13:01:15.055+0000] {processor.py:208} INFO - Processing /home/airflow/.local/lib/python3.12/site-packages/airflow/example_dags/example_short_circuit_decorator.py took 0.100 seconds
[2024-10-16T13:01:45.550+0000] {processor.py:186} INFO - Started process (PID=1452) to work on /home/airflow/.local/lib/python3.12/site-packages/airflow/example_dags/example_short_circuit_decorator.py
[2024-10-16T13:01:45.552+0000] {processor.py:914} INFO - Processing file /home/airflow/.local/lib/python3.12/site-packages/airflow/example_dags/example_short_circuit_decorator.py for tasks to queue
[2024-10-16T13:01:45.555+0000] {logging_mixin.py:190} INFO - [2024-10-16T13:01:45.555+0000] {dagbag.py:588} INFO - Filling up the DagBag from /home/airflow/.local/lib/python3.12/site-packages/airflow/example_dags/example_short_circuit_decorator.py
[2024-10-16T13:01:45.569+0000] {processor.py:925} INFO - DAG(s) 'example_short_circuit_decorator' retrieved from /home/airflow/.local/lib/python3.12/site-packages/airflow/example_dags/example_short_circuit_decorator.py
[2024-10-16T13:01:45.592+0000] {logging_mixin.py:190} INFO - [2024-10-16T13:01:45.591+0000] {dag.py:3239} INFO - Sync 1 DAGs
[2024-10-16T13:01:45.609+0000] {logging_mixin.py:190} INFO - [2024-10-16T13:01:45.609+0000] {dag.py:4180} INFO - Setting next_dagrun for example_short_circuit_decorator to None, run_after=None
[2024-10-16T13:01:45.640+0000] {processor.py:208} INFO - Processing /home/airflow/.local/lib/python3.12/site-packages/airflow/example_dags/example_short_circuit_decorator.py took 0.101 seconds
[2024-10-16T13:02:17.109+0000] {processor.py:186} INFO - Started process (PID=1515) to work on /home/airflow/.local/lib/python3.12/site-packages/airflow/example_dags/example_short_circuit_decorator.py
[2024-10-16T13:02:17.114+0000] {processor.py:914} INFO - Processing file /home/airflow/.local/lib/python3.12/site-packages/airflow/example_dags/example_short_circuit_decorator.py for tasks to queue
[2024-10-16T13:02:17.119+0000] {logging_mixin.py:190} INFO - [2024-10-16T13:02:17.119+0000] {dagbag.py:588} INFO - Filling up the DagBag from /home/airflow/.local/lib/python3.12/site-packages/airflow/example_dags/example_short_circuit_decorator.py
[2024-10-16T13:02:17.133+0000] {processor.py:925} INFO - DAG(s) 'example_short_circuit_decorator' retrieved from /home/airflow/.local/lib/python3.12/site-packages/airflow/example_dags/example_short_circuit_decorator.py
[2024-10-16T13:02:17.184+0000] {logging_mixin.py:190} INFO - [2024-10-16T13:02:17.183+0000] {dag.py:3239} INFO - Sync 1 DAGs
[2024-10-16T13:02:17.204+0000] {logging_mixin.py:190} INFO - [2024-10-16T13:02:17.203+0000] {dag.py:4180} INFO - Setting next_dagrun for example_short_circuit_decorator to None, run_after=None
[2024-10-16T13:02:17.240+0000] {processor.py:208} INFO - Processing /home/airflow/.local/lib/python3.12/site-packages/airflow/example_dags/example_short_circuit_decorator.py took 0.139 seconds
[2024-10-16T13:02:47.863+0000] {processor.py:186} INFO - Started process (PID=1577) to work on /home/airflow/.local/lib/python3.12/site-packages/airflow/example_dags/example_short_circuit_decorator.py
[2024-10-16T13:02:47.864+0000] {processor.py:914} INFO - Processing file /home/airflow/.local/lib/python3.12/site-packages/airflow/example_dags/example_short_circuit_decorator.py for tasks to queue
[2024-10-16T13:02:47.870+0000] {logging_mixin.py:190} INFO - [2024-10-16T13:02:47.870+0000] {dagbag.py:588} INFO - Filling up the DagBag from /home/airflow/.local/lib/python3.12/site-packages/airflow/example_dags/example_short_circuit_decorator.py
[2024-10-16T13:02:47.886+0000] {processor.py:925} INFO - DAG(s) 'example_short_circuit_decorator' retrieved from /home/airflow/.local/lib/python3.12/site-packages/airflow/example_dags/example_short_circuit_decorator.py
[2024-10-16T13:02:47.914+0000] {logging_mixin.py:190} INFO - [2024-10-16T13:02:47.914+0000] {dag.py:3239} INFO - Sync 1 DAGs
[2024-10-16T13:02:47.934+0000] {logging_mixin.py:190} INFO - [2024-10-16T13:02:47.934+0000] {dag.py:4180} INFO - Setting next_dagrun for example_short_circuit_decorator to None, run_after=None
[2024-10-16T13:02:47.966+0000] {processor.py:208} INFO - Processing /home/airflow/.local/lib/python3.12/site-packages/airflow/example_dags/example_short_circuit_decorator.py took 0.110 seconds
[2024-10-16T13:03:19.041+0000] {processor.py:186} INFO - Started process (PID=1640) to work on /home/airflow/.local/lib/python3.12/site-packages/airflow/example_dags/example_short_circuit_decorator.py
[2024-10-16T13:03:19.043+0000] {processor.py:914} INFO - Processing file /home/airflow/.local/lib/python3.12/site-packages/airflow/example_dags/example_short_circuit_decorator.py for tasks to queue
[2024-10-16T13:03:19.045+0000] {logging_mixin.py:190} INFO - [2024-10-16T13:03:19.045+0000] {dagbag.py:588} INFO - Filling up the DagBag from /home/airflow/.local/lib/python3.12/site-packages/airflow/example_dags/example_short_circuit_decorator.py
[2024-10-16T13:03:19.056+0000] {processor.py:925} INFO - DAG(s) 'example_short_circuit_decorator' retrieved from /home/airflow/.local/lib/python3.12/site-packages/airflow/example_dags/example_short_circuit_decorator.py
[2024-10-16T13:03:19.083+0000] {logging_mixin.py:190} INFO - [2024-10-16T13:03:19.082+0000] {dag.py:3239} INFO - Sync 1 DAGs
[2024-10-16T13:03:19.101+0000] {logging_mixin.py:190} INFO - [2024-10-16T13:03:19.100+0000] {dag.py:4180} INFO - Setting next_dagrun for example_short_circuit_decorator to None, run_after=None
[2024-10-16T13:03:19.128+0000] {processor.py:208} INFO - Processing /home/airflow/.local/lib/python3.12/site-packages/airflow/example_dags/example_short_circuit_decorator.py took 0.094 seconds
[2024-10-16T13:03:49.936+0000] {processor.py:186} INFO - Started process (PID=1702) to work on /home/airflow/.local/lib/python3.12/site-packages/airflow/example_dags/example_short_circuit_decorator.py
[2024-10-16T13:03:49.938+0000] {processor.py:914} INFO - Processing file /home/airflow/.local/lib/python3.12/site-packages/airflow/example_dags/example_short_circuit_decorator.py for tasks to queue
[2024-10-16T13:03:49.941+0000] {logging_mixin.py:190} INFO - [2024-10-16T13:03:49.940+0000] {dagbag.py:588} INFO - Filling up the DagBag from /home/airflow/.local/lib/python3.12/site-packages/airflow/example_dags/example_short_circuit_decorator.py
[2024-10-16T13:03:49.951+0000] {processor.py:925} INFO - DAG(s) 'example_short_circuit_decorator' retrieved from /home/airflow/.local/lib/python3.12/site-packages/airflow/example_dags/example_short_circuit_decorator.py
[2024-10-16T13:03:49.975+0000] {logging_mixin.py:190} INFO - [2024-10-16T13:03:49.975+0000] {dag.py:3239} INFO - Sync 1 DAGs
[2024-10-16T13:03:49.989+0000] {logging_mixin.py:190} INFO - [2024-10-16T13:03:49.989+0000] {dag.py:4180} INFO - Setting next_dagrun for example_short_circuit_decorator to None, run_after=None
[2024-10-16T13:03:50.015+0000] {processor.py:208} INFO - Processing /home/airflow/.local/lib/python3.12/site-packages/airflow/example_dags/example_short_circuit_decorator.py took 0.086 seconds
[2024-10-16T13:04:20.695+0000] {processor.py:186} INFO - Started process (PID=1764) to work on /home/airflow/.local/lib/python3.12/site-packages/airflow/example_dags/example_short_circuit_decorator.py
[2024-10-16T13:04:20.696+0000] {processor.py:914} INFO - Processing file /home/airflow/.local/lib/python3.12/site-packages/airflow/example_dags/example_short_circuit_decorator.py for tasks to queue
[2024-10-16T13:04:20.699+0000] {logging_mixin.py:190} INFO - [2024-10-16T13:04:20.698+0000] {dagbag.py:588} INFO - Filling up the DagBag from /home/airflow/.local/lib/python3.12/site-packages/airflow/example_dags/example_short_circuit_decorator.py
[2024-10-16T13:04:20.709+0000] {processor.py:925} INFO - DAG(s) 'example_short_circuit_decorator' retrieved from /home/airflow/.local/lib/python3.12/site-packages/airflow/example_dags/example_short_circuit_decorator.py
[2024-10-16T13:04:20.737+0000] {logging_mixin.py:190} INFO - [2024-10-16T13:04:20.737+0000] {dag.py:3239} INFO - Sync 1 DAGs
[2024-10-16T13:04:20.768+0000] {logging_mixin.py:190} INFO - [2024-10-16T13:04:20.768+0000] {dag.py:4180} INFO - Setting next_dagrun for example_short_circuit_decorator to None, run_after=None
[2024-10-16T13:04:20.802+0000] {processor.py:208} INFO - Processing /home/airflow/.local/lib/python3.12/site-packages/airflow/example_dags/example_short_circuit_decorator.py took 0.115 seconds
[2024-10-16T13:08:03.855+0000] {processor.py:186} INFO - Started process (PID=74) to work on /home/airflow/.local/lib/python3.12/site-packages/airflow/example_dags/example_short_circuit_decorator.py
[2024-10-16T13:08:03.856+0000] {processor.py:914} INFO - Processing file /home/airflow/.local/lib/python3.12/site-packages/airflow/example_dags/example_short_circuit_decorator.py for tasks to queue
[2024-10-16T13:08:03.859+0000] {logging_mixin.py:190} INFO - [2024-10-16T13:08:03.859+0000] {dagbag.py:588} INFO - Filling up the DagBag from /home/airflow/.local/lib/python3.12/site-packages/airflow/example_dags/example_short_circuit_decorator.py
[2024-10-16T13:08:03.875+0000] {processor.py:925} INFO - DAG(s) 'example_short_circuit_decorator' retrieved from /home/airflow/.local/lib/python3.12/site-packages/airflow/example_dags/example_short_circuit_decorator.py
[2024-10-16T13:08:04.023+0000] {logging_mixin.py:190} INFO - [2024-10-16T13:08:04.022+0000] {override.py:1900} INFO - Created Permission View: can read on DAG:example_short_circuit_decorator
[2024-10-16T13:08:04.034+0000] {logging_mixin.py:190} INFO - [2024-10-16T13:08:04.033+0000] {override.py:1900} INFO - Created Permission View: can delete on DAG:example_short_circuit_decorator
[2024-10-16T13:08:04.042+0000] {logging_mixin.py:190} INFO - [2024-10-16T13:08:04.042+0000] {override.py:1900} INFO - Created Permission View: can edit on DAG:example_short_circuit_decorator
[2024-10-16T13:08:04.051+0000] {logging_mixin.py:190} INFO - [2024-10-16T13:08:04.051+0000] {override.py:1900} INFO - Created Permission View: can create on DAG Run:example_short_circuit_decorator
[2024-10-16T13:08:04.058+0000] {logging_mixin.py:190} INFO - [2024-10-16T13:08:04.058+0000] {override.py:1900} INFO - Created Permission View: menu access on DAG Run:example_short_circuit_decorator
[2024-10-16T13:08:04.066+0000] {logging_mixin.py:190} INFO - [2024-10-16T13:08:04.066+0000] {override.py:1900} INFO - Created Permission View: can read on DAG Run:example_short_circuit_decorator
[2024-10-16T13:08:04.074+0000] {logging_mixin.py:190} INFO - [2024-10-16T13:08:04.074+0000] {override.py:1900} INFO - Created Permission View: can delete on DAG Run:example_short_circuit_decorator
[2024-10-16T13:08:04.075+0000] {logging_mixin.py:190} INFO - [2024-10-16T13:08:04.075+0000] {dag.py:3239} INFO - Sync 1 DAGs
[2024-10-16T13:08:04.085+0000] {logging_mixin.py:190} INFO - [2024-10-16T13:08:04.085+0000] {dag.py:3262} INFO - Creating ORM DAG for example_short_circuit_decorator
[2024-10-16T13:08:04.086+0000] {logging_mixin.py:190} INFO - [2024-10-16T13:08:04.086+0000] {dag.py:4180} INFO - Setting next_dagrun for example_short_circuit_decorator to None, run_after=None
[2024-10-16T13:08:04.103+0000] {processor.py:208} INFO - Processing /home/airflow/.local/lib/python3.12/site-packages/airflow/example_dags/example_short_circuit_decorator.py took 0.257 seconds
[2024-10-16T13:08:34.894+0000] {processor.py:186} INFO - Started process (PID=143) to work on /home/airflow/.local/lib/python3.12/site-packages/airflow/example_dags/example_short_circuit_decorator.py
[2024-10-16T13:08:34.896+0000] {processor.py:914} INFO - Processing file /home/airflow/.local/lib/python3.12/site-packages/airflow/example_dags/example_short_circuit_decorator.py for tasks to queue
[2024-10-16T13:08:34.899+0000] {logging_mixin.py:190} INFO - [2024-10-16T13:08:34.898+0000] {dagbag.py:588} INFO - Filling up the DagBag from /home/airflow/.local/lib/python3.12/site-packages/airflow/example_dags/example_short_circuit_decorator.py
[2024-10-16T13:08:34.911+0000] {processor.py:925} INFO - DAG(s) 'example_short_circuit_decorator' retrieved from /home/airflow/.local/lib/python3.12/site-packages/airflow/example_dags/example_short_circuit_decorator.py
[2024-10-16T13:08:34.943+0000] {logging_mixin.py:190} INFO - [2024-10-16T13:08:34.943+0000] {dag.py:3239} INFO - Sync 1 DAGs
[2024-10-16T13:08:34.962+0000] {logging_mixin.py:190} INFO - [2024-10-16T13:08:34.961+0000] {dag.py:4180} INFO - Setting next_dagrun for example_short_circuit_decorator to None, run_after=None
[2024-10-16T13:08:34.987+0000] {processor.py:208} INFO - Processing /home/airflow/.local/lib/python3.12/site-packages/airflow/example_dags/example_short_circuit_decorator.py took 0.107 seconds
[2024-10-16T13:09:05.425+0000] {processor.py:186} INFO - Started process (PID=206) to work on /home/airflow/.local/lib/python3.12/site-packages/airflow/example_dags/example_short_circuit_decorator.py
[2024-10-16T13:09:05.429+0000] {processor.py:914} INFO - Processing file /home/airflow/.local/lib/python3.12/site-packages/airflow/example_dags/example_short_circuit_decorator.py for tasks to queue
[2024-10-16T13:09:05.434+0000] {logging_mixin.py:190} INFO - [2024-10-16T13:09:05.434+0000] {dagbag.py:588} INFO - Filling up the DagBag from /home/airflow/.local/lib/python3.12/site-packages/airflow/example_dags/example_short_circuit_decorator.py
[2024-10-16T13:09:05.468+0000] {processor.py:925} INFO - DAG(s) 'example_short_circuit_decorator' retrieved from /home/airflow/.local/lib/python3.12/site-packages/airflow/example_dags/example_short_circuit_decorator.py
[2024-10-16T13:09:05.557+0000] {logging_mixin.py:190} INFO - [2024-10-16T13:09:05.557+0000] {dag.py:3239} INFO - Sync 1 DAGs
[2024-10-16T13:09:05.582+0000] {logging_mixin.py:190} INFO - [2024-10-16T13:09:05.582+0000] {dag.py:4180} INFO - Setting next_dagrun for example_short_circuit_decorator to None, run_after=None
[2024-10-16T13:09:05.648+0000] {processor.py:208} INFO - Processing /home/airflow/.local/lib/python3.12/site-packages/airflow/example_dags/example_short_circuit_decorator.py took 0.229 seconds
[2024-10-16T13:09:36.396+0000] {processor.py:186} INFO - Started process (PID=269) to work on /home/airflow/.local/lib/python3.12/site-packages/airflow/example_dags/example_short_circuit_decorator.py
[2024-10-16T13:09:36.397+0000] {processor.py:914} INFO - Processing file /home/airflow/.local/lib/python3.12/site-packages/airflow/example_dags/example_short_circuit_decorator.py for tasks to queue
[2024-10-16T13:09:36.399+0000] {logging_mixin.py:190} INFO - [2024-10-16T13:09:36.399+0000] {dagbag.py:588} INFO - Filling up the DagBag from /home/airflow/.local/lib/python3.12/site-packages/airflow/example_dags/example_short_circuit_decorator.py
[2024-10-16T13:09:36.407+0000] {processor.py:925} INFO - DAG(s) 'example_short_circuit_decorator' retrieved from /home/airflow/.local/lib/python3.12/site-packages/airflow/example_dags/example_short_circuit_decorator.py
[2024-10-16T13:09:36.430+0000] {logging_mixin.py:190} INFO - [2024-10-16T13:09:36.430+0000] {dag.py:3239} INFO - Sync 1 DAGs
[2024-10-16T13:09:36.445+0000] {logging_mixin.py:190} INFO - [2024-10-16T13:09:36.444+0000] {dag.py:4180} INFO - Setting next_dagrun for example_short_circuit_decorator to None, run_after=None
[2024-10-16T13:09:36.470+0000] {processor.py:208} INFO - Processing /home/airflow/.local/lib/python3.12/site-packages/airflow/example_dags/example_short_circuit_decorator.py took 0.079 seconds
[2024-10-16T13:10:07.085+0000] {processor.py:186} INFO - Started process (PID=332) to work on /home/airflow/.local/lib/python3.12/site-packages/airflow/example_dags/example_short_circuit_decorator.py
[2024-10-16T13:10:07.086+0000] {processor.py:914} INFO - Processing file /home/airflow/.local/lib/python3.12/site-packages/airflow/example_dags/example_short_circuit_decorator.py for tasks to queue
[2024-10-16T13:10:07.089+0000] {logging_mixin.py:190} INFO - [2024-10-16T13:10:07.089+0000] {dagbag.py:588} INFO - Filling up the DagBag from /home/airflow/.local/lib/python3.12/site-packages/airflow/example_dags/example_short_circuit_decorator.py
[2024-10-16T13:10:07.098+0000] {processor.py:925} INFO - DAG(s) 'example_short_circuit_decorator' retrieved from /home/airflow/.local/lib/python3.12/site-packages/airflow/example_dags/example_short_circuit_decorator.py
[2024-10-16T13:10:07.116+0000] {logging_mixin.py:190} INFO - [2024-10-16T13:10:07.116+0000] {dag.py:3239} INFO - Sync 1 DAGs
[2024-10-16T13:10:07.127+0000] {logging_mixin.py:190} INFO - [2024-10-16T13:10:07.126+0000] {dag.py:4180} INFO - Setting next_dagrun for example_short_circuit_decorator to None, run_after=None
[2024-10-16T13:10:07.155+0000] {processor.py:208} INFO - Processing /home/airflow/.local/lib/python3.12/site-packages/airflow/example_dags/example_short_circuit_decorator.py took 0.075 seconds
[2024-10-16T13:10:38.173+0000] {processor.py:186} INFO - Started process (PID=395) to work on /home/airflow/.local/lib/python3.12/site-packages/airflow/example_dags/example_short_circuit_decorator.py
[2024-10-16T13:10:38.175+0000] {processor.py:914} INFO - Processing file /home/airflow/.local/lib/python3.12/site-packages/airflow/example_dags/example_short_circuit_decorator.py for tasks to queue
[2024-10-16T13:10:38.179+0000] {logging_mixin.py:190} INFO - [2024-10-16T13:10:38.178+0000] {dagbag.py:588} INFO - Filling up the DagBag from /home/airflow/.local/lib/python3.12/site-packages/airflow/example_dags/example_short_circuit_decorator.py
[2024-10-16T13:10:38.186+0000] {processor.py:925} INFO - DAG(s) 'example_short_circuit_decorator' retrieved from /home/airflow/.local/lib/python3.12/site-packages/airflow/example_dags/example_short_circuit_decorator.py
[2024-10-16T13:10:38.206+0000] {logging_mixin.py:190} INFO - [2024-10-16T13:10:38.206+0000] {dag.py:3239} INFO - Sync 1 DAGs
[2024-10-16T13:10:38.219+0000] {logging_mixin.py:190} INFO - [2024-10-16T13:10:38.219+0000] {dag.py:4180} INFO - Setting next_dagrun for example_short_circuit_decorator to None, run_after=None
[2024-10-16T13:10:38.242+0000] {processor.py:208} INFO - Processing /home/airflow/.local/lib/python3.12/site-packages/airflow/example_dags/example_short_circuit_decorator.py took 0.075 seconds
[2024-10-16T13:11:08.640+0000] {processor.py:186} INFO - Started process (PID=458) to work on /home/airflow/.local/lib/python3.12/site-packages/airflow/example_dags/example_short_circuit_decorator.py
[2024-10-16T13:11:08.641+0000] {processor.py:914} INFO - Processing file /home/airflow/.local/lib/python3.12/site-packages/airflow/example_dags/example_short_circuit_decorator.py for tasks to queue
[2024-10-16T13:11:08.643+0000] {logging_mixin.py:190} INFO - [2024-10-16T13:11:08.643+0000] {dagbag.py:588} INFO - Filling up the DagBag from /home/airflow/.local/lib/python3.12/site-packages/airflow/example_dags/example_short_circuit_decorator.py
[2024-10-16T13:11:08.654+0000] {processor.py:925} INFO - DAG(s) 'example_short_circuit_decorator' retrieved from /home/airflow/.local/lib/python3.12/site-packages/airflow/example_dags/example_short_circuit_decorator.py
[2024-10-16T13:11:08.681+0000] {logging_mixin.py:190} INFO - [2024-10-16T13:11:08.681+0000] {dag.py:3239} INFO - Sync 1 DAGs
[2024-10-16T13:11:08.716+0000] {logging_mixin.py:190} INFO - [2024-10-16T13:11:08.715+0000] {dag.py:4180} INFO - Setting next_dagrun for example_short_circuit_decorator to None, run_after=None
[2024-10-16T13:11:08.745+0000] {processor.py:208} INFO - Processing /home/airflow/.local/lib/python3.12/site-packages/airflow/example_dags/example_short_circuit_decorator.py took 0.112 seconds
[2024-10-16T13:12:43.914+0000] {processor.py:186} INFO - Started process (PID=79) to work on /home/airflow/.local/lib/python3.12/site-packages/airflow/example_dags/example_short_circuit_decorator.py
[2024-10-16T13:12:43.915+0000] {processor.py:914} INFO - Processing file /home/airflow/.local/lib/python3.12/site-packages/airflow/example_dags/example_short_circuit_decorator.py for tasks to queue
[2024-10-16T13:12:43.919+0000] {logging_mixin.py:190} INFO - [2024-10-16T13:12:43.919+0000] {dagbag.py:588} INFO - Filling up the DagBag from /home/airflow/.local/lib/python3.12/site-packages/airflow/example_dags/example_short_circuit_decorator.py
[2024-10-16T13:12:43.949+0000] {processor.py:925} INFO - DAG(s) 'example_short_circuit_decorator' retrieved from /home/airflow/.local/lib/python3.12/site-packages/airflow/example_dags/example_short_circuit_decorator.py
[2024-10-16T13:12:44.096+0000] {logging_mixin.py:190} INFO - [2024-10-16T13:12:44.094+0000] {override.py:1900} INFO - Created Permission View: can read on DAG:example_short_circuit_decorator
[2024-10-16T13:12:44.113+0000] {logging_mixin.py:190} INFO - [2024-10-16T13:12:44.113+0000] {override.py:1900} INFO - Created Permission View: can edit on DAG:example_short_circuit_decorator
[2024-10-16T13:12:44.124+0000] {logging_mixin.py:190} INFO - [2024-10-16T13:12:44.124+0000] {override.py:1900} INFO - Created Permission View: can delete on DAG:example_short_circuit_decorator
[2024-10-16T13:12:44.135+0000] {logging_mixin.py:190} INFO - [2024-10-16T13:12:44.135+0000] {override.py:1900} INFO - Created Permission View: can read on DAG Run:example_short_circuit_decorator
[2024-10-16T13:12:44.144+0000] {logging_mixin.py:190} INFO - [2024-10-16T13:12:44.143+0000] {override.py:1900} INFO - Created Permission View: menu access on DAG Run:example_short_circuit_decorator
[2024-10-16T13:12:44.153+0000] {logging_mixin.py:190} INFO - [2024-10-16T13:12:44.153+0000] {override.py:1900} INFO - Created Permission View: can delete on DAG Run:example_short_circuit_decorator
[2024-10-16T13:12:44.161+0000] {logging_mixin.py:190} INFO - [2024-10-16T13:12:44.161+0000] {override.py:1900} INFO - Created Permission View: can create on DAG Run:example_short_circuit_decorator
[2024-10-16T13:12:44.162+0000] {logging_mixin.py:190} INFO - [2024-10-16T13:12:44.161+0000] {dag.py:3239} INFO - Sync 1 DAGs
[2024-10-16T13:12:44.178+0000] {logging_mixin.py:190} INFO - [2024-10-16T13:12:44.178+0000] {dag.py:3262} INFO - Creating ORM DAG for example_short_circuit_decorator
[2024-10-16T13:12:44.179+0000] {logging_mixin.py:190} INFO - [2024-10-16T13:12:44.179+0000] {dag.py:4180} INFO - Setting next_dagrun for example_short_circuit_decorator to None, run_after=None
[2024-10-16T13:12:44.196+0000] {processor.py:208} INFO - Processing /home/airflow/.local/lib/python3.12/site-packages/airflow/example_dags/example_short_circuit_decorator.py took 0.294 seconds
[2024-10-16T13:13:14.270+0000] {processor.py:186} INFO - Started process (PID=142) to work on /home/airflow/.local/lib/python3.12/site-packages/airflow/example_dags/example_short_circuit_decorator.py
[2024-10-16T13:13:14.271+0000] {processor.py:914} INFO - Processing file /home/airflow/.local/lib/python3.12/site-packages/airflow/example_dags/example_short_circuit_decorator.py for tasks to queue
[2024-10-16T13:13:14.273+0000] {logging_mixin.py:190} INFO - [2024-10-16T13:13:14.273+0000] {dagbag.py:588} INFO - Filling up the DagBag from /home/airflow/.local/lib/python3.12/site-packages/airflow/example_dags/example_short_circuit_decorator.py
[2024-10-16T13:13:14.283+0000] {processor.py:925} INFO - DAG(s) 'example_short_circuit_decorator' retrieved from /home/airflow/.local/lib/python3.12/site-packages/airflow/example_dags/example_short_circuit_decorator.py
[2024-10-16T13:13:14.314+0000] {logging_mixin.py:190} INFO - [2024-10-16T13:13:14.313+0000] {dag.py:3239} INFO - Sync 1 DAGs
[2024-10-16T13:13:14.329+0000] {logging_mixin.py:190} INFO - [2024-10-16T13:13:14.329+0000] {dag.py:4180} INFO - Setting next_dagrun for example_short_circuit_decorator to None, run_after=None
[2024-10-16T13:13:14.349+0000] {processor.py:208} INFO - Processing /home/airflow/.local/lib/python3.12/site-packages/airflow/example_dags/example_short_circuit_decorator.py took 0.086 seconds
[2024-10-16T13:14:45.692+0000] {processor.py:186} INFO - Started process (PID=81) to work on /home/airflow/.local/lib/python3.12/site-packages/airflow/example_dags/example_short_circuit_decorator.py
[2024-10-16T13:14:45.694+0000] {processor.py:914} INFO - Processing file /home/airflow/.local/lib/python3.12/site-packages/airflow/example_dags/example_short_circuit_decorator.py for tasks to queue
[2024-10-16T13:14:45.696+0000] {logging_mixin.py:190} INFO - [2024-10-16T13:14:45.695+0000] {dagbag.py:588} INFO - Filling up the DagBag from /home/airflow/.local/lib/python3.12/site-packages/airflow/example_dags/example_short_circuit_decorator.py
[2024-10-16T13:14:45.707+0000] {processor.py:925} INFO - DAG(s) 'example_short_circuit_decorator' retrieved from /home/airflow/.local/lib/python3.12/site-packages/airflow/example_dags/example_short_circuit_decorator.py
[2024-10-16T13:14:45.806+0000] {logging_mixin.py:190} INFO - [2024-10-16T13:14:45.805+0000] {override.py:1900} INFO - Created Permission View: can read on DAG:example_short_circuit_decorator
[2024-10-16T13:14:45.818+0000] {logging_mixin.py:190} INFO - [2024-10-16T13:14:45.818+0000] {override.py:1900} INFO - Created Permission View: can delete on DAG:example_short_circuit_decorator
[2024-10-16T13:14:45.827+0000] {logging_mixin.py:190} INFO - [2024-10-16T13:14:45.827+0000] {override.py:1900} INFO - Created Permission View: can edit on DAG:example_short_circuit_decorator
[2024-10-16T13:14:45.837+0000] {logging_mixin.py:190} INFO - [2024-10-16T13:14:45.837+0000] {override.py:1900} INFO - Created Permission View: can read on DAG Run:example_short_circuit_decorator
[2024-10-16T13:14:45.847+0000] {logging_mixin.py:190} INFO - [2024-10-16T13:14:45.847+0000] {override.py:1900} INFO - Created Permission View: can create on DAG Run:example_short_circuit_decorator
[2024-10-16T13:14:45.855+0000] {logging_mixin.py:190} INFO - [2024-10-16T13:14:45.854+0000] {override.py:1900} INFO - Created Permission View: can delete on DAG Run:example_short_circuit_decorator
[2024-10-16T13:14:45.861+0000] {logging_mixin.py:190} INFO - [2024-10-16T13:14:45.860+0000] {override.py:1900} INFO - Created Permission View: menu access on DAG Run:example_short_circuit_decorator
[2024-10-16T13:14:45.862+0000] {logging_mixin.py:190} INFO - [2024-10-16T13:14:45.861+0000] {dag.py:3239} INFO - Sync 1 DAGs
[2024-10-16T13:14:45.873+0000] {logging_mixin.py:190} INFO - [2024-10-16T13:14:45.872+0000] {dag.py:3262} INFO - Creating ORM DAG for example_short_circuit_decorator
[2024-10-16T13:14:45.873+0000] {logging_mixin.py:190} INFO - [2024-10-16T13:14:45.873+0000] {dag.py:4180} INFO - Setting next_dagrun for example_short_circuit_decorator to None, run_after=None
[2024-10-16T13:14:45.888+0000] {processor.py:208} INFO - Processing /home/airflow/.local/lib/python3.12/site-packages/airflow/example_dags/example_short_circuit_decorator.py took 0.200 seconds
[2024-10-16T13:16:14.410+0000] {processor.py:186} INFO - Started process (PID=80) to work on /home/airflow/.local/lib/python3.12/site-packages/airflow/example_dags/example_short_circuit_decorator.py
[2024-10-16T13:16:14.411+0000] {processor.py:914} INFO - Processing file /home/airflow/.local/lib/python3.12/site-packages/airflow/example_dags/example_short_circuit_decorator.py for tasks to queue
[2024-10-16T13:16:14.413+0000] {logging_mixin.py:190} INFO - [2024-10-16T13:16:14.413+0000] {dagbag.py:588} INFO - Filling up the DagBag from /home/airflow/.local/lib/python3.12/site-packages/airflow/example_dags/example_short_circuit_decorator.py
[2024-10-16T13:16:14.427+0000] {processor.py:925} INFO - DAG(s) 'example_short_circuit_decorator' retrieved from /home/airflow/.local/lib/python3.12/site-packages/airflow/example_dags/example_short_circuit_decorator.py
[2024-10-16T13:16:14.571+0000] {logging_mixin.py:190} INFO - [2024-10-16T13:16:14.570+0000] {override.py:1900} INFO - Created Permission View: can edit on DAG:example_short_circuit_decorator
[2024-10-16T13:16:14.583+0000] {logging_mixin.py:190} INFO - [2024-10-16T13:16:14.583+0000] {override.py:1900} INFO - Created Permission View: can read on DAG:example_short_circuit_decorator
[2024-10-16T13:16:14.591+0000] {logging_mixin.py:190} INFO - [2024-10-16T13:16:14.590+0000] {override.py:1900} INFO - Created Permission View: can delete on DAG:example_short_circuit_decorator
[2024-10-16T13:16:14.600+0000] {logging_mixin.py:190} INFO - [2024-10-16T13:16:14.600+0000] {override.py:1900} INFO - Created Permission View: menu access on DAG Run:example_short_circuit_decorator
[2024-10-16T13:16:14.608+0000] {logging_mixin.py:190} INFO - [2024-10-16T13:16:14.608+0000] {override.py:1900} INFO - Created Permission View: can read on DAG Run:example_short_circuit_decorator
[2024-10-16T13:16:14.616+0000] {logging_mixin.py:190} INFO - [2024-10-16T13:16:14.615+0000] {override.py:1900} INFO - Created Permission View: can create on DAG Run:example_short_circuit_decorator
[2024-10-16T13:16:14.623+0000] {logging_mixin.py:190} INFO - [2024-10-16T13:16:14.623+0000] {override.py:1900} INFO - Created Permission View: can delete on DAG Run:example_short_circuit_decorator
[2024-10-16T13:16:14.624+0000] {logging_mixin.py:190} INFO - [2024-10-16T13:16:14.624+0000] {dag.py:3239} INFO - Sync 1 DAGs
[2024-10-16T13:16:14.638+0000] {logging_mixin.py:190} INFO - [2024-10-16T13:16:14.637+0000] {dag.py:3262} INFO - Creating ORM DAG for example_short_circuit_decorator
[2024-10-16T13:16:14.639+0000] {logging_mixin.py:190} INFO - [2024-10-16T13:16:14.639+0000] {dag.py:4180} INFO - Setting next_dagrun for example_short_circuit_decorator to None, run_after=None
[2024-10-16T13:16:14.666+0000] {processor.py:208} INFO - Processing /home/airflow/.local/lib/python3.12/site-packages/airflow/example_dags/example_short_circuit_decorator.py took 0.262 seconds
[2024-10-16T13:16:44.716+0000] {processor.py:186} INFO - Started process (PID=143) to work on /home/airflow/.local/lib/python3.12/site-packages/airflow/example_dags/example_short_circuit_decorator.py
[2024-10-16T13:16:44.717+0000] {processor.py:914} INFO - Processing file /home/airflow/.local/lib/python3.12/site-packages/airflow/example_dags/example_short_circuit_decorator.py for tasks to queue
[2024-10-16T13:16:44.719+0000] {logging_mixin.py:190} INFO - [2024-10-16T13:16:44.719+0000] {dagbag.py:588} INFO - Filling up the DagBag from /home/airflow/.local/lib/python3.12/site-packages/airflow/example_dags/example_short_circuit_decorator.py
[2024-10-16T13:16:44.728+0000] {processor.py:925} INFO - DAG(s) 'example_short_circuit_decorator' retrieved from /home/airflow/.local/lib/python3.12/site-packages/airflow/example_dags/example_short_circuit_decorator.py
[2024-10-16T13:16:44.754+0000] {logging_mixin.py:190} INFO - [2024-10-16T13:16:44.754+0000] {dag.py:3239} INFO - Sync 1 DAGs
[2024-10-16T13:16:44.766+0000] {logging_mixin.py:190} INFO - [2024-10-16T13:16:44.766+0000] {dag.py:4180} INFO - Setting next_dagrun for example_short_circuit_decorator to None, run_after=None
[2024-10-16T13:16:44.782+0000] {processor.py:208} INFO - Processing /home/airflow/.local/lib/python3.12/site-packages/airflow/example_dags/example_short_circuit_decorator.py took 0.072 seconds
[2024-10-16T13:17:15.283+0000] {processor.py:186} INFO - Started process (PID=206) to work on /home/airflow/.local/lib/python3.12/site-packages/airflow/example_dags/example_short_circuit_decorator.py
[2024-10-16T13:17:15.284+0000] {processor.py:914} INFO - Processing file /home/airflow/.local/lib/python3.12/site-packages/airflow/example_dags/example_short_circuit_decorator.py for tasks to queue
[2024-10-16T13:17:15.287+0000] {logging_mixin.py:190} INFO - [2024-10-16T13:17:15.286+0000] {dagbag.py:588} INFO - Filling up the DagBag from /home/airflow/.local/lib/python3.12/site-packages/airflow/example_dags/example_short_circuit_decorator.py
[2024-10-16T13:17:15.299+0000] {processor.py:925} INFO - DAG(s) 'example_short_circuit_decorator' retrieved from /home/airflow/.local/lib/python3.12/site-packages/airflow/example_dags/example_short_circuit_decorator.py
[2024-10-16T13:17:15.327+0000] {logging_mixin.py:190} INFO - [2024-10-16T13:17:15.327+0000] {dag.py:3239} INFO - Sync 1 DAGs
[2024-10-16T13:17:15.346+0000] {logging_mixin.py:190} INFO - [2024-10-16T13:17:15.346+0000] {dag.py:4180} INFO - Setting next_dagrun for example_short_circuit_decorator to None, run_after=None
[2024-10-16T13:17:15.376+0000] {processor.py:208} INFO - Processing /home/airflow/.local/lib/python3.12/site-packages/airflow/example_dags/example_short_circuit_decorator.py took 0.101 seconds
[2024-10-16T13:17:46.642+0000] {processor.py:186} INFO - Started process (PID=269) to work on /home/airflow/.local/lib/python3.12/site-packages/airflow/example_dags/example_short_circuit_decorator.py
[2024-10-16T13:17:46.643+0000] {processor.py:914} INFO - Processing file /home/airflow/.local/lib/python3.12/site-packages/airflow/example_dags/example_short_circuit_decorator.py for tasks to queue
[2024-10-16T13:17:46.647+0000] {logging_mixin.py:190} INFO - [2024-10-16T13:17:46.646+0000] {dagbag.py:588} INFO - Filling up the DagBag from /home/airflow/.local/lib/python3.12/site-packages/airflow/example_dags/example_short_circuit_decorator.py
[2024-10-16T13:17:46.658+0000] {processor.py:925} INFO - DAG(s) 'example_short_circuit_decorator' retrieved from /home/airflow/.local/lib/python3.12/site-packages/airflow/example_dags/example_short_circuit_decorator.py
[2024-10-16T13:17:46.686+0000] {logging_mixin.py:190} INFO - [2024-10-16T13:17:46.685+0000] {dag.py:3239} INFO - Sync 1 DAGs
[2024-10-16T13:17:46.700+0000] {logging_mixin.py:190} INFO - [2024-10-16T13:17:46.700+0000] {dag.py:4180} INFO - Setting next_dagrun for example_short_circuit_decorator to None, run_after=None
[2024-10-16T13:17:46.726+0000] {processor.py:208} INFO - Processing /home/airflow/.local/lib/python3.12/site-packages/airflow/example_dags/example_short_circuit_decorator.py took 0.091 seconds
[2024-10-16T13:18:16.902+0000] {processor.py:186} INFO - Started process (PID=332) to work on /home/airflow/.local/lib/python3.12/site-packages/airflow/example_dags/example_short_circuit_decorator.py
[2024-10-16T13:18:16.903+0000] {processor.py:914} INFO - Processing file /home/airflow/.local/lib/python3.12/site-packages/airflow/example_dags/example_short_circuit_decorator.py for tasks to queue
[2024-10-16T13:18:16.905+0000] {logging_mixin.py:190} INFO - [2024-10-16T13:18:16.905+0000] {dagbag.py:588} INFO - Filling up the DagBag from /home/airflow/.local/lib/python3.12/site-packages/airflow/example_dags/example_short_circuit_decorator.py
[2024-10-16T13:18:16.913+0000] {processor.py:925} INFO - DAG(s) 'example_short_circuit_decorator' retrieved from /home/airflow/.local/lib/python3.12/site-packages/airflow/example_dags/example_short_circuit_decorator.py
[2024-10-16T13:18:16.933+0000] {logging_mixin.py:190} INFO - [2024-10-16T13:18:16.933+0000] {dag.py:3239} INFO - Sync 1 DAGs
[2024-10-16T13:18:16.946+0000] {logging_mixin.py:190} INFO - [2024-10-16T13:18:16.945+0000] {dag.py:4180} INFO - Setting next_dagrun for example_short_circuit_decorator to None, run_after=None
[2024-10-16T13:18:16.969+0000] {processor.py:208} INFO - Processing /home/airflow/.local/lib/python3.12/site-packages/airflow/example_dags/example_short_circuit_decorator.py took 0.072 seconds
[2024-10-16T13:18:47.500+0000] {processor.py:186} INFO - Started process (PID=395) to work on /home/airflow/.local/lib/python3.12/site-packages/airflow/example_dags/example_short_circuit_decorator.py
[2024-10-16T13:18:47.501+0000] {processor.py:914} INFO - Processing file /home/airflow/.local/lib/python3.12/site-packages/airflow/example_dags/example_short_circuit_decorator.py for tasks to queue
[2024-10-16T13:18:47.503+0000] {logging_mixin.py:190} INFO - [2024-10-16T13:18:47.503+0000] {dagbag.py:588} INFO - Filling up the DagBag from /home/airflow/.local/lib/python3.12/site-packages/airflow/example_dags/example_short_circuit_decorator.py
[2024-10-16T13:18:47.512+0000] {processor.py:925} INFO - DAG(s) 'example_short_circuit_decorator' retrieved from /home/airflow/.local/lib/python3.12/site-packages/airflow/example_dags/example_short_circuit_decorator.py
[2024-10-16T13:18:47.540+0000] {logging_mixin.py:190} INFO - [2024-10-16T13:18:47.539+0000] {dag.py:3239} INFO - Sync 1 DAGs
[2024-10-16T13:18:47.554+0000] {logging_mixin.py:190} INFO - [2024-10-16T13:18:47.554+0000] {dag.py:4180} INFO - Setting next_dagrun for example_short_circuit_decorator to None, run_after=None
[2024-10-16T13:18:47.577+0000] {processor.py:208} INFO - Processing /home/airflow/.local/lib/python3.12/site-packages/airflow/example_dags/example_short_circuit_decorator.py took 0.082 seconds
[2024-10-16T13:19:17.861+0000] {processor.py:186} INFO - Started process (PID=458) to work on /home/airflow/.local/lib/python3.12/site-packages/airflow/example_dags/example_short_circuit_decorator.py
[2024-10-16T13:19:17.862+0000] {processor.py:914} INFO - Processing file /home/airflow/.local/lib/python3.12/site-packages/airflow/example_dags/example_short_circuit_decorator.py for tasks to queue
[2024-10-16T13:19:17.865+0000] {logging_mixin.py:190} INFO - [2024-10-16T13:19:17.864+0000] {dagbag.py:588} INFO - Filling up the DagBag from /home/airflow/.local/lib/python3.12/site-packages/airflow/example_dags/example_short_circuit_decorator.py
[2024-10-16T13:19:17.875+0000] {processor.py:925} INFO - DAG(s) 'example_short_circuit_decorator' retrieved from /home/airflow/.local/lib/python3.12/site-packages/airflow/example_dags/example_short_circuit_decorator.py
[2024-10-16T13:19:17.904+0000] {logging_mixin.py:190} INFO - [2024-10-16T13:19:17.903+0000] {dag.py:3239} INFO - Sync 1 DAGs
[2024-10-16T13:19:17.920+0000] {logging_mixin.py:190} INFO - [2024-10-16T13:19:17.920+0000] {dag.py:4180} INFO - Setting next_dagrun for example_short_circuit_decorator to None, run_after=None
[2024-10-16T13:19:17.951+0000] {processor.py:208} INFO - Processing /home/airflow/.local/lib/python3.12/site-packages/airflow/example_dags/example_short_circuit_decorator.py took 0.096 seconds
[2024-10-16T13:19:48.837+0000] {processor.py:186} INFO - Started process (PID=521) to work on /home/airflow/.local/lib/python3.12/site-packages/airflow/example_dags/example_short_circuit_decorator.py
[2024-10-16T13:19:48.839+0000] {processor.py:914} INFO - Processing file /home/airflow/.local/lib/python3.12/site-packages/airflow/example_dags/example_short_circuit_decorator.py for tasks to queue
[2024-10-16T13:19:48.841+0000] {logging_mixin.py:190} INFO - [2024-10-16T13:19:48.841+0000] {dagbag.py:588} INFO - Filling up the DagBag from /home/airflow/.local/lib/python3.12/site-packages/airflow/example_dags/example_short_circuit_decorator.py
[2024-10-16T13:19:48.850+0000] {processor.py:925} INFO - DAG(s) 'example_short_circuit_decorator' retrieved from /home/airflow/.local/lib/python3.12/site-packages/airflow/example_dags/example_short_circuit_decorator.py
[2024-10-16T13:19:48.879+0000] {logging_mixin.py:190} INFO - [2024-10-16T13:19:48.878+0000] {dag.py:3239} INFO - Sync 1 DAGs
[2024-10-16T13:19:48.897+0000] {logging_mixin.py:190} INFO - [2024-10-16T13:19:48.897+0000] {dag.py:4180} INFO - Setting next_dagrun for example_short_circuit_decorator to None, run_after=None
[2024-10-16T13:19:48.922+0000] {processor.py:208} INFO - Processing /home/airflow/.local/lib/python3.12/site-packages/airflow/example_dags/example_short_circuit_decorator.py took 0.092 seconds
[2024-10-16T13:20:20.365+0000] {processor.py:186} INFO - Started process (PID=584) to work on /home/airflow/.local/lib/python3.12/site-packages/airflow/example_dags/example_short_circuit_decorator.py
[2024-10-16T13:20:20.366+0000] {processor.py:914} INFO - Processing file /home/airflow/.local/lib/python3.12/site-packages/airflow/example_dags/example_short_circuit_decorator.py for tasks to queue
[2024-10-16T13:20:20.368+0000] {logging_mixin.py:190} INFO - [2024-10-16T13:20:20.368+0000] {dagbag.py:588} INFO - Filling up the DagBag from /home/airflow/.local/lib/python3.12/site-packages/airflow/example_dags/example_short_circuit_decorator.py
[2024-10-16T13:20:20.380+0000] {processor.py:925} INFO - DAG(s) 'example_short_circuit_decorator' retrieved from /home/airflow/.local/lib/python3.12/site-packages/airflow/example_dags/example_short_circuit_decorator.py
[2024-10-16T13:20:20.410+0000] {logging_mixin.py:190} INFO - [2024-10-16T13:20:20.410+0000] {dag.py:3239} INFO - Sync 1 DAGs
[2024-10-16T13:20:20.430+0000] {logging_mixin.py:190} INFO - [2024-10-16T13:20:20.429+0000] {dag.py:4180} INFO - Setting next_dagrun for example_short_circuit_decorator to None, run_after=None
[2024-10-16T13:20:20.462+0000] {processor.py:208} INFO - Processing /home/airflow/.local/lib/python3.12/site-packages/airflow/example_dags/example_short_circuit_decorator.py took 0.105 seconds
[2024-10-16T13:22:00.506+0000] {processor.py:186} INFO - Started process (PID=79) to work on /home/airflow/.local/lib/python3.12/site-packages/airflow/example_dags/example_short_circuit_decorator.py
[2024-10-16T13:22:00.507+0000] {processor.py:914} INFO - Processing file /home/airflow/.local/lib/python3.12/site-packages/airflow/example_dags/example_short_circuit_decorator.py for tasks to queue
[2024-10-16T13:22:00.510+0000] {logging_mixin.py:190} INFO - [2024-10-16T13:22:00.509+0000] {dagbag.py:588} INFO - Filling up the DagBag from /home/airflow/.local/lib/python3.12/site-packages/airflow/example_dags/example_short_circuit_decorator.py
[2024-10-16T13:22:00.519+0000] {processor.py:925} INFO - DAG(s) 'example_short_circuit_decorator' retrieved from /home/airflow/.local/lib/python3.12/site-packages/airflow/example_dags/example_short_circuit_decorator.py
[2024-10-16T13:22:00.606+0000] {logging_mixin.py:190} INFO - [2024-10-16T13:22:00.605+0000] {override.py:1900} INFO - Created Permission View: can edit on DAG:example_short_circuit_decorator
[2024-10-16T13:22:00.615+0000] {logging_mixin.py:190} INFO - [2024-10-16T13:22:00.615+0000] {override.py:1900} INFO - Created Permission View: can read on DAG:example_short_circuit_decorator
[2024-10-16T13:22:00.621+0000] {logging_mixin.py:190} INFO - [2024-10-16T13:22:00.621+0000] {override.py:1900} INFO - Created Permission View: can delete on DAG:example_short_circuit_decorator
[2024-10-16T13:22:00.631+0000] {logging_mixin.py:190} INFO - [2024-10-16T13:22:00.631+0000] {override.py:1900} INFO - Created Permission View: can delete on DAG Run:example_short_circuit_decorator
[2024-10-16T13:22:00.639+0000] {logging_mixin.py:190} INFO - [2024-10-16T13:22:00.639+0000] {override.py:1900} INFO - Created Permission View: can read on DAG Run:example_short_circuit_decorator
[2024-10-16T13:22:00.647+0000] {logging_mixin.py:190} INFO - [2024-10-16T13:22:00.647+0000] {override.py:1900} INFO - Created Permission View: menu access on DAG Run:example_short_circuit_decorator
[2024-10-16T13:22:00.664+0000] {logging_mixin.py:190} INFO - [2024-10-16T13:22:00.663+0000] {override.py:1900} INFO - Created Permission View: can create on DAG Run:example_short_circuit_decorator
[2024-10-16T13:22:00.664+0000] {logging_mixin.py:190} INFO - [2024-10-16T13:22:00.664+0000] {dag.py:3239} INFO - Sync 1 DAGs
[2024-10-16T13:22:00.677+0000] {logging_mixin.py:190} INFO - [2024-10-16T13:22:00.676+0000] {dag.py:3262} INFO - Creating ORM DAG for example_short_circuit_decorator
[2024-10-16T13:22:00.679+0000] {logging_mixin.py:190} INFO - [2024-10-16T13:22:00.679+0000] {dag.py:4180} INFO - Setting next_dagrun for example_short_circuit_decorator to None, run_after=None
[2024-10-16T13:22:00.706+0000] {processor.py:208} INFO - Processing /home/airflow/.local/lib/python3.12/site-packages/airflow/example_dags/example_short_circuit_decorator.py took 0.204 seconds
[2024-10-16T13:22:30.749+0000] {processor.py:186} INFO - Started process (PID=142) to work on /home/airflow/.local/lib/python3.12/site-packages/airflow/example_dags/example_short_circuit_decorator.py
[2024-10-16T13:22:30.750+0000] {processor.py:914} INFO - Processing file /home/airflow/.local/lib/python3.12/site-packages/airflow/example_dags/example_short_circuit_decorator.py for tasks to queue
[2024-10-16T13:22:30.752+0000] {logging_mixin.py:190} INFO - [2024-10-16T13:22:30.752+0000] {dagbag.py:588} INFO - Filling up the DagBag from /home/airflow/.local/lib/python3.12/site-packages/airflow/example_dags/example_short_circuit_decorator.py
[2024-10-16T13:22:30.761+0000] {processor.py:925} INFO - DAG(s) 'example_short_circuit_decorator' retrieved from /home/airflow/.local/lib/python3.12/site-packages/airflow/example_dags/example_short_circuit_decorator.py
[2024-10-16T13:22:30.783+0000] {logging_mixin.py:190} INFO - [2024-10-16T13:22:30.783+0000] {dag.py:3239} INFO - Sync 1 DAGs
[2024-10-16T13:22:30.797+0000] {logging_mixin.py:190} INFO - [2024-10-16T13:22:30.797+0000] {dag.py:4180} INFO - Setting next_dagrun for example_short_circuit_decorator to None, run_after=None
[2024-10-16T13:22:30.822+0000] {processor.py:208} INFO - Processing /home/airflow/.local/lib/python3.12/site-packages/airflow/example_dags/example_short_circuit_decorator.py took 0.078 seconds
[2024-10-16T13:23:01.142+0000] {processor.py:186} INFO - Started process (PID=205) to work on /home/airflow/.local/lib/python3.12/site-packages/airflow/example_dags/example_short_circuit_decorator.py
[2024-10-16T13:23:01.143+0000] {processor.py:914} INFO - Processing file /home/airflow/.local/lib/python3.12/site-packages/airflow/example_dags/example_short_circuit_decorator.py for tasks to queue
[2024-10-16T13:23:01.146+0000] {logging_mixin.py:190} INFO - [2024-10-16T13:23:01.145+0000] {dagbag.py:588} INFO - Filling up the DagBag from /home/airflow/.local/lib/python3.12/site-packages/airflow/example_dags/example_short_circuit_decorator.py
[2024-10-16T13:23:01.157+0000] {processor.py:925} INFO - DAG(s) 'example_short_circuit_decorator' retrieved from /home/airflow/.local/lib/python3.12/site-packages/airflow/example_dags/example_short_circuit_decorator.py
[2024-10-16T13:23:01.185+0000] {logging_mixin.py:190} INFO - [2024-10-16T13:23:01.184+0000] {dag.py:3239} INFO - Sync 1 DAGs
[2024-10-16T13:23:01.201+0000] {logging_mixin.py:190} INFO - [2024-10-16T13:23:01.201+0000] {dag.py:4180} INFO - Setting next_dagrun for example_short_circuit_decorator to None, run_after=None
[2024-10-16T13:23:00.731+0000] {processor.py:208} INFO - Processing /home/airflow/.local/lib/python3.12/site-packages/airflow/example_dags/example_short_circuit_decorator.py took 0.098 seconds
[2024-10-16T13:23:30.851+0000] {processor.py:186} INFO - Started process (PID=260) to work on /home/airflow/.local/lib/python3.12/site-packages/airflow/example_dags/example_short_circuit_decorator.py
[2024-10-16T13:23:30.855+0000] {processor.py:914} INFO - Processing file /home/airflow/.local/lib/python3.12/site-packages/airflow/example_dags/example_short_circuit_decorator.py for tasks to queue
[2024-10-16T13:23:30.862+0000] {logging_mixin.py:190} INFO - [2024-10-16T13:23:30.861+0000] {dagbag.py:588} INFO - Filling up the DagBag from /home/airflow/.local/lib/python3.12/site-packages/airflow/example_dags/example_short_circuit_decorator.py
[2024-10-16T13:23:30.880+0000] {processor.py:925} INFO - DAG(s) 'example_short_circuit_decorator' retrieved from /home/airflow/.local/lib/python3.12/site-packages/airflow/example_dags/example_short_circuit_decorator.py
[2024-10-16T13:23:30.917+0000] {logging_mixin.py:190} INFO - [2024-10-16T13:23:30.917+0000] {dag.py:3239} INFO - Sync 1 DAGs
[2024-10-16T13:23:30.947+0000] {logging_mixin.py:190} INFO - [2024-10-16T13:23:30.946+0000] {dag.py:4180} INFO - Setting next_dagrun for example_short_circuit_decorator to None, run_after=None
[2024-10-16T13:23:30.996+0000] {processor.py:208} INFO - Processing /home/airflow/.local/lib/python3.12/site-packages/airflow/example_dags/example_short_circuit_decorator.py took 0.155 seconds
