[2024-10-16T12:50:35.037+0000] {processor.py:186} INFO - Started process (PID=110) to work on /home/airflow/.local/lib/python3.12/site-packages/airflow/example_dags/example_task_group.py
[2024-10-16T12:50:35.038+0000] {processor.py:914} INFO - Processing file /home/airflow/.local/lib/python3.12/site-packages/airflow/example_dags/example_task_group.py for tasks to queue
[2024-10-16T12:50:35.041+0000] {logging_mixin.py:190} INFO - [2024-10-16T12:50:35.040+0000] {dagbag.py:588} INFO - Filling up the DagBag from /home/airflow/.local/lib/python3.12/site-packages/airflow/example_dags/example_task_group.py
[2024-10-16T12:50:35.054+0000] {processor.py:925} INFO - DAG(s) 'example_task_group' retrieved from /home/airflow/.local/lib/python3.12/site-packages/airflow/example_dags/example_task_group.py
[2024-10-16T12:50:35.156+0000] {logging_mixin.py:190} INFO - [2024-10-16T12:50:35.156+0000] {override.py:1900} INFO - Created Permission View: can edit on DAG:example_task_group
[2024-10-16T12:50:35.165+0000] {logging_mixin.py:190} INFO - [2024-10-16T12:50:35.165+0000] {override.py:1900} INFO - Created Permission View: can read on DAG:example_task_group
[2024-10-16T12:50:35.174+0000] {logging_mixin.py:190} INFO - [2024-10-16T12:50:35.174+0000] {override.py:1900} INFO - Created Permission View: can delete on DAG:example_task_group
[2024-10-16T12:50:35.182+0000] {logging_mixin.py:190} INFO - [2024-10-16T12:50:35.182+0000] {override.py:1900} INFO - Created Permission View: can delete on DAG Run:example_task_group
[2024-10-16T12:50:35.189+0000] {logging_mixin.py:190} INFO - [2024-10-16T12:50:35.189+0000] {override.py:1900} INFO - Created Permission View: menu access on DAG Run:example_task_group
[2024-10-16T12:50:35.197+0000] {logging_mixin.py:190} INFO - [2024-10-16T12:50:35.196+0000] {override.py:1900} INFO - Created Permission View: can create on DAG Run:example_task_group
[2024-10-16T12:50:35.203+0000] {logging_mixin.py:190} INFO - [2024-10-16T12:50:35.203+0000] {override.py:1900} INFO - Created Permission View: can read on DAG Run:example_task_group
[2024-10-16T12:50:35.204+0000] {logging_mixin.py:190} INFO - [2024-10-16T12:50:35.204+0000] {dag.py:3239} INFO - Sync 1 DAGs
[2024-10-16T12:50:35.215+0000] {logging_mixin.py:190} INFO - [2024-10-16T12:50:35.215+0000] {dag.py:3262} INFO - Creating ORM DAG for example_task_group
[2024-10-16T12:50:35.216+0000] {logging_mixin.py:190} INFO - [2024-10-16T12:50:35.216+0000] {dag.py:4180} INFO - Setting next_dagrun for example_task_group to None, run_after=None
[2024-10-16T12:50:35.236+0000] {processor.py:208} INFO - Processing /home/airflow/.local/lib/python3.12/site-packages/airflow/example_dags/example_task_group.py took 0.204 seconds
[2024-10-16T12:51:05.574+0000] {processor.py:186} INFO - Started process (PID=172) to work on /home/airflow/.local/lib/python3.12/site-packages/airflow/example_dags/example_task_group.py
[2024-10-16T12:51:05.575+0000] {processor.py:914} INFO - Processing file /home/airflow/.local/lib/python3.12/site-packages/airflow/example_dags/example_task_group.py for tasks to queue
[2024-10-16T12:51:05.578+0000] {logging_mixin.py:190} INFO - [2024-10-16T12:51:05.578+0000] {dagbag.py:588} INFO - Filling up the DagBag from /home/airflow/.local/lib/python3.12/site-packages/airflow/example_dags/example_task_group.py
[2024-10-16T12:51:05.588+0000] {processor.py:925} INFO - DAG(s) 'example_task_group' retrieved from /home/airflow/.local/lib/python3.12/site-packages/airflow/example_dags/example_task_group.py
[2024-10-16T12:51:05.615+0000] {logging_mixin.py:190} INFO - [2024-10-16T12:51:05.614+0000] {dag.py:3239} INFO - Sync 1 DAGs
[2024-10-16T12:51:05.633+0000] {logging_mixin.py:190} INFO - [2024-10-16T12:51:05.633+0000] {dag.py:4180} INFO - Setting next_dagrun for example_task_group to None, run_after=None
[2024-10-16T12:51:05.665+0000] {processor.py:208} INFO - Processing /home/airflow/.local/lib/python3.12/site-packages/airflow/example_dags/example_task_group.py took 0.101 seconds
[2024-10-16T12:51:35.940+0000] {processor.py:186} INFO - Started process (PID=234) to work on /home/airflow/.local/lib/python3.12/site-packages/airflow/example_dags/example_task_group.py
[2024-10-16T12:51:35.943+0000] {processor.py:914} INFO - Processing file /home/airflow/.local/lib/python3.12/site-packages/airflow/example_dags/example_task_group.py for tasks to queue
[2024-10-16T12:51:35.945+0000] {logging_mixin.py:190} INFO - [2024-10-16T12:51:35.945+0000] {dagbag.py:588} INFO - Filling up the DagBag from /home/airflow/.local/lib/python3.12/site-packages/airflow/example_dags/example_task_group.py
[2024-10-16T12:51:35.953+0000] {processor.py:925} INFO - DAG(s) 'example_task_group' retrieved from /home/airflow/.local/lib/python3.12/site-packages/airflow/example_dags/example_task_group.py
[2024-10-16T12:51:35.973+0000] {logging_mixin.py:190} INFO - [2024-10-16T12:51:35.973+0000] {dag.py:3239} INFO - Sync 1 DAGs
[2024-10-16T12:51:35.990+0000] {logging_mixin.py:190} INFO - [2024-10-16T12:51:35.990+0000] {dag.py:4180} INFO - Setting next_dagrun for example_task_group to None, run_after=None
[2024-10-16T12:51:36.007+0000] {processor.py:208} INFO - Processing /home/airflow/.local/lib/python3.12/site-packages/airflow/example_dags/example_task_group.py took 0.072 seconds
[2024-10-16T12:52:06.311+0000] {processor.py:186} INFO - Started process (PID=296) to work on /home/airflow/.local/lib/python3.12/site-packages/airflow/example_dags/example_task_group.py
[2024-10-16T12:52:06.312+0000] {processor.py:914} INFO - Processing file /home/airflow/.local/lib/python3.12/site-packages/airflow/example_dags/example_task_group.py for tasks to queue
[2024-10-16T12:52:06.314+0000] {logging_mixin.py:190} INFO - [2024-10-16T12:52:06.313+0000] {dagbag.py:588} INFO - Filling up the DagBag from /home/airflow/.local/lib/python3.12/site-packages/airflow/example_dags/example_task_group.py
[2024-10-16T12:52:06.323+0000] {processor.py:925} INFO - DAG(s) 'example_task_group' retrieved from /home/airflow/.local/lib/python3.12/site-packages/airflow/example_dags/example_task_group.py
[2024-10-16T12:52:06.342+0000] {logging_mixin.py:190} INFO - [2024-10-16T12:52:06.342+0000] {dag.py:3239} INFO - Sync 1 DAGs
[2024-10-16T12:52:06.353+0000] {logging_mixin.py:190} INFO - [2024-10-16T12:52:06.352+0000] {dag.py:4180} INFO - Setting next_dagrun for example_task_group to None, run_after=None
[2024-10-16T12:52:06.371+0000] {processor.py:208} INFO - Processing /home/airflow/.local/lib/python3.12/site-packages/airflow/example_dags/example_task_group.py took 0.066 seconds
[2024-10-16T12:52:36.952+0000] {processor.py:186} INFO - Started process (PID=359) to work on /home/airflow/.local/lib/python3.12/site-packages/airflow/example_dags/example_task_group.py
[2024-10-16T12:52:36.954+0000] {processor.py:914} INFO - Processing file /home/airflow/.local/lib/python3.12/site-packages/airflow/example_dags/example_task_group.py for tasks to queue
[2024-10-16T12:52:36.956+0000] {logging_mixin.py:190} INFO - [2024-10-16T12:52:36.956+0000] {dagbag.py:588} INFO - Filling up the DagBag from /home/airflow/.local/lib/python3.12/site-packages/airflow/example_dags/example_task_group.py
[2024-10-16T12:52:36.964+0000] {processor.py:925} INFO - DAG(s) 'example_task_group' retrieved from /home/airflow/.local/lib/python3.12/site-packages/airflow/example_dags/example_task_group.py
[2024-10-16T12:52:36.989+0000] {logging_mixin.py:190} INFO - [2024-10-16T12:52:36.989+0000] {dag.py:3239} INFO - Sync 1 DAGs
[2024-10-16T12:52:37.003+0000] {logging_mixin.py:190} INFO - [2024-10-16T12:52:37.003+0000] {dag.py:4180} INFO - Setting next_dagrun for example_task_group to None, run_after=None
[2024-10-16T12:52:37.034+0000] {processor.py:208} INFO - Processing /home/airflow/.local/lib/python3.12/site-packages/airflow/example_dags/example_task_group.py took 0.087 seconds
[2024-10-16T12:53:07.692+0000] {processor.py:186} INFO - Started process (PID=421) to work on /home/airflow/.local/lib/python3.12/site-packages/airflow/example_dags/example_task_group.py
[2024-10-16T12:53:07.695+0000] {processor.py:914} INFO - Processing file /home/airflow/.local/lib/python3.12/site-packages/airflow/example_dags/example_task_group.py for tasks to queue
[2024-10-16T12:53:07.698+0000] {logging_mixin.py:190} INFO - [2024-10-16T12:53:07.697+0000] {dagbag.py:588} INFO - Filling up the DagBag from /home/airflow/.local/lib/python3.12/site-packages/airflow/example_dags/example_task_group.py
[2024-10-16T12:53:07.705+0000] {processor.py:925} INFO - DAG(s) 'example_task_group' retrieved from /home/airflow/.local/lib/python3.12/site-packages/airflow/example_dags/example_task_group.py
[2024-10-16T12:53:07.728+0000] {logging_mixin.py:190} INFO - [2024-10-16T12:53:07.728+0000] {dag.py:3239} INFO - Sync 1 DAGs
[2024-10-16T12:53:07.741+0000] {logging_mixin.py:190} INFO - [2024-10-16T12:53:07.741+0000] {dag.py:4180} INFO - Setting next_dagrun for example_task_group to None, run_after=None
[2024-10-16T12:53:07.759+0000] {processor.py:208} INFO - Processing /home/airflow/.local/lib/python3.12/site-packages/airflow/example_dags/example_task_group.py took 0.072 seconds
[2024-10-16T12:53:38.581+0000] {processor.py:186} INFO - Started process (PID=483) to work on /home/airflow/.local/lib/python3.12/site-packages/airflow/example_dags/example_task_group.py
[2024-10-16T12:53:38.582+0000] {processor.py:914} INFO - Processing file /home/airflow/.local/lib/python3.12/site-packages/airflow/example_dags/example_task_group.py for tasks to queue
[2024-10-16T12:53:38.584+0000] {logging_mixin.py:190} INFO - [2024-10-16T12:53:38.583+0000] {dagbag.py:588} INFO - Filling up the DagBag from /home/airflow/.local/lib/python3.12/site-packages/airflow/example_dags/example_task_group.py
[2024-10-16T12:53:38.590+0000] {processor.py:925} INFO - DAG(s) 'example_task_group' retrieved from /home/airflow/.local/lib/python3.12/site-packages/airflow/example_dags/example_task_group.py
[2024-10-16T12:53:38.614+0000] {logging_mixin.py:190} INFO - [2024-10-16T12:53:38.614+0000] {dag.py:3239} INFO - Sync 1 DAGs
[2024-10-16T12:53:38.633+0000] {logging_mixin.py:190} INFO - [2024-10-16T12:53:38.632+0000] {dag.py:4180} INFO - Setting next_dagrun for example_task_group to None, run_after=None
[2024-10-16T12:53:38.656+0000] {processor.py:208} INFO - Processing /home/airflow/.local/lib/python3.12/site-packages/airflow/example_dags/example_task_group.py took 0.080 seconds
[2024-10-16T12:54:09.750+0000] {processor.py:186} INFO - Started process (PID=545) to work on /home/airflow/.local/lib/python3.12/site-packages/airflow/example_dags/example_task_group.py
[2024-10-16T12:54:09.754+0000] {processor.py:914} INFO - Processing file /home/airflow/.local/lib/python3.12/site-packages/airflow/example_dags/example_task_group.py for tasks to queue
[2024-10-16T12:54:09.765+0000] {logging_mixin.py:190} INFO - [2024-10-16T12:54:09.761+0000] {dagbag.py:588} INFO - Filling up the DagBag from /home/airflow/.local/lib/python3.12/site-packages/airflow/example_dags/example_task_group.py
[2024-10-16T12:54:09.784+0000] {processor.py:925} INFO - DAG(s) 'example_task_group' retrieved from /home/airflow/.local/lib/python3.12/site-packages/airflow/example_dags/example_task_group.py
[2024-10-16T12:54:09.826+0000] {logging_mixin.py:190} INFO - [2024-10-16T12:54:09.826+0000] {dag.py:3239} INFO - Sync 1 DAGs
[2024-10-16T12:54:09.868+0000] {logging_mixin.py:190} INFO - [2024-10-16T12:54:09.868+0000] {dag.py:4180} INFO - Setting next_dagrun for example_task_group to None, run_after=None
[2024-10-16T12:54:09.933+0000] {processor.py:208} INFO - Processing /home/airflow/.local/lib/python3.12/site-packages/airflow/example_dags/example_task_group.py took 0.201 seconds
[2024-10-16T12:54:42.145+0000] {processor.py:186} INFO - Started process (PID=607) to work on /home/airflow/.local/lib/python3.12/site-packages/airflow/example_dags/example_task_group.py
[2024-10-16T12:54:42.146+0000] {processor.py:914} INFO - Processing file /home/airflow/.local/lib/python3.12/site-packages/airflow/example_dags/example_task_group.py for tasks to queue
[2024-10-16T12:54:42.148+0000] {logging_mixin.py:190} INFO - [2024-10-16T12:54:42.147+0000] {dagbag.py:588} INFO - Filling up the DagBag from /home/airflow/.local/lib/python3.12/site-packages/airflow/example_dags/example_task_group.py
[2024-10-16T12:54:42.154+0000] {processor.py:925} INFO - DAG(s) 'example_task_group' retrieved from /home/airflow/.local/lib/python3.12/site-packages/airflow/example_dags/example_task_group.py
[2024-10-16T12:54:42.175+0000] {logging_mixin.py:190} INFO - [2024-10-16T12:54:42.174+0000] {dag.py:3239} INFO - Sync 1 DAGs
[2024-10-16T12:54:42.188+0000] {logging_mixin.py:190} INFO - [2024-10-16T12:54:42.188+0000] {dag.py:4180} INFO - Setting next_dagrun for example_task_group to None, run_after=None
[2024-10-16T12:54:42.204+0000] {processor.py:208} INFO - Processing /home/airflow/.local/lib/python3.12/site-packages/airflow/example_dags/example_task_group.py took 0.065 seconds
[2024-10-16T12:55:12.607+0000] {processor.py:186} INFO - Started process (PID=670) to work on /home/airflow/.local/lib/python3.12/site-packages/airflow/example_dags/example_task_group.py
[2024-10-16T12:55:12.608+0000] {processor.py:914} INFO - Processing file /home/airflow/.local/lib/python3.12/site-packages/airflow/example_dags/example_task_group.py for tasks to queue
[2024-10-16T12:55:12.613+0000] {logging_mixin.py:190} INFO - [2024-10-16T12:55:12.612+0000] {dagbag.py:588} INFO - Filling up the DagBag from /home/airflow/.local/lib/python3.12/site-packages/airflow/example_dags/example_task_group.py
[2024-10-16T12:55:12.625+0000] {processor.py:925} INFO - DAG(s) 'example_task_group' retrieved from /home/airflow/.local/lib/python3.12/site-packages/airflow/example_dags/example_task_group.py
[2024-10-16T12:55:12.656+0000] {logging_mixin.py:190} INFO - [2024-10-16T12:55:12.655+0000] {dag.py:3239} INFO - Sync 1 DAGs
[2024-10-16T12:55:12.672+0000] {logging_mixin.py:190} INFO - [2024-10-16T12:55:12.671+0000] {dag.py:4180} INFO - Setting next_dagrun for example_task_group to None, run_after=None
[2024-10-16T12:55:12.698+0000] {processor.py:208} INFO - Processing /home/airflow/.local/lib/python3.12/site-packages/airflow/example_dags/example_task_group.py took 0.097 seconds
[2024-10-16T12:55:43.043+0000] {processor.py:186} INFO - Started process (PID=732) to work on /home/airflow/.local/lib/python3.12/site-packages/airflow/example_dags/example_task_group.py
[2024-10-16T12:55:43.045+0000] {processor.py:914} INFO - Processing file /home/airflow/.local/lib/python3.12/site-packages/airflow/example_dags/example_task_group.py for tasks to queue
[2024-10-16T12:55:43.048+0000] {logging_mixin.py:190} INFO - [2024-10-16T12:55:43.047+0000] {dagbag.py:588} INFO - Filling up the DagBag from /home/airflow/.local/lib/python3.12/site-packages/airflow/example_dags/example_task_group.py
[2024-10-16T12:55:43.055+0000] {processor.py:925} INFO - DAG(s) 'example_task_group' retrieved from /home/airflow/.local/lib/python3.12/site-packages/airflow/example_dags/example_task_group.py
[2024-10-16T12:55:43.077+0000] {logging_mixin.py:190} INFO - [2024-10-16T12:55:43.077+0000] {dag.py:3239} INFO - Sync 1 DAGs
[2024-10-16T12:55:43.101+0000] {logging_mixin.py:190} INFO - [2024-10-16T12:55:43.101+0000] {dag.py:4180} INFO - Setting next_dagrun for example_task_group to None, run_after=None
[2024-10-16T12:55:43.143+0000] {processor.py:208} INFO - Processing /home/airflow/.local/lib/python3.12/site-packages/airflow/example_dags/example_task_group.py took 0.110 seconds
[2024-10-16T12:56:13.525+0000] {processor.py:186} INFO - Started process (PID=794) to work on /home/airflow/.local/lib/python3.12/site-packages/airflow/example_dags/example_task_group.py
[2024-10-16T12:56:13.526+0000] {processor.py:914} INFO - Processing file /home/airflow/.local/lib/python3.12/site-packages/airflow/example_dags/example_task_group.py for tasks to queue
[2024-10-16T12:56:13.528+0000] {logging_mixin.py:190} INFO - [2024-10-16T12:56:13.528+0000] {dagbag.py:588} INFO - Filling up the DagBag from /home/airflow/.local/lib/python3.12/site-packages/airflow/example_dags/example_task_group.py
[2024-10-16T12:56:13.535+0000] {processor.py:925} INFO - DAG(s) 'example_task_group' retrieved from /home/airflow/.local/lib/python3.12/site-packages/airflow/example_dags/example_task_group.py
[2024-10-16T12:56:13.556+0000] {logging_mixin.py:190} INFO - [2024-10-16T12:56:13.556+0000] {dag.py:3239} INFO - Sync 1 DAGs
[2024-10-16T12:56:13.570+0000] {logging_mixin.py:190} INFO - [2024-10-16T12:56:13.570+0000] {dag.py:4180} INFO - Setting next_dagrun for example_task_group to None, run_after=None
[2024-10-16T12:56:13.591+0000] {processor.py:208} INFO - Processing /home/airflow/.local/lib/python3.12/site-packages/airflow/example_dags/example_task_group.py took 0.070 seconds
[2024-10-16T12:56:44.285+0000] {processor.py:186} INFO - Started process (PID=856) to work on /home/airflow/.local/lib/python3.12/site-packages/airflow/example_dags/example_task_group.py
[2024-10-16T12:56:44.286+0000] {processor.py:914} INFO - Processing file /home/airflow/.local/lib/python3.12/site-packages/airflow/example_dags/example_task_group.py for tasks to queue
[2024-10-16T12:56:44.288+0000] {logging_mixin.py:190} INFO - [2024-10-16T12:56:44.287+0000] {dagbag.py:588} INFO - Filling up the DagBag from /home/airflow/.local/lib/python3.12/site-packages/airflow/example_dags/example_task_group.py
[2024-10-16T12:56:44.294+0000] {processor.py:925} INFO - DAG(s) 'example_task_group' retrieved from /home/airflow/.local/lib/python3.12/site-packages/airflow/example_dags/example_task_group.py
[2024-10-16T12:56:44.312+0000] {logging_mixin.py:190} INFO - [2024-10-16T12:56:44.312+0000] {dag.py:3239} INFO - Sync 1 DAGs
[2024-10-16T12:56:44.323+0000] {logging_mixin.py:190} INFO - [2024-10-16T12:56:44.323+0000] {dag.py:4180} INFO - Setting next_dagrun for example_task_group to None, run_after=None
[2024-10-16T12:56:44.338+0000] {processor.py:208} INFO - Processing /home/airflow/.local/lib/python3.12/site-packages/airflow/example_dags/example_task_group.py took 0.058 seconds
[2024-10-16T12:57:15.581+0000] {processor.py:186} INFO - Started process (PID=918) to work on /home/airflow/.local/lib/python3.12/site-packages/airflow/example_dags/example_task_group.py
[2024-10-16T12:57:15.582+0000] {processor.py:914} INFO - Processing file /home/airflow/.local/lib/python3.12/site-packages/airflow/example_dags/example_task_group.py for tasks to queue
[2024-10-16T12:57:15.585+0000] {logging_mixin.py:190} INFO - [2024-10-16T12:57:15.585+0000] {dagbag.py:588} INFO - Filling up the DagBag from /home/airflow/.local/lib/python3.12/site-packages/airflow/example_dags/example_task_group.py
[2024-10-16T12:57:15.596+0000] {processor.py:925} INFO - DAG(s) 'example_task_group' retrieved from /home/airflow/.local/lib/python3.12/site-packages/airflow/example_dags/example_task_group.py
[2024-10-16T12:57:15.623+0000] {logging_mixin.py:190} INFO - [2024-10-16T12:57:15.623+0000] {dag.py:3239} INFO - Sync 1 DAGs
[2024-10-16T12:57:15.680+0000] {logging_mixin.py:190} INFO - [2024-10-16T12:57:15.679+0000] {dag.py:4180} INFO - Setting next_dagrun for example_task_group to None, run_after=None
[2024-10-16T12:57:15.712+0000] {processor.py:208} INFO - Processing /home/airflow/.local/lib/python3.12/site-packages/airflow/example_dags/example_task_group.py took 0.138 seconds
[2024-10-16T12:57:46.372+0000] {processor.py:186} INFO - Started process (PID=980) to work on /home/airflow/.local/lib/python3.12/site-packages/airflow/example_dags/example_task_group.py
[2024-10-16T12:57:46.374+0000] {processor.py:914} INFO - Processing file /home/airflow/.local/lib/python3.12/site-packages/airflow/example_dags/example_task_group.py for tasks to queue
[2024-10-16T12:57:46.377+0000] {logging_mixin.py:190} INFO - [2024-10-16T12:57:46.377+0000] {dagbag.py:588} INFO - Filling up the DagBag from /home/airflow/.local/lib/python3.12/site-packages/airflow/example_dags/example_task_group.py
[2024-10-16T12:57:46.388+0000] {processor.py:925} INFO - DAG(s) 'example_task_group' retrieved from /home/airflow/.local/lib/python3.12/site-packages/airflow/example_dags/example_task_group.py
[2024-10-16T12:57:46.416+0000] {logging_mixin.py:190} INFO - [2024-10-16T12:57:46.415+0000] {dag.py:3239} INFO - Sync 1 DAGs
[2024-10-16T12:57:46.441+0000] {logging_mixin.py:190} INFO - [2024-10-16T12:57:46.440+0000] {dag.py:4180} INFO - Setting next_dagrun for example_task_group to None, run_after=None
[2024-10-16T12:57:46.463+0000] {processor.py:208} INFO - Processing /home/airflow/.local/lib/python3.12/site-packages/airflow/example_dags/example_task_group.py took 0.098 seconds
[2024-10-16T12:58:16.920+0000] {processor.py:186} INFO - Started process (PID=1044) to work on /home/airflow/.local/lib/python3.12/site-packages/airflow/example_dags/example_task_group.py
[2024-10-16T12:58:16.954+0000] {processor.py:914} INFO - Processing file /home/airflow/.local/lib/python3.12/site-packages/airflow/example_dags/example_task_group.py for tasks to queue
[2024-10-16T12:58:16.962+0000] {logging_mixin.py:190} INFO - [2024-10-16T12:58:16.962+0000] {dagbag.py:588} INFO - Filling up the DagBag from /home/airflow/.local/lib/python3.12/site-packages/airflow/example_dags/example_task_group.py
[2024-10-16T12:58:16.983+0000] {processor.py:925} INFO - DAG(s) 'example_task_group' retrieved from /home/airflow/.local/lib/python3.12/site-packages/airflow/example_dags/example_task_group.py
[2024-10-16T12:58:17.028+0000] {logging_mixin.py:190} INFO - [2024-10-16T12:58:17.027+0000] {dag.py:3239} INFO - Sync 1 DAGs
[2024-10-16T12:58:17.047+0000] {logging_mixin.py:190} INFO - [2024-10-16T12:58:17.046+0000] {dag.py:4180} INFO - Setting next_dagrun for example_task_group to None, run_after=None
[2024-10-16T12:58:17.082+0000] {processor.py:208} INFO - Processing /home/airflow/.local/lib/python3.12/site-packages/airflow/example_dags/example_task_group.py took 0.170 seconds
[2024-10-16T12:58:47.341+0000] {processor.py:186} INFO - Started process (PID=1106) to work on /home/airflow/.local/lib/python3.12/site-packages/airflow/example_dags/example_task_group.py
[2024-10-16T12:58:47.343+0000] {processor.py:914} INFO - Processing file /home/airflow/.local/lib/python3.12/site-packages/airflow/example_dags/example_task_group.py for tasks to queue
[2024-10-16T12:58:47.347+0000] {logging_mixin.py:190} INFO - [2024-10-16T12:58:47.346+0000] {dagbag.py:588} INFO - Filling up the DagBag from /home/airflow/.local/lib/python3.12/site-packages/airflow/example_dags/example_task_group.py
[2024-10-16T12:58:47.357+0000] {processor.py:925} INFO - DAG(s) 'example_task_group' retrieved from /home/airflow/.local/lib/python3.12/site-packages/airflow/example_dags/example_task_group.py
[2024-10-16T12:58:47.388+0000] {logging_mixin.py:190} INFO - [2024-10-16T12:58:47.388+0000] {dag.py:3239} INFO - Sync 1 DAGs
[2024-10-16T12:58:47.406+0000] {logging_mixin.py:190} INFO - [2024-10-16T12:58:47.406+0000] {dag.py:4180} INFO - Setting next_dagrun for example_task_group to None, run_after=None
[2024-10-16T12:58:47.428+0000] {processor.py:208} INFO - Processing /home/airflow/.local/lib/python3.12/site-packages/airflow/example_dags/example_task_group.py took 0.098 seconds
[2024-10-16T12:59:17.549+0000] {processor.py:186} INFO - Started process (PID=1174) to work on /home/airflow/.local/lib/python3.12/site-packages/airflow/example_dags/example_task_group.py
[2024-10-16T12:59:17.550+0000] {processor.py:914} INFO - Processing file /home/airflow/.local/lib/python3.12/site-packages/airflow/example_dags/example_task_group.py for tasks to queue
[2024-10-16T12:59:17.551+0000] {logging_mixin.py:190} INFO - [2024-10-16T12:59:17.551+0000] {dagbag.py:588} INFO - Filling up the DagBag from /home/airflow/.local/lib/python3.12/site-packages/airflow/example_dags/example_task_group.py
[2024-10-16T12:59:17.560+0000] {processor.py:925} INFO - DAG(s) 'example_task_group' retrieved from /home/airflow/.local/lib/python3.12/site-packages/airflow/example_dags/example_task_group.py
[2024-10-16T12:59:17.578+0000] {logging_mixin.py:190} INFO - [2024-10-16T12:59:17.577+0000] {dag.py:3239} INFO - Sync 1 DAGs
[2024-10-16T12:59:17.591+0000] {logging_mixin.py:190} INFO - [2024-10-16T12:59:17.591+0000] {dag.py:4180} INFO - Setting next_dagrun for example_task_group to None, run_after=None
[2024-10-16T12:59:17.614+0000] {processor.py:208} INFO - Processing /home/airflow/.local/lib/python3.12/site-packages/airflow/example_dags/example_task_group.py took 0.070 seconds
[2024-10-16T12:59:47.653+0000] {processor.py:186} INFO - Started process (PID=1236) to work on /home/airflow/.local/lib/python3.12/site-packages/airflow/example_dags/example_task_group.py
[2024-10-16T12:59:47.654+0000] {processor.py:914} INFO - Processing file /home/airflow/.local/lib/python3.12/site-packages/airflow/example_dags/example_task_group.py for tasks to queue
[2024-10-16T12:59:47.657+0000] {logging_mixin.py:190} INFO - [2024-10-16T12:59:47.656+0000] {dagbag.py:588} INFO - Filling up the DagBag from /home/airflow/.local/lib/python3.12/site-packages/airflow/example_dags/example_task_group.py
[2024-10-16T12:59:47.664+0000] {processor.py:925} INFO - DAG(s) 'example_task_group' retrieved from /home/airflow/.local/lib/python3.12/site-packages/airflow/example_dags/example_task_group.py
[2024-10-16T12:59:47.685+0000] {logging_mixin.py:190} INFO - [2024-10-16T12:59:47.685+0000] {dag.py:3239} INFO - Sync 1 DAGs
[2024-10-16T12:59:47.699+0000] {logging_mixin.py:190} INFO - [2024-10-16T12:59:47.698+0000] {dag.py:4180} INFO - Setting next_dagrun for example_task_group to None, run_after=None
[2024-10-16T12:59:47.718+0000] {processor.py:208} INFO - Processing /home/airflow/.local/lib/python3.12/site-packages/airflow/example_dags/example_task_group.py took 0.070 seconds
[2024-10-16T13:00:18.269+0000] {processor.py:186} INFO - Started process (PID=1298) to work on /home/airflow/.local/lib/python3.12/site-packages/airflow/example_dags/example_task_group.py
[2024-10-16T13:00:18.270+0000] {processor.py:914} INFO - Processing file /home/airflow/.local/lib/python3.12/site-packages/airflow/example_dags/example_task_group.py for tasks to queue
[2024-10-16T13:00:18.273+0000] {logging_mixin.py:190} INFO - [2024-10-16T13:00:18.273+0000] {dagbag.py:588} INFO - Filling up the DagBag from /home/airflow/.local/lib/python3.12/site-packages/airflow/example_dags/example_task_group.py
[2024-10-16T13:00:18.283+0000] {processor.py:925} INFO - DAG(s) 'example_task_group' retrieved from /home/airflow/.local/lib/python3.12/site-packages/airflow/example_dags/example_task_group.py
[2024-10-16T13:00:18.321+0000] {logging_mixin.py:190} INFO - [2024-10-16T13:00:18.321+0000] {dag.py:3239} INFO - Sync 1 DAGs
[2024-10-16T13:00:18.339+0000] {logging_mixin.py:190} INFO - [2024-10-16T13:00:18.339+0000] {dag.py:4180} INFO - Setting next_dagrun for example_task_group to None, run_after=None
[2024-10-16T13:00:18.365+0000] {processor.py:208} INFO - Processing /home/airflow/.local/lib/python3.12/site-packages/airflow/example_dags/example_task_group.py took 0.104 seconds
[2024-10-16T13:00:49.374+0000] {processor.py:186} INFO - Started process (PID=1360) to work on /home/airflow/.local/lib/python3.12/site-packages/airflow/example_dags/example_task_group.py
[2024-10-16T13:00:49.376+0000] {processor.py:914} INFO - Processing file /home/airflow/.local/lib/python3.12/site-packages/airflow/example_dags/example_task_group.py for tasks to queue
[2024-10-16T13:00:49.379+0000] {logging_mixin.py:190} INFO - [2024-10-16T13:00:49.379+0000] {dagbag.py:588} INFO - Filling up the DagBag from /home/airflow/.local/lib/python3.12/site-packages/airflow/example_dags/example_task_group.py
[2024-10-16T13:00:49.390+0000] {processor.py:925} INFO - DAG(s) 'example_task_group' retrieved from /home/airflow/.local/lib/python3.12/site-packages/airflow/example_dags/example_task_group.py
[2024-10-16T13:00:49.423+0000] {logging_mixin.py:190} INFO - [2024-10-16T13:00:49.423+0000] {dag.py:3239} INFO - Sync 1 DAGs
[2024-10-16T13:00:49.441+0000] {logging_mixin.py:190} INFO - [2024-10-16T13:00:49.441+0000] {dag.py:4180} INFO - Setting next_dagrun for example_task_group to None, run_after=None
[2024-10-16T13:00:49.476+0000] {processor.py:208} INFO - Processing /home/airflow/.local/lib/python3.12/site-packages/airflow/example_dags/example_task_group.py took 0.110 seconds
[2024-10-16T13:01:19.588+0000] {processor.py:186} INFO - Started process (PID=1422) to work on /home/airflow/.local/lib/python3.12/site-packages/airflow/example_dags/example_task_group.py
[2024-10-16T13:01:19.590+0000] {processor.py:914} INFO - Processing file /home/airflow/.local/lib/python3.12/site-packages/airflow/example_dags/example_task_group.py for tasks to queue
[2024-10-16T13:01:19.594+0000] {logging_mixin.py:190} INFO - [2024-10-16T13:01:19.593+0000] {dagbag.py:588} INFO - Filling up the DagBag from /home/airflow/.local/lib/python3.12/site-packages/airflow/example_dags/example_task_group.py
[2024-10-16T13:01:19.608+0000] {processor.py:925} INFO - DAG(s) 'example_task_group' retrieved from /home/airflow/.local/lib/python3.12/site-packages/airflow/example_dags/example_task_group.py
[2024-10-16T13:01:19.642+0000] {logging_mixin.py:190} INFO - [2024-10-16T13:01:19.642+0000] {dag.py:3239} INFO - Sync 1 DAGs
[2024-10-16T13:01:19.662+0000] {logging_mixin.py:190} INFO - [2024-10-16T13:01:19.662+0000] {dag.py:4180} INFO - Setting next_dagrun for example_task_group to None, run_after=None
[2024-10-16T13:01:19.687+0000] {processor.py:208} INFO - Processing /home/airflow/.local/lib/python3.12/site-packages/airflow/example_dags/example_task_group.py took 0.108 seconds
[2024-10-16T13:01:50.194+0000] {processor.py:186} INFO - Started process (PID=1483) to work on /home/airflow/.local/lib/python3.12/site-packages/airflow/example_dags/example_task_group.py
[2024-10-16T13:01:50.195+0000] {processor.py:914} INFO - Processing file /home/airflow/.local/lib/python3.12/site-packages/airflow/example_dags/example_task_group.py for tasks to queue
[2024-10-16T13:01:50.198+0000] {logging_mixin.py:190} INFO - [2024-10-16T13:01:50.198+0000] {dagbag.py:588} INFO - Filling up the DagBag from /home/airflow/.local/lib/python3.12/site-packages/airflow/example_dags/example_task_group.py
[2024-10-16T13:01:50.209+0000] {processor.py:925} INFO - DAG(s) 'example_task_group' retrieved from /home/airflow/.local/lib/python3.12/site-packages/airflow/example_dags/example_task_group.py
[2024-10-16T13:01:50.229+0000] {logging_mixin.py:190} INFO - [2024-10-16T13:01:50.229+0000] {dag.py:3239} INFO - Sync 1 DAGs
[2024-10-16T13:01:50.242+0000] {logging_mixin.py:190} INFO - [2024-10-16T13:01:50.242+0000] {dag.py:4180} INFO - Setting next_dagrun for example_task_group to None, run_after=None
[2024-10-16T13:01:50.264+0000] {processor.py:208} INFO - Processing /home/airflow/.local/lib/python3.12/site-packages/airflow/example_dags/example_task_group.py took 0.075 seconds
[2024-10-16T13:02:21.878+0000] {processor.py:186} INFO - Started process (PID=1546) to work on /home/airflow/.local/lib/python3.12/site-packages/airflow/example_dags/example_task_group.py
[2024-10-16T13:02:21.880+0000] {processor.py:914} INFO - Processing file /home/airflow/.local/lib/python3.12/site-packages/airflow/example_dags/example_task_group.py for tasks to queue
[2024-10-16T13:02:21.883+0000] {logging_mixin.py:190} INFO - [2024-10-16T13:02:21.882+0000] {dagbag.py:588} INFO - Filling up the DagBag from /home/airflow/.local/lib/python3.12/site-packages/airflow/example_dags/example_task_group.py
[2024-10-16T13:02:21.892+0000] {processor.py:925} INFO - DAG(s) 'example_task_group' retrieved from /home/airflow/.local/lib/python3.12/site-packages/airflow/example_dags/example_task_group.py
[2024-10-16T13:02:21.929+0000] {logging_mixin.py:190} INFO - [2024-10-16T13:02:21.929+0000] {dag.py:3239} INFO - Sync 1 DAGs
[2024-10-16T13:02:21.946+0000] {logging_mixin.py:190} INFO - [2024-10-16T13:02:21.946+0000] {dag.py:4180} INFO - Setting next_dagrun for example_task_group to None, run_after=None
[2024-10-16T13:02:21.973+0000] {processor.py:208} INFO - Processing /home/airflow/.local/lib/python3.12/site-packages/airflow/example_dags/example_task_group.py took 0.102 seconds
[2024-10-16T13:02:52.470+0000] {processor.py:186} INFO - Started process (PID=1608) to work on /home/airflow/.local/lib/python3.12/site-packages/airflow/example_dags/example_task_group.py
[2024-10-16T13:02:52.471+0000] {processor.py:914} INFO - Processing file /home/airflow/.local/lib/python3.12/site-packages/airflow/example_dags/example_task_group.py for tasks to queue
[2024-10-16T13:02:52.475+0000] {logging_mixin.py:190} INFO - [2024-10-16T13:02:52.475+0000] {dagbag.py:588} INFO - Filling up the DagBag from /home/airflow/.local/lib/python3.12/site-packages/airflow/example_dags/example_task_group.py
[2024-10-16T13:02:52.496+0000] {processor.py:925} INFO - DAG(s) 'example_task_group' retrieved from /home/airflow/.local/lib/python3.12/site-packages/airflow/example_dags/example_task_group.py
[2024-10-16T13:02:52.540+0000] {logging_mixin.py:190} INFO - [2024-10-16T13:02:52.539+0000] {dag.py:3239} INFO - Sync 1 DAGs
[2024-10-16T13:02:52.563+0000] {logging_mixin.py:190} INFO - [2024-10-16T13:02:52.562+0000] {dag.py:4180} INFO - Setting next_dagrun for example_task_group to None, run_after=None
[2024-10-16T13:02:52.608+0000] {processor.py:208} INFO - Processing /home/airflow/.local/lib/python3.12/site-packages/airflow/example_dags/example_task_group.py took 0.147 seconds
[2024-10-16T13:03:22.873+0000] {processor.py:186} INFO - Started process (PID=1671) to work on /home/airflow/.local/lib/python3.12/site-packages/airflow/example_dags/example_task_group.py
[2024-10-16T13:03:22.875+0000] {processor.py:914} INFO - Processing file /home/airflow/.local/lib/python3.12/site-packages/airflow/example_dags/example_task_group.py for tasks to queue
[2024-10-16T13:03:22.879+0000] {logging_mixin.py:190} INFO - [2024-10-16T13:03:22.878+0000] {dagbag.py:588} INFO - Filling up the DagBag from /home/airflow/.local/lib/python3.12/site-packages/airflow/example_dags/example_task_group.py
[2024-10-16T13:03:22.888+0000] {processor.py:925} INFO - DAG(s) 'example_task_group' retrieved from /home/airflow/.local/lib/python3.12/site-packages/airflow/example_dags/example_task_group.py
[2024-10-16T13:03:22.915+0000] {logging_mixin.py:190} INFO - [2024-10-16T13:03:22.914+0000] {dag.py:3239} INFO - Sync 1 DAGs
[2024-10-16T13:03:22.930+0000] {logging_mixin.py:190} INFO - [2024-10-16T13:03:22.929+0000] {dag.py:4180} INFO - Setting next_dagrun for example_task_group to None, run_after=None
[2024-10-16T13:03:22.956+0000] {processor.py:208} INFO - Processing /home/airflow/.local/lib/python3.12/site-packages/airflow/example_dags/example_task_group.py took 0.091 seconds
[2024-10-16T13:03:53.633+0000] {processor.py:186} INFO - Started process (PID=1733) to work on /home/airflow/.local/lib/python3.12/site-packages/airflow/example_dags/example_task_group.py
[2024-10-16T13:03:53.634+0000] {processor.py:914} INFO - Processing file /home/airflow/.local/lib/python3.12/site-packages/airflow/example_dags/example_task_group.py for tasks to queue
[2024-10-16T13:03:53.636+0000] {logging_mixin.py:190} INFO - [2024-10-16T13:03:53.636+0000] {dagbag.py:588} INFO - Filling up the DagBag from /home/airflow/.local/lib/python3.12/site-packages/airflow/example_dags/example_task_group.py
[2024-10-16T13:03:53.646+0000] {processor.py:925} INFO - DAG(s) 'example_task_group' retrieved from /home/airflow/.local/lib/python3.12/site-packages/airflow/example_dags/example_task_group.py
[2024-10-16T13:03:53.686+0000] {logging_mixin.py:190} INFO - [2024-10-16T13:03:53.686+0000] {dag.py:3239} INFO - Sync 1 DAGs
[2024-10-16T13:03:53.706+0000] {logging_mixin.py:190} INFO - [2024-10-16T13:03:53.706+0000] {dag.py:4180} INFO - Setting next_dagrun for example_task_group to None, run_after=None
[2024-10-16T13:03:53.739+0000] {processor.py:208} INFO - Processing /home/airflow/.local/lib/python3.12/site-packages/airflow/example_dags/example_task_group.py took 0.113 seconds
[2024-10-16T13:04:24.498+0000] {processor.py:186} INFO - Started process (PID=1795) to work on /home/airflow/.local/lib/python3.12/site-packages/airflow/example_dags/example_task_group.py
[2024-10-16T13:04:24.499+0000] {processor.py:914} INFO - Processing file /home/airflow/.local/lib/python3.12/site-packages/airflow/example_dags/example_task_group.py for tasks to queue
[2024-10-16T13:04:24.502+0000] {logging_mixin.py:190} INFO - [2024-10-16T13:04:24.501+0000] {dagbag.py:588} INFO - Filling up the DagBag from /home/airflow/.local/lib/python3.12/site-packages/airflow/example_dags/example_task_group.py
[2024-10-16T13:04:24.513+0000] {processor.py:925} INFO - DAG(s) 'example_task_group' retrieved from /home/airflow/.local/lib/python3.12/site-packages/airflow/example_dags/example_task_group.py
[2024-10-16T13:04:24.540+0000] {logging_mixin.py:190} INFO - [2024-10-16T13:04:24.539+0000] {dag.py:3239} INFO - Sync 1 DAGs
[2024-10-16T13:04:24.557+0000] {logging_mixin.py:190} INFO - [2024-10-16T13:04:24.557+0000] {dag.py:4180} INFO - Setting next_dagrun for example_task_group to None, run_after=None
[2024-10-16T13:04:24.579+0000] {processor.py:208} INFO - Processing /home/airflow/.local/lib/python3.12/site-packages/airflow/example_dags/example_task_group.py took 0.089 seconds
[2024-10-16T13:08:08.963+0000] {processor.py:186} INFO - Started process (PID=111) to work on /home/airflow/.local/lib/python3.12/site-packages/airflow/example_dags/example_task_group.py
[2024-10-16T13:08:08.965+0000] {processor.py:914} INFO - Processing file /home/airflow/.local/lib/python3.12/site-packages/airflow/example_dags/example_task_group.py for tasks to queue
[2024-10-16T13:08:08.968+0000] {logging_mixin.py:190} INFO - [2024-10-16T13:08:08.968+0000] {dagbag.py:588} INFO - Filling up the DagBag from /home/airflow/.local/lib/python3.12/site-packages/airflow/example_dags/example_task_group.py
[2024-10-16T13:08:08.979+0000] {processor.py:925} INFO - DAG(s) 'example_task_group' retrieved from /home/airflow/.local/lib/python3.12/site-packages/airflow/example_dags/example_task_group.py
[2024-10-16T13:08:09.130+0000] {logging_mixin.py:190} INFO - [2024-10-16T13:08:09.129+0000] {override.py:1900} INFO - Created Permission View: can read on DAG:example_task_group
[2024-10-16T13:08:09.144+0000] {logging_mixin.py:190} INFO - [2024-10-16T13:08:09.143+0000] {override.py:1900} INFO - Created Permission View: can delete on DAG:example_task_group
[2024-10-16T13:08:09.152+0000] {logging_mixin.py:190} INFO - [2024-10-16T13:08:09.151+0000] {override.py:1900} INFO - Created Permission View: can edit on DAG:example_task_group
[2024-10-16T13:08:09.161+0000] {logging_mixin.py:190} INFO - [2024-10-16T13:08:09.161+0000] {override.py:1900} INFO - Created Permission View: can create on DAG Run:example_task_group
[2024-10-16T13:08:09.169+0000] {logging_mixin.py:190} INFO - [2024-10-16T13:08:09.169+0000] {override.py:1900} INFO - Created Permission View: menu access on DAG Run:example_task_group
[2024-10-16T13:08:09.176+0000] {logging_mixin.py:190} INFO - [2024-10-16T13:08:09.176+0000] {override.py:1900} INFO - Created Permission View: can read on DAG Run:example_task_group
[2024-10-16T13:08:09.182+0000] {logging_mixin.py:190} INFO - [2024-10-16T13:08:09.182+0000] {override.py:1900} INFO - Created Permission View: can delete on DAG Run:example_task_group
[2024-10-16T13:08:09.183+0000] {logging_mixin.py:190} INFO - [2024-10-16T13:08:09.183+0000] {dag.py:3239} INFO - Sync 1 DAGs
[2024-10-16T13:08:09.206+0000] {logging_mixin.py:190} INFO - [2024-10-16T13:08:09.205+0000] {dag.py:3262} INFO - Creating ORM DAG for example_task_group
[2024-10-16T13:08:09.207+0000] {logging_mixin.py:190} INFO - [2024-10-16T13:08:09.207+0000] {dag.py:4180} INFO - Setting next_dagrun for example_task_group to None, run_after=None
[2024-10-16T13:08:09.224+0000] {processor.py:208} INFO - Processing /home/airflow/.local/lib/python3.12/site-packages/airflow/example_dags/example_task_group.py took 0.269 seconds
[2024-10-16T13:08:39.442+0000] {processor.py:186} INFO - Started process (PID=174) to work on /home/airflow/.local/lib/python3.12/site-packages/airflow/example_dags/example_task_group.py
[2024-10-16T13:08:39.444+0000] {processor.py:914} INFO - Processing file /home/airflow/.local/lib/python3.12/site-packages/airflow/example_dags/example_task_group.py for tasks to queue
[2024-10-16T13:08:39.448+0000] {logging_mixin.py:190} INFO - [2024-10-16T13:08:39.447+0000] {dagbag.py:588} INFO - Filling up the DagBag from /home/airflow/.local/lib/python3.12/site-packages/airflow/example_dags/example_task_group.py
[2024-10-16T13:08:39.460+0000] {processor.py:925} INFO - DAG(s) 'example_task_group' retrieved from /home/airflow/.local/lib/python3.12/site-packages/airflow/example_dags/example_task_group.py
[2024-10-16T13:08:39.492+0000] {logging_mixin.py:190} INFO - [2024-10-16T13:08:39.491+0000] {dag.py:3239} INFO - Sync 1 DAGs
[2024-10-16T13:08:39.512+0000] {logging_mixin.py:190} INFO - [2024-10-16T13:08:39.512+0000] {dag.py:4180} INFO - Setting next_dagrun for example_task_group to None, run_after=None
[2024-10-16T13:08:39.552+0000] {processor.py:208} INFO - Processing /home/airflow/.local/lib/python3.12/site-packages/airflow/example_dags/example_task_group.py took 0.118 seconds
[2024-10-16T13:09:09.770+0000] {processor.py:186} INFO - Started process (PID=237) to work on /home/airflow/.local/lib/python3.12/site-packages/airflow/example_dags/example_task_group.py
[2024-10-16T13:09:09.772+0000] {processor.py:914} INFO - Processing file /home/airflow/.local/lib/python3.12/site-packages/airflow/example_dags/example_task_group.py for tasks to queue
[2024-10-16T13:09:09.775+0000] {logging_mixin.py:190} INFO - [2024-10-16T13:09:09.774+0000] {dagbag.py:588} INFO - Filling up the DagBag from /home/airflow/.local/lib/python3.12/site-packages/airflow/example_dags/example_task_group.py
[2024-10-16T13:09:09.783+0000] {processor.py:925} INFO - DAG(s) 'example_task_group' retrieved from /home/airflow/.local/lib/python3.12/site-packages/airflow/example_dags/example_task_group.py
[2024-10-16T13:09:09.810+0000] {logging_mixin.py:190} INFO - [2024-10-16T13:09:09.809+0000] {dag.py:3239} INFO - Sync 1 DAGs
[2024-10-16T13:09:09.826+0000] {logging_mixin.py:190} INFO - [2024-10-16T13:09:09.826+0000] {dag.py:4180} INFO - Setting next_dagrun for example_task_group to None, run_after=None
[2024-10-16T13:09:09.854+0000] {processor.py:208} INFO - Processing /home/airflow/.local/lib/python3.12/site-packages/airflow/example_dags/example_task_group.py took 0.089 seconds
[2024-10-16T13:09:40.308+0000] {processor.py:186} INFO - Started process (PID=300) to work on /home/airflow/.local/lib/python3.12/site-packages/airflow/example_dags/example_task_group.py
[2024-10-16T13:09:40.310+0000] {processor.py:914} INFO - Processing file /home/airflow/.local/lib/python3.12/site-packages/airflow/example_dags/example_task_group.py for tasks to queue
[2024-10-16T13:09:40.313+0000] {logging_mixin.py:190} INFO - [2024-10-16T13:09:40.312+0000] {dagbag.py:588} INFO - Filling up the DagBag from /home/airflow/.local/lib/python3.12/site-packages/airflow/example_dags/example_task_group.py
[2024-10-16T13:09:40.324+0000] {processor.py:925} INFO - DAG(s) 'example_task_group' retrieved from /home/airflow/.local/lib/python3.12/site-packages/airflow/example_dags/example_task_group.py
[2024-10-16T13:09:40.353+0000] {logging_mixin.py:190} INFO - [2024-10-16T13:09:40.353+0000] {dag.py:3239} INFO - Sync 1 DAGs
[2024-10-16T13:09:40.373+0000] {logging_mixin.py:190} INFO - [2024-10-16T13:09:40.373+0000] {dag.py:4180} INFO - Setting next_dagrun for example_task_group to None, run_after=None
[2024-10-16T13:09:40.402+0000] {processor.py:208} INFO - Processing /home/airflow/.local/lib/python3.12/site-packages/airflow/example_dags/example_task_group.py took 0.101 seconds
[2024-10-16T13:10:10.569+0000] {processor.py:186} INFO - Started process (PID=363) to work on /home/airflow/.local/lib/python3.12/site-packages/airflow/example_dags/example_task_group.py
[2024-10-16T13:10:10.571+0000] {processor.py:914} INFO - Processing file /home/airflow/.local/lib/python3.12/site-packages/airflow/example_dags/example_task_group.py for tasks to queue
[2024-10-16T13:10:10.575+0000] {logging_mixin.py:190} INFO - [2024-10-16T13:10:10.574+0000] {dagbag.py:588} INFO - Filling up the DagBag from /home/airflow/.local/lib/python3.12/site-packages/airflow/example_dags/example_task_group.py
[2024-10-16T13:10:10.585+0000] {processor.py:925} INFO - DAG(s) 'example_task_group' retrieved from /home/airflow/.local/lib/python3.12/site-packages/airflow/example_dags/example_task_group.py
[2024-10-16T13:10:10.615+0000] {logging_mixin.py:190} INFO - [2024-10-16T13:10:10.615+0000] {dag.py:3239} INFO - Sync 1 DAGs
[2024-10-16T13:10:10.632+0000] {logging_mixin.py:190} INFO - [2024-10-16T13:10:10.632+0000] {dag.py:4180} INFO - Setting next_dagrun for example_task_group to None, run_after=None
[2024-10-16T13:10:10.661+0000] {processor.py:208} INFO - Processing /home/airflow/.local/lib/python3.12/site-packages/airflow/example_dags/example_task_group.py took 0.097 seconds
[2024-10-16T13:10:41.380+0000] {processor.py:186} INFO - Started process (PID=426) to work on /home/airflow/.local/lib/python3.12/site-packages/airflow/example_dags/example_task_group.py
[2024-10-16T13:10:41.381+0000] {processor.py:914} INFO - Processing file /home/airflow/.local/lib/python3.12/site-packages/airflow/example_dags/example_task_group.py for tasks to queue
[2024-10-16T13:10:41.384+0000] {logging_mixin.py:190} INFO - [2024-10-16T13:10:41.384+0000] {dagbag.py:588} INFO - Filling up the DagBag from /home/airflow/.local/lib/python3.12/site-packages/airflow/example_dags/example_task_group.py
[2024-10-16T13:10:41.391+0000] {processor.py:925} INFO - DAG(s) 'example_task_group' retrieved from /home/airflow/.local/lib/python3.12/site-packages/airflow/example_dags/example_task_group.py
[2024-10-16T13:10:41.410+0000] {logging_mixin.py:190} INFO - [2024-10-16T13:10:41.409+0000] {dag.py:3239} INFO - Sync 1 DAGs
[2024-10-16T13:10:41.423+0000] {logging_mixin.py:190} INFO - [2024-10-16T13:10:41.422+0000] {dag.py:4180} INFO - Setting next_dagrun for example_task_group to None, run_after=None
[2024-10-16T13:10:41.441+0000] {processor.py:208} INFO - Processing /home/airflow/.local/lib/python3.12/site-packages/airflow/example_dags/example_task_group.py took 0.068 seconds
[2024-10-16T13:11:12.307+0000] {processor.py:186} INFO - Started process (PID=489) to work on /home/airflow/.local/lib/python3.12/site-packages/airflow/example_dags/example_task_group.py
[2024-10-16T13:11:12.309+0000] {processor.py:914} INFO - Processing file /home/airflow/.local/lib/python3.12/site-packages/airflow/example_dags/example_task_group.py for tasks to queue
[2024-10-16T13:11:12.313+0000] {logging_mixin.py:190} INFO - [2024-10-16T13:11:12.312+0000] {dagbag.py:588} INFO - Filling up the DagBag from /home/airflow/.local/lib/python3.12/site-packages/airflow/example_dags/example_task_group.py
[2024-10-16T13:11:12.323+0000] {processor.py:925} INFO - DAG(s) 'example_task_group' retrieved from /home/airflow/.local/lib/python3.12/site-packages/airflow/example_dags/example_task_group.py
[2024-10-16T13:11:12.377+0000] {logging_mixin.py:190} INFO - [2024-10-16T13:11:12.376+0000] {dag.py:3239} INFO - Sync 1 DAGs
[2024-10-16T13:11:12.402+0000] {logging_mixin.py:190} INFO - [2024-10-16T13:11:12.402+0000] {dag.py:4180} INFO - Setting next_dagrun for example_task_group to None, run_after=None
[2024-10-16T13:11:12.435+0000] {processor.py:208} INFO - Processing /home/airflow/.local/lib/python3.12/site-packages/airflow/example_dags/example_task_group.py took 0.135 seconds
[2024-10-16T13:12:48.798+0000] {processor.py:186} INFO - Started process (PID=110) to work on /home/airflow/.local/lib/python3.12/site-packages/airflow/example_dags/example_task_group.py
[2024-10-16T13:12:48.800+0000] {processor.py:914} INFO - Processing file /home/airflow/.local/lib/python3.12/site-packages/airflow/example_dags/example_task_group.py for tasks to queue
[2024-10-16T13:12:48.806+0000] {logging_mixin.py:190} INFO - [2024-10-16T13:12:48.804+0000] {dagbag.py:588} INFO - Filling up the DagBag from /home/airflow/.local/lib/python3.12/site-packages/airflow/example_dags/example_task_group.py
[2024-10-16T13:12:48.814+0000] {processor.py:925} INFO - DAG(s) 'example_task_group' retrieved from /home/airflow/.local/lib/python3.12/site-packages/airflow/example_dags/example_task_group.py
[2024-10-16T13:12:48.915+0000] {logging_mixin.py:190} INFO - [2024-10-16T13:12:48.915+0000] {override.py:1900} INFO - Created Permission View: can read on DAG:example_task_group
[2024-10-16T13:12:48.928+0000] {logging_mixin.py:190} INFO - [2024-10-16T13:12:48.927+0000] {override.py:1900} INFO - Created Permission View: can edit on DAG:example_task_group
[2024-10-16T13:12:48.936+0000] {logging_mixin.py:190} INFO - [2024-10-16T13:12:48.935+0000] {override.py:1900} INFO - Created Permission View: can delete on DAG:example_task_group
[2024-10-16T13:12:48.948+0000] {logging_mixin.py:190} INFO - [2024-10-16T13:12:48.948+0000] {override.py:1900} INFO - Created Permission View: can read on DAG Run:example_task_group
[2024-10-16T13:12:48.955+0000] {logging_mixin.py:190} INFO - [2024-10-16T13:12:48.955+0000] {override.py:1900} INFO - Created Permission View: menu access on DAG Run:example_task_group
[2024-10-16T13:12:48.963+0000] {logging_mixin.py:190} INFO - [2024-10-16T13:12:48.962+0000] {override.py:1900} INFO - Created Permission View: can delete on DAG Run:example_task_group
[2024-10-16T13:12:48.972+0000] {logging_mixin.py:190} INFO - [2024-10-16T13:12:48.971+0000] {override.py:1900} INFO - Created Permission View: can create on DAG Run:example_task_group
[2024-10-16T13:12:48.973+0000] {logging_mixin.py:190} INFO - [2024-10-16T13:12:48.972+0000] {dag.py:3239} INFO - Sync 1 DAGs
[2024-10-16T13:12:48.987+0000] {logging_mixin.py:190} INFO - [2024-10-16T13:12:48.987+0000] {dag.py:3262} INFO - Creating ORM DAG for example_task_group
[2024-10-16T13:12:48.989+0000] {logging_mixin.py:190} INFO - [2024-10-16T13:12:48.988+0000] {dag.py:4180} INFO - Setting next_dagrun for example_task_group to None, run_after=None
[2024-10-16T13:12:49.014+0000] {processor.py:208} INFO - Processing /home/airflow/.local/lib/python3.12/site-packages/airflow/example_dags/example_task_group.py took 0.220 seconds
[2024-10-16T13:13:19.362+0000] {processor.py:186} INFO - Started process (PID=173) to work on /home/airflow/.local/lib/python3.12/site-packages/airflow/example_dags/example_task_group.py
[2024-10-16T13:13:19.364+0000] {processor.py:914} INFO - Processing file /home/airflow/.local/lib/python3.12/site-packages/airflow/example_dags/example_task_group.py for tasks to queue
[2024-10-16T13:13:19.367+0000] {logging_mixin.py:190} INFO - [2024-10-16T13:13:19.366+0000] {dagbag.py:588} INFO - Filling up the DagBag from /home/airflow/.local/lib/python3.12/site-packages/airflow/example_dags/example_task_group.py
[2024-10-16T13:13:18.986+0000] {processor.py:925} INFO - DAG(s) 'example_task_group' retrieved from /home/airflow/.local/lib/python3.12/site-packages/airflow/example_dags/example_task_group.py
[2024-10-16T13:13:19.012+0000] {logging_mixin.py:190} INFO - [2024-10-16T13:13:19.011+0000] {dag.py:3239} INFO - Sync 1 DAGs
[2024-10-16T13:13:19.032+0000] {logging_mixin.py:190} INFO - [2024-10-16T13:13:19.032+0000] {dag.py:4180} INFO - Setting next_dagrun for example_task_group to None, run_after=None
[2024-10-16T13:13:19.064+0000] {processor.py:208} INFO - Processing /home/airflow/.local/lib/python3.12/site-packages/airflow/example_dags/example_task_group.py took 0.105 seconds
[2024-10-16T13:14:50.175+0000] {processor.py:186} INFO - Started process (PID=112) to work on /home/airflow/.local/lib/python3.12/site-packages/airflow/example_dags/example_task_group.py
[2024-10-16T13:14:50.177+0000] {processor.py:914} INFO - Processing file /home/airflow/.local/lib/python3.12/site-packages/airflow/example_dags/example_task_group.py for tasks to queue
[2024-10-16T13:14:50.181+0000] {logging_mixin.py:190} INFO - [2024-10-16T13:14:50.181+0000] {dagbag.py:588} INFO - Filling up the DagBag from /home/airflow/.local/lib/python3.12/site-packages/airflow/example_dags/example_task_group.py
[2024-10-16T13:14:50.193+0000] {processor.py:925} INFO - DAG(s) 'example_task_group' retrieved from /home/airflow/.local/lib/python3.12/site-packages/airflow/example_dags/example_task_group.py
[2024-10-16T13:14:50.315+0000] {logging_mixin.py:190} INFO - [2024-10-16T13:14:50.314+0000] {override.py:1900} INFO - Created Permission View: can read on DAG:example_task_group
[2024-10-16T13:14:50.324+0000] {logging_mixin.py:190} INFO - [2024-10-16T13:14:50.324+0000] {override.py:1900} INFO - Created Permission View: can delete on DAG:example_task_group
[2024-10-16T13:14:50.331+0000] {logging_mixin.py:190} INFO - [2024-10-16T13:14:50.330+0000] {override.py:1900} INFO - Created Permission View: can edit on DAG:example_task_group
[2024-10-16T13:14:50.338+0000] {logging_mixin.py:190} INFO - [2024-10-16T13:14:50.337+0000] {override.py:1900} INFO - Created Permission View: can read on DAG Run:example_task_group
[2024-10-16T13:14:50.345+0000] {logging_mixin.py:190} INFO - [2024-10-16T13:14:50.345+0000] {override.py:1900} INFO - Created Permission View: can create on DAG Run:example_task_group
[2024-10-16T13:14:50.353+0000] {logging_mixin.py:190} INFO - [2024-10-16T13:14:50.352+0000] {override.py:1900} INFO - Created Permission View: can delete on DAG Run:example_task_group
[2024-10-16T13:14:50.359+0000] {logging_mixin.py:190} INFO - [2024-10-16T13:14:50.359+0000] {override.py:1900} INFO - Created Permission View: menu access on DAG Run:example_task_group
[2024-10-16T13:14:50.360+0000] {logging_mixin.py:190} INFO - [2024-10-16T13:14:50.360+0000] {dag.py:3239} INFO - Sync 1 DAGs
[2024-10-16T13:14:50.372+0000] {logging_mixin.py:190} INFO - [2024-10-16T13:14:50.372+0000] {dag.py:3262} INFO - Creating ORM DAG for example_task_group
[2024-10-16T13:14:50.373+0000] {logging_mixin.py:190} INFO - [2024-10-16T13:14:50.373+0000] {dag.py:4180} INFO - Setting next_dagrun for example_task_group to None, run_after=None
[2024-10-16T13:14:50.392+0000] {processor.py:208} INFO - Processing /home/airflow/.local/lib/python3.12/site-packages/airflow/example_dags/example_task_group.py took 0.222 seconds
[2024-10-16T13:16:19.515+0000] {processor.py:186} INFO - Started process (PID=111) to work on /home/airflow/.local/lib/python3.12/site-packages/airflow/example_dags/example_task_group.py
[2024-10-16T13:16:19.516+0000] {processor.py:914} INFO - Processing file /home/airflow/.local/lib/python3.12/site-packages/airflow/example_dags/example_task_group.py for tasks to queue
[2024-10-16T13:16:19.519+0000] {logging_mixin.py:190} INFO - [2024-10-16T13:16:19.519+0000] {dagbag.py:588} INFO - Filling up the DagBag from /home/airflow/.local/lib/python3.12/site-packages/airflow/example_dags/example_task_group.py
[2024-10-16T13:16:19.529+0000] {processor.py:925} INFO - DAG(s) 'example_task_group' retrieved from /home/airflow/.local/lib/python3.12/site-packages/airflow/example_dags/example_task_group.py
[2024-10-16T13:16:19.688+0000] {logging_mixin.py:190} INFO - [2024-10-16T13:16:19.686+0000] {override.py:1900} INFO - Created Permission View: can edit on DAG:example_task_group
[2024-10-16T13:16:19.704+0000] {logging_mixin.py:190} INFO - [2024-10-16T13:16:19.704+0000] {override.py:1900} INFO - Created Permission View: can read on DAG:example_task_group
[2024-10-16T13:16:19.714+0000] {logging_mixin.py:190} INFO - [2024-10-16T13:16:19.714+0000] {override.py:1900} INFO - Created Permission View: can delete on DAG:example_task_group
[2024-10-16T13:16:19.724+0000] {logging_mixin.py:190} INFO - [2024-10-16T13:16:19.723+0000] {override.py:1900} INFO - Created Permission View: menu access on DAG Run:example_task_group
[2024-10-16T13:16:19.734+0000] {logging_mixin.py:190} INFO - [2024-10-16T13:16:19.733+0000] {override.py:1900} INFO - Created Permission View: can read on DAG Run:example_task_group
[2024-10-16T13:16:19.742+0000] {logging_mixin.py:190} INFO - [2024-10-16T13:16:19.741+0000] {override.py:1900} INFO - Created Permission View: can create on DAG Run:example_task_group
[2024-10-16T13:16:19.749+0000] {logging_mixin.py:190} INFO - [2024-10-16T13:16:19.749+0000] {override.py:1900} INFO - Created Permission View: can delete on DAG Run:example_task_group
[2024-10-16T13:16:19.750+0000] {logging_mixin.py:190} INFO - [2024-10-16T13:16:19.750+0000] {dag.py:3239} INFO - Sync 1 DAGs
[2024-10-16T13:16:19.766+0000] {logging_mixin.py:190} INFO - [2024-10-16T13:16:19.765+0000] {dag.py:3262} INFO - Creating ORM DAG for example_task_group
[2024-10-16T13:16:19.767+0000] {logging_mixin.py:190} INFO - [2024-10-16T13:16:19.767+0000] {dag.py:4180} INFO - Setting next_dagrun for example_task_group to None, run_after=None
[2024-10-16T13:16:19.787+0000] {processor.py:208} INFO - Processing /home/airflow/.local/lib/python3.12/site-packages/airflow/example_dags/example_task_group.py took 0.279 seconds
[2024-10-16T13:16:50.603+0000] {processor.py:186} INFO - Started process (PID=174) to work on /home/airflow/.local/lib/python3.12/site-packages/airflow/example_dags/example_task_group.py
[2024-10-16T13:16:50.605+0000] {processor.py:914} INFO - Processing file /home/airflow/.local/lib/python3.12/site-packages/airflow/example_dags/example_task_group.py for tasks to queue
[2024-10-16T13:16:50.608+0000] {logging_mixin.py:190} INFO - [2024-10-16T13:16:50.607+0000] {dagbag.py:588} INFO - Filling up the DagBag from /home/airflow/.local/lib/python3.12/site-packages/airflow/example_dags/example_task_group.py
[2024-10-16T13:16:50.621+0000] {processor.py:925} INFO - DAG(s) 'example_task_group' retrieved from /home/airflow/.local/lib/python3.12/site-packages/airflow/example_dags/example_task_group.py
[2024-10-16T13:16:50.650+0000] {logging_mixin.py:190} INFO - [2024-10-16T13:16:50.650+0000] {dag.py:3239} INFO - Sync 1 DAGs
[2024-10-16T13:16:50.667+0000] {logging_mixin.py:190} INFO - [2024-10-16T13:16:50.667+0000] {dag.py:4180} INFO - Setting next_dagrun for example_task_group to None, run_after=None
[2024-10-16T13:16:50.699+0000] {processor.py:208} INFO - Processing /home/airflow/.local/lib/python3.12/site-packages/airflow/example_dags/example_task_group.py took 0.106 seconds
[2024-10-16T13:17:21.169+0000] {processor.py:186} INFO - Started process (PID=237) to work on /home/airflow/.local/lib/python3.12/site-packages/airflow/example_dags/example_task_group.py
[2024-10-16T13:17:21.171+0000] {processor.py:914} INFO - Processing file /home/airflow/.local/lib/python3.12/site-packages/airflow/example_dags/example_task_group.py for tasks to queue
[2024-10-16T13:17:21.174+0000] {logging_mixin.py:190} INFO - [2024-10-16T13:17:21.174+0000] {dagbag.py:588} INFO - Filling up the DagBag from /home/airflow/.local/lib/python3.12/site-packages/airflow/example_dags/example_task_group.py
[2024-10-16T13:17:21.186+0000] {processor.py:925} INFO - DAG(s) 'example_task_group' retrieved from /home/airflow/.local/lib/python3.12/site-packages/airflow/example_dags/example_task_group.py
[2024-10-16T13:17:21.231+0000] {logging_mixin.py:190} INFO - [2024-10-16T13:17:21.231+0000] {dag.py:3239} INFO - Sync 1 DAGs
[2024-10-16T13:17:21.261+0000] {logging_mixin.py:190} INFO - [2024-10-16T13:17:21.260+0000] {dag.py:4180} INFO - Setting next_dagrun for example_task_group to None, run_after=None
[2024-10-16T13:17:21.289+0000] {processor.py:208} INFO - Processing /home/airflow/.local/lib/python3.12/site-packages/airflow/example_dags/example_task_group.py took 0.128 seconds
[2024-10-16T13:17:51.834+0000] {processor.py:186} INFO - Started process (PID=300) to work on /home/airflow/.local/lib/python3.12/site-packages/airflow/example_dags/example_task_group.py
[2024-10-16T13:17:51.837+0000] {processor.py:914} INFO - Processing file /home/airflow/.local/lib/python3.12/site-packages/airflow/example_dags/example_task_group.py for tasks to queue
[2024-10-16T13:17:51.841+0000] {logging_mixin.py:190} INFO - [2024-10-16T13:17:51.840+0000] {dagbag.py:588} INFO - Filling up the DagBag from /home/airflow/.local/lib/python3.12/site-packages/airflow/example_dags/example_task_group.py
[2024-10-16T13:17:51.851+0000] {processor.py:925} INFO - DAG(s) 'example_task_group' retrieved from /home/airflow/.local/lib/python3.12/site-packages/airflow/example_dags/example_task_group.py
[2024-10-16T13:17:51.886+0000] {logging_mixin.py:190} INFO - [2024-10-16T13:17:51.886+0000] {dag.py:3239} INFO - Sync 1 DAGs
[2024-10-16T13:17:51.910+0000] {logging_mixin.py:190} INFO - [2024-10-16T13:17:51.909+0000] {dag.py:4180} INFO - Setting next_dagrun for example_task_group to None, run_after=None
[2024-10-16T13:17:51.946+0000] {processor.py:208} INFO - Processing /home/airflow/.local/lib/python3.12/site-packages/airflow/example_dags/example_task_group.py took 0.120 seconds
[2024-10-16T13:18:22.721+0000] {processor.py:186} INFO - Started process (PID=363) to work on /home/airflow/.local/lib/python3.12/site-packages/airflow/example_dags/example_task_group.py
[2024-10-16T13:18:22.722+0000] {processor.py:914} INFO - Processing file /home/airflow/.local/lib/python3.12/site-packages/airflow/example_dags/example_task_group.py for tasks to queue
[2024-10-16T13:18:22.724+0000] {logging_mixin.py:190} INFO - [2024-10-16T13:18:22.724+0000] {dagbag.py:588} INFO - Filling up the DagBag from /home/airflow/.local/lib/python3.12/site-packages/airflow/example_dags/example_task_group.py
[2024-10-16T13:18:22.731+0000] {processor.py:925} INFO - DAG(s) 'example_task_group' retrieved from /home/airflow/.local/lib/python3.12/site-packages/airflow/example_dags/example_task_group.py
[2024-10-16T13:18:22.754+0000] {logging_mixin.py:190} INFO - [2024-10-16T13:18:22.754+0000] {dag.py:3239} INFO - Sync 1 DAGs
[2024-10-16T13:18:22.764+0000] {logging_mixin.py:190} INFO - [2024-10-16T13:18:22.764+0000] {dag.py:4180} INFO - Setting next_dagrun for example_task_group to None, run_after=None
[2024-10-16T13:18:22.788+0000] {processor.py:208} INFO - Processing /home/airflow/.local/lib/python3.12/site-packages/airflow/example_dags/example_task_group.py took 0.071 seconds
[2024-10-16T13:18:53.186+0000] {processor.py:186} INFO - Started process (PID=426) to work on /home/airflow/.local/lib/python3.12/site-packages/airflow/example_dags/example_task_group.py
[2024-10-16T13:18:53.189+0000] {processor.py:914} INFO - Processing file /home/airflow/.local/lib/python3.12/site-packages/airflow/example_dags/example_task_group.py for tasks to queue
[2024-10-16T13:18:53.195+0000] {logging_mixin.py:190} INFO - [2024-10-16T13:18:53.194+0000] {dagbag.py:588} INFO - Filling up the DagBag from /home/airflow/.local/lib/python3.12/site-packages/airflow/example_dags/example_task_group.py
[2024-10-16T13:18:53.206+0000] {processor.py:925} INFO - DAG(s) 'example_task_group' retrieved from /home/airflow/.local/lib/python3.12/site-packages/airflow/example_dags/example_task_group.py
[2024-10-16T13:18:53.250+0000] {logging_mixin.py:190} INFO - [2024-10-16T13:18:53.250+0000] {dag.py:3239} INFO - Sync 1 DAGs
[2024-10-16T13:18:53.271+0000] {logging_mixin.py:190} INFO - [2024-10-16T13:18:53.270+0000] {dag.py:4180} INFO - Setting next_dagrun for example_task_group to None, run_after=None
[2024-10-16T13:18:53.300+0000] {processor.py:208} INFO - Processing /home/airflow/.local/lib/python3.12/site-packages/airflow/example_dags/example_task_group.py took 0.125 seconds
[2024-10-16T13:19:23.456+0000] {processor.py:186} INFO - Started process (PID=489) to work on /home/airflow/.local/lib/python3.12/site-packages/airflow/example_dags/example_task_group.py
[2024-10-16T13:19:23.458+0000] {processor.py:914} INFO - Processing file /home/airflow/.local/lib/python3.12/site-packages/airflow/example_dags/example_task_group.py for tasks to queue
[2024-10-16T13:19:23.461+0000] {logging_mixin.py:190} INFO - [2024-10-16T13:19:23.460+0000] {dagbag.py:588} INFO - Filling up the DagBag from /home/airflow/.local/lib/python3.12/site-packages/airflow/example_dags/example_task_group.py
[2024-10-16T13:19:23.471+0000] {processor.py:925} INFO - DAG(s) 'example_task_group' retrieved from /home/airflow/.local/lib/python3.12/site-packages/airflow/example_dags/example_task_group.py
[2024-10-16T13:19:23.498+0000] {logging_mixin.py:190} INFO - [2024-10-16T13:19:23.497+0000] {dag.py:3239} INFO - Sync 1 DAGs
[2024-10-16T13:19:23.521+0000] {logging_mixin.py:190} INFO - [2024-10-16T13:19:23.520+0000] {dag.py:4180} INFO - Setting next_dagrun for example_task_group to None, run_after=None
[2024-10-16T13:19:23.551+0000] {processor.py:208} INFO - Processing /home/airflow/.local/lib/python3.12/site-packages/airflow/example_dags/example_task_group.py took 0.103 seconds
[2024-10-16T13:19:53.777+0000] {processor.py:186} INFO - Started process (PID=552) to work on /home/airflow/.local/lib/python3.12/site-packages/airflow/example_dags/example_task_group.py
[2024-10-16T13:19:53.778+0000] {processor.py:914} INFO - Processing file /home/airflow/.local/lib/python3.12/site-packages/airflow/example_dags/example_task_group.py for tasks to queue
[2024-10-16T13:19:53.782+0000] {logging_mixin.py:190} INFO - [2024-10-16T13:19:53.781+0000] {dagbag.py:588} INFO - Filling up the DagBag from /home/airflow/.local/lib/python3.12/site-packages/airflow/example_dags/example_task_group.py
[2024-10-16T13:19:53.797+0000] {processor.py:925} INFO - DAG(s) 'example_task_group' retrieved from /home/airflow/.local/lib/python3.12/site-packages/airflow/example_dags/example_task_group.py
[2024-10-16T13:19:53.830+0000] {logging_mixin.py:190} INFO - [2024-10-16T13:19:53.830+0000] {dag.py:3239} INFO - Sync 1 DAGs
[2024-10-16T13:19:53.844+0000] {logging_mixin.py:190} INFO - [2024-10-16T13:19:53.843+0000] {dag.py:4180} INFO - Setting next_dagrun for example_task_group to None, run_after=None
[2024-10-16T13:19:53.869+0000] {processor.py:208} INFO - Processing /home/airflow/.local/lib/python3.12/site-packages/airflow/example_dags/example_task_group.py took 0.100 seconds
[2024-10-16T13:20:24.564+0000] {processor.py:186} INFO - Started process (PID=615) to work on /home/airflow/.local/lib/python3.12/site-packages/airflow/example_dags/example_task_group.py
[2024-10-16T13:20:24.569+0000] {processor.py:914} INFO - Processing file /home/airflow/.local/lib/python3.12/site-packages/airflow/example_dags/example_task_group.py for tasks to queue
[2024-10-16T13:20:24.572+0000] {logging_mixin.py:190} INFO - [2024-10-16T13:20:24.572+0000] {dagbag.py:588} INFO - Filling up the DagBag from /home/airflow/.local/lib/python3.12/site-packages/airflow/example_dags/example_task_group.py
[2024-10-16T13:20:24.582+0000] {processor.py:925} INFO - DAG(s) 'example_task_group' retrieved from /home/airflow/.local/lib/python3.12/site-packages/airflow/example_dags/example_task_group.py
[2024-10-16T13:20:24.614+0000] {logging_mixin.py:190} INFO - [2024-10-16T13:20:24.613+0000] {dag.py:3239} INFO - Sync 1 DAGs
[2024-10-16T13:20:24.629+0000] {logging_mixin.py:190} INFO - [2024-10-16T13:20:24.628+0000] {dag.py:4180} INFO - Setting next_dagrun for example_task_group to None, run_after=None
[2024-10-16T13:20:24.657+0000] {processor.py:208} INFO - Processing /home/airflow/.local/lib/python3.12/site-packages/airflow/example_dags/example_task_group.py took 0.099 seconds
[2024-10-16T13:22:04.481+0000] {processor.py:186} INFO - Started process (PID=110) to work on /home/airflow/.local/lib/python3.12/site-packages/airflow/example_dags/example_task_group.py
[2024-10-16T13:22:04.482+0000] {processor.py:914} INFO - Processing file /home/airflow/.local/lib/python3.12/site-packages/airflow/example_dags/example_task_group.py for tasks to queue
[2024-10-16T13:22:04.486+0000] {logging_mixin.py:190} INFO - [2024-10-16T13:22:04.485+0000] {dagbag.py:588} INFO - Filling up the DagBag from /home/airflow/.local/lib/python3.12/site-packages/airflow/example_dags/example_task_group.py
[2024-10-16T13:22:04.500+0000] {processor.py:925} INFO - DAG(s) 'example_task_group' retrieved from /home/airflow/.local/lib/python3.12/site-packages/airflow/example_dags/example_task_group.py
[2024-10-16T13:22:04.620+0000] {logging_mixin.py:190} INFO - [2024-10-16T13:22:04.619+0000] {override.py:1900} INFO - Created Permission View: can edit on DAG:example_task_group
[2024-10-16T13:22:04.632+0000] {logging_mixin.py:190} INFO - [2024-10-16T13:22:04.632+0000] {override.py:1900} INFO - Created Permission View: can read on DAG:example_task_group
[2024-10-16T13:22:04.640+0000] {logging_mixin.py:190} INFO - [2024-10-16T13:22:04.639+0000] {override.py:1900} INFO - Created Permission View: can delete on DAG:example_task_group
[2024-10-16T13:22:04.650+0000] {logging_mixin.py:190} INFO - [2024-10-16T13:22:04.649+0000] {override.py:1900} INFO - Created Permission View: can delete on DAG Run:example_task_group
[2024-10-16T13:22:04.659+0000] {logging_mixin.py:190} INFO - [2024-10-16T13:22:04.659+0000] {override.py:1900} INFO - Created Permission View: can read on DAG Run:example_task_group
[2024-10-16T13:22:04.666+0000] {logging_mixin.py:190} INFO - [2024-10-16T13:22:04.666+0000] {override.py:1900} INFO - Created Permission View: menu access on DAG Run:example_task_group
[2024-10-16T13:22:04.675+0000] {logging_mixin.py:190} INFO - [2024-10-16T13:22:04.674+0000] {override.py:1900} INFO - Created Permission View: can create on DAG Run:example_task_group
[2024-10-16T13:22:04.676+0000] {logging_mixin.py:190} INFO - [2024-10-16T13:22:04.676+0000] {dag.py:3239} INFO - Sync 1 DAGs
[2024-10-16T13:22:04.698+0000] {logging_mixin.py:190} INFO - [2024-10-16T13:22:04.697+0000] {dag.py:3262} INFO - Creating ORM DAG for example_task_group
[2024-10-16T13:22:04.701+0000] {logging_mixin.py:190} INFO - [2024-10-16T13:22:04.700+0000] {dag.py:4180} INFO - Setting next_dagrun for example_task_group to None, run_after=None
[2024-10-16T13:22:04.753+0000] {processor.py:208} INFO - Processing /home/airflow/.local/lib/python3.12/site-packages/airflow/example_dags/example_task_group.py took 0.280 seconds
[2024-10-16T13:22:34.842+0000] {processor.py:186} INFO - Started process (PID=173) to work on /home/airflow/.local/lib/python3.12/site-packages/airflow/example_dags/example_task_group.py
[2024-10-16T13:22:34.843+0000] {processor.py:914} INFO - Processing file /home/airflow/.local/lib/python3.12/site-packages/airflow/example_dags/example_task_group.py for tasks to queue
[2024-10-16T13:22:34.846+0000] {logging_mixin.py:190} INFO - [2024-10-16T13:22:34.846+0000] {dagbag.py:588} INFO - Filling up the DagBag from /home/airflow/.local/lib/python3.12/site-packages/airflow/example_dags/example_task_group.py
[2024-10-16T13:22:34.856+0000] {processor.py:925} INFO - DAG(s) 'example_task_group' retrieved from /home/airflow/.local/lib/python3.12/site-packages/airflow/example_dags/example_task_group.py
[2024-10-16T13:22:34.879+0000] {logging_mixin.py:190} INFO - [2024-10-16T13:22:34.879+0000] {dag.py:3239} INFO - Sync 1 DAGs
[2024-10-16T13:22:34.895+0000] {logging_mixin.py:190} INFO - [2024-10-16T13:22:34.895+0000] {dag.py:4180} INFO - Setting next_dagrun for example_task_group to None, run_after=None
[2024-10-16T13:22:34.916+0000] {processor.py:208} INFO - Processing /home/airflow/.local/lib/python3.12/site-packages/airflow/example_dags/example_task_group.py took 0.080 seconds
[2024-10-16T13:23:05.354+0000] {processor.py:186} INFO - Started process (PID=236) to work on /home/airflow/.local/lib/python3.12/site-packages/airflow/example_dags/example_task_group.py
[2024-10-16T13:23:05.355+0000] {processor.py:914} INFO - Processing file /home/airflow/.local/lib/python3.12/site-packages/airflow/example_dags/example_task_group.py for tasks to queue
[2024-10-16T13:23:05.362+0000] {logging_mixin.py:190} INFO - [2024-10-16T13:23:05.361+0000] {dagbag.py:588} INFO - Filling up the DagBag from /home/airflow/.local/lib/python3.12/site-packages/airflow/example_dags/example_task_group.py
[2024-10-16T13:23:05.373+0000] {processor.py:925} INFO - DAG(s) 'example_task_group' retrieved from /home/airflow/.local/lib/python3.12/site-packages/airflow/example_dags/example_task_group.py
[2024-10-16T13:23:05.405+0000] {logging_mixin.py:190} INFO - [2024-10-16T13:23:05.405+0000] {dag.py:3239} INFO - Sync 1 DAGs
[2024-10-16T13:23:05.438+0000] {logging_mixin.py:190} INFO - [2024-10-16T13:23:05.438+0000] {dag.py:4180} INFO - Setting next_dagrun for example_task_group to None, run_after=None
[2024-10-16T13:23:05.484+0000] {processor.py:208} INFO - Processing /home/airflow/.local/lib/python3.12/site-packages/airflow/example_dags/example_task_group.py took 0.136 seconds
[2024-10-16T13:23:36.963+0000] {processor.py:186} INFO - Started process (PID=299) to work on /home/airflow/.local/lib/python3.12/site-packages/airflow/example_dags/example_task_group.py
[2024-10-16T13:23:36.964+0000] {processor.py:914} INFO - Processing file /home/airflow/.local/lib/python3.12/site-packages/airflow/example_dags/example_task_group.py for tasks to queue
[2024-10-16T13:23:36.977+0000] {logging_mixin.py:190} INFO - [2024-10-16T13:23:36.976+0000] {dagbag.py:588} INFO - Filling up the DagBag from /home/airflow/.local/lib/python3.12/site-packages/airflow/example_dags/example_task_group.py
[2024-10-16T13:23:37.034+0000] {processor.py:925} INFO - DAG(s) 'example_task_group' retrieved from /home/airflow/.local/lib/python3.12/site-packages/airflow/example_dags/example_task_group.py
[2024-10-16T13:23:37.117+0000] {logging_mixin.py:190} INFO - [2024-10-16T13:23:37.116+0000] {dag.py:3239} INFO - Sync 1 DAGs
[2024-10-16T13:23:37.164+0000] {logging_mixin.py:190} INFO - [2024-10-16T13:23:37.163+0000] {dag.py:4180} INFO - Setting next_dagrun for example_task_group to None, run_after=None
[2024-10-16T13:23:37.216+0000] {processor.py:208} INFO - Processing /home/airflow/.local/lib/python3.12/site-packages/airflow/example_dags/example_task_group.py took 0.275 seconds
