[2024-10-16T12:50:31.387+0000] {processor.py:186} INFO - Started process (PID=89) to work on /home/airflow/.local/lib/python3.12/site-packages/airflow/example_dags/example_sensor_decorator.py
[2024-10-16T12:50:31.389+0000] {processor.py:914} INFO - Processing file /home/airflow/.local/lib/python3.12/site-packages/airflow/example_dags/example_sensor_decorator.py for tasks to queue
[2024-10-16T12:50:31.392+0000] {logging_mixin.py:190} INFO - [2024-10-16T12:50:31.391+0000] {dagbag.py:588} INFO - Filling up the DagBag from /home/airflow/.local/lib/python3.12/site-packages/airflow/example_dags/example_sensor_decorator.py
[2024-10-16T12:50:31.405+0000] {processor.py:925} INFO - DAG(s) 'example_sensor_decorator' retrieved from /home/airflow/.local/lib/python3.12/site-packages/airflow/example_dags/example_sensor_decorator.py
[2024-10-16T12:50:31.514+0000] {logging_mixin.py:190} INFO - [2024-10-16T12:50:31.513+0000] {override.py:1900} INFO - Created Permission View: can edit on DAG:example_sensor_decorator
[2024-10-16T12:50:31.525+0000] {logging_mixin.py:190} INFO - [2024-10-16T12:50:31.525+0000] {override.py:1900} INFO - Created Permission View: can read on DAG:example_sensor_decorator
[2024-10-16T12:50:31.532+0000] {logging_mixin.py:190} INFO - [2024-10-16T12:50:31.532+0000] {override.py:1900} INFO - Created Permission View: can delete on DAG:example_sensor_decorator
[2024-10-16T12:50:31.540+0000] {logging_mixin.py:190} INFO - [2024-10-16T12:50:31.539+0000] {override.py:1900} INFO - Created Permission View: can delete on DAG Run:example_sensor_decorator
[2024-10-16T12:50:31.546+0000] {logging_mixin.py:190} INFO - [2024-10-16T12:50:31.546+0000] {override.py:1900} INFO - Created Permission View: menu access on DAG Run:example_sensor_decorator
[2024-10-16T12:50:31.554+0000] {logging_mixin.py:190} INFO - [2024-10-16T12:50:31.554+0000] {override.py:1900} INFO - Created Permission View: can create on DAG Run:example_sensor_decorator
[2024-10-16T12:50:31.561+0000] {logging_mixin.py:190} INFO - [2024-10-16T12:50:31.561+0000] {override.py:1900} INFO - Created Permission View: can read on DAG Run:example_sensor_decorator
[2024-10-16T12:50:31.562+0000] {logging_mixin.py:190} INFO - [2024-10-16T12:50:31.562+0000] {dag.py:3239} INFO - Sync 1 DAGs
[2024-10-16T12:50:31.576+0000] {logging_mixin.py:190} INFO - [2024-10-16T12:50:31.576+0000] {dag.py:3262} INFO - Creating ORM DAG for example_sensor_decorator
[2024-10-16T12:50:31.577+0000] {logging_mixin.py:190} INFO - [2024-10-16T12:50:31.577+0000] {dag.py:4180} INFO - Setting next_dagrun for example_sensor_decorator to None, run_after=None
[2024-10-16T12:50:31.599+0000] {processor.py:208} INFO - Processing /home/airflow/.local/lib/python3.12/site-packages/airflow/example_dags/example_sensor_decorator.py took 0.217 seconds
[2024-10-16T12:51:02.460+0000] {processor.py:186} INFO - Started process (PID=151) to work on /home/airflow/.local/lib/python3.12/site-packages/airflow/example_dags/example_sensor_decorator.py
[2024-10-16T12:51:02.461+0000] {processor.py:914} INFO - Processing file /home/airflow/.local/lib/python3.12/site-packages/airflow/example_dags/example_sensor_decorator.py for tasks to queue
[2024-10-16T12:51:02.464+0000] {logging_mixin.py:190} INFO - [2024-10-16T12:51:02.464+0000] {dagbag.py:588} INFO - Filling up the DagBag from /home/airflow/.local/lib/python3.12/site-packages/airflow/example_dags/example_sensor_decorator.py
[2024-10-16T12:51:02.473+0000] {processor.py:925} INFO - DAG(s) 'example_sensor_decorator' retrieved from /home/airflow/.local/lib/python3.12/site-packages/airflow/example_dags/example_sensor_decorator.py
[2024-10-16T12:51:02.490+0000] {logging_mixin.py:190} INFO - [2024-10-16T12:51:02.490+0000] {dag.py:3239} INFO - Sync 1 DAGs
[2024-10-16T12:51:02.505+0000] {logging_mixin.py:190} INFO - [2024-10-16T12:51:02.505+0000] {dag.py:4180} INFO - Setting next_dagrun for example_sensor_decorator to None, run_after=None
[2024-10-16T12:51:02.527+0000] {processor.py:208} INFO - Processing /home/airflow/.local/lib/python3.12/site-packages/airflow/example_dags/example_sensor_decorator.py took 0.071 seconds
[2024-10-16T12:51:33.081+0000] {processor.py:186} INFO - Started process (PID=213) to work on /home/airflow/.local/lib/python3.12/site-packages/airflow/example_dags/example_sensor_decorator.py
[2024-10-16T12:51:33.083+0000] {processor.py:914} INFO - Processing file /home/airflow/.local/lib/python3.12/site-packages/airflow/example_dags/example_sensor_decorator.py for tasks to queue
[2024-10-16T12:51:33.086+0000] {logging_mixin.py:190} INFO - [2024-10-16T12:51:33.086+0000] {dagbag.py:588} INFO - Filling up the DagBag from /home/airflow/.local/lib/python3.12/site-packages/airflow/example_dags/example_sensor_decorator.py
[2024-10-16T12:51:33.095+0000] {processor.py:925} INFO - DAG(s) 'example_sensor_decorator' retrieved from /home/airflow/.local/lib/python3.12/site-packages/airflow/example_dags/example_sensor_decorator.py
[2024-10-16T12:51:33.124+0000] {logging_mixin.py:190} INFO - [2024-10-16T12:51:33.124+0000] {dag.py:3239} INFO - Sync 1 DAGs
[2024-10-16T12:51:33.143+0000] {logging_mixin.py:190} INFO - [2024-10-16T12:51:33.143+0000] {dag.py:4180} INFO - Setting next_dagrun for example_sensor_decorator to None, run_after=None
[2024-10-16T12:51:33.166+0000] {processor.py:208} INFO - Processing /home/airflow/.local/lib/python3.12/site-packages/airflow/example_dags/example_sensor_decorator.py took 0.094 seconds
[2024-10-16T12:52:03.321+0000] {processor.py:186} INFO - Started process (PID=275) to work on /home/airflow/.local/lib/python3.12/site-packages/airflow/example_dags/example_sensor_decorator.py
[2024-10-16T12:52:03.322+0000] {processor.py:914} INFO - Processing file /home/airflow/.local/lib/python3.12/site-packages/airflow/example_dags/example_sensor_decorator.py for tasks to queue
[2024-10-16T12:52:03.325+0000] {logging_mixin.py:190} INFO - [2024-10-16T12:52:03.325+0000] {dagbag.py:588} INFO - Filling up the DagBag from /home/airflow/.local/lib/python3.12/site-packages/airflow/example_dags/example_sensor_decorator.py
[2024-10-16T12:52:03.334+0000] {processor.py:925} INFO - DAG(s) 'example_sensor_decorator' retrieved from /home/airflow/.local/lib/python3.12/site-packages/airflow/example_dags/example_sensor_decorator.py
[2024-10-16T12:52:03.358+0000] {logging_mixin.py:190} INFO - [2024-10-16T12:52:03.358+0000] {dag.py:3239} INFO - Sync 1 DAGs
[2024-10-16T12:52:03.375+0000] {logging_mixin.py:190} INFO - [2024-10-16T12:52:03.375+0000] {dag.py:4180} INFO - Setting next_dagrun for example_sensor_decorator to None, run_after=None
[2024-10-16T12:52:03.398+0000] {processor.py:208} INFO - Processing /home/airflow/.local/lib/python3.12/site-packages/airflow/example_dags/example_sensor_decorator.py took 0.084 seconds
[2024-10-16T12:52:34.106+0000] {processor.py:186} INFO - Started process (PID=338) to work on /home/airflow/.local/lib/python3.12/site-packages/airflow/example_dags/example_sensor_decorator.py
[2024-10-16T12:52:34.107+0000] {processor.py:914} INFO - Processing file /home/airflow/.local/lib/python3.12/site-packages/airflow/example_dags/example_sensor_decorator.py for tasks to queue
[2024-10-16T12:52:34.108+0000] {logging_mixin.py:190} INFO - [2024-10-16T12:52:34.108+0000] {dagbag.py:588} INFO - Filling up the DagBag from /home/airflow/.local/lib/python3.12/site-packages/airflow/example_dags/example_sensor_decorator.py
[2024-10-16T12:52:34.116+0000] {processor.py:925} INFO - DAG(s) 'example_sensor_decorator' retrieved from /home/airflow/.local/lib/python3.12/site-packages/airflow/example_dags/example_sensor_decorator.py
[2024-10-16T12:52:34.134+0000] {logging_mixin.py:190} INFO - [2024-10-16T12:52:34.133+0000] {dag.py:3239} INFO - Sync 1 DAGs
[2024-10-16T12:52:34.154+0000] {logging_mixin.py:190} INFO - [2024-10-16T12:52:34.153+0000] {dag.py:4180} INFO - Setting next_dagrun for example_sensor_decorator to None, run_after=None
[2024-10-16T12:52:34.175+0000] {processor.py:208} INFO - Processing /home/airflow/.local/lib/python3.12/site-packages/airflow/example_dags/example_sensor_decorator.py took 0.073 seconds
[2024-10-16T12:53:05.089+0000] {processor.py:186} INFO - Started process (PID=400) to work on /home/airflow/.local/lib/python3.12/site-packages/airflow/example_dags/example_sensor_decorator.py
[2024-10-16T12:53:05.091+0000] {processor.py:914} INFO - Processing file /home/airflow/.local/lib/python3.12/site-packages/airflow/example_dags/example_sensor_decorator.py for tasks to queue
[2024-10-16T12:53:05.094+0000] {logging_mixin.py:190} INFO - [2024-10-16T12:53:05.093+0000] {dagbag.py:588} INFO - Filling up the DagBag from /home/airflow/.local/lib/python3.12/site-packages/airflow/example_dags/example_sensor_decorator.py
[2024-10-16T12:53:05.100+0000] {processor.py:925} INFO - DAG(s) 'example_sensor_decorator' retrieved from /home/airflow/.local/lib/python3.12/site-packages/airflow/example_dags/example_sensor_decorator.py
[2024-10-16T12:53:05.125+0000] {logging_mixin.py:190} INFO - [2024-10-16T12:53:05.125+0000] {dag.py:3239} INFO - Sync 1 DAGs
[2024-10-16T12:53:05.142+0000] {logging_mixin.py:190} INFO - [2024-10-16T12:53:05.142+0000] {dag.py:4180} INFO - Setting next_dagrun for example_sensor_decorator to None, run_after=None
[2024-10-16T12:53:05.165+0000] {processor.py:208} INFO - Processing /home/airflow/.local/lib/python3.12/site-packages/airflow/example_dags/example_sensor_decorator.py took 0.081 seconds
[2024-10-16T12:53:36.194+0000] {processor.py:186} INFO - Started process (PID=462) to work on /home/airflow/.local/lib/python3.12/site-packages/airflow/example_dags/example_sensor_decorator.py
[2024-10-16T12:53:36.195+0000] {processor.py:914} INFO - Processing file /home/airflow/.local/lib/python3.12/site-packages/airflow/example_dags/example_sensor_decorator.py for tasks to queue
[2024-10-16T12:53:36.198+0000] {logging_mixin.py:190} INFO - [2024-10-16T12:53:36.198+0000] {dagbag.py:588} INFO - Filling up the DagBag from /home/airflow/.local/lib/python3.12/site-packages/airflow/example_dags/example_sensor_decorator.py
[2024-10-16T12:53:36.207+0000] {processor.py:925} INFO - DAG(s) 'example_sensor_decorator' retrieved from /home/airflow/.local/lib/python3.12/site-packages/airflow/example_dags/example_sensor_decorator.py
[2024-10-16T12:53:36.232+0000] {logging_mixin.py:190} INFO - [2024-10-16T12:53:36.231+0000] {dag.py:3239} INFO - Sync 1 DAGs
[2024-10-16T12:53:36.248+0000] {logging_mixin.py:190} INFO - [2024-10-16T12:53:36.248+0000] {dag.py:4180} INFO - Setting next_dagrun for example_sensor_decorator to None, run_after=None
[2024-10-16T12:53:36.275+0000] {processor.py:208} INFO - Processing /home/airflow/.local/lib/python3.12/site-packages/airflow/example_dags/example_sensor_decorator.py took 0.088 seconds
[2024-10-16T12:54:06.383+0000] {processor.py:186} INFO - Started process (PID=524) to work on /home/airflow/.local/lib/python3.12/site-packages/airflow/example_dags/example_sensor_decorator.py
[2024-10-16T12:54:06.384+0000] {processor.py:914} INFO - Processing file /home/airflow/.local/lib/python3.12/site-packages/airflow/example_dags/example_sensor_decorator.py for tasks to queue
[2024-10-16T12:54:06.390+0000] {logging_mixin.py:190} INFO - [2024-10-16T12:54:06.390+0000] {dagbag.py:588} INFO - Filling up the DagBag from /home/airflow/.local/lib/python3.12/site-packages/airflow/example_dags/example_sensor_decorator.py
[2024-10-16T12:54:06.397+0000] {processor.py:925} INFO - DAG(s) 'example_sensor_decorator' retrieved from /home/airflow/.local/lib/python3.12/site-packages/airflow/example_dags/example_sensor_decorator.py
[2024-10-16T12:54:06.413+0000] {logging_mixin.py:190} INFO - [2024-10-16T12:54:06.413+0000] {dag.py:3239} INFO - Sync 1 DAGs
[2024-10-16T12:54:06.433+0000] {logging_mixin.py:190} INFO - [2024-10-16T12:54:06.433+0000] {dag.py:4180} INFO - Setting next_dagrun for example_sensor_decorator to None, run_after=None
[2024-10-16T12:54:06.456+0000] {processor.py:208} INFO - Processing /home/airflow/.local/lib/python3.12/site-packages/airflow/example_dags/example_sensor_decorator.py took 0.078 seconds
[2024-10-16T12:54:38.574+0000] {processor.py:186} INFO - Started process (PID=586) to work on /home/airflow/.local/lib/python3.12/site-packages/airflow/example_dags/example_sensor_decorator.py
[2024-10-16T12:54:38.575+0000] {processor.py:914} INFO - Processing file /home/airflow/.local/lib/python3.12/site-packages/airflow/example_dags/example_sensor_decorator.py for tasks to queue
[2024-10-16T12:54:38.578+0000] {logging_mixin.py:190} INFO - [2024-10-16T12:54:38.578+0000] {dagbag.py:588} INFO - Filling up the DagBag from /home/airflow/.local/lib/python3.12/site-packages/airflow/example_dags/example_sensor_decorator.py
[2024-10-16T12:54:38.589+0000] {processor.py:925} INFO - DAG(s) 'example_sensor_decorator' retrieved from /home/airflow/.local/lib/python3.12/site-packages/airflow/example_dags/example_sensor_decorator.py
[2024-10-16T12:54:38.616+0000] {logging_mixin.py:190} INFO - [2024-10-16T12:54:38.616+0000] {dag.py:3239} INFO - Sync 1 DAGs
[2024-10-16T12:54:38.635+0000] {logging_mixin.py:190} INFO - [2024-10-16T12:54:38.635+0000] {dag.py:4180} INFO - Setting next_dagrun for example_sensor_decorator to None, run_after=None
[2024-10-16T12:54:38.660+0000] {processor.py:208} INFO - Processing /home/airflow/.local/lib/python3.12/site-packages/airflow/example_dags/example_sensor_decorator.py took 0.094 seconds
[2024-10-16T12:55:09.368+0000] {processor.py:186} INFO - Started process (PID=649) to work on /home/airflow/.local/lib/python3.12/site-packages/airflow/example_dags/example_sensor_decorator.py
[2024-10-16T12:55:09.369+0000] {processor.py:914} INFO - Processing file /home/airflow/.local/lib/python3.12/site-packages/airflow/example_dags/example_sensor_decorator.py for tasks to queue
[2024-10-16T12:55:09.372+0000] {logging_mixin.py:190} INFO - [2024-10-16T12:55:09.372+0000] {dagbag.py:588} INFO - Filling up the DagBag from /home/airflow/.local/lib/python3.12/site-packages/airflow/example_dags/example_sensor_decorator.py
[2024-10-16T12:55:09.382+0000] {processor.py:925} INFO - DAG(s) 'example_sensor_decorator' retrieved from /home/airflow/.local/lib/python3.12/site-packages/airflow/example_dags/example_sensor_decorator.py
[2024-10-16T12:55:09.403+0000] {logging_mixin.py:190} INFO - [2024-10-16T12:55:09.402+0000] {dag.py:3239} INFO - Sync 1 DAGs
[2024-10-16T12:55:09.417+0000] {logging_mixin.py:190} INFO - [2024-10-16T12:55:09.417+0000] {dag.py:4180} INFO - Setting next_dagrun for example_sensor_decorator to None, run_after=None
[2024-10-16T12:55:09.445+0000] {processor.py:208} INFO - Processing /home/airflow/.local/lib/python3.12/site-packages/airflow/example_dags/example_sensor_decorator.py took 0.086 seconds
[2024-10-16T12:55:39.923+0000] {processor.py:186} INFO - Started process (PID=711) to work on /home/airflow/.local/lib/python3.12/site-packages/airflow/example_dags/example_sensor_decorator.py
[2024-10-16T12:55:39.923+0000] {processor.py:914} INFO - Processing file /home/airflow/.local/lib/python3.12/site-packages/airflow/example_dags/example_sensor_decorator.py for tasks to queue
[2024-10-16T12:55:39.932+0000] {logging_mixin.py:190} INFO - [2024-10-16T12:55:39.932+0000] {dagbag.py:588} INFO - Filling up the DagBag from /home/airflow/.local/lib/python3.12/site-packages/airflow/example_dags/example_sensor_decorator.py
[2024-10-16T12:55:39.939+0000] {processor.py:925} INFO - DAG(s) 'example_sensor_decorator' retrieved from /home/airflow/.local/lib/python3.12/site-packages/airflow/example_dags/example_sensor_decorator.py
[2024-10-16T12:55:39.958+0000] {logging_mixin.py:190} INFO - [2024-10-16T12:55:39.958+0000] {dag.py:3239} INFO - Sync 1 DAGs
[2024-10-16T12:55:39.972+0000] {logging_mixin.py:190} INFO - [2024-10-16T12:55:39.972+0000] {dag.py:4180} INFO - Setting next_dagrun for example_sensor_decorator to None, run_after=None
[2024-10-16T12:55:39.998+0000] {processor.py:208} INFO - Processing /home/airflow/.local/lib/python3.12/site-packages/airflow/example_dags/example_sensor_decorator.py took 0.081 seconds
[2024-10-16T12:56:10.755+0000] {processor.py:186} INFO - Started process (PID=773) to work on /home/airflow/.local/lib/python3.12/site-packages/airflow/example_dags/example_sensor_decorator.py
[2024-10-16T12:56:10.758+0000] {processor.py:914} INFO - Processing file /home/airflow/.local/lib/python3.12/site-packages/airflow/example_dags/example_sensor_decorator.py for tasks to queue
[2024-10-16T12:56:10.761+0000] {logging_mixin.py:190} INFO - [2024-10-16T12:56:10.760+0000] {dagbag.py:588} INFO - Filling up the DagBag from /home/airflow/.local/lib/python3.12/site-packages/airflow/example_dags/example_sensor_decorator.py
[2024-10-16T12:56:10.772+0000] {processor.py:925} INFO - DAG(s) 'example_sensor_decorator' retrieved from /home/airflow/.local/lib/python3.12/site-packages/airflow/example_dags/example_sensor_decorator.py
[2024-10-16T12:56:10.795+0000] {logging_mixin.py:190} INFO - [2024-10-16T12:56:10.795+0000] {dag.py:3239} INFO - Sync 1 DAGs
[2024-10-16T12:56:10.854+0000] {logging_mixin.py:190} INFO - [2024-10-16T12:56:10.854+0000] {dag.py:4180} INFO - Setting next_dagrun for example_sensor_decorator to None, run_after=None
[2024-10-16T12:56:10.883+0000] {processor.py:208} INFO - Processing /home/airflow/.local/lib/python3.12/site-packages/airflow/example_dags/example_sensor_decorator.py took 0.136 seconds
[2024-10-16T12:56:41.803+0000] {processor.py:186} INFO - Started process (PID=835) to work on /home/airflow/.local/lib/python3.12/site-packages/airflow/example_dags/example_sensor_decorator.py
[2024-10-16T12:56:41.804+0000] {processor.py:914} INFO - Processing file /home/airflow/.local/lib/python3.12/site-packages/airflow/example_dags/example_sensor_decorator.py for tasks to queue
[2024-10-16T12:56:41.807+0000] {logging_mixin.py:190} INFO - [2024-10-16T12:56:41.807+0000] {dagbag.py:588} INFO - Filling up the DagBag from /home/airflow/.local/lib/python3.12/site-packages/airflow/example_dags/example_sensor_decorator.py
[2024-10-16T12:56:41.816+0000] {processor.py:925} INFO - DAG(s) 'example_sensor_decorator' retrieved from /home/airflow/.local/lib/python3.12/site-packages/airflow/example_dags/example_sensor_decorator.py
[2024-10-16T12:56:41.838+0000] {logging_mixin.py:190} INFO - [2024-10-16T12:56:41.838+0000] {dag.py:3239} INFO - Sync 1 DAGs
[2024-10-16T12:56:41.854+0000] {logging_mixin.py:190} INFO - [2024-10-16T12:56:41.854+0000] {dag.py:4180} INFO - Setting next_dagrun for example_sensor_decorator to None, run_after=None
[2024-10-16T12:56:41.885+0000] {processor.py:208} INFO - Processing /home/airflow/.local/lib/python3.12/site-packages/airflow/example_dags/example_sensor_decorator.py took 0.090 seconds
[2024-10-16T12:57:12.449+0000] {processor.py:186} INFO - Started process (PID=897) to work on /home/airflow/.local/lib/python3.12/site-packages/airflow/example_dags/example_sensor_decorator.py
[2024-10-16T12:57:12.450+0000] {processor.py:914} INFO - Processing file /home/airflow/.local/lib/python3.12/site-packages/airflow/example_dags/example_sensor_decorator.py for tasks to queue
[2024-10-16T12:57:12.453+0000] {logging_mixin.py:190} INFO - [2024-10-16T12:57:12.453+0000] {dagbag.py:588} INFO - Filling up the DagBag from /home/airflow/.local/lib/python3.12/site-packages/airflow/example_dags/example_sensor_decorator.py
[2024-10-16T12:57:12.467+0000] {processor.py:925} INFO - DAG(s) 'example_sensor_decorator' retrieved from /home/airflow/.local/lib/python3.12/site-packages/airflow/example_dags/example_sensor_decorator.py
[2024-10-16T12:57:12.556+0000] {logging_mixin.py:190} INFO - [2024-10-16T12:57:12.556+0000] {dag.py:3239} INFO - Sync 1 DAGs
[2024-10-16T12:57:12.573+0000] {logging_mixin.py:190} INFO - [2024-10-16T12:57:12.572+0000] {dag.py:4180} INFO - Setting next_dagrun for example_sensor_decorator to None, run_after=None
[2024-10-16T12:57:12.600+0000] {processor.py:208} INFO - Processing /home/airflow/.local/lib/python3.12/site-packages/airflow/example_dags/example_sensor_decorator.py took 0.158 seconds
[2024-10-16T12:57:43.575+0000] {processor.py:186} INFO - Started process (PID=959) to work on /home/airflow/.local/lib/python3.12/site-packages/airflow/example_dags/example_sensor_decorator.py
[2024-10-16T12:57:43.576+0000] {processor.py:914} INFO - Processing file /home/airflow/.local/lib/python3.12/site-packages/airflow/example_dags/example_sensor_decorator.py for tasks to queue
[2024-10-16T12:57:43.580+0000] {logging_mixin.py:190} INFO - [2024-10-16T12:57:43.580+0000] {dagbag.py:588} INFO - Filling up the DagBag from /home/airflow/.local/lib/python3.12/site-packages/airflow/example_dags/example_sensor_decorator.py
[2024-10-16T12:57:43.592+0000] {processor.py:925} INFO - DAG(s) 'example_sensor_decorator' retrieved from /home/airflow/.local/lib/python3.12/site-packages/airflow/example_dags/example_sensor_decorator.py
[2024-10-16T12:57:43.618+0000] {logging_mixin.py:190} INFO - [2024-10-16T12:57:43.617+0000] {dag.py:3239} INFO - Sync 1 DAGs
[2024-10-16T12:57:43.642+0000] {logging_mixin.py:190} INFO - [2024-10-16T12:57:43.641+0000] {dag.py:4180} INFO - Setting next_dagrun for example_sensor_decorator to None, run_after=None
[2024-10-16T12:57:43.672+0000] {processor.py:208} INFO - Processing /home/airflow/.local/lib/python3.12/site-packages/airflow/example_dags/example_sensor_decorator.py took 0.107 seconds
[2024-10-16T12:58:13.955+0000] {processor.py:186} INFO - Started process (PID=1022) to work on /home/airflow/.local/lib/python3.12/site-packages/airflow/example_dags/example_sensor_decorator.py
[2024-10-16T12:58:13.957+0000] {processor.py:914} INFO - Processing file /home/airflow/.local/lib/python3.12/site-packages/airflow/example_dags/example_sensor_decorator.py for tasks to queue
[2024-10-16T12:58:13.959+0000] {logging_mixin.py:190} INFO - [2024-10-16T12:58:13.959+0000] {dagbag.py:588} INFO - Filling up the DagBag from /home/airflow/.local/lib/python3.12/site-packages/airflow/example_dags/example_sensor_decorator.py
[2024-10-16T12:58:13.971+0000] {processor.py:925} INFO - DAG(s) 'example_sensor_decorator' retrieved from /home/airflow/.local/lib/python3.12/site-packages/airflow/example_dags/example_sensor_decorator.py
[2024-10-16T12:58:13.999+0000] {logging_mixin.py:190} INFO - [2024-10-16T12:58:13.998+0000] {dag.py:3239} INFO - Sync 1 DAGs
[2024-10-16T12:58:14.020+0000] {logging_mixin.py:190} INFO - [2024-10-16T12:58:14.019+0000] {dag.py:4180} INFO - Setting next_dagrun for example_sensor_decorator to None, run_after=None
[2024-10-16T12:58:14.050+0000] {processor.py:208} INFO - Processing /home/airflow/.local/lib/python3.12/site-packages/airflow/example_dags/example_sensor_decorator.py took 0.104 seconds
[2024-10-16T12:58:44.726+0000] {processor.py:186} INFO - Started process (PID=1084) to work on /home/airflow/.local/lib/python3.12/site-packages/airflow/example_dags/example_sensor_decorator.py
[2024-10-16T12:58:44.727+0000] {processor.py:914} INFO - Processing file /home/airflow/.local/lib/python3.12/site-packages/airflow/example_dags/example_sensor_decorator.py for tasks to queue
[2024-10-16T12:58:44.730+0000] {logging_mixin.py:190} INFO - [2024-10-16T12:58:44.730+0000] {dagbag.py:588} INFO - Filling up the DagBag from /home/airflow/.local/lib/python3.12/site-packages/airflow/example_dags/example_sensor_decorator.py
[2024-10-16T12:58:44.740+0000] {processor.py:925} INFO - DAG(s) 'example_sensor_decorator' retrieved from /home/airflow/.local/lib/python3.12/site-packages/airflow/example_dags/example_sensor_decorator.py
[2024-10-16T12:58:44.761+0000] {logging_mixin.py:190} INFO - [2024-10-16T12:58:44.760+0000] {dag.py:3239} INFO - Sync 1 DAGs
[2024-10-16T12:58:44.774+0000] {logging_mixin.py:190} INFO - [2024-10-16T12:58:44.774+0000] {dag.py:4180} INFO - Setting next_dagrun for example_sensor_decorator to None, run_after=None
[2024-10-16T12:58:44.794+0000] {processor.py:208} INFO - Processing /home/airflow/.local/lib/python3.12/site-packages/airflow/example_dags/example_sensor_decorator.py took 0.075 seconds
[2024-10-16T12:59:15.249+0000] {processor.py:186} INFO - Started process (PID=1147) to work on /home/airflow/.local/lib/python3.12/site-packages/airflow/example_dags/example_sensor_decorator.py
[2024-10-16T12:59:15.283+0000] {processor.py:914} INFO - Processing file /home/airflow/.local/lib/python3.12/site-packages/airflow/example_dags/example_sensor_decorator.py for tasks to queue
[2024-10-16T12:59:15.286+0000] {logging_mixin.py:190} INFO - [2024-10-16T12:59:15.285+0000] {dagbag.py:588} INFO - Filling up the DagBag from /home/airflow/.local/lib/python3.12/site-packages/airflow/example_dags/example_sensor_decorator.py
[2024-10-16T12:59:15.295+0000] {processor.py:925} INFO - DAG(s) 'example_sensor_decorator' retrieved from /home/airflow/.local/lib/python3.12/site-packages/airflow/example_dags/example_sensor_decorator.py
[2024-10-16T12:59:15.325+0000] {logging_mixin.py:190} INFO - [2024-10-16T12:59:15.324+0000] {dag.py:3239} INFO - Sync 1 DAGs
[2024-10-16T12:59:15.344+0000] {logging_mixin.py:190} INFO - [2024-10-16T12:59:15.344+0000] {dag.py:4180} INFO - Setting next_dagrun for example_sensor_decorator to None, run_after=None
[2024-10-16T12:59:15.374+0000] {processor.py:208} INFO - Processing /home/airflow/.local/lib/python3.12/site-packages/airflow/example_dags/example_sensor_decorator.py took 0.132 seconds
[2024-10-16T12:59:45.477+0000] {processor.py:186} INFO - Started process (PID=1208) to work on /home/airflow/.local/lib/python3.12/site-packages/airflow/example_dags/example_sensor_decorator.py
[2024-10-16T12:59:45.479+0000] {processor.py:914} INFO - Processing file /home/airflow/.local/lib/python3.12/site-packages/airflow/example_dags/example_sensor_decorator.py for tasks to queue
[2024-10-16T12:59:45.482+0000] {logging_mixin.py:190} INFO - [2024-10-16T12:59:45.482+0000] {dagbag.py:588} INFO - Filling up the DagBag from /home/airflow/.local/lib/python3.12/site-packages/airflow/example_dags/example_sensor_decorator.py
[2024-10-16T12:59:45.494+0000] {processor.py:925} INFO - DAG(s) 'example_sensor_decorator' retrieved from /home/airflow/.local/lib/python3.12/site-packages/airflow/example_dags/example_sensor_decorator.py
[2024-10-16T12:59:45.522+0000] {logging_mixin.py:190} INFO - [2024-10-16T12:59:45.521+0000] {dag.py:3239} INFO - Sync 1 DAGs
[2024-10-16T12:59:45.542+0000] {logging_mixin.py:190} INFO - [2024-10-16T12:59:45.542+0000] {dag.py:4180} INFO - Setting next_dagrun for example_sensor_decorator to None, run_after=None
[2024-10-16T12:59:45.575+0000] {processor.py:208} INFO - Processing /home/airflow/.local/lib/python3.12/site-packages/airflow/example_dags/example_sensor_decorator.py took 0.106 seconds
[2024-10-16T13:00:16.032+0000] {processor.py:186} INFO - Started process (PID=1278) to work on /home/airflow/.local/lib/python3.12/site-packages/airflow/example_dags/example_sensor_decorator.py
[2024-10-16T13:00:16.033+0000] {processor.py:914} INFO - Processing file /home/airflow/.local/lib/python3.12/site-packages/airflow/example_dags/example_sensor_decorator.py for tasks to queue
[2024-10-16T13:00:16.036+0000] {logging_mixin.py:190} INFO - [2024-10-16T13:00:16.036+0000] {dagbag.py:588} INFO - Filling up the DagBag from /home/airflow/.local/lib/python3.12/site-packages/airflow/example_dags/example_sensor_decorator.py
[2024-10-16T13:00:16.044+0000] {processor.py:925} INFO - DAG(s) 'example_sensor_decorator' retrieved from /home/airflow/.local/lib/python3.12/site-packages/airflow/example_dags/example_sensor_decorator.py
[2024-10-16T13:00:16.062+0000] {logging_mixin.py:190} INFO - [2024-10-16T13:00:16.062+0000] {dag.py:3239} INFO - Sync 1 DAGs
[2024-10-16T13:00:16.076+0000] {logging_mixin.py:190} INFO - [2024-10-16T13:00:16.076+0000] {dag.py:4180} INFO - Setting next_dagrun for example_sensor_decorator to None, run_after=None
[2024-10-16T13:00:16.105+0000] {processor.py:208} INFO - Processing /home/airflow/.local/lib/python3.12/site-packages/airflow/example_dags/example_sensor_decorator.py took 0.079 seconds
[2024-10-16T13:00:46.449+0000] {processor.py:186} INFO - Started process (PID=1340) to work on /home/airflow/.local/lib/python3.12/site-packages/airflow/example_dags/example_sensor_decorator.py
[2024-10-16T13:00:46.451+0000] {processor.py:914} INFO - Processing file /home/airflow/.local/lib/python3.12/site-packages/airflow/example_dags/example_sensor_decorator.py for tasks to queue
[2024-10-16T13:00:46.453+0000] {logging_mixin.py:190} INFO - [2024-10-16T13:00:46.453+0000] {dagbag.py:588} INFO - Filling up the DagBag from /home/airflow/.local/lib/python3.12/site-packages/airflow/example_dags/example_sensor_decorator.py
[2024-10-16T13:00:46.462+0000] {processor.py:925} INFO - DAG(s) 'example_sensor_decorator' retrieved from /home/airflow/.local/lib/python3.12/site-packages/airflow/example_dags/example_sensor_decorator.py
[2024-10-16T13:00:46.486+0000] {logging_mixin.py:190} INFO - [2024-10-16T13:00:46.486+0000] {dag.py:3239} INFO - Sync 1 DAGs
[2024-10-16T13:00:46.507+0000] {logging_mixin.py:190} INFO - [2024-10-16T13:00:46.507+0000] {dag.py:4180} INFO - Setting next_dagrun for example_sensor_decorator to None, run_after=None
[2024-10-16T13:00:46.545+0000] {processor.py:208} INFO - Processing /home/airflow/.local/lib/python3.12/site-packages/airflow/example_dags/example_sensor_decorator.py took 0.103 seconds
[2024-10-16T13:01:16.946+0000] {processor.py:186} INFO - Started process (PID=1402) to work on /home/airflow/.local/lib/python3.12/site-packages/airflow/example_dags/example_sensor_decorator.py
[2024-10-16T13:01:16.950+0000] {processor.py:914} INFO - Processing file /home/airflow/.local/lib/python3.12/site-packages/airflow/example_dags/example_sensor_decorator.py for tasks to queue
[2024-10-16T13:01:16.961+0000] {logging_mixin.py:190} INFO - [2024-10-16T13:01:16.959+0000] {dagbag.py:588} INFO - Filling up the DagBag from /home/airflow/.local/lib/python3.12/site-packages/airflow/example_dags/example_sensor_decorator.py
[2024-10-16T13:01:16.970+0000] {processor.py:925} INFO - DAG(s) 'example_sensor_decorator' retrieved from /home/airflow/.local/lib/python3.12/site-packages/airflow/example_dags/example_sensor_decorator.py
[2024-10-16T13:01:16.996+0000] {logging_mixin.py:190} INFO - [2024-10-16T13:01:16.995+0000] {dag.py:3239} INFO - Sync 1 DAGs
[2024-10-16T13:01:17.012+0000] {logging_mixin.py:190} INFO - [2024-10-16T13:01:17.012+0000] {dag.py:4180} INFO - Setting next_dagrun for example_sensor_decorator to None, run_after=None
[2024-10-16T13:01:17.041+0000] {processor.py:208} INFO - Processing /home/airflow/.local/lib/python3.12/site-packages/airflow/example_dags/example_sensor_decorator.py took 0.105 seconds
[2024-10-16T13:01:47.444+0000] {processor.py:186} INFO - Started process (PID=1462) to work on /home/airflow/.local/lib/python3.12/site-packages/airflow/example_dags/example_sensor_decorator.py
[2024-10-16T13:01:47.446+0000] {processor.py:914} INFO - Processing file /home/airflow/.local/lib/python3.12/site-packages/airflow/example_dags/example_sensor_decorator.py for tasks to queue
[2024-10-16T13:01:47.450+0000] {logging_mixin.py:190} INFO - [2024-10-16T13:01:47.449+0000] {dagbag.py:588} INFO - Filling up the DagBag from /home/airflow/.local/lib/python3.12/site-packages/airflow/example_dags/example_sensor_decorator.py
[2024-10-16T13:01:47.456+0000] {processor.py:925} INFO - DAG(s) 'example_sensor_decorator' retrieved from /home/airflow/.local/lib/python3.12/site-packages/airflow/example_dags/example_sensor_decorator.py
[2024-10-16T13:01:47.476+0000] {logging_mixin.py:190} INFO - [2024-10-16T13:01:47.475+0000] {dag.py:3239} INFO - Sync 1 DAGs
[2024-10-16T13:01:47.522+0000] {logging_mixin.py:190} INFO - [2024-10-16T13:01:47.521+0000] {dag.py:4180} INFO - Setting next_dagrun for example_sensor_decorator to None, run_after=None
[2024-10-16T13:01:47.558+0000] {processor.py:208} INFO - Processing /home/airflow/.local/lib/python3.12/site-packages/airflow/example_dags/example_sensor_decorator.py took 0.121 seconds
[2024-10-16T13:02:18.327+0000] {processor.py:186} INFO - Started process (PID=1525) to work on /home/airflow/.local/lib/python3.12/site-packages/airflow/example_dags/example_sensor_decorator.py
[2024-10-16T13:02:18.330+0000] {processor.py:914} INFO - Processing file /home/airflow/.local/lib/python3.12/site-packages/airflow/example_dags/example_sensor_decorator.py for tasks to queue
[2024-10-16T13:02:18.336+0000] {logging_mixin.py:190} INFO - [2024-10-16T13:02:18.335+0000] {dagbag.py:588} INFO - Filling up the DagBag from /home/airflow/.local/lib/python3.12/site-packages/airflow/example_dags/example_sensor_decorator.py
[2024-10-16T13:02:18.349+0000] {processor.py:925} INFO - DAG(s) 'example_sensor_decorator' retrieved from /home/airflow/.local/lib/python3.12/site-packages/airflow/example_dags/example_sensor_decorator.py
[2024-10-16T13:02:18.384+0000] {logging_mixin.py:190} INFO - [2024-10-16T13:02:18.384+0000] {dag.py:3239} INFO - Sync 1 DAGs
[2024-10-16T13:02:18.407+0000] {logging_mixin.py:190} INFO - [2024-10-16T13:02:18.407+0000] {dag.py:4180} INFO - Setting next_dagrun for example_sensor_decorator to None, run_after=None
[2024-10-16T13:02:18.441+0000] {processor.py:208} INFO - Processing /home/airflow/.local/lib/python3.12/site-packages/airflow/example_dags/example_sensor_decorator.py took 0.122 seconds
[2024-10-16T13:02:48.896+0000] {processor.py:186} INFO - Started process (PID=1587) to work on /home/airflow/.local/lib/python3.12/site-packages/airflow/example_dags/example_sensor_decorator.py
[2024-10-16T13:02:48.898+0000] {processor.py:914} INFO - Processing file /home/airflow/.local/lib/python3.12/site-packages/airflow/example_dags/example_sensor_decorator.py for tasks to queue
[2024-10-16T13:02:48.902+0000] {logging_mixin.py:190} INFO - [2024-10-16T13:02:48.901+0000] {dagbag.py:588} INFO - Filling up the DagBag from /home/airflow/.local/lib/python3.12/site-packages/airflow/example_dags/example_sensor_decorator.py
[2024-10-16T13:02:48.912+0000] {processor.py:925} INFO - DAG(s) 'example_sensor_decorator' retrieved from /home/airflow/.local/lib/python3.12/site-packages/airflow/example_dags/example_sensor_decorator.py
[2024-10-16T13:02:48.940+0000] {logging_mixin.py:190} INFO - [2024-10-16T13:02:48.939+0000] {dag.py:3239} INFO - Sync 1 DAGs
[2024-10-16T13:02:48.961+0000] {logging_mixin.py:190} INFO - [2024-10-16T13:02:48.961+0000] {dag.py:4180} INFO - Setting next_dagrun for example_sensor_decorator to None, run_after=None
[2024-10-16T13:02:48.992+0000] {processor.py:208} INFO - Processing /home/airflow/.local/lib/python3.12/site-packages/airflow/example_dags/example_sensor_decorator.py took 0.105 seconds
[2024-10-16T13:03:20.490+0000] {processor.py:186} INFO - Started process (PID=1650) to work on /home/airflow/.local/lib/python3.12/site-packages/airflow/example_dags/example_sensor_decorator.py
[2024-10-16T13:03:20.493+0000] {processor.py:914} INFO - Processing file /home/airflow/.local/lib/python3.12/site-packages/airflow/example_dags/example_sensor_decorator.py for tasks to queue
[2024-10-16T13:03:20.496+0000] {logging_mixin.py:190} INFO - [2024-10-16T13:03:20.496+0000] {dagbag.py:588} INFO - Filling up the DagBag from /home/airflow/.local/lib/python3.12/site-packages/airflow/example_dags/example_sensor_decorator.py
[2024-10-16T13:03:20.505+0000] {processor.py:925} INFO - DAG(s) 'example_sensor_decorator' retrieved from /home/airflow/.local/lib/python3.12/site-packages/airflow/example_dags/example_sensor_decorator.py
[2024-10-16T13:03:20.528+0000] {logging_mixin.py:190} INFO - [2024-10-16T13:03:20.528+0000] {dag.py:3239} INFO - Sync 1 DAGs
[2024-10-16T13:03:20.546+0000] {logging_mixin.py:190} INFO - [2024-10-16T13:03:20.545+0000] {dag.py:4180} INFO - Setting next_dagrun for example_sensor_decorator to None, run_after=None
[2024-10-16T13:03:20.573+0000] {processor.py:208} INFO - Processing /home/airflow/.local/lib/python3.12/site-packages/airflow/example_dags/example_sensor_decorator.py took 0.090 seconds
[2024-10-16T13:03:51.067+0000] {processor.py:186} INFO - Started process (PID=1712) to work on /home/airflow/.local/lib/python3.12/site-packages/airflow/example_dags/example_sensor_decorator.py
[2024-10-16T13:03:51.068+0000] {processor.py:914} INFO - Processing file /home/airflow/.local/lib/python3.12/site-packages/airflow/example_dags/example_sensor_decorator.py for tasks to queue
[2024-10-16T13:03:51.070+0000] {logging_mixin.py:190} INFO - [2024-10-16T13:03:51.070+0000] {dagbag.py:588} INFO - Filling up the DagBag from /home/airflow/.local/lib/python3.12/site-packages/airflow/example_dags/example_sensor_decorator.py
[2024-10-16T13:03:51.080+0000] {processor.py:925} INFO - DAG(s) 'example_sensor_decorator' retrieved from /home/airflow/.local/lib/python3.12/site-packages/airflow/example_dags/example_sensor_decorator.py
[2024-10-16T13:03:51.114+0000] {logging_mixin.py:190} INFO - [2024-10-16T13:03:51.114+0000] {dag.py:3239} INFO - Sync 1 DAGs
[2024-10-16T13:03:51.135+0000] {logging_mixin.py:190} INFO - [2024-10-16T13:03:51.135+0000] {dag.py:4180} INFO - Setting next_dagrun for example_sensor_decorator to None, run_after=None
[2024-10-16T13:03:51.172+0000] {processor.py:208} INFO - Processing /home/airflow/.local/lib/python3.12/site-packages/airflow/example_dags/example_sensor_decorator.py took 0.113 seconds
[2024-10-16T13:04:21.633+0000] {processor.py:186} INFO - Started process (PID=1774) to work on /home/airflow/.local/lib/python3.12/site-packages/airflow/example_dags/example_sensor_decorator.py
[2024-10-16T13:04:21.634+0000] {processor.py:914} INFO - Processing file /home/airflow/.local/lib/python3.12/site-packages/airflow/example_dags/example_sensor_decorator.py for tasks to queue
[2024-10-16T13:04:21.637+0000] {logging_mixin.py:190} INFO - [2024-10-16T13:04:21.637+0000] {dagbag.py:588} INFO - Filling up the DagBag from /home/airflow/.local/lib/python3.12/site-packages/airflow/example_dags/example_sensor_decorator.py
[2024-10-16T13:04:21.647+0000] {processor.py:925} INFO - DAG(s) 'example_sensor_decorator' retrieved from /home/airflow/.local/lib/python3.12/site-packages/airflow/example_dags/example_sensor_decorator.py
[2024-10-16T13:04:21.669+0000] {logging_mixin.py:190} INFO - [2024-10-16T13:04:21.669+0000] {dag.py:3239} INFO - Sync 1 DAGs
[2024-10-16T13:04:21.685+0000] {logging_mixin.py:190} INFO - [2024-10-16T13:04:21.685+0000] {dag.py:4180} INFO - Setting next_dagrun for example_sensor_decorator to None, run_after=None
[2024-10-16T13:04:21.712+0000] {processor.py:208} INFO - Processing /home/airflow/.local/lib/python3.12/site-packages/airflow/example_dags/example_sensor_decorator.py took 0.087 seconds
[2024-10-16T13:08:05.521+0000] {processor.py:186} INFO - Started process (PID=90) to work on /home/airflow/.local/lib/python3.12/site-packages/airflow/example_dags/example_sensor_decorator.py
[2024-10-16T13:08:05.522+0000] {processor.py:914} INFO - Processing file /home/airflow/.local/lib/python3.12/site-packages/airflow/example_dags/example_sensor_decorator.py for tasks to queue
[2024-10-16T13:08:05.527+0000] {logging_mixin.py:190} INFO - [2024-10-16T13:08:05.526+0000] {dagbag.py:588} INFO - Filling up the DagBag from /home/airflow/.local/lib/python3.12/site-packages/airflow/example_dags/example_sensor_decorator.py
[2024-10-16T13:08:05.538+0000] {processor.py:925} INFO - DAG(s) 'example_sensor_decorator' retrieved from /home/airflow/.local/lib/python3.12/site-packages/airflow/example_dags/example_sensor_decorator.py
[2024-10-16T13:08:05.660+0000] {logging_mixin.py:190} INFO - [2024-10-16T13:08:05.659+0000] {override.py:1900} INFO - Created Permission View: can read on DAG:example_sensor_decorator
[2024-10-16T13:08:05.671+0000] {logging_mixin.py:190} INFO - [2024-10-16T13:08:05.671+0000] {override.py:1900} INFO - Created Permission View: can delete on DAG:example_sensor_decorator
[2024-10-16T13:08:05.678+0000] {logging_mixin.py:190} INFO - [2024-10-16T13:08:05.678+0000] {override.py:1900} INFO - Created Permission View: can edit on DAG:example_sensor_decorator
[2024-10-16T13:08:05.685+0000] {logging_mixin.py:190} INFO - [2024-10-16T13:08:05.685+0000] {override.py:1900} INFO - Created Permission View: can create on DAG Run:example_sensor_decorator
[2024-10-16T13:08:05.692+0000] {logging_mixin.py:190} INFO - [2024-10-16T13:08:05.691+0000] {override.py:1900} INFO - Created Permission View: menu access on DAG Run:example_sensor_decorator
[2024-10-16T13:08:05.700+0000] {logging_mixin.py:190} INFO - [2024-10-16T13:08:05.699+0000] {override.py:1900} INFO - Created Permission View: can read on DAG Run:example_sensor_decorator
[2024-10-16T13:08:05.707+0000] {logging_mixin.py:190} INFO - [2024-10-16T13:08:05.706+0000] {override.py:1900} INFO - Created Permission View: can delete on DAG Run:example_sensor_decorator
[2024-10-16T13:08:05.707+0000] {logging_mixin.py:190} INFO - [2024-10-16T13:08:05.707+0000] {dag.py:3239} INFO - Sync 1 DAGs
[2024-10-16T13:08:05.721+0000] {logging_mixin.py:190} INFO - [2024-10-16T13:08:05.720+0000] {dag.py:3262} INFO - Creating ORM DAG for example_sensor_decorator
[2024-10-16T13:08:05.722+0000] {logging_mixin.py:190} INFO - [2024-10-16T13:08:05.722+0000] {dag.py:4180} INFO - Setting next_dagrun for example_sensor_decorator to None, run_after=None
[2024-10-16T13:08:05.748+0000] {processor.py:208} INFO - Processing /home/airflow/.local/lib/python3.12/site-packages/airflow/example_dags/example_sensor_decorator.py took 0.234 seconds
[2024-10-16T13:08:36.147+0000] {processor.py:186} INFO - Started process (PID=153) to work on /home/airflow/.local/lib/python3.12/site-packages/airflow/example_dags/example_sensor_decorator.py
[2024-10-16T13:08:36.148+0000] {processor.py:914} INFO - Processing file /home/airflow/.local/lib/python3.12/site-packages/airflow/example_dags/example_sensor_decorator.py for tasks to queue
[2024-10-16T13:08:36.151+0000] {logging_mixin.py:190} INFO - [2024-10-16T13:08:36.151+0000] {dagbag.py:588} INFO - Filling up the DagBag from /home/airflow/.local/lib/python3.12/site-packages/airflow/example_dags/example_sensor_decorator.py
[2024-10-16T13:08:36.163+0000] {processor.py:925} INFO - DAG(s) 'example_sensor_decorator' retrieved from /home/airflow/.local/lib/python3.12/site-packages/airflow/example_dags/example_sensor_decorator.py
[2024-10-16T13:08:36.194+0000] {logging_mixin.py:190} INFO - [2024-10-16T13:08:36.193+0000] {dag.py:3239} INFO - Sync 1 DAGs
[2024-10-16T13:08:36.211+0000] {logging_mixin.py:190} INFO - [2024-10-16T13:08:36.211+0000] {dag.py:4180} INFO - Setting next_dagrun for example_sensor_decorator to None, run_after=None
[2024-10-16T13:08:36.240+0000] {processor.py:208} INFO - Processing /home/airflow/.local/lib/python3.12/site-packages/airflow/example_dags/example_sensor_decorator.py took 0.101 seconds
[2024-10-16T13:09:06.526+0000] {processor.py:186} INFO - Started process (PID=216) to work on /home/airflow/.local/lib/python3.12/site-packages/airflow/example_dags/example_sensor_decorator.py
[2024-10-16T13:09:06.527+0000] {processor.py:914} INFO - Processing file /home/airflow/.local/lib/python3.12/site-packages/airflow/example_dags/example_sensor_decorator.py for tasks to queue
[2024-10-16T13:09:06.529+0000] {logging_mixin.py:190} INFO - [2024-10-16T13:09:06.529+0000] {dagbag.py:588} INFO - Filling up the DagBag from /home/airflow/.local/lib/python3.12/site-packages/airflow/example_dags/example_sensor_decorator.py
[2024-10-16T13:09:06.537+0000] {processor.py:925} INFO - DAG(s) 'example_sensor_decorator' retrieved from /home/airflow/.local/lib/python3.12/site-packages/airflow/example_dags/example_sensor_decorator.py
[2024-10-16T13:09:06.557+0000] {logging_mixin.py:190} INFO - [2024-10-16T13:09:06.556+0000] {dag.py:3239} INFO - Sync 1 DAGs
[2024-10-16T13:09:06.573+0000] {logging_mixin.py:190} INFO - [2024-10-16T13:09:06.572+0000] {dag.py:4180} INFO - Setting next_dagrun for example_sensor_decorator to None, run_after=None
[2024-10-16T13:09:06.604+0000] {processor.py:208} INFO - Processing /home/airflow/.local/lib/python3.12/site-packages/airflow/example_dags/example_sensor_decorator.py took 0.082 seconds
[2024-10-16T13:09:37.091+0000] {processor.py:186} INFO - Started process (PID=279) to work on /home/airflow/.local/lib/python3.12/site-packages/airflow/example_dags/example_sensor_decorator.py
[2024-10-16T13:09:37.092+0000] {processor.py:914} INFO - Processing file /home/airflow/.local/lib/python3.12/site-packages/airflow/example_dags/example_sensor_decorator.py for tasks to queue
[2024-10-16T13:09:37.094+0000] {logging_mixin.py:190} INFO - [2024-10-16T13:09:37.094+0000] {dagbag.py:588} INFO - Filling up the DagBag from /home/airflow/.local/lib/python3.12/site-packages/airflow/example_dags/example_sensor_decorator.py
[2024-10-16T13:09:37.100+0000] {processor.py:925} INFO - DAG(s) 'example_sensor_decorator' retrieved from /home/airflow/.local/lib/python3.12/site-packages/airflow/example_dags/example_sensor_decorator.py
[2024-10-16T13:09:37.123+0000] {logging_mixin.py:190} INFO - [2024-10-16T13:09:37.122+0000] {dag.py:3239} INFO - Sync 1 DAGs
[2024-10-16T13:09:37.143+0000] {logging_mixin.py:190} INFO - [2024-10-16T13:09:37.142+0000] {dag.py:4180} INFO - Setting next_dagrun for example_sensor_decorator to None, run_after=None
[2024-10-16T13:09:37.168+0000] {processor.py:208} INFO - Processing /home/airflow/.local/lib/python3.12/site-packages/airflow/example_dags/example_sensor_decorator.py took 0.084 seconds
[2024-10-16T13:10:08.007+0000] {processor.py:186} INFO - Started process (PID=342) to work on /home/airflow/.local/lib/python3.12/site-packages/airflow/example_dags/example_sensor_decorator.py
[2024-10-16T13:10:08.008+0000] {processor.py:914} INFO - Processing file /home/airflow/.local/lib/python3.12/site-packages/airflow/example_dags/example_sensor_decorator.py for tasks to queue
[2024-10-16T13:10:08.012+0000] {logging_mixin.py:190} INFO - [2024-10-16T13:10:08.012+0000] {dagbag.py:588} INFO - Filling up the DagBag from /home/airflow/.local/lib/python3.12/site-packages/airflow/example_dags/example_sensor_decorator.py
[2024-10-16T13:10:08.024+0000] {processor.py:925} INFO - DAG(s) 'example_sensor_decorator' retrieved from /home/airflow/.local/lib/python3.12/site-packages/airflow/example_dags/example_sensor_decorator.py
[2024-10-16T13:10:08.048+0000] {logging_mixin.py:190} INFO - [2024-10-16T13:10:08.048+0000] {dag.py:3239} INFO - Sync 1 DAGs
[2024-10-16T13:10:08.069+0000] {logging_mixin.py:190} INFO - [2024-10-16T13:10:08.068+0000] {dag.py:4180} INFO - Setting next_dagrun for example_sensor_decorator to None, run_after=None
[2024-10-16T13:10:08.100+0000] {processor.py:208} INFO - Processing /home/airflow/.local/lib/python3.12/site-packages/airflow/example_dags/example_sensor_decorator.py took 0.103 seconds
[2024-10-16T13:10:38.786+0000] {processor.py:186} INFO - Started process (PID=405) to work on /home/airflow/.local/lib/python3.12/site-packages/airflow/example_dags/example_sensor_decorator.py
[2024-10-16T13:10:38.788+0000] {processor.py:914} INFO - Processing file /home/airflow/.local/lib/python3.12/site-packages/airflow/example_dags/example_sensor_decorator.py for tasks to queue
[2024-10-16T13:10:38.791+0000] {logging_mixin.py:190} INFO - [2024-10-16T13:10:38.790+0000] {dagbag.py:588} INFO - Filling up the DagBag from /home/airflow/.local/lib/python3.12/site-packages/airflow/example_dags/example_sensor_decorator.py
[2024-10-16T13:10:38.797+0000] {processor.py:925} INFO - DAG(s) 'example_sensor_decorator' retrieved from /home/airflow/.local/lib/python3.12/site-packages/airflow/example_dags/example_sensor_decorator.py
[2024-10-16T13:10:38.817+0000] {logging_mixin.py:190} INFO - [2024-10-16T13:10:38.817+0000] {dag.py:3239} INFO - Sync 1 DAGs
[2024-10-16T13:10:38.831+0000] {logging_mixin.py:190} INFO - [2024-10-16T13:10:38.831+0000] {dag.py:4180} INFO - Setting next_dagrun for example_sensor_decorator to None, run_after=None
[2024-10-16T13:10:38.858+0000] {processor.py:208} INFO - Processing /home/airflow/.local/lib/python3.12/site-packages/airflow/example_dags/example_sensor_decorator.py took 0.080 seconds
[2024-10-16T13:11:09.505+0000] {processor.py:186} INFO - Started process (PID=468) to work on /home/airflow/.local/lib/python3.12/site-packages/airflow/example_dags/example_sensor_decorator.py
[2024-10-16T13:11:09.506+0000] {processor.py:914} INFO - Processing file /home/airflow/.local/lib/python3.12/site-packages/airflow/example_dags/example_sensor_decorator.py for tasks to queue
[2024-10-16T13:11:09.510+0000] {logging_mixin.py:190} INFO - [2024-10-16T13:11:09.509+0000] {dagbag.py:588} INFO - Filling up the DagBag from /home/airflow/.local/lib/python3.12/site-packages/airflow/example_dags/example_sensor_decorator.py
[2024-10-16T13:11:09.519+0000] {processor.py:925} INFO - DAG(s) 'example_sensor_decorator' retrieved from /home/airflow/.local/lib/python3.12/site-packages/airflow/example_dags/example_sensor_decorator.py
[2024-10-16T13:11:09.545+0000] {logging_mixin.py:190} INFO - [2024-10-16T13:11:09.545+0000] {dag.py:3239} INFO - Sync 1 DAGs
[2024-10-16T13:11:09.560+0000] {logging_mixin.py:190} INFO - [2024-10-16T13:11:09.560+0000] {dag.py:4180} INFO - Setting next_dagrun for example_sensor_decorator to None, run_after=None
[2024-10-16T13:11:09.593+0000] {processor.py:208} INFO - Processing /home/airflow/.local/lib/python3.12/site-packages/airflow/example_dags/example_sensor_decorator.py took 0.095 seconds
[2024-10-16T13:12:45.597+0000] {processor.py:186} INFO - Started process (PID=89) to work on /home/airflow/.local/lib/python3.12/site-packages/airflow/example_dags/example_sensor_decorator.py
[2024-10-16T13:12:45.598+0000] {processor.py:914} INFO - Processing file /home/airflow/.local/lib/python3.12/site-packages/airflow/example_dags/example_sensor_decorator.py for tasks to queue
[2024-10-16T13:12:45.601+0000] {logging_mixin.py:190} INFO - [2024-10-16T13:12:45.601+0000] {dagbag.py:588} INFO - Filling up the DagBag from /home/airflow/.local/lib/python3.12/site-packages/airflow/example_dags/example_sensor_decorator.py
[2024-10-16T13:12:45.609+0000] {processor.py:925} INFO - DAG(s) 'example_sensor_decorator' retrieved from /home/airflow/.local/lib/python3.12/site-packages/airflow/example_dags/example_sensor_decorator.py
[2024-10-16T13:12:45.716+0000] {logging_mixin.py:190} INFO - [2024-10-16T13:12:45.715+0000] {override.py:1900} INFO - Created Permission View: can read on DAG:example_sensor_decorator
[2024-10-16T13:12:45.727+0000] {logging_mixin.py:190} INFO - [2024-10-16T13:12:45.726+0000] {override.py:1900} INFO - Created Permission View: can edit on DAG:example_sensor_decorator
[2024-10-16T13:12:45.735+0000] {logging_mixin.py:190} INFO - [2024-10-16T13:12:45.735+0000] {override.py:1900} INFO - Created Permission View: can delete on DAG:example_sensor_decorator
[2024-10-16T13:12:45.745+0000] {logging_mixin.py:190} INFO - [2024-10-16T13:12:45.744+0000] {override.py:1900} INFO - Created Permission View: can read on DAG Run:example_sensor_decorator
[2024-10-16T13:12:45.752+0000] {logging_mixin.py:190} INFO - [2024-10-16T13:12:45.752+0000] {override.py:1900} INFO - Created Permission View: menu access on DAG Run:example_sensor_decorator
[2024-10-16T13:12:45.760+0000] {logging_mixin.py:190} INFO - [2024-10-16T13:12:45.759+0000] {override.py:1900} INFO - Created Permission View: can delete on DAG Run:example_sensor_decorator
[2024-10-16T13:12:45.768+0000] {logging_mixin.py:190} INFO - [2024-10-16T13:12:45.767+0000] {override.py:1900} INFO - Created Permission View: can create on DAG Run:example_sensor_decorator
[2024-10-16T13:12:45.770+0000] {logging_mixin.py:190} INFO - [2024-10-16T13:12:45.770+0000] {dag.py:3239} INFO - Sync 1 DAGs
[2024-10-16T13:12:45.794+0000] {logging_mixin.py:190} INFO - [2024-10-16T13:12:45.793+0000] {dag.py:3262} INFO - Creating ORM DAG for example_sensor_decorator
[2024-10-16T13:12:45.795+0000] {logging_mixin.py:190} INFO - [2024-10-16T13:12:45.795+0000] {dag.py:4180} INFO - Setting next_dagrun for example_sensor_decorator to None, run_after=None
[2024-10-16T13:12:45.817+0000] {processor.py:208} INFO - Processing /home/airflow/.local/lib/python3.12/site-packages/airflow/example_dags/example_sensor_decorator.py took 0.227 seconds
[2024-10-16T13:13:16.330+0000] {processor.py:186} INFO - Started process (PID=152) to work on /home/airflow/.local/lib/python3.12/site-packages/airflow/example_dags/example_sensor_decorator.py
[2024-10-16T13:13:16.332+0000] {processor.py:914} INFO - Processing file /home/airflow/.local/lib/python3.12/site-packages/airflow/example_dags/example_sensor_decorator.py for tasks to queue
[2024-10-16T13:13:16.335+0000] {logging_mixin.py:190} INFO - [2024-10-16T13:13:16.335+0000] {dagbag.py:588} INFO - Filling up the DagBag from /home/airflow/.local/lib/python3.12/site-packages/airflow/example_dags/example_sensor_decorator.py
[2024-10-16T13:13:16.342+0000] {processor.py:925} INFO - DAG(s) 'example_sensor_decorator' retrieved from /home/airflow/.local/lib/python3.12/site-packages/airflow/example_dags/example_sensor_decorator.py
[2024-10-16T13:13:16.365+0000] {logging_mixin.py:190} INFO - [2024-10-16T13:13:16.365+0000] {dag.py:3239} INFO - Sync 1 DAGs
[2024-10-16T13:13:16.378+0000] {logging_mixin.py:190} INFO - [2024-10-16T13:13:16.378+0000] {dag.py:4180} INFO - Setting next_dagrun for example_sensor_decorator to None, run_after=None
[2024-10-16T13:13:16.402+0000] {processor.py:208} INFO - Processing /home/airflow/.local/lib/python3.12/site-packages/airflow/example_dags/example_sensor_decorator.py took 0.078 seconds
[2024-10-16T13:14:46.194+0000] {processor.py:186} INFO - Started process (PID=91) to work on /home/airflow/.local/lib/python3.12/site-packages/airflow/example_dags/example_sensor_decorator.py
[2024-10-16T13:14:46.195+0000] {processor.py:914} INFO - Processing file /home/airflow/.local/lib/python3.12/site-packages/airflow/example_dags/example_sensor_decorator.py for tasks to queue
[2024-10-16T13:14:46.198+0000] {logging_mixin.py:190} INFO - [2024-10-16T13:14:46.198+0000] {dagbag.py:588} INFO - Filling up the DagBag from /home/airflow/.local/lib/python3.12/site-packages/airflow/example_dags/example_sensor_decorator.py
[2024-10-16T13:14:46.207+0000] {processor.py:925} INFO - DAG(s) 'example_sensor_decorator' retrieved from /home/airflow/.local/lib/python3.12/site-packages/airflow/example_dags/example_sensor_decorator.py
[2024-10-16T13:14:46.314+0000] {logging_mixin.py:190} INFO - [2024-10-16T13:14:46.313+0000] {override.py:1900} INFO - Created Permission View: can read on DAG:example_sensor_decorator
[2024-10-16T13:14:46.326+0000] {logging_mixin.py:190} INFO - [2024-10-16T13:14:46.325+0000] {override.py:1900} INFO - Created Permission View: can delete on DAG:example_sensor_decorator
[2024-10-16T13:14:46.333+0000] {logging_mixin.py:190} INFO - [2024-10-16T13:14:46.333+0000] {override.py:1900} INFO - Created Permission View: can edit on DAG:example_sensor_decorator
[2024-10-16T13:14:46.342+0000] {logging_mixin.py:190} INFO - [2024-10-16T13:14:46.342+0000] {override.py:1900} INFO - Created Permission View: can read on DAG Run:example_sensor_decorator
[2024-10-16T13:14:46.351+0000] {logging_mixin.py:190} INFO - [2024-10-16T13:14:46.350+0000] {override.py:1900} INFO - Created Permission View: can create on DAG Run:example_sensor_decorator
[2024-10-16T13:14:46.357+0000] {logging_mixin.py:190} INFO - [2024-10-16T13:14:46.357+0000] {override.py:1900} INFO - Created Permission View: can delete on DAG Run:example_sensor_decorator
[2024-10-16T13:14:46.365+0000] {logging_mixin.py:190} INFO - [2024-10-16T13:14:46.365+0000] {override.py:1900} INFO - Created Permission View: menu access on DAG Run:example_sensor_decorator
[2024-10-16T13:14:46.366+0000] {logging_mixin.py:190} INFO - [2024-10-16T13:14:46.366+0000] {dag.py:3239} INFO - Sync 1 DAGs
[2024-10-16T13:14:46.382+0000] {logging_mixin.py:190} INFO - [2024-10-16T13:14:46.381+0000] {dag.py:3262} INFO - Creating ORM DAG for example_sensor_decorator
[2024-10-16T13:14:46.383+0000] {logging_mixin.py:190} INFO - [2024-10-16T13:14:46.383+0000] {dag.py:4180} INFO - Setting next_dagrun for example_sensor_decorator to None, run_after=None
[2024-10-16T13:14:46.415+0000] {processor.py:208} INFO - Processing /home/airflow/.local/lib/python3.12/site-packages/airflow/example_dags/example_sensor_decorator.py took 0.228 seconds
[2024-10-16T13:16:16.183+0000] {processor.py:186} INFO - Started process (PID=90) to work on /home/airflow/.local/lib/python3.12/site-packages/airflow/example_dags/example_sensor_decorator.py
[2024-10-16T13:16:16.184+0000] {processor.py:914} INFO - Processing file /home/airflow/.local/lib/python3.12/site-packages/airflow/example_dags/example_sensor_decorator.py for tasks to queue
[2024-10-16T13:16:16.188+0000] {logging_mixin.py:190} INFO - [2024-10-16T13:16:16.187+0000] {dagbag.py:588} INFO - Filling up the DagBag from /home/airflow/.local/lib/python3.12/site-packages/airflow/example_dags/example_sensor_decorator.py
[2024-10-16T13:16:16.199+0000] {processor.py:925} INFO - DAG(s) 'example_sensor_decorator' retrieved from /home/airflow/.local/lib/python3.12/site-packages/airflow/example_dags/example_sensor_decorator.py
[2024-10-16T13:16:16.352+0000] {logging_mixin.py:190} INFO - [2024-10-16T13:16:16.351+0000] {override.py:1900} INFO - Created Permission View: can edit on DAG:example_sensor_decorator
[2024-10-16T13:16:16.362+0000] {logging_mixin.py:190} INFO - [2024-10-16T13:16:16.362+0000] {override.py:1900} INFO - Created Permission View: can read on DAG:example_sensor_decorator
[2024-10-16T13:16:16.370+0000] {logging_mixin.py:190} INFO - [2024-10-16T13:16:16.370+0000] {override.py:1900} INFO - Created Permission View: can delete on DAG:example_sensor_decorator
[2024-10-16T13:16:16.379+0000] {logging_mixin.py:190} INFO - [2024-10-16T13:16:16.378+0000] {override.py:1900} INFO - Created Permission View: menu access on DAG Run:example_sensor_decorator
[2024-10-16T13:16:16.386+0000] {logging_mixin.py:190} INFO - [2024-10-16T13:16:16.386+0000] {override.py:1900} INFO - Created Permission View: can read on DAG Run:example_sensor_decorator
[2024-10-16T13:16:16.394+0000] {logging_mixin.py:190} INFO - [2024-10-16T13:16:16.393+0000] {override.py:1900} INFO - Created Permission View: can create on DAG Run:example_sensor_decorator
[2024-10-16T13:16:16.401+0000] {logging_mixin.py:190} INFO - [2024-10-16T13:16:16.400+0000] {override.py:1900} INFO - Created Permission View: can delete on DAG Run:example_sensor_decorator
[2024-10-16T13:16:16.401+0000] {logging_mixin.py:190} INFO - [2024-10-16T13:16:16.401+0000] {dag.py:3239} INFO - Sync 1 DAGs
[2024-10-16T13:16:16.415+0000] {logging_mixin.py:190} INFO - [2024-10-16T13:16:16.415+0000] {dag.py:3262} INFO - Creating ORM DAG for example_sensor_decorator
[2024-10-16T13:16:16.417+0000] {logging_mixin.py:190} INFO - [2024-10-16T13:16:16.416+0000] {dag.py:4180} INFO - Setting next_dagrun for example_sensor_decorator to None, run_after=None
[2024-10-16T13:16:16.439+0000] {processor.py:208} INFO - Processing /home/airflow/.local/lib/python3.12/site-packages/airflow/example_dags/example_sensor_decorator.py took 0.262 seconds
[2024-10-16T13:16:46.593+0000] {processor.py:186} INFO - Started process (PID=153) to work on /home/airflow/.local/lib/python3.12/site-packages/airflow/example_dags/example_sensor_decorator.py
[2024-10-16T13:16:46.594+0000] {processor.py:914} INFO - Processing file /home/airflow/.local/lib/python3.12/site-packages/airflow/example_dags/example_sensor_decorator.py for tasks to queue
[2024-10-16T13:16:46.596+0000] {logging_mixin.py:190} INFO - [2024-10-16T13:16:46.595+0000] {dagbag.py:588} INFO - Filling up the DagBag from /home/airflow/.local/lib/python3.12/site-packages/airflow/example_dags/example_sensor_decorator.py
[2024-10-16T13:16:46.603+0000] {processor.py:925} INFO - DAG(s) 'example_sensor_decorator' retrieved from /home/airflow/.local/lib/python3.12/site-packages/airflow/example_dags/example_sensor_decorator.py
[2024-10-16T13:16:46.622+0000] {logging_mixin.py:190} INFO - [2024-10-16T13:16:46.622+0000] {dag.py:3239} INFO - Sync 1 DAGs
[2024-10-16T13:16:46.633+0000] {logging_mixin.py:190} INFO - [2024-10-16T13:16:46.633+0000] {dag.py:4180} INFO - Setting next_dagrun for example_sensor_decorator to None, run_after=None
[2024-10-16T13:16:46.650+0000] {processor.py:208} INFO - Processing /home/airflow/.local/lib/python3.12/site-packages/airflow/example_dags/example_sensor_decorator.py took 0.064 seconds
[2024-10-16T13:17:17.488+0000] {processor.py:186} INFO - Started process (PID=216) to work on /home/airflow/.local/lib/python3.12/site-packages/airflow/example_dags/example_sensor_decorator.py
[2024-10-16T13:17:17.489+0000] {processor.py:914} INFO - Processing file /home/airflow/.local/lib/python3.12/site-packages/airflow/example_dags/example_sensor_decorator.py for tasks to queue
[2024-10-16T13:17:17.496+0000] {logging_mixin.py:190} INFO - [2024-10-16T13:17:17.495+0000] {dagbag.py:588} INFO - Filling up the DagBag from /home/airflow/.local/lib/python3.12/site-packages/airflow/example_dags/example_sensor_decorator.py
[2024-10-16T13:17:17.509+0000] {processor.py:925} INFO - DAG(s) 'example_sensor_decorator' retrieved from /home/airflow/.local/lib/python3.12/site-packages/airflow/example_dags/example_sensor_decorator.py
[2024-10-16T13:17:17.549+0000] {logging_mixin.py:190} INFO - [2024-10-16T13:17:17.549+0000] {dag.py:3239} INFO - Sync 1 DAGs
[2024-10-16T13:17:17.565+0000] {logging_mixin.py:190} INFO - [2024-10-16T13:17:17.565+0000] {dag.py:4180} INFO - Setting next_dagrun for example_sensor_decorator to None, run_after=None
[2024-10-16T13:17:17.587+0000] {processor.py:208} INFO - Processing /home/airflow/.local/lib/python3.12/site-packages/airflow/example_dags/example_sensor_decorator.py took 0.107 seconds
[2024-10-16T13:17:47.971+0000] {processor.py:186} INFO - Started process (PID=279) to work on /home/airflow/.local/lib/python3.12/site-packages/airflow/example_dags/example_sensor_decorator.py
[2024-10-16T13:17:47.972+0000] {processor.py:914} INFO - Processing file /home/airflow/.local/lib/python3.12/site-packages/airflow/example_dags/example_sensor_decorator.py for tasks to queue
[2024-10-16T13:17:47.978+0000] {logging_mixin.py:190} INFO - [2024-10-16T13:17:47.977+0000] {dagbag.py:588} INFO - Filling up the DagBag from /home/airflow/.local/lib/python3.12/site-packages/airflow/example_dags/example_sensor_decorator.py
[2024-10-16T13:17:47.987+0000] {processor.py:925} INFO - DAG(s) 'example_sensor_decorator' retrieved from /home/airflow/.local/lib/python3.12/site-packages/airflow/example_dags/example_sensor_decorator.py
[2024-10-16T13:17:48.014+0000] {logging_mixin.py:190} INFO - [2024-10-16T13:17:48.013+0000] {dag.py:3239} INFO - Sync 1 DAGs
[2024-10-16T13:17:48.031+0000] {logging_mixin.py:190} INFO - [2024-10-16T13:17:48.031+0000] {dag.py:4180} INFO - Setting next_dagrun for example_sensor_decorator to None, run_after=None
[2024-10-16T13:17:48.060+0000] {processor.py:208} INFO - Processing /home/airflow/.local/lib/python3.12/site-packages/airflow/example_dags/example_sensor_decorator.py took 0.096 seconds
[2024-10-16T13:18:18.512+0000] {processor.py:186} INFO - Started process (PID=342) to work on /home/airflow/.local/lib/python3.12/site-packages/airflow/example_dags/example_sensor_decorator.py
[2024-10-16T13:18:18.525+0000] {processor.py:914} INFO - Processing file /home/airflow/.local/lib/python3.12/site-packages/airflow/example_dags/example_sensor_decorator.py for tasks to queue
[2024-10-16T13:18:18.529+0000] {logging_mixin.py:190} INFO - [2024-10-16T13:18:18.528+0000] {dagbag.py:588} INFO - Filling up the DagBag from /home/airflow/.local/lib/python3.12/site-packages/airflow/example_dags/example_sensor_decorator.py
[2024-10-16T13:18:18.539+0000] {processor.py:925} INFO - DAG(s) 'example_sensor_decorator' retrieved from /home/airflow/.local/lib/python3.12/site-packages/airflow/example_dags/example_sensor_decorator.py
[2024-10-16T13:18:18.557+0000] {logging_mixin.py:190} INFO - [2024-10-16T13:18:18.557+0000] {dag.py:3239} INFO - Sync 1 DAGs
[2024-10-16T13:18:18.583+0000] {logging_mixin.py:190} INFO - [2024-10-16T13:18:18.582+0000] {dag.py:4180} INFO - Setting next_dagrun for example_sensor_decorator to None, run_after=None
[2024-10-16T13:18:18.614+0000] {processor.py:208} INFO - Processing /home/airflow/.local/lib/python3.12/site-packages/airflow/example_dags/example_sensor_decorator.py took 0.108 seconds
[2024-10-16T13:18:49.243+0000] {processor.py:186} INFO - Started process (PID=405) to work on /home/airflow/.local/lib/python3.12/site-packages/airflow/example_dags/example_sensor_decorator.py
[2024-10-16T13:18:49.244+0000] {processor.py:914} INFO - Processing file /home/airflow/.local/lib/python3.12/site-packages/airflow/example_dags/example_sensor_decorator.py for tasks to queue
[2024-10-16T13:18:49.246+0000] {logging_mixin.py:190} INFO - [2024-10-16T13:18:49.246+0000] {dagbag.py:588} INFO - Filling up the DagBag from /home/airflow/.local/lib/python3.12/site-packages/airflow/example_dags/example_sensor_decorator.py
[2024-10-16T13:18:49.256+0000] {processor.py:925} INFO - DAG(s) 'example_sensor_decorator' retrieved from /home/airflow/.local/lib/python3.12/site-packages/airflow/example_dags/example_sensor_decorator.py
[2024-10-16T13:18:49.275+0000] {logging_mixin.py:190} INFO - [2024-10-16T13:18:49.275+0000] {dag.py:3239} INFO - Sync 1 DAGs
[2024-10-16T13:18:49.289+0000] {logging_mixin.py:190} INFO - [2024-10-16T13:18:49.289+0000] {dag.py:4180} INFO - Setting next_dagrun for example_sensor_decorator to None, run_after=None
[2024-10-16T13:18:49.318+0000] {processor.py:208} INFO - Processing /home/airflow/.local/lib/python3.12/site-packages/airflow/example_dags/example_sensor_decorator.py took 0.079 seconds
[2024-10-16T13:19:20.055+0000] {processor.py:186} INFO - Started process (PID=468) to work on /home/airflow/.local/lib/python3.12/site-packages/airflow/example_dags/example_sensor_decorator.py
[2024-10-16T13:19:20.056+0000] {processor.py:914} INFO - Processing file /home/airflow/.local/lib/python3.12/site-packages/airflow/example_dags/example_sensor_decorator.py for tasks to queue
[2024-10-16T13:19:20.058+0000] {logging_mixin.py:190} INFO - [2024-10-16T13:19:20.057+0000] {dagbag.py:588} INFO - Filling up the DagBag from /home/airflow/.local/lib/python3.12/site-packages/airflow/example_dags/example_sensor_decorator.py
[2024-10-16T13:19:20.063+0000] {processor.py:925} INFO - DAG(s) 'example_sensor_decorator' retrieved from /home/airflow/.local/lib/python3.12/site-packages/airflow/example_dags/example_sensor_decorator.py
[2024-10-16T13:19:20.083+0000] {logging_mixin.py:190} INFO - [2024-10-16T13:19:20.083+0000] {dag.py:3239} INFO - Sync 1 DAGs
[2024-10-16T13:19:20.095+0000] {logging_mixin.py:190} INFO - [2024-10-16T13:19:20.095+0000] {dag.py:4180} INFO - Setting next_dagrun for example_sensor_decorator to None, run_after=None
[2024-10-16T13:19:20.124+0000] {processor.py:208} INFO - Processing /home/airflow/.local/lib/python3.12/site-packages/airflow/example_dags/example_sensor_decorator.py took 0.075 seconds
[2024-10-16T13:19:50.415+0000] {processor.py:186} INFO - Started process (PID=531) to work on /home/airflow/.local/lib/python3.12/site-packages/airflow/example_dags/example_sensor_decorator.py
[2024-10-16T13:19:50.421+0000] {processor.py:914} INFO - Processing file /home/airflow/.local/lib/python3.12/site-packages/airflow/example_dags/example_sensor_decorator.py for tasks to queue
[2024-10-16T13:19:50.424+0000] {logging_mixin.py:190} INFO - [2024-10-16T13:19:50.424+0000] {dagbag.py:588} INFO - Filling up the DagBag from /home/airflow/.local/lib/python3.12/site-packages/airflow/example_dags/example_sensor_decorator.py
[2024-10-16T13:19:50.435+0000] {processor.py:925} INFO - DAG(s) 'example_sensor_decorator' retrieved from /home/airflow/.local/lib/python3.12/site-packages/airflow/example_dags/example_sensor_decorator.py
[2024-10-16T13:19:50.465+0000] {logging_mixin.py:190} INFO - [2024-10-16T13:19:50.465+0000] {dag.py:3239} INFO - Sync 1 DAGs
[2024-10-16T13:19:50.486+0000] {logging_mixin.py:190} INFO - [2024-10-16T13:19:50.486+0000] {dag.py:4180} INFO - Setting next_dagrun for example_sensor_decorator to None, run_after=None
[2024-10-16T13:19:50.520+0000] {processor.py:208} INFO - Processing /home/airflow/.local/lib/python3.12/site-packages/airflow/example_dags/example_sensor_decorator.py took 0.113 seconds
[2024-10-16T13:20:21.241+0000] {processor.py:186} INFO - Started process (PID=594) to work on /home/airflow/.local/lib/python3.12/site-packages/airflow/example_dags/example_sensor_decorator.py
[2024-10-16T13:20:21.242+0000] {processor.py:914} INFO - Processing file /home/airflow/.local/lib/python3.12/site-packages/airflow/example_dags/example_sensor_decorator.py for tasks to queue
[2024-10-16T13:20:21.245+0000] {logging_mixin.py:190} INFO - [2024-10-16T13:20:21.244+0000] {dagbag.py:588} INFO - Filling up the DagBag from /home/airflow/.local/lib/python3.12/site-packages/airflow/example_dags/example_sensor_decorator.py
[2024-10-16T13:20:21.252+0000] {processor.py:925} INFO - DAG(s) 'example_sensor_decorator' retrieved from /home/airflow/.local/lib/python3.12/site-packages/airflow/example_dags/example_sensor_decorator.py
[2024-10-16T13:20:21.275+0000] {logging_mixin.py:190} INFO - [2024-10-16T13:20:21.274+0000] {dag.py:3239} INFO - Sync 1 DAGs
[2024-10-16T13:20:21.290+0000] {logging_mixin.py:190} INFO - [2024-10-16T13:20:21.289+0000] {dag.py:4180} INFO - Setting next_dagrun for example_sensor_decorator to None, run_after=None
[2024-10-16T13:20:21.307+0000] {processor.py:208} INFO - Processing /home/airflow/.local/lib/python3.12/site-packages/airflow/example_dags/example_sensor_decorator.py took 0.071 seconds
[2024-10-16T13:22:02.028+0000] {processor.py:186} INFO - Started process (PID=89) to work on /home/airflow/.local/lib/python3.12/site-packages/airflow/example_dags/example_sensor_decorator.py
[2024-10-16T13:22:02.030+0000] {processor.py:914} INFO - Processing file /home/airflow/.local/lib/python3.12/site-packages/airflow/example_dags/example_sensor_decorator.py for tasks to queue
[2024-10-16T13:22:02.033+0000] {logging_mixin.py:190} INFO - [2024-10-16T13:22:02.032+0000] {dagbag.py:588} INFO - Filling up the DagBag from /home/airflow/.local/lib/python3.12/site-packages/airflow/example_dags/example_sensor_decorator.py
[2024-10-16T13:22:02.043+0000] {processor.py:925} INFO - DAG(s) 'example_sensor_decorator' retrieved from /home/airflow/.local/lib/python3.12/site-packages/airflow/example_dags/example_sensor_decorator.py
[2024-10-16T13:22:02.210+0000] {logging_mixin.py:190} INFO - [2024-10-16T13:22:02.210+0000] {override.py:1900} INFO - Created Permission View: can edit on DAG:example_sensor_decorator
[2024-10-16T13:22:02.220+0000] {logging_mixin.py:190} INFO - [2024-10-16T13:22:02.220+0000] {override.py:1900} INFO - Created Permission View: can read on DAG:example_sensor_decorator
[2024-10-16T13:22:02.227+0000] {logging_mixin.py:190} INFO - [2024-10-16T13:22:02.226+0000] {override.py:1900} INFO - Created Permission View: can delete on DAG:example_sensor_decorator
[2024-10-16T13:22:02.236+0000] {logging_mixin.py:190} INFO - [2024-10-16T13:22:02.236+0000] {override.py:1900} INFO - Created Permission View: can delete on DAG Run:example_sensor_decorator
[2024-10-16T13:22:02.244+0000] {logging_mixin.py:190} INFO - [2024-10-16T13:22:02.243+0000] {override.py:1900} INFO - Created Permission View: can read on DAG Run:example_sensor_decorator
[2024-10-16T13:22:02.252+0000] {logging_mixin.py:190} INFO - [2024-10-16T13:22:02.252+0000] {override.py:1900} INFO - Created Permission View: menu access on DAG Run:example_sensor_decorator
[2024-10-16T13:22:02.260+0000] {logging_mixin.py:190} INFO - [2024-10-16T13:22:02.259+0000] {override.py:1900} INFO - Created Permission View: can create on DAG Run:example_sensor_decorator
[2024-10-16T13:22:02.261+0000] {logging_mixin.py:190} INFO - [2024-10-16T13:22:02.260+0000] {dag.py:3239} INFO - Sync 1 DAGs
[2024-10-16T13:22:02.278+0000] {logging_mixin.py:190} INFO - [2024-10-16T13:22:02.277+0000] {dag.py:3262} INFO - Creating ORM DAG for example_sensor_decorator
[2024-10-16T13:22:02.280+0000] {logging_mixin.py:190} INFO - [2024-10-16T13:22:02.280+0000] {dag.py:4180} INFO - Setting next_dagrun for example_sensor_decorator to None, run_after=None
[2024-10-16T13:22:02.301+0000] {processor.py:208} INFO - Processing /home/airflow/.local/lib/python3.12/site-packages/airflow/example_dags/example_sensor_decorator.py took 0.280 seconds
[2024-10-16T13:22:32.879+0000] {processor.py:186} INFO - Started process (PID=152) to work on /home/airflow/.local/lib/python3.12/site-packages/airflow/example_dags/example_sensor_decorator.py
[2024-10-16T13:22:32.881+0000] {processor.py:914} INFO - Processing file /home/airflow/.local/lib/python3.12/site-packages/airflow/example_dags/example_sensor_decorator.py for tasks to queue
[2024-10-16T13:22:32.883+0000] {logging_mixin.py:190} INFO - [2024-10-16T13:22:32.883+0000] {dagbag.py:588} INFO - Filling up the DagBag from /home/airflow/.local/lib/python3.12/site-packages/airflow/example_dags/example_sensor_decorator.py
[2024-10-16T13:22:32.891+0000] {processor.py:925} INFO - DAG(s) 'example_sensor_decorator' retrieved from /home/airflow/.local/lib/python3.12/site-packages/airflow/example_dags/example_sensor_decorator.py
[2024-10-16T13:22:32.914+0000] {logging_mixin.py:190} INFO - [2024-10-16T13:22:32.914+0000] {dag.py:3239} INFO - Sync 1 DAGs
[2024-10-16T13:22:32.930+0000] {logging_mixin.py:190} INFO - [2024-10-16T13:22:32.930+0000] {dag.py:4180} INFO - Setting next_dagrun for example_sensor_decorator to None, run_after=None
[2024-10-16T13:22:32.954+0000] {processor.py:208} INFO - Processing /home/airflow/.local/lib/python3.12/site-packages/airflow/example_dags/example_sensor_decorator.py took 0.081 seconds
[2024-10-16T13:23:03.591+0000] {processor.py:186} INFO - Started process (PID=215) to work on /home/airflow/.local/lib/python3.12/site-packages/airflow/example_dags/example_sensor_decorator.py
[2024-10-16T13:23:03.592+0000] {processor.py:914} INFO - Processing file /home/airflow/.local/lib/python3.12/site-packages/airflow/example_dags/example_sensor_decorator.py for tasks to queue
[2024-10-16T13:23:03.594+0000] {logging_mixin.py:190} INFO - [2024-10-16T13:23:03.594+0000] {dagbag.py:588} INFO - Filling up the DagBag from /home/airflow/.local/lib/python3.12/site-packages/airflow/example_dags/example_sensor_decorator.py
[2024-10-16T13:23:03.602+0000] {processor.py:925} INFO - DAG(s) 'example_sensor_decorator' retrieved from /home/airflow/.local/lib/python3.12/site-packages/airflow/example_dags/example_sensor_decorator.py
[2024-10-16T13:23:03.619+0000] {logging_mixin.py:190} INFO - [2024-10-16T13:23:03.619+0000] {dag.py:3239} INFO - Sync 1 DAGs
[2024-10-16T13:23:03.640+0000] {logging_mixin.py:190} INFO - [2024-10-16T13:23:03.640+0000] {dag.py:4180} INFO - Setting next_dagrun for example_sensor_decorator to None, run_after=None
[2024-10-16T13:23:03.678+0000] {processor.py:208} INFO - Processing /home/airflow/.local/lib/python3.12/site-packages/airflow/example_dags/example_sensor_decorator.py took 0.091 seconds
[2024-10-16T13:23:35.038+0000] {processor.py:186} INFO - Started process (PID=278) to work on /home/airflow/.local/lib/python3.12/site-packages/airflow/example_dags/example_sensor_decorator.py
[2024-10-16T13:23:35.045+0000] {processor.py:914} INFO - Processing file /home/airflow/.local/lib/python3.12/site-packages/airflow/example_dags/example_sensor_decorator.py for tasks to queue
[2024-10-16T13:23:35.051+0000] {logging_mixin.py:190} INFO - [2024-10-16T13:23:35.051+0000] {dagbag.py:588} INFO - Filling up the DagBag from /home/airflow/.local/lib/python3.12/site-packages/airflow/example_dags/example_sensor_decorator.py
[2024-10-16T13:23:35.064+0000] {processor.py:925} INFO - DAG(s) 'example_sensor_decorator' retrieved from /home/airflow/.local/lib/python3.12/site-packages/airflow/example_dags/example_sensor_decorator.py
[2024-10-16T13:23:35.091+0000] {logging_mixin.py:190} INFO - [2024-10-16T13:23:35.090+0000] {dag.py:3239} INFO - Sync 1 DAGs
[2024-10-16T13:23:35.105+0000] {logging_mixin.py:190} INFO - [2024-10-16T13:23:35.104+0000] {dag.py:4180} INFO - Setting next_dagrun for example_sensor_decorator to None, run_after=None
[2024-10-16T13:23:35.134+0000] {processor.py:208} INFO - Processing /home/airflow/.local/lib/python3.12/site-packages/airflow/example_dags/example_sensor_decorator.py took 0.101 seconds
