[2024-10-16T12:50:28.608+0000] {processor.py:186} INFO - Started process (PID=69) to work on /home/airflow/.local/lib/python3.12/site-packages/airflow/example_dags/example_setup_teardown.py
[2024-10-16T12:50:28.609+0000] {processor.py:914} INFO - Processing file /home/airflow/.local/lib/python3.12/site-packages/airflow/example_dags/example_setup_teardown.py for tasks to queue
[2024-10-16T12:50:28.614+0000] {logging_mixin.py:190} INFO - [2024-10-16T12:50:28.613+0000] {dagbag.py:588} INFO - Filling up the DagBag from /home/airflow/.local/lib/python3.12/site-packages/airflow/example_dags/example_setup_teardown.py
[2024-10-16T12:50:28.633+0000] {processor.py:925} INFO - DAG(s) 'example_setup_teardown' retrieved from /home/airflow/.local/lib/python3.12/site-packages/airflow/example_dags/example_setup_teardown.py
[2024-10-16T12:50:28.801+0000] {logging_mixin.py:190} INFO - [2024-10-16T12:50:28.800+0000] {override.py:1900} INFO - Created Permission View: can edit on DAG:example_setup_teardown
[2024-10-16T12:50:28.816+0000] {logging_mixin.py:190} INFO - [2024-10-16T12:50:28.815+0000] {override.py:1900} INFO - Created Permission View: can read on DAG:example_setup_teardown
[2024-10-16T12:50:28.825+0000] {logging_mixin.py:190} INFO - [2024-10-16T12:50:28.825+0000] {override.py:1900} INFO - Created Permission View: can delete on DAG:example_setup_teardown
[2024-10-16T12:50:28.834+0000] {logging_mixin.py:190} INFO - [2024-10-16T12:50:28.834+0000] {override.py:1900} INFO - Created Permission View: can delete on DAG Run:example_setup_teardown
[2024-10-16T12:50:28.842+0000] {logging_mixin.py:190} INFO - [2024-10-16T12:50:28.842+0000] {override.py:1900} INFO - Created Permission View: menu access on DAG Run:example_setup_teardown
[2024-10-16T12:50:28.850+0000] {logging_mixin.py:190} INFO - [2024-10-16T12:50:28.849+0000] {override.py:1900} INFO - Created Permission View: can create on DAG Run:example_setup_teardown
[2024-10-16T12:50:28.859+0000] {logging_mixin.py:190} INFO - [2024-10-16T12:50:28.858+0000] {override.py:1900} INFO - Created Permission View: can read on DAG Run:example_setup_teardown
[2024-10-16T12:50:28.860+0000] {logging_mixin.py:190} INFO - [2024-10-16T12:50:28.860+0000] {dag.py:3239} INFO - Sync 1 DAGs
[2024-10-16T12:50:28.875+0000] {logging_mixin.py:190} INFO - [2024-10-16T12:50:28.875+0000] {dag.py:3262} INFO - Creating ORM DAG for example_setup_teardown
[2024-10-16T12:50:28.877+0000] {logging_mixin.py:190} INFO - [2024-10-16T12:50:28.876+0000] {dag.py:4180} INFO - Setting next_dagrun for example_setup_teardown to None, run_after=None
[2024-10-16T12:50:28.903+0000] {processor.py:208} INFO - Processing /home/airflow/.local/lib/python3.12/site-packages/airflow/example_dags/example_setup_teardown.py took 0.304 seconds
[2024-10-16T12:50:59.101+0000] {processor.py:186} INFO - Started process (PID=131) to work on /home/airflow/.local/lib/python3.12/site-packages/airflow/example_dags/example_setup_teardown.py
[2024-10-16T12:50:59.103+0000] {processor.py:914} INFO - Processing file /home/airflow/.local/lib/python3.12/site-packages/airflow/example_dags/example_setup_teardown.py for tasks to queue
[2024-10-16T12:50:59.105+0000] {logging_mixin.py:190} INFO - [2024-10-16T12:50:59.104+0000] {dagbag.py:588} INFO - Filling up the DagBag from /home/airflow/.local/lib/python3.12/site-packages/airflow/example_dags/example_setup_teardown.py
[2024-10-16T12:50:59.114+0000] {processor.py:925} INFO - DAG(s) 'example_setup_teardown' retrieved from /home/airflow/.local/lib/python3.12/site-packages/airflow/example_dags/example_setup_teardown.py
[2024-10-16T12:50:59.132+0000] {logging_mixin.py:190} INFO - [2024-10-16T12:50:59.132+0000] {dag.py:3239} INFO - Sync 1 DAGs
[2024-10-16T12:50:59.145+0000] {logging_mixin.py:190} INFO - [2024-10-16T12:50:59.145+0000] {dag.py:4180} INFO - Setting next_dagrun for example_setup_teardown to None, run_after=None
[2024-10-16T12:50:59.169+0000] {processor.py:208} INFO - Processing /home/airflow/.local/lib/python3.12/site-packages/airflow/example_dags/example_setup_teardown.py took 0.072 seconds
[2024-10-16T12:51:30.528+0000] {processor.py:186} INFO - Started process (PID=199) to work on /home/airflow/.local/lib/python3.12/site-packages/airflow/example_dags/example_setup_teardown.py
[2024-10-16T12:51:30.529+0000] {processor.py:914} INFO - Processing file /home/airflow/.local/lib/python3.12/site-packages/airflow/example_dags/example_setup_teardown.py for tasks to queue
[2024-10-16T12:51:30.532+0000] {logging_mixin.py:190} INFO - [2024-10-16T12:51:30.532+0000] {dagbag.py:588} INFO - Filling up the DagBag from /home/airflow/.local/lib/python3.12/site-packages/airflow/example_dags/example_setup_teardown.py
[2024-10-16T12:51:30.542+0000] {processor.py:925} INFO - DAG(s) 'example_setup_teardown' retrieved from /home/airflow/.local/lib/python3.12/site-packages/airflow/example_dags/example_setup_teardown.py
[2024-10-16T12:51:30.564+0000] {logging_mixin.py:190} INFO - [2024-10-16T12:51:30.563+0000] {dag.py:3239} INFO - Sync 1 DAGs
[2024-10-16T12:51:30.579+0000] {logging_mixin.py:190} INFO - [2024-10-16T12:51:30.578+0000] {dag.py:4180} INFO - Setting next_dagrun for example_setup_teardown to None, run_after=None
[2024-10-16T12:51:30.602+0000] {processor.py:208} INFO - Processing /home/airflow/.local/lib/python3.12/site-packages/airflow/example_dags/example_setup_teardown.py took 0.080 seconds
[2024-10-16T12:52:01.018+0000] {processor.py:186} INFO - Started process (PID=261) to work on /home/airflow/.local/lib/python3.12/site-packages/airflow/example_dags/example_setup_teardown.py
[2024-10-16T12:52:01.020+0000] {processor.py:914} INFO - Processing file /home/airflow/.local/lib/python3.12/site-packages/airflow/example_dags/example_setup_teardown.py for tasks to queue
[2024-10-16T12:52:01.024+0000] {logging_mixin.py:190} INFO - [2024-10-16T12:52:01.024+0000] {dagbag.py:588} INFO - Filling up the DagBag from /home/airflow/.local/lib/python3.12/site-packages/airflow/example_dags/example_setup_teardown.py
[2024-10-16T12:52:01.036+0000] {processor.py:925} INFO - DAG(s) 'example_setup_teardown' retrieved from /home/airflow/.local/lib/python3.12/site-packages/airflow/example_dags/example_setup_teardown.py
[2024-10-16T12:52:01.062+0000] {logging_mixin.py:190} INFO - [2024-10-16T12:52:01.062+0000] {dag.py:3239} INFO - Sync 1 DAGs
[2024-10-16T12:52:01.081+0000] {logging_mixin.py:190} INFO - [2024-10-16T12:52:01.080+0000] {dag.py:4180} INFO - Setting next_dagrun for example_setup_teardown to None, run_after=None
[2024-10-16T12:52:01.107+0000] {processor.py:208} INFO - Processing /home/airflow/.local/lib/python3.12/site-packages/airflow/example_dags/example_setup_teardown.py took 0.098 seconds
[2024-10-16T12:52:31.902+0000] {processor.py:186} INFO - Started process (PID=324) to work on /home/airflow/.local/lib/python3.12/site-packages/airflow/example_dags/example_setup_teardown.py
[2024-10-16T12:52:31.903+0000] {processor.py:914} INFO - Processing file /home/airflow/.local/lib/python3.12/site-packages/airflow/example_dags/example_setup_teardown.py for tasks to queue
[2024-10-16T12:52:31.905+0000] {logging_mixin.py:190} INFO - [2024-10-16T12:52:31.905+0000] {dagbag.py:588} INFO - Filling up the DagBag from /home/airflow/.local/lib/python3.12/site-packages/airflow/example_dags/example_setup_teardown.py
[2024-10-16T12:52:31.913+0000] {processor.py:925} INFO - DAG(s) 'example_setup_teardown' retrieved from /home/airflow/.local/lib/python3.12/site-packages/airflow/example_dags/example_setup_teardown.py
[2024-10-16T12:52:31.936+0000] {logging_mixin.py:190} INFO - [2024-10-16T12:52:31.936+0000] {dag.py:3239} INFO - Sync 1 DAGs
[2024-10-16T12:52:31.956+0000] {logging_mixin.py:190} INFO - [2024-10-16T12:52:31.955+0000] {dag.py:4180} INFO - Setting next_dagrun for example_setup_teardown to None, run_after=None
[2024-10-16T12:52:32.004+0000] {processor.py:208} INFO - Processing /home/airflow/.local/lib/python3.12/site-packages/airflow/example_dags/example_setup_teardown.py took 0.108 seconds
[2024-10-16T12:53:02.923+0000] {processor.py:186} INFO - Started process (PID=386) to work on /home/airflow/.local/lib/python3.12/site-packages/airflow/example_dags/example_setup_teardown.py
[2024-10-16T12:53:02.932+0000] {processor.py:914} INFO - Processing file /home/airflow/.local/lib/python3.12/site-packages/airflow/example_dags/example_setup_teardown.py for tasks to queue
[2024-10-16T12:53:02.937+0000] {logging_mixin.py:190} INFO - [2024-10-16T12:53:02.936+0000] {dagbag.py:588} INFO - Filling up the DagBag from /home/airflow/.local/lib/python3.12/site-packages/airflow/example_dags/example_setup_teardown.py
[2024-10-16T12:53:02.953+0000] {processor.py:925} INFO - DAG(s) 'example_setup_teardown' retrieved from /home/airflow/.local/lib/python3.12/site-packages/airflow/example_dags/example_setup_teardown.py
[2024-10-16T12:53:03.306+0000] {logging_mixin.py:190} INFO - [2024-10-16T12:53:03.306+0000] {dag.py:3239} INFO - Sync 1 DAGs
[2024-10-16T12:53:03.364+0000] {logging_mixin.py:190} INFO - [2024-10-16T12:53:03.364+0000] {dag.py:4180} INFO - Setting next_dagrun for example_setup_teardown to None, run_after=None
[2024-10-16T12:53:03.421+0000] {processor.py:208} INFO - Processing /home/airflow/.local/lib/python3.12/site-packages/airflow/example_dags/example_setup_teardown.py took 0.505 seconds
[2024-10-16T12:53:34.244+0000] {processor.py:186} INFO - Started process (PID=448) to work on /home/airflow/.local/lib/python3.12/site-packages/airflow/example_dags/example_setup_teardown.py
[2024-10-16T12:53:34.245+0000] {processor.py:914} INFO - Processing file /home/airflow/.local/lib/python3.12/site-packages/airflow/example_dags/example_setup_teardown.py for tasks to queue
[2024-10-16T12:53:34.248+0000] {logging_mixin.py:190} INFO - [2024-10-16T12:53:34.248+0000] {dagbag.py:588} INFO - Filling up the DagBag from /home/airflow/.local/lib/python3.12/site-packages/airflow/example_dags/example_setup_teardown.py
[2024-10-16T12:53:34.263+0000] {processor.py:925} INFO - DAG(s) 'example_setup_teardown' retrieved from /home/airflow/.local/lib/python3.12/site-packages/airflow/example_dags/example_setup_teardown.py
[2024-10-16T12:53:34.292+0000] {logging_mixin.py:190} INFO - [2024-10-16T12:53:34.292+0000] {dag.py:3239} INFO - Sync 1 DAGs
[2024-10-16T12:53:34.312+0000] {logging_mixin.py:190} INFO - [2024-10-16T12:53:34.312+0000] {dag.py:4180} INFO - Setting next_dagrun for example_setup_teardown to None, run_after=None
[2024-10-16T12:53:34.343+0000] {processor.py:208} INFO - Processing /home/airflow/.local/lib/python3.12/site-packages/airflow/example_dags/example_setup_teardown.py took 0.106 seconds
[2024-10-16T12:54:05.249+0000] {processor.py:186} INFO - Started process (PID=510) to work on /home/airflow/.local/lib/python3.12/site-packages/airflow/example_dags/example_setup_teardown.py
[2024-10-16T12:54:05.252+0000] {processor.py:914} INFO - Processing file /home/airflow/.local/lib/python3.12/site-packages/airflow/example_dags/example_setup_teardown.py for tasks to queue
[2024-10-16T12:54:05.255+0000] {logging_mixin.py:190} INFO - [2024-10-16T12:54:05.255+0000] {dagbag.py:588} INFO - Filling up the DagBag from /home/airflow/.local/lib/python3.12/site-packages/airflow/example_dags/example_setup_teardown.py
[2024-10-16T12:54:05.268+0000] {processor.py:925} INFO - DAG(s) 'example_setup_teardown' retrieved from /home/airflow/.local/lib/python3.12/site-packages/airflow/example_dags/example_setup_teardown.py
[2024-10-16T12:54:05.297+0000] {logging_mixin.py:190} INFO - [2024-10-16T12:54:05.296+0000] {dag.py:3239} INFO - Sync 1 DAGs
[2024-10-16T12:54:05.316+0000] {logging_mixin.py:190} INFO - [2024-10-16T12:54:05.315+0000] {dag.py:4180} INFO - Setting next_dagrun for example_setup_teardown to None, run_after=None
[2024-10-16T12:54:05.345+0000] {processor.py:208} INFO - Processing /home/airflow/.local/lib/python3.12/site-packages/airflow/example_dags/example_setup_teardown.py took 0.105 seconds
[2024-10-16T12:54:36.385+0000] {processor.py:186} INFO - Started process (PID=572) to work on /home/airflow/.local/lib/python3.12/site-packages/airflow/example_dags/example_setup_teardown.py
[2024-10-16T12:54:36.387+0000] {processor.py:914} INFO - Processing file /home/airflow/.local/lib/python3.12/site-packages/airflow/example_dags/example_setup_teardown.py for tasks to queue
[2024-10-16T12:54:36.391+0000] {logging_mixin.py:190} INFO - [2024-10-16T12:54:36.390+0000] {dagbag.py:588} INFO - Filling up the DagBag from /home/airflow/.local/lib/python3.12/site-packages/airflow/example_dags/example_setup_teardown.py
[2024-10-16T12:54:36.402+0000] {processor.py:925} INFO - DAG(s) 'example_setup_teardown' retrieved from /home/airflow/.local/lib/python3.12/site-packages/airflow/example_dags/example_setup_teardown.py
[2024-10-16T12:54:36.428+0000] {logging_mixin.py:190} INFO - [2024-10-16T12:54:36.427+0000] {dag.py:3239} INFO - Sync 1 DAGs
[2024-10-16T12:54:36.447+0000] {logging_mixin.py:190} INFO - [2024-10-16T12:54:36.447+0000] {dag.py:4180} INFO - Setting next_dagrun for example_setup_teardown to None, run_after=None
[2024-10-16T12:54:36.478+0000] {processor.py:208} INFO - Processing /home/airflow/.local/lib/python3.12/site-packages/airflow/example_dags/example_setup_teardown.py took 0.101 seconds
[2024-10-16T12:55:07.013+0000] {processor.py:186} INFO - Started process (PID=635) to work on /home/airflow/.local/lib/python3.12/site-packages/airflow/example_dags/example_setup_teardown.py
[2024-10-16T12:55:07.016+0000] {processor.py:914} INFO - Processing file /home/airflow/.local/lib/python3.12/site-packages/airflow/example_dags/example_setup_teardown.py for tasks to queue
[2024-10-16T12:55:07.021+0000] {logging_mixin.py:190} INFO - [2024-10-16T12:55:07.019+0000] {dagbag.py:588} INFO - Filling up the DagBag from /home/airflow/.local/lib/python3.12/site-packages/airflow/example_dags/example_setup_teardown.py
[2024-10-16T12:55:07.041+0000] {processor.py:925} INFO - DAG(s) 'example_setup_teardown' retrieved from /home/airflow/.local/lib/python3.12/site-packages/airflow/example_dags/example_setup_teardown.py
[2024-10-16T12:55:07.079+0000] {logging_mixin.py:190} INFO - [2024-10-16T12:55:07.079+0000] {dag.py:3239} INFO - Sync 1 DAGs
[2024-10-16T12:55:07.108+0000] {logging_mixin.py:190} INFO - [2024-10-16T12:55:07.108+0000] {dag.py:4180} INFO - Setting next_dagrun for example_setup_teardown to None, run_after=None
[2024-10-16T12:55:07.143+0000] {processor.py:208} INFO - Processing /home/airflow/.local/lib/python3.12/site-packages/airflow/example_dags/example_setup_teardown.py took 0.140 seconds
[2024-10-16T12:55:37.667+0000] {processor.py:186} INFO - Started process (PID=697) to work on /home/airflow/.local/lib/python3.12/site-packages/airflow/example_dags/example_setup_teardown.py
[2024-10-16T12:55:37.669+0000] {processor.py:914} INFO - Processing file /home/airflow/.local/lib/python3.12/site-packages/airflow/example_dags/example_setup_teardown.py for tasks to queue
[2024-10-16T12:55:37.672+0000] {logging_mixin.py:190} INFO - [2024-10-16T12:55:37.672+0000] {dagbag.py:588} INFO - Filling up the DagBag from /home/airflow/.local/lib/python3.12/site-packages/airflow/example_dags/example_setup_teardown.py
[2024-10-16T12:55:37.683+0000] {processor.py:925} INFO - DAG(s) 'example_setup_teardown' retrieved from /home/airflow/.local/lib/python3.12/site-packages/airflow/example_dags/example_setup_teardown.py
[2024-10-16T12:55:37.716+0000] {logging_mixin.py:190} INFO - [2024-10-16T12:55:37.715+0000] {dag.py:3239} INFO - Sync 1 DAGs
[2024-10-16T12:55:37.734+0000] {logging_mixin.py:190} INFO - [2024-10-16T12:55:37.733+0000] {dag.py:4180} INFO - Setting next_dagrun for example_setup_teardown to None, run_after=None
[2024-10-16T12:55:37.762+0000] {processor.py:208} INFO - Processing /home/airflow/.local/lib/python3.12/site-packages/airflow/example_dags/example_setup_teardown.py took 0.103 seconds
[2024-10-16T12:56:07.924+0000] {processor.py:186} INFO - Started process (PID=759) to work on /home/airflow/.local/lib/python3.12/site-packages/airflow/example_dags/example_setup_teardown.py
[2024-10-16T12:56:07.925+0000] {processor.py:914} INFO - Processing file /home/airflow/.local/lib/python3.12/site-packages/airflow/example_dags/example_setup_teardown.py for tasks to queue
[2024-10-16T12:56:07.929+0000] {logging_mixin.py:190} INFO - [2024-10-16T12:56:07.928+0000] {dagbag.py:588} INFO - Filling up the DagBag from /home/airflow/.local/lib/python3.12/site-packages/airflow/example_dags/example_setup_teardown.py
[2024-10-16T12:56:07.940+0000] {processor.py:925} INFO - DAG(s) 'example_setup_teardown' retrieved from /home/airflow/.local/lib/python3.12/site-packages/airflow/example_dags/example_setup_teardown.py
[2024-10-16T12:56:07.964+0000] {logging_mixin.py:190} INFO - [2024-10-16T12:56:07.964+0000] {dag.py:3239} INFO - Sync 1 DAGs
[2024-10-16T12:56:07.981+0000] {logging_mixin.py:190} INFO - [2024-10-16T12:56:07.980+0000] {dag.py:4180} INFO - Setting next_dagrun for example_setup_teardown to None, run_after=None
[2024-10-16T12:56:08.006+0000] {processor.py:208} INFO - Processing /home/airflow/.local/lib/python3.12/site-packages/airflow/example_dags/example_setup_teardown.py took 0.090 seconds
[2024-10-16T12:56:38.814+0000] {processor.py:186} INFO - Started process (PID=821) to work on /home/airflow/.local/lib/python3.12/site-packages/airflow/example_dags/example_setup_teardown.py
[2024-10-16T12:56:38.815+0000] {processor.py:914} INFO - Processing file /home/airflow/.local/lib/python3.12/site-packages/airflow/example_dags/example_setup_teardown.py for tasks to queue
[2024-10-16T12:56:38.819+0000] {logging_mixin.py:190} INFO - [2024-10-16T12:56:38.818+0000] {dagbag.py:588} INFO - Filling up the DagBag from /home/airflow/.local/lib/python3.12/site-packages/airflow/example_dags/example_setup_teardown.py
[2024-10-16T12:56:38.830+0000] {processor.py:925} INFO - DAG(s) 'example_setup_teardown' retrieved from /home/airflow/.local/lib/python3.12/site-packages/airflow/example_dags/example_setup_teardown.py
[2024-10-16T12:56:38.854+0000] {logging_mixin.py:190} INFO - [2024-10-16T12:56:38.854+0000] {dag.py:3239} INFO - Sync 1 DAGs
[2024-10-16T12:56:38.873+0000] {logging_mixin.py:190} INFO - [2024-10-16T12:56:38.873+0000] {dag.py:4180} INFO - Setting next_dagrun for example_setup_teardown to None, run_after=None
[2024-10-16T12:56:38.902+0000] {processor.py:208} INFO - Processing /home/airflow/.local/lib/python3.12/site-packages/airflow/example_dags/example_setup_teardown.py took 0.095 seconds
[2024-10-16T12:57:09.011+0000] {processor.py:186} INFO - Started process (PID=883) to work on /home/airflow/.local/lib/python3.12/site-packages/airflow/example_dags/example_setup_teardown.py
[2024-10-16T12:57:09.013+0000] {processor.py:914} INFO - Processing file /home/airflow/.local/lib/python3.12/site-packages/airflow/example_dags/example_setup_teardown.py for tasks to queue
[2024-10-16T12:57:09.016+0000] {logging_mixin.py:190} INFO - [2024-10-16T12:57:09.015+0000] {dagbag.py:588} INFO - Filling up the DagBag from /home/airflow/.local/lib/python3.12/site-packages/airflow/example_dags/example_setup_teardown.py
[2024-10-16T12:57:09.025+0000] {processor.py:925} INFO - DAG(s) 'example_setup_teardown' retrieved from /home/airflow/.local/lib/python3.12/site-packages/airflow/example_dags/example_setup_teardown.py
[2024-10-16T12:57:09.050+0000] {logging_mixin.py:190} INFO - [2024-10-16T12:57:09.049+0000] {dag.py:3239} INFO - Sync 1 DAGs
[2024-10-16T12:57:09.067+0000] {logging_mixin.py:190} INFO - [2024-10-16T12:57:09.067+0000] {dag.py:4180} INFO - Setting next_dagrun for example_setup_teardown to None, run_after=None
[2024-10-16T12:57:09.096+0000] {processor.py:208} INFO - Processing /home/airflow/.local/lib/python3.12/site-packages/airflow/example_dags/example_setup_teardown.py took 0.094 seconds
[2024-10-16T12:57:39.709+0000] {processor.py:186} INFO - Started process (PID=945) to work on /home/airflow/.local/lib/python3.12/site-packages/airflow/example_dags/example_setup_teardown.py
[2024-10-16T12:57:39.710+0000] {processor.py:914} INFO - Processing file /home/airflow/.local/lib/python3.12/site-packages/airflow/example_dags/example_setup_teardown.py for tasks to queue
[2024-10-16T12:57:39.712+0000] {logging_mixin.py:190} INFO - [2024-10-16T12:57:39.712+0000] {dagbag.py:588} INFO - Filling up the DagBag from /home/airflow/.local/lib/python3.12/site-packages/airflow/example_dags/example_setup_teardown.py
[2024-10-16T12:57:39.718+0000] {processor.py:925} INFO - DAG(s) 'example_setup_teardown' retrieved from /home/airflow/.local/lib/python3.12/site-packages/airflow/example_dags/example_setup_teardown.py
[2024-10-16T12:57:39.737+0000] {logging_mixin.py:190} INFO - [2024-10-16T12:57:39.737+0000] {dag.py:3239} INFO - Sync 1 DAGs
[2024-10-16T12:57:39.749+0000] {logging_mixin.py:190} INFO - [2024-10-16T12:57:39.749+0000] {dag.py:4180} INFO - Setting next_dagrun for example_setup_teardown to None, run_after=None
[2024-10-16T12:57:39.769+0000] {processor.py:208} INFO - Processing /home/airflow/.local/lib/python3.12/site-packages/airflow/example_dags/example_setup_teardown.py took 0.065 seconds
[2024-10-16T12:58:09.842+0000] {processor.py:186} INFO - Started process (PID=1008) to work on /home/airflow/.local/lib/python3.12/site-packages/airflow/example_dags/example_setup_teardown.py
[2024-10-16T12:58:09.979+0000] {processor.py:914} INFO - Processing file /home/airflow/.local/lib/python3.12/site-packages/airflow/example_dags/example_setup_teardown.py for tasks to queue
[2024-10-16T12:58:10.013+0000] {logging_mixin.py:190} INFO - [2024-10-16T12:58:10.012+0000] {dagbag.py:588} INFO - Filling up the DagBag from /home/airflow/.local/lib/python3.12/site-packages/airflow/example_dags/example_setup_teardown.py
[2024-10-16T12:58:10.033+0000] {processor.py:925} INFO - DAG(s) 'example_setup_teardown' retrieved from /home/airflow/.local/lib/python3.12/site-packages/airflow/example_dags/example_setup_teardown.py
[2024-10-16T12:58:10.077+0000] {logging_mixin.py:190} INFO - [2024-10-16T12:58:10.076+0000] {dag.py:3239} INFO - Sync 1 DAGs
[2024-10-16T12:58:10.111+0000] {logging_mixin.py:190} INFO - [2024-10-16T12:58:10.104+0000] {dag.py:4180} INFO - Setting next_dagrun for example_setup_teardown to None, run_after=None
[2024-10-16T12:58:10.172+0000] {processor.py:208} INFO - Processing /home/airflow/.local/lib/python3.12/site-packages/airflow/example_dags/example_setup_teardown.py took 0.338 seconds
[2024-10-16T12:58:40.724+0000] {processor.py:186} INFO - Started process (PID=1070) to work on /home/airflow/.local/lib/python3.12/site-packages/airflow/example_dags/example_setup_teardown.py
[2024-10-16T12:58:40.726+0000] {processor.py:914} INFO - Processing file /home/airflow/.local/lib/python3.12/site-packages/airflow/example_dags/example_setup_teardown.py for tasks to queue
[2024-10-16T12:58:40.729+0000] {logging_mixin.py:190} INFO - [2024-10-16T12:58:40.728+0000] {dagbag.py:588} INFO - Filling up the DagBag from /home/airflow/.local/lib/python3.12/site-packages/airflow/example_dags/example_setup_teardown.py
[2024-10-16T12:58:40.737+0000] {processor.py:925} INFO - DAG(s) 'example_setup_teardown' retrieved from /home/airflow/.local/lib/python3.12/site-packages/airflow/example_dags/example_setup_teardown.py
[2024-10-16T12:58:40.754+0000] {logging_mixin.py:190} INFO - [2024-10-16T12:58:40.753+0000] {dag.py:3239} INFO - Sync 1 DAGs
[2024-10-16T12:58:40.766+0000] {logging_mixin.py:190} INFO - [2024-10-16T12:58:40.766+0000] {dag.py:4180} INFO - Setting next_dagrun for example_setup_teardown to None, run_after=None
[2024-10-16T12:58:40.780+0000] {processor.py:208} INFO - Processing /home/airflow/.local/lib/python3.12/site-packages/airflow/example_dags/example_setup_teardown.py took 0.062 seconds
[2024-10-16T12:59:12.056+0000] {processor.py:186} INFO - Started process (PID=1132) to work on /home/airflow/.local/lib/python3.12/site-packages/airflow/example_dags/example_setup_teardown.py
[2024-10-16T12:59:12.057+0000] {processor.py:914} INFO - Processing file /home/airflow/.local/lib/python3.12/site-packages/airflow/example_dags/example_setup_teardown.py for tasks to queue
[2024-10-16T12:59:12.059+0000] {logging_mixin.py:190} INFO - [2024-10-16T12:59:12.059+0000] {dagbag.py:588} INFO - Filling up the DagBag from /home/airflow/.local/lib/python3.12/site-packages/airflow/example_dags/example_setup_teardown.py
[2024-10-16T12:59:12.069+0000] {processor.py:925} INFO - DAG(s) 'example_setup_teardown' retrieved from /home/airflow/.local/lib/python3.12/site-packages/airflow/example_dags/example_setup_teardown.py
[2024-10-16T12:59:12.093+0000] {logging_mixin.py:190} INFO - [2024-10-16T12:59:12.093+0000] {dag.py:3239} INFO - Sync 1 DAGs
[2024-10-16T12:59:12.107+0000] {logging_mixin.py:190} INFO - [2024-10-16T12:59:12.107+0000] {dag.py:4180} INFO - Setting next_dagrun for example_setup_teardown to None, run_after=None
[2024-10-16T12:59:12.171+0000] {processor.py:208} INFO - Processing /home/airflow/.local/lib/python3.12/site-packages/airflow/example_dags/example_setup_teardown.py took 0.120 seconds
[2024-10-16T12:59:42.589+0000] {processor.py:186} INFO - Started process (PID=1194) to work on /home/airflow/.local/lib/python3.12/site-packages/airflow/example_dags/example_setup_teardown.py
[2024-10-16T12:59:42.591+0000] {processor.py:914} INFO - Processing file /home/airflow/.local/lib/python3.12/site-packages/airflow/example_dags/example_setup_teardown.py for tasks to queue
[2024-10-16T12:59:42.593+0000] {logging_mixin.py:190} INFO - [2024-10-16T12:59:42.593+0000] {dagbag.py:588} INFO - Filling up the DagBag from /home/airflow/.local/lib/python3.12/site-packages/airflow/example_dags/example_setup_teardown.py
[2024-10-16T12:59:42.602+0000] {processor.py:925} INFO - DAG(s) 'example_setup_teardown' retrieved from /home/airflow/.local/lib/python3.12/site-packages/airflow/example_dags/example_setup_teardown.py
[2024-10-16T12:59:42.625+0000] {logging_mixin.py:190} INFO - [2024-10-16T12:59:42.625+0000] {dag.py:3239} INFO - Sync 1 DAGs
[2024-10-16T12:59:42.643+0000] {logging_mixin.py:190} INFO - [2024-10-16T12:59:42.642+0000] {dag.py:4180} INFO - Setting next_dagrun for example_setup_teardown to None, run_after=None
[2024-10-16T12:59:42.668+0000] {processor.py:208} INFO - Processing /home/airflow/.local/lib/python3.12/site-packages/airflow/example_dags/example_setup_teardown.py took 0.086 seconds
[2024-10-16T13:00:13.032+0000] {processor.py:186} INFO - Started process (PID=1256) to work on /home/airflow/.local/lib/python3.12/site-packages/airflow/example_dags/example_setup_teardown.py
[2024-10-16T13:00:13.033+0000] {processor.py:914} INFO - Processing file /home/airflow/.local/lib/python3.12/site-packages/airflow/example_dags/example_setup_teardown.py for tasks to queue
[2024-10-16T13:00:13.037+0000] {logging_mixin.py:190} INFO - [2024-10-16T13:00:13.036+0000] {dagbag.py:588} INFO - Filling up the DagBag from /home/airflow/.local/lib/python3.12/site-packages/airflow/example_dags/example_setup_teardown.py
[2024-10-16T13:00:13.049+0000] {processor.py:925} INFO - DAG(s) 'example_setup_teardown' retrieved from /home/airflow/.local/lib/python3.12/site-packages/airflow/example_dags/example_setup_teardown.py
[2024-10-16T13:00:13.078+0000] {logging_mixin.py:190} INFO - [2024-10-16T13:00:13.077+0000] {dag.py:3239} INFO - Sync 1 DAGs
[2024-10-16T13:00:13.096+0000] {logging_mixin.py:190} INFO - [2024-10-16T13:00:13.095+0000] {dag.py:4180} INFO - Setting next_dagrun for example_setup_teardown to None, run_after=None
[2024-10-16T13:00:13.124+0000] {processor.py:208} INFO - Processing /home/airflow/.local/lib/python3.12/site-packages/airflow/example_dags/example_setup_teardown.py took 0.100 seconds
[2024-10-16T13:00:43.733+0000] {processor.py:186} INFO - Started process (PID=1319) to work on /home/airflow/.local/lib/python3.12/site-packages/airflow/example_dags/example_setup_teardown.py
[2024-10-16T13:00:43.734+0000] {processor.py:914} INFO - Processing file /home/airflow/.local/lib/python3.12/site-packages/airflow/example_dags/example_setup_teardown.py for tasks to queue
[2024-10-16T13:00:43.736+0000] {logging_mixin.py:190} INFO - [2024-10-16T13:00:43.736+0000] {dagbag.py:588} INFO - Filling up the DagBag from /home/airflow/.local/lib/python3.12/site-packages/airflow/example_dags/example_setup_teardown.py
[2024-10-16T13:00:43.744+0000] {processor.py:925} INFO - DAG(s) 'example_setup_teardown' retrieved from /home/airflow/.local/lib/python3.12/site-packages/airflow/example_dags/example_setup_teardown.py
[2024-10-16T13:00:43.765+0000] {logging_mixin.py:190} INFO - [2024-10-16T13:00:43.765+0000] {dag.py:3239} INFO - Sync 1 DAGs
[2024-10-16T13:00:43.777+0000] {logging_mixin.py:190} INFO - [2024-10-16T13:00:43.776+0000] {dag.py:4180} INFO - Setting next_dagrun for example_setup_teardown to None, run_after=None
[2024-10-16T13:00:43.804+0000] {processor.py:208} INFO - Processing /home/airflow/.local/lib/python3.12/site-packages/airflow/example_dags/example_setup_teardown.py took 0.076 seconds
[2024-10-16T13:01:14.633+0000] {processor.py:186} INFO - Started process (PID=1387) to work on /home/airflow/.local/lib/python3.12/site-packages/airflow/example_dags/example_setup_teardown.py
[2024-10-16T13:01:14.635+0000] {processor.py:914} INFO - Processing file /home/airflow/.local/lib/python3.12/site-packages/airflow/example_dags/example_setup_teardown.py for tasks to queue
[2024-10-16T13:01:14.638+0000] {logging_mixin.py:190} INFO - [2024-10-16T13:01:14.637+0000] {dagbag.py:588} INFO - Filling up the DagBag from /home/airflow/.local/lib/python3.12/site-packages/airflow/example_dags/example_setup_teardown.py
[2024-10-16T13:01:14.646+0000] {processor.py:925} INFO - DAG(s) 'example_setup_teardown' retrieved from /home/airflow/.local/lib/python3.12/site-packages/airflow/example_dags/example_setup_teardown.py
[2024-10-16T13:01:14.671+0000] {logging_mixin.py:190} INFO - [2024-10-16T13:01:14.671+0000] {dag.py:3239} INFO - Sync 1 DAGs
[2024-10-16T13:01:14.685+0000] {logging_mixin.py:190} INFO - [2024-10-16T13:01:14.685+0000] {dag.py:4180} INFO - Setting next_dagrun for example_setup_teardown to None, run_after=None
[2024-10-16T13:01:14.713+0000] {processor.py:208} INFO - Processing /home/airflow/.local/lib/python3.12/site-packages/airflow/example_dags/example_setup_teardown.py took 0.084 seconds
[2024-10-16T13:01:45.211+0000] {processor.py:186} INFO - Started process (PID=1448) to work on /home/airflow/.local/lib/python3.12/site-packages/airflow/example_dags/example_setup_teardown.py
[2024-10-16T13:01:45.211+0000] {processor.py:914} INFO - Processing file /home/airflow/.local/lib/python3.12/site-packages/airflow/example_dags/example_setup_teardown.py for tasks to queue
[2024-10-16T13:01:45.213+0000] {logging_mixin.py:190} INFO - [2024-10-16T13:01:45.213+0000] {dagbag.py:588} INFO - Filling up the DagBag from /home/airflow/.local/lib/python3.12/site-packages/airflow/example_dags/example_setup_teardown.py
[2024-10-16T13:01:45.219+0000] {processor.py:925} INFO - DAG(s) 'example_setup_teardown' retrieved from /home/airflow/.local/lib/python3.12/site-packages/airflow/example_dags/example_setup_teardown.py
[2024-10-16T13:01:45.236+0000] {logging_mixin.py:190} INFO - [2024-10-16T13:01:45.236+0000] {dag.py:3239} INFO - Sync 1 DAGs
[2024-10-16T13:01:45.249+0000] {logging_mixin.py:190} INFO - [2024-10-16T13:01:45.248+0000] {dag.py:4180} INFO - Setting next_dagrun for example_setup_teardown to None, run_after=None
[2024-10-16T13:01:45.272+0000] {processor.py:208} INFO - Processing /home/airflow/.local/lib/python3.12/site-packages/airflow/example_dags/example_setup_teardown.py took 0.066 seconds
[2024-10-16T13:02:16.201+0000] {processor.py:186} INFO - Started process (PID=1511) to work on /home/airflow/.local/lib/python3.12/site-packages/airflow/example_dags/example_setup_teardown.py
[2024-10-16T13:02:16.202+0000] {processor.py:914} INFO - Processing file /home/airflow/.local/lib/python3.12/site-packages/airflow/example_dags/example_setup_teardown.py for tasks to queue
[2024-10-16T13:02:16.205+0000] {logging_mixin.py:190} INFO - [2024-10-16T13:02:16.205+0000] {dagbag.py:588} INFO - Filling up the DagBag from /home/airflow/.local/lib/python3.12/site-packages/airflow/example_dags/example_setup_teardown.py
[2024-10-16T13:02:16.217+0000] {processor.py:925} INFO - DAG(s) 'example_setup_teardown' retrieved from /home/airflow/.local/lib/python3.12/site-packages/airflow/example_dags/example_setup_teardown.py
[2024-10-16T13:02:16.244+0000] {logging_mixin.py:190} INFO - [2024-10-16T13:02:16.243+0000] {dag.py:3239} INFO - Sync 1 DAGs
[2024-10-16T13:02:16.261+0000] {logging_mixin.py:190} INFO - [2024-10-16T13:02:16.261+0000] {dag.py:4180} INFO - Setting next_dagrun for example_setup_teardown to None, run_after=None
[2024-10-16T13:02:16.285+0000] {processor.py:208} INFO - Processing /home/airflow/.local/lib/python3.12/site-packages/airflow/example_dags/example_setup_teardown.py took 0.092 seconds
[2024-10-16T13:02:47.314+0000] {processor.py:186} INFO - Started process (PID=1573) to work on /home/airflow/.local/lib/python3.12/site-packages/airflow/example_dags/example_setup_teardown.py
[2024-10-16T13:02:47.316+0000] {processor.py:914} INFO - Processing file /home/airflow/.local/lib/python3.12/site-packages/airflow/example_dags/example_setup_teardown.py for tasks to queue
[2024-10-16T13:02:47.320+0000] {logging_mixin.py:190} INFO - [2024-10-16T13:02:47.319+0000] {dagbag.py:588} INFO - Filling up the DagBag from /home/airflow/.local/lib/python3.12/site-packages/airflow/example_dags/example_setup_teardown.py
[2024-10-16T13:02:47.331+0000] {processor.py:925} INFO - DAG(s) 'example_setup_teardown' retrieved from /home/airflow/.local/lib/python3.12/site-packages/airflow/example_dags/example_setup_teardown.py
[2024-10-16T13:02:47.367+0000] {logging_mixin.py:190} INFO - [2024-10-16T13:02:47.366+0000] {dag.py:3239} INFO - Sync 1 DAGs
[2024-10-16T13:02:47.386+0000] {logging_mixin.py:190} INFO - [2024-10-16T13:02:47.386+0000] {dag.py:4180} INFO - Setting next_dagrun for example_setup_teardown to None, run_after=None
[2024-10-16T13:02:47.423+0000] {processor.py:208} INFO - Processing /home/airflow/.local/lib/python3.12/site-packages/airflow/example_dags/example_setup_teardown.py took 0.116 seconds
[2024-10-16T13:03:18.357+0000] {processor.py:186} INFO - Started process (PID=1636) to work on /home/airflow/.local/lib/python3.12/site-packages/airflow/example_dags/example_setup_teardown.py
[2024-10-16T13:03:18.360+0000] {processor.py:914} INFO - Processing file /home/airflow/.local/lib/python3.12/site-packages/airflow/example_dags/example_setup_teardown.py for tasks to queue
[2024-10-16T13:03:18.363+0000] {logging_mixin.py:190} INFO - [2024-10-16T13:03:18.362+0000] {dagbag.py:588} INFO - Filling up the DagBag from /home/airflow/.local/lib/python3.12/site-packages/airflow/example_dags/example_setup_teardown.py
[2024-10-16T13:03:18.373+0000] {processor.py:925} INFO - DAG(s) 'example_setup_teardown' retrieved from /home/airflow/.local/lib/python3.12/site-packages/airflow/example_dags/example_setup_teardown.py
[2024-10-16T13:03:18.401+0000] {logging_mixin.py:190} INFO - [2024-10-16T13:03:18.401+0000] {dag.py:3239} INFO - Sync 1 DAGs
[2024-10-16T13:03:18.419+0000] {logging_mixin.py:190} INFO - [2024-10-16T13:03:18.419+0000] {dag.py:4180} INFO - Setting next_dagrun for example_setup_teardown to None, run_after=None
[2024-10-16T13:03:18.460+0000] {processor.py:208} INFO - Processing /home/airflow/.local/lib/python3.12/site-packages/airflow/example_dags/example_setup_teardown.py took 0.114 seconds
[2024-10-16T13:03:49.396+0000] {processor.py:186} INFO - Started process (PID=1698) to work on /home/airflow/.local/lib/python3.12/site-packages/airflow/example_dags/example_setup_teardown.py
[2024-10-16T13:03:49.406+0000] {processor.py:914} INFO - Processing file /home/airflow/.local/lib/python3.12/site-packages/airflow/example_dags/example_setup_teardown.py for tasks to queue
[2024-10-16T13:03:49.409+0000] {logging_mixin.py:190} INFO - [2024-10-16T13:03:49.409+0000] {dagbag.py:588} INFO - Filling up the DagBag from /home/airflow/.local/lib/python3.12/site-packages/airflow/example_dags/example_setup_teardown.py
[2024-10-16T13:03:49.420+0000] {processor.py:925} INFO - DAG(s) 'example_setup_teardown' retrieved from /home/airflow/.local/lib/python3.12/site-packages/airflow/example_dags/example_setup_teardown.py
[2024-10-16T13:03:49.455+0000] {logging_mixin.py:190} INFO - [2024-10-16T13:03:49.454+0000] {dag.py:3239} INFO - Sync 1 DAGs
[2024-10-16T13:03:49.473+0000] {logging_mixin.py:190} INFO - [2024-10-16T13:03:49.473+0000] {dag.py:4180} INFO - Setting next_dagrun for example_setup_teardown to None, run_after=None
[2024-10-16T13:03:49.505+0000] {processor.py:208} INFO - Processing /home/airflow/.local/lib/python3.12/site-packages/airflow/example_dags/example_setup_teardown.py took 0.116 seconds
[2024-10-16T13:04:20.112+0000] {processor.py:186} INFO - Started process (PID=1760) to work on /home/airflow/.local/lib/python3.12/site-packages/airflow/example_dags/example_setup_teardown.py
[2024-10-16T13:04:20.114+0000] {processor.py:914} INFO - Processing file /home/airflow/.local/lib/python3.12/site-packages/airflow/example_dags/example_setup_teardown.py for tasks to queue
[2024-10-16T13:04:20.122+0000] {logging_mixin.py:190} INFO - [2024-10-16T13:04:20.122+0000] {dagbag.py:588} INFO - Filling up the DagBag from /home/airflow/.local/lib/python3.12/site-packages/airflow/example_dags/example_setup_teardown.py
[2024-10-16T13:04:20.135+0000] {processor.py:925} INFO - DAG(s) 'example_setup_teardown' retrieved from /home/airflow/.local/lib/python3.12/site-packages/airflow/example_dags/example_setup_teardown.py
[2024-10-16T13:04:20.169+0000] {logging_mixin.py:190} INFO - [2024-10-16T13:04:20.169+0000] {dag.py:3239} INFO - Sync 1 DAGs
[2024-10-16T13:04:20.187+0000] {logging_mixin.py:190} INFO - [2024-10-16T13:04:20.186+0000] {dag.py:4180} INFO - Setting next_dagrun for example_setup_teardown to None, run_after=None
[2024-10-16T13:04:20.217+0000] {processor.py:208} INFO - Processing /home/airflow/.local/lib/python3.12/site-packages/airflow/example_dags/example_setup_teardown.py took 0.112 seconds
[2024-10-16T13:08:03.190+0000] {processor.py:186} INFO - Started process (PID=70) to work on /home/airflow/.local/lib/python3.12/site-packages/airflow/example_dags/example_setup_teardown.py
[2024-10-16T13:08:03.192+0000] {processor.py:914} INFO - Processing file /home/airflow/.local/lib/python3.12/site-packages/airflow/example_dags/example_setup_teardown.py for tasks to queue
[2024-10-16T13:08:03.195+0000] {logging_mixin.py:190} INFO - [2024-10-16T13:08:03.194+0000] {dagbag.py:588} INFO - Filling up the DagBag from /home/airflow/.local/lib/python3.12/site-packages/airflow/example_dags/example_setup_teardown.py
[2024-10-16T13:08:03.207+0000] {processor.py:925} INFO - DAG(s) 'example_setup_teardown' retrieved from /home/airflow/.local/lib/python3.12/site-packages/airflow/example_dags/example_setup_teardown.py
[2024-10-16T13:08:03.347+0000] {logging_mixin.py:190} INFO - [2024-10-16T13:08:03.346+0000] {override.py:1900} INFO - Created Permission View: can read on DAG:example_setup_teardown
[2024-10-16T13:08:03.359+0000] {logging_mixin.py:190} INFO - [2024-10-16T13:08:03.359+0000] {override.py:1900} INFO - Created Permission View: can delete on DAG:example_setup_teardown
[2024-10-16T13:08:03.367+0000] {logging_mixin.py:190} INFO - [2024-10-16T13:08:03.367+0000] {override.py:1900} INFO - Created Permission View: can edit on DAG:example_setup_teardown
[2024-10-16T13:08:03.375+0000] {logging_mixin.py:190} INFO - [2024-10-16T13:08:03.375+0000] {override.py:1900} INFO - Created Permission View: can create on DAG Run:example_setup_teardown
[2024-10-16T13:08:03.382+0000] {logging_mixin.py:190} INFO - [2024-10-16T13:08:03.382+0000] {override.py:1900} INFO - Created Permission View: menu access on DAG Run:example_setup_teardown
[2024-10-16T13:08:03.389+0000] {logging_mixin.py:190} INFO - [2024-10-16T13:08:03.389+0000] {override.py:1900} INFO - Created Permission View: can read on DAG Run:example_setup_teardown
[2024-10-16T13:08:03.398+0000] {logging_mixin.py:190} INFO - [2024-10-16T13:08:03.398+0000] {override.py:1900} INFO - Created Permission View: can delete on DAG Run:example_setup_teardown
[2024-10-16T13:08:03.399+0000] {logging_mixin.py:190} INFO - [2024-10-16T13:08:03.399+0000] {dag.py:3239} INFO - Sync 1 DAGs
[2024-10-16T13:08:03.414+0000] {logging_mixin.py:190} INFO - [2024-10-16T13:08:03.414+0000] {dag.py:3262} INFO - Creating ORM DAG for example_setup_teardown
[2024-10-16T13:08:03.416+0000] {logging_mixin.py:190} INFO - [2024-10-16T13:08:03.415+0000] {dag.py:4180} INFO - Setting next_dagrun for example_setup_teardown to None, run_after=None
[2024-10-16T13:08:03.444+0000] {processor.py:208} INFO - Processing /home/airflow/.local/lib/python3.12/site-packages/airflow/example_dags/example_setup_teardown.py took 0.261 seconds
[2024-10-16T13:08:34.363+0000] {processor.py:186} INFO - Started process (PID=139) to work on /home/airflow/.local/lib/python3.12/site-packages/airflow/example_dags/example_setup_teardown.py
[2024-10-16T13:08:34.364+0000] {processor.py:914} INFO - Processing file /home/airflow/.local/lib/python3.12/site-packages/airflow/example_dags/example_setup_teardown.py for tasks to queue
[2024-10-16T13:08:34.368+0000] {logging_mixin.py:190} INFO - [2024-10-16T13:08:34.367+0000] {dagbag.py:588} INFO - Filling up the DagBag from /home/airflow/.local/lib/python3.12/site-packages/airflow/example_dags/example_setup_teardown.py
[2024-10-16T13:08:34.377+0000] {processor.py:925} INFO - DAG(s) 'example_setup_teardown' retrieved from /home/airflow/.local/lib/python3.12/site-packages/airflow/example_dags/example_setup_teardown.py
[2024-10-16T13:08:34.403+0000] {logging_mixin.py:190} INFO - [2024-10-16T13:08:34.403+0000] {dag.py:3239} INFO - Sync 1 DAGs
[2024-10-16T13:08:34.427+0000] {logging_mixin.py:190} INFO - [2024-10-16T13:08:34.426+0000] {dag.py:4180} INFO - Setting next_dagrun for example_setup_teardown to None, run_after=None
[2024-10-16T13:08:34.461+0000] {processor.py:208} INFO - Processing /home/airflow/.local/lib/python3.12/site-packages/airflow/example_dags/example_setup_teardown.py took 0.106 seconds
[2024-10-16T13:09:04.902+0000] {processor.py:186} INFO - Started process (PID=202) to work on /home/airflow/.local/lib/python3.12/site-packages/airflow/example_dags/example_setup_teardown.py
[2024-10-16T13:09:04.903+0000] {processor.py:914} INFO - Processing file /home/airflow/.local/lib/python3.12/site-packages/airflow/example_dags/example_setup_teardown.py for tasks to queue
[2024-10-16T13:09:04.907+0000] {logging_mixin.py:190} INFO - [2024-10-16T13:09:04.906+0000] {dagbag.py:588} INFO - Filling up the DagBag from /home/airflow/.local/lib/python3.12/site-packages/airflow/example_dags/example_setup_teardown.py
[2024-10-16T13:09:04.917+0000] {processor.py:925} INFO - DAG(s) 'example_setup_teardown' retrieved from /home/airflow/.local/lib/python3.12/site-packages/airflow/example_dags/example_setup_teardown.py
[2024-10-16T13:09:04.945+0000] {logging_mixin.py:190} INFO - [2024-10-16T13:09:04.945+0000] {dag.py:3239} INFO - Sync 1 DAGs
[2024-10-16T13:09:04.964+0000] {logging_mixin.py:190} INFO - [2024-10-16T13:09:04.964+0000] {dag.py:4180} INFO - Setting next_dagrun for example_setup_teardown to None, run_after=None
[2024-10-16T13:09:05.000+0000] {processor.py:208} INFO - Processing /home/airflow/.local/lib/python3.12/site-packages/airflow/example_dags/example_setup_teardown.py took 0.108 seconds
[2024-10-16T13:09:35.066+0000] {processor.py:186} INFO - Started process (PID=265) to work on /home/airflow/.local/lib/python3.12/site-packages/airflow/example_dags/example_setup_teardown.py
[2024-10-16T13:09:35.067+0000] {processor.py:914} INFO - Processing file /home/airflow/.local/lib/python3.12/site-packages/airflow/example_dags/example_setup_teardown.py for tasks to queue
[2024-10-16T13:09:35.070+0000] {logging_mixin.py:190} INFO - [2024-10-16T13:09:35.070+0000] {dagbag.py:588} INFO - Filling up the DagBag from /home/airflow/.local/lib/python3.12/site-packages/airflow/example_dags/example_setup_teardown.py
[2024-10-16T13:09:35.080+0000] {processor.py:925} INFO - DAG(s) 'example_setup_teardown' retrieved from /home/airflow/.local/lib/python3.12/site-packages/airflow/example_dags/example_setup_teardown.py
[2024-10-16T13:09:35.108+0000] {logging_mixin.py:190} INFO - [2024-10-16T13:09:35.107+0000] {dag.py:3239} INFO - Sync 1 DAGs
[2024-10-16T13:09:35.125+0000] {logging_mixin.py:190} INFO - [2024-10-16T13:09:35.125+0000] {dag.py:4180} INFO - Setting next_dagrun for example_setup_teardown to None, run_after=None
[2024-10-16T13:09:35.148+0000] {processor.py:208} INFO - Processing /home/airflow/.local/lib/python3.12/site-packages/airflow/example_dags/example_setup_teardown.py took 0.089 seconds
[2024-10-16T13:10:05.768+0000] {processor.py:186} INFO - Started process (PID=328) to work on /home/airflow/.local/lib/python3.12/site-packages/airflow/example_dags/example_setup_teardown.py
[2024-10-16T13:10:05.773+0000] {processor.py:914} INFO - Processing file /home/airflow/.local/lib/python3.12/site-packages/airflow/example_dags/example_setup_teardown.py for tasks to queue
[2024-10-16T13:10:05.775+0000] {logging_mixin.py:190} INFO - [2024-10-16T13:10:05.775+0000] {dagbag.py:588} INFO - Filling up the DagBag from /home/airflow/.local/lib/python3.12/site-packages/airflow/example_dags/example_setup_teardown.py
[2024-10-16T13:10:05.788+0000] {processor.py:925} INFO - DAG(s) 'example_setup_teardown' retrieved from /home/airflow/.local/lib/python3.12/site-packages/airflow/example_dags/example_setup_teardown.py
[2024-10-16T13:10:05.819+0000] {logging_mixin.py:190} INFO - [2024-10-16T13:10:05.818+0000] {dag.py:3239} INFO - Sync 1 DAGs
[2024-10-16T13:10:05.835+0000] {logging_mixin.py:190} INFO - [2024-10-16T13:10:05.835+0000] {dag.py:4180} INFO - Setting next_dagrun for example_setup_teardown to None, run_after=None
[2024-10-16T13:10:05.870+0000] {processor.py:208} INFO - Processing /home/airflow/.local/lib/python3.12/site-packages/airflow/example_dags/example_setup_teardown.py took 0.110 seconds
[2024-10-16T13:10:36.748+0000] {processor.py:186} INFO - Started process (PID=391) to work on /home/airflow/.local/lib/python3.12/site-packages/airflow/example_dags/example_setup_teardown.py
[2024-10-16T13:10:36.750+0000] {processor.py:914} INFO - Processing file /home/airflow/.local/lib/python3.12/site-packages/airflow/example_dags/example_setup_teardown.py for tasks to queue
[2024-10-16T13:10:36.752+0000] {logging_mixin.py:190} INFO - [2024-10-16T13:10:36.752+0000] {dagbag.py:588} INFO - Filling up the DagBag from /home/airflow/.local/lib/python3.12/site-packages/airflow/example_dags/example_setup_teardown.py
[2024-10-16T13:10:36.762+0000] {processor.py:925} INFO - DAG(s) 'example_setup_teardown' retrieved from /home/airflow/.local/lib/python3.12/site-packages/airflow/example_dags/example_setup_teardown.py
[2024-10-16T13:10:36.795+0000] {logging_mixin.py:190} INFO - [2024-10-16T13:10:36.794+0000] {dag.py:3239} INFO - Sync 1 DAGs
[2024-10-16T13:10:36.815+0000] {logging_mixin.py:190} INFO - [2024-10-16T13:10:36.815+0000] {dag.py:4180} INFO - Setting next_dagrun for example_setup_teardown to None, run_after=None
[2024-10-16T13:10:36.855+0000] {processor.py:208} INFO - Processing /home/airflow/.local/lib/python3.12/site-packages/airflow/example_dags/example_setup_teardown.py took 0.113 seconds
[2024-10-16T13:11:07.018+0000] {processor.py:186} INFO - Started process (PID=454) to work on /home/airflow/.local/lib/python3.12/site-packages/airflow/example_dags/example_setup_teardown.py
[2024-10-16T13:11:07.019+0000] {processor.py:914} INFO - Processing file /home/airflow/.local/lib/python3.12/site-packages/airflow/example_dags/example_setup_teardown.py for tasks to queue
[2024-10-16T13:11:07.022+0000] {logging_mixin.py:190} INFO - [2024-10-16T13:11:07.022+0000] {dagbag.py:588} INFO - Filling up the DagBag from /home/airflow/.local/lib/python3.12/site-packages/airflow/example_dags/example_setup_teardown.py
[2024-10-16T13:11:07.032+0000] {processor.py:925} INFO - DAG(s) 'example_setup_teardown' retrieved from /home/airflow/.local/lib/python3.12/site-packages/airflow/example_dags/example_setup_teardown.py
[2024-10-16T13:11:07.059+0000] {logging_mixin.py:190} INFO - [2024-10-16T13:11:07.058+0000] {dag.py:3239} INFO - Sync 1 DAGs
[2024-10-16T13:11:07.074+0000] {logging_mixin.py:190} INFO - [2024-10-16T13:11:07.074+0000] {dag.py:4180} INFO - Setting next_dagrun for example_setup_teardown to None, run_after=None
[2024-10-16T13:11:07.094+0000] {processor.py:208} INFO - Processing /home/airflow/.local/lib/python3.12/site-packages/airflow/example_dags/example_setup_teardown.py took 0.083 seconds
[2024-10-16T13:12:43.171+0000] {processor.py:186} INFO - Started process (PID=75) to work on /home/airflow/.local/lib/python3.12/site-packages/airflow/example_dags/example_setup_teardown.py
[2024-10-16T13:12:43.172+0000] {processor.py:914} INFO - Processing file /home/airflow/.local/lib/python3.12/site-packages/airflow/example_dags/example_setup_teardown.py for tasks to queue
[2024-10-16T13:12:43.174+0000] {logging_mixin.py:190} INFO - [2024-10-16T13:12:43.174+0000] {dagbag.py:588} INFO - Filling up the DagBag from /home/airflow/.local/lib/python3.12/site-packages/airflow/example_dags/example_setup_teardown.py
[2024-10-16T13:12:43.186+0000] {processor.py:925} INFO - DAG(s) 'example_setup_teardown' retrieved from /home/airflow/.local/lib/python3.12/site-packages/airflow/example_dags/example_setup_teardown.py
[2024-10-16T13:12:43.352+0000] {logging_mixin.py:190} INFO - [2024-10-16T13:12:43.350+0000] {override.py:1900} INFO - Created Permission View: can read on DAG:example_setup_teardown
[2024-10-16T13:12:43.372+0000] {logging_mixin.py:190} INFO - [2024-10-16T13:12:43.371+0000] {override.py:1900} INFO - Created Permission View: can edit on DAG:example_setup_teardown
[2024-10-16T13:12:43.383+0000] {logging_mixin.py:190} INFO - [2024-10-16T13:12:43.382+0000] {override.py:1900} INFO - Created Permission View: can delete on DAG:example_setup_teardown
[2024-10-16T13:12:43.395+0000] {logging_mixin.py:190} INFO - [2024-10-16T13:12:43.395+0000] {override.py:1900} INFO - Created Permission View: can read on DAG Run:example_setup_teardown
[2024-10-16T13:12:43.404+0000] {logging_mixin.py:190} INFO - [2024-10-16T13:12:43.403+0000] {override.py:1900} INFO - Created Permission View: menu access on DAG Run:example_setup_teardown
[2024-10-16T13:12:43.414+0000] {logging_mixin.py:190} INFO - [2024-10-16T13:12:43.413+0000] {override.py:1900} INFO - Created Permission View: can delete on DAG Run:example_setup_teardown
[2024-10-16T13:12:43.422+0000] {logging_mixin.py:190} INFO - [2024-10-16T13:12:43.422+0000] {override.py:1900} INFO - Created Permission View: can create on DAG Run:example_setup_teardown
[2024-10-16T13:12:43.424+0000] {logging_mixin.py:190} INFO - [2024-10-16T13:12:43.423+0000] {dag.py:3239} INFO - Sync 1 DAGs
[2024-10-16T13:12:43.441+0000] {logging_mixin.py:190} INFO - [2024-10-16T13:12:43.440+0000] {dag.py:3262} INFO - Creating ORM DAG for example_setup_teardown
[2024-10-16T13:12:43.442+0000] {logging_mixin.py:190} INFO - [2024-10-16T13:12:43.442+0000] {dag.py:4180} INFO - Setting next_dagrun for example_setup_teardown to None, run_after=None
[2024-10-16T13:12:43.466+0000] {processor.py:208} INFO - Processing /home/airflow/.local/lib/python3.12/site-packages/airflow/example_dags/example_setup_teardown.py took 0.304 seconds
[2024-10-16T13:13:13.918+0000] {processor.py:186} INFO - Started process (PID=138) to work on /home/airflow/.local/lib/python3.12/site-packages/airflow/example_dags/example_setup_teardown.py
[2024-10-16T13:13:13.919+0000] {processor.py:914} INFO - Processing file /home/airflow/.local/lib/python3.12/site-packages/airflow/example_dags/example_setup_teardown.py for tasks to queue
[2024-10-16T13:13:13.922+0000] {logging_mixin.py:190} INFO - [2024-10-16T13:13:13.921+0000] {dagbag.py:588} INFO - Filling up the DagBag from /home/airflow/.local/lib/python3.12/site-packages/airflow/example_dags/example_setup_teardown.py
[2024-10-16T13:13:13.931+0000] {processor.py:925} INFO - DAG(s) 'example_setup_teardown' retrieved from /home/airflow/.local/lib/python3.12/site-packages/airflow/example_dags/example_setup_teardown.py
[2024-10-16T13:13:13.958+0000] {logging_mixin.py:190} INFO - [2024-10-16T13:13:13.957+0000] {dag.py:3239} INFO - Sync 1 DAGs
[2024-10-16T13:13:13.975+0000] {logging_mixin.py:190} INFO - [2024-10-16T13:13:13.975+0000] {dag.py:4180} INFO - Setting next_dagrun for example_setup_teardown to None, run_after=None
[2024-10-16T13:13:14.002+0000] {processor.py:208} INFO - Processing /home/airflow/.local/lib/python3.12/site-packages/airflow/example_dags/example_setup_teardown.py took 0.092 seconds
[2024-10-16T13:14:44.670+0000] {processor.py:186} INFO - Started process (PID=71) to work on /home/airflow/.local/lib/python3.12/site-packages/airflow/example_dags/example_setup_teardown.py
[2024-10-16T13:14:44.672+0000] {processor.py:914} INFO - Processing file /home/airflow/.local/lib/python3.12/site-packages/airflow/example_dags/example_setup_teardown.py for tasks to queue
[2024-10-16T13:14:44.675+0000] {logging_mixin.py:190} INFO - [2024-10-16T13:14:44.674+0000] {dagbag.py:588} INFO - Filling up the DagBag from /home/airflow/.local/lib/python3.12/site-packages/airflow/example_dags/example_setup_teardown.py
[2024-10-16T13:14:44.691+0000] {processor.py:925} INFO - DAG(s) 'example_setup_teardown' retrieved from /home/airflow/.local/lib/python3.12/site-packages/airflow/example_dags/example_setup_teardown.py
[2024-10-16T13:14:44.864+0000] {logging_mixin.py:190} INFO - [2024-10-16T13:14:44.863+0000] {override.py:1900} INFO - Created Permission View: can read on DAG:example_setup_teardown
[2024-10-16T13:14:44.876+0000] {logging_mixin.py:190} INFO - [2024-10-16T13:14:44.876+0000] {override.py:1900} INFO - Created Permission View: can delete on DAG:example_setup_teardown
[2024-10-16T13:14:44.888+0000] {logging_mixin.py:190} INFO - [2024-10-16T13:14:44.887+0000] {override.py:1900} INFO - Created Permission View: can edit on DAG:example_setup_teardown
[2024-10-16T13:14:44.901+0000] {logging_mixin.py:190} INFO - [2024-10-16T13:14:44.901+0000] {override.py:1900} INFO - Created Permission View: can read on DAG Run:example_setup_teardown
[2024-10-16T13:14:44.914+0000] {logging_mixin.py:190} INFO - [2024-10-16T13:14:44.914+0000] {override.py:1900} INFO - Created Permission View: can create on DAG Run:example_setup_teardown
[2024-10-16T13:14:44.925+0000] {logging_mixin.py:190} INFO - [2024-10-16T13:14:44.925+0000] {override.py:1900} INFO - Created Permission View: can delete on DAG Run:example_setup_teardown
[2024-10-16T13:14:44.936+0000] {logging_mixin.py:190} INFO - [2024-10-16T13:14:44.936+0000] {override.py:1900} INFO - Created Permission View: menu access on DAG Run:example_setup_teardown
[2024-10-16T13:14:44.937+0000] {logging_mixin.py:190} INFO - [2024-10-16T13:14:44.937+0000] {dag.py:3239} INFO - Sync 1 DAGs
[2024-10-16T13:14:44.954+0000] {logging_mixin.py:190} INFO - [2024-10-16T13:14:44.954+0000] {dag.py:3262} INFO - Creating ORM DAG for example_setup_teardown
[2024-10-16T13:14:44.956+0000] {logging_mixin.py:190} INFO - [2024-10-16T13:14:44.956+0000] {dag.py:4180} INFO - Setting next_dagrun for example_setup_teardown to None, run_after=None
[2024-10-16T13:14:44.979+0000] {processor.py:208} INFO - Processing /home/airflow/.local/lib/python3.12/site-packages/airflow/example_dags/example_setup_teardown.py took 0.317 seconds
[2024-10-16T13:16:13.711+0000] {processor.py:186} INFO - Started process (PID=70) to work on /home/airflow/.local/lib/python3.12/site-packages/airflow/example_dags/example_setup_teardown.py
[2024-10-16T13:16:13.711+0000] {processor.py:914} INFO - Processing file /home/airflow/.local/lib/python3.12/site-packages/airflow/example_dags/example_setup_teardown.py for tasks to queue
[2024-10-16T13:16:13.713+0000] {logging_mixin.py:190} INFO - [2024-10-16T13:16:13.713+0000] {dagbag.py:588} INFO - Filling up the DagBag from /home/airflow/.local/lib/python3.12/site-packages/airflow/example_dags/example_setup_teardown.py
[2024-10-16T13:16:13.728+0000] {processor.py:925} INFO - DAG(s) 'example_setup_teardown' retrieved from /home/airflow/.local/lib/python3.12/site-packages/airflow/example_dags/example_setup_teardown.py
[2024-10-16T13:16:13.955+0000] {logging_mixin.py:190} INFO - [2024-10-16T13:16:13.954+0000] {override.py:1900} INFO - Created Permission View: can edit on DAG:example_setup_teardown
[2024-10-16T13:16:13.976+0000] {logging_mixin.py:190} INFO - [2024-10-16T13:16:13.975+0000] {override.py:1900} INFO - Created Permission View: can read on DAG:example_setup_teardown
[2024-10-16T13:16:13.988+0000] {logging_mixin.py:190} INFO - [2024-10-16T13:16:13.987+0000] {override.py:1900} INFO - Created Permission View: can delete on DAG:example_setup_teardown
[2024-10-16T13:16:14.000+0000] {logging_mixin.py:190} INFO - [2024-10-16T13:16:14.000+0000] {override.py:1900} INFO - Created Permission View: menu access on DAG Run:example_setup_teardown
[2024-10-16T13:16:14.009+0000] {logging_mixin.py:190} INFO - [2024-10-16T13:16:14.008+0000] {override.py:1900} INFO - Created Permission View: can read on DAG Run:example_setup_teardown
[2024-10-16T13:16:14.018+0000] {logging_mixin.py:190} INFO - [2024-10-16T13:16:14.018+0000] {override.py:1900} INFO - Created Permission View: can create on DAG Run:example_setup_teardown
[2024-10-16T13:16:14.026+0000] {logging_mixin.py:190} INFO - [2024-10-16T13:16:14.026+0000] {override.py:1900} INFO - Created Permission View: can delete on DAG Run:example_setup_teardown
[2024-10-16T13:16:14.027+0000] {logging_mixin.py:190} INFO - [2024-10-16T13:16:14.027+0000] {dag.py:3239} INFO - Sync 1 DAGs
[2024-10-16T13:16:14.041+0000] {logging_mixin.py:190} INFO - [2024-10-16T13:16:14.040+0000] {dag.py:3262} INFO - Creating ORM DAG for example_setup_teardown
[2024-10-16T13:16:14.042+0000] {logging_mixin.py:190} INFO - [2024-10-16T13:16:14.042+0000] {dag.py:4180} INFO - Setting next_dagrun for example_setup_teardown to None, run_after=None
[2024-10-16T13:16:14.068+0000] {processor.py:208} INFO - Processing /home/airflow/.local/lib/python3.12/site-packages/airflow/example_dags/example_setup_teardown.py took 0.365 seconds
[2024-10-16T13:16:44.396+0000] {processor.py:186} INFO - Started process (PID=139) to work on /home/airflow/.local/lib/python3.12/site-packages/airflow/example_dags/example_setup_teardown.py
[2024-10-16T13:16:44.401+0000] {processor.py:914} INFO - Processing file /home/airflow/.local/lib/python3.12/site-packages/airflow/example_dags/example_setup_teardown.py for tasks to queue
[2024-10-16T13:16:44.404+0000] {logging_mixin.py:190} INFO - [2024-10-16T13:16:44.404+0000] {dagbag.py:588} INFO - Filling up the DagBag from /home/airflow/.local/lib/python3.12/site-packages/airflow/example_dags/example_setup_teardown.py
[2024-10-16T13:16:44.414+0000] {processor.py:925} INFO - DAG(s) 'example_setup_teardown' retrieved from /home/airflow/.local/lib/python3.12/site-packages/airflow/example_dags/example_setup_teardown.py
[2024-10-16T13:16:44.443+0000] {logging_mixin.py:190} INFO - [2024-10-16T13:16:44.442+0000] {dag.py:3239} INFO - Sync 1 DAGs
[2024-10-16T13:16:44.460+0000] {logging_mixin.py:190} INFO - [2024-10-16T13:16:44.459+0000] {dag.py:4180} INFO - Setting next_dagrun for example_setup_teardown to None, run_after=None
[2024-10-16T13:16:44.486+0000] {processor.py:208} INFO - Processing /home/airflow/.local/lib/python3.12/site-packages/airflow/example_dags/example_setup_teardown.py took 0.098 seconds
[2024-10-16T13:17:14.723+0000] {processor.py:186} INFO - Started process (PID=202) to work on /home/airflow/.local/lib/python3.12/site-packages/airflow/example_dags/example_setup_teardown.py
[2024-10-16T13:17:14.725+0000] {processor.py:914} INFO - Processing file /home/airflow/.local/lib/python3.12/site-packages/airflow/example_dags/example_setup_teardown.py for tasks to queue
[2024-10-16T13:17:14.728+0000] {logging_mixin.py:190} INFO - [2024-10-16T13:17:14.728+0000] {dagbag.py:588} INFO - Filling up the DagBag from /home/airflow/.local/lib/python3.12/site-packages/airflow/example_dags/example_setup_teardown.py
[2024-10-16T13:17:14.738+0000] {processor.py:925} INFO - DAG(s) 'example_setup_teardown' retrieved from /home/airflow/.local/lib/python3.12/site-packages/airflow/example_dags/example_setup_teardown.py
[2024-10-16T13:17:14.764+0000] {logging_mixin.py:190} INFO - [2024-10-16T13:17:14.764+0000] {dag.py:3239} INFO - Sync 1 DAGs
[2024-10-16T13:17:14.781+0000] {logging_mixin.py:190} INFO - [2024-10-16T13:17:14.780+0000] {dag.py:4180} INFO - Setting next_dagrun for example_setup_teardown to None, run_after=None
[2024-10-16T13:17:14.809+0000] {processor.py:208} INFO - Processing /home/airflow/.local/lib/python3.12/site-packages/airflow/example_dags/example_setup_teardown.py took 0.093 seconds
[2024-10-16T13:17:45.791+0000] {processor.py:186} INFO - Started process (PID=265) to work on /home/airflow/.local/lib/python3.12/site-packages/airflow/example_dags/example_setup_teardown.py
[2024-10-16T13:17:45.793+0000] {processor.py:914} INFO - Processing file /home/airflow/.local/lib/python3.12/site-packages/airflow/example_dags/example_setup_teardown.py for tasks to queue
[2024-10-16T13:17:45.798+0000] {logging_mixin.py:190} INFO - [2024-10-16T13:17:45.798+0000] {dagbag.py:588} INFO - Filling up the DagBag from /home/airflow/.local/lib/python3.12/site-packages/airflow/example_dags/example_setup_teardown.py
[2024-10-16T13:17:45.821+0000] {processor.py:925} INFO - DAG(s) 'example_setup_teardown' retrieved from /home/airflow/.local/lib/python3.12/site-packages/airflow/example_dags/example_setup_teardown.py
[2024-10-16T13:17:45.846+0000] {logging_mixin.py:190} INFO - [2024-10-16T13:17:45.846+0000] {dag.py:3239} INFO - Sync 1 DAGs
[2024-10-16T13:17:45.864+0000] {logging_mixin.py:190} INFO - [2024-10-16T13:17:45.864+0000] {dag.py:4180} INFO - Setting next_dagrun for example_setup_teardown to None, run_after=None
[2024-10-16T13:17:45.896+0000] {processor.py:208} INFO - Processing /home/airflow/.local/lib/python3.12/site-packages/airflow/example_dags/example_setup_teardown.py took 0.112 seconds
[2024-10-16T13:18:16.366+0000] {processor.py:186} INFO - Started process (PID=328) to work on /home/airflow/.local/lib/python3.12/site-packages/airflow/example_dags/example_setup_teardown.py
[2024-10-16T13:18:16.368+0000] {processor.py:914} INFO - Processing file /home/airflow/.local/lib/python3.12/site-packages/airflow/example_dags/example_setup_teardown.py for tasks to queue
[2024-10-16T13:18:16.370+0000] {logging_mixin.py:190} INFO - [2024-10-16T13:18:16.370+0000] {dagbag.py:588} INFO - Filling up the DagBag from /home/airflow/.local/lib/python3.12/site-packages/airflow/example_dags/example_setup_teardown.py
[2024-10-16T13:18:16.377+0000] {processor.py:925} INFO - DAG(s) 'example_setup_teardown' retrieved from /home/airflow/.local/lib/python3.12/site-packages/airflow/example_dags/example_setup_teardown.py
[2024-10-16T13:18:16.397+0000] {logging_mixin.py:190} INFO - [2024-10-16T13:18:16.396+0000] {dag.py:3239} INFO - Sync 1 DAGs
[2024-10-16T13:18:16.408+0000] {logging_mixin.py:190} INFO - [2024-10-16T13:18:16.408+0000] {dag.py:4180} INFO - Setting next_dagrun for example_setup_teardown to None, run_after=None
[2024-10-16T13:18:16.439+0000] {processor.py:208} INFO - Processing /home/airflow/.local/lib/python3.12/site-packages/airflow/example_dags/example_setup_teardown.py took 0.082 seconds
[2024-10-16T13:18:47.114+0000] {processor.py:186} INFO - Started process (PID=391) to work on /home/airflow/.local/lib/python3.12/site-packages/airflow/example_dags/example_setup_teardown.py
[2024-10-16T13:18:47.115+0000] {processor.py:914} INFO - Processing file /home/airflow/.local/lib/python3.12/site-packages/airflow/example_dags/example_setup_teardown.py for tasks to queue
[2024-10-16T13:18:47.119+0000] {logging_mixin.py:190} INFO - [2024-10-16T13:18:47.118+0000] {dagbag.py:588} INFO - Filling up the DagBag from /home/airflow/.local/lib/python3.12/site-packages/airflow/example_dags/example_setup_teardown.py
[2024-10-16T13:18:47.129+0000] {processor.py:925} INFO - DAG(s) 'example_setup_teardown' retrieved from /home/airflow/.local/lib/python3.12/site-packages/airflow/example_dags/example_setup_teardown.py
[2024-10-16T13:18:47.159+0000] {logging_mixin.py:190} INFO - [2024-10-16T13:18:47.159+0000] {dag.py:3239} INFO - Sync 1 DAGs
[2024-10-16T13:18:47.174+0000] {logging_mixin.py:190} INFO - [2024-10-16T13:18:47.174+0000] {dag.py:4180} INFO - Setting next_dagrun for example_setup_teardown to None, run_after=None
[2024-10-16T13:18:47.208+0000] {processor.py:208} INFO - Processing /home/airflow/.local/lib/python3.12/site-packages/airflow/example_dags/example_setup_teardown.py took 0.102 seconds
[2024-10-16T13:19:17.540+0000] {processor.py:186} INFO - Started process (PID=454) to work on /home/airflow/.local/lib/python3.12/site-packages/airflow/example_dags/example_setup_teardown.py
[2024-10-16T13:19:17.543+0000] {processor.py:914} INFO - Processing file /home/airflow/.local/lib/python3.12/site-packages/airflow/example_dags/example_setup_teardown.py for tasks to queue
[2024-10-16T13:19:17.545+0000] {logging_mixin.py:190} INFO - [2024-10-16T13:19:17.545+0000] {dagbag.py:588} INFO - Filling up the DagBag from /home/airflow/.local/lib/python3.12/site-packages/airflow/example_dags/example_setup_teardown.py
[2024-10-16T13:19:17.555+0000] {processor.py:925} INFO - DAG(s) 'example_setup_teardown' retrieved from /home/airflow/.local/lib/python3.12/site-packages/airflow/example_dags/example_setup_teardown.py
[2024-10-16T13:19:17.586+0000] {logging_mixin.py:190} INFO - [2024-10-16T13:19:17.586+0000] {dag.py:3239} INFO - Sync 1 DAGs
[2024-10-16T13:19:17.604+0000] {logging_mixin.py:190} INFO - [2024-10-16T13:19:17.604+0000] {dag.py:4180} INFO - Setting next_dagrun for example_setup_teardown to None, run_after=None
[2024-10-16T13:19:17.633+0000] {processor.py:208} INFO - Processing /home/airflow/.local/lib/python3.12/site-packages/airflow/example_dags/example_setup_teardown.py took 0.100 seconds
[2024-10-16T13:19:48.387+0000] {processor.py:186} INFO - Started process (PID=517) to work on /home/airflow/.local/lib/python3.12/site-packages/airflow/example_dags/example_setup_teardown.py
[2024-10-16T13:19:48.388+0000] {processor.py:914} INFO - Processing file /home/airflow/.local/lib/python3.12/site-packages/airflow/example_dags/example_setup_teardown.py for tasks to queue
[2024-10-16T13:19:48.391+0000] {logging_mixin.py:190} INFO - [2024-10-16T13:19:48.390+0000] {dagbag.py:588} INFO - Filling up the DagBag from /home/airflow/.local/lib/python3.12/site-packages/airflow/example_dags/example_setup_teardown.py
[2024-10-16T13:19:48.399+0000] {processor.py:925} INFO - DAG(s) 'example_setup_teardown' retrieved from /home/airflow/.local/lib/python3.12/site-packages/airflow/example_dags/example_setup_teardown.py
[2024-10-16T13:19:48.424+0000] {logging_mixin.py:190} INFO - [2024-10-16T13:19:48.423+0000] {dag.py:3239} INFO - Sync 1 DAGs
[2024-10-16T13:19:48.448+0000] {logging_mixin.py:190} INFO - [2024-10-16T13:19:48.448+0000] {dag.py:4180} INFO - Setting next_dagrun for example_setup_teardown to None, run_after=None
[2024-10-16T13:19:48.478+0000] {processor.py:208} INFO - Processing /home/airflow/.local/lib/python3.12/site-packages/airflow/example_dags/example_setup_teardown.py took 0.098 seconds
[2024-10-16T13:20:19.582+0000] {processor.py:186} INFO - Started process (PID=580) to work on /home/airflow/.local/lib/python3.12/site-packages/airflow/example_dags/example_setup_teardown.py
[2024-10-16T13:20:19.584+0000] {processor.py:914} INFO - Processing file /home/airflow/.local/lib/python3.12/site-packages/airflow/example_dags/example_setup_teardown.py for tasks to queue
[2024-10-16T13:20:19.587+0000] {logging_mixin.py:190} INFO - [2024-10-16T13:20:19.586+0000] {dagbag.py:588} INFO - Filling up the DagBag from /home/airflow/.local/lib/python3.12/site-packages/airflow/example_dags/example_setup_teardown.py
[2024-10-16T13:20:19.607+0000] {processor.py:925} INFO - DAG(s) 'example_setup_teardown' retrieved from /home/airflow/.local/lib/python3.12/site-packages/airflow/example_dags/example_setup_teardown.py
[2024-10-16T13:20:19.652+0000] {logging_mixin.py:190} INFO - [2024-10-16T13:20:19.651+0000] {dag.py:3239} INFO - Sync 1 DAGs
[2024-10-16T13:20:19.670+0000] {logging_mixin.py:190} INFO - [2024-10-16T13:20:19.670+0000] {dag.py:4180} INFO - Setting next_dagrun for example_setup_teardown to None, run_after=None
[2024-10-16T13:20:19.692+0000] {processor.py:208} INFO - Processing /home/airflow/.local/lib/python3.12/site-packages/airflow/example_dags/example_setup_teardown.py took 0.119 seconds
[2024-10-16T13:20:49.868+0000] {processor.py:186} INFO - Started process (PID=642) to work on /home/airflow/.local/lib/python3.12/site-packages/airflow/example_dags/example_setup_teardown.py
[2024-10-16T13:20:49.869+0000] {processor.py:914} INFO - Processing file /home/airflow/.local/lib/python3.12/site-packages/airflow/example_dags/example_setup_teardown.py for tasks to queue
[2024-10-16T13:20:49.873+0000] {logging_mixin.py:190} INFO - [2024-10-16T13:20:49.872+0000] {dagbag.py:588} INFO - Filling up the DagBag from /home/airflow/.local/lib/python3.12/site-packages/airflow/example_dags/example_setup_teardown.py
[2024-10-16T13:20:49.884+0000] {processor.py:925} INFO - DAG(s) 'example_setup_teardown' retrieved from /home/airflow/.local/lib/python3.12/site-packages/airflow/example_dags/example_setup_teardown.py
[2024-10-16T13:20:49.912+0000] {logging_mixin.py:190} INFO - [2024-10-16T13:20:49.912+0000] {dag.py:3239} INFO - Sync 1 DAGs
[2024-10-16T13:20:49.934+0000] {logging_mixin.py:190} INFO - [2024-10-16T13:20:49.933+0000] {dag.py:4180} INFO - Setting next_dagrun for example_setup_teardown to None, run_after=None
[2024-10-16T13:20:49.960+0000] {processor.py:208} INFO - Processing /home/airflow/.local/lib/python3.12/site-packages/airflow/example_dags/example_setup_teardown.py took 0.101 seconds
[2024-10-16T13:21:59.794+0000] {processor.py:186} INFO - Started process (PID=69) to work on /home/airflow/.local/lib/python3.12/site-packages/airflow/example_dags/example_setup_teardown.py
[2024-10-16T13:21:59.796+0000] {processor.py:914} INFO - Processing file /home/airflow/.local/lib/python3.12/site-packages/airflow/example_dags/example_setup_teardown.py for tasks to queue
[2024-10-16T13:21:59.799+0000] {logging_mixin.py:190} INFO - [2024-10-16T13:21:59.798+0000] {dagbag.py:588} INFO - Filling up the DagBag from /home/airflow/.local/lib/python3.12/site-packages/airflow/example_dags/example_setup_teardown.py
[2024-10-16T13:21:59.812+0000] {processor.py:925} INFO - DAG(s) 'example_setup_teardown' retrieved from /home/airflow/.local/lib/python3.12/site-packages/airflow/example_dags/example_setup_teardown.py
[2024-10-16T13:21:59.953+0000] {logging_mixin.py:190} INFO - [2024-10-16T13:21:59.952+0000] {override.py:1900} INFO - Created Permission View: can edit on DAG:example_setup_teardown
[2024-10-16T13:21:59.977+0000] {logging_mixin.py:190} INFO - [2024-10-16T13:21:59.976+0000] {override.py:1900} INFO - Created Permission View: can read on DAG:example_setup_teardown
[2024-10-16T13:22:00.005+0000] {logging_mixin.py:190} INFO - [2024-10-16T13:22:00.005+0000] {override.py:1900} INFO - Created Permission View: can delete on DAG:example_setup_teardown
[2024-10-16T13:22:00.030+0000] {logging_mixin.py:190} INFO - [2024-10-16T13:22:00.029+0000] {override.py:1900} INFO - Created Permission View: can delete on DAG Run:example_setup_teardown
[2024-10-16T13:22:00.052+0000] {logging_mixin.py:190} INFO - [2024-10-16T13:22:00.051+0000] {override.py:1900} INFO - Created Permission View: can read on DAG Run:example_setup_teardown
[2024-10-16T13:22:00.073+0000] {logging_mixin.py:190} INFO - [2024-10-16T13:22:00.072+0000] {override.py:1900} INFO - Created Permission View: menu access on DAG Run:example_setup_teardown
[2024-10-16T13:22:00.086+0000] {logging_mixin.py:190} INFO - [2024-10-16T13:22:00.085+0000] {override.py:1900} INFO - Created Permission View: can create on DAG Run:example_setup_teardown
[2024-10-16T13:22:00.088+0000] {logging_mixin.py:190} INFO - [2024-10-16T13:22:00.088+0000] {dag.py:3239} INFO - Sync 1 DAGs
[2024-10-16T13:22:00.121+0000] {logging_mixin.py:190} INFO - [2024-10-16T13:22:00.121+0000] {dag.py:3262} INFO - Creating ORM DAG for example_setup_teardown
[2024-10-16T13:22:00.123+0000] {logging_mixin.py:190} INFO - [2024-10-16T13:22:00.123+0000] {dag.py:4180} INFO - Setting next_dagrun for example_setup_teardown to None, run_after=None
[2024-10-16T13:22:00.174+0000] {processor.py:208} INFO - Processing /home/airflow/.local/lib/python3.12/site-packages/airflow/example_dags/example_setup_teardown.py took 0.387 seconds
[2024-10-16T13:22:30.421+0000] {processor.py:186} INFO - Started process (PID=138) to work on /home/airflow/.local/lib/python3.12/site-packages/airflow/example_dags/example_setup_teardown.py
[2024-10-16T13:22:30.424+0000] {processor.py:914} INFO - Processing file /home/airflow/.local/lib/python3.12/site-packages/airflow/example_dags/example_setup_teardown.py for tasks to queue
[2024-10-16T13:22:30.429+0000] {logging_mixin.py:190} INFO - [2024-10-16T13:22:30.428+0000] {dagbag.py:588} INFO - Filling up the DagBag from /home/airflow/.local/lib/python3.12/site-packages/airflow/example_dags/example_setup_teardown.py
[2024-10-16T13:22:30.440+0000] {processor.py:925} INFO - DAG(s) 'example_setup_teardown' retrieved from /home/airflow/.local/lib/python3.12/site-packages/airflow/example_dags/example_setup_teardown.py
[2024-10-16T13:22:30.462+0000] {logging_mixin.py:190} INFO - [2024-10-16T13:22:30.462+0000] {dag.py:3239} INFO - Sync 1 DAGs
[2024-10-16T13:22:30.478+0000] {logging_mixin.py:190} INFO - [2024-10-16T13:22:30.478+0000] {dag.py:4180} INFO - Setting next_dagrun for example_setup_teardown to None, run_after=None
[2024-10-16T13:22:30.507+0000] {processor.py:208} INFO - Processing /home/airflow/.local/lib/python3.12/site-packages/airflow/example_dags/example_setup_teardown.py took 0.095 seconds
[2024-10-16T13:23:01.147+0000] {processor.py:186} INFO - Started process (PID=201) to work on /home/airflow/.local/lib/python3.12/site-packages/airflow/example_dags/example_setup_teardown.py
[2024-10-16T13:23:01.148+0000] {processor.py:914} INFO - Processing file /home/airflow/.local/lib/python3.12/site-packages/airflow/example_dags/example_setup_teardown.py for tasks to queue
[2024-10-16T13:23:01.150+0000] {logging_mixin.py:190} INFO - [2024-10-16T13:23:01.149+0000] {dagbag.py:588} INFO - Filling up the DagBag from /home/airflow/.local/lib/python3.12/site-packages/airflow/example_dags/example_setup_teardown.py
[2024-10-16T13:23:01.157+0000] {processor.py:925} INFO - DAG(s) 'example_setup_teardown' retrieved from /home/airflow/.local/lib/python3.12/site-packages/airflow/example_dags/example_setup_teardown.py
[2024-10-16T13:23:01.174+0000] {logging_mixin.py:190} INFO - [2024-10-16T13:23:01.174+0000] {dag.py:3239} INFO - Sync 1 DAGs
[2024-10-16T13:23:01.211+0000] {logging_mixin.py:190} INFO - [2024-10-16T13:23:01.210+0000] {dag.py:4180} INFO - Setting next_dagrun for example_setup_teardown to None, run_after=None
[2024-10-16T13:23:01.235+0000] {processor.py:208} INFO - Processing /home/airflow/.local/lib/python3.12/site-packages/airflow/example_dags/example_setup_teardown.py took 0.095 seconds
[2024-10-16T13:23:32.124+0000] {processor.py:186} INFO - Started process (PID=265) to work on /home/airflow/.local/lib/python3.12/site-packages/airflow/example_dags/example_setup_teardown.py
[2024-10-16T13:23:32.125+0000] {processor.py:914} INFO - Processing file /home/airflow/.local/lib/python3.12/site-packages/airflow/example_dags/example_setup_teardown.py for tasks to queue
[2024-10-16T13:23:32.129+0000] {logging_mixin.py:190} INFO - [2024-10-16T13:23:32.129+0000] {dagbag.py:588} INFO - Filling up the DagBag from /home/airflow/.local/lib/python3.12/site-packages/airflow/example_dags/example_setup_teardown.py
[2024-10-16T13:23:32.140+0000] {processor.py:925} INFO - DAG(s) 'example_setup_teardown' retrieved from /home/airflow/.local/lib/python3.12/site-packages/airflow/example_dags/example_setup_teardown.py
[2024-10-16T13:23:32.164+0000] {logging_mixin.py:190} INFO - [2024-10-16T13:23:32.164+0000] {dag.py:3239} INFO - Sync 1 DAGs
[2024-10-16T13:23:32.182+0000] {logging_mixin.py:190} INFO - [2024-10-16T13:23:32.182+0000] {dag.py:4180} INFO - Setting next_dagrun for example_setup_teardown to None, run_after=None
[2024-10-16T13:23:32.209+0000] {processor.py:208} INFO - Processing /home/airflow/.local/lib/python3.12/site-packages/airflow/example_dags/example_setup_teardown.py took 0.092 seconds
