[2024-10-16T12:50:35.790+0000] {processor.py:186} INFO - Started process (PID=115) to work on /home/airflow/.local/lib/python3.12/site-packages/airflow/example_dags/tutorial_taskflow_api.py
[2024-10-16T12:50:35.791+0000] {processor.py:914} INFO - Processing file /home/airflow/.local/lib/python3.12/site-packages/airflow/example_dags/tutorial_taskflow_api.py for tasks to queue
[2024-10-16T12:50:35.793+0000] {logging_mixin.py:190} INFO - [2024-10-16T12:50:35.793+0000] {dagbag.py:588} INFO - Filling up the DagBag from /home/airflow/.local/lib/python3.12/site-packages/airflow/example_dags/tutorial_taskflow_api.py
[2024-10-16T12:50:35.801+0000] {processor.py:925} INFO - DAG(s) 'tutorial_taskflow_api' retrieved from /home/airflow/.local/lib/python3.12/site-packages/airflow/example_dags/tutorial_taskflow_api.py
[2024-10-16T12:50:35.887+0000] {logging_mixin.py:190} INFO - [2024-10-16T12:50:35.886+0000] {override.py:1900} INFO - Created Permission View: can edit on DAG:tutorial_taskflow_api
[2024-10-16T12:50:35.898+0000] {logging_mixin.py:190} INFO - [2024-10-16T12:50:35.898+0000] {override.py:1900} INFO - Created Permission View: can read on DAG:tutorial_taskflow_api
[2024-10-16T12:50:35.905+0000] {logging_mixin.py:190} INFO - [2024-10-16T12:50:35.905+0000] {override.py:1900} INFO - Created Permission View: can delete on DAG:tutorial_taskflow_api
[2024-10-16T12:50:35.914+0000] {logging_mixin.py:190} INFO - [2024-10-16T12:50:35.913+0000] {override.py:1900} INFO - Created Permission View: can delete on DAG Run:tutorial_taskflow_api
[2024-10-16T12:50:35.919+0000] {logging_mixin.py:190} INFO - [2024-10-16T12:50:35.919+0000] {override.py:1900} INFO - Created Permission View: menu access on DAG Run:tutorial_taskflow_api
[2024-10-16T12:50:35.926+0000] {logging_mixin.py:190} INFO - [2024-10-16T12:50:35.925+0000] {override.py:1900} INFO - Created Permission View: can create on DAG Run:tutorial_taskflow_api
[2024-10-16T12:50:35.932+0000] {logging_mixin.py:190} INFO - [2024-10-16T12:50:35.932+0000] {override.py:1900} INFO - Created Permission View: can read on DAG Run:tutorial_taskflow_api
[2024-10-16T12:50:35.933+0000] {logging_mixin.py:190} INFO - [2024-10-16T12:50:35.933+0000] {dag.py:3239} INFO - Sync 1 DAGs
[2024-10-16T12:50:35.945+0000] {logging_mixin.py:190} INFO - [2024-10-16T12:50:35.945+0000] {dag.py:3262} INFO - Creating ORM DAG for tutorial_taskflow_api
[2024-10-16T12:50:35.947+0000] {logging_mixin.py:190} INFO - [2024-10-16T12:50:35.946+0000] {dag.py:4180} INFO - Setting next_dagrun for tutorial_taskflow_api to None, run_after=None
[2024-10-16T12:50:35.960+0000] {processor.py:208} INFO - Processing /home/airflow/.local/lib/python3.12/site-packages/airflow/example_dags/tutorial_taskflow_api.py took 0.175 seconds
[2024-10-16T12:51:06.462+0000] {processor.py:186} INFO - Started process (PID=177) to work on /home/airflow/.local/lib/python3.12/site-packages/airflow/example_dags/tutorial_taskflow_api.py
[2024-10-16T12:51:06.464+0000] {processor.py:914} INFO - Processing file /home/airflow/.local/lib/python3.12/site-packages/airflow/example_dags/tutorial_taskflow_api.py for tasks to queue
[2024-10-16T12:51:06.467+0000] {logging_mixin.py:190} INFO - [2024-10-16T12:51:06.467+0000] {dagbag.py:588} INFO - Filling up the DagBag from /home/airflow/.local/lib/python3.12/site-packages/airflow/example_dags/tutorial_taskflow_api.py
[2024-10-16T12:51:06.476+0000] {processor.py:925} INFO - DAG(s) 'tutorial_taskflow_api' retrieved from /home/airflow/.local/lib/python3.12/site-packages/airflow/example_dags/tutorial_taskflow_api.py
[2024-10-16T12:51:06.501+0000] {logging_mixin.py:190} INFO - [2024-10-16T12:51:06.501+0000] {dag.py:3239} INFO - Sync 1 DAGs
[2024-10-16T12:51:06.525+0000] {logging_mixin.py:190} INFO - [2024-10-16T12:51:06.524+0000] {dag.py:4180} INFO - Setting next_dagrun for tutorial_taskflow_api to None, run_after=None
[2024-10-16T12:51:06.559+0000] {processor.py:208} INFO - Processing /home/airflow/.local/lib/python3.12/site-packages/airflow/example_dags/tutorial_taskflow_api.py took 0.104 seconds
[2024-10-16T12:51:36.608+0000] {processor.py:186} INFO - Started process (PID=239) to work on /home/airflow/.local/lib/python3.12/site-packages/airflow/example_dags/tutorial_taskflow_api.py
[2024-10-16T12:51:36.609+0000] {processor.py:914} INFO - Processing file /home/airflow/.local/lib/python3.12/site-packages/airflow/example_dags/tutorial_taskflow_api.py for tasks to queue
[2024-10-16T12:51:36.614+0000] {logging_mixin.py:190} INFO - [2024-10-16T12:51:36.612+0000] {dagbag.py:588} INFO - Filling up the DagBag from /home/airflow/.local/lib/python3.12/site-packages/airflow/example_dags/tutorial_taskflow_api.py
[2024-10-16T12:51:36.625+0000] {processor.py:925} INFO - DAG(s) 'tutorial_taskflow_api' retrieved from /home/airflow/.local/lib/python3.12/site-packages/airflow/example_dags/tutorial_taskflow_api.py
[2024-10-16T12:51:36.651+0000] {logging_mixin.py:190} INFO - [2024-10-16T12:51:36.650+0000] {dag.py:3239} INFO - Sync 1 DAGs
[2024-10-16T12:51:36.670+0000] {logging_mixin.py:190} INFO - [2024-10-16T12:51:36.670+0000] {dag.py:4180} INFO - Setting next_dagrun for tutorial_taskflow_api to None, run_after=None
[2024-10-16T12:51:36.699+0000] {processor.py:208} INFO - Processing /home/airflow/.local/lib/python3.12/site-packages/airflow/example_dags/tutorial_taskflow_api.py took 0.098 seconds
[2024-10-16T12:52:06.947+0000] {processor.py:186} INFO - Started process (PID=301) to work on /home/airflow/.local/lib/python3.12/site-packages/airflow/example_dags/tutorial_taskflow_api.py
[2024-10-16T12:52:06.949+0000] {processor.py:914} INFO - Processing file /home/airflow/.local/lib/python3.12/site-packages/airflow/example_dags/tutorial_taskflow_api.py for tasks to queue
[2024-10-16T12:52:06.952+0000] {logging_mixin.py:190} INFO - [2024-10-16T12:52:06.951+0000] {dagbag.py:588} INFO - Filling up the DagBag from /home/airflow/.local/lib/python3.12/site-packages/airflow/example_dags/tutorial_taskflow_api.py
[2024-10-16T12:52:06.961+0000] {processor.py:925} INFO - DAG(s) 'tutorial_taskflow_api' retrieved from /home/airflow/.local/lib/python3.12/site-packages/airflow/example_dags/tutorial_taskflow_api.py
[2024-10-16T12:52:06.980+0000] {logging_mixin.py:190} INFO - [2024-10-16T12:52:06.980+0000] {dag.py:3239} INFO - Sync 1 DAGs
[2024-10-16T12:52:06.998+0000] {logging_mixin.py:190} INFO - [2024-10-16T12:52:06.997+0000] {dag.py:4180} INFO - Setting next_dagrun for tutorial_taskflow_api to None, run_after=None
[2024-10-16T12:52:07.023+0000] {processor.py:208} INFO - Processing /home/airflow/.local/lib/python3.12/site-packages/airflow/example_dags/tutorial_taskflow_api.py took 0.081 seconds
[2024-10-16T12:52:37.352+0000] {processor.py:186} INFO - Started process (PID=364) to work on /home/airflow/.local/lib/python3.12/site-packages/airflow/example_dags/tutorial_taskflow_api.py
[2024-10-16T12:52:37.354+0000] {processor.py:914} INFO - Processing file /home/airflow/.local/lib/python3.12/site-packages/airflow/example_dags/tutorial_taskflow_api.py for tasks to queue
[2024-10-16T12:52:37.359+0000] {logging_mixin.py:190} INFO - [2024-10-16T12:52:37.359+0000] {dagbag.py:588} INFO - Filling up the DagBag from /home/airflow/.local/lib/python3.12/site-packages/airflow/example_dags/tutorial_taskflow_api.py
[2024-10-16T12:52:37.371+0000] {processor.py:925} INFO - DAG(s) 'tutorial_taskflow_api' retrieved from /home/airflow/.local/lib/python3.12/site-packages/airflow/example_dags/tutorial_taskflow_api.py
[2024-10-16T12:52:37.397+0000] {logging_mixin.py:190} INFO - [2024-10-16T12:52:37.396+0000] {dag.py:3239} INFO - Sync 1 DAGs
[2024-10-16T12:52:37.414+0000] {logging_mixin.py:190} INFO - [2024-10-16T12:52:37.413+0000] {dag.py:4180} INFO - Setting next_dagrun for tutorial_taskflow_api to None, run_after=None
[2024-10-16T12:52:37.437+0000] {processor.py:208} INFO - Processing /home/airflow/.local/lib/python3.12/site-packages/airflow/example_dags/tutorial_taskflow_api.py took 0.098 seconds
[2024-10-16T12:53:08.263+0000] {processor.py:186} INFO - Started process (PID=426) to work on /home/airflow/.local/lib/python3.12/site-packages/airflow/example_dags/tutorial_taskflow_api.py
[2024-10-16T12:53:08.264+0000] {processor.py:914} INFO - Processing file /home/airflow/.local/lib/python3.12/site-packages/airflow/example_dags/tutorial_taskflow_api.py for tasks to queue
[2024-10-16T12:53:08.267+0000] {logging_mixin.py:190} INFO - [2024-10-16T12:53:08.267+0000] {dagbag.py:588} INFO - Filling up the DagBag from /home/airflow/.local/lib/python3.12/site-packages/airflow/example_dags/tutorial_taskflow_api.py
[2024-10-16T12:53:08.278+0000] {processor.py:925} INFO - DAG(s) 'tutorial_taskflow_api' retrieved from /home/airflow/.local/lib/python3.12/site-packages/airflow/example_dags/tutorial_taskflow_api.py
[2024-10-16T12:53:08.302+0000] {logging_mixin.py:190} INFO - [2024-10-16T12:53:08.302+0000] {dag.py:3239} INFO - Sync 1 DAGs
[2024-10-16T12:53:08.320+0000] {logging_mixin.py:190} INFO - [2024-10-16T12:53:08.320+0000] {dag.py:4180} INFO - Setting next_dagrun for tutorial_taskflow_api to None, run_after=None
[2024-10-16T12:53:08.350+0000] {processor.py:208} INFO - Processing /home/airflow/.local/lib/python3.12/site-packages/airflow/example_dags/tutorial_taskflow_api.py took 0.096 seconds
[2024-10-16T12:53:39.122+0000] {processor.py:186} INFO - Started process (PID=488) to work on /home/airflow/.local/lib/python3.12/site-packages/airflow/example_dags/tutorial_taskflow_api.py
[2024-10-16T12:53:39.123+0000] {processor.py:914} INFO - Processing file /home/airflow/.local/lib/python3.12/site-packages/airflow/example_dags/tutorial_taskflow_api.py for tasks to queue
[2024-10-16T12:53:39.126+0000] {logging_mixin.py:190} INFO - [2024-10-16T12:53:39.125+0000] {dagbag.py:588} INFO - Filling up the DagBag from /home/airflow/.local/lib/python3.12/site-packages/airflow/example_dags/tutorial_taskflow_api.py
[2024-10-16T12:53:39.132+0000] {processor.py:925} INFO - DAG(s) 'tutorial_taskflow_api' retrieved from /home/airflow/.local/lib/python3.12/site-packages/airflow/example_dags/tutorial_taskflow_api.py
[2024-10-16T12:53:39.148+0000] {logging_mixin.py:190} INFO - [2024-10-16T12:53:39.148+0000] {dag.py:3239} INFO - Sync 1 DAGs
[2024-10-16T12:53:39.160+0000] {logging_mixin.py:190} INFO - [2024-10-16T12:53:39.159+0000] {dag.py:4180} INFO - Setting next_dagrun for tutorial_taskflow_api to None, run_after=None
[2024-10-16T12:53:39.185+0000] {processor.py:208} INFO - Processing /home/airflow/.local/lib/python3.12/site-packages/airflow/example_dags/tutorial_taskflow_api.py took 0.067 seconds
[2024-10-16T12:54:10.376+0000] {processor.py:186} INFO - Started process (PID=550) to work on /home/airflow/.local/lib/python3.12/site-packages/airflow/example_dags/tutorial_taskflow_api.py
[2024-10-16T12:54:10.377+0000] {processor.py:914} INFO - Processing file /home/airflow/.local/lib/python3.12/site-packages/airflow/example_dags/tutorial_taskflow_api.py for tasks to queue
[2024-10-16T12:54:10.379+0000] {logging_mixin.py:190} INFO - [2024-10-16T12:54:10.379+0000] {dagbag.py:588} INFO - Filling up the DagBag from /home/airflow/.local/lib/python3.12/site-packages/airflow/example_dags/tutorial_taskflow_api.py
[2024-10-16T12:54:10.385+0000] {processor.py:925} INFO - DAG(s) 'tutorial_taskflow_api' retrieved from /home/airflow/.local/lib/python3.12/site-packages/airflow/example_dags/tutorial_taskflow_api.py
[2024-10-16T12:54:10.401+0000] {logging_mixin.py:190} INFO - [2024-10-16T12:54:10.401+0000] {dag.py:3239} INFO - Sync 1 DAGs
[2024-10-16T12:54:10.412+0000] {logging_mixin.py:190} INFO - [2024-10-16T12:54:10.412+0000] {dag.py:4180} INFO - Setting next_dagrun for tutorial_taskflow_api to None, run_after=None
[2024-10-16T12:54:10.433+0000] {processor.py:208} INFO - Processing /home/airflow/.local/lib/python3.12/site-packages/airflow/example_dags/tutorial_taskflow_api.py took 0.062 seconds
[2024-10-16T12:54:42.482+0000] {processor.py:186} INFO - Started process (PID=612) to work on /home/airflow/.local/lib/python3.12/site-packages/airflow/example_dags/tutorial_taskflow_api.py
[2024-10-16T12:54:42.483+0000] {processor.py:914} INFO - Processing file /home/airflow/.local/lib/python3.12/site-packages/airflow/example_dags/tutorial_taskflow_api.py for tasks to queue
[2024-10-16T12:54:42.486+0000] {logging_mixin.py:190} INFO - [2024-10-16T12:54:42.486+0000] {dagbag.py:588} INFO - Filling up the DagBag from /home/airflow/.local/lib/python3.12/site-packages/airflow/example_dags/tutorial_taskflow_api.py
[2024-10-16T12:54:42.495+0000] {processor.py:925} INFO - DAG(s) 'tutorial_taskflow_api' retrieved from /home/airflow/.local/lib/python3.12/site-packages/airflow/example_dags/tutorial_taskflow_api.py
[2024-10-16T12:54:42.518+0000] {logging_mixin.py:190} INFO - [2024-10-16T12:54:42.518+0000] {dag.py:3239} INFO - Sync 1 DAGs
[2024-10-16T12:54:42.532+0000] {logging_mixin.py:190} INFO - [2024-10-16T12:54:42.532+0000] {dag.py:4180} INFO - Setting next_dagrun for tutorial_taskflow_api to None, run_after=None
[2024-10-16T12:54:42.557+0000] {processor.py:208} INFO - Processing /home/airflow/.local/lib/python3.12/site-packages/airflow/example_dags/tutorial_taskflow_api.py took 0.080 seconds
[2024-10-16T12:55:13.125+0000] {processor.py:186} INFO - Started process (PID=675) to work on /home/airflow/.local/lib/python3.12/site-packages/airflow/example_dags/tutorial_taskflow_api.py
[2024-10-16T12:55:13.127+0000] {processor.py:914} INFO - Processing file /home/airflow/.local/lib/python3.12/site-packages/airflow/example_dags/tutorial_taskflow_api.py for tasks to queue
[2024-10-16T12:55:13.130+0000] {logging_mixin.py:190} INFO - [2024-10-16T12:55:13.130+0000] {dagbag.py:588} INFO - Filling up the DagBag from /home/airflow/.local/lib/python3.12/site-packages/airflow/example_dags/tutorial_taskflow_api.py
[2024-10-16T12:55:13.139+0000] {processor.py:925} INFO - DAG(s) 'tutorial_taskflow_api' retrieved from /home/airflow/.local/lib/python3.12/site-packages/airflow/example_dags/tutorial_taskflow_api.py
[2024-10-16T12:55:13.160+0000] {logging_mixin.py:190} INFO - [2024-10-16T12:55:13.159+0000] {dag.py:3239} INFO - Sync 1 DAGs
[2024-10-16T12:55:13.234+0000] {logging_mixin.py:190} INFO - [2024-10-16T12:55:13.234+0000] {dag.py:4180} INFO - Setting next_dagrun for tutorial_taskflow_api to None, run_after=None
[2024-10-16T12:55:13.289+0000] {processor.py:208} INFO - Processing /home/airflow/.local/lib/python3.12/site-packages/airflow/example_dags/tutorial_taskflow_api.py took 0.171 seconds
[2024-10-16T12:55:43.410+0000] {processor.py:186} INFO - Started process (PID=737) to work on /home/airflow/.local/lib/python3.12/site-packages/airflow/example_dags/tutorial_taskflow_api.py
[2024-10-16T12:55:43.414+0000] {processor.py:914} INFO - Processing file /home/airflow/.local/lib/python3.12/site-packages/airflow/example_dags/tutorial_taskflow_api.py for tasks to queue
[2024-10-16T12:55:43.418+0000] {logging_mixin.py:190} INFO - [2024-10-16T12:55:43.418+0000] {dagbag.py:588} INFO - Filling up the DagBag from /home/airflow/.local/lib/python3.12/site-packages/airflow/example_dags/tutorial_taskflow_api.py
[2024-10-16T12:55:43.424+0000] {processor.py:925} INFO - DAG(s) 'tutorial_taskflow_api' retrieved from /home/airflow/.local/lib/python3.12/site-packages/airflow/example_dags/tutorial_taskflow_api.py
[2024-10-16T12:55:43.446+0000] {logging_mixin.py:190} INFO - [2024-10-16T12:55:43.446+0000] {dag.py:3239} INFO - Sync 1 DAGs
[2024-10-16T12:55:43.457+0000] {logging_mixin.py:190} INFO - [2024-10-16T12:55:43.457+0000] {dag.py:4180} INFO - Setting next_dagrun for tutorial_taskflow_api to None, run_after=None
[2024-10-16T12:55:43.486+0000] {processor.py:208} INFO - Processing /home/airflow/.local/lib/python3.12/site-packages/airflow/example_dags/tutorial_taskflow_api.py took 0.081 seconds
[2024-10-16T12:56:13.879+0000] {processor.py:186} INFO - Started process (PID=799) to work on /home/airflow/.local/lib/python3.12/site-packages/airflow/example_dags/tutorial_taskflow_api.py
[2024-10-16T12:56:13.881+0000] {processor.py:914} INFO - Processing file /home/airflow/.local/lib/python3.12/site-packages/airflow/example_dags/tutorial_taskflow_api.py for tasks to queue
[2024-10-16T12:56:13.884+0000] {logging_mixin.py:190} INFO - [2024-10-16T12:56:13.884+0000] {dagbag.py:588} INFO - Filling up the DagBag from /home/airflow/.local/lib/python3.12/site-packages/airflow/example_dags/tutorial_taskflow_api.py
[2024-10-16T12:56:13.890+0000] {processor.py:925} INFO - DAG(s) 'tutorial_taskflow_api' retrieved from /home/airflow/.local/lib/python3.12/site-packages/airflow/example_dags/tutorial_taskflow_api.py
[2024-10-16T12:56:13.906+0000] {logging_mixin.py:190} INFO - [2024-10-16T12:56:13.906+0000] {dag.py:3239} INFO - Sync 1 DAGs
[2024-10-16T12:56:13.918+0000] {logging_mixin.py:190} INFO - [2024-10-16T12:56:13.918+0000] {dag.py:4180} INFO - Setting next_dagrun for tutorial_taskflow_api to None, run_after=None
[2024-10-16T12:56:13.933+0000] {processor.py:208} INFO - Processing /home/airflow/.local/lib/python3.12/site-packages/airflow/example_dags/tutorial_taskflow_api.py took 0.058 seconds
[2024-10-16T12:56:44.610+0000] {processor.py:186} INFO - Started process (PID=861) to work on /home/airflow/.local/lib/python3.12/site-packages/airflow/example_dags/tutorial_taskflow_api.py
[2024-10-16T12:56:44.611+0000] {processor.py:914} INFO - Processing file /home/airflow/.local/lib/python3.12/site-packages/airflow/example_dags/tutorial_taskflow_api.py for tasks to queue
[2024-10-16T12:56:44.615+0000] {logging_mixin.py:190} INFO - [2024-10-16T12:56:44.614+0000] {dagbag.py:588} INFO - Filling up the DagBag from /home/airflow/.local/lib/python3.12/site-packages/airflow/example_dags/tutorial_taskflow_api.py
[2024-10-16T12:56:44.622+0000] {processor.py:925} INFO - DAG(s) 'tutorial_taskflow_api' retrieved from /home/airflow/.local/lib/python3.12/site-packages/airflow/example_dags/tutorial_taskflow_api.py
[2024-10-16T12:56:44.646+0000] {logging_mixin.py:190} INFO - [2024-10-16T12:56:44.645+0000] {dag.py:3239} INFO - Sync 1 DAGs
[2024-10-16T12:56:44.664+0000] {logging_mixin.py:190} INFO - [2024-10-16T12:56:44.663+0000] {dag.py:4180} INFO - Setting next_dagrun for tutorial_taskflow_api to None, run_after=None
[2024-10-16T12:56:44.689+0000] {processor.py:208} INFO - Processing /home/airflow/.local/lib/python3.12/site-packages/airflow/example_dags/tutorial_taskflow_api.py took 0.087 seconds
[2024-10-16T12:57:16.249+0000] {processor.py:186} INFO - Started process (PID=923) to work on /home/airflow/.local/lib/python3.12/site-packages/airflow/example_dags/tutorial_taskflow_api.py
[2024-10-16T12:57:16.250+0000] {processor.py:914} INFO - Processing file /home/airflow/.local/lib/python3.12/site-packages/airflow/example_dags/tutorial_taskflow_api.py for tasks to queue
[2024-10-16T12:57:16.252+0000] {logging_mixin.py:190} INFO - [2024-10-16T12:57:16.252+0000] {dagbag.py:588} INFO - Filling up the DagBag from /home/airflow/.local/lib/python3.12/site-packages/airflow/example_dags/tutorial_taskflow_api.py
[2024-10-16T12:57:16.259+0000] {processor.py:925} INFO - DAG(s) 'tutorial_taskflow_api' retrieved from /home/airflow/.local/lib/python3.12/site-packages/airflow/example_dags/tutorial_taskflow_api.py
[2024-10-16T12:57:16.277+0000] {logging_mixin.py:190} INFO - [2024-10-16T12:57:16.276+0000] {dag.py:3239} INFO - Sync 1 DAGs
[2024-10-16T12:57:16.293+0000] {logging_mixin.py:190} INFO - [2024-10-16T12:57:16.292+0000] {dag.py:4180} INFO - Setting next_dagrun for tutorial_taskflow_api to None, run_after=None
[2024-10-16T12:57:16.329+0000] {processor.py:208} INFO - Processing /home/airflow/.local/lib/python3.12/site-packages/airflow/example_dags/tutorial_taskflow_api.py took 0.084 seconds
[2024-10-16T12:57:46.955+0000] {processor.py:186} INFO - Started process (PID=985) to work on /home/airflow/.local/lib/python3.12/site-packages/airflow/example_dags/tutorial_taskflow_api.py
[2024-10-16T12:57:46.959+0000] {processor.py:914} INFO - Processing file /home/airflow/.local/lib/python3.12/site-packages/airflow/example_dags/tutorial_taskflow_api.py for tasks to queue
[2024-10-16T12:57:46.962+0000] {logging_mixin.py:190} INFO - [2024-10-16T12:57:46.961+0000] {dagbag.py:588} INFO - Filling up the DagBag from /home/airflow/.local/lib/python3.12/site-packages/airflow/example_dags/tutorial_taskflow_api.py
[2024-10-16T12:57:46.689+0000] {processor.py:925} INFO - DAG(s) 'tutorial_taskflow_api' retrieved from /home/airflow/.local/lib/python3.12/site-packages/airflow/example_dags/tutorial_taskflow_api.py
[2024-10-16T12:57:46.711+0000] {logging_mixin.py:190} INFO - [2024-10-16T12:57:46.711+0000] {dag.py:3239} INFO - Sync 1 DAGs
[2024-10-16T12:57:46.730+0000] {logging_mixin.py:190} INFO - [2024-10-16T12:57:46.730+0000] {dag.py:4180} INFO - Setting next_dagrun for tutorial_taskflow_api to None, run_after=None
[2024-10-16T12:57:46.767+0000] {processor.py:208} INFO - Processing /home/airflow/.local/lib/python3.12/site-packages/airflow/example_dags/tutorial_taskflow_api.py took 0.108 seconds
[2024-10-16T12:58:16.597+0000] {processor.py:186} INFO - Started process (PID=1041) to work on /home/airflow/.local/lib/python3.12/site-packages/airflow/example_dags/tutorial_taskflow_api.py
[2024-10-16T12:58:16.599+0000] {processor.py:914} INFO - Processing file /home/airflow/.local/lib/python3.12/site-packages/airflow/example_dags/tutorial_taskflow_api.py for tasks to queue
[2024-10-16T12:58:16.605+0000] {logging_mixin.py:190} INFO - [2024-10-16T12:58:16.604+0000] {dagbag.py:588} INFO - Filling up the DagBag from /home/airflow/.local/lib/python3.12/site-packages/airflow/example_dags/tutorial_taskflow_api.py
[2024-10-16T12:58:16.615+0000] {processor.py:925} INFO - DAG(s) 'tutorial_taskflow_api' retrieved from /home/airflow/.local/lib/python3.12/site-packages/airflow/example_dags/tutorial_taskflow_api.py
[2024-10-16T12:58:16.686+0000] {logging_mixin.py:190} INFO - [2024-10-16T12:58:16.686+0000] {dag.py:3239} INFO - Sync 1 DAGs
[2024-10-16T12:58:16.705+0000] {logging_mixin.py:190} INFO - [2024-10-16T12:58:16.704+0000] {dag.py:4180} INFO - Setting next_dagrun for tutorial_taskflow_api to None, run_after=None
[2024-10-16T12:58:16.733+0000] {processor.py:208} INFO - Processing /home/airflow/.local/lib/python3.12/site-packages/airflow/example_dags/tutorial_taskflow_api.py took 0.148 seconds
[2024-10-16T12:58:46.847+0000] {processor.py:186} INFO - Started process (PID=1103) to work on /home/airflow/.local/lib/python3.12/site-packages/airflow/example_dags/tutorial_taskflow_api.py
[2024-10-16T12:58:46.848+0000] {processor.py:914} INFO - Processing file /home/airflow/.local/lib/python3.12/site-packages/airflow/example_dags/tutorial_taskflow_api.py for tasks to queue
[2024-10-16T12:58:46.851+0000] {logging_mixin.py:190} INFO - [2024-10-16T12:58:46.850+0000] {dagbag.py:588} INFO - Filling up the DagBag from /home/airflow/.local/lib/python3.12/site-packages/airflow/example_dags/tutorial_taskflow_api.py
[2024-10-16T12:58:46.860+0000] {processor.py:925} INFO - DAG(s) 'tutorial_taskflow_api' retrieved from /home/airflow/.local/lib/python3.12/site-packages/airflow/example_dags/tutorial_taskflow_api.py
[2024-10-16T12:58:46.883+0000] {logging_mixin.py:190} INFO - [2024-10-16T12:58:46.883+0000] {dag.py:3239} INFO - Sync 1 DAGs
[2024-10-16T12:58:46.900+0000] {logging_mixin.py:190} INFO - [2024-10-16T12:58:46.899+0000] {dag.py:4180} INFO - Setting next_dagrun for tutorial_taskflow_api to None, run_after=None
[2024-10-16T12:58:46.929+0000] {processor.py:208} INFO - Processing /home/airflow/.local/lib/python3.12/site-packages/airflow/example_dags/tutorial_taskflow_api.py took 0.089 seconds
[2024-10-16T12:59:17.148+0000] {processor.py:186} INFO - Started process (PID=1171) to work on /home/airflow/.local/lib/python3.12/site-packages/airflow/example_dags/tutorial_taskflow_api.py
[2024-10-16T12:59:17.149+0000] {processor.py:914} INFO - Processing file /home/airflow/.local/lib/python3.12/site-packages/airflow/example_dags/tutorial_taskflow_api.py for tasks to queue
[2024-10-16T12:59:17.151+0000] {logging_mixin.py:190} INFO - [2024-10-16T12:59:17.151+0000] {dagbag.py:588} INFO - Filling up the DagBag from /home/airflow/.local/lib/python3.12/site-packages/airflow/example_dags/tutorial_taskflow_api.py
[2024-10-16T12:59:17.157+0000] {processor.py:925} INFO - DAG(s) 'tutorial_taskflow_api' retrieved from /home/airflow/.local/lib/python3.12/site-packages/airflow/example_dags/tutorial_taskflow_api.py
[2024-10-16T12:59:17.171+0000] {logging_mixin.py:190} INFO - [2024-10-16T12:59:17.170+0000] {dag.py:3239} INFO - Sync 1 DAGs
[2024-10-16T12:59:17.181+0000] {logging_mixin.py:190} INFO - [2024-10-16T12:59:17.181+0000] {dag.py:4180} INFO - Setting next_dagrun for tutorial_taskflow_api to None, run_after=None
[2024-10-16T12:59:17.195+0000] {processor.py:208} INFO - Processing /home/airflow/.local/lib/python3.12/site-packages/airflow/example_dags/tutorial_taskflow_api.py took 0.051 seconds
[2024-10-16T12:59:47.403+0000] {processor.py:186} INFO - Started process (PID=1233) to work on /home/airflow/.local/lib/python3.12/site-packages/airflow/example_dags/tutorial_taskflow_api.py
[2024-10-16T12:59:47.404+0000] {processor.py:914} INFO - Processing file /home/airflow/.local/lib/python3.12/site-packages/airflow/example_dags/tutorial_taskflow_api.py for tasks to queue
[2024-10-16T12:59:47.406+0000] {logging_mixin.py:190} INFO - [2024-10-16T12:59:47.405+0000] {dagbag.py:588} INFO - Filling up the DagBag from /home/airflow/.local/lib/python3.12/site-packages/airflow/example_dags/tutorial_taskflow_api.py
[2024-10-16T12:59:47.414+0000] {processor.py:925} INFO - DAG(s) 'tutorial_taskflow_api' retrieved from /home/airflow/.local/lib/python3.12/site-packages/airflow/example_dags/tutorial_taskflow_api.py
[2024-10-16T12:59:47.431+0000] {logging_mixin.py:190} INFO - [2024-10-16T12:59:47.431+0000] {dag.py:3239} INFO - Sync 1 DAGs
[2024-10-16T12:59:47.444+0000] {logging_mixin.py:190} INFO - [2024-10-16T12:59:47.444+0000] {dag.py:4180} INFO - Setting next_dagrun for tutorial_taskflow_api to None, run_after=None
[2024-10-16T12:59:47.459+0000] {processor.py:208} INFO - Processing /home/airflow/.local/lib/python3.12/site-packages/airflow/example_dags/tutorial_taskflow_api.py took 0.062 seconds
[2024-10-16T13:00:18.423+0000] {processor.py:186} INFO - Started process (PID=1300) to work on /home/airflow/.local/lib/python3.12/site-packages/airflow/example_dags/tutorial_taskflow_api.py
[2024-10-16T13:00:18.425+0000] {processor.py:914} INFO - Processing file /home/airflow/.local/lib/python3.12/site-packages/airflow/example_dags/tutorial_taskflow_api.py for tasks to queue
[2024-10-16T13:00:18.428+0000] {logging_mixin.py:190} INFO - [2024-10-16T13:00:18.428+0000] {dagbag.py:588} INFO - Filling up the DagBag from /home/airflow/.local/lib/python3.12/site-packages/airflow/example_dags/tutorial_taskflow_api.py
[2024-10-16T13:00:18.439+0000] {processor.py:925} INFO - DAG(s) 'tutorial_taskflow_api' retrieved from /home/airflow/.local/lib/python3.12/site-packages/airflow/example_dags/tutorial_taskflow_api.py
[2024-10-16T13:00:18.464+0000] {logging_mixin.py:190} INFO - [2024-10-16T13:00:18.463+0000] {dag.py:3239} INFO - Sync 1 DAGs
[2024-10-16T13:00:18.480+0000] {logging_mixin.py:190} INFO - [2024-10-16T13:00:18.480+0000] {dag.py:4180} INFO - Setting next_dagrun for tutorial_taskflow_api to None, run_after=None
[2024-10-16T13:00:18.501+0000] {processor.py:208} INFO - Processing /home/airflow/.local/lib/python3.12/site-packages/airflow/example_dags/tutorial_taskflow_api.py took 0.086 seconds
[2024-10-16T13:00:49.547+0000] {processor.py:186} INFO - Started process (PID=1362) to work on /home/airflow/.local/lib/python3.12/site-packages/airflow/example_dags/tutorial_taskflow_api.py
[2024-10-16T13:00:49.549+0000] {processor.py:914} INFO - Processing file /home/airflow/.local/lib/python3.12/site-packages/airflow/example_dags/tutorial_taskflow_api.py for tasks to queue
[2024-10-16T13:00:49.553+0000] {logging_mixin.py:190} INFO - [2024-10-16T13:00:49.552+0000] {dagbag.py:588} INFO - Filling up the DagBag from /home/airflow/.local/lib/python3.12/site-packages/airflow/example_dags/tutorial_taskflow_api.py
[2024-10-16T13:00:49.564+0000] {processor.py:925} INFO - DAG(s) 'tutorial_taskflow_api' retrieved from /home/airflow/.local/lib/python3.12/site-packages/airflow/example_dags/tutorial_taskflow_api.py
[2024-10-16T13:00:49.590+0000] {logging_mixin.py:190} INFO - [2024-10-16T13:00:49.590+0000] {dag.py:3239} INFO - Sync 1 DAGs
[2024-10-16T13:00:49.611+0000] {logging_mixin.py:190} INFO - [2024-10-16T13:00:49.610+0000] {dag.py:4180} INFO - Setting next_dagrun for tutorial_taskflow_api to None, run_after=None
[2024-10-16T13:00:49.638+0000] {processor.py:208} INFO - Processing /home/airflow/.local/lib/python3.12/site-packages/airflow/example_dags/tutorial_taskflow_api.py took 0.100 seconds
[2024-10-16T13:01:19.759+0000] {processor.py:186} INFO - Started process (PID=1424) to work on /home/airflow/.local/lib/python3.12/site-packages/airflow/example_dags/tutorial_taskflow_api.py
[2024-10-16T13:01:19.760+0000] {processor.py:914} INFO - Processing file /home/airflow/.local/lib/python3.12/site-packages/airflow/example_dags/tutorial_taskflow_api.py for tasks to queue
[2024-10-16T13:01:19.763+0000] {logging_mixin.py:190} INFO - [2024-10-16T13:01:19.763+0000] {dagbag.py:588} INFO - Filling up the DagBag from /home/airflow/.local/lib/python3.12/site-packages/airflow/example_dags/tutorial_taskflow_api.py
[2024-10-16T13:01:19.774+0000] {processor.py:925} INFO - DAG(s) 'tutorial_taskflow_api' retrieved from /home/airflow/.local/lib/python3.12/site-packages/airflow/example_dags/tutorial_taskflow_api.py
[2024-10-16T13:01:19.799+0000] {logging_mixin.py:190} INFO - [2024-10-16T13:01:19.799+0000] {dag.py:3239} INFO - Sync 1 DAGs
[2024-10-16T13:01:19.819+0000] {logging_mixin.py:190} INFO - [2024-10-16T13:01:19.818+0000] {dag.py:4180} INFO - Setting next_dagrun for tutorial_taskflow_api to None, run_after=None
[2024-10-16T13:01:19.854+0000] {processor.py:208} INFO - Processing /home/airflow/.local/lib/python3.12/site-packages/airflow/example_dags/tutorial_taskflow_api.py took 0.103 seconds
[2024-10-16T13:01:50.313+0000] {processor.py:186} INFO - Started process (PID=1485) to work on /home/airflow/.local/lib/python3.12/site-packages/airflow/example_dags/tutorial_taskflow_api.py
[2024-10-16T13:01:50.314+0000] {processor.py:914} INFO - Processing file /home/airflow/.local/lib/python3.12/site-packages/airflow/example_dags/tutorial_taskflow_api.py for tasks to queue
[2024-10-16T13:01:50.316+0000] {logging_mixin.py:190} INFO - [2024-10-16T13:01:50.316+0000] {dagbag.py:588} INFO - Filling up the DagBag from /home/airflow/.local/lib/python3.12/site-packages/airflow/example_dags/tutorial_taskflow_api.py
[2024-10-16T13:01:50.322+0000] {processor.py:925} INFO - DAG(s) 'tutorial_taskflow_api' retrieved from /home/airflow/.local/lib/python3.12/site-packages/airflow/example_dags/tutorial_taskflow_api.py
[2024-10-16T13:01:50.338+0000] {logging_mixin.py:190} INFO - [2024-10-16T13:01:50.337+0000] {dag.py:3239} INFO - Sync 1 DAGs
[2024-10-16T13:01:50.349+0000] {logging_mixin.py:190} INFO - [2024-10-16T13:01:50.349+0000] {dag.py:4180} INFO - Setting next_dagrun for tutorial_taskflow_api to None, run_after=None
[2024-10-16T13:01:50.372+0000] {processor.py:208} INFO - Processing /home/airflow/.local/lib/python3.12/site-packages/airflow/example_dags/tutorial_taskflow_api.py took 0.064 seconds
[2024-10-16T13:02:22.553+0000] {processor.py:186} INFO - Started process (PID=1551) to work on /home/airflow/.local/lib/python3.12/site-packages/airflow/example_dags/tutorial_taskflow_api.py
[2024-10-16T13:02:22.556+0000] {processor.py:914} INFO - Processing file /home/airflow/.local/lib/python3.12/site-packages/airflow/example_dags/tutorial_taskflow_api.py for tasks to queue
[2024-10-16T13:02:22.560+0000] {logging_mixin.py:190} INFO - [2024-10-16T13:02:22.560+0000] {dagbag.py:588} INFO - Filling up the DagBag from /home/airflow/.local/lib/python3.12/site-packages/airflow/example_dags/tutorial_taskflow_api.py
[2024-10-16T13:02:22.575+0000] {processor.py:925} INFO - DAG(s) 'tutorial_taskflow_api' retrieved from /home/airflow/.local/lib/python3.12/site-packages/airflow/example_dags/tutorial_taskflow_api.py
[2024-10-16T13:02:22.609+0000] {logging_mixin.py:190} INFO - [2024-10-16T13:02:22.608+0000] {dag.py:3239} INFO - Sync 1 DAGs
[2024-10-16T13:02:22.628+0000] {logging_mixin.py:190} INFO - [2024-10-16T13:02:22.628+0000] {dag.py:4180} INFO - Setting next_dagrun for tutorial_taskflow_api to None, run_after=None
[2024-10-16T13:02:22.657+0000] {processor.py:208} INFO - Processing /home/airflow/.local/lib/python3.12/site-packages/airflow/example_dags/tutorial_taskflow_api.py took 0.115 seconds
[2024-10-16T13:02:53.151+0000] {processor.py:186} INFO - Started process (PID=1613) to work on /home/airflow/.local/lib/python3.12/site-packages/airflow/example_dags/tutorial_taskflow_api.py
[2024-10-16T13:02:53.153+0000] {processor.py:914} INFO - Processing file /home/airflow/.local/lib/python3.12/site-packages/airflow/example_dags/tutorial_taskflow_api.py for tasks to queue
[2024-10-16T13:02:53.158+0000] {logging_mixin.py:190} INFO - [2024-10-16T13:02:53.156+0000] {dagbag.py:588} INFO - Filling up the DagBag from /home/airflow/.local/lib/python3.12/site-packages/airflow/example_dags/tutorial_taskflow_api.py
[2024-10-16T13:02:53.173+0000] {processor.py:925} INFO - DAG(s) 'tutorial_taskflow_api' retrieved from /home/airflow/.local/lib/python3.12/site-packages/airflow/example_dags/tutorial_taskflow_api.py
[2024-10-16T13:02:53.210+0000] {logging_mixin.py:190} INFO - [2024-10-16T13:02:53.209+0000] {dag.py:3239} INFO - Sync 1 DAGs
[2024-10-16T13:02:53.231+0000] {logging_mixin.py:190} INFO - [2024-10-16T13:02:53.231+0000] {dag.py:4180} INFO - Setting next_dagrun for tutorial_taskflow_api to None, run_after=None
[2024-10-16T13:02:53.292+0000] {processor.py:208} INFO - Processing /home/airflow/.local/lib/python3.12/site-packages/airflow/example_dags/tutorial_taskflow_api.py took 0.154 seconds
[2024-10-16T13:03:23.379+0000] {processor.py:186} INFO - Started process (PID=1676) to work on /home/airflow/.local/lib/python3.12/site-packages/airflow/example_dags/tutorial_taskflow_api.py
[2024-10-16T13:03:23.381+0000] {processor.py:914} INFO - Processing file /home/airflow/.local/lib/python3.12/site-packages/airflow/example_dags/tutorial_taskflow_api.py for tasks to queue
[2024-10-16T13:03:23.384+0000] {logging_mixin.py:190} INFO - [2024-10-16T13:03:23.383+0000] {dagbag.py:588} INFO - Filling up the DagBag from /home/airflow/.local/lib/python3.12/site-packages/airflow/example_dags/tutorial_taskflow_api.py
[2024-10-16T13:03:23.395+0000] {processor.py:925} INFO - DAG(s) 'tutorial_taskflow_api' retrieved from /home/airflow/.local/lib/python3.12/site-packages/airflow/example_dags/tutorial_taskflow_api.py
[2024-10-16T13:03:23.415+0000] {logging_mixin.py:190} INFO - [2024-10-16T13:03:23.415+0000] {dag.py:3239} INFO - Sync 1 DAGs
[2024-10-16T13:03:23.427+0000] {logging_mixin.py:190} INFO - [2024-10-16T13:03:23.427+0000] {dag.py:4180} INFO - Setting next_dagrun for tutorial_taskflow_api to None, run_after=None
[2024-10-16T13:03:23.454+0000] {processor.py:208} INFO - Processing /home/airflow/.local/lib/python3.12/site-packages/airflow/example_dags/tutorial_taskflow_api.py took 0.082 seconds
[2024-10-16T13:03:54.354+0000] {processor.py:186} INFO - Started process (PID=1738) to work on /home/airflow/.local/lib/python3.12/site-packages/airflow/example_dags/tutorial_taskflow_api.py
[2024-10-16T13:03:54.355+0000] {processor.py:914} INFO - Processing file /home/airflow/.local/lib/python3.12/site-packages/airflow/example_dags/tutorial_taskflow_api.py for tasks to queue
[2024-10-16T13:03:54.358+0000] {logging_mixin.py:190} INFO - [2024-10-16T13:03:54.357+0000] {dagbag.py:588} INFO - Filling up the DagBag from /home/airflow/.local/lib/python3.12/site-packages/airflow/example_dags/tutorial_taskflow_api.py
[2024-10-16T13:03:54.367+0000] {processor.py:925} INFO - DAG(s) 'tutorial_taskflow_api' retrieved from /home/airflow/.local/lib/python3.12/site-packages/airflow/example_dags/tutorial_taskflow_api.py
[2024-10-16T13:03:54.391+0000] {logging_mixin.py:190} INFO - [2024-10-16T13:03:54.391+0000] {dag.py:3239} INFO - Sync 1 DAGs
[2024-10-16T13:03:54.409+0000] {logging_mixin.py:190} INFO - [2024-10-16T13:03:54.409+0000] {dag.py:4180} INFO - Setting next_dagrun for tutorial_taskflow_api to None, run_after=None
[2024-10-16T13:03:54.437+0000] {processor.py:208} INFO - Processing /home/airflow/.local/lib/python3.12/site-packages/airflow/example_dags/tutorial_taskflow_api.py took 0.090 seconds
[2024-10-16T13:04:24.771+0000] {processor.py:186} INFO - Started process (PID=1799) to work on /home/airflow/.local/lib/python3.12/site-packages/airflow/example_dags/tutorial_taskflow_api.py
[2024-10-16T13:04:24.772+0000] {processor.py:914} INFO - Processing file /home/airflow/.local/lib/python3.12/site-packages/airflow/example_dags/tutorial_taskflow_api.py for tasks to queue
[2024-10-16T13:04:24.776+0000] {logging_mixin.py:190} INFO - [2024-10-16T13:04:24.775+0000] {dagbag.py:588} INFO - Filling up the DagBag from /home/airflow/.local/lib/python3.12/site-packages/airflow/example_dags/tutorial_taskflow_api.py
[2024-10-16T13:04:24.784+0000] {processor.py:925} INFO - DAG(s) 'tutorial_taskflow_api' retrieved from /home/airflow/.local/lib/python3.12/site-packages/airflow/example_dags/tutorial_taskflow_api.py
[2024-10-16T13:04:24.804+0000] {logging_mixin.py:190} INFO - [2024-10-16T13:04:24.804+0000] {dag.py:3239} INFO - Sync 1 DAGs
[2024-10-16T13:04:24.820+0000] {logging_mixin.py:190} INFO - [2024-10-16T13:04:24.820+0000] {dag.py:4180} INFO - Setting next_dagrun for tutorial_taskflow_api to None, run_after=None
[2024-10-16T13:04:24.840+0000] {processor.py:208} INFO - Processing /home/airflow/.local/lib/python3.12/site-packages/airflow/example_dags/tutorial_taskflow_api.py took 0.077 seconds
[2024-10-16T13:08:09.905+0000] {processor.py:186} INFO - Started process (PID=116) to work on /home/airflow/.local/lib/python3.12/site-packages/airflow/example_dags/tutorial_taskflow_api.py
[2024-10-16T13:08:09.908+0000] {processor.py:914} INFO - Processing file /home/airflow/.local/lib/python3.12/site-packages/airflow/example_dags/tutorial_taskflow_api.py for tasks to queue
[2024-10-16T13:08:09.914+0000] {logging_mixin.py:190} INFO - [2024-10-16T13:08:09.914+0000] {dagbag.py:588} INFO - Filling up the DagBag from /home/airflow/.local/lib/python3.12/site-packages/airflow/example_dags/tutorial_taskflow_api.py
[2024-10-16T13:08:09.939+0000] {processor.py:925} INFO - DAG(s) 'tutorial_taskflow_api' retrieved from /home/airflow/.local/lib/python3.12/site-packages/airflow/example_dags/tutorial_taskflow_api.py
[2024-10-16T13:08:10.073+0000] {logging_mixin.py:190} INFO - [2024-10-16T13:08:10.072+0000] {override.py:1900} INFO - Created Permission View: can read on DAG:tutorial_taskflow_api
[2024-10-16T13:08:10.081+0000] {logging_mixin.py:190} INFO - [2024-10-16T13:08:10.081+0000] {override.py:1900} INFO - Created Permission View: can delete on DAG:tutorial_taskflow_api
[2024-10-16T13:08:10.092+0000] {logging_mixin.py:190} INFO - [2024-10-16T13:08:10.091+0000] {override.py:1900} INFO - Created Permission View: can edit on DAG:tutorial_taskflow_api
[2024-10-16T13:08:10.098+0000] {logging_mixin.py:190} INFO - [2024-10-16T13:08:10.098+0000] {override.py:1900} INFO - Created Permission View: can create on DAG Run:tutorial_taskflow_api
[2024-10-16T13:08:10.104+0000] {logging_mixin.py:190} INFO - [2024-10-16T13:08:10.103+0000] {override.py:1900} INFO - Created Permission View: menu access on DAG Run:tutorial_taskflow_api
[2024-10-16T13:08:10.112+0000] {logging_mixin.py:190} INFO - [2024-10-16T13:08:10.111+0000] {override.py:1900} INFO - Created Permission View: can read on DAG Run:tutorial_taskflow_api
[2024-10-16T13:08:10.118+0000] {logging_mixin.py:190} INFO - [2024-10-16T13:08:10.117+0000] {override.py:1900} INFO - Created Permission View: can delete on DAG Run:tutorial_taskflow_api
[2024-10-16T13:08:10.118+0000] {logging_mixin.py:190} INFO - [2024-10-16T13:08:10.118+0000] {dag.py:3239} INFO - Sync 1 DAGs
[2024-10-16T13:08:10.133+0000] {logging_mixin.py:190} INFO - [2024-10-16T13:08:10.133+0000] {dag.py:3262} INFO - Creating ORM DAG for tutorial_taskflow_api
[2024-10-16T13:08:10.134+0000] {logging_mixin.py:190} INFO - [2024-10-16T13:08:10.134+0000] {dag.py:4180} INFO - Setting next_dagrun for tutorial_taskflow_api to None, run_after=None
[2024-10-16T13:08:10.153+0000] {processor.py:208} INFO - Processing /home/airflow/.local/lib/python3.12/site-packages/airflow/example_dags/tutorial_taskflow_api.py took 0.262 seconds
[2024-10-16T13:08:40.415+0000] {processor.py:186} INFO - Started process (PID=179) to work on /home/airflow/.local/lib/python3.12/site-packages/airflow/example_dags/tutorial_taskflow_api.py
[2024-10-16T13:08:40.417+0000] {processor.py:914} INFO - Processing file /home/airflow/.local/lib/python3.12/site-packages/airflow/example_dags/tutorial_taskflow_api.py for tasks to queue
[2024-10-16T13:08:40.420+0000] {logging_mixin.py:190} INFO - [2024-10-16T13:08:40.420+0000] {dagbag.py:588} INFO - Filling up the DagBag from /home/airflow/.local/lib/python3.12/site-packages/airflow/example_dags/tutorial_taskflow_api.py
[2024-10-16T13:08:40.428+0000] {processor.py:925} INFO - DAG(s) 'tutorial_taskflow_api' retrieved from /home/airflow/.local/lib/python3.12/site-packages/airflow/example_dags/tutorial_taskflow_api.py
[2024-10-16T13:08:40.461+0000] {logging_mixin.py:190} INFO - [2024-10-16T13:08:40.461+0000] {dag.py:3239} INFO - Sync 1 DAGs
[2024-10-16T13:08:40.478+0000] {logging_mixin.py:190} INFO - [2024-10-16T13:08:40.478+0000] {dag.py:4180} INFO - Setting next_dagrun for tutorial_taskflow_api to None, run_after=None
[2024-10-16T13:08:40.511+0000] {processor.py:208} INFO - Processing /home/airflow/.local/lib/python3.12/site-packages/airflow/example_dags/tutorial_taskflow_api.py took 0.105 seconds
[2024-10-16T13:09:11.186+0000] {processor.py:186} INFO - Started process (PID=242) to work on /home/airflow/.local/lib/python3.12/site-packages/airflow/example_dags/tutorial_taskflow_api.py
[2024-10-16T13:09:11.187+0000] {processor.py:914} INFO - Processing file /home/airflow/.local/lib/python3.12/site-packages/airflow/example_dags/tutorial_taskflow_api.py for tasks to queue
[2024-10-16T13:09:11.192+0000] {logging_mixin.py:190} INFO - [2024-10-16T13:09:11.191+0000] {dagbag.py:588} INFO - Filling up the DagBag from /home/airflow/.local/lib/python3.12/site-packages/airflow/example_dags/tutorial_taskflow_api.py
[2024-10-16T13:09:11.201+0000] {processor.py:925} INFO - DAG(s) 'tutorial_taskflow_api' retrieved from /home/airflow/.local/lib/python3.12/site-packages/airflow/example_dags/tutorial_taskflow_api.py
[2024-10-16T13:09:11.230+0000] {logging_mixin.py:190} INFO - [2024-10-16T13:09:11.229+0000] {dag.py:3239} INFO - Sync 1 DAGs
[2024-10-16T13:09:11.244+0000] {logging_mixin.py:190} INFO - [2024-10-16T13:09:11.244+0000] {dag.py:4180} INFO - Setting next_dagrun for tutorial_taskflow_api to None, run_after=None
[2024-10-16T13:09:11.267+0000] {processor.py:208} INFO - Processing /home/airflow/.local/lib/python3.12/site-packages/airflow/example_dags/tutorial_taskflow_api.py took 0.085 seconds
[2024-10-16T13:09:42.012+0000] {processor.py:186} INFO - Started process (PID=305) to work on /home/airflow/.local/lib/python3.12/site-packages/airflow/example_dags/tutorial_taskflow_api.py
[2024-10-16T13:09:42.013+0000] {processor.py:914} INFO - Processing file /home/airflow/.local/lib/python3.12/site-packages/airflow/example_dags/tutorial_taskflow_api.py for tasks to queue
[2024-10-16T13:09:42.016+0000] {logging_mixin.py:190} INFO - [2024-10-16T13:09:42.016+0000] {dagbag.py:588} INFO - Filling up the DagBag from /home/airflow/.local/lib/python3.12/site-packages/airflow/example_dags/tutorial_taskflow_api.py
[2024-10-16T13:09:42.034+0000] {processor.py:925} INFO - DAG(s) 'tutorial_taskflow_api' retrieved from /home/airflow/.local/lib/python3.12/site-packages/airflow/example_dags/tutorial_taskflow_api.py
[2024-10-16T13:09:42.079+0000] {logging_mixin.py:190} INFO - [2024-10-16T13:09:42.078+0000] {dag.py:3239} INFO - Sync 1 DAGs
[2024-10-16T13:09:42.100+0000] {logging_mixin.py:190} INFO - [2024-10-16T13:09:42.100+0000] {dag.py:4180} INFO - Setting next_dagrun for tutorial_taskflow_api to None, run_after=None
[2024-10-16T13:09:42.124+0000] {processor.py:208} INFO - Processing /home/airflow/.local/lib/python3.12/site-packages/airflow/example_dags/tutorial_taskflow_api.py took 0.121 seconds
[2024-10-16T13:10:12.947+0000] {processor.py:186} INFO - Started process (PID=368) to work on /home/airflow/.local/lib/python3.12/site-packages/airflow/example_dags/tutorial_taskflow_api.py
[2024-10-16T13:10:12.947+0000] {processor.py:914} INFO - Processing file /home/airflow/.local/lib/python3.12/site-packages/airflow/example_dags/tutorial_taskflow_api.py for tasks to queue
[2024-10-16T13:10:12.949+0000] {logging_mixin.py:190} INFO - [2024-10-16T13:10:12.949+0000] {dagbag.py:588} INFO - Filling up the DagBag from /home/airflow/.local/lib/python3.12/site-packages/airflow/example_dags/tutorial_taskflow_api.py
[2024-10-16T13:10:12.955+0000] {processor.py:925} INFO - DAG(s) 'tutorial_taskflow_api' retrieved from /home/airflow/.local/lib/python3.12/site-packages/airflow/example_dags/tutorial_taskflow_api.py
[2024-10-16T13:10:12.969+0000] {logging_mixin.py:190} INFO - [2024-10-16T13:10:12.969+0000] {dag.py:3239} INFO - Sync 1 DAGs
[2024-10-16T13:10:12.979+0000] {logging_mixin.py:190} INFO - [2024-10-16T13:10:12.979+0000] {dag.py:4180} INFO - Setting next_dagrun for tutorial_taskflow_api to None, run_after=None
[2024-10-16T13:10:12.998+0000] {processor.py:208} INFO - Processing /home/airflow/.local/lib/python3.12/site-packages/airflow/example_dags/tutorial_taskflow_api.py took 0.055 seconds
[2024-10-16T13:10:43.857+0000] {processor.py:186} INFO - Started process (PID=431) to work on /home/airflow/.local/lib/python3.12/site-packages/airflow/example_dags/tutorial_taskflow_api.py
[2024-10-16T13:10:43.859+0000] {processor.py:914} INFO - Processing file /home/airflow/.local/lib/python3.12/site-packages/airflow/example_dags/tutorial_taskflow_api.py for tasks to queue
[2024-10-16T13:10:43.861+0000] {logging_mixin.py:190} INFO - [2024-10-16T13:10:43.861+0000] {dagbag.py:588} INFO - Filling up the DagBag from /home/airflow/.local/lib/python3.12/site-packages/airflow/example_dags/tutorial_taskflow_api.py
[2024-10-16T13:10:43.870+0000] {processor.py:925} INFO - DAG(s) 'tutorial_taskflow_api' retrieved from /home/airflow/.local/lib/python3.12/site-packages/airflow/example_dags/tutorial_taskflow_api.py
[2024-10-16T13:10:43.888+0000] {logging_mixin.py:190} INFO - [2024-10-16T13:10:43.888+0000] {dag.py:3239} INFO - Sync 1 DAGs
[2024-10-16T13:10:43.905+0000] {logging_mixin.py:190} INFO - [2024-10-16T13:10:43.905+0000] {dag.py:4180} INFO - Setting next_dagrun for tutorial_taskflow_api to None, run_after=None
[2024-10-16T13:10:43.926+0000] {processor.py:208} INFO - Processing /home/airflow/.local/lib/python3.12/site-packages/airflow/example_dags/tutorial_taskflow_api.py took 0.075 seconds
[2024-10-16T13:11:14.823+0000] {processor.py:186} INFO - Started process (PID=494) to work on /home/airflow/.local/lib/python3.12/site-packages/airflow/example_dags/tutorial_taskflow_api.py
[2024-10-16T13:11:14.824+0000] {processor.py:914} INFO - Processing file /home/airflow/.local/lib/python3.12/site-packages/airflow/example_dags/tutorial_taskflow_api.py for tasks to queue
[2024-10-16T13:11:14.836+0000] {logging_mixin.py:190} INFO - [2024-10-16T13:11:14.835+0000] {dagbag.py:588} INFO - Filling up the DagBag from /home/airflow/.local/lib/python3.12/site-packages/airflow/example_dags/tutorial_taskflow_api.py
[2024-10-16T13:11:14.857+0000] {processor.py:925} INFO - DAG(s) 'tutorial_taskflow_api' retrieved from /home/airflow/.local/lib/python3.12/site-packages/airflow/example_dags/tutorial_taskflow_api.py
[2024-10-16T13:11:14.898+0000] {logging_mixin.py:190} INFO - [2024-10-16T13:11:14.898+0000] {dag.py:3239} INFO - Sync 1 DAGs
[2024-10-16T13:11:14.923+0000] {logging_mixin.py:190} INFO - [2024-10-16T13:11:14.922+0000] {dag.py:4180} INFO - Setting next_dagrun for tutorial_taskflow_api to None, run_after=None
[2024-10-16T13:11:14.972+0000] {processor.py:208} INFO - Processing /home/airflow/.local/lib/python3.12/site-packages/airflow/example_dags/tutorial_taskflow_api.py took 0.169 seconds
[2024-10-16T13:12:49.752+0000] {processor.py:186} INFO - Started process (PID=115) to work on /home/airflow/.local/lib/python3.12/site-packages/airflow/example_dags/tutorial_taskflow_api.py
[2024-10-16T13:12:49.753+0000] {processor.py:914} INFO - Processing file /home/airflow/.local/lib/python3.12/site-packages/airflow/example_dags/tutorial_taskflow_api.py for tasks to queue
[2024-10-16T13:12:49.756+0000] {logging_mixin.py:190} INFO - [2024-10-16T13:12:49.755+0000] {dagbag.py:588} INFO - Filling up the DagBag from /home/airflow/.local/lib/python3.12/site-packages/airflow/example_dags/tutorial_taskflow_api.py
[2024-10-16T13:12:49.764+0000] {processor.py:925} INFO - DAG(s) 'tutorial_taskflow_api' retrieved from /home/airflow/.local/lib/python3.12/site-packages/airflow/example_dags/tutorial_taskflow_api.py
[2024-10-16T13:12:49.877+0000] {logging_mixin.py:190} INFO - [2024-10-16T13:12:49.876+0000] {override.py:1900} INFO - Created Permission View: can read on DAG:tutorial_taskflow_api
[2024-10-16T13:12:49.900+0000] {logging_mixin.py:190} INFO - [2024-10-16T13:12:49.899+0000] {override.py:1900} INFO - Created Permission View: can edit on DAG:tutorial_taskflow_api
[2024-10-16T13:12:49.912+0000] {logging_mixin.py:190} INFO - [2024-10-16T13:12:49.912+0000] {override.py:1900} INFO - Created Permission View: can delete on DAG:tutorial_taskflow_api
[2024-10-16T13:12:49.930+0000] {logging_mixin.py:190} INFO - [2024-10-16T13:12:49.929+0000] {override.py:1900} INFO - Created Permission View: can read on DAG Run:tutorial_taskflow_api
[2024-10-16T13:12:49.943+0000] {logging_mixin.py:190} INFO - [2024-10-16T13:12:49.943+0000] {override.py:1900} INFO - Created Permission View: menu access on DAG Run:tutorial_taskflow_api
[2024-10-16T13:12:49.953+0000] {logging_mixin.py:190} INFO - [2024-10-16T13:12:49.952+0000] {override.py:1900} INFO - Created Permission View: can delete on DAG Run:tutorial_taskflow_api
[2024-10-16T13:12:49.962+0000] {logging_mixin.py:190} INFO - [2024-10-16T13:12:49.961+0000] {override.py:1900} INFO - Created Permission View: can create on DAG Run:tutorial_taskflow_api
[2024-10-16T13:12:49.962+0000] {logging_mixin.py:190} INFO - [2024-10-16T13:12:49.962+0000] {dag.py:3239} INFO - Sync 1 DAGs
[2024-10-16T13:12:49.977+0000] {logging_mixin.py:190} INFO - [2024-10-16T13:12:49.977+0000] {dag.py:3262} INFO - Creating ORM DAG for tutorial_taskflow_api
[2024-10-16T13:12:49.978+0000] {logging_mixin.py:190} INFO - [2024-10-16T13:12:49.978+0000] {dag.py:4180} INFO - Setting next_dagrun for tutorial_taskflow_api to None, run_after=None
[2024-10-16T13:12:49.997+0000] {processor.py:208} INFO - Processing /home/airflow/.local/lib/python3.12/site-packages/airflow/example_dags/tutorial_taskflow_api.py took 0.252 seconds
[2024-10-16T13:13:20.718+0000] {processor.py:186} INFO - Started process (PID=182) to work on /home/airflow/.local/lib/python3.12/site-packages/airflow/example_dags/tutorial_taskflow_api.py
[2024-10-16T13:13:20.719+0000] {processor.py:914} INFO - Processing file /home/airflow/.local/lib/python3.12/site-packages/airflow/example_dags/tutorial_taskflow_api.py for tasks to queue
[2024-10-16T13:13:20.722+0000] {logging_mixin.py:190} INFO - [2024-10-16T13:13:20.722+0000] {dagbag.py:588} INFO - Filling up the DagBag from /home/airflow/.local/lib/python3.12/site-packages/airflow/example_dags/tutorial_taskflow_api.py
[2024-10-16T13:13:20.729+0000] {processor.py:925} INFO - DAG(s) 'tutorial_taskflow_api' retrieved from /home/airflow/.local/lib/python3.12/site-packages/airflow/example_dags/tutorial_taskflow_api.py
[2024-10-16T13:13:20.749+0000] {logging_mixin.py:190} INFO - [2024-10-16T13:13:20.749+0000] {dag.py:3239} INFO - Sync 1 DAGs
[2024-10-16T13:13:20.764+0000] {logging_mixin.py:190} INFO - [2024-10-16T13:13:20.764+0000] {dag.py:4180} INFO - Setting next_dagrun for tutorial_taskflow_api to None, run_after=None
[2024-10-16T13:13:20.789+0000] {processor.py:208} INFO - Processing /home/airflow/.local/lib/python3.12/site-packages/airflow/example_dags/tutorial_taskflow_api.py took 0.076 seconds
[2024-10-16T13:14:51.013+0000] {processor.py:186} INFO - Started process (PID=117) to work on /home/airflow/.local/lib/python3.12/site-packages/airflow/example_dags/tutorial_taskflow_api.py
[2024-10-16T13:14:51.014+0000] {processor.py:914} INFO - Processing file /home/airflow/.local/lib/python3.12/site-packages/airflow/example_dags/tutorial_taskflow_api.py for tasks to queue
[2024-10-16T13:14:51.016+0000] {logging_mixin.py:190} INFO - [2024-10-16T13:14:51.016+0000] {dagbag.py:588} INFO - Filling up the DagBag from /home/airflow/.local/lib/python3.12/site-packages/airflow/example_dags/tutorial_taskflow_api.py
[2024-10-16T13:14:51.024+0000] {processor.py:925} INFO - DAG(s) 'tutorial_taskflow_api' retrieved from /home/airflow/.local/lib/python3.12/site-packages/airflow/example_dags/tutorial_taskflow_api.py
[2024-10-16T13:14:51.134+0000] {logging_mixin.py:190} INFO - [2024-10-16T13:14:51.134+0000] {override.py:1900} INFO - Created Permission View: can read on DAG:tutorial_taskflow_api
[2024-10-16T13:14:51.144+0000] {logging_mixin.py:190} INFO - [2024-10-16T13:14:51.144+0000] {override.py:1900} INFO - Created Permission View: can delete on DAG:tutorial_taskflow_api
[2024-10-16T13:14:51.151+0000] {logging_mixin.py:190} INFO - [2024-10-16T13:14:51.150+0000] {override.py:1900} INFO - Created Permission View: can edit on DAG:tutorial_taskflow_api
[2024-10-16T13:14:51.158+0000] {logging_mixin.py:190} INFO - [2024-10-16T13:14:51.158+0000] {override.py:1900} INFO - Created Permission View: can read on DAG Run:tutorial_taskflow_api
[2024-10-16T13:14:51.165+0000] {logging_mixin.py:190} INFO - [2024-10-16T13:14:51.164+0000] {override.py:1900} INFO - Created Permission View: can create on DAG Run:tutorial_taskflow_api
[2024-10-16T13:14:51.171+0000] {logging_mixin.py:190} INFO - [2024-10-16T13:14:51.171+0000] {override.py:1900} INFO - Created Permission View: can delete on DAG Run:tutorial_taskflow_api
[2024-10-16T13:14:51.178+0000] {logging_mixin.py:190} INFO - [2024-10-16T13:14:51.178+0000] {override.py:1900} INFO - Created Permission View: menu access on DAG Run:tutorial_taskflow_api
[2024-10-16T13:14:51.179+0000] {logging_mixin.py:190} INFO - [2024-10-16T13:14:51.179+0000] {dag.py:3239} INFO - Sync 1 DAGs
[2024-10-16T13:14:51.192+0000] {logging_mixin.py:190} INFO - [2024-10-16T13:14:51.192+0000] {dag.py:3262} INFO - Creating ORM DAG for tutorial_taskflow_api
[2024-10-16T13:14:51.193+0000] {logging_mixin.py:190} INFO - [2024-10-16T13:14:51.193+0000] {dag.py:4180} INFO - Setting next_dagrun for tutorial_taskflow_api to None, run_after=None
[2024-10-16T13:14:51.209+0000] {processor.py:208} INFO - Processing /home/airflow/.local/lib/python3.12/site-packages/airflow/example_dags/tutorial_taskflow_api.py took 0.200 seconds
[2024-10-16T13:16:20.503+0000] {processor.py:186} INFO - Started process (PID=116) to work on /home/airflow/.local/lib/python3.12/site-packages/airflow/example_dags/tutorial_taskflow_api.py
[2024-10-16T13:16:20.504+0000] {processor.py:914} INFO - Processing file /home/airflow/.local/lib/python3.12/site-packages/airflow/example_dags/tutorial_taskflow_api.py for tasks to queue
[2024-10-16T13:16:20.506+0000] {logging_mixin.py:190} INFO - [2024-10-16T13:16:20.506+0000] {dagbag.py:588} INFO - Filling up the DagBag from /home/airflow/.local/lib/python3.12/site-packages/airflow/example_dags/tutorial_taskflow_api.py
[2024-10-16T13:16:20.515+0000] {processor.py:925} INFO - DAG(s) 'tutorial_taskflow_api' retrieved from /home/airflow/.local/lib/python3.12/site-packages/airflow/example_dags/tutorial_taskflow_api.py
[2024-10-16T13:16:20.602+0000] {logging_mixin.py:190} INFO - [2024-10-16T13:16:20.601+0000] {override.py:1900} INFO - Created Permission View: can edit on DAG:tutorial_taskflow_api
[2024-10-16T13:16:20.610+0000] {logging_mixin.py:190} INFO - [2024-10-16T13:16:20.610+0000] {override.py:1900} INFO - Created Permission View: can read on DAG:tutorial_taskflow_api
[2024-10-16T13:16:20.618+0000] {logging_mixin.py:190} INFO - [2024-10-16T13:16:20.618+0000] {override.py:1900} INFO - Created Permission View: can delete on DAG:tutorial_taskflow_api
[2024-10-16T13:16:20.627+0000] {logging_mixin.py:190} INFO - [2024-10-16T13:16:20.626+0000] {override.py:1900} INFO - Created Permission View: menu access on DAG Run:tutorial_taskflow_api
[2024-10-16T13:16:20.634+0000] {logging_mixin.py:190} INFO - [2024-10-16T13:16:20.634+0000] {override.py:1900} INFO - Created Permission View: can read on DAG Run:tutorial_taskflow_api
[2024-10-16T13:16:20.641+0000] {logging_mixin.py:190} INFO - [2024-10-16T13:16:20.641+0000] {override.py:1900} INFO - Created Permission View: can create on DAG Run:tutorial_taskflow_api
[2024-10-16T13:16:20.648+0000] {logging_mixin.py:190} INFO - [2024-10-16T13:16:20.648+0000] {override.py:1900} INFO - Created Permission View: can delete on DAG Run:tutorial_taskflow_api
[2024-10-16T13:16:20.649+0000] {logging_mixin.py:190} INFO - [2024-10-16T13:16:20.649+0000] {dag.py:3239} INFO - Sync 1 DAGs
[2024-10-16T13:16:20.666+0000] {logging_mixin.py:190} INFO - [2024-10-16T13:16:20.666+0000] {dag.py:3262} INFO - Creating ORM DAG for tutorial_taskflow_api
[2024-10-16T13:16:20.667+0000] {logging_mixin.py:190} INFO - [2024-10-16T13:16:20.667+0000] {dag.py:4180} INFO - Setting next_dagrun for tutorial_taskflow_api to None, run_after=None
[2024-10-16T13:16:20.698+0000] {processor.py:208} INFO - Processing /home/airflow/.local/lib/python3.12/site-packages/airflow/example_dags/tutorial_taskflow_api.py took 0.204 seconds
[2024-10-16T13:16:51.231+0000] {processor.py:186} INFO - Started process (PID=179) to work on /home/airflow/.local/lib/python3.12/site-packages/airflow/example_dags/tutorial_taskflow_api.py
[2024-10-16T13:16:51.239+0000] {processor.py:914} INFO - Processing file /home/airflow/.local/lib/python3.12/site-packages/airflow/example_dags/tutorial_taskflow_api.py for tasks to queue
[2024-10-16T13:16:51.243+0000] {logging_mixin.py:190} INFO - [2024-10-16T13:16:51.243+0000] {dagbag.py:588} INFO - Filling up the DagBag from /home/airflow/.local/lib/python3.12/site-packages/airflow/example_dags/tutorial_taskflow_api.py
[2024-10-16T13:16:51.255+0000] {processor.py:925} INFO - DAG(s) 'tutorial_taskflow_api' retrieved from /home/airflow/.local/lib/python3.12/site-packages/airflow/example_dags/tutorial_taskflow_api.py
[2024-10-16T13:16:51.279+0000] {logging_mixin.py:190} INFO - [2024-10-16T13:16:51.279+0000] {dag.py:3239} INFO - Sync 1 DAGs
[2024-10-16T13:16:51.299+0000] {logging_mixin.py:190} INFO - [2024-10-16T13:16:51.299+0000] {dag.py:4180} INFO - Setting next_dagrun for tutorial_taskflow_api to None, run_after=None
[2024-10-16T13:16:51.330+0000] {processor.py:208} INFO - Processing /home/airflow/.local/lib/python3.12/site-packages/airflow/example_dags/tutorial_taskflow_api.py took 0.108 seconds
[2024-10-16T13:17:21.682+0000] {processor.py:186} INFO - Started process (PID=242) to work on /home/airflow/.local/lib/python3.12/site-packages/airflow/example_dags/tutorial_taskflow_api.py
[2024-10-16T13:17:21.684+0000] {processor.py:914} INFO - Processing file /home/airflow/.local/lib/python3.12/site-packages/airflow/example_dags/tutorial_taskflow_api.py for tasks to queue
[2024-10-16T13:17:21.687+0000] {logging_mixin.py:190} INFO - [2024-10-16T13:17:21.686+0000] {dagbag.py:588} INFO - Filling up the DagBag from /home/airflow/.local/lib/python3.12/site-packages/airflow/example_dags/tutorial_taskflow_api.py
[2024-10-16T13:17:21.696+0000] {processor.py:925} INFO - DAG(s) 'tutorial_taskflow_api' retrieved from /home/airflow/.local/lib/python3.12/site-packages/airflow/example_dags/tutorial_taskflow_api.py
[2024-10-16T13:17:21.721+0000] {logging_mixin.py:190} INFO - [2024-10-16T13:17:21.721+0000] {dag.py:3239} INFO - Sync 1 DAGs
[2024-10-16T13:17:21.743+0000] {logging_mixin.py:190} INFO - [2024-10-16T13:17:21.743+0000] {dag.py:4180} INFO - Setting next_dagrun for tutorial_taskflow_api to None, run_after=None
[2024-10-16T13:17:21.791+0000] {processor.py:208} INFO - Processing /home/airflow/.local/lib/python3.12/site-packages/airflow/example_dags/tutorial_taskflow_api.py took 0.115 seconds
[2024-10-16T13:17:52.336+0000] {processor.py:186} INFO - Started process (PID=305) to work on /home/airflow/.local/lib/python3.12/site-packages/airflow/example_dags/tutorial_taskflow_api.py
[2024-10-16T13:17:52.337+0000] {processor.py:914} INFO - Processing file /home/airflow/.local/lib/python3.12/site-packages/airflow/example_dags/tutorial_taskflow_api.py for tasks to queue
[2024-10-16T13:17:52.342+0000] {logging_mixin.py:190} INFO - [2024-10-16T13:17:52.342+0000] {dagbag.py:588} INFO - Filling up the DagBag from /home/airflow/.local/lib/python3.12/site-packages/airflow/example_dags/tutorial_taskflow_api.py
[2024-10-16T13:17:52.350+0000] {processor.py:925} INFO - DAG(s) 'tutorial_taskflow_api' retrieved from /home/airflow/.local/lib/python3.12/site-packages/airflow/example_dags/tutorial_taskflow_api.py
[2024-10-16T13:17:52.373+0000] {logging_mixin.py:190} INFO - [2024-10-16T13:17:52.372+0000] {dag.py:3239} INFO - Sync 1 DAGs
[2024-10-16T13:17:52.389+0000] {logging_mixin.py:190} INFO - [2024-10-16T13:17:52.389+0000] {dag.py:4180} INFO - Setting next_dagrun for tutorial_taskflow_api to None, run_after=None
[2024-10-16T13:17:52.418+0000] {processor.py:208} INFO - Processing /home/airflow/.local/lib/python3.12/site-packages/airflow/example_dags/tutorial_taskflow_api.py took 0.086 seconds
[2024-10-16T13:18:23.089+0000] {processor.py:186} INFO - Started process (PID=368) to work on /home/airflow/.local/lib/python3.12/site-packages/airflow/example_dags/tutorial_taskflow_api.py
[2024-10-16T13:18:23.090+0000] {processor.py:914} INFO - Processing file /home/airflow/.local/lib/python3.12/site-packages/airflow/example_dags/tutorial_taskflow_api.py for tasks to queue
[2024-10-16T13:18:23.093+0000] {logging_mixin.py:190} INFO - [2024-10-16T13:18:23.093+0000] {dagbag.py:588} INFO - Filling up the DagBag from /home/airflow/.local/lib/python3.12/site-packages/airflow/example_dags/tutorial_taskflow_api.py
[2024-10-16T13:18:23.100+0000] {processor.py:925} INFO - DAG(s) 'tutorial_taskflow_api' retrieved from /home/airflow/.local/lib/python3.12/site-packages/airflow/example_dags/tutorial_taskflow_api.py
[2024-10-16T13:18:23.118+0000] {logging_mixin.py:190} INFO - [2024-10-16T13:18:23.118+0000] {dag.py:3239} INFO - Sync 1 DAGs
[2024-10-16T13:18:23.137+0000] {logging_mixin.py:190} INFO - [2024-10-16T13:18:23.136+0000] {dag.py:4180} INFO - Setting next_dagrun for tutorial_taskflow_api to None, run_after=None
[2024-10-16T13:18:23.159+0000] {processor.py:208} INFO - Processing /home/airflow/.local/lib/python3.12/site-packages/airflow/example_dags/tutorial_taskflow_api.py took 0.075 seconds
[2024-10-16T13:18:53.928+0000] {processor.py:186} INFO - Started process (PID=431) to work on /home/airflow/.local/lib/python3.12/site-packages/airflow/example_dags/tutorial_taskflow_api.py
[2024-10-16T13:18:53.929+0000] {processor.py:914} INFO - Processing file /home/airflow/.local/lib/python3.12/site-packages/airflow/example_dags/tutorial_taskflow_api.py for tasks to queue
[2024-10-16T13:18:53.932+0000] {logging_mixin.py:190} INFO - [2024-10-16T13:18:53.931+0000] {dagbag.py:588} INFO - Filling up the DagBag from /home/airflow/.local/lib/python3.12/site-packages/airflow/example_dags/tutorial_taskflow_api.py
[2024-10-16T13:18:53.939+0000] {processor.py:925} INFO - DAG(s) 'tutorial_taskflow_api' retrieved from /home/airflow/.local/lib/python3.12/site-packages/airflow/example_dags/tutorial_taskflow_api.py
[2024-10-16T13:18:53.964+0000] {logging_mixin.py:190} INFO - [2024-10-16T13:18:53.964+0000] {dag.py:3239} INFO - Sync 1 DAGs
[2024-10-16T13:18:53.976+0000] {logging_mixin.py:190} INFO - [2024-10-16T13:18:53.976+0000] {dag.py:4180} INFO - Setting next_dagrun for tutorial_taskflow_api to None, run_after=None
[2024-10-16T13:18:54.000+0000] {processor.py:208} INFO - Processing /home/airflow/.local/lib/python3.12/site-packages/airflow/example_dags/tutorial_taskflow_api.py took 0.079 seconds
[2024-10-16T13:19:25.002+0000] {processor.py:186} INFO - Started process (PID=494) to work on /home/airflow/.local/lib/python3.12/site-packages/airflow/example_dags/tutorial_taskflow_api.py
[2024-10-16T13:19:25.004+0000] {processor.py:914} INFO - Processing file /home/airflow/.local/lib/python3.12/site-packages/airflow/example_dags/tutorial_taskflow_api.py for tasks to queue
[2024-10-16T13:19:25.008+0000] {logging_mixin.py:190} INFO - [2024-10-16T13:19:25.007+0000] {dagbag.py:588} INFO - Filling up the DagBag from /home/airflow/.local/lib/python3.12/site-packages/airflow/example_dags/tutorial_taskflow_api.py
[2024-10-16T13:19:25.017+0000] {processor.py:925} INFO - DAG(s) 'tutorial_taskflow_api' retrieved from /home/airflow/.local/lib/python3.12/site-packages/airflow/example_dags/tutorial_taskflow_api.py
[2024-10-16T13:19:25.046+0000] {logging_mixin.py:190} INFO - [2024-10-16T13:19:25.045+0000] {dag.py:3239} INFO - Sync 1 DAGs
[2024-10-16T13:19:25.068+0000] {logging_mixin.py:190} INFO - [2024-10-16T13:19:25.068+0000] {dag.py:4180} INFO - Setting next_dagrun for tutorial_taskflow_api to None, run_after=None
[2024-10-16T13:19:25.100+0000] {processor.py:208} INFO - Processing /home/airflow/.local/lib/python3.12/site-packages/airflow/example_dags/tutorial_taskflow_api.py took 0.106 seconds
[2024-10-16T13:19:55.327+0000] {processor.py:186} INFO - Started process (PID=557) to work on /home/airflow/.local/lib/python3.12/site-packages/airflow/example_dags/tutorial_taskflow_api.py
[2024-10-16T13:19:55.329+0000] {processor.py:914} INFO - Processing file /home/airflow/.local/lib/python3.12/site-packages/airflow/example_dags/tutorial_taskflow_api.py for tasks to queue
[2024-10-16T13:19:55.332+0000] {logging_mixin.py:190} INFO - [2024-10-16T13:19:55.332+0000] {dagbag.py:588} INFO - Filling up the DagBag from /home/airflow/.local/lib/python3.12/site-packages/airflow/example_dags/tutorial_taskflow_api.py
[2024-10-16T13:19:55.339+0000] {processor.py:925} INFO - DAG(s) 'tutorial_taskflow_api' retrieved from /home/airflow/.local/lib/python3.12/site-packages/airflow/example_dags/tutorial_taskflow_api.py
[2024-10-16T13:19:55.371+0000] {logging_mixin.py:190} INFO - [2024-10-16T13:19:55.370+0000] {dag.py:3239} INFO - Sync 1 DAGs
[2024-10-16T13:19:55.387+0000] {logging_mixin.py:190} INFO - [2024-10-16T13:19:55.386+0000] {dag.py:4180} INFO - Setting next_dagrun for tutorial_taskflow_api to None, run_after=None
[2024-10-16T13:19:55.408+0000] {processor.py:208} INFO - Processing /home/airflow/.local/lib/python3.12/site-packages/airflow/example_dags/tutorial_taskflow_api.py took 0.086 seconds
[2024-10-16T13:20:26.038+0000] {processor.py:186} INFO - Started process (PID=620) to work on /home/airflow/.local/lib/python3.12/site-packages/airflow/example_dags/tutorial_taskflow_api.py
[2024-10-16T13:20:26.039+0000] {processor.py:914} INFO - Processing file /home/airflow/.local/lib/python3.12/site-packages/airflow/example_dags/tutorial_taskflow_api.py for tasks to queue
[2024-10-16T13:20:26.041+0000] {logging_mixin.py:190} INFO - [2024-10-16T13:20:26.041+0000] {dagbag.py:588} INFO - Filling up the DagBag from /home/airflow/.local/lib/python3.12/site-packages/airflow/example_dags/tutorial_taskflow_api.py
[2024-10-16T13:20:26.051+0000] {processor.py:925} INFO - DAG(s) 'tutorial_taskflow_api' retrieved from /home/airflow/.local/lib/python3.12/site-packages/airflow/example_dags/tutorial_taskflow_api.py
[2024-10-16T13:20:26.069+0000] {logging_mixin.py:190} INFO - [2024-10-16T13:20:26.069+0000] {dag.py:3239} INFO - Sync 1 DAGs
[2024-10-16T13:20:26.083+0000] {logging_mixin.py:190} INFO - [2024-10-16T13:20:26.083+0000] {dag.py:4180} INFO - Setting next_dagrun for tutorial_taskflow_api to None, run_after=None
[2024-10-16T13:20:26.109+0000] {processor.py:208} INFO - Processing /home/airflow/.local/lib/python3.12/site-packages/airflow/example_dags/tutorial_taskflow_api.py took 0.075 seconds
[2024-10-16T13:22:05.372+0000] {processor.py:186} INFO - Started process (PID=115) to work on /home/airflow/.local/lib/python3.12/site-packages/airflow/example_dags/tutorial_taskflow_api.py
[2024-10-16T13:22:05.374+0000] {processor.py:914} INFO - Processing file /home/airflow/.local/lib/python3.12/site-packages/airflow/example_dags/tutorial_taskflow_api.py for tasks to queue
[2024-10-16T13:22:05.377+0000] {logging_mixin.py:190} INFO - [2024-10-16T13:22:05.377+0000] {dagbag.py:588} INFO - Filling up the DagBag from /home/airflow/.local/lib/python3.12/site-packages/airflow/example_dags/tutorial_taskflow_api.py
[2024-10-16T13:22:05.385+0000] {processor.py:925} INFO - DAG(s) 'tutorial_taskflow_api' retrieved from /home/airflow/.local/lib/python3.12/site-packages/airflow/example_dags/tutorial_taskflow_api.py
[2024-10-16T13:22:05.470+0000] {logging_mixin.py:190} INFO - [2024-10-16T13:22:05.470+0000] {override.py:1900} INFO - Created Permission View: can edit on DAG:tutorial_taskflow_api
[2024-10-16T13:22:05.479+0000] {logging_mixin.py:190} INFO - [2024-10-16T13:22:05.479+0000] {override.py:1900} INFO - Created Permission View: can read on DAG:tutorial_taskflow_api
[2024-10-16T13:22:05.487+0000] {logging_mixin.py:190} INFO - [2024-10-16T13:22:05.486+0000] {override.py:1900} INFO - Created Permission View: can delete on DAG:tutorial_taskflow_api
[2024-10-16T13:22:05.496+0000] {logging_mixin.py:190} INFO - [2024-10-16T13:22:05.495+0000] {override.py:1900} INFO - Created Permission View: can delete on DAG Run:tutorial_taskflow_api
[2024-10-16T13:22:05.502+0000] {logging_mixin.py:190} INFO - [2024-10-16T13:22:05.502+0000] {override.py:1900} INFO - Created Permission View: can read on DAG Run:tutorial_taskflow_api
[2024-10-16T13:22:05.508+0000] {logging_mixin.py:190} INFO - [2024-10-16T13:22:05.508+0000] {override.py:1900} INFO - Created Permission View: menu access on DAG Run:tutorial_taskflow_api
[2024-10-16T13:22:05.514+0000] {logging_mixin.py:190} INFO - [2024-10-16T13:22:05.513+0000] {override.py:1900} INFO - Created Permission View: can create on DAG Run:tutorial_taskflow_api
[2024-10-16T13:22:05.515+0000] {logging_mixin.py:190} INFO - [2024-10-16T13:22:05.514+0000] {dag.py:3239} INFO - Sync 1 DAGs
[2024-10-16T13:22:05.526+0000] {logging_mixin.py:190} INFO - [2024-10-16T13:22:05.525+0000] {dag.py:3262} INFO - Creating ORM DAG for tutorial_taskflow_api
[2024-10-16T13:22:05.526+0000] {logging_mixin.py:190} INFO - [2024-10-16T13:22:05.526+0000] {dag.py:4180} INFO - Setting next_dagrun for tutorial_taskflow_api to None, run_after=None
[2024-10-16T13:22:05.541+0000] {processor.py:208} INFO - Processing /home/airflow/.local/lib/python3.12/site-packages/airflow/example_dags/tutorial_taskflow_api.py took 0.174 seconds
[2024-10-16T13:22:36.325+0000] {processor.py:186} INFO - Started process (PID=178) to work on /home/airflow/.local/lib/python3.12/site-packages/airflow/example_dags/tutorial_taskflow_api.py
[2024-10-16T13:22:36.327+0000] {processor.py:914} INFO - Processing file /home/airflow/.local/lib/python3.12/site-packages/airflow/example_dags/tutorial_taskflow_api.py for tasks to queue
[2024-10-16T13:22:36.329+0000] {logging_mixin.py:190} INFO - [2024-10-16T13:22:36.329+0000] {dagbag.py:588} INFO - Filling up the DagBag from /home/airflow/.local/lib/python3.12/site-packages/airflow/example_dags/tutorial_taskflow_api.py
[2024-10-16T13:22:36.338+0000] {processor.py:925} INFO - DAG(s) 'tutorial_taskflow_api' retrieved from /home/airflow/.local/lib/python3.12/site-packages/airflow/example_dags/tutorial_taskflow_api.py
[2024-10-16T13:22:36.365+0000] {logging_mixin.py:190} INFO - [2024-10-16T13:22:36.365+0000] {dag.py:3239} INFO - Sync 1 DAGs
[2024-10-16T13:22:36.385+0000] {logging_mixin.py:190} INFO - [2024-10-16T13:22:36.385+0000] {dag.py:4180} INFO - Setting next_dagrun for tutorial_taskflow_api to None, run_after=None
[2024-10-16T13:22:36.422+0000] {processor.py:208} INFO - Processing /home/airflow/.local/lib/python3.12/site-packages/airflow/example_dags/tutorial_taskflow_api.py took 0.102 seconds
[2024-10-16T13:23:07.088+0000] {processor.py:186} INFO - Started process (PID=241) to work on /home/airflow/.local/lib/python3.12/site-packages/airflow/example_dags/tutorial_taskflow_api.py
[2024-10-16T13:23:07.090+0000] {processor.py:914} INFO - Processing file /home/airflow/.local/lib/python3.12/site-packages/airflow/example_dags/tutorial_taskflow_api.py for tasks to queue
[2024-10-16T13:23:07.093+0000] {logging_mixin.py:190} INFO - [2024-10-16T13:23:07.093+0000] {dagbag.py:588} INFO - Filling up the DagBag from /home/airflow/.local/lib/python3.12/site-packages/airflow/example_dags/tutorial_taskflow_api.py
[2024-10-16T13:23:07.106+0000] {processor.py:925} INFO - DAG(s) 'tutorial_taskflow_api' retrieved from /home/airflow/.local/lib/python3.12/site-packages/airflow/example_dags/tutorial_taskflow_api.py
[2024-10-16T13:23:07.135+0000] {logging_mixin.py:190} INFO - [2024-10-16T13:23:07.135+0000] {dag.py:3239} INFO - Sync 1 DAGs
[2024-10-16T13:23:07.152+0000] {logging_mixin.py:190} INFO - [2024-10-16T13:23:07.152+0000] {dag.py:4180} INFO - Setting next_dagrun for tutorial_taskflow_api to None, run_after=None
[2024-10-16T13:23:07.180+0000] {processor.py:208} INFO - Processing /home/airflow/.local/lib/python3.12/site-packages/airflow/example_dags/tutorial_taskflow_api.py took 0.101 seconds
