[2024-10-16T12:50:35.657+0000] {processor.py:186} INFO - Started process (PID=114) to work on /home/airflow/.local/lib/python3.12/site-packages/airflow/example_dags/tutorial_objectstorage.py
[2024-10-16T12:50:35.658+0000] {processor.py:914} INFO - Processing file /home/airflow/.local/lib/python3.12/site-packages/airflow/example_dags/tutorial_objectstorage.py for tasks to queue
[2024-10-16T12:50:35.660+0000] {logging_mixin.py:190} INFO - [2024-10-16T12:50:35.660+0000] {dagbag.py:588} INFO - Filling up the DagBag from /home/airflow/.local/lib/python3.12/site-packages/airflow/example_dags/tutorial_objectstorage.py
[2024-10-16T12:50:35.669+0000] {processor.py:925} INFO - DAG(s) 'tutorial_objectstorage' retrieved from /home/airflow/.local/lib/python3.12/site-packages/airflow/example_dags/tutorial_objectstorage.py
[2024-10-16T12:50:35.750+0000] {logging_mixin.py:190} INFO - [2024-10-16T12:50:35.750+0000] {override.py:1900} INFO - Created Permission View: can edit on DAG:tutorial_objectstorage
[2024-10-16T12:50:35.759+0000] {logging_mixin.py:190} INFO - [2024-10-16T12:50:35.758+0000] {override.py:1900} INFO - Created Permission View: can read on DAG:tutorial_objectstorage
[2024-10-16T12:50:35.766+0000] {logging_mixin.py:190} INFO - [2024-10-16T12:50:35.765+0000] {override.py:1900} INFO - Created Permission View: can delete on DAG:tutorial_objectstorage
[2024-10-16T12:50:35.774+0000] {logging_mixin.py:190} INFO - [2024-10-16T12:50:35.774+0000] {override.py:1900} INFO - Created Permission View: can delete on DAG Run:tutorial_objectstorage
[2024-10-16T12:50:35.785+0000] {logging_mixin.py:190} INFO - [2024-10-16T12:50:35.784+0000] {override.py:1900} INFO - Created Permission View: menu access on DAG Run:tutorial_objectstorage
[2024-10-16T12:50:35.790+0000] {logging_mixin.py:190} INFO - [2024-10-16T12:50:35.790+0000] {override.py:1900} INFO - Created Permission View: can create on DAG Run:tutorial_objectstorage
[2024-10-16T12:50:35.798+0000] {logging_mixin.py:190} INFO - [2024-10-16T12:50:35.797+0000] {override.py:1900} INFO - Created Permission View: can read on DAG Run:tutorial_objectstorage
[2024-10-16T12:50:35.798+0000] {logging_mixin.py:190} INFO - [2024-10-16T12:50:35.798+0000] {dag.py:3239} INFO - Sync 1 DAGs
[2024-10-16T12:50:35.812+0000] {logging_mixin.py:190} INFO - [2024-10-16T12:50:35.812+0000] {dag.py:3262} INFO - Creating ORM DAG for tutorial_objectstorage
[2024-10-16T12:50:35.819+0000] {logging_mixin.py:190} INFO - [2024-10-16T12:50:35.819+0000] {dag.py:4180} INFO - Setting next_dagrun for tutorial_objectstorage to None, run_after=None
[2024-10-16T12:50:35.838+0000] {processor.py:208} INFO - Processing /home/airflow/.local/lib/python3.12/site-packages/airflow/example_dags/tutorial_objectstorage.py took 0.186 seconds
[2024-10-16T12:51:06.284+0000] {processor.py:186} INFO - Started process (PID=176) to work on /home/airflow/.local/lib/python3.12/site-packages/airflow/example_dags/tutorial_objectstorage.py
[2024-10-16T12:51:06.285+0000] {processor.py:914} INFO - Processing file /home/airflow/.local/lib/python3.12/site-packages/airflow/example_dags/tutorial_objectstorage.py for tasks to queue
[2024-10-16T12:51:06.289+0000] {logging_mixin.py:190} INFO - [2024-10-16T12:51:06.289+0000] {dagbag.py:588} INFO - Filling up the DagBag from /home/airflow/.local/lib/python3.12/site-packages/airflow/example_dags/tutorial_objectstorage.py
[2024-10-16T12:51:06.301+0000] {processor.py:925} INFO - DAG(s) 'tutorial_objectstorage' retrieved from /home/airflow/.local/lib/python3.12/site-packages/airflow/example_dags/tutorial_objectstorage.py
[2024-10-16T12:51:06.328+0000] {logging_mixin.py:190} INFO - [2024-10-16T12:51:06.327+0000] {dag.py:3239} INFO - Sync 1 DAGs
[2024-10-16T12:51:06.347+0000] {logging_mixin.py:190} INFO - [2024-10-16T12:51:06.346+0000] {dag.py:4180} INFO - Setting next_dagrun for tutorial_objectstorage to None, run_after=None
[2024-10-16T12:51:06.379+0000] {processor.py:208} INFO - Processing /home/airflow/.local/lib/python3.12/site-packages/airflow/example_dags/tutorial_objectstorage.py took 0.102 seconds
[2024-10-16T12:51:36.608+0000] {processor.py:186} INFO - Started process (PID=238) to work on /home/airflow/.local/lib/python3.12/site-packages/airflow/example_dags/tutorial_objectstorage.py
[2024-10-16T12:51:36.609+0000] {processor.py:914} INFO - Processing file /home/airflow/.local/lib/python3.12/site-packages/airflow/example_dags/tutorial_objectstorage.py for tasks to queue
[2024-10-16T12:51:36.613+0000] {logging_mixin.py:190} INFO - [2024-10-16T12:51:36.612+0000] {dagbag.py:588} INFO - Filling up the DagBag from /home/airflow/.local/lib/python3.12/site-packages/airflow/example_dags/tutorial_objectstorage.py
[2024-10-16T12:51:36.625+0000] {processor.py:925} INFO - DAG(s) 'tutorial_objectstorage' retrieved from /home/airflow/.local/lib/python3.12/site-packages/airflow/example_dags/tutorial_objectstorage.py
[2024-10-16T12:51:36.649+0000] {logging_mixin.py:190} INFO - [2024-10-16T12:51:36.649+0000] {dag.py:3239} INFO - Sync 1 DAGs
[2024-10-16T12:51:36.667+0000] {logging_mixin.py:190} INFO - [2024-10-16T12:51:36.667+0000] {dag.py:4180} INFO - Setting next_dagrun for tutorial_objectstorage to None, run_after=None
[2024-10-16T12:51:36.696+0000] {processor.py:208} INFO - Processing /home/airflow/.local/lib/python3.12/site-packages/airflow/example_dags/tutorial_objectstorage.py took 0.095 seconds
[2024-10-16T12:52:06.949+0000] {processor.py:186} INFO - Started process (PID=300) to work on /home/airflow/.local/lib/python3.12/site-packages/airflow/example_dags/tutorial_objectstorage.py
[2024-10-16T12:52:06.950+0000] {processor.py:914} INFO - Processing file /home/airflow/.local/lib/python3.12/site-packages/airflow/example_dags/tutorial_objectstorage.py for tasks to queue
[2024-10-16T12:52:06.952+0000] {logging_mixin.py:190} INFO - [2024-10-16T12:52:06.952+0000] {dagbag.py:588} INFO - Filling up the DagBag from /home/airflow/.local/lib/python3.12/site-packages/airflow/example_dags/tutorial_objectstorage.py
[2024-10-16T12:52:06.960+0000] {processor.py:925} INFO - DAG(s) 'tutorial_objectstorage' retrieved from /home/airflow/.local/lib/python3.12/site-packages/airflow/example_dags/tutorial_objectstorage.py
[2024-10-16T12:52:06.984+0000] {logging_mixin.py:190} INFO - [2024-10-16T12:52:06.983+0000] {dag.py:3239} INFO - Sync 1 DAGs
[2024-10-16T12:52:06.997+0000] {logging_mixin.py:190} INFO - [2024-10-16T12:52:06.997+0000] {dag.py:4180} INFO - Setting next_dagrun for tutorial_objectstorage to None, run_after=None
[2024-10-16T12:52:07.024+0000] {processor.py:208} INFO - Processing /home/airflow/.local/lib/python3.12/site-packages/airflow/example_dags/tutorial_objectstorage.py took 0.082 seconds
[2024-10-16T12:52:37.218+0000] {processor.py:186} INFO - Started process (PID=363) to work on /home/airflow/.local/lib/python3.12/site-packages/airflow/example_dags/tutorial_objectstorage.py
[2024-10-16T12:52:37.219+0000] {processor.py:914} INFO - Processing file /home/airflow/.local/lib/python3.12/site-packages/airflow/example_dags/tutorial_objectstorage.py for tasks to queue
[2024-10-16T12:52:37.223+0000] {logging_mixin.py:190} INFO - [2024-10-16T12:52:37.223+0000] {dagbag.py:588} INFO - Filling up the DagBag from /home/airflow/.local/lib/python3.12/site-packages/airflow/example_dags/tutorial_objectstorage.py
[2024-10-16T12:52:37.235+0000] {processor.py:925} INFO - DAG(s) 'tutorial_objectstorage' retrieved from /home/airflow/.local/lib/python3.12/site-packages/airflow/example_dags/tutorial_objectstorage.py
[2024-10-16T12:52:37.258+0000] {logging_mixin.py:190} INFO - [2024-10-16T12:52:37.258+0000] {dag.py:3239} INFO - Sync 1 DAGs
[2024-10-16T12:52:37.271+0000] {logging_mixin.py:190} INFO - [2024-10-16T12:52:37.271+0000] {dag.py:4180} INFO - Setting next_dagrun for tutorial_objectstorage to None, run_after=None
[2024-10-16T12:52:37.299+0000] {processor.py:208} INFO - Processing /home/airflow/.local/lib/python3.12/site-packages/airflow/example_dags/tutorial_objectstorage.py took 0.087 seconds
[2024-10-16T12:53:08.115+0000] {processor.py:186} INFO - Started process (PID=425) to work on /home/airflow/.local/lib/python3.12/site-packages/airflow/example_dags/tutorial_objectstorage.py
[2024-10-16T12:53:08.117+0000] {processor.py:914} INFO - Processing file /home/airflow/.local/lib/python3.12/site-packages/airflow/example_dags/tutorial_objectstorage.py for tasks to queue
[2024-10-16T12:53:08.122+0000] {logging_mixin.py:190} INFO - [2024-10-16T12:53:08.122+0000] {dagbag.py:588} INFO - Filling up the DagBag from /home/airflow/.local/lib/python3.12/site-packages/airflow/example_dags/tutorial_objectstorage.py
[2024-10-16T12:53:08.136+0000] {processor.py:925} INFO - DAG(s) 'tutorial_objectstorage' retrieved from /home/airflow/.local/lib/python3.12/site-packages/airflow/example_dags/tutorial_objectstorage.py
[2024-10-16T12:53:08.167+0000] {logging_mixin.py:190} INFO - [2024-10-16T12:53:08.166+0000] {dag.py:3239} INFO - Sync 1 DAGs
[2024-10-16T12:53:08.189+0000] {logging_mixin.py:190} INFO - [2024-10-16T12:53:08.188+0000] {dag.py:4180} INFO - Setting next_dagrun for tutorial_objectstorage to None, run_after=None
[2024-10-16T12:53:08.225+0000] {processor.py:208} INFO - Processing /home/airflow/.local/lib/python3.12/site-packages/airflow/example_dags/tutorial_objectstorage.py took 0.117 seconds
[2024-10-16T12:53:39.002+0000] {processor.py:186} INFO - Started process (PID=487) to work on /home/airflow/.local/lib/python3.12/site-packages/airflow/example_dags/tutorial_objectstorage.py
[2024-10-16T12:53:39.003+0000] {processor.py:914} INFO - Processing file /home/airflow/.local/lib/python3.12/site-packages/airflow/example_dags/tutorial_objectstorage.py for tasks to queue
[2024-10-16T12:53:39.006+0000] {logging_mixin.py:190} INFO - [2024-10-16T12:53:39.006+0000] {dagbag.py:588} INFO - Filling up the DagBag from /home/airflow/.local/lib/python3.12/site-packages/airflow/example_dags/tutorial_objectstorage.py
[2024-10-16T12:53:39.017+0000] {processor.py:925} INFO - DAG(s) 'tutorial_objectstorage' retrieved from /home/airflow/.local/lib/python3.12/site-packages/airflow/example_dags/tutorial_objectstorage.py
[2024-10-16T12:53:39.035+0000] {logging_mixin.py:190} INFO - [2024-10-16T12:53:39.035+0000] {dag.py:3239} INFO - Sync 1 DAGs
[2024-10-16T12:53:39.046+0000] {logging_mixin.py:190} INFO - [2024-10-16T12:53:39.046+0000] {dag.py:4180} INFO - Setting next_dagrun for tutorial_objectstorage to None, run_after=None
[2024-10-16T12:53:39.065+0000] {processor.py:208} INFO - Processing /home/airflow/.local/lib/python3.12/site-packages/airflow/example_dags/tutorial_objectstorage.py took 0.067 seconds
[2024-10-16T12:54:10.271+0000] {processor.py:186} INFO - Started process (PID=549) to work on /home/airflow/.local/lib/python3.12/site-packages/airflow/example_dags/tutorial_objectstorage.py
[2024-10-16T12:54:10.272+0000] {processor.py:914} INFO - Processing file /home/airflow/.local/lib/python3.12/site-packages/airflow/example_dags/tutorial_objectstorage.py for tasks to queue
[2024-10-16T12:54:10.275+0000] {logging_mixin.py:190} INFO - [2024-10-16T12:54:10.275+0000] {dagbag.py:588} INFO - Filling up the DagBag from /home/airflow/.local/lib/python3.12/site-packages/airflow/example_dags/tutorial_objectstorage.py
[2024-10-16T12:54:10.282+0000] {processor.py:925} INFO - DAG(s) 'tutorial_objectstorage' retrieved from /home/airflow/.local/lib/python3.12/site-packages/airflow/example_dags/tutorial_objectstorage.py
[2024-10-16T12:54:10.300+0000] {logging_mixin.py:190} INFO - [2024-10-16T12:54:10.300+0000] {dag.py:3239} INFO - Sync 1 DAGs
[2024-10-16T12:54:10.316+0000] {logging_mixin.py:190} INFO - [2024-10-16T12:54:10.316+0000] {dag.py:4180} INFO - Setting next_dagrun for tutorial_objectstorage to None, run_after=None
[2024-10-16T12:54:10.339+0000] {processor.py:208} INFO - Processing /home/airflow/.local/lib/python3.12/site-packages/airflow/example_dags/tutorial_objectstorage.py took 0.075 seconds
[2024-10-16T12:54:42.408+0000] {processor.py:186} INFO - Started process (PID=611) to work on /home/airflow/.local/lib/python3.12/site-packages/airflow/example_dags/tutorial_objectstorage.py
[2024-10-16T12:54:42.409+0000] {processor.py:914} INFO - Processing file /home/airflow/.local/lib/python3.12/site-packages/airflow/example_dags/tutorial_objectstorage.py for tasks to queue
[2024-10-16T12:54:42.412+0000] {logging_mixin.py:190} INFO - [2024-10-16T12:54:42.411+0000] {dagbag.py:588} INFO - Filling up the DagBag from /home/airflow/.local/lib/python3.12/site-packages/airflow/example_dags/tutorial_objectstorage.py
[2024-10-16T12:54:42.418+0000] {processor.py:925} INFO - DAG(s) 'tutorial_objectstorage' retrieved from /home/airflow/.local/lib/python3.12/site-packages/airflow/example_dags/tutorial_objectstorage.py
[2024-10-16T12:54:42.442+0000] {logging_mixin.py:190} INFO - [2024-10-16T12:54:42.442+0000] {dag.py:3239} INFO - Sync 1 DAGs
[2024-10-16T12:54:42.456+0000] {logging_mixin.py:190} INFO - [2024-10-16T12:54:42.455+0000] {dag.py:4180} INFO - Setting next_dagrun for tutorial_objectstorage to None, run_after=None
[2024-10-16T12:54:42.476+0000] {processor.py:208} INFO - Processing /home/airflow/.local/lib/python3.12/site-packages/airflow/example_dags/tutorial_objectstorage.py took 0.074 seconds
[2024-10-16T12:55:12.950+0000] {processor.py:186} INFO - Started process (PID=674) to work on /home/airflow/.local/lib/python3.12/site-packages/airflow/example_dags/tutorial_objectstorage.py
[2024-10-16T12:55:12.952+0000] {processor.py:914} INFO - Processing file /home/airflow/.local/lib/python3.12/site-packages/airflow/example_dags/tutorial_objectstorage.py for tasks to queue
[2024-10-16T12:55:12.954+0000] {logging_mixin.py:190} INFO - [2024-10-16T12:55:12.954+0000] {dagbag.py:588} INFO - Filling up the DagBag from /home/airflow/.local/lib/python3.12/site-packages/airflow/example_dags/tutorial_objectstorage.py
[2024-10-16T12:55:12.972+0000] {processor.py:925} INFO - DAG(s) 'tutorial_objectstorage' retrieved from /home/airflow/.local/lib/python3.12/site-packages/airflow/example_dags/tutorial_objectstorage.py
[2024-10-16T12:55:13.002+0000] {logging_mixin.py:190} INFO - [2024-10-16T12:55:13.002+0000] {dag.py:3239} INFO - Sync 1 DAGs
[2024-10-16T12:55:13.024+0000] {logging_mixin.py:190} INFO - [2024-10-16T12:55:13.024+0000] {dag.py:4180} INFO - Setting next_dagrun for tutorial_objectstorage to None, run_after=None
[2024-10-16T12:55:13.061+0000] {processor.py:208} INFO - Processing /home/airflow/.local/lib/python3.12/site-packages/airflow/example_dags/tutorial_objectstorage.py took 0.118 seconds
[2024-10-16T12:55:43.298+0000] {processor.py:186} INFO - Started process (PID=735) to work on /home/airflow/.local/lib/python3.12/site-packages/airflow/example_dags/tutorial_objectstorage.py
[2024-10-16T12:55:43.307+0000] {processor.py:914} INFO - Processing file /home/airflow/.local/lib/python3.12/site-packages/airflow/example_dags/tutorial_objectstorage.py for tasks to queue
[2024-10-16T12:55:43.312+0000] {logging_mixin.py:190} INFO - [2024-10-16T12:55:43.312+0000] {dagbag.py:588} INFO - Filling up the DagBag from /home/airflow/.local/lib/python3.12/site-packages/airflow/example_dags/tutorial_objectstorage.py
[2024-10-16T12:55:43.324+0000] {processor.py:925} INFO - DAG(s) 'tutorial_objectstorage' retrieved from /home/airflow/.local/lib/python3.12/site-packages/airflow/example_dags/tutorial_objectstorage.py
[2024-10-16T12:55:43.341+0000] {logging_mixin.py:190} INFO - [2024-10-16T12:55:43.339+0000] {dag.py:3239} INFO - Sync 1 DAGs
[2024-10-16T12:55:43.353+0000] {logging_mixin.py:190} INFO - [2024-10-16T12:55:43.353+0000] {dag.py:4180} INFO - Setting next_dagrun for tutorial_objectstorage to None, run_after=None
[2024-10-16T12:55:43.373+0000] {processor.py:208} INFO - Processing /home/airflow/.local/lib/python3.12/site-packages/airflow/example_dags/tutorial_objectstorage.py took 0.080 seconds
[2024-10-16T12:56:13.863+0000] {processor.py:186} INFO - Started process (PID=798) to work on /home/airflow/.local/lib/python3.12/site-packages/airflow/example_dags/tutorial_objectstorage.py
[2024-10-16T12:56:13.864+0000] {processor.py:914} INFO - Processing file /home/airflow/.local/lib/python3.12/site-packages/airflow/example_dags/tutorial_objectstorage.py for tasks to queue
[2024-10-16T12:56:13.868+0000] {logging_mixin.py:190} INFO - [2024-10-16T12:56:13.868+0000] {dagbag.py:588} INFO - Filling up the DagBag from /home/airflow/.local/lib/python3.12/site-packages/airflow/example_dags/tutorial_objectstorage.py
[2024-10-16T12:56:13.876+0000] {processor.py:925} INFO - DAG(s) 'tutorial_objectstorage' retrieved from /home/airflow/.local/lib/python3.12/site-packages/airflow/example_dags/tutorial_objectstorage.py
[2024-10-16T12:56:13.896+0000] {logging_mixin.py:190} INFO - [2024-10-16T12:56:13.895+0000] {dag.py:3239} INFO - Sync 1 DAGs
[2024-10-16T12:56:13.911+0000] {logging_mixin.py:190} INFO - [2024-10-16T12:56:13.911+0000] {dag.py:4180} INFO - Setting next_dagrun for tutorial_objectstorage to None, run_after=None
[2024-10-16T12:56:13.931+0000] {processor.py:208} INFO - Processing /home/airflow/.local/lib/python3.12/site-packages/airflow/example_dags/tutorial_objectstorage.py took 0.072 seconds
[2024-10-16T12:56:44.489+0000] {processor.py:186} INFO - Started process (PID=860) to work on /home/airflow/.local/lib/python3.12/site-packages/airflow/example_dags/tutorial_objectstorage.py
[2024-10-16T12:56:44.490+0000] {processor.py:914} INFO - Processing file /home/airflow/.local/lib/python3.12/site-packages/airflow/example_dags/tutorial_objectstorage.py for tasks to queue
[2024-10-16T12:56:44.493+0000] {logging_mixin.py:190} INFO - [2024-10-16T12:56:44.493+0000] {dagbag.py:588} INFO - Filling up the DagBag from /home/airflow/.local/lib/python3.12/site-packages/airflow/example_dags/tutorial_objectstorage.py
[2024-10-16T12:56:44.503+0000] {processor.py:925} INFO - DAG(s) 'tutorial_objectstorage' retrieved from /home/airflow/.local/lib/python3.12/site-packages/airflow/example_dags/tutorial_objectstorage.py
[2024-10-16T12:56:44.527+0000] {logging_mixin.py:190} INFO - [2024-10-16T12:56:44.527+0000] {dag.py:3239} INFO - Sync 1 DAGs
[2024-10-16T12:56:44.540+0000] {logging_mixin.py:190} INFO - [2024-10-16T12:56:44.539+0000] {dag.py:4180} INFO - Setting next_dagrun for tutorial_objectstorage to None, run_after=None
[2024-10-16T12:56:44.563+0000] {processor.py:208} INFO - Processing /home/airflow/.local/lib/python3.12/site-packages/airflow/example_dags/tutorial_objectstorage.py took 0.080 seconds
[2024-10-16T12:57:16.160+0000] {processor.py:186} INFO - Started process (PID=922) to work on /home/airflow/.local/lib/python3.12/site-packages/airflow/example_dags/tutorial_objectstorage.py
[2024-10-16T12:57:16.161+0000] {processor.py:914} INFO - Processing file /home/airflow/.local/lib/python3.12/site-packages/airflow/example_dags/tutorial_objectstorage.py for tasks to queue
[2024-10-16T12:57:16.164+0000] {logging_mixin.py:190} INFO - [2024-10-16T12:57:16.163+0000] {dagbag.py:588} INFO - Filling up the DagBag from /home/airflow/.local/lib/python3.12/site-packages/airflow/example_dags/tutorial_objectstorage.py
[2024-10-16T12:57:16.172+0000] {processor.py:925} INFO - DAG(s) 'tutorial_objectstorage' retrieved from /home/airflow/.local/lib/python3.12/site-packages/airflow/example_dags/tutorial_objectstorage.py
[2024-10-16T12:57:16.187+0000] {logging_mixin.py:190} INFO - [2024-10-16T12:57:16.186+0000] {dag.py:3239} INFO - Sync 1 DAGs
[2024-10-16T12:57:16.198+0000] {logging_mixin.py:190} INFO - [2024-10-16T12:57:16.198+0000] {dag.py:4180} INFO - Setting next_dagrun for tutorial_objectstorage to None, run_after=None
[2024-10-16T12:57:16.217+0000] {processor.py:208} INFO - Processing /home/airflow/.local/lib/python3.12/site-packages/airflow/example_dags/tutorial_objectstorage.py took 0.063 seconds
[2024-10-16T12:57:46.859+0000] {processor.py:186} INFO - Started process (PID=984) to work on /home/airflow/.local/lib/python3.12/site-packages/airflow/example_dags/tutorial_objectstorage.py
[2024-10-16T12:57:46.861+0000] {processor.py:914} INFO - Processing file /home/airflow/.local/lib/python3.12/site-packages/airflow/example_dags/tutorial_objectstorage.py for tasks to queue
[2024-10-16T12:57:46.864+0000] {logging_mixin.py:190} INFO - [2024-10-16T12:57:46.864+0000] {dagbag.py:588} INFO - Filling up the DagBag from /home/airflow/.local/lib/python3.12/site-packages/airflow/example_dags/tutorial_objectstorage.py
[2024-10-16T12:57:46.875+0000] {processor.py:925} INFO - DAG(s) 'tutorial_objectstorage' retrieved from /home/airflow/.local/lib/python3.12/site-packages/airflow/example_dags/tutorial_objectstorage.py
[2024-10-16T12:57:46.937+0000] {logging_mixin.py:190} INFO - [2024-10-16T12:57:46.937+0000] {dag.py:3239} INFO - Sync 1 DAGs
[2024-10-16T12:57:46.957+0000] {logging_mixin.py:190} INFO - [2024-10-16T12:57:46.957+0000] {dag.py:4180} INFO - Setting next_dagrun for tutorial_objectstorage to None, run_after=None
[2024-10-16T12:57:46.705+0000] {processor.py:208} INFO - Processing /home/airflow/.local/lib/python3.12/site-packages/airflow/example_dags/tutorial_objectstorage.py took 0.141 seconds
[2024-10-16T12:58:17.589+0000] {processor.py:186} INFO - Started process (PID=1049) to work on /home/airflow/.local/lib/python3.12/site-packages/airflow/example_dags/tutorial_objectstorage.py
[2024-10-16T12:58:17.591+0000] {processor.py:914} INFO - Processing file /home/airflow/.local/lib/python3.12/site-packages/airflow/example_dags/tutorial_objectstorage.py for tasks to queue
[2024-10-16T12:58:17.594+0000] {logging_mixin.py:190} INFO - [2024-10-16T12:58:17.594+0000] {dagbag.py:588} INFO - Filling up the DagBag from /home/airflow/.local/lib/python3.12/site-packages/airflow/example_dags/tutorial_objectstorage.py
[2024-10-16T12:58:17.606+0000] {processor.py:925} INFO - DAG(s) 'tutorial_objectstorage' retrieved from /home/airflow/.local/lib/python3.12/site-packages/airflow/example_dags/tutorial_objectstorage.py
[2024-10-16T12:58:17.634+0000] {logging_mixin.py:190} INFO - [2024-10-16T12:58:17.633+0000] {dag.py:3239} INFO - Sync 1 DAGs
[2024-10-16T12:58:17.653+0000] {logging_mixin.py:190} INFO - [2024-10-16T12:58:17.653+0000] {dag.py:4180} INFO - Setting next_dagrun for tutorial_objectstorage to None, run_after=None
[2024-10-16T12:58:17.680+0000] {processor.py:208} INFO - Processing /home/airflow/.local/lib/python3.12/site-packages/airflow/example_dags/tutorial_objectstorage.py took 0.097 seconds
[2024-10-16T12:58:47.862+0000] {processor.py:186} INFO - Started process (PID=1117) to work on /home/airflow/.local/lib/python3.12/site-packages/airflow/example_dags/tutorial_objectstorage.py
[2024-10-16T12:58:47.864+0000] {processor.py:914} INFO - Processing file /home/airflow/.local/lib/python3.12/site-packages/airflow/example_dags/tutorial_objectstorage.py for tasks to queue
[2024-10-16T12:58:47.867+0000] {logging_mixin.py:190} INFO - [2024-10-16T12:58:47.867+0000] {dagbag.py:588} INFO - Filling up the DagBag from /home/airflow/.local/lib/python3.12/site-packages/airflow/example_dags/tutorial_objectstorage.py
[2024-10-16T12:58:47.883+0000] {processor.py:925} INFO - DAG(s) 'tutorial_objectstorage' retrieved from /home/airflow/.local/lib/python3.12/site-packages/airflow/example_dags/tutorial_objectstorage.py
[2024-10-16T12:58:47.912+0000] {logging_mixin.py:190} INFO - [2024-10-16T12:58:47.912+0000] {dag.py:3239} INFO - Sync 1 DAGs
[2024-10-16T12:58:47.934+0000] {logging_mixin.py:190} INFO - [2024-10-16T12:58:47.934+0000] {dag.py:4180} INFO - Setting next_dagrun for tutorial_objectstorage to None, run_after=None
[2024-10-16T12:58:47.958+0000] {processor.py:208} INFO - Processing /home/airflow/.local/lib/python3.12/site-packages/airflow/example_dags/tutorial_objectstorage.py took 0.106 seconds
[2024-10-16T12:59:18.916+0000] {processor.py:186} INFO - Started process (PID=1179) to work on /home/airflow/.local/lib/python3.12/site-packages/airflow/example_dags/tutorial_objectstorage.py
[2024-10-16T12:59:18.918+0000] {processor.py:914} INFO - Processing file /home/airflow/.local/lib/python3.12/site-packages/airflow/example_dags/tutorial_objectstorage.py for tasks to queue
[2024-10-16T12:59:18.921+0000] {logging_mixin.py:190} INFO - [2024-10-16T12:59:18.920+0000] {dagbag.py:588} INFO - Filling up the DagBag from /home/airflow/.local/lib/python3.12/site-packages/airflow/example_dags/tutorial_objectstorage.py
[2024-10-16T12:59:18.932+0000] {processor.py:925} INFO - DAG(s) 'tutorial_objectstorage' retrieved from /home/airflow/.local/lib/python3.12/site-packages/airflow/example_dags/tutorial_objectstorage.py
[2024-10-16T12:59:18.957+0000] {logging_mixin.py:190} INFO - [2024-10-16T12:59:18.956+0000] {dag.py:3239} INFO - Sync 1 DAGs
[2024-10-16T12:59:18.974+0000] {logging_mixin.py:190} INFO - [2024-10-16T12:59:18.973+0000] {dag.py:4180} INFO - Setting next_dagrun for tutorial_objectstorage to None, run_after=None
[2024-10-16T12:59:19.004+0000] {processor.py:208} INFO - Processing /home/airflow/.local/lib/python3.12/site-packages/airflow/example_dags/tutorial_objectstorage.py took 0.096 seconds
[2024-10-16T12:59:49.192+0000] {processor.py:186} INFO - Started process (PID=1241) to work on /home/airflow/.local/lib/python3.12/site-packages/airflow/example_dags/tutorial_objectstorage.py
[2024-10-16T12:59:49.194+0000] {processor.py:914} INFO - Processing file /home/airflow/.local/lib/python3.12/site-packages/airflow/example_dags/tutorial_objectstorage.py for tasks to queue
[2024-10-16T12:59:49.203+0000] {logging_mixin.py:190} INFO - [2024-10-16T12:59:49.201+0000] {dagbag.py:588} INFO - Filling up the DagBag from /home/airflow/.local/lib/python3.12/site-packages/airflow/example_dags/tutorial_objectstorage.py
[2024-10-16T12:59:49.213+0000] {processor.py:925} INFO - DAG(s) 'tutorial_objectstorage' retrieved from /home/airflow/.local/lib/python3.12/site-packages/airflow/example_dags/tutorial_objectstorage.py
[2024-10-16T12:59:49.259+0000] {logging_mixin.py:190} INFO - [2024-10-16T12:59:49.258+0000] {dag.py:3239} INFO - Sync 1 DAGs
[2024-10-16T12:59:49.283+0000] {logging_mixin.py:190} INFO - [2024-10-16T12:59:49.282+0000] {dag.py:4180} INFO - Setting next_dagrun for tutorial_objectstorage to None, run_after=None
[2024-10-16T12:59:49.319+0000] {processor.py:208} INFO - Processing /home/airflow/.local/lib/python3.12/site-packages/airflow/example_dags/tutorial_objectstorage.py took 0.136 seconds
[2024-10-16T13:00:19.731+0000] {processor.py:186} INFO - Started process (PID=1304) to work on /home/airflow/.local/lib/python3.12/site-packages/airflow/example_dags/tutorial_objectstorage.py
[2024-10-16T13:00:19.732+0000] {processor.py:914} INFO - Processing file /home/airflow/.local/lib/python3.12/site-packages/airflow/example_dags/tutorial_objectstorage.py for tasks to queue
[2024-10-16T13:00:19.734+0000] {logging_mixin.py:190} INFO - [2024-10-16T13:00:19.733+0000] {dagbag.py:588} INFO - Filling up the DagBag from /home/airflow/.local/lib/python3.12/site-packages/airflow/example_dags/tutorial_objectstorage.py
[2024-10-16T13:00:19.741+0000] {processor.py:925} INFO - DAG(s) 'tutorial_objectstorage' retrieved from /home/airflow/.local/lib/python3.12/site-packages/airflow/example_dags/tutorial_objectstorage.py
[2024-10-16T13:00:19.755+0000] {logging_mixin.py:190} INFO - [2024-10-16T13:00:19.755+0000] {dag.py:3239} INFO - Sync 1 DAGs
[2024-10-16T13:00:19.765+0000] {logging_mixin.py:190} INFO - [2024-10-16T13:00:19.765+0000] {dag.py:4180} INFO - Setting next_dagrun for tutorial_objectstorage to None, run_after=None
[2024-10-16T13:00:19.790+0000] {processor.py:208} INFO - Processing /home/airflow/.local/lib/python3.12/site-packages/airflow/example_dags/tutorial_objectstorage.py took 0.064 seconds
[2024-10-16T13:00:50.121+0000] {processor.py:186} INFO - Started process (PID=1366) to work on /home/airflow/.local/lib/python3.12/site-packages/airflow/example_dags/tutorial_objectstorage.py
[2024-10-16T13:00:50.124+0000] {processor.py:914} INFO - Processing file /home/airflow/.local/lib/python3.12/site-packages/airflow/example_dags/tutorial_objectstorage.py for tasks to queue
[2024-10-16T13:00:50.127+0000] {logging_mixin.py:190} INFO - [2024-10-16T13:00:50.127+0000] {dagbag.py:588} INFO - Filling up the DagBag from /home/airflow/.local/lib/python3.12/site-packages/airflow/example_dags/tutorial_objectstorage.py
[2024-10-16T13:00:50.136+0000] {processor.py:925} INFO - DAG(s) 'tutorial_objectstorage' retrieved from /home/airflow/.local/lib/python3.12/site-packages/airflow/example_dags/tutorial_objectstorage.py
[2024-10-16T13:00:50.159+0000] {logging_mixin.py:190} INFO - [2024-10-16T13:00:50.159+0000] {dag.py:3239} INFO - Sync 1 DAGs
[2024-10-16T13:00:50.184+0000] {logging_mixin.py:190} INFO - [2024-10-16T13:00:50.183+0000] {dag.py:4180} INFO - Setting next_dagrun for tutorial_objectstorage to None, run_after=None
[2024-10-16T13:00:50.212+0000] {processor.py:208} INFO - Processing /home/airflow/.local/lib/python3.12/site-packages/airflow/example_dags/tutorial_objectstorage.py took 0.099 seconds
[2024-10-16T13:01:21.141+0000] {processor.py:186} INFO - Started process (PID=1428) to work on /home/airflow/.local/lib/python3.12/site-packages/airflow/example_dags/tutorial_objectstorage.py
[2024-10-16T13:01:21.142+0000] {processor.py:914} INFO - Processing file /home/airflow/.local/lib/python3.12/site-packages/airflow/example_dags/tutorial_objectstorage.py for tasks to queue
[2024-10-16T13:01:21.145+0000] {logging_mixin.py:190} INFO - [2024-10-16T13:01:21.145+0000] {dagbag.py:588} INFO - Filling up the DagBag from /home/airflow/.local/lib/python3.12/site-packages/airflow/example_dags/tutorial_objectstorage.py
[2024-10-16T13:01:21.158+0000] {processor.py:925} INFO - DAG(s) 'tutorial_objectstorage' retrieved from /home/airflow/.local/lib/python3.12/site-packages/airflow/example_dags/tutorial_objectstorage.py
[2024-10-16T13:01:21.182+0000] {logging_mixin.py:190} INFO - [2024-10-16T13:01:21.181+0000] {dag.py:3239} INFO - Sync 1 DAGs
[2024-10-16T13:01:21.202+0000] {logging_mixin.py:190} INFO - [2024-10-16T13:01:21.201+0000] {dag.py:4180} INFO - Setting next_dagrun for tutorial_objectstorage to None, run_after=None
[2024-10-16T13:01:21.231+0000] {processor.py:208} INFO - Processing /home/airflow/.local/lib/python3.12/site-packages/airflow/example_dags/tutorial_objectstorage.py took 0.098 seconds
[2024-10-16T13:01:51.576+0000] {processor.py:186} INFO - Started process (PID=1489) to work on /home/airflow/.local/lib/python3.12/site-packages/airflow/example_dags/tutorial_objectstorage.py
[2024-10-16T13:01:51.578+0000] {processor.py:914} INFO - Processing file /home/airflow/.local/lib/python3.12/site-packages/airflow/example_dags/tutorial_objectstorage.py for tasks to queue
[2024-10-16T13:01:51.581+0000] {logging_mixin.py:190} INFO - [2024-10-16T13:01:51.580+0000] {dagbag.py:588} INFO - Filling up the DagBag from /home/airflow/.local/lib/python3.12/site-packages/airflow/example_dags/tutorial_objectstorage.py
[2024-10-16T13:01:51.589+0000] {processor.py:925} INFO - DAG(s) 'tutorial_objectstorage' retrieved from /home/airflow/.local/lib/python3.12/site-packages/airflow/example_dags/tutorial_objectstorage.py
[2024-10-16T13:01:51.607+0000] {logging_mixin.py:190} INFO - [2024-10-16T13:01:51.607+0000] {dag.py:3239} INFO - Sync 1 DAGs
[2024-10-16T13:01:51.624+0000] {logging_mixin.py:190} INFO - [2024-10-16T13:01:51.624+0000] {dag.py:4180} INFO - Setting next_dagrun for tutorial_objectstorage to None, run_after=None
[2024-10-16T13:01:51.650+0000] {processor.py:208} INFO - Processing /home/airflow/.local/lib/python3.12/site-packages/airflow/example_dags/tutorial_objectstorage.py took 0.078 seconds
[2024-10-16T13:02:22.547+0000] {processor.py:186} INFO - Started process (PID=1550) to work on /home/airflow/.local/lib/python3.12/site-packages/airflow/example_dags/tutorial_objectstorage.py
[2024-10-16T13:02:22.550+0000] {processor.py:914} INFO - Processing file /home/airflow/.local/lib/python3.12/site-packages/airflow/example_dags/tutorial_objectstorage.py for tasks to queue
[2024-10-16T13:02:22.556+0000] {logging_mixin.py:190} INFO - [2024-10-16T13:02:22.555+0000] {dagbag.py:588} INFO - Filling up the DagBag from /home/airflow/.local/lib/python3.12/site-packages/airflow/example_dags/tutorial_objectstorage.py
[2024-10-16T13:02:22.570+0000] {processor.py:925} INFO - DAG(s) 'tutorial_objectstorage' retrieved from /home/airflow/.local/lib/python3.12/site-packages/airflow/example_dags/tutorial_objectstorage.py
[2024-10-16T13:02:22.608+0000] {logging_mixin.py:190} INFO - [2024-10-16T13:02:22.608+0000] {dag.py:3239} INFO - Sync 1 DAGs
[2024-10-16T13:02:22.626+0000] {logging_mixin.py:190} INFO - [2024-10-16T13:02:22.626+0000] {dag.py:4180} INFO - Setting next_dagrun for tutorial_objectstorage to None, run_after=None
[2024-10-16T13:02:22.657+0000] {processor.py:208} INFO - Processing /home/airflow/.local/lib/python3.12/site-packages/airflow/example_dags/tutorial_objectstorage.py took 0.117 seconds
[2024-10-16T13:02:52.954+0000] {processor.py:186} INFO - Started process (PID=1612) to work on /home/airflow/.local/lib/python3.12/site-packages/airflow/example_dags/tutorial_objectstorage.py
[2024-10-16T13:02:52.957+0000] {processor.py:914} INFO - Processing file /home/airflow/.local/lib/python3.12/site-packages/airflow/example_dags/tutorial_objectstorage.py for tasks to queue
[2024-10-16T13:02:52.961+0000] {logging_mixin.py:190} INFO - [2024-10-16T13:02:52.961+0000] {dagbag.py:588} INFO - Filling up the DagBag from /home/airflow/.local/lib/python3.12/site-packages/airflow/example_dags/tutorial_objectstorage.py
[2024-10-16T13:02:52.974+0000] {processor.py:925} INFO - DAG(s) 'tutorial_objectstorage' retrieved from /home/airflow/.local/lib/python3.12/site-packages/airflow/example_dags/tutorial_objectstorage.py
[2024-10-16T13:02:53.006+0000] {logging_mixin.py:190} INFO - [2024-10-16T13:02:53.006+0000] {dag.py:3239} INFO - Sync 1 DAGs
[2024-10-16T13:02:53.032+0000] {logging_mixin.py:190} INFO - [2024-10-16T13:02:53.032+0000] {dag.py:4180} INFO - Setting next_dagrun for tutorial_objectstorage to None, run_after=None
[2024-10-16T13:02:53.073+0000] {processor.py:208} INFO - Processing /home/airflow/.local/lib/python3.12/site-packages/airflow/example_dags/tutorial_objectstorage.py took 0.128 seconds
[2024-10-16T13:03:23.249+0000] {processor.py:186} INFO - Started process (PID=1675) to work on /home/airflow/.local/lib/python3.12/site-packages/airflow/example_dags/tutorial_objectstorage.py
[2024-10-16T13:03:23.250+0000] {processor.py:914} INFO - Processing file /home/airflow/.local/lib/python3.12/site-packages/airflow/example_dags/tutorial_objectstorage.py for tasks to queue
[2024-10-16T13:03:23.253+0000] {logging_mixin.py:190} INFO - [2024-10-16T13:03:23.253+0000] {dagbag.py:588} INFO - Filling up the DagBag from /home/airflow/.local/lib/python3.12/site-packages/airflow/example_dags/tutorial_objectstorage.py
[2024-10-16T13:03:23.263+0000] {processor.py:925} INFO - DAG(s) 'tutorial_objectstorage' retrieved from /home/airflow/.local/lib/python3.12/site-packages/airflow/example_dags/tutorial_objectstorage.py
[2024-10-16T13:03:23.287+0000] {logging_mixin.py:190} INFO - [2024-10-16T13:03:23.287+0000] {dag.py:3239} INFO - Sync 1 DAGs
[2024-10-16T13:03:23.306+0000] {logging_mixin.py:190} INFO - [2024-10-16T13:03:23.305+0000] {dag.py:4180} INFO - Setting next_dagrun for tutorial_objectstorage to None, run_after=None
[2024-10-16T13:03:23.333+0000] {processor.py:208} INFO - Processing /home/airflow/.local/lib/python3.12/site-packages/airflow/example_dags/tutorial_objectstorage.py took 0.091 seconds
[2024-10-16T13:03:54.205+0000] {processor.py:186} INFO - Started process (PID=1737) to work on /home/airflow/.local/lib/python3.12/site-packages/airflow/example_dags/tutorial_objectstorage.py
[2024-10-16T13:03:54.206+0000] {processor.py:914} INFO - Processing file /home/airflow/.local/lib/python3.12/site-packages/airflow/example_dags/tutorial_objectstorage.py for tasks to queue
[2024-10-16T13:03:54.209+0000] {logging_mixin.py:190} INFO - [2024-10-16T13:03:54.208+0000] {dagbag.py:588} INFO - Filling up the DagBag from /home/airflow/.local/lib/python3.12/site-packages/airflow/example_dags/tutorial_objectstorage.py
[2024-10-16T13:03:54.219+0000] {processor.py:925} INFO - DAG(s) 'tutorial_objectstorage' retrieved from /home/airflow/.local/lib/python3.12/site-packages/airflow/example_dags/tutorial_objectstorage.py
[2024-10-16T13:03:54.242+0000] {logging_mixin.py:190} INFO - [2024-10-16T13:03:54.241+0000] {dag.py:3239} INFO - Sync 1 DAGs
[2024-10-16T13:03:54.258+0000] {logging_mixin.py:190} INFO - [2024-10-16T13:03:54.258+0000] {dag.py:4180} INFO - Setting next_dagrun for tutorial_objectstorage to None, run_after=None
[2024-10-16T13:03:54.288+0000] {processor.py:208} INFO - Processing /home/airflow/.local/lib/python3.12/site-packages/airflow/example_dags/tutorial_objectstorage.py took 0.091 seconds
[2024-10-16T13:04:24.767+0000] {processor.py:186} INFO - Started process (PID=1798) to work on /home/airflow/.local/lib/python3.12/site-packages/airflow/example_dags/tutorial_objectstorage.py
[2024-10-16T13:04:24.769+0000] {processor.py:914} INFO - Processing file /home/airflow/.local/lib/python3.12/site-packages/airflow/example_dags/tutorial_objectstorage.py for tasks to queue
[2024-10-16T13:04:24.772+0000] {logging_mixin.py:190} INFO - [2024-10-16T13:04:24.771+0000] {dagbag.py:588} INFO - Filling up the DagBag from /home/airflow/.local/lib/python3.12/site-packages/airflow/example_dags/tutorial_objectstorage.py
[2024-10-16T13:04:24.783+0000] {processor.py:925} INFO - DAG(s) 'tutorial_objectstorage' retrieved from /home/airflow/.local/lib/python3.12/site-packages/airflow/example_dags/tutorial_objectstorage.py
[2024-10-16T13:04:24.804+0000] {logging_mixin.py:190} INFO - [2024-10-16T13:04:24.804+0000] {dag.py:3239} INFO - Sync 1 DAGs
[2024-10-16T13:04:24.819+0000] {logging_mixin.py:190} INFO - [2024-10-16T13:04:24.819+0000] {dag.py:4180} INFO - Setting next_dagrun for tutorial_objectstorage to None, run_after=None
[2024-10-16T13:04:24.841+0000] {processor.py:208} INFO - Processing /home/airflow/.local/lib/python3.12/site-packages/airflow/example_dags/tutorial_objectstorage.py took 0.081 seconds
[2024-10-16T13:08:09.664+0000] {processor.py:186} INFO - Started process (PID=115) to work on /home/airflow/.local/lib/python3.12/site-packages/airflow/example_dags/tutorial_objectstorage.py
[2024-10-16T13:08:09.665+0000] {processor.py:914} INFO - Processing file /home/airflow/.local/lib/python3.12/site-packages/airflow/example_dags/tutorial_objectstorage.py for tasks to queue
[2024-10-16T13:08:09.668+0000] {logging_mixin.py:190} INFO - [2024-10-16T13:08:09.668+0000] {dagbag.py:588} INFO - Filling up the DagBag from /home/airflow/.local/lib/python3.12/site-packages/airflow/example_dags/tutorial_objectstorage.py
[2024-10-16T13:08:09.677+0000] {processor.py:925} INFO - DAG(s) 'tutorial_objectstorage' retrieved from /home/airflow/.local/lib/python3.12/site-packages/airflow/example_dags/tutorial_objectstorage.py
[2024-10-16T13:08:09.791+0000] {logging_mixin.py:190} INFO - [2024-10-16T13:08:09.790+0000] {override.py:1900} INFO - Created Permission View: can read on DAG:tutorial_objectstorage
[2024-10-16T13:08:09.802+0000] {logging_mixin.py:190} INFO - [2024-10-16T13:08:09.802+0000] {override.py:1900} INFO - Created Permission View: can delete on DAG:tutorial_objectstorage
[2024-10-16T13:08:09.811+0000] {logging_mixin.py:190} INFO - [2024-10-16T13:08:09.811+0000] {override.py:1900} INFO - Created Permission View: can edit on DAG:tutorial_objectstorage
[2024-10-16T13:08:09.819+0000] {logging_mixin.py:190} INFO - [2024-10-16T13:08:09.819+0000] {override.py:1900} INFO - Created Permission View: can create on DAG Run:tutorial_objectstorage
[2024-10-16T13:08:09.827+0000] {logging_mixin.py:190} INFO - [2024-10-16T13:08:09.826+0000] {override.py:1900} INFO - Created Permission View: menu access on DAG Run:tutorial_objectstorage
[2024-10-16T13:08:09.837+0000] {logging_mixin.py:190} INFO - [2024-10-16T13:08:09.836+0000] {override.py:1900} INFO - Created Permission View: can read on DAG Run:tutorial_objectstorage
[2024-10-16T13:08:09.845+0000] {logging_mixin.py:190} INFO - [2024-10-16T13:08:09.845+0000] {override.py:1900} INFO - Created Permission View: can delete on DAG Run:tutorial_objectstorage
[2024-10-16T13:08:09.846+0000] {logging_mixin.py:190} INFO - [2024-10-16T13:08:09.846+0000] {dag.py:3239} INFO - Sync 1 DAGs
[2024-10-16T13:08:09.865+0000] {logging_mixin.py:190} INFO - [2024-10-16T13:08:09.864+0000] {dag.py:3262} INFO - Creating ORM DAG for tutorial_objectstorage
[2024-10-16T13:08:09.869+0000] {logging_mixin.py:190} INFO - [2024-10-16T13:08:09.868+0000] {dag.py:4180} INFO - Setting next_dagrun for tutorial_objectstorage to None, run_after=None
[2024-10-16T13:08:09.923+0000] {processor.py:208} INFO - Processing /home/airflow/.local/lib/python3.12/site-packages/airflow/example_dags/tutorial_objectstorage.py took 0.266 seconds
[2024-10-16T13:08:40.414+0000] {processor.py:186} INFO - Started process (PID=178) to work on /home/airflow/.local/lib/python3.12/site-packages/airflow/example_dags/tutorial_objectstorage.py
[2024-10-16T13:08:40.416+0000] {processor.py:914} INFO - Processing file /home/airflow/.local/lib/python3.12/site-packages/airflow/example_dags/tutorial_objectstorage.py for tasks to queue
[2024-10-16T13:08:40.419+0000] {logging_mixin.py:190} INFO - [2024-10-16T13:08:40.419+0000] {dagbag.py:588} INFO - Filling up the DagBag from /home/airflow/.local/lib/python3.12/site-packages/airflow/example_dags/tutorial_objectstorage.py
[2024-10-16T13:08:40.432+0000] {processor.py:925} INFO - DAG(s) 'tutorial_objectstorage' retrieved from /home/airflow/.local/lib/python3.12/site-packages/airflow/example_dags/tutorial_objectstorage.py
[2024-10-16T13:08:40.459+0000] {logging_mixin.py:190} INFO - [2024-10-16T13:08:40.458+0000] {dag.py:3239} INFO - Sync 1 DAGs
[2024-10-16T13:08:40.479+0000] {logging_mixin.py:190} INFO - [2024-10-16T13:08:40.479+0000] {dag.py:4180} INFO - Setting next_dagrun for tutorial_objectstorage to None, run_after=None
[2024-10-16T13:08:40.511+0000] {processor.py:208} INFO - Processing /home/airflow/.local/lib/python3.12/site-packages/airflow/example_dags/tutorial_objectstorage.py took 0.106 seconds
[2024-10-16T13:09:11.082+0000] {processor.py:186} INFO - Started process (PID=241) to work on /home/airflow/.local/lib/python3.12/site-packages/airflow/example_dags/tutorial_objectstorage.py
[2024-10-16T13:09:11.083+0000] {processor.py:914} INFO - Processing file /home/airflow/.local/lib/python3.12/site-packages/airflow/example_dags/tutorial_objectstorage.py for tasks to queue
[2024-10-16T13:09:11.086+0000] {logging_mixin.py:190} INFO - [2024-10-16T13:09:11.086+0000] {dagbag.py:588} INFO - Filling up the DagBag from /home/airflow/.local/lib/python3.12/site-packages/airflow/example_dags/tutorial_objectstorage.py
[2024-10-16T13:09:11.094+0000] {processor.py:925} INFO - DAG(s) 'tutorial_objectstorage' retrieved from /home/airflow/.local/lib/python3.12/site-packages/airflow/example_dags/tutorial_objectstorage.py
[2024-10-16T13:09:11.113+0000] {logging_mixin.py:190} INFO - [2024-10-16T13:09:11.113+0000] {dag.py:3239} INFO - Sync 1 DAGs
[2024-10-16T13:09:11.127+0000] {logging_mixin.py:190} INFO - [2024-10-16T13:09:11.127+0000] {dag.py:4180} INFO - Setting next_dagrun for tutorial_objectstorage to None, run_after=None
[2024-10-16T13:09:11.153+0000] {processor.py:208} INFO - Processing /home/airflow/.local/lib/python3.12/site-packages/airflow/example_dags/tutorial_objectstorage.py took 0.076 seconds
[2024-10-16T13:09:41.744+0000] {processor.py:186} INFO - Started process (PID=304) to work on /home/airflow/.local/lib/python3.12/site-packages/airflow/example_dags/tutorial_objectstorage.py
[2024-10-16T13:09:41.749+0000] {processor.py:914} INFO - Processing file /home/airflow/.local/lib/python3.12/site-packages/airflow/example_dags/tutorial_objectstorage.py for tasks to queue
[2024-10-16T13:09:41.755+0000] {logging_mixin.py:190} INFO - [2024-10-16T13:09:41.755+0000] {dagbag.py:588} INFO - Filling up the DagBag from /home/airflow/.local/lib/python3.12/site-packages/airflow/example_dags/tutorial_objectstorage.py
[2024-10-16T13:09:41.778+0000] {processor.py:925} INFO - DAG(s) 'tutorial_objectstorage' retrieved from /home/airflow/.local/lib/python3.12/site-packages/airflow/example_dags/tutorial_objectstorage.py
[2024-10-16T13:09:41.826+0000] {logging_mixin.py:190} INFO - [2024-10-16T13:09:41.826+0000] {dag.py:3239} INFO - Sync 1 DAGs
[2024-10-16T13:09:41.871+0000] {logging_mixin.py:190} INFO - [2024-10-16T13:09:41.871+0000] {dag.py:4180} INFO - Setting next_dagrun for tutorial_objectstorage to None, run_after=None
[2024-10-16T13:09:41.944+0000] {processor.py:208} INFO - Processing /home/airflow/.local/lib/python3.12/site-packages/airflow/example_dags/tutorial_objectstorage.py took 0.209 seconds
[2024-10-16T13:10:12.828+0000] {processor.py:186} INFO - Started process (PID=367) to work on /home/airflow/.local/lib/python3.12/site-packages/airflow/example_dags/tutorial_objectstorage.py
[2024-10-16T13:10:12.829+0000] {processor.py:914} INFO - Processing file /home/airflow/.local/lib/python3.12/site-packages/airflow/example_dags/tutorial_objectstorage.py for tasks to queue
[2024-10-16T13:10:12.831+0000] {logging_mixin.py:190} INFO - [2024-10-16T13:10:12.831+0000] {dagbag.py:588} INFO - Filling up the DagBag from /home/airflow/.local/lib/python3.12/site-packages/airflow/example_dags/tutorial_objectstorage.py
[2024-10-16T13:10:12.837+0000] {processor.py:925} INFO - DAG(s) 'tutorial_objectstorage' retrieved from /home/airflow/.local/lib/python3.12/site-packages/airflow/example_dags/tutorial_objectstorage.py
[2024-10-16T13:10:12.852+0000] {logging_mixin.py:190} INFO - [2024-10-16T13:10:12.852+0000] {dag.py:3239} INFO - Sync 1 DAGs
[2024-10-16T13:10:12.872+0000] {logging_mixin.py:190} INFO - [2024-10-16T13:10:12.872+0000] {dag.py:4180} INFO - Setting next_dagrun for tutorial_objectstorage to None, run_after=None
[2024-10-16T13:10:12.897+0000] {processor.py:208} INFO - Processing /home/airflow/.local/lib/python3.12/site-packages/airflow/example_dags/tutorial_objectstorage.py took 0.074 seconds
[2024-10-16T13:10:43.642+0000] {processor.py:186} INFO - Started process (PID=430) to work on /home/airflow/.local/lib/python3.12/site-packages/airflow/example_dags/tutorial_objectstorage.py
[2024-10-16T13:10:43.644+0000] {processor.py:914} INFO - Processing file /home/airflow/.local/lib/python3.12/site-packages/airflow/example_dags/tutorial_objectstorage.py for tasks to queue
[2024-10-16T13:10:43.646+0000] {logging_mixin.py:190} INFO - [2024-10-16T13:10:43.646+0000] {dagbag.py:588} INFO - Filling up the DagBag from /home/airflow/.local/lib/python3.12/site-packages/airflow/example_dags/tutorial_objectstorage.py
[2024-10-16T13:10:43.657+0000] {processor.py:925} INFO - DAG(s) 'tutorial_objectstorage' retrieved from /home/airflow/.local/lib/python3.12/site-packages/airflow/example_dags/tutorial_objectstorage.py
[2024-10-16T13:10:43.708+0000] {logging_mixin.py:190} INFO - [2024-10-16T13:10:43.708+0000] {dag.py:3239} INFO - Sync 1 DAGs
[2024-10-16T13:10:43.773+0000] {logging_mixin.py:190} INFO - [2024-10-16T13:10:43.773+0000] {dag.py:4180} INFO - Setting next_dagrun for tutorial_objectstorage to None, run_after=None
[2024-10-16T13:10:43.807+0000] {processor.py:208} INFO - Processing /home/airflow/.local/lib/python3.12/site-packages/airflow/example_dags/tutorial_objectstorage.py took 0.174 seconds
[2024-10-16T13:11:14.547+0000] {processor.py:186} INFO - Started process (PID=493) to work on /home/airflow/.local/lib/python3.12/site-packages/airflow/example_dags/tutorial_objectstorage.py
[2024-10-16T13:11:14.548+0000] {processor.py:914} INFO - Processing file /home/airflow/.local/lib/python3.12/site-packages/airflow/example_dags/tutorial_objectstorage.py for tasks to queue
[2024-10-16T13:11:14.551+0000] {logging_mixin.py:190} INFO - [2024-10-16T13:11:14.551+0000] {dagbag.py:588} INFO - Filling up the DagBag from /home/airflow/.local/lib/python3.12/site-packages/airflow/example_dags/tutorial_objectstorage.py
[2024-10-16T13:11:14.561+0000] {processor.py:925} INFO - DAG(s) 'tutorial_objectstorage' retrieved from /home/airflow/.local/lib/python3.12/site-packages/airflow/example_dags/tutorial_objectstorage.py
[2024-10-16T13:11:14.584+0000] {logging_mixin.py:190} INFO - [2024-10-16T13:11:14.583+0000] {dag.py:3239} INFO - Sync 1 DAGs
[2024-10-16T13:11:14.600+0000] {logging_mixin.py:190} INFO - [2024-10-16T13:11:14.600+0000] {dag.py:4180} INFO - Setting next_dagrun for tutorial_objectstorage to None, run_after=None
[2024-10-16T13:11:14.628+0000] {processor.py:208} INFO - Processing /home/airflow/.local/lib/python3.12/site-packages/airflow/example_dags/tutorial_objectstorage.py took 0.092 seconds
[2024-10-16T13:12:49.558+0000] {processor.py:186} INFO - Started process (PID=114) to work on /home/airflow/.local/lib/python3.12/site-packages/airflow/example_dags/tutorial_objectstorage.py
[2024-10-16T13:12:49.559+0000] {processor.py:914} INFO - Processing file /home/airflow/.local/lib/python3.12/site-packages/airflow/example_dags/tutorial_objectstorage.py for tasks to queue
[2024-10-16T13:12:49.563+0000] {logging_mixin.py:190} INFO - [2024-10-16T13:12:49.563+0000] {dagbag.py:588} INFO - Filling up the DagBag from /home/airflow/.local/lib/python3.12/site-packages/airflow/example_dags/tutorial_objectstorage.py
[2024-10-16T13:12:49.572+0000] {processor.py:925} INFO - DAG(s) 'tutorial_objectstorage' retrieved from /home/airflow/.local/lib/python3.12/site-packages/airflow/example_dags/tutorial_objectstorage.py
[2024-10-16T13:12:49.675+0000] {logging_mixin.py:190} INFO - [2024-10-16T13:12:49.674+0000] {override.py:1900} INFO - Created Permission View: can read on DAG:tutorial_objectstorage
[2024-10-16T13:12:49.691+0000] {logging_mixin.py:190} INFO - [2024-10-16T13:12:49.690+0000] {override.py:1900} INFO - Created Permission View: can edit on DAG:tutorial_objectstorage
[2024-10-16T13:12:49.698+0000] {logging_mixin.py:190} INFO - [2024-10-16T13:12:49.697+0000] {override.py:1900} INFO - Created Permission View: can delete on DAG:tutorial_objectstorage
[2024-10-16T13:12:49.709+0000] {logging_mixin.py:190} INFO - [2024-10-16T13:12:49.709+0000] {override.py:1900} INFO - Created Permission View: can read on DAG Run:tutorial_objectstorage
[2024-10-16T13:12:49.717+0000] {logging_mixin.py:190} INFO - [2024-10-16T13:12:49.716+0000] {override.py:1900} INFO - Created Permission View: menu access on DAG Run:tutorial_objectstorage
[2024-10-16T13:12:49.725+0000] {logging_mixin.py:190} INFO - [2024-10-16T13:12:49.724+0000] {override.py:1900} INFO - Created Permission View: can delete on DAG Run:tutorial_objectstorage
[2024-10-16T13:12:49.733+0000] {logging_mixin.py:190} INFO - [2024-10-16T13:12:49.732+0000] {override.py:1900} INFO - Created Permission View: can create on DAG Run:tutorial_objectstorage
[2024-10-16T13:12:49.736+0000] {logging_mixin.py:190} INFO - [2024-10-16T13:12:49.736+0000] {dag.py:3239} INFO - Sync 1 DAGs
[2024-10-16T13:12:49.751+0000] {logging_mixin.py:190} INFO - [2024-10-16T13:12:49.750+0000] {dag.py:3262} INFO - Creating ORM DAG for tutorial_objectstorage
[2024-10-16T13:12:49.752+0000] {logging_mixin.py:190} INFO - [2024-10-16T13:12:49.752+0000] {dag.py:4180} INFO - Setting next_dagrun for tutorial_objectstorage to None, run_after=None
[2024-10-16T13:12:49.769+0000] {processor.py:208} INFO - Processing /home/airflow/.local/lib/python3.12/site-packages/airflow/example_dags/tutorial_objectstorage.py took 0.216 seconds
[2024-10-16T13:13:20.718+0000] {processor.py:186} INFO - Started process (PID=181) to work on /home/airflow/.local/lib/python3.12/site-packages/airflow/example_dags/tutorial_objectstorage.py
[2024-10-16T13:13:20.719+0000] {processor.py:914} INFO - Processing file /home/airflow/.local/lib/python3.12/site-packages/airflow/example_dags/tutorial_objectstorage.py for tasks to queue
[2024-10-16T13:13:20.721+0000] {logging_mixin.py:190} INFO - [2024-10-16T13:13:20.721+0000] {dagbag.py:588} INFO - Filling up the DagBag from /home/airflow/.local/lib/python3.12/site-packages/airflow/example_dags/tutorial_objectstorage.py
[2024-10-16T13:13:20.729+0000] {processor.py:925} INFO - DAG(s) 'tutorial_objectstorage' retrieved from /home/airflow/.local/lib/python3.12/site-packages/airflow/example_dags/tutorial_objectstorage.py
[2024-10-16T13:13:20.749+0000] {logging_mixin.py:190} INFO - [2024-10-16T13:13:20.749+0000] {dag.py:3239} INFO - Sync 1 DAGs
[2024-10-16T13:13:20.764+0000] {logging_mixin.py:190} INFO - [2024-10-16T13:13:20.764+0000] {dag.py:4180} INFO - Setting next_dagrun for tutorial_objectstorage to None, run_after=None
[2024-10-16T13:13:20.790+0000] {processor.py:208} INFO - Processing /home/airflow/.local/lib/python3.12/site-packages/airflow/example_dags/tutorial_objectstorage.py took 0.078 seconds
[2024-10-16T13:14:50.749+0000] {processor.py:186} INFO - Started process (PID=116) to work on /home/airflow/.local/lib/python3.12/site-packages/airflow/example_dags/tutorial_objectstorage.py
[2024-10-16T13:14:50.751+0000] {processor.py:914} INFO - Processing file /home/airflow/.local/lib/python3.12/site-packages/airflow/example_dags/tutorial_objectstorage.py for tasks to queue
[2024-10-16T13:14:50.758+0000] {logging_mixin.py:190} INFO - [2024-10-16T13:14:50.757+0000] {dagbag.py:588} INFO - Filling up the DagBag from /home/airflow/.local/lib/python3.12/site-packages/airflow/example_dags/tutorial_objectstorage.py
[2024-10-16T13:14:50.768+0000] {processor.py:925} INFO - DAG(s) 'tutorial_objectstorage' retrieved from /home/airflow/.local/lib/python3.12/site-packages/airflow/example_dags/tutorial_objectstorage.py
[2024-10-16T13:14:50.902+0000] {logging_mixin.py:190} INFO - [2024-10-16T13:14:50.902+0000] {override.py:1900} INFO - Created Permission View: can read on DAG:tutorial_objectstorage
[2024-10-16T13:14:50.911+0000] {logging_mixin.py:190} INFO - [2024-10-16T13:14:50.911+0000] {override.py:1900} INFO - Created Permission View: can delete on DAG:tutorial_objectstorage
[2024-10-16T13:14:50.919+0000] {logging_mixin.py:190} INFO - [2024-10-16T13:14:50.919+0000] {override.py:1900} INFO - Created Permission View: can edit on DAG:tutorial_objectstorage
[2024-10-16T13:14:50.930+0000] {logging_mixin.py:190} INFO - [2024-10-16T13:14:50.929+0000] {override.py:1900} INFO - Created Permission View: can read on DAG Run:tutorial_objectstorage
[2024-10-16T13:14:50.936+0000] {logging_mixin.py:190} INFO - [2024-10-16T13:14:50.936+0000] {override.py:1900} INFO - Created Permission View: can create on DAG Run:tutorial_objectstorage
[2024-10-16T13:14:50.941+0000] {logging_mixin.py:190} INFO - [2024-10-16T13:14:50.941+0000] {override.py:1900} INFO - Created Permission View: can delete on DAG Run:tutorial_objectstorage
[2024-10-16T13:14:50.947+0000] {logging_mixin.py:190} INFO - [2024-10-16T13:14:50.947+0000] {override.py:1900} INFO - Created Permission View: menu access on DAG Run:tutorial_objectstorage
[2024-10-16T13:14:50.948+0000] {logging_mixin.py:190} INFO - [2024-10-16T13:14:50.948+0000] {dag.py:3239} INFO - Sync 1 DAGs
[2024-10-16T13:14:50.959+0000] {logging_mixin.py:190} INFO - [2024-10-16T13:14:50.959+0000] {dag.py:3262} INFO - Creating ORM DAG for tutorial_objectstorage
[2024-10-16T13:14:50.960+0000] {logging_mixin.py:190} INFO - [2024-10-16T13:14:50.960+0000] {dag.py:4180} INFO - Setting next_dagrun for tutorial_objectstorage to None, run_after=None
[2024-10-16T13:14:50.974+0000] {processor.py:208} INFO - Processing /home/airflow/.local/lib/python3.12/site-packages/airflow/example_dags/tutorial_objectstorage.py took 0.230 seconds
[2024-10-16T13:16:20.433+0000] {processor.py:186} INFO - Started process (PID=115) to work on /home/airflow/.local/lib/python3.12/site-packages/airflow/example_dags/tutorial_objectstorage.py
[2024-10-16T13:16:20.435+0000] {processor.py:914} INFO - Processing file /home/airflow/.local/lib/python3.12/site-packages/airflow/example_dags/tutorial_objectstorage.py for tasks to queue
[2024-10-16T13:16:20.441+0000] {logging_mixin.py:190} INFO - [2024-10-16T13:16:20.440+0000] {dagbag.py:588} INFO - Filling up the DagBag from /home/airflow/.local/lib/python3.12/site-packages/airflow/example_dags/tutorial_objectstorage.py
[2024-10-16T13:16:20.453+0000] {processor.py:925} INFO - DAG(s) 'tutorial_objectstorage' retrieved from /home/airflow/.local/lib/python3.12/site-packages/airflow/example_dags/tutorial_objectstorage.py
[2024-10-16T13:16:20.565+0000] {logging_mixin.py:190} INFO - [2024-10-16T13:16:20.564+0000] {override.py:1900} INFO - Created Permission View: can edit on DAG:tutorial_objectstorage
[2024-10-16T13:16:20.582+0000] {logging_mixin.py:190} INFO - [2024-10-16T13:16:20.582+0000] {override.py:1900} INFO - Created Permission View: can read on DAG:tutorial_objectstorage
[2024-10-16T13:16:20.589+0000] {logging_mixin.py:190} INFO - [2024-10-16T13:16:20.589+0000] {override.py:1900} INFO - Created Permission View: can delete on DAG:tutorial_objectstorage
[2024-10-16T13:16:20.599+0000] {logging_mixin.py:190} INFO - [2024-10-16T13:16:20.599+0000] {override.py:1900} INFO - Created Permission View: menu access on DAG Run:tutorial_objectstorage
[2024-10-16T13:16:20.605+0000] {logging_mixin.py:190} INFO - [2024-10-16T13:16:20.605+0000] {override.py:1900} INFO - Created Permission View: can read on DAG Run:tutorial_objectstorage
[2024-10-16T13:16:20.612+0000] {logging_mixin.py:190} INFO - [2024-10-16T13:16:20.612+0000] {override.py:1900} INFO - Created Permission View: can create on DAG Run:tutorial_objectstorage
[2024-10-16T13:16:20.619+0000] {logging_mixin.py:190} INFO - [2024-10-16T13:16:20.619+0000] {override.py:1900} INFO - Created Permission View: can delete on DAG Run:tutorial_objectstorage
[2024-10-16T13:16:20.619+0000] {logging_mixin.py:190} INFO - [2024-10-16T13:16:20.619+0000] {dag.py:3239} INFO - Sync 1 DAGs
[2024-10-16T13:16:20.634+0000] {logging_mixin.py:190} INFO - [2024-10-16T13:16:20.633+0000] {dag.py:3262} INFO - Creating ORM DAG for tutorial_objectstorage
[2024-10-16T13:16:20.635+0000] {logging_mixin.py:190} INFO - [2024-10-16T13:16:20.634+0000] {dag.py:4180} INFO - Setting next_dagrun for tutorial_objectstorage to None, run_after=None
[2024-10-16T13:16:20.649+0000] {processor.py:208} INFO - Processing /home/airflow/.local/lib/python3.12/site-packages/airflow/example_dags/tutorial_objectstorage.py took 0.220 seconds
[2024-10-16T13:16:51.017+0000] {processor.py:186} INFO - Started process (PID=178) to work on /home/airflow/.local/lib/python3.12/site-packages/airflow/example_dags/tutorial_objectstorage.py
[2024-10-16T13:16:51.018+0000] {processor.py:914} INFO - Processing file /home/airflow/.local/lib/python3.12/site-packages/airflow/example_dags/tutorial_objectstorage.py for tasks to queue
[2024-10-16T13:16:51.021+0000] {logging_mixin.py:190} INFO - [2024-10-16T13:16:51.021+0000] {dagbag.py:588} INFO - Filling up the DagBag from /home/airflow/.local/lib/python3.12/site-packages/airflow/example_dags/tutorial_objectstorage.py
[2024-10-16T13:16:51.032+0000] {processor.py:925} INFO - DAG(s) 'tutorial_objectstorage' retrieved from /home/airflow/.local/lib/python3.12/site-packages/airflow/example_dags/tutorial_objectstorage.py
[2024-10-16T13:16:51.055+0000] {logging_mixin.py:190} INFO - [2024-10-16T13:16:51.055+0000] {dag.py:3239} INFO - Sync 1 DAGs
[2024-10-16T13:16:51.070+0000] {logging_mixin.py:190} INFO - [2024-10-16T13:16:51.070+0000] {dag.py:4180} INFO - Setting next_dagrun for tutorial_objectstorage to None, run_after=None
[2024-10-16T13:16:51.095+0000] {processor.py:208} INFO - Processing /home/airflow/.local/lib/python3.12/site-packages/airflow/example_dags/tutorial_objectstorage.py took 0.086 seconds
[2024-10-16T13:17:21.521+0000] {processor.py:186} INFO - Started process (PID=241) to work on /home/airflow/.local/lib/python3.12/site-packages/airflow/example_dags/tutorial_objectstorage.py
[2024-10-16T13:17:21.522+0000] {processor.py:914} INFO - Processing file /home/airflow/.local/lib/python3.12/site-packages/airflow/example_dags/tutorial_objectstorage.py for tasks to queue
[2024-10-16T13:17:21.526+0000] {logging_mixin.py:190} INFO - [2024-10-16T13:17:21.525+0000] {dagbag.py:588} INFO - Filling up the DagBag from /home/airflow/.local/lib/python3.12/site-packages/airflow/example_dags/tutorial_objectstorage.py
[2024-10-16T13:17:21.533+0000] {processor.py:925} INFO - DAG(s) 'tutorial_objectstorage' retrieved from /home/airflow/.local/lib/python3.12/site-packages/airflow/example_dags/tutorial_objectstorage.py
[2024-10-16T13:17:21.558+0000] {logging_mixin.py:190} INFO - [2024-10-16T13:17:21.558+0000] {dag.py:3239} INFO - Sync 1 DAGs
[2024-10-16T13:17:21.571+0000] {logging_mixin.py:190} INFO - [2024-10-16T13:17:21.571+0000] {dag.py:4180} INFO - Setting next_dagrun for tutorial_objectstorage to None, run_after=None
[2024-10-16T13:17:21.596+0000] {processor.py:208} INFO - Processing /home/airflow/.local/lib/python3.12/site-packages/airflow/example_dags/tutorial_objectstorage.py took 0.082 seconds
[2024-10-16T13:17:52.200+0000] {processor.py:186} INFO - Started process (PID=304) to work on /home/airflow/.local/lib/python3.12/site-packages/airflow/example_dags/tutorial_objectstorage.py
[2024-10-16T13:17:52.201+0000] {processor.py:914} INFO - Processing file /home/airflow/.local/lib/python3.12/site-packages/airflow/example_dags/tutorial_objectstorage.py for tasks to queue
[2024-10-16T13:17:52.203+0000] {logging_mixin.py:190} INFO - [2024-10-16T13:17:52.203+0000] {dagbag.py:588} INFO - Filling up the DagBag from /home/airflow/.local/lib/python3.12/site-packages/airflow/example_dags/tutorial_objectstorage.py
[2024-10-16T13:17:52.210+0000] {processor.py:925} INFO - DAG(s) 'tutorial_objectstorage' retrieved from /home/airflow/.local/lib/python3.12/site-packages/airflow/example_dags/tutorial_objectstorage.py
[2024-10-16T13:17:52.228+0000] {logging_mixin.py:190} INFO - [2024-10-16T13:17:52.228+0000] {dag.py:3239} INFO - Sync 1 DAGs
[2024-10-16T13:17:52.244+0000] {logging_mixin.py:190} INFO - [2024-10-16T13:17:52.244+0000] {dag.py:4180} INFO - Setting next_dagrun for tutorial_objectstorage to None, run_after=None
[2024-10-16T13:17:52.267+0000] {processor.py:208} INFO - Processing /home/airflow/.local/lib/python3.12/site-packages/airflow/example_dags/tutorial_objectstorage.py took 0.071 seconds
[2024-10-16T13:18:22.983+0000] {processor.py:186} INFO - Started process (PID=367) to work on /home/airflow/.local/lib/python3.12/site-packages/airflow/example_dags/tutorial_objectstorage.py
[2024-10-16T13:18:22.984+0000] {processor.py:914} INFO - Processing file /home/airflow/.local/lib/python3.12/site-packages/airflow/example_dags/tutorial_objectstorage.py for tasks to queue
[2024-10-16T13:18:22.987+0000] {logging_mixin.py:190} INFO - [2024-10-16T13:18:22.987+0000] {dagbag.py:588} INFO - Filling up the DagBag from /home/airflow/.local/lib/python3.12/site-packages/airflow/example_dags/tutorial_objectstorage.py
[2024-10-16T13:18:22.999+0000] {processor.py:925} INFO - DAG(s) 'tutorial_objectstorage' retrieved from /home/airflow/.local/lib/python3.12/site-packages/airflow/example_dags/tutorial_objectstorage.py
[2024-10-16T13:18:23.019+0000] {logging_mixin.py:190} INFO - [2024-10-16T13:18:23.018+0000] {dag.py:3239} INFO - Sync 1 DAGs
[2024-10-16T13:18:23.030+0000] {logging_mixin.py:190} INFO - [2024-10-16T13:18:23.030+0000] {dag.py:4180} INFO - Setting next_dagrun for tutorial_objectstorage to None, run_after=None
[2024-10-16T13:18:23.056+0000] {processor.py:208} INFO - Processing /home/airflow/.local/lib/python3.12/site-packages/airflow/example_dags/tutorial_objectstorage.py took 0.078 seconds
[2024-10-16T13:18:53.733+0000] {processor.py:186} INFO - Started process (PID=430) to work on /home/airflow/.local/lib/python3.12/site-packages/airflow/example_dags/tutorial_objectstorage.py
[2024-10-16T13:18:53.735+0000] {processor.py:914} INFO - Processing file /home/airflow/.local/lib/python3.12/site-packages/airflow/example_dags/tutorial_objectstorage.py for tasks to queue
[2024-10-16T13:18:53.738+0000] {logging_mixin.py:190} INFO - [2024-10-16T13:18:53.738+0000] {dagbag.py:588} INFO - Filling up the DagBag from /home/airflow/.local/lib/python3.12/site-packages/airflow/example_dags/tutorial_objectstorage.py
[2024-10-16T13:18:53.752+0000] {processor.py:925} INFO - DAG(s) 'tutorial_objectstorage' retrieved from /home/airflow/.local/lib/python3.12/site-packages/airflow/example_dags/tutorial_objectstorage.py
[2024-10-16T13:18:53.777+0000] {logging_mixin.py:190} INFO - [2024-10-16T13:18:53.777+0000] {dag.py:3239} INFO - Sync 1 DAGs
[2024-10-16T13:18:53.816+0000] {logging_mixin.py:190} INFO - [2024-10-16T13:18:53.815+0000] {dag.py:4180} INFO - Setting next_dagrun for tutorial_objectstorage to None, run_after=None
[2024-10-16T13:18:53.873+0000] {processor.py:208} INFO - Processing /home/airflow/.local/lib/python3.12/site-packages/airflow/example_dags/tutorial_objectstorage.py took 0.148 seconds
[2024-10-16T13:19:24.854+0000] {processor.py:186} INFO - Started process (PID=493) to work on /home/airflow/.local/lib/python3.12/site-packages/airflow/example_dags/tutorial_objectstorage.py
[2024-10-16T13:19:24.856+0000] {processor.py:914} INFO - Processing file /home/airflow/.local/lib/python3.12/site-packages/airflow/example_dags/tutorial_objectstorage.py for tasks to queue
[2024-10-16T13:19:24.860+0000] {logging_mixin.py:190} INFO - [2024-10-16T13:19:24.859+0000] {dagbag.py:588} INFO - Filling up the DagBag from /home/airflow/.local/lib/python3.12/site-packages/airflow/example_dags/tutorial_objectstorage.py
[2024-10-16T13:19:24.871+0000] {processor.py:925} INFO - DAG(s) 'tutorial_objectstorage' retrieved from /home/airflow/.local/lib/python3.12/site-packages/airflow/example_dags/tutorial_objectstorage.py
[2024-10-16T13:19:24.902+0000] {logging_mixin.py:190} INFO - [2024-10-16T13:19:24.902+0000] {dag.py:3239} INFO - Sync 1 DAGs
[2024-10-16T13:19:24.922+0000] {logging_mixin.py:190} INFO - [2024-10-16T13:19:24.922+0000] {dag.py:4180} INFO - Setting next_dagrun for tutorial_objectstorage to None, run_after=None
[2024-10-16T13:19:24.946+0000] {processor.py:208} INFO - Processing /home/airflow/.local/lib/python3.12/site-packages/airflow/example_dags/tutorial_objectstorage.py took 0.100 seconds
[2024-10-16T13:19:55.198+0000] {processor.py:186} INFO - Started process (PID=556) to work on /home/airflow/.local/lib/python3.12/site-packages/airflow/example_dags/tutorial_objectstorage.py
[2024-10-16T13:19:55.199+0000] {processor.py:914} INFO - Processing file /home/airflow/.local/lib/python3.12/site-packages/airflow/example_dags/tutorial_objectstorage.py for tasks to queue
[2024-10-16T13:19:55.202+0000] {logging_mixin.py:190} INFO - [2024-10-16T13:19:55.201+0000] {dagbag.py:588} INFO - Filling up the DagBag from /home/airflow/.local/lib/python3.12/site-packages/airflow/example_dags/tutorial_objectstorage.py
[2024-10-16T13:19:55.215+0000] {processor.py:925} INFO - DAG(s) 'tutorial_objectstorage' retrieved from /home/airflow/.local/lib/python3.12/site-packages/airflow/example_dags/tutorial_objectstorage.py
[2024-10-16T13:19:55.246+0000] {logging_mixin.py:190} INFO - [2024-10-16T13:19:55.245+0000] {dag.py:3239} INFO - Sync 1 DAGs
[2024-10-16T13:19:55.265+0000] {logging_mixin.py:190} INFO - [2024-10-16T13:19:55.265+0000] {dag.py:4180} INFO - Setting next_dagrun for tutorial_objectstorage to None, run_after=None
[2024-10-16T13:19:55.291+0000] {processor.py:208} INFO - Processing /home/airflow/.local/lib/python3.12/site-packages/airflow/example_dags/tutorial_objectstorage.py took 0.100 seconds
[2024-10-16T13:20:25.912+0000] {processor.py:186} INFO - Started process (PID=619) to work on /home/airflow/.local/lib/python3.12/site-packages/airflow/example_dags/tutorial_objectstorage.py
[2024-10-16T13:20:25.913+0000] {processor.py:914} INFO - Processing file /home/airflow/.local/lib/python3.12/site-packages/airflow/example_dags/tutorial_objectstorage.py for tasks to queue
[2024-10-16T13:20:25.917+0000] {logging_mixin.py:190} INFO - [2024-10-16T13:20:25.916+0000] {dagbag.py:588} INFO - Filling up the DagBag from /home/airflow/.local/lib/python3.12/site-packages/airflow/example_dags/tutorial_objectstorage.py
[2024-10-16T13:20:25.928+0000] {processor.py:925} INFO - DAG(s) 'tutorial_objectstorage' retrieved from /home/airflow/.local/lib/python3.12/site-packages/airflow/example_dags/tutorial_objectstorage.py
[2024-10-16T13:20:25.950+0000] {logging_mixin.py:190} INFO - [2024-10-16T13:20:25.950+0000] {dag.py:3239} INFO - Sync 1 DAGs
[2024-10-16T13:20:25.962+0000] {logging_mixin.py:190} INFO - [2024-10-16T13:20:25.962+0000] {dag.py:4180} INFO - Setting next_dagrun for tutorial_objectstorage to None, run_after=None
[2024-10-16T13:20:25.990+0000] {processor.py:208} INFO - Processing /home/airflow/.local/lib/python3.12/site-packages/airflow/example_dags/tutorial_objectstorage.py took 0.083 seconds
[2024-10-16T13:22:05.245+0000] {processor.py:186} INFO - Started process (PID=114) to work on /home/airflow/.local/lib/python3.12/site-packages/airflow/example_dags/tutorial_objectstorage.py
[2024-10-16T13:22:05.245+0000] {processor.py:914} INFO - Processing file /home/airflow/.local/lib/python3.12/site-packages/airflow/example_dags/tutorial_objectstorage.py for tasks to queue
[2024-10-16T13:22:05.247+0000] {logging_mixin.py:190} INFO - [2024-10-16T13:22:05.247+0000] {dagbag.py:588} INFO - Filling up the DagBag from /home/airflow/.local/lib/python3.12/site-packages/airflow/example_dags/tutorial_objectstorage.py
[2024-10-16T13:22:05.256+0000] {processor.py:925} INFO - DAG(s) 'tutorial_objectstorage' retrieved from /home/airflow/.local/lib/python3.12/site-packages/airflow/example_dags/tutorial_objectstorage.py
[2024-10-16T13:22:05.379+0000] {logging_mixin.py:190} INFO - [2024-10-16T13:22:05.379+0000] {override.py:1900} INFO - Created Permission View: can edit on DAG:tutorial_objectstorage
[2024-10-16T13:22:05.389+0000] {logging_mixin.py:190} INFO - [2024-10-16T13:22:05.388+0000] {override.py:1900} INFO - Created Permission View: can read on DAG:tutorial_objectstorage
[2024-10-16T13:22:05.397+0000] {logging_mixin.py:190} INFO - [2024-10-16T13:22:05.397+0000] {override.py:1900} INFO - Created Permission View: can delete on DAG:tutorial_objectstorage
[2024-10-16T13:22:05.405+0000] {logging_mixin.py:190} INFO - [2024-10-16T13:22:05.405+0000] {override.py:1900} INFO - Created Permission View: can delete on DAG Run:tutorial_objectstorage
[2024-10-16T13:22:05.418+0000] {logging_mixin.py:190} INFO - [2024-10-16T13:22:05.418+0000] {override.py:1900} INFO - Created Permission View: can read on DAG Run:tutorial_objectstorage
[2024-10-16T13:22:05.427+0000] {logging_mixin.py:190} INFO - [2024-10-16T13:22:05.426+0000] {override.py:1900} INFO - Created Permission View: menu access on DAG Run:tutorial_objectstorage
[2024-10-16T13:22:05.437+0000] {logging_mixin.py:190} INFO - [2024-10-16T13:22:05.437+0000] {override.py:1900} INFO - Created Permission View: can create on DAG Run:tutorial_objectstorage
[2024-10-16T13:22:05.438+0000] {logging_mixin.py:190} INFO - [2024-10-16T13:22:05.438+0000] {dag.py:3239} INFO - Sync 1 DAGs
[2024-10-16T13:22:05.450+0000] {logging_mixin.py:190} INFO - [2024-10-16T13:22:05.449+0000] {dag.py:3262} INFO - Creating ORM DAG for tutorial_objectstorage
[2024-10-16T13:22:05.452+0000] {logging_mixin.py:190} INFO - [2024-10-16T13:22:05.452+0000] {dag.py:4180} INFO - Setting next_dagrun for tutorial_objectstorage to None, run_after=None
[2024-10-16T13:22:05.472+0000] {processor.py:208} INFO - Processing /home/airflow/.local/lib/python3.12/site-packages/airflow/example_dags/tutorial_objectstorage.py took 0.232 seconds
[2024-10-16T13:22:36.306+0000] {processor.py:186} INFO - Started process (PID=177) to work on /home/airflow/.local/lib/python3.12/site-packages/airflow/example_dags/tutorial_objectstorage.py
[2024-10-16T13:22:36.310+0000] {processor.py:914} INFO - Processing file /home/airflow/.local/lib/python3.12/site-packages/airflow/example_dags/tutorial_objectstorage.py for tasks to queue
[2024-10-16T13:22:36.312+0000] {logging_mixin.py:190} INFO - [2024-10-16T13:22:36.312+0000] {dagbag.py:588} INFO - Filling up the DagBag from /home/airflow/.local/lib/python3.12/site-packages/airflow/example_dags/tutorial_objectstorage.py
[2024-10-16T13:22:36.321+0000] {processor.py:925} INFO - DAG(s) 'tutorial_objectstorage' retrieved from /home/airflow/.local/lib/python3.12/site-packages/airflow/example_dags/tutorial_objectstorage.py
[2024-10-16T13:22:36.347+0000] {logging_mixin.py:190} INFO - [2024-10-16T13:22:36.346+0000] {dag.py:3239} INFO - Sync 1 DAGs
[2024-10-16T13:22:36.369+0000] {logging_mixin.py:190} INFO - [2024-10-16T13:22:36.369+0000] {dag.py:4180} INFO - Setting next_dagrun for tutorial_objectstorage to None, run_after=None
[2024-10-16T13:22:36.399+0000] {processor.py:208} INFO - Processing /home/airflow/.local/lib/python3.12/site-packages/airflow/example_dags/tutorial_objectstorage.py took 0.097 seconds
[2024-10-16T13:23:06.909+0000] {processor.py:186} INFO - Started process (PID=240) to work on /home/airflow/.local/lib/python3.12/site-packages/airflow/example_dags/tutorial_objectstorage.py
[2024-10-16T13:23:06.911+0000] {processor.py:914} INFO - Processing file /home/airflow/.local/lib/python3.12/site-packages/airflow/example_dags/tutorial_objectstorage.py for tasks to queue
[2024-10-16T13:23:06.916+0000] {logging_mixin.py:190} INFO - [2024-10-16T13:23:06.916+0000] {dagbag.py:588} INFO - Filling up the DagBag from /home/airflow/.local/lib/python3.12/site-packages/airflow/example_dags/tutorial_objectstorage.py
[2024-10-16T13:23:06.926+0000] {processor.py:925} INFO - DAG(s) 'tutorial_objectstorage' retrieved from /home/airflow/.local/lib/python3.12/site-packages/airflow/example_dags/tutorial_objectstorage.py
[2024-10-16T13:23:06.958+0000] {logging_mixin.py:190} INFO - [2024-10-16T13:23:06.957+0000] {dag.py:3239} INFO - Sync 1 DAGs
[2024-10-16T13:23:06.974+0000] {logging_mixin.py:190} INFO - [2024-10-16T13:23:06.973+0000] {dag.py:4180} INFO - Setting next_dagrun for tutorial_objectstorage to None, run_after=None
[2024-10-16T13:23:06.997+0000] {processor.py:208} INFO - Processing /home/airflow/.local/lib/python3.12/site-packages/airflow/example_dags/tutorial_objectstorage.py took 0.097 seconds
