[2024-10-16T12:50:32.282+0000] {processor.py:186} INFO - Started process (PID=94) to work on /home/airflow/.local/lib/python3.12/site-packages/airflow/example_dags/tutorial.py
[2024-10-16T12:50:32.283+0000] {processor.py:914} INFO - Processing file /home/airflow/.local/lib/python3.12/site-packages/airflow/example_dags/tutorial.py for tasks to queue
[2024-10-16T12:50:32.287+0000] {logging_mixin.py:190} INFO - [2024-10-16T12:50:32.287+0000] {dagbag.py:588} INFO - Filling up the DagBag from /home/airflow/.local/lib/python3.12/site-packages/airflow/example_dags/tutorial.py
[2024-10-16T12:50:32.300+0000] {processor.py:925} INFO - DAG(s) 'tutorial' retrieved from /home/airflow/.local/lib/python3.12/site-packages/airflow/example_dags/tutorial.py
[2024-10-16T12:50:32.468+0000] {logging_mixin.py:190} INFO - [2024-10-16T12:50:32.467+0000] {override.py:1900} INFO - Created Permission View: can edit on DAG:tutorial
[2024-10-16T12:50:32.481+0000] {logging_mixin.py:190} INFO - [2024-10-16T12:50:32.481+0000] {override.py:1900} INFO - Created Permission View: can read on DAG:tutorial
[2024-10-16T12:50:32.490+0000] {logging_mixin.py:190} INFO - [2024-10-16T12:50:32.489+0000] {override.py:1900} INFO - Created Permission View: can delete on DAG:tutorial
[2024-10-16T12:50:32.499+0000] {logging_mixin.py:190} INFO - [2024-10-16T12:50:32.499+0000] {override.py:1900} INFO - Created Permission View: can delete on DAG Run:tutorial
[2024-10-16T12:50:32.507+0000] {logging_mixin.py:190} INFO - [2024-10-16T12:50:32.507+0000] {override.py:1900} INFO - Created Permission View: menu access on DAG Run:tutorial
[2024-10-16T12:50:32.515+0000] {logging_mixin.py:190} INFO - [2024-10-16T12:50:32.514+0000] {override.py:1900} INFO - Created Permission View: can create on DAG Run:tutorial
[2024-10-16T12:50:32.522+0000] {logging_mixin.py:190} INFO - [2024-10-16T12:50:32.521+0000] {override.py:1900} INFO - Created Permission View: can read on DAG Run:tutorial
[2024-10-16T12:50:32.523+0000] {logging_mixin.py:190} INFO - [2024-10-16T12:50:32.522+0000] {dag.py:3239} INFO - Sync 1 DAGs
[2024-10-16T12:50:32.537+0000] {logging_mixin.py:190} INFO - [2024-10-16T12:50:32.537+0000] {dag.py:3262} INFO - Creating ORM DAG for tutorial
[2024-10-16T12:50:32.547+0000] {logging_mixin.py:190} INFO - [2024-10-16T12:50:32.547+0000] {dag.py:4180} INFO - Setting next_dagrun for tutorial to 2024-10-15 00:00:00+00:00, run_after=2024-10-16 00:00:00+00:00
[2024-10-16T12:50:32.567+0000] {processor.py:208} INFO - Processing /home/airflow/.local/lib/python3.12/site-packages/airflow/example_dags/tutorial.py took 0.293 seconds
[2024-10-16T12:51:02.838+0000] {processor.py:186} INFO - Started process (PID=156) to work on /home/airflow/.local/lib/python3.12/site-packages/airflow/example_dags/tutorial.py
[2024-10-16T12:51:02.839+0000] {processor.py:914} INFO - Processing file /home/airflow/.local/lib/python3.12/site-packages/airflow/example_dags/tutorial.py for tasks to queue
[2024-10-16T12:51:02.841+0000] {logging_mixin.py:190} INFO - [2024-10-16T12:51:02.841+0000] {dagbag.py:588} INFO - Filling up the DagBag from /home/airflow/.local/lib/python3.12/site-packages/airflow/example_dags/tutorial.py
[2024-10-16T12:51:02.847+0000] {processor.py:925} INFO - DAG(s) 'tutorial' retrieved from /home/airflow/.local/lib/python3.12/site-packages/airflow/example_dags/tutorial.py
[2024-10-16T12:51:02.864+0000] {logging_mixin.py:190} INFO - [2024-10-16T12:51:02.864+0000] {dag.py:3239} INFO - Sync 1 DAGs
[2024-10-16T12:51:02.883+0000] {logging_mixin.py:190} INFO - [2024-10-16T12:51:02.883+0000] {dag.py:4180} INFO - Setting next_dagrun for tutorial to 2024-10-15 00:00:00+00:00, run_after=2024-10-16 00:00:00+00:00
[2024-10-16T12:51:02.903+0000] {processor.py:208} INFO - Processing /home/airflow/.local/lib/python3.12/site-packages/airflow/example_dags/tutorial.py took 0.069 seconds
[2024-10-16T12:51:33.717+0000] {processor.py:186} INFO - Started process (PID=218) to work on /home/airflow/.local/lib/python3.12/site-packages/airflow/example_dags/tutorial.py
[2024-10-16T12:51:33.718+0000] {processor.py:914} INFO - Processing file /home/airflow/.local/lib/python3.12/site-packages/airflow/example_dags/tutorial.py for tasks to queue
[2024-10-16T12:51:33.720+0000] {logging_mixin.py:190} INFO - [2024-10-16T12:51:33.720+0000] {dagbag.py:588} INFO - Filling up the DagBag from /home/airflow/.local/lib/python3.12/site-packages/airflow/example_dags/tutorial.py
[2024-10-16T12:51:33.728+0000] {processor.py:925} INFO - DAG(s) 'tutorial' retrieved from /home/airflow/.local/lib/python3.12/site-packages/airflow/example_dags/tutorial.py
[2024-10-16T12:51:33.750+0000] {logging_mixin.py:190} INFO - [2024-10-16T12:51:33.750+0000] {dag.py:3239} INFO - Sync 1 DAGs
[2024-10-16T12:51:33.774+0000] {logging_mixin.py:190} INFO - [2024-10-16T12:51:33.774+0000] {dag.py:4180} INFO - Setting next_dagrun for tutorial to 2024-10-15 00:00:00+00:00, run_after=2024-10-16 00:00:00+00:00
[2024-10-16T12:51:33.803+0000] {processor.py:208} INFO - Processing /home/airflow/.local/lib/python3.12/site-packages/airflow/example_dags/tutorial.py took 0.093 seconds
[2024-10-16T12:52:03.991+0000] {processor.py:186} INFO - Started process (PID=280) to work on /home/airflow/.local/lib/python3.12/site-packages/airflow/example_dags/tutorial.py
[2024-10-16T12:52:03.992+0000] {processor.py:914} INFO - Processing file /home/airflow/.local/lib/python3.12/site-packages/airflow/example_dags/tutorial.py for tasks to queue
[2024-10-16T12:52:03.995+0000] {logging_mixin.py:190} INFO - [2024-10-16T12:52:03.995+0000] {dagbag.py:588} INFO - Filling up the DagBag from /home/airflow/.local/lib/python3.12/site-packages/airflow/example_dags/tutorial.py
[2024-10-16T12:52:04.007+0000] {processor.py:925} INFO - DAG(s) 'tutorial' retrieved from /home/airflow/.local/lib/python3.12/site-packages/airflow/example_dags/tutorial.py
[2024-10-16T12:52:04.030+0000] {logging_mixin.py:190} INFO - [2024-10-16T12:52:04.029+0000] {dag.py:3239} INFO - Sync 1 DAGs
[2024-10-16T12:52:04.061+0000] {logging_mixin.py:190} INFO - [2024-10-16T12:52:04.061+0000] {dag.py:4180} INFO - Setting next_dagrun for tutorial to 2024-10-15 00:00:00+00:00, run_after=2024-10-16 00:00:00+00:00
[2024-10-16T12:52:04.092+0000] {processor.py:208} INFO - Processing /home/airflow/.local/lib/python3.12/site-packages/airflow/example_dags/tutorial.py took 0.108 seconds
[2024-10-16T12:52:34.618+0000] {processor.py:186} INFO - Started process (PID=343) to work on /home/airflow/.local/lib/python3.12/site-packages/airflow/example_dags/tutorial.py
[2024-10-16T12:52:34.619+0000] {processor.py:914} INFO - Processing file /home/airflow/.local/lib/python3.12/site-packages/airflow/example_dags/tutorial.py for tasks to queue
[2024-10-16T12:52:34.621+0000] {logging_mixin.py:190} INFO - [2024-10-16T12:52:34.621+0000] {dagbag.py:588} INFO - Filling up the DagBag from /home/airflow/.local/lib/python3.12/site-packages/airflow/example_dags/tutorial.py
[2024-10-16T12:52:34.631+0000] {processor.py:925} INFO - DAG(s) 'tutorial' retrieved from /home/airflow/.local/lib/python3.12/site-packages/airflow/example_dags/tutorial.py
[2024-10-16T12:52:34.654+0000] {logging_mixin.py:190} INFO - [2024-10-16T12:52:34.654+0000] {dag.py:3239} INFO - Sync 1 DAGs
[2024-10-16T12:52:34.679+0000] {logging_mixin.py:190} INFO - [2024-10-16T12:52:34.679+0000] {dag.py:4180} INFO - Setting next_dagrun for tutorial to 2024-10-15 00:00:00+00:00, run_after=2024-10-16 00:00:00+00:00
[2024-10-16T12:52:34.705+0000] {processor.py:208} INFO - Processing /home/airflow/.local/lib/python3.12/site-packages/airflow/example_dags/tutorial.py took 0.095 seconds
[2024-10-16T12:53:05.460+0000] {processor.py:186} INFO - Started process (PID=405) to work on /home/airflow/.local/lib/python3.12/site-packages/airflow/example_dags/tutorial.py
[2024-10-16T12:53:05.461+0000] {processor.py:914} INFO - Processing file /home/airflow/.local/lib/python3.12/site-packages/airflow/example_dags/tutorial.py for tasks to queue
[2024-10-16T12:53:05.463+0000] {logging_mixin.py:190} INFO - [2024-10-16T12:53:05.462+0000] {dagbag.py:588} INFO - Filling up the DagBag from /home/airflow/.local/lib/python3.12/site-packages/airflow/example_dags/tutorial.py
[2024-10-16T12:53:05.471+0000] {processor.py:925} INFO - DAG(s) 'tutorial' retrieved from /home/airflow/.local/lib/python3.12/site-packages/airflow/example_dags/tutorial.py
[2024-10-16T12:53:05.495+0000] {logging_mixin.py:190} INFO - [2024-10-16T12:53:05.495+0000] {dag.py:3239} INFO - Sync 1 DAGs
[2024-10-16T12:53:05.520+0000] {logging_mixin.py:190} INFO - [2024-10-16T12:53:05.520+0000] {dag.py:4180} INFO - Setting next_dagrun for tutorial to 2024-10-15 00:00:00+00:00, run_after=2024-10-16 00:00:00+00:00
[2024-10-16T12:53:05.555+0000] {processor.py:208} INFO - Processing /home/airflow/.local/lib/python3.12/site-packages/airflow/example_dags/tutorial.py took 0.101 seconds
[2024-10-16T12:53:36.747+0000] {processor.py:186} INFO - Started process (PID=467) to work on /home/airflow/.local/lib/python3.12/site-packages/airflow/example_dags/tutorial.py
[2024-10-16T12:53:36.748+0000] {processor.py:914} INFO - Processing file /home/airflow/.local/lib/python3.12/site-packages/airflow/example_dags/tutorial.py for tasks to queue
[2024-10-16T12:53:36.752+0000] {logging_mixin.py:190} INFO - [2024-10-16T12:53:36.752+0000] {dagbag.py:588} INFO - Filling up the DagBag from /home/airflow/.local/lib/python3.12/site-packages/airflow/example_dags/tutorial.py
[2024-10-16T12:53:36.763+0000] {processor.py:925} INFO - DAG(s) 'tutorial' retrieved from /home/airflow/.local/lib/python3.12/site-packages/airflow/example_dags/tutorial.py
[2024-10-16T12:53:36.788+0000] {logging_mixin.py:190} INFO - [2024-10-16T12:53:36.787+0000] {dag.py:3239} INFO - Sync 1 DAGs
[2024-10-16T12:53:36.832+0000] {logging_mixin.py:190} INFO - [2024-10-16T12:53:36.831+0000] {dag.py:4180} INFO - Setting next_dagrun for tutorial to 2024-10-15 00:00:00+00:00, run_after=2024-10-16 00:00:00+00:00
[2024-10-16T12:53:37.017+0000] {processor.py:208} INFO - Processing /home/airflow/.local/lib/python3.12/site-packages/airflow/example_dags/tutorial.py took 0.277 seconds
[2024-10-16T12:54:07.879+0000] {processor.py:186} INFO - Started process (PID=529) to work on /home/airflow/.local/lib/python3.12/site-packages/airflow/example_dags/tutorial.py
[2024-10-16T12:54:07.880+0000] {processor.py:914} INFO - Processing file /home/airflow/.local/lib/python3.12/site-packages/airflow/example_dags/tutorial.py for tasks to queue
[2024-10-16T12:54:07.883+0000] {logging_mixin.py:190} INFO - [2024-10-16T12:54:07.882+0000] {dagbag.py:588} INFO - Filling up the DagBag from /home/airflow/.local/lib/python3.12/site-packages/airflow/example_dags/tutorial.py
[2024-10-16T12:54:07.895+0000] {processor.py:925} INFO - DAG(s) 'tutorial' retrieved from /home/airflow/.local/lib/python3.12/site-packages/airflow/example_dags/tutorial.py
[2024-10-16T12:54:07.926+0000] {logging_mixin.py:190} INFO - [2024-10-16T12:54:07.926+0000] {dag.py:3239} INFO - Sync 1 DAGs
[2024-10-16T12:54:07.956+0000] {logging_mixin.py:190} INFO - [2024-10-16T12:54:07.956+0000] {dag.py:4180} INFO - Setting next_dagrun for tutorial to 2024-10-15 00:00:00+00:00, run_after=2024-10-16 00:00:00+00:00
[2024-10-16T12:54:07.984+0000] {processor.py:208} INFO - Processing /home/airflow/.local/lib/python3.12/site-packages/airflow/example_dags/tutorial.py took 0.113 seconds
[2024-10-16T12:54:39.198+0000] {processor.py:186} INFO - Started process (PID=591) to work on /home/airflow/.local/lib/python3.12/site-packages/airflow/example_dags/tutorial.py
[2024-10-16T12:54:39.199+0000] {processor.py:914} INFO - Processing file /home/airflow/.local/lib/python3.12/site-packages/airflow/example_dags/tutorial.py for tasks to queue
[2024-10-16T12:54:39.202+0000] {logging_mixin.py:190} INFO - [2024-10-16T12:54:39.201+0000] {dagbag.py:588} INFO - Filling up the DagBag from /home/airflow/.local/lib/python3.12/site-packages/airflow/example_dags/tutorial.py
[2024-10-16T12:54:39.211+0000] {processor.py:925} INFO - DAG(s) 'tutorial' retrieved from /home/airflow/.local/lib/python3.12/site-packages/airflow/example_dags/tutorial.py
[2024-10-16T12:54:39.236+0000] {logging_mixin.py:190} INFO - [2024-10-16T12:54:39.236+0000] {dag.py:3239} INFO - Sync 1 DAGs
[2024-10-16T12:54:39.264+0000] {logging_mixin.py:190} INFO - [2024-10-16T12:54:39.263+0000] {dag.py:4180} INFO - Setting next_dagrun for tutorial to 2024-10-15 00:00:00+00:00, run_after=2024-10-16 00:00:00+00:00
[2024-10-16T12:54:39.285+0000] {processor.py:208} INFO - Processing /home/airflow/.local/lib/python3.12/site-packages/airflow/example_dags/tutorial.py took 0.095 seconds
[2024-10-16T12:55:09.618+0000] {processor.py:186} INFO - Started process (PID=653) to work on /home/airflow/.local/lib/python3.12/site-packages/airflow/example_dags/tutorial.py
[2024-10-16T12:55:09.619+0000] {processor.py:914} INFO - Processing file /home/airflow/.local/lib/python3.12/site-packages/airflow/example_dags/tutorial.py for tasks to queue
[2024-10-16T12:55:09.622+0000] {logging_mixin.py:190} INFO - [2024-10-16T12:55:09.622+0000] {dagbag.py:588} INFO - Filling up the DagBag from /home/airflow/.local/lib/python3.12/site-packages/airflow/example_dags/tutorial.py
[2024-10-16T12:55:09.630+0000] {processor.py:925} INFO - DAG(s) 'tutorial' retrieved from /home/airflow/.local/lib/python3.12/site-packages/airflow/example_dags/tutorial.py
[2024-10-16T12:55:09.650+0000] {logging_mixin.py:190} INFO - [2024-10-16T12:55:09.649+0000] {dag.py:3239} INFO - Sync 1 DAGs
[2024-10-16T12:55:09.672+0000] {logging_mixin.py:190} INFO - [2024-10-16T12:55:09.671+0000] {dag.py:4180} INFO - Setting next_dagrun for tutorial to 2024-10-15 00:00:00+00:00, run_after=2024-10-16 00:00:00+00:00
[2024-10-16T12:55:09.688+0000] {processor.py:208} INFO - Processing /home/airflow/.local/lib/python3.12/site-packages/airflow/example_dags/tutorial.py took 0.076 seconds
[2024-10-16T12:55:40.344+0000] {processor.py:186} INFO - Started process (PID=716) to work on /home/airflow/.local/lib/python3.12/site-packages/airflow/example_dags/tutorial.py
[2024-10-16T12:55:40.346+0000] {processor.py:914} INFO - Processing file /home/airflow/.local/lib/python3.12/site-packages/airflow/example_dags/tutorial.py for tasks to queue
[2024-10-16T12:55:40.349+0000] {logging_mixin.py:190} INFO - [2024-10-16T12:55:40.349+0000] {dagbag.py:588} INFO - Filling up the DagBag from /home/airflow/.local/lib/python3.12/site-packages/airflow/example_dags/tutorial.py
[2024-10-16T12:55:40.360+0000] {processor.py:925} INFO - DAG(s) 'tutorial' retrieved from /home/airflow/.local/lib/python3.12/site-packages/airflow/example_dags/tutorial.py
[2024-10-16T12:55:40.384+0000] {logging_mixin.py:190} INFO - [2024-10-16T12:55:40.384+0000] {dag.py:3239} INFO - Sync 1 DAGs
[2024-10-16T12:55:40.413+0000] {logging_mixin.py:190} INFO - [2024-10-16T12:55:40.412+0000] {dag.py:4180} INFO - Setting next_dagrun for tutorial to 2024-10-15 00:00:00+00:00, run_after=2024-10-16 00:00:00+00:00
[2024-10-16T12:55:40.445+0000] {processor.py:208} INFO - Processing /home/airflow/.local/lib/python3.12/site-packages/airflow/example_dags/tutorial.py took 0.111 seconds
[2024-10-16T12:56:11.340+0000] {processor.py:186} INFO - Started process (PID=778) to work on /home/airflow/.local/lib/python3.12/site-packages/airflow/example_dags/tutorial.py
[2024-10-16T12:56:11.342+0000] {processor.py:914} INFO - Processing file /home/airflow/.local/lib/python3.12/site-packages/airflow/example_dags/tutorial.py for tasks to queue
[2024-10-16T12:56:11.344+0000] {logging_mixin.py:190} INFO - [2024-10-16T12:56:11.344+0000] {dagbag.py:588} INFO - Filling up the DagBag from /home/airflow/.local/lib/python3.12/site-packages/airflow/example_dags/tutorial.py
[2024-10-16T12:56:11.356+0000] {processor.py:925} INFO - DAG(s) 'tutorial' retrieved from /home/airflow/.local/lib/python3.12/site-packages/airflow/example_dags/tutorial.py
[2024-10-16T12:56:11.380+0000] {logging_mixin.py:190} INFO - [2024-10-16T12:56:11.380+0000] {dag.py:3239} INFO - Sync 1 DAGs
[2024-10-16T12:56:11.406+0000] {logging_mixin.py:190} INFO - [2024-10-16T12:56:11.406+0000] {dag.py:4180} INFO - Setting next_dagrun for tutorial to 2024-10-15 00:00:00+00:00, run_after=2024-10-16 00:00:00+00:00
[2024-10-16T12:56:11.440+0000] {processor.py:208} INFO - Processing /home/airflow/.local/lib/python3.12/site-packages/airflow/example_dags/tutorial.py took 0.106 seconds
[2024-10-16T12:56:42.499+0000] {processor.py:186} INFO - Started process (PID=840) to work on /home/airflow/.local/lib/python3.12/site-packages/airflow/example_dags/tutorial.py
[2024-10-16T12:56:42.501+0000] {processor.py:914} INFO - Processing file /home/airflow/.local/lib/python3.12/site-packages/airflow/example_dags/tutorial.py for tasks to queue
[2024-10-16T12:56:42.503+0000] {logging_mixin.py:190} INFO - [2024-10-16T12:56:42.503+0000] {dagbag.py:588} INFO - Filling up the DagBag from /home/airflow/.local/lib/python3.12/site-packages/airflow/example_dags/tutorial.py
[2024-10-16T12:56:42.512+0000] {processor.py:925} INFO - DAG(s) 'tutorial' retrieved from /home/airflow/.local/lib/python3.12/site-packages/airflow/example_dags/tutorial.py
[2024-10-16T12:56:42.544+0000] {logging_mixin.py:190} INFO - [2024-10-16T12:56:42.544+0000] {dag.py:3239} INFO - Sync 1 DAGs
[2024-10-16T12:56:42.573+0000] {logging_mixin.py:190} INFO - [2024-10-16T12:56:42.572+0000] {dag.py:4180} INFO - Setting next_dagrun for tutorial to 2024-10-15 00:00:00+00:00, run_after=2024-10-16 00:00:00+00:00
[2024-10-16T12:56:42.602+0000] {processor.py:208} INFO - Processing /home/airflow/.local/lib/python3.12/site-packages/airflow/example_dags/tutorial.py took 0.110 seconds
[2024-10-16T12:57:13.353+0000] {processor.py:186} INFO - Started process (PID=902) to work on /home/airflow/.local/lib/python3.12/site-packages/airflow/example_dags/tutorial.py
[2024-10-16T12:57:13.361+0000] {processor.py:914} INFO - Processing file /home/airflow/.local/lib/python3.12/site-packages/airflow/example_dags/tutorial.py for tasks to queue
[2024-10-16T12:57:13.370+0000] {logging_mixin.py:190} INFO - [2024-10-16T12:57:13.370+0000] {dagbag.py:588} INFO - Filling up the DagBag from /home/airflow/.local/lib/python3.12/site-packages/airflow/example_dags/tutorial.py
[2024-10-16T12:57:13.393+0000] {processor.py:925} INFO - DAG(s) 'tutorial' retrieved from /home/airflow/.local/lib/python3.12/site-packages/airflow/example_dags/tutorial.py
[2024-10-16T12:57:13.423+0000] {logging_mixin.py:190} INFO - [2024-10-16T12:57:13.423+0000] {dag.py:3239} INFO - Sync 1 DAGs
[2024-10-16T12:57:13.477+0000] {logging_mixin.py:190} INFO - [2024-10-16T12:57:13.477+0000] {dag.py:4180} INFO - Setting next_dagrun for tutorial to 2024-10-15 00:00:00+00:00, run_after=2024-10-16 00:00:00+00:00
[2024-10-16T12:57:13.556+0000] {processor.py:208} INFO - Processing /home/airflow/.local/lib/python3.12/site-packages/airflow/example_dags/tutorial.py took 0.215 seconds
[2024-10-16T12:57:44.149+0000] {processor.py:186} INFO - Started process (PID=964) to work on /home/airflow/.local/lib/python3.12/site-packages/airflow/example_dags/tutorial.py
[2024-10-16T12:57:44.151+0000] {processor.py:914} INFO - Processing file /home/airflow/.local/lib/python3.12/site-packages/airflow/example_dags/tutorial.py for tasks to queue
[2024-10-16T12:57:44.154+0000] {logging_mixin.py:190} INFO - [2024-10-16T12:57:44.154+0000] {dagbag.py:588} INFO - Filling up the DagBag from /home/airflow/.local/lib/python3.12/site-packages/airflow/example_dags/tutorial.py
[2024-10-16T12:57:44.166+0000] {processor.py:925} INFO - DAG(s) 'tutorial' retrieved from /home/airflow/.local/lib/python3.12/site-packages/airflow/example_dags/tutorial.py
[2024-10-16T12:57:44.191+0000] {logging_mixin.py:190} INFO - [2024-10-16T12:57:44.191+0000] {dag.py:3239} INFO - Sync 1 DAGs
[2024-10-16T12:57:44.219+0000] {logging_mixin.py:190} INFO - [2024-10-16T12:57:44.218+0000] {dag.py:4180} INFO - Setting next_dagrun for tutorial to 2024-10-15 00:00:00+00:00, run_after=2024-10-16 00:00:00+00:00
[2024-10-16T12:57:44.250+0000] {processor.py:208} INFO - Processing /home/airflow/.local/lib/python3.12/site-packages/airflow/example_dags/tutorial.py took 0.109 seconds
[2024-10-16T12:58:14.494+0000] {processor.py:186} INFO - Started process (PID=1027) to work on /home/airflow/.local/lib/python3.12/site-packages/airflow/example_dags/tutorial.py
[2024-10-16T12:58:14.497+0000] {processor.py:914} INFO - Processing file /home/airflow/.local/lib/python3.12/site-packages/airflow/example_dags/tutorial.py for tasks to queue
[2024-10-16T12:58:14.500+0000] {logging_mixin.py:190} INFO - [2024-10-16T12:58:14.500+0000] {dagbag.py:588} INFO - Filling up the DagBag from /home/airflow/.local/lib/python3.12/site-packages/airflow/example_dags/tutorial.py
[2024-10-16T12:58:14.522+0000] {processor.py:925} INFO - DAG(s) 'tutorial' retrieved from /home/airflow/.local/lib/python3.12/site-packages/airflow/example_dags/tutorial.py
[2024-10-16T12:58:14.548+0000] {logging_mixin.py:190} INFO - [2024-10-16T12:58:14.547+0000] {dag.py:3239} INFO - Sync 1 DAGs
[2024-10-16T12:58:14.577+0000] {logging_mixin.py:190} INFO - [2024-10-16T12:58:14.577+0000] {dag.py:4180} INFO - Setting next_dagrun for tutorial to 2024-10-15 00:00:00+00:00, run_after=2024-10-16 00:00:00+00:00
[2024-10-16T12:58:14.601+0000] {processor.py:208} INFO - Processing /home/airflow/.local/lib/python3.12/site-packages/airflow/example_dags/tutorial.py took 0.121 seconds
[2024-10-16T12:58:45.317+0000] {processor.py:186} INFO - Started process (PID=1089) to work on /home/airflow/.local/lib/python3.12/site-packages/airflow/example_dags/tutorial.py
[2024-10-16T12:58:45.320+0000] {processor.py:914} INFO - Processing file /home/airflow/.local/lib/python3.12/site-packages/airflow/example_dags/tutorial.py for tasks to queue
[2024-10-16T12:58:45.324+0000] {logging_mixin.py:190} INFO - [2024-10-16T12:58:45.323+0000] {dagbag.py:588} INFO - Filling up the DagBag from /home/airflow/.local/lib/python3.12/site-packages/airflow/example_dags/tutorial.py
[2024-10-16T12:58:45.354+0000] {processor.py:925} INFO - DAG(s) 'tutorial' retrieved from /home/airflow/.local/lib/python3.12/site-packages/airflow/example_dags/tutorial.py
[2024-10-16T12:58:45.387+0000] {logging_mixin.py:190} INFO - [2024-10-16T12:58:45.387+0000] {dag.py:3239} INFO - Sync 1 DAGs
[2024-10-16T12:58:45.089+0000] {logging_mixin.py:190} INFO - [2024-10-16T12:58:45.089+0000] {dag.py:4180} INFO - Setting next_dagrun for tutorial to 2024-10-15 00:00:00+00:00, run_after=2024-10-16 00:00:00+00:00
[2024-10-16T12:58:45.122+0000] {processor.py:208} INFO - Processing /home/airflow/.local/lib/python3.12/site-packages/airflow/example_dags/tutorial.py took 0.146 seconds
[2024-10-16T12:59:15.624+0000] {processor.py:186} INFO - Started process (PID=1150) to work on /home/airflow/.local/lib/python3.12/site-packages/airflow/example_dags/tutorial.py
[2024-10-16T12:59:15.625+0000] {processor.py:914} INFO - Processing file /home/airflow/.local/lib/python3.12/site-packages/airflow/example_dags/tutorial.py for tasks to queue
[2024-10-16T12:59:15.629+0000] {logging_mixin.py:190} INFO - [2024-10-16T12:59:15.629+0000] {dagbag.py:588} INFO - Filling up the DagBag from /home/airflow/.local/lib/python3.12/site-packages/airflow/example_dags/tutorial.py
[2024-10-16T12:59:15.644+0000] {processor.py:925} INFO - DAG(s) 'tutorial' retrieved from /home/airflow/.local/lib/python3.12/site-packages/airflow/example_dags/tutorial.py
[2024-10-16T12:59:15.676+0000] {logging_mixin.py:190} INFO - [2024-10-16T12:59:15.676+0000] {dag.py:3239} INFO - Sync 1 DAGs
[2024-10-16T12:59:15.706+0000] {logging_mixin.py:190} INFO - [2024-10-16T12:59:15.705+0000] {dag.py:4180} INFO - Setting next_dagrun for tutorial to 2024-10-15 00:00:00+00:00, run_after=2024-10-16 00:00:00+00:00
[2024-10-16T12:59:15.742+0000] {processor.py:208} INFO - Processing /home/airflow/.local/lib/python3.12/site-packages/airflow/example_dags/tutorial.py took 0.129 seconds
[2024-10-16T12:59:45.805+0000] {processor.py:186} INFO - Started process (PID=1212) to work on /home/airflow/.local/lib/python3.12/site-packages/airflow/example_dags/tutorial.py
[2024-10-16T12:59:45.806+0000] {processor.py:914} INFO - Processing file /home/airflow/.local/lib/python3.12/site-packages/airflow/example_dags/tutorial.py for tasks to queue
[2024-10-16T12:59:45.810+0000] {logging_mixin.py:190} INFO - [2024-10-16T12:59:45.810+0000] {dagbag.py:588} INFO - Filling up the DagBag from /home/airflow/.local/lib/python3.12/site-packages/airflow/example_dags/tutorial.py
[2024-10-16T12:59:45.819+0000] {processor.py:925} INFO - DAG(s) 'tutorial' retrieved from /home/airflow/.local/lib/python3.12/site-packages/airflow/example_dags/tutorial.py
[2024-10-16T12:59:45.849+0000] {logging_mixin.py:190} INFO - [2024-10-16T12:59:45.849+0000] {dag.py:3239} INFO - Sync 1 DAGs
[2024-10-16T12:59:45.882+0000] {logging_mixin.py:190} INFO - [2024-10-16T12:59:45.881+0000] {dag.py:4180} INFO - Setting next_dagrun for tutorial to 2024-10-15 00:00:00+00:00, run_after=2024-10-16 00:00:00+00:00
[2024-10-16T12:59:45.928+0000] {processor.py:208} INFO - Processing /home/airflow/.local/lib/python3.12/site-packages/airflow/example_dags/tutorial.py took 0.130 seconds
[2024-10-16T13:00:16.233+0000] {processor.py:186} INFO - Started process (PID=1280) to work on /home/airflow/.local/lib/python3.12/site-packages/airflow/example_dags/tutorial.py
[2024-10-16T13:00:16.235+0000] {processor.py:914} INFO - Processing file /home/airflow/.local/lib/python3.12/site-packages/airflow/example_dags/tutorial.py for tasks to queue
[2024-10-16T13:00:16.238+0000] {logging_mixin.py:190} INFO - [2024-10-16T13:00:16.238+0000] {dagbag.py:588} INFO - Filling up the DagBag from /home/airflow/.local/lib/python3.12/site-packages/airflow/example_dags/tutorial.py
[2024-10-16T13:00:16.247+0000] {processor.py:925} INFO - DAG(s) 'tutorial' retrieved from /home/airflow/.local/lib/python3.12/site-packages/airflow/example_dags/tutorial.py
[2024-10-16T13:00:16.281+0000] {logging_mixin.py:190} INFO - [2024-10-16T13:00:16.281+0000] {dag.py:3239} INFO - Sync 1 DAGs
[2024-10-16T13:00:16.314+0000] {logging_mixin.py:190} INFO - [2024-10-16T13:00:16.313+0000] {dag.py:4180} INFO - Setting next_dagrun for tutorial to 2024-10-15 00:00:00+00:00, run_after=2024-10-16 00:00:00+00:00
[2024-10-16T13:00:16.344+0000] {processor.py:208} INFO - Processing /home/airflow/.local/lib/python3.12/site-packages/airflow/example_dags/tutorial.py took 0.119 seconds
[2024-10-16T13:00:46.611+0000] {processor.py:186} INFO - Started process (PID=1342) to work on /home/airflow/.local/lib/python3.12/site-packages/airflow/example_dags/tutorial.py
[2024-10-16T13:00:46.612+0000] {processor.py:914} INFO - Processing file /home/airflow/.local/lib/python3.12/site-packages/airflow/example_dags/tutorial.py for tasks to queue
[2024-10-16T13:00:46.615+0000] {logging_mixin.py:190} INFO - [2024-10-16T13:00:46.615+0000] {dagbag.py:588} INFO - Filling up the DagBag from /home/airflow/.local/lib/python3.12/site-packages/airflow/example_dags/tutorial.py
[2024-10-16T13:00:46.626+0000] {processor.py:925} INFO - DAG(s) 'tutorial' retrieved from /home/airflow/.local/lib/python3.12/site-packages/airflow/example_dags/tutorial.py
[2024-10-16T13:00:46.650+0000] {logging_mixin.py:190} INFO - [2024-10-16T13:00:46.650+0000] {dag.py:3239} INFO - Sync 1 DAGs
[2024-10-16T13:00:46.677+0000] {logging_mixin.py:190} INFO - [2024-10-16T13:00:46.677+0000] {dag.py:4180} INFO - Setting next_dagrun for tutorial to 2024-10-15 00:00:00+00:00, run_after=2024-10-16 00:00:00+00:00
[2024-10-16T13:00:46.709+0000] {processor.py:208} INFO - Processing /home/airflow/.local/lib/python3.12/site-packages/airflow/example_dags/tutorial.py took 0.106 seconds
[2024-10-16T13:01:17.219+0000] {processor.py:186} INFO - Started process (PID=1406) to work on /home/airflow/.local/lib/python3.12/site-packages/airflow/example_dags/tutorial.py
[2024-10-16T13:01:17.220+0000] {processor.py:914} INFO - Processing file /home/airflow/.local/lib/python3.12/site-packages/airflow/example_dags/tutorial.py for tasks to queue
[2024-10-16T13:01:17.222+0000] {logging_mixin.py:190} INFO - [2024-10-16T13:01:17.222+0000] {dagbag.py:588} INFO - Filling up the DagBag from /home/airflow/.local/lib/python3.12/site-packages/airflow/example_dags/tutorial.py
[2024-10-16T13:01:17.230+0000] {processor.py:925} INFO - DAG(s) 'tutorial' retrieved from /home/airflow/.local/lib/python3.12/site-packages/airflow/example_dags/tutorial.py
[2024-10-16T13:01:17.248+0000] {logging_mixin.py:190} INFO - [2024-10-16T13:01:17.248+0000] {dag.py:3239} INFO - Sync 1 DAGs
[2024-10-16T13:01:17.273+0000] {logging_mixin.py:190} INFO - [2024-10-16T13:01:17.273+0000] {dag.py:4180} INFO - Setting next_dagrun for tutorial to 2024-10-15 00:00:00+00:00, run_after=2024-10-16 00:00:00+00:00
[2024-10-16T13:01:17.297+0000] {processor.py:208} INFO - Processing /home/airflow/.local/lib/python3.12/site-packages/airflow/example_dags/tutorial.py took 0.084 seconds
[2024-10-16T13:01:47.921+0000] {processor.py:186} INFO - Started process (PID=1467) to work on /home/airflow/.local/lib/python3.12/site-packages/airflow/example_dags/tutorial.py
[2024-10-16T13:01:47.922+0000] {processor.py:914} INFO - Processing file /home/airflow/.local/lib/python3.12/site-packages/airflow/example_dags/tutorial.py for tasks to queue
[2024-10-16T13:01:47.926+0000] {logging_mixin.py:190} INFO - [2024-10-16T13:01:47.925+0000] {dagbag.py:588} INFO - Filling up the DagBag from /home/airflow/.local/lib/python3.12/site-packages/airflow/example_dags/tutorial.py
[2024-10-16T13:01:47.935+0000] {processor.py:925} INFO - DAG(s) 'tutorial' retrieved from /home/airflow/.local/lib/python3.12/site-packages/airflow/example_dags/tutorial.py
[2024-10-16T13:01:47.956+0000] {logging_mixin.py:190} INFO - [2024-10-16T13:01:47.955+0000] {dag.py:3239} INFO - Sync 1 DAGs
[2024-10-16T13:01:47.977+0000] {logging_mixin.py:190} INFO - [2024-10-16T13:01:47.977+0000] {dag.py:4180} INFO - Setting next_dagrun for tutorial to 2024-10-15 00:00:00+00:00, run_after=2024-10-16 00:00:00+00:00
[2024-10-16T13:01:48.005+0000] {processor.py:208} INFO - Processing /home/airflow/.local/lib/python3.12/site-packages/airflow/example_dags/tutorial.py took 0.090 seconds
[2024-10-16T13:02:18.831+0000] {processor.py:186} INFO - Started process (PID=1530) to work on /home/airflow/.local/lib/python3.12/site-packages/airflow/example_dags/tutorial.py
[2024-10-16T13:02:18.833+0000] {processor.py:914} INFO - Processing file /home/airflow/.local/lib/python3.12/site-packages/airflow/example_dags/tutorial.py for tasks to queue
[2024-10-16T13:02:18.838+0000] {logging_mixin.py:190} INFO - [2024-10-16T13:02:18.837+0000] {dagbag.py:588} INFO - Filling up the DagBag from /home/airflow/.local/lib/python3.12/site-packages/airflow/example_dags/tutorial.py
[2024-10-16T13:02:18.851+0000] {processor.py:925} INFO - DAG(s) 'tutorial' retrieved from /home/airflow/.local/lib/python3.12/site-packages/airflow/example_dags/tutorial.py
[2024-10-16T13:02:18.881+0000] {logging_mixin.py:190} INFO - [2024-10-16T13:02:18.881+0000] {dag.py:3239} INFO - Sync 1 DAGs
[2024-10-16T13:02:18.917+0000] {logging_mixin.py:190} INFO - [2024-10-16T13:02:18.917+0000] {dag.py:4180} INFO - Setting next_dagrun for tutorial to 2024-10-15 00:00:00+00:00, run_after=2024-10-16 00:00:00+00:00
[2024-10-16T13:02:18.942+0000] {processor.py:208} INFO - Processing /home/airflow/.local/lib/python3.12/site-packages/airflow/example_dags/tutorial.py took 0.120 seconds
[2024-10-16T13:02:49.259+0000] {processor.py:186} INFO - Started process (PID=1592) to work on /home/airflow/.local/lib/python3.12/site-packages/airflow/example_dags/tutorial.py
[2024-10-16T13:02:49.260+0000] {processor.py:914} INFO - Processing file /home/airflow/.local/lib/python3.12/site-packages/airflow/example_dags/tutorial.py for tasks to queue
[2024-10-16T13:02:49.263+0000] {logging_mixin.py:190} INFO - [2024-10-16T13:02:49.262+0000] {dagbag.py:588} INFO - Filling up the DagBag from /home/airflow/.local/lib/python3.12/site-packages/airflow/example_dags/tutorial.py
[2024-10-16T13:02:49.272+0000] {processor.py:925} INFO - DAG(s) 'tutorial' retrieved from /home/airflow/.local/lib/python3.12/site-packages/airflow/example_dags/tutorial.py
[2024-10-16T13:02:49.296+0000] {logging_mixin.py:190} INFO - [2024-10-16T13:02:49.296+0000] {dag.py:3239} INFO - Sync 1 DAGs
[2024-10-16T13:02:49.324+0000] {logging_mixin.py:190} INFO - [2024-10-16T13:02:49.323+0000] {dag.py:4180} INFO - Setting next_dagrun for tutorial to 2024-10-15 00:00:00+00:00, run_after=2024-10-16 00:00:00+00:00
[2024-10-16T13:02:49.349+0000] {processor.py:208} INFO - Processing /home/airflow/.local/lib/python3.12/site-packages/airflow/example_dags/tutorial.py took 0.097 seconds
[2024-10-16T13:03:20.813+0000] {processor.py:186} INFO - Started process (PID=1655) to work on /home/airflow/.local/lib/python3.12/site-packages/airflow/example_dags/tutorial.py
[2024-10-16T13:03:20.815+0000] {processor.py:914} INFO - Processing file /home/airflow/.local/lib/python3.12/site-packages/airflow/example_dags/tutorial.py for tasks to queue
[2024-10-16T13:03:20.818+0000] {logging_mixin.py:190} INFO - [2024-10-16T13:03:20.817+0000] {dagbag.py:588} INFO - Filling up the DagBag from /home/airflow/.local/lib/python3.12/site-packages/airflow/example_dags/tutorial.py
[2024-10-16T13:03:20.828+0000] {processor.py:925} INFO - DAG(s) 'tutorial' retrieved from /home/airflow/.local/lib/python3.12/site-packages/airflow/example_dags/tutorial.py
[2024-10-16T13:03:20.856+0000] {logging_mixin.py:190} INFO - [2024-10-16T13:03:20.856+0000] {dag.py:3239} INFO - Sync 1 DAGs
[2024-10-16T13:03:20.886+0000] {logging_mixin.py:190} INFO - [2024-10-16T13:03:20.886+0000] {dag.py:4180} INFO - Setting next_dagrun for tutorial to 2024-10-15 00:00:00+00:00, run_after=2024-10-16 00:00:00+00:00
[2024-10-16T13:03:20.912+0000] {processor.py:208} INFO - Processing /home/airflow/.local/lib/python3.12/site-packages/airflow/example_dags/tutorial.py took 0.108 seconds
[2024-10-16T13:03:51.571+0000] {processor.py:186} INFO - Started process (PID=1717) to work on /home/airflow/.local/lib/python3.12/site-packages/airflow/example_dags/tutorial.py
[2024-10-16T13:03:51.626+0000] {processor.py:914} INFO - Processing file /home/airflow/.local/lib/python3.12/site-packages/airflow/example_dags/tutorial.py for tasks to queue
[2024-10-16T13:03:51.637+0000] {logging_mixin.py:190} INFO - [2024-10-16T13:03:51.637+0000] {dagbag.py:588} INFO - Filling up the DagBag from /home/airflow/.local/lib/python3.12/site-packages/airflow/example_dags/tutorial.py
[2024-10-16T13:03:51.677+0000] {processor.py:925} INFO - DAG(s) 'tutorial' retrieved from /home/airflow/.local/lib/python3.12/site-packages/airflow/example_dags/tutorial.py
[2024-10-16T13:03:51.708+0000] {logging_mixin.py:190} INFO - [2024-10-16T13:03:51.707+0000] {dag.py:3239} INFO - Sync 1 DAGs
[2024-10-16T13:03:51.736+0000] {logging_mixin.py:190} INFO - [2024-10-16T13:03:51.736+0000] {dag.py:4180} INFO - Setting next_dagrun for tutorial to 2024-10-15 00:00:00+00:00, run_after=2024-10-16 00:00:00+00:00
[2024-10-16T13:03:51.763+0000] {processor.py:208} INFO - Processing /home/airflow/.local/lib/python3.12/site-packages/airflow/example_dags/tutorial.py took 0.206 seconds
[2024-10-16T13:04:22.073+0000] {processor.py:186} INFO - Started process (PID=1779) to work on /home/airflow/.local/lib/python3.12/site-packages/airflow/example_dags/tutorial.py
[2024-10-16T13:04:22.075+0000] {processor.py:914} INFO - Processing file /home/airflow/.local/lib/python3.12/site-packages/airflow/example_dags/tutorial.py for tasks to queue
[2024-10-16T13:04:22.077+0000] {logging_mixin.py:190} INFO - [2024-10-16T13:04:22.077+0000] {dagbag.py:588} INFO - Filling up the DagBag from /home/airflow/.local/lib/python3.12/site-packages/airflow/example_dags/tutorial.py
[2024-10-16T13:04:22.088+0000] {processor.py:925} INFO - DAG(s) 'tutorial' retrieved from /home/airflow/.local/lib/python3.12/site-packages/airflow/example_dags/tutorial.py
[2024-10-16T13:04:22.112+0000] {logging_mixin.py:190} INFO - [2024-10-16T13:04:22.111+0000] {dag.py:3239} INFO - Sync 1 DAGs
[2024-10-16T13:04:22.139+0000] {logging_mixin.py:190} INFO - [2024-10-16T13:04:22.138+0000] {dag.py:4180} INFO - Setting next_dagrun for tutorial to 2024-10-15 00:00:00+00:00, run_after=2024-10-16 00:00:00+00:00
[2024-10-16T13:04:22.177+0000] {processor.py:208} INFO - Processing /home/airflow/.local/lib/python3.12/site-packages/airflow/example_dags/tutorial.py took 0.112 seconds
[2024-10-16T13:08:06.267+0000] {processor.py:186} INFO - Started process (PID=95) to work on /home/airflow/.local/lib/python3.12/site-packages/airflow/example_dags/tutorial.py
[2024-10-16T13:08:06.268+0000] {processor.py:914} INFO - Processing file /home/airflow/.local/lib/python3.12/site-packages/airflow/example_dags/tutorial.py for tasks to queue
[2024-10-16T13:08:06.271+0000] {logging_mixin.py:190} INFO - [2024-10-16T13:08:06.271+0000] {dagbag.py:588} INFO - Filling up the DagBag from /home/airflow/.local/lib/python3.12/site-packages/airflow/example_dags/tutorial.py
[2024-10-16T13:08:06.281+0000] {processor.py:925} INFO - DAG(s) 'tutorial' retrieved from /home/airflow/.local/lib/python3.12/site-packages/airflow/example_dags/tutorial.py
[2024-10-16T13:08:06.404+0000] {logging_mixin.py:190} INFO - [2024-10-16T13:08:06.404+0000] {override.py:1900} INFO - Created Permission View: can read on DAG:tutorial
[2024-10-16T13:08:06.419+0000] {logging_mixin.py:190} INFO - [2024-10-16T13:08:06.419+0000] {override.py:1900} INFO - Created Permission View: can delete on DAG:tutorial
[2024-10-16T13:08:06.427+0000] {logging_mixin.py:190} INFO - [2024-10-16T13:08:06.426+0000] {override.py:1900} INFO - Created Permission View: can edit on DAG:tutorial
[2024-10-16T13:08:06.435+0000] {logging_mixin.py:190} INFO - [2024-10-16T13:08:06.434+0000] {override.py:1900} INFO - Created Permission View: can create on DAG Run:tutorial
[2024-10-16T13:08:06.442+0000] {logging_mixin.py:190} INFO - [2024-10-16T13:08:06.441+0000] {override.py:1900} INFO - Created Permission View: menu access on DAG Run:tutorial
[2024-10-16T13:08:06.449+0000] {logging_mixin.py:190} INFO - [2024-10-16T13:08:06.448+0000] {override.py:1900} INFO - Created Permission View: can read on DAG Run:tutorial
[2024-10-16T13:08:06.456+0000] {logging_mixin.py:190} INFO - [2024-10-16T13:08:06.455+0000] {override.py:1900} INFO - Created Permission View: can delete on DAG Run:tutorial
[2024-10-16T13:08:06.456+0000] {logging_mixin.py:190} INFO - [2024-10-16T13:08:06.456+0000] {dag.py:3239} INFO - Sync 1 DAGs
[2024-10-16T13:08:06.470+0000] {logging_mixin.py:190} INFO - [2024-10-16T13:08:06.470+0000] {dag.py:3262} INFO - Creating ORM DAG for tutorial
[2024-10-16T13:08:06.482+0000] {logging_mixin.py:190} INFO - [2024-10-16T13:08:06.481+0000] {dag.py:4180} INFO - Setting next_dagrun for tutorial to 2024-10-15 00:00:00+00:00, run_after=2024-10-16 00:00:00+00:00
[2024-10-16T13:08:06.506+0000] {processor.py:208} INFO - Processing /home/airflow/.local/lib/python3.12/site-packages/airflow/example_dags/tutorial.py took 0.246 seconds
[2024-10-16T13:08:36.818+0000] {processor.py:186} INFO - Started process (PID=158) to work on /home/airflow/.local/lib/python3.12/site-packages/airflow/example_dags/tutorial.py
[2024-10-16T13:08:36.819+0000] {processor.py:914} INFO - Processing file /home/airflow/.local/lib/python3.12/site-packages/airflow/example_dags/tutorial.py for tasks to queue
[2024-10-16T13:08:36.821+0000] {logging_mixin.py:190} INFO - [2024-10-16T13:08:36.821+0000] {dagbag.py:588} INFO - Filling up the DagBag from /home/airflow/.local/lib/python3.12/site-packages/airflow/example_dags/tutorial.py
[2024-10-16T13:08:36.827+0000] {processor.py:925} INFO - DAG(s) 'tutorial' retrieved from /home/airflow/.local/lib/python3.12/site-packages/airflow/example_dags/tutorial.py
[2024-10-16T13:08:36.846+0000] {logging_mixin.py:190} INFO - [2024-10-16T13:08:36.845+0000] {dag.py:3239} INFO - Sync 1 DAGs
[2024-10-16T13:08:36.868+0000] {logging_mixin.py:190} INFO - [2024-10-16T13:08:36.867+0000] {dag.py:4180} INFO - Setting next_dagrun for tutorial to 2024-10-15 00:00:00+00:00, run_after=2024-10-16 00:00:00+00:00
[2024-10-16T13:08:36.884+0000] {processor.py:208} INFO - Processing /home/airflow/.local/lib/python3.12/site-packages/airflow/example_dags/tutorial.py took 0.072 seconds
[2024-10-16T13:09:07.037+0000] {processor.py:186} INFO - Started process (PID=221) to work on /home/airflow/.local/lib/python3.12/site-packages/airflow/example_dags/tutorial.py
[2024-10-16T13:09:07.038+0000] {processor.py:914} INFO - Processing file /home/airflow/.local/lib/python3.12/site-packages/airflow/example_dags/tutorial.py for tasks to queue
[2024-10-16T13:09:07.040+0000] {logging_mixin.py:190} INFO - [2024-10-16T13:09:07.040+0000] {dagbag.py:588} INFO - Filling up the DagBag from /home/airflow/.local/lib/python3.12/site-packages/airflow/example_dags/tutorial.py
[2024-10-16T13:09:07.048+0000] {processor.py:925} INFO - DAG(s) 'tutorial' retrieved from /home/airflow/.local/lib/python3.12/site-packages/airflow/example_dags/tutorial.py
[2024-10-16T13:09:07.067+0000] {logging_mixin.py:190} INFO - [2024-10-16T13:09:07.066+0000] {dag.py:3239} INFO - Sync 1 DAGs
[2024-10-16T13:09:07.097+0000] {logging_mixin.py:190} INFO - [2024-10-16T13:09:07.096+0000] {dag.py:4180} INFO - Setting next_dagrun for tutorial to 2024-10-15 00:00:00+00:00, run_after=2024-10-16 00:00:00+00:00
[2024-10-16T13:09:07.125+0000] {processor.py:208} INFO - Processing /home/airflow/.local/lib/python3.12/site-packages/airflow/example_dags/tutorial.py took 0.094 seconds
[2024-10-16T13:09:37.366+0000] {processor.py:186} INFO - Started process (PID=284) to work on /home/airflow/.local/lib/python3.12/site-packages/airflow/example_dags/tutorial.py
[2024-10-16T13:09:37.367+0000] {processor.py:914} INFO - Processing file /home/airflow/.local/lib/python3.12/site-packages/airflow/example_dags/tutorial.py for tasks to queue
[2024-10-16T13:09:37.368+0000] {logging_mixin.py:190} INFO - [2024-10-16T13:09:37.368+0000] {dagbag.py:588} INFO - Filling up the DagBag from /home/airflow/.local/lib/python3.12/site-packages/airflow/example_dags/tutorial.py
[2024-10-16T13:09:37.374+0000] {processor.py:925} INFO - DAG(s) 'tutorial' retrieved from /home/airflow/.local/lib/python3.12/site-packages/airflow/example_dags/tutorial.py
[2024-10-16T13:09:37.401+0000] {logging_mixin.py:190} INFO - [2024-10-16T13:09:37.401+0000] {dag.py:3239} INFO - Sync 1 DAGs
[2024-10-16T13:09:37.466+0000] {logging_mixin.py:190} INFO - [2024-10-16T13:09:37.466+0000] {dag.py:4180} INFO - Setting next_dagrun for tutorial to 2024-10-15 00:00:00+00:00, run_after=2024-10-16 00:00:00+00:00
[2024-10-16T13:09:37.529+0000] {processor.py:208} INFO - Processing /home/airflow/.local/lib/python3.12/site-packages/airflow/example_dags/tutorial.py took 0.168 seconds
[2024-10-16T13:10:08.485+0000] {processor.py:186} INFO - Started process (PID=347) to work on /home/airflow/.local/lib/python3.12/site-packages/airflow/example_dags/tutorial.py
[2024-10-16T13:10:08.487+0000] {processor.py:914} INFO - Processing file /home/airflow/.local/lib/python3.12/site-packages/airflow/example_dags/tutorial.py for tasks to queue
[2024-10-16T13:10:08.490+0000] {logging_mixin.py:190} INFO - [2024-10-16T13:10:08.489+0000] {dagbag.py:588} INFO - Filling up the DagBag from /home/airflow/.local/lib/python3.12/site-packages/airflow/example_dags/tutorial.py
[2024-10-16T13:10:08.498+0000] {processor.py:925} INFO - DAG(s) 'tutorial' retrieved from /home/airflow/.local/lib/python3.12/site-packages/airflow/example_dags/tutorial.py
[2024-10-16T13:10:08.523+0000] {logging_mixin.py:190} INFO - [2024-10-16T13:10:08.522+0000] {dag.py:3239} INFO - Sync 1 DAGs
[2024-10-16T13:10:08.550+0000] {logging_mixin.py:190} INFO - [2024-10-16T13:10:08.550+0000] {dag.py:4180} INFO - Setting next_dagrun for tutorial to 2024-10-15 00:00:00+00:00, run_after=2024-10-16 00:00:00+00:00
[2024-10-16T13:10:08.580+0000] {processor.py:208} INFO - Processing /home/airflow/.local/lib/python3.12/site-packages/airflow/example_dags/tutorial.py took 0.102 seconds
[2024-10-16T13:10:39.115+0000] {processor.py:186} INFO - Started process (PID=410) to work on /home/airflow/.local/lib/python3.12/site-packages/airflow/example_dags/tutorial.py
[2024-10-16T13:10:39.122+0000] {processor.py:914} INFO - Processing file /home/airflow/.local/lib/python3.12/site-packages/airflow/example_dags/tutorial.py for tasks to queue
[2024-10-16T13:10:39.125+0000] {logging_mixin.py:190} INFO - [2024-10-16T13:10:39.124+0000] {dagbag.py:588} INFO - Filling up the DagBag from /home/airflow/.local/lib/python3.12/site-packages/airflow/example_dags/tutorial.py
[2024-10-16T13:10:39.139+0000] {processor.py:925} INFO - DAG(s) 'tutorial' retrieved from /home/airflow/.local/lib/python3.12/site-packages/airflow/example_dags/tutorial.py
[2024-10-16T13:10:39.163+0000] {logging_mixin.py:190} INFO - [2024-10-16T13:10:39.163+0000] {dag.py:3239} INFO - Sync 1 DAGs
[2024-10-16T13:10:39.185+0000] {logging_mixin.py:190} INFO - [2024-10-16T13:10:39.185+0000] {dag.py:4180} INFO - Setting next_dagrun for tutorial to 2024-10-15 00:00:00+00:00, run_after=2024-10-16 00:00:00+00:00
[2024-10-16T13:10:39.209+0000] {processor.py:208} INFO - Processing /home/airflow/.local/lib/python3.12/site-packages/airflow/example_dags/tutorial.py took 0.111 seconds
[2024-10-16T13:11:09.911+0000] {processor.py:186} INFO - Started process (PID=473) to work on /home/airflow/.local/lib/python3.12/site-packages/airflow/example_dags/tutorial.py
[2024-10-16T13:11:09.912+0000] {processor.py:914} INFO - Processing file /home/airflow/.local/lib/python3.12/site-packages/airflow/example_dags/tutorial.py for tasks to queue
[2024-10-16T13:11:09.914+0000] {logging_mixin.py:190} INFO - [2024-10-16T13:11:09.913+0000] {dagbag.py:588} INFO - Filling up the DagBag from /home/airflow/.local/lib/python3.12/site-packages/airflow/example_dags/tutorial.py
[2024-10-16T13:11:09.920+0000] {processor.py:925} INFO - DAG(s) 'tutorial' retrieved from /home/airflow/.local/lib/python3.12/site-packages/airflow/example_dags/tutorial.py
[2024-10-16T13:11:09.937+0000] {logging_mixin.py:190} INFO - [2024-10-16T13:11:09.937+0000] {dag.py:3239} INFO - Sync 1 DAGs
[2024-10-16T13:11:09.956+0000] {logging_mixin.py:190} INFO - [2024-10-16T13:11:09.955+0000] {dag.py:4180} INFO - Setting next_dagrun for tutorial to 2024-10-15 00:00:00+00:00, run_after=2024-10-16 00:00:00+00:00
[2024-10-16T13:11:09.969+0000] {processor.py:208} INFO - Processing /home/airflow/.local/lib/python3.12/site-packages/airflow/example_dags/tutorial.py took 0.064 seconds
[2024-10-16T13:12:46.354+0000] {processor.py:186} INFO - Started process (PID=94) to work on /home/airflow/.local/lib/python3.12/site-packages/airflow/example_dags/tutorial.py
[2024-10-16T13:12:46.355+0000] {processor.py:914} INFO - Processing file /home/airflow/.local/lib/python3.12/site-packages/airflow/example_dags/tutorial.py for tasks to queue
[2024-10-16T13:12:46.357+0000] {logging_mixin.py:190} INFO - [2024-10-16T13:12:46.357+0000] {dagbag.py:588} INFO - Filling up the DagBag from /home/airflow/.local/lib/python3.12/site-packages/airflow/example_dags/tutorial.py
[2024-10-16T13:12:46.364+0000] {processor.py:925} INFO - DAG(s) 'tutorial' retrieved from /home/airflow/.local/lib/python3.12/site-packages/airflow/example_dags/tutorial.py
[2024-10-16T13:12:46.462+0000] {logging_mixin.py:190} INFO - [2024-10-16T13:12:46.461+0000] {override.py:1900} INFO - Created Permission View: can read on DAG:tutorial
[2024-10-16T13:12:46.470+0000] {logging_mixin.py:190} INFO - [2024-10-16T13:12:46.469+0000] {override.py:1900} INFO - Created Permission View: can edit on DAG:tutorial
[2024-10-16T13:12:46.476+0000] {logging_mixin.py:190} INFO - [2024-10-16T13:12:46.475+0000] {override.py:1900} INFO - Created Permission View: can delete on DAG:tutorial
[2024-10-16T13:12:46.482+0000] {logging_mixin.py:190} INFO - [2024-10-16T13:12:46.482+0000] {override.py:1900} INFO - Created Permission View: can read on DAG Run:tutorial
[2024-10-16T13:12:46.487+0000] {logging_mixin.py:190} INFO - [2024-10-16T13:12:46.487+0000] {override.py:1900} INFO - Created Permission View: menu access on DAG Run:tutorial
[2024-10-16T13:12:46.493+0000] {logging_mixin.py:190} INFO - [2024-10-16T13:12:46.492+0000] {override.py:1900} INFO - Created Permission View: can delete on DAG Run:tutorial
[2024-10-16T13:12:46.497+0000] {logging_mixin.py:190} INFO - [2024-10-16T13:12:46.497+0000] {override.py:1900} INFO - Created Permission View: can create on DAG Run:tutorial
[2024-10-16T13:12:46.498+0000] {logging_mixin.py:190} INFO - [2024-10-16T13:12:46.498+0000] {dag.py:3239} INFO - Sync 1 DAGs
[2024-10-16T13:12:46.509+0000] {logging_mixin.py:190} INFO - [2024-10-16T13:12:46.509+0000] {dag.py:3262} INFO - Creating ORM DAG for tutorial
[2024-10-16T13:12:46.517+0000] {logging_mixin.py:190} INFO - [2024-10-16T13:12:46.516+0000] {dag.py:4180} INFO - Setting next_dagrun for tutorial to 2024-10-15 00:00:00+00:00, run_after=2024-10-16 00:00:00+00:00
[2024-10-16T13:12:46.536+0000] {processor.py:208} INFO - Processing /home/airflow/.local/lib/python3.12/site-packages/airflow/example_dags/tutorial.py took 0.187 seconds
[2024-10-16T13:13:16.738+0000] {processor.py:186} INFO - Started process (PID=157) to work on /home/airflow/.local/lib/python3.12/site-packages/airflow/example_dags/tutorial.py
[2024-10-16T13:13:16.739+0000] {processor.py:914} INFO - Processing file /home/airflow/.local/lib/python3.12/site-packages/airflow/example_dags/tutorial.py for tasks to queue
[2024-10-16T13:13:16.743+0000] {logging_mixin.py:190} INFO - [2024-10-16T13:13:16.742+0000] {dagbag.py:588} INFO - Filling up the DagBag from /home/airflow/.local/lib/python3.12/site-packages/airflow/example_dags/tutorial.py
[2024-10-16T13:13:16.748+0000] {processor.py:925} INFO - DAG(s) 'tutorial' retrieved from /home/airflow/.local/lib/python3.12/site-packages/airflow/example_dags/tutorial.py
[2024-10-16T13:13:16.771+0000] {logging_mixin.py:190} INFO - [2024-10-16T13:13:16.770+0000] {dag.py:3239} INFO - Sync 1 DAGs
[2024-10-16T13:13:16.789+0000] {logging_mixin.py:190} INFO - [2024-10-16T13:13:16.789+0000] {dag.py:4180} INFO - Setting next_dagrun for tutorial to 2024-10-15 00:00:00+00:00, run_after=2024-10-16 00:00:00+00:00
[2024-10-16T13:13:16.818+0000] {processor.py:208} INFO - Processing /home/airflow/.local/lib/python3.12/site-packages/airflow/example_dags/tutorial.py took 0.087 seconds
[2024-10-16T13:14:47.166+0000] {processor.py:186} INFO - Started process (PID=96) to work on /home/airflow/.local/lib/python3.12/site-packages/airflow/example_dags/tutorial.py
[2024-10-16T13:14:47.167+0000] {processor.py:914} INFO - Processing file /home/airflow/.local/lib/python3.12/site-packages/airflow/example_dags/tutorial.py for tasks to queue
[2024-10-16T13:14:47.170+0000] {logging_mixin.py:190} INFO - [2024-10-16T13:14:47.169+0000] {dagbag.py:588} INFO - Filling up the DagBag from /home/airflow/.local/lib/python3.12/site-packages/airflow/example_dags/tutorial.py
[2024-10-16T13:14:47.177+0000] {processor.py:925} INFO - DAG(s) 'tutorial' retrieved from /home/airflow/.local/lib/python3.12/site-packages/airflow/example_dags/tutorial.py
[2024-10-16T13:14:47.266+0000] {logging_mixin.py:190} INFO - [2024-10-16T13:14:47.265+0000] {override.py:1900} INFO - Created Permission View: can read on DAG:tutorial
[2024-10-16T13:14:47.276+0000] {logging_mixin.py:190} INFO - [2024-10-16T13:14:47.275+0000] {override.py:1900} INFO - Created Permission View: can delete on DAG:tutorial
[2024-10-16T13:14:47.281+0000] {logging_mixin.py:190} INFO - [2024-10-16T13:14:47.280+0000] {override.py:1900} INFO - Created Permission View: can edit on DAG:tutorial
[2024-10-16T13:14:47.287+0000] {logging_mixin.py:190} INFO - [2024-10-16T13:14:47.287+0000] {override.py:1900} INFO - Created Permission View: can read on DAG Run:tutorial
[2024-10-16T13:14:47.294+0000] {logging_mixin.py:190} INFO - [2024-10-16T13:14:47.293+0000] {override.py:1900} INFO - Created Permission View: can create on DAG Run:tutorial
[2024-10-16T13:14:47.299+0000] {logging_mixin.py:190} INFO - [2024-10-16T13:14:47.299+0000] {override.py:1900} INFO - Created Permission View: can delete on DAG Run:tutorial
[2024-10-16T13:14:47.307+0000] {logging_mixin.py:190} INFO - [2024-10-16T13:14:47.306+0000] {override.py:1900} INFO - Created Permission View: menu access on DAG Run:tutorial
[2024-10-16T13:14:47.308+0000] {logging_mixin.py:190} INFO - [2024-10-16T13:14:47.308+0000] {dag.py:3239} INFO - Sync 1 DAGs
[2024-10-16T13:14:47.320+0000] {logging_mixin.py:190} INFO - [2024-10-16T13:14:47.320+0000] {dag.py:3262} INFO - Creating ORM DAG for tutorial
[2024-10-16T13:14:47.328+0000] {logging_mixin.py:190} INFO - [2024-10-16T13:14:47.328+0000] {dag.py:4180} INFO - Setting next_dagrun for tutorial to 2024-10-15 00:00:00+00:00, run_after=2024-10-16 00:00:00+00:00
[2024-10-16T13:14:47.374+0000] {processor.py:208} INFO - Processing /home/airflow/.local/lib/python3.12/site-packages/airflow/example_dags/tutorial.py took 0.214 seconds
[2024-10-16T13:16:16.991+0000] {processor.py:186} INFO - Started process (PID=95) to work on /home/airflow/.local/lib/python3.12/site-packages/airflow/example_dags/tutorial.py
[2024-10-16T13:16:16.992+0000] {processor.py:914} INFO - Processing file /home/airflow/.local/lib/python3.12/site-packages/airflow/example_dags/tutorial.py for tasks to queue
[2024-10-16T13:16:16.997+0000] {logging_mixin.py:190} INFO - [2024-10-16T13:16:16.996+0000] {dagbag.py:588} INFO - Filling up the DagBag from /home/airflow/.local/lib/python3.12/site-packages/airflow/example_dags/tutorial.py
[2024-10-16T13:16:17.008+0000] {processor.py:925} INFO - DAG(s) 'tutorial' retrieved from /home/airflow/.local/lib/python3.12/site-packages/airflow/example_dags/tutorial.py
[2024-10-16T13:16:17.145+0000] {logging_mixin.py:190} INFO - [2024-10-16T13:16:17.144+0000] {override.py:1900} INFO - Created Permission View: can edit on DAG:tutorial
[2024-10-16T13:16:17.157+0000] {logging_mixin.py:190} INFO - [2024-10-16T13:16:17.157+0000] {override.py:1900} INFO - Created Permission View: can read on DAG:tutorial
[2024-10-16T13:16:17.164+0000] {logging_mixin.py:190} INFO - [2024-10-16T13:16:17.163+0000] {override.py:1900} INFO - Created Permission View: can delete on DAG:tutorial
[2024-10-16T13:16:17.172+0000] {logging_mixin.py:190} INFO - [2024-10-16T13:16:17.172+0000] {override.py:1900} INFO - Created Permission View: menu access on DAG Run:tutorial
[2024-10-16T13:16:17.180+0000] {logging_mixin.py:190} INFO - [2024-10-16T13:16:17.180+0000] {override.py:1900} INFO - Created Permission View: can read on DAG Run:tutorial
[2024-10-16T13:16:17.187+0000] {logging_mixin.py:190} INFO - [2024-10-16T13:16:17.186+0000] {override.py:1900} INFO - Created Permission View: can create on DAG Run:tutorial
[2024-10-16T13:16:17.194+0000] {logging_mixin.py:190} INFO - [2024-10-16T13:16:17.193+0000] {override.py:1900} INFO - Created Permission View: can delete on DAG Run:tutorial
[2024-10-16T13:16:17.195+0000] {logging_mixin.py:190} INFO - [2024-10-16T13:16:17.194+0000] {dag.py:3239} INFO - Sync 1 DAGs
[2024-10-16T13:16:17.207+0000] {logging_mixin.py:190} INFO - [2024-10-16T13:16:17.207+0000] {dag.py:3262} INFO - Creating ORM DAG for tutorial
[2024-10-16T13:16:17.215+0000] {logging_mixin.py:190} INFO - [2024-10-16T13:16:17.215+0000] {dag.py:4180} INFO - Setting next_dagrun for tutorial to 2024-10-15 00:00:00+00:00, run_after=2024-10-16 00:00:00+00:00
[2024-10-16T13:16:17.231+0000] {processor.py:208} INFO - Processing /home/airflow/.local/lib/python3.12/site-packages/airflow/example_dags/tutorial.py took 0.247 seconds
[2024-10-16T13:16:48.149+0000] {processor.py:186} INFO - Started process (PID=158) to work on /home/airflow/.local/lib/python3.12/site-packages/airflow/example_dags/tutorial.py
[2024-10-16T13:16:48.160+0000] {processor.py:914} INFO - Processing file /home/airflow/.local/lib/python3.12/site-packages/airflow/example_dags/tutorial.py for tasks to queue
[2024-10-16T13:16:48.168+0000] {logging_mixin.py:190} INFO - [2024-10-16T13:16:48.167+0000] {dagbag.py:588} INFO - Filling up the DagBag from /home/airflow/.local/lib/python3.12/site-packages/airflow/example_dags/tutorial.py
[2024-10-16T13:16:48.184+0000] {processor.py:925} INFO - DAG(s) 'tutorial' retrieved from /home/airflow/.local/lib/python3.12/site-packages/airflow/example_dags/tutorial.py
[2024-10-16T13:16:48.239+0000] {logging_mixin.py:190} INFO - [2024-10-16T13:16:48.238+0000] {dag.py:3239} INFO - Sync 1 DAGs
[2024-10-16T13:16:48.274+0000] {logging_mixin.py:190} INFO - [2024-10-16T13:16:48.274+0000] {dag.py:4180} INFO - Setting next_dagrun for tutorial to 2024-10-15 00:00:00+00:00, run_after=2024-10-16 00:00:00+00:00
[2024-10-16T13:16:48.312+0000] {processor.py:208} INFO - Processing /home/airflow/.local/lib/python3.12/site-packages/airflow/example_dags/tutorial.py took 0.176 seconds
[2024-10-16T13:17:18.821+0000] {processor.py:186} INFO - Started process (PID=221) to work on /home/airflow/.local/lib/python3.12/site-packages/airflow/example_dags/tutorial.py
[2024-10-16T13:17:18.822+0000] {processor.py:914} INFO - Processing file /home/airflow/.local/lib/python3.12/site-packages/airflow/example_dags/tutorial.py for tasks to queue
[2024-10-16T13:17:18.825+0000] {logging_mixin.py:190} INFO - [2024-10-16T13:17:18.825+0000] {dagbag.py:588} INFO - Filling up the DagBag from /home/airflow/.local/lib/python3.12/site-packages/airflow/example_dags/tutorial.py
[2024-10-16T13:17:18.831+0000] {processor.py:925} INFO - DAG(s) 'tutorial' retrieved from /home/airflow/.local/lib/python3.12/site-packages/airflow/example_dags/tutorial.py
[2024-10-16T13:17:18.849+0000] {logging_mixin.py:190} INFO - [2024-10-16T13:17:18.849+0000] {dag.py:3239} INFO - Sync 1 DAGs
[2024-10-16T13:17:18.872+0000] {logging_mixin.py:190} INFO - [2024-10-16T13:17:18.872+0000] {dag.py:4180} INFO - Setting next_dagrun for tutorial to 2024-10-15 00:00:00+00:00, run_after=2024-10-16 00:00:00+00:00
[2024-10-16T13:17:18.896+0000] {processor.py:208} INFO - Processing /home/airflow/.local/lib/python3.12/site-packages/airflow/example_dags/tutorial.py took 0.080 seconds
[2024-10-16T13:17:49.369+0000] {processor.py:186} INFO - Started process (PID=284) to work on /home/airflow/.local/lib/python3.12/site-packages/airflow/example_dags/tutorial.py
[2024-10-16T13:17:49.371+0000] {processor.py:914} INFO - Processing file /home/airflow/.local/lib/python3.12/site-packages/airflow/example_dags/tutorial.py for tasks to queue
[2024-10-16T13:17:49.375+0000] {logging_mixin.py:190} INFO - [2024-10-16T13:17:49.374+0000] {dagbag.py:588} INFO - Filling up the DagBag from /home/airflow/.local/lib/python3.12/site-packages/airflow/example_dags/tutorial.py
[2024-10-16T13:17:49.385+0000] {processor.py:925} INFO - DAG(s) 'tutorial' retrieved from /home/airflow/.local/lib/python3.12/site-packages/airflow/example_dags/tutorial.py
[2024-10-16T13:17:49.415+0000] {logging_mixin.py:190} INFO - [2024-10-16T13:17:49.414+0000] {dag.py:3239} INFO - Sync 1 DAGs
[2024-10-16T13:17:49.441+0000] {logging_mixin.py:190} INFO - [2024-10-16T13:17:49.441+0000] {dag.py:4180} INFO - Setting next_dagrun for tutorial to 2024-10-15 00:00:00+00:00, run_after=2024-10-16 00:00:00+00:00
[2024-10-16T13:17:49.467+0000] {processor.py:208} INFO - Processing /home/airflow/.local/lib/python3.12/site-packages/airflow/example_dags/tutorial.py took 0.109 seconds
[2024-10-16T13:18:19.924+0000] {processor.py:186} INFO - Started process (PID=347) to work on /home/airflow/.local/lib/python3.12/site-packages/airflow/example_dags/tutorial.py
[2024-10-16T13:18:19.927+0000] {processor.py:914} INFO - Processing file /home/airflow/.local/lib/python3.12/site-packages/airflow/example_dags/tutorial.py for tasks to queue
[2024-10-16T13:18:19.930+0000] {logging_mixin.py:190} INFO - [2024-10-16T13:18:19.930+0000] {dagbag.py:588} INFO - Filling up the DagBag from /home/airflow/.local/lib/python3.12/site-packages/airflow/example_dags/tutorial.py
[2024-10-16T13:18:19.940+0000] {processor.py:925} INFO - DAG(s) 'tutorial' retrieved from /home/airflow/.local/lib/python3.12/site-packages/airflow/example_dags/tutorial.py
[2024-10-16T13:18:19.965+0000] {logging_mixin.py:190} INFO - [2024-10-16T13:18:19.965+0000] {dag.py:3239} INFO - Sync 1 DAGs
[2024-10-16T13:18:19.998+0000] {logging_mixin.py:190} INFO - [2024-10-16T13:18:19.998+0000] {dag.py:4180} INFO - Setting next_dagrun for tutorial to 2024-10-15 00:00:00+00:00, run_after=2024-10-16 00:00:00+00:00
[2024-10-16T13:18:20.030+0000] {processor.py:208} INFO - Processing /home/airflow/.local/lib/python3.12/site-packages/airflow/example_dags/tutorial.py took 0.113 seconds
[2024-10-16T13:18:50.609+0000] {processor.py:186} INFO - Started process (PID=410) to work on /home/airflow/.local/lib/python3.12/site-packages/airflow/example_dags/tutorial.py
[2024-10-16T13:18:50.610+0000] {processor.py:914} INFO - Processing file /home/airflow/.local/lib/python3.12/site-packages/airflow/example_dags/tutorial.py for tasks to queue
[2024-10-16T13:18:50.613+0000] {logging_mixin.py:190} INFO - [2024-10-16T13:18:50.612+0000] {dagbag.py:588} INFO - Filling up the DagBag from /home/airflow/.local/lib/python3.12/site-packages/airflow/example_dags/tutorial.py
[2024-10-16T13:18:50.623+0000] {processor.py:925} INFO - DAG(s) 'tutorial' retrieved from /home/airflow/.local/lib/python3.12/site-packages/airflow/example_dags/tutorial.py
[2024-10-16T13:18:50.649+0000] {logging_mixin.py:190} INFO - [2024-10-16T13:18:50.648+0000] {dag.py:3239} INFO - Sync 1 DAGs
[2024-10-16T13:18:50.679+0000] {logging_mixin.py:190} INFO - [2024-10-16T13:18:50.679+0000] {dag.py:4180} INFO - Setting next_dagrun for tutorial to 2024-10-15 00:00:00+00:00, run_after=2024-10-16 00:00:00+00:00
[2024-10-16T13:18:50.706+0000] {processor.py:208} INFO - Processing /home/airflow/.local/lib/python3.12/site-packages/airflow/example_dags/tutorial.py took 0.103 seconds
[2024-10-16T13:19:21.393+0000] {processor.py:186} INFO - Started process (PID=473) to work on /home/airflow/.local/lib/python3.12/site-packages/airflow/example_dags/tutorial.py
[2024-10-16T13:19:21.395+0000] {processor.py:914} INFO - Processing file /home/airflow/.local/lib/python3.12/site-packages/airflow/example_dags/tutorial.py for tasks to queue
[2024-10-16T13:19:21.398+0000] {logging_mixin.py:190} INFO - [2024-10-16T13:19:21.397+0000] {dagbag.py:588} INFO - Filling up the DagBag from /home/airflow/.local/lib/python3.12/site-packages/airflow/example_dags/tutorial.py
[2024-10-16T13:19:21.406+0000] {processor.py:925} INFO - DAG(s) 'tutorial' retrieved from /home/airflow/.local/lib/python3.12/site-packages/airflow/example_dags/tutorial.py
[2024-10-16T13:19:21.431+0000] {logging_mixin.py:190} INFO - [2024-10-16T13:19:21.431+0000] {dag.py:3239} INFO - Sync 1 DAGs
[2024-10-16T13:19:21.458+0000] {logging_mixin.py:190} INFO - [2024-10-16T13:19:21.457+0000] {dag.py:4180} INFO - Setting next_dagrun for tutorial to 2024-10-15 00:00:00+00:00, run_after=2024-10-16 00:00:00+00:00
[2024-10-16T13:19:21.490+0000] {processor.py:208} INFO - Processing /home/airflow/.local/lib/python3.12/site-packages/airflow/example_dags/tutorial.py took 0.103 seconds
[2024-10-16T13:19:52.029+0000] {processor.py:186} INFO - Started process (PID=536) to work on /home/airflow/.local/lib/python3.12/site-packages/airflow/example_dags/tutorial.py
[2024-10-16T13:19:52.030+0000] {processor.py:914} INFO - Processing file /home/airflow/.local/lib/python3.12/site-packages/airflow/example_dags/tutorial.py for tasks to queue
[2024-10-16T13:19:52.033+0000] {logging_mixin.py:190} INFO - [2024-10-16T13:19:52.033+0000] {dagbag.py:588} INFO - Filling up the DagBag from /home/airflow/.local/lib/python3.12/site-packages/airflow/example_dags/tutorial.py
[2024-10-16T13:19:52.042+0000] {processor.py:925} INFO - DAG(s) 'tutorial' retrieved from /home/airflow/.local/lib/python3.12/site-packages/airflow/example_dags/tutorial.py
[2024-10-16T13:19:52.069+0000] {logging_mixin.py:190} INFO - [2024-10-16T13:19:52.068+0000] {dag.py:3239} INFO - Sync 1 DAGs
[2024-10-16T13:19:52.097+0000] {logging_mixin.py:190} INFO - [2024-10-16T13:19:52.097+0000] {dag.py:4180} INFO - Setting next_dagrun for tutorial to 2024-10-15 00:00:00+00:00, run_after=2024-10-16 00:00:00+00:00
[2024-10-16T13:19:52.126+0000] {processor.py:208} INFO - Processing /home/airflow/.local/lib/python3.12/site-packages/airflow/example_dags/tutorial.py took 0.105 seconds
[2024-10-16T13:20:22.659+0000] {processor.py:186} INFO - Started process (PID=599) to work on /home/airflow/.local/lib/python3.12/site-packages/airflow/example_dags/tutorial.py
[2024-10-16T13:20:22.660+0000] {processor.py:914} INFO - Processing file /home/airflow/.local/lib/python3.12/site-packages/airflow/example_dags/tutorial.py for tasks to queue
[2024-10-16T13:20:22.663+0000] {logging_mixin.py:190} INFO - [2024-10-16T13:20:22.663+0000] {dagbag.py:588} INFO - Filling up the DagBag from /home/airflow/.local/lib/python3.12/site-packages/airflow/example_dags/tutorial.py
[2024-10-16T13:20:22.672+0000] {processor.py:925} INFO - DAG(s) 'tutorial' retrieved from /home/airflow/.local/lib/python3.12/site-packages/airflow/example_dags/tutorial.py
[2024-10-16T13:20:22.704+0000] {logging_mixin.py:190} INFO - [2024-10-16T13:20:22.703+0000] {dag.py:3239} INFO - Sync 1 DAGs
[2024-10-16T13:20:22.734+0000] {logging_mixin.py:190} INFO - [2024-10-16T13:20:22.734+0000] {dag.py:4180} INFO - Setting next_dagrun for tutorial to 2024-10-15 00:00:00+00:00, run_after=2024-10-16 00:00:00+00:00
[2024-10-16T13:20:22.769+0000] {processor.py:208} INFO - Processing /home/airflow/.local/lib/python3.12/site-packages/airflow/example_dags/tutorial.py took 0.120 seconds
[2024-10-16T13:22:02.820+0000] {processor.py:186} INFO - Started process (PID=94) to work on /home/airflow/.local/lib/python3.12/site-packages/airflow/example_dags/tutorial.py
[2024-10-16T13:22:02.822+0000] {processor.py:914} INFO - Processing file /home/airflow/.local/lib/python3.12/site-packages/airflow/example_dags/tutorial.py for tasks to queue
[2024-10-16T13:22:02.824+0000] {logging_mixin.py:190} INFO - [2024-10-16T13:22:02.824+0000] {dagbag.py:588} INFO - Filling up the DagBag from /home/airflow/.local/lib/python3.12/site-packages/airflow/example_dags/tutorial.py
[2024-10-16T13:22:02.834+0000] {processor.py:925} INFO - DAG(s) 'tutorial' retrieved from /home/airflow/.local/lib/python3.12/site-packages/airflow/example_dags/tutorial.py
[2024-10-16T13:22:02.938+0000] {logging_mixin.py:190} INFO - [2024-10-16T13:22:02.937+0000] {override.py:1900} INFO - Created Permission View: can edit on DAG:tutorial
[2024-10-16T13:22:02.947+0000] {logging_mixin.py:190} INFO - [2024-10-16T13:22:02.946+0000] {override.py:1900} INFO - Created Permission View: can read on DAG:tutorial
[2024-10-16T13:22:02.953+0000] {logging_mixin.py:190} INFO - [2024-10-16T13:22:02.953+0000] {override.py:1900} INFO - Created Permission View: can delete on DAG:tutorial
[2024-10-16T13:22:02.960+0000] {logging_mixin.py:190} INFO - [2024-10-16T13:22:02.960+0000] {override.py:1900} INFO - Created Permission View: can delete on DAG Run:tutorial
[2024-10-16T13:22:02.967+0000] {logging_mixin.py:190} INFO - [2024-10-16T13:22:02.967+0000] {override.py:1900} INFO - Created Permission View: can read on DAG Run:tutorial
[2024-10-16T13:22:02.975+0000] {logging_mixin.py:190} INFO - [2024-10-16T13:22:02.975+0000] {override.py:1900} INFO - Created Permission View: menu access on DAG Run:tutorial
[2024-10-16T13:22:02.981+0000] {logging_mixin.py:190} INFO - [2024-10-16T13:22:02.981+0000] {override.py:1900} INFO - Created Permission View: can create on DAG Run:tutorial
[2024-10-16T13:22:02.982+0000] {logging_mixin.py:190} INFO - [2024-10-16T13:22:02.982+0000] {dag.py:3239} INFO - Sync 1 DAGs
[2024-10-16T13:22:02.995+0000] {logging_mixin.py:190} INFO - [2024-10-16T13:22:02.995+0000] {dag.py:3262} INFO - Creating ORM DAG for tutorial
[2024-10-16T13:22:03.010+0000] {logging_mixin.py:190} INFO - [2024-10-16T13:22:03.010+0000] {dag.py:4180} INFO - Setting next_dagrun for tutorial to 2024-10-15 00:00:00+00:00, run_after=2024-10-16 00:00:00+00:00
[2024-10-16T13:22:03.032+0000] {processor.py:208} INFO - Processing /home/airflow/.local/lib/python3.12/site-packages/airflow/example_dags/tutorial.py took 0.220 seconds
[2024-10-16T13:22:33.708+0000] {processor.py:186} INFO - Started process (PID=160) to work on /home/airflow/.local/lib/python3.12/site-packages/airflow/example_dags/tutorial.py
[2024-10-16T13:22:33.709+0000] {processor.py:914} INFO - Processing file /home/airflow/.local/lib/python3.12/site-packages/airflow/example_dags/tutorial.py for tasks to queue
[2024-10-16T13:22:33.714+0000] {logging_mixin.py:190} INFO - [2024-10-16T13:22:33.713+0000] {dagbag.py:588} INFO - Filling up the DagBag from /home/airflow/.local/lib/python3.12/site-packages/airflow/example_dags/tutorial.py
[2024-10-16T13:22:33.724+0000] {processor.py:925} INFO - DAG(s) 'tutorial' retrieved from /home/airflow/.local/lib/python3.12/site-packages/airflow/example_dags/tutorial.py
[2024-10-16T13:22:33.758+0000] {logging_mixin.py:190} INFO - [2024-10-16T13:22:33.758+0000] {dag.py:3239} INFO - Sync 1 DAGs
[2024-10-16T13:22:33.791+0000] {logging_mixin.py:190} INFO - [2024-10-16T13:22:33.790+0000] {dag.py:4180} INFO - Setting next_dagrun for tutorial to 2024-10-15 00:00:00+00:00, run_after=2024-10-16 00:00:00+00:00
[2024-10-16T13:22:33.823+0000] {processor.py:208} INFO - Processing /home/airflow/.local/lib/python3.12/site-packages/airflow/example_dags/tutorial.py took 0.124 seconds
[2024-10-16T13:23:04.202+0000] {processor.py:186} INFO - Started process (PID=220) to work on /home/airflow/.local/lib/python3.12/site-packages/airflow/example_dags/tutorial.py
[2024-10-16T13:23:04.203+0000] {processor.py:914} INFO - Processing file /home/airflow/.local/lib/python3.12/site-packages/airflow/example_dags/tutorial.py for tasks to queue
[2024-10-16T13:23:04.205+0000] {logging_mixin.py:190} INFO - [2024-10-16T13:23:04.205+0000] {dagbag.py:588} INFO - Filling up the DagBag from /home/airflow/.local/lib/python3.12/site-packages/airflow/example_dags/tutorial.py
[2024-10-16T13:23:04.212+0000] {processor.py:925} INFO - DAG(s) 'tutorial' retrieved from /home/airflow/.local/lib/python3.12/site-packages/airflow/example_dags/tutorial.py
[2024-10-16T13:23:04.237+0000] {logging_mixin.py:190} INFO - [2024-10-16T13:23:04.237+0000] {dag.py:3239} INFO - Sync 1 DAGs
[2024-10-16T13:23:04.256+0000] {logging_mixin.py:190} INFO - [2024-10-16T13:23:04.256+0000] {dag.py:4180} INFO - Setting next_dagrun for tutorial to 2024-10-15 00:00:00+00:00, run_after=2024-10-16 00:00:00+00:00
[2024-10-16T13:23:04.277+0000] {processor.py:208} INFO - Processing /home/airflow/.local/lib/python3.12/site-packages/airflow/example_dags/tutorial.py took 0.082 seconds
[2024-10-16T13:23:35.439+0000] {processor.py:186} INFO - Started process (PID=283) to work on /home/airflow/.local/lib/python3.12/site-packages/airflow/example_dags/tutorial.py
[2024-10-16T13:23:35.440+0000] {processor.py:914} INFO - Processing file /home/airflow/.local/lib/python3.12/site-packages/airflow/example_dags/tutorial.py for tasks to queue
[2024-10-16T13:23:35.447+0000] {logging_mixin.py:190} INFO - [2024-10-16T13:23:35.447+0000] {dagbag.py:588} INFO - Filling up the DagBag from /home/airflow/.local/lib/python3.12/site-packages/airflow/example_dags/tutorial.py
[2024-10-16T13:23:35.454+0000] {processor.py:925} INFO - DAG(s) 'tutorial' retrieved from /home/airflow/.local/lib/python3.12/site-packages/airflow/example_dags/tutorial.py
[2024-10-16T13:23:35.481+0000] {logging_mixin.py:190} INFO - [2024-10-16T13:23:35.481+0000] {dag.py:3239} INFO - Sync 1 DAGs
[2024-10-16T13:23:35.501+0000] {logging_mixin.py:190} INFO - [2024-10-16T13:23:35.501+0000] {dag.py:4180} INFO - Setting next_dagrun for tutorial to 2024-10-15 00:00:00+00:00, run_after=2024-10-16 00:00:00+00:00
[2024-10-16T13:23:35.522+0000] {processor.py:208} INFO - Processing /home/airflow/.local/lib/python3.12/site-packages/airflow/example_dags/tutorial.py took 0.088 seconds
